{"testcasedatas":[{"firstjacocotime":5.633,"tagname":"0","firstexecutionsuccess":false,"firsttestcasepath":"\\testcase\\interestcases\\testcase1_2_023.py","firstconsumedtime":63.754,"firstlocpath":"\\exeresult\\interestresult\\1_2_023.txt","firstcoveragepath":"\\coverage\\interestcoverage\\coverage1_2_023.ec","firsterrorlog":"FAILstr(e):\t\tMessage: An element could not be located on the page using the given search parameters.repr(e):\tNoSuchElementException()Traceback (most recent call last):  File \"\\testcase\\interestcases\\testcase1_2_023.py\", line 144, in <module>    element = getElememt(driver, \"new UiSelector().resourceId(\\\"org.tint:id\/BookmarkRow.Thumbnail\\\").className(\\\"android.widget.ImageView\\\")\")  File \"\\testcase\\interestcases\\testcase1_2_023.py\", line 34, in getElememt    element = driver.find_element_by_android_uiautomator(str)  File \"C:\\Python27\\lib\\site-packages\\appium\\webdriver\\webdriver.py\", line 327, in find_element_by_android_uiautomator    return self.find_element(by=By.ANDROID_UIAUTOMATOR, value=uia_string)  File \"C:\\Python27\\lib\\site-packages\\appium\\webdriver\\webdriver.py\", line 219, in find_element    'value': value})['value']  File \"C:\\Python27\\lib\\site-packages\\selenium\\webdriver\\remote\\webdriver.py\", line 321, in execute    self.error_handler.check_response(response)  File \"C:\\Python27\\lib\\site-packages\\appium\\webdriver\\errorhandler.py\", line 29, in check_response    raise wdeNoSuchElementException: Message: An element could not be located on the page using the given search parameters."},{"firstjacocotime":5.6309996,"tagname":"1","firstexecutionsuccess":false,"firsttestcasepath":"\\testcase\\interestcases\\testcase2_1_023.py","firstconsumedtime":52.836,"firstlocpath":"\\exeresult\\interestresult\\2_1_023.txt","firstcoveragepath":"\\coverage\\interestcoverage\\coverage2_1_023.ec","firsterrorlog":"FAILstr(e):\t\tMessage: An element could not be located on the page using the given search parameters.repr(e):\tNoSuchElementException()Traceback (most recent call last):  File \"\\testcase\\interestcases\\testcase2_1_023.py\", line 141, in <module>    element = getElememtBack(driver, \"new UiSelector().text(\\\"Decline\\\")\", \"new UiSelector().className(\\\"android.widget.Button\\\")\")  File \"\\testcase\\interestcases\\testcase2_1_023.py\", line 53, in getElememtBack    element = driver.find_element_by_android_uiautomator(str2)  File \"C:\\Python27\\lib\\site-packages\\appium\\webdriver\\webdriver.py\", line 327, in find_element_by_android_uiautomator    return self.find_element(by=By.ANDROID_UIAUTOMATOR, value=uia_string)  File \"C:\\Python27\\lib\\site-packages\\appium\\webdriver\\webdriver.py\", line 219, in find_element    'value': value})['value']  File \"C:\\Python27\\lib\\site-packages\\selenium\\webdriver\\remote\\webdriver.py\", line 321, in execute    self.error_handler.check_response(response)  File \"C:\\Python27\\lib\\site-packages\\appium\\webdriver\\errorhandler.py\", line 29, in check_response    raise wdeNoSuchElementException: Message: An element could not be located on the page using the given search parameters."},{"firstjacocotime":5.62,"tagname":"2","firstexecutionsuccess":false,"firsttestcasepath":"\\testcase\\interestcases\\testcase3_2_023.py","firstconsumedtime":52.35,"firstlocpath":"\\exeresult\\interestresult\\3_2_023.txt","firstcoveragepath":"\\coverage\\interestcoverage\\coverage3_2_023.ec","firsterrorlog":"FAILstr(e):\t\tMessage: An element could not be located on the page using the given search parameters.repr(e):\tNoSuchElementException()Traceback (most recent call last):  File \"\\testcase\\interestcases\\testcase3_2_023.py\", line 136, in <module>    element = getElememt(driver, \"new UiSelector().resourceId(\\\"org.tint:id\/BookmarkRow.Thumbnail\\\").className(\\\"android.widget.ImageView\\\")\")  File \"\\testcase\\interestcases\\testcase3_2_023.py\", line 34, in getElememt    element = driver.find_element_by_android_uiautomator(str)  File \"C:\\Python27\\lib\\site-packages\\appium\\webdriver\\webdriver.py\", line 327, in find_element_by_android_uiautomator    return self.find_element(by=By.ANDROID_UIAUTOMATOR, value=uia_string)  File \"C:\\Python27\\lib\\site-packages\\appium\\webdriver\\webdriver.py\", line 219, in find_element    'value': value})['value']  File \"C:\\Python27\\lib\\site-packages\\selenium\\webdriver\\remote\\webdriver.py\", line 321, in execute    self.error_handler.check_response(response)  File \"C:\\Python27\\lib\\site-packages\\appium\\webdriver\\errorhandler.py\", line 29, in check_response    raise wdeNoSuchElementException: Message: An element could not be located on the page using the given search parameters."},{"firstjacocotime":5.006,"tagname":"preference_pre_reverse","firstexecutionsuccess":true,"firsttestcasepath":"\\testcase\\allpreferencecases\\precase_log.py","firstconsumedtime":123.907,"firstlocpath":"\\exeresult\\allpreferenceresult\\preference_pre_reverse.txt","firstcoveragepath":"\\coverage\\interestallcoverage\\coveragepreference_pre_reverse.ec","firsterrorlog":null},{"firstjacocotime":5.0059996,"tagname":"preference_pre_default","firstexecutionsuccess":true,"firsttestcasepath":"\\testcase\\allpreferencecases\\defaultprecase_log.py","firstconsumedtime":447.831,"firstlocpath":"\\exeresult\\allpreferenceresult\\preference_pre_default.txt","firstcoveragepath":"\\coverage\\interestallcoverage\\coveragepreference_pre_default.ec","firsterrorlog":null}],"interestmap":[]}