{"testcasedatas":[{"firstjacocotime":5.8329997,"tagname":"22","firstexecutionsuccess":false,"firsttestcasepath":"\\testcase\\interestcases\\testcase23_5_003.py","firstconsumedtime":138.619,"firstlocpath":"\\exeresult\\interestresult\\23_5_003.txt","firstcoveragepath":"\\coverage\\interestcoverage\\coverage23_5_003.ec","firsterrorlog":"FAILstr(e):\t\tMessage: An element could not be located on the page using the given search parameters.repr(e):\tNoSuchElementException()Traceback (most recent call last):  File \"\\testcase\\interestcases\\testcase23_5_003.py\", line 169, in <module>    element = getElememtBack(driver, \"new UiSelector().text(\\\"Clock\\\")\", \"new UiSelector().className(\\\"android.widget.TextView\\\").instance(1)\")  File \"\\testcase\\interestcases\\testcase23_5_003.py\", line 53, in getElememtBack    element = driver.find_element_by_android_uiautomator(str2)  File \"C:\\Python27\\lib\\site-packages\\appium\\webdriver\\webdriver.py\", line 327, in find_element_by_android_uiautomator    return self.find_element(by=By.ANDROID_UIAUTOMATOR, value=uia_string)  File \"C:\\Python27\\lib\\site-packages\\appium\\webdriver\\webdriver.py\", line 219, in find_element    'value': value})['value']  File \"C:\\Python27\\lib\\site-packages\\selenium\\webdriver\\remote\\webdriver.py\", line 321, in execute    self.error_handler.check_response(response)  File \"C:\\Python27\\lib\\site-packages\\appium\\webdriver\\errorhandler.py\", line 29, in check_response    raise wdeNoSuchElementException: Message: An element could not be located on the page using the given search parameters."},{"firstjacocotime":5.738,"tagname":"23","firstexecutionsuccess":false,"firsttestcasepath":"\\testcase\\interestcases\\testcase24_5_003.py","firstconsumedtime":136.431,"firstlocpath":"\\exeresult\\interestresult\\24_5_003.txt","firstcoveragepath":"\\coverage\\interestcoverage\\coverage24_5_003.ec","firsterrorlog":"FAILstr(e):\t\tMessage: An element could not be located on the page using the given search parameters.repr(e):\tNoSuchElementException()Traceback (most recent call last):  File \"\\testcase\\interestcases\\testcase24_5_003.py\", line 169, in <module>    element = getElememtBack(driver, \"new UiSelector().text(\\\"Clock\\\")\", \"new UiSelector().className(\\\"android.widget.TextView\\\").instance(1)\")  File \"\\testcase\\interestcases\\testcase24_5_003.py\", line 53, in getElememtBack    element = driver.find_element_by_android_uiautomator(str2)  File \"C:\\Python27\\lib\\site-packages\\appium\\webdriver\\webdriver.py\", line 327, in find_element_by_android_uiautomator    return self.find_element(by=By.ANDROID_UIAUTOMATOR, value=uia_string)  File \"C:\\Python27\\lib\\site-packages\\appium\\webdriver\\webdriver.py\", line 219, in find_element    'value': value})['value']  File \"C:\\Python27\\lib\\site-packages\\selenium\\webdriver\\remote\\webdriver.py\", line 321, in execute    self.error_handler.check_response(response)  File \"C:\\Python27\\lib\\site-packages\\appium\\webdriver\\errorhandler.py\", line 29, in check_response    raise wdeNoSuchElementException: Message: An element could not be located on the page using the given search parameters."},{"firstjacocotime":5.003,"tagname":"preference_pre_reverse","firstexecutionsuccess":true,"firsttestcasepath":"\\testcase\\allpreferencecases\\precase_log.py","firstconsumedtime":163.578,"firstlocpath":"\\exeresult\\interestresult\\preference_pre_reverse.txt","firstcoveragepath":"\\coverage\\interestallcoverage\\coveragepreference_pre_reverse.ec","firsterrorlog":null},{"firstjacocotime":5.7799997,"tagname":"10","firstexecutionsuccess":false,"firsttestcasepath":"\\testcase\\interestcases\\testcase11_12_018.py","firstconsumedtime":63.345,"firstlocpath":"\\exeresult\\interestresult\\11_12_018.txt","firstcoveragepath":"\\coverage\\interestcoverage\\coverage11_12_018.ec","firsterrorlog":"FAILstr(e):\t\tMessage: An element could not be located on the page using the given search parameters.repr(e):\tNoSuchElementException()Traceback (most recent call last):  File \"\\testcase\\interestcases\\testcase11_12_018.py\", line 135, in <module>    element = getElememtBack(driver, \"new UiSelector().text(\\\"Search Google for \u201C12\u201D\\\")\", \"new UiSelector().className(\\\"android.widget.TextView\\\")\")  File \"\\testcase\\interestcases\\testcase11_12_018.py\", line 53, in getElememtBack    element = driver.find_element_by_android_uiautomator(str2)  File \"C:\\Python27\\lib\\site-packages\\appium\\webdriver\\webdriver.py\", line 327, in find_element_by_android_uiautomator    return self.find_element(by=By.ANDROID_UIAUTOMATOR, value=uia_string)  File \"C:\\Python27\\lib\\site-packages\\appium\\webdriver\\webdriver.py\", line 219, in find_element    'value': value})['value']  File \"C:\\Python27\\lib\\site-packages\\selenium\\webdriver\\remote\\webdriver.py\", line 321, in execute    self.error_handler.check_response(response)  File \"C:\\Python27\\lib\\site-packages\\appium\\webdriver\\errorhandler.py\", line 29, in check_response    raise wdeNoSuchElementException: Message: An element could not be located on the page using the given search parameters."},{"firstjacocotime":5.7439995,"tagname":"11","firstexecutionsuccess":true,"firsttestcasepath":"\\testcase\\interestcases\\testcase12_6_022.py","firstconsumedtime":57.628998,"firstlocpath":"\\exeresult\\interestresult\\12_6_022.txt","firstcoveragepath":"\\coverage\\interestcoverage\\coverage12_6_022.ec","firsterrorlog":null},{"firstjacocotime":6.616,"tagname":"12","firstexecutionsuccess":false,"firsttestcasepath":"\\testcase\\interestcases\\testcase13_6_021.py","firstconsumedtime":65.645004,"firstlocpath":"\\exeresult\\interestresult\\13_6_021.txt","firstcoveragepath":"\\coverage\\interestcoverage\\coverage13_6_021.ec","firsterrorlog":"FAILstr(e):\t\tMessage: An element could not be located on the page using the given search parameters.repr(e):\tNoSuchElementException()Traceback (most recent call last):  File \"\\testcase\\interestcases\\testcase13_6_021.py\", line 135, in <module>    element = getElememtBack(driver, \"new UiSelector().text(\\\"Search Google for \u201C12\u201D\\\")\", \"new UiSelector().className(\\\"android.widget.TextView\\\")\")  File \"\\testcase\\interestcases\\testcase13_6_021.py\", line 53, in getElememtBack    element = driver.find_element_by_android_uiautomator(str2)  File \"C:\\Python27\\lib\\site-packages\\appium\\webdriver\\webdriver.py\", line 327, in find_element_by_android_uiautomator    return self.find_element(by=By.ANDROID_UIAUTOMATOR, value=uia_string)  File \"C:\\Python27\\lib\\site-packages\\appium\\webdriver\\webdriver.py\", line 219, in find_element    'value': value})['value']  File \"C:\\Python27\\lib\\site-packages\\selenium\\webdriver\\remote\\webdriver.py\", line 321, in execute    self.error_handler.check_response(response)  File \"C:\\Python27\\lib\\site-packages\\appium\\webdriver\\errorhandler.py\", line 29, in check_response    raise wdeNoSuchElementException: Message: An element could not be located on the page using the given search parameters."},{"firstjacocotime":5.7440004,"tagname":"13","firstexecutionsuccess":false,"firsttestcasepath":"\\testcase\\interestcases\\testcase14_1_015.py","firstconsumedtime":39.853,"firstlocpath":"\\exeresult\\interestresult\\14_1_015.txt","firstcoveragepath":"\\coverage\\interestcoverage\\coverage14_1_015.ec","firsterrorlog":"FAILstr(e):\t\tMessage: An element could not be located on the page using the given search parameters.repr(e):\tNoSuchElementException()Traceback (most recent call last):  File \"\\testcase\\interestcases\\testcase14_1_015.py\", line 126, in <module>    element = getElememtBack(driver, \"new UiSelector().text(\\\"Search Google for \u201C12\u201D\\\")\", \"new UiSelector().className(\\\"android.widget.TextView\\\")\")  File \"\\testcase\\interestcases\\testcase14_1_015.py\", line 53, in getElememtBack    element = driver.find_element_by_android_uiautomator(str2)  File \"C:\\Python27\\lib\\site-packages\\appium\\webdriver\\webdriver.py\", line 327, in find_element_by_android_uiautomator    return self.find_element(by=By.ANDROID_UIAUTOMATOR, value=uia_string)  File \"C:\\Python27\\lib\\site-packages\\appium\\webdriver\\webdriver.py\", line 219, in find_element    'value': value})['value']  File \"C:\\Python27\\lib\\site-packages\\selenium\\webdriver\\remote\\webdriver.py\", line 321, in execute    self.error_handler.check_response(response)  File \"C:\\Python27\\lib\\site-packages\\appium\\webdriver\\errorhandler.py\", line 29, in check_response    raise wdeNoSuchElementException: Message: An element could not be located on the page using the given search parameters."},{"firstjacocotime":5.7079997,"tagname":"14","firstexecutionsuccess":false,"firsttestcasepath":"\\testcase\\interestcases\\testcase15_7_008.py","firstconsumedtime":33.93,"firstlocpath":"\\exeresult\\interestresult\\15_7_008.txt","firstcoveragepath":"\\coverage\\interestcoverage\\coverage15_7_008.ec","firsterrorlog":"FAILstr(e):\t\tMessage: An element could not be located on the page using the given search parameters.repr(e):\tNoSuchElementException()Traceback (most recent call last):  File \"\\testcase\\interestcases\\testcase15_7_008.py\", line 125, in <module>    element = getElememtBack(driver, \"new UiSelector().text(\\\"Update wallpaper\\\")\", \"new UiSelector().className(\\\"android.widget.TextView\\\").instance(1)\")  File \"\\testcase\\interestcases\\testcase15_7_008.py\", line 53, in getElememtBack    element = driver.find_element_by_android_uiautomator(str2)  File \"C:\\Python27\\lib\\site-packages\\appium\\webdriver\\webdriver.py\", line 327, in find_element_by_android_uiautomator    return self.find_element(by=By.ANDROID_UIAUTOMATOR, value=uia_string)  File \"C:\\Python27\\lib\\site-packages\\appium\\webdriver\\webdriver.py\", line 219, in find_element    'value': value})['value']  File \"C:\\Python27\\lib\\site-packages\\selenium\\webdriver\\remote\\webdriver.py\", line 321, in execute    self.error_handler.check_response(response)  File \"C:\\Python27\\lib\\site-packages\\appium\\webdriver\\errorhandler.py\", line 29, in check_response    raise wdeNoSuchElementException: Message: An element could not be located on the page using the given search parameters."},{"firstjacocotime":6.2980003,"tagname":"15","firstexecutionsuccess":true,"firsttestcasepath":"\\testcase\\interestcases\\testcase16_2_022.py","firstconsumedtime":53.556,"firstlocpath":"\\exeresult\\interestresult\\16_2_022.txt","firstcoveragepath":"\\coverage\\interestcoverage\\coverage16_2_022.ec","firsterrorlog":null},{"firstjacocotime":5.8479996,"tagname":"16","firstexecutionsuccess":true,"firsttestcasepath":"\\testcase\\interestcases\\testcase17_2_006.py","firstconsumedtime":139.511,"firstlocpath":"\\exeresult\\interestresult\\17_2_006.txt","firstcoveragepath":"\\coverage\\interestcoverage\\coverage17_2_006.ec","firsterrorlog":null},{"firstjacocotime":5.7839994,"tagname":"17","firstexecutionsuccess":false,"firsttestcasepath":"\\testcase\\interestcases\\testcase18_5_003.py","firstconsumedtime":137.711,"firstlocpath":"\\exeresult\\interestresult\\18_5_003.txt","firstcoveragepath":"\\coverage\\interestcoverage\\coverage18_5_003.ec","firsterrorlog":"FAILstr(e):\t\tMessage: An element could not be located on the page using the given search parameters.repr(e):\tNoSuchElementException()Traceback (most recent call last):  File \"\\testcase\\interestcases\\testcase18_5_003.py\", line 169, in <module>    element = getElememtBack(driver, \"new UiSelector().text(\\\"Clock\\\")\", \"new UiSelector().className(\\\"android.widget.TextView\\\").instance(1)\")  File \"\\testcase\\interestcases\\testcase18_5_003.py\", line 53, in getElememtBack    element = driver.find_element_by_android_uiautomator(str2)  File \"C:\\Python27\\lib\\site-packages\\appium\\webdriver\\webdriver.py\", line 327, in find_element_by_android_uiautomator    return self.find_element(by=By.ANDROID_UIAUTOMATOR, value=uia_string)  File \"C:\\Python27\\lib\\site-packages\\appium\\webdriver\\webdriver.py\", line 219, in find_element    'value': value})['value']  File \"C:\\Python27\\lib\\site-packages\\selenium\\webdriver\\remote\\webdriver.py\", line 321, in execute    self.error_handler.check_response(response)  File \"C:\\Python27\\lib\\site-packages\\appium\\webdriver\\errorhandler.py\", line 29, in check_response    raise wdeNoSuchElementException: Message: An element could not be located on the page using the given search parameters."},{"firstjacocotime":5.817,"tagname":"18","firstexecutionsuccess":false,"firsttestcasepath":"\\testcase\\interestcases\\testcase19_5_003.py","firstconsumedtime":134.287,"firstlocpath":"\\exeresult\\interestresult\\19_5_003.txt","firstcoveragepath":"\\coverage\\interestcoverage\\coverage19_5_003.ec","firsterrorlog":"FAILstr(e):\t\tMessage: An element could not be located on the page using the given search parameters.repr(e):\tNoSuchElementException()Traceback (most recent call last):  File \"\\testcase\\interestcases\\testcase19_5_003.py\", line 169, in <module>    element = getElememtBack(driver, \"new UiSelector().text(\\\"Clock\\\")\", \"new UiSelector().className(\\\"android.widget.TextView\\\").instance(1)\")  File \"\\testcase\\interestcases\\testcase19_5_003.py\", line 53, in getElememtBack    element = driver.find_element_by_android_uiautomator(str2)  File \"C:\\Python27\\lib\\site-packages\\appium\\webdriver\\webdriver.py\", line 327, in find_element_by_android_uiautomator    return self.find_element(by=By.ANDROID_UIAUTOMATOR, value=uia_string)  File \"C:\\Python27\\lib\\site-packages\\appium\\webdriver\\webdriver.py\", line 219, in find_element    'value': value})['value']  File \"C:\\Python27\\lib\\site-packages\\selenium\\webdriver\\remote\\webdriver.py\", line 321, in execute    self.error_handler.check_response(response)  File \"C:\\Python27\\lib\\site-packages\\appium\\webdriver\\errorhandler.py\", line 29, in check_response    raise wdeNoSuchElementException: Message: An element could not be located on the page using the given search parameters."},{"firstjacocotime":5.9519997,"tagname":"19","firstexecutionsuccess":false,"firsttestcasepath":"\\testcase\\interestcases\\testcase20_5_003.py","firstconsumedtime":144.543,"firstlocpath":"\\exeresult\\interestresult\\20_5_003.txt","firstcoveragepath":"\\coverage\\interestcoverage\\coverage20_5_003.ec","firsterrorlog":"FAILstr(e):\t\tMessage: An element could not be located on the page using the given search parameters.repr(e):\tNoSuchElementException()Traceback (most recent call last):  File \"\\testcase\\interestcases\\testcase20_5_003.py\", line 169, in <module>    element = getElememtBack(driver, \"new UiSelector().text(\\\"Clock\\\")\", \"new UiSelector().className(\\\"android.widget.TextView\\\").instance(1)\")  File \"\\testcase\\interestcases\\testcase20_5_003.py\", line 53, in getElememtBack    element = driver.find_element_by_android_uiautomator(str2)  File \"C:\\Python27\\lib\\site-packages\\appium\\webdriver\\webdriver.py\", line 327, in find_element_by_android_uiautomator    return self.find_element(by=By.ANDROID_UIAUTOMATOR, value=uia_string)  File \"C:\\Python27\\lib\\site-packages\\appium\\webdriver\\webdriver.py\", line 219, in find_element    'value': value})['value']  File \"C:\\Python27\\lib\\site-packages\\selenium\\webdriver\\remote\\webdriver.py\", line 321, in execute    self.error_handler.check_response(response)  File \"C:\\Python27\\lib\\site-packages\\appium\\webdriver\\errorhandler.py\", line 29, in check_response    raise wdeNoSuchElementException: Message: An element could not be located on the page using the given search parameters."},{"firstjacocotime":5.0039997,"tagname":"preference_pre_default","firstexecutionsuccess":true,"firsttestcasepath":"\\testcase\\allpreferencecases\\defaultprecase_log.py","firstconsumedtime":178.126,"firstlocpath":"\\exeresult\\interestresult\\preference_pre_default.txt","firstcoveragepath":"\\coverage\\interestallcoverage\\coveragepreference_pre_default.ec","firsterrorlog":null},{"firstjacocotime":7.426,"tagname":"0","firstexecutionsuccess":false,"firsttestcasepath":"\\testcase\\interestcases\\testcase1_2_012.py","firstconsumedtime":101.856,"firstlocpath":"\\exeresult\\interestresult\\1_2_012.txt","firstcoveragepath":"\\coverage\\interestcoverage\\coverage1_2_012.ec","firsterrorlog":"FAILstr(e):\t\tMessage: An unknown server-side error occurred while processing the command. Original error: The swipe did not complete successfullyrepr(e):\tWebDriverException()Traceback (most recent call last):  File \"\\testcase\\interestcases\\testcase1_2_012.py\", line 110, in <module>    scrollToFindElement(driver, \"new UiSelector().text(\\\"Favorites settings\\\")\").click()  File \"\\testcase\\interestcases\\testcase1_2_012.py\", line 73, in scrollToFindElement    swipe(driver, 0.5, 0.6, 0.5, 0.2)  File \"\\testcase\\interestcases\\testcase1_2_012.py\", line 65, in swipe    end_y=int(height * endyper), duration=2000)  File \"C:\\Python27\\lib\\site-packages\\appium\\webdriver\\webdriver.py\", line 548, in swipe    action.perform()  File \"C:\\Python27\\lib\\site-packages\\appium\\webdriver\\common\\touch_action.py\", line 96, in perform    self._driver.execute(Command.TOUCH_ACTION, params)  File \"C:\\Python27\\lib\\site-packages\\selenium\\webdriver\\remote\\webdriver.py\", line 321, in execute    self.error_handler.check_response(response)  File \"C:\\Python27\\lib\\site-packages\\appium\\webdriver\\errorhandler.py\", line 29, in check_response    raise wdeWebDriverException: Message: An unknown server-side error occurred while processing the command. Original error: The swipe did not complete successfullyFAILstr(e):\t\tMessage: An element could not be located on the page using the given search parameters.repr(e):\tNoSuchElementException()Traceback (most recent call last):  File \"\\testcase\\interestcases\\testcase1_2_012.py\", line 177, in <module>    element = getElememt(driver, \"new UiSelector().resourceId(\\\"fr.neamar.kiss:id\/searchEditText\\\").className(\\\"android.widget.EditText\\\")\")  File \"\\testcase\\interestcases\\testcase1_2_012.py\", line 34, in getElememt    element = driver.find_element_by_android_uiautomator(str)  File \"C:\\Python27\\lib\\site-packages\\appium\\webdriver\\webdriver.py\", line 327, in find_element_by_android_uiautomator    return self.find_element(by=By.ANDROID_UIAUTOMATOR, value=uia_string)  File \"C:\\Python27\\lib\\site-packages\\appium\\webdriver\\webdriver.py\", line 219, in find_element    'value': value})['value']  File \"C:\\Python27\\lib\\site-packages\\selenium\\webdriver\\remote\\webdriver.py\", line 321, in execute    self.error_handler.check_response(response)  File \"C:\\Python27\\lib\\site-packages\\appium\\webdriver\\errorhandler.py\", line 29, in check_response    raise wdeNoSuchElementException: Message: An element could not be located on the page using the given search parameters."},{"firstjacocotime":7.062,"tagname":"1","firstexecutionsuccess":false,"firsttestcasepath":"\\testcase\\interestcases\\testcase2_2_006.py","firstconsumedtime":147.279,"firstlocpath":"\\exeresult\\interestresult\\2_2_006.txt","firstcoveragepath":"\\coverage\\interestcoverage\\coverage2_2_006.ec","firsterrorlog":"FAILstr(e):\t\tMessage: An element could not be located on the page using the given search parameters.repr(e):\tNoSuchElementException()Traceback (most recent call last):  File \"\\testcase\\interestcases\\testcase2_2_006.py\", line 183, in <module>    element = getElememt(driver, \"new UiSelector().resourceId(\\\"fr.neamar.kiss:id\/searchEditText\\\").className(\\\"android.widget.EditText\\\")\")  File \"\\testcase\\interestcases\\testcase2_2_006.py\", line 34, in getElememt    element = driver.find_element_by_android_uiautomator(str)  File \"C:\\Python27\\lib\\site-packages\\appium\\webdriver\\webdriver.py\", line 327, in find_element_by_android_uiautomator    return self.find_element(by=By.ANDROID_UIAUTOMATOR, value=uia_string)  File \"C:\\Python27\\lib\\site-packages\\appium\\webdriver\\webdriver.py\", line 219, in find_element    'value': value})['value']  File \"C:\\Python27\\lib\\site-packages\\selenium\\webdriver\\remote\\webdriver.py\", line 321, in execute    self.error_handler.check_response(response)  File \"C:\\Python27\\lib\\site-packages\\appium\\webdriver\\errorhandler.py\", line 29, in check_response    raise wdeNoSuchElementException: Message: An element could not be located on the page using the given search parameters."},{"firstjacocotime":5.896,"tagname":"2","firstexecutionsuccess":true,"firsttestcasepath":"\\testcase\\interestcases\\testcase3_2_028.py","firstconsumedtime":110.403,"firstlocpath":"\\exeresult\\interestresult\\3_2_028.txt","firstcoveragepath":"\\coverage\\interestcoverage\\coverage3_2_028.ec","firsterrorlog":null},{"firstjacocotime":7.7159996,"tagname":"3","firstexecutionsuccess":false,"firsttestcasepath":"\\testcase\\interestcases\\testcase4_6_011.py","firstconsumedtime":104.793,"firstlocpath":"\\exeresult\\interestresult\\4_6_011.txt","firstcoveragepath":"\\coverage\\interestcoverage\\coverage4_6_011.ec","firsterrorlog":"FAILstr(e):\t\t'NoneType' object has no attribute 'click'repr(e):\tAttributeError(\"'NoneType' object has no attribute 'click'\",)Traceback (most recent call last):  File \"\\testcase\\interestcases\\testcase4_6_011.py\", line 115, in <module>    scrollToFindElement(driver, \"new UiSelector().text(\\\"Display notification icons in black\\\")\").click()AttributeError: 'NoneType' object has no attribute 'click'"},{"firstjacocotime":7.162,"tagname":"4","firstexecutionsuccess":false,"firsttestcasepath":"\\testcase\\interestcases\\testcase5_2_027.py","firstconsumedtime":73.138,"firstlocpath":"\\exeresult\\interestresult\\5_2_027.txt","firstcoveragepath":"\\coverage\\interestcoverage\\coverage5_2_027.ec","firsterrorlog":"FAILstr(e):\t\t'NoneType' object has no attribute 'click'repr(e):\tAttributeError(\"'NoneType' object has no attribute 'click'\",)Traceback (most recent call last):  File \"\\testcase\\interestcases\\testcase5_2_027.py\", line 115, in <module>    scrollToFindElement(driver, \"new UiSelector().text(\\\"Display notification icons in black\\\")\").click()AttributeError: 'NoneType' object has no attribute 'click'FAILstr(e):\t\tMessage: An element could not be located on the page using the given search parameters.repr(e):\tNoSuchElementException()Traceback (most recent call last):  File \"\\testcase\\interestcases\\testcase5_2_027.py\", line 151, in <module>    element = getElememtBack(driver, \"new UiSelector().text(\\\"KISS settings\\\")\", \"new UiSelector().className(\\\"android.widget.TextView\\\")\")  File \"\\testcase\\interestcases\\testcase5_2_027.py\", line 53, in getElememtBack    element = driver.find_element_by_android_uiautomator(str2)  File \"C:\\Python27\\lib\\site-packages\\appium\\webdriver\\webdriver.py\", line 327, in find_element_by_android_uiautomator    return self.find_element(by=By.ANDROID_UIAUTOMATOR, value=uia_string)  File \"C:\\Python27\\lib\\site-packages\\appium\\webdriver\\webdriver.py\", line 219, in find_element    'value': value})['value']  File \"C:\\Python27\\lib\\site-packages\\selenium\\webdriver\\remote\\webdriver.py\", line 321, in execute    self.error_handler.check_response(response)  File \"C:\\Python27\\lib\\site-packages\\appium\\webdriver\\errorhandler.py\", line 29, in check_response    raise wdeNoSuchElementException: Message: An element could not be located on the page using the given search parameters."},{"firstjacocotime":5.9420004,"tagname":"5","firstexecutionsuccess":false,"firsttestcasepath":"\\testcase\\interestcases\\testcase6_2_004.py","firstconsumedtime":89.443,"firstlocpath":"\\exeresult\\interestresult\\6_2_004.txt","firstcoveragepath":"\\coverage\\interestcoverage\\coverage6_2_004.ec","firsterrorlog":"FAILstr(e):\t\tMessage: An element could not be located on the page using the given search parameters.repr(e):\tNoSuchElementException()Traceback (most recent call last):  File \"\\testcase\\interestcases\\testcase6_2_004.py\", line 154, in <module>    element = getElememtBack(driver, \"new UiSelector().text(\\\"Search Google for \u201C12st\u201D\\\")\", \"new UiSelector().className(\\\"android.widget.TextView\\\")\")  File \"\\testcase\\interestcases\\testcase6_2_004.py\", line 53, in getElememtBack    element = driver.find_element_by_android_uiautomator(str2)  File \"C:\\Python27\\lib\\site-packages\\appium\\webdriver\\webdriver.py\", line 327, in find_element_by_android_uiautomator    return self.find_element(by=By.ANDROID_UIAUTOMATOR, value=uia_string)  File \"C:\\Python27\\lib\\site-packages\\appium\\webdriver\\webdriver.py\", line 219, in find_element    'value': value})['value']  File \"C:\\Python27\\lib\\site-packages\\selenium\\webdriver\\remote\\webdriver.py\", line 321, in execute    self.error_handler.check_response(response)  File \"C:\\Python27\\lib\\site-packages\\appium\\webdriver\\errorhandler.py\", line 29, in check_response    raise wdeNoSuchElementException: Message: An element could not be located on the page using the given search parameters."},{"firstjacocotime":7.391,"tagname":"6","firstexecutionsuccess":false,"firsttestcasepath":"\\testcase\\interestcases\\testcase7_11_023.py","firstconsumedtime":88.097,"firstlocpath":"\\exeresult\\interestresult\\7_11_023.txt","firstcoveragepath":"\\coverage\\interestcoverage\\coverage7_11_023.ec","firsterrorlog":"FAILstr(e):\t\tMessage: An element could not be located on the page using the given search parameters.repr(e):\tNoSuchElementException()Traceback (most recent call last):  File \"\\testcase\\interestcases\\testcase7_11_023.py\", line 151, in <module>    element = getElememtBack(driver, \"new UiSelector().text(\\\"Providers selection\\\")\", \"new UiSelector().className(\\\"android.widget.TextView\\\").instance(10)\")  File \"\\testcase\\interestcases\\testcase7_11_023.py\", line 53, in getElememtBack    element = driver.find_element_by_android_uiautomator(str2)  File \"C:\\Python27\\lib\\site-packages\\appium\\webdriver\\webdriver.py\", line 327, in find_element_by_android_uiautomator    return self.find_element(by=By.ANDROID_UIAUTOMATOR, value=uia_string)  File \"C:\\Python27\\lib\\site-packages\\appium\\webdriver\\webdriver.py\", line 219, in find_element    'value': value})['value']  File \"C:\\Python27\\lib\\site-packages\\selenium\\webdriver\\remote\\webdriver.py\", line 321, in execute    self.error_handler.check_response(response)  File \"C:\\Python27\\lib\\site-packages\\appium\\webdriver\\errorhandler.py\", line 29, in check_response    raise wdeNoSuchElementException: Message: An element could not be located on the page using the given search parameters."},{"firstjacocotime":10.563999,"tagname":"7","firstexecutionsuccess":false,"firsttestcasepath":"\\testcase\\interestcases\\testcase8_1_008.py","firstconsumedtime":124.972,"firstlocpath":"\\exeresult\\interestresult\\8_1_008.txt","firstcoveragepath":"\\coverage\\interestcoverage\\coverage8_1_008.ec","firsterrorlog":"FAILstr(e):\t\t'NoneType' object has no attribute 'click'repr(e):\tAttributeError(\"'NoneType' object has no attribute 'click'\",)Traceback (most recent call last):  File \"\\testcase\\interestcases\\testcase8_1_008.py\", line 115, in <module>    scrollToFindElement(driver, \"new UiSelector().text(\\\"Display notification icons in black\\\")\").click()AttributeError: 'NoneType' object has no attribute 'click'"},{"firstjacocotime":6.594,"tagname":"8","firstexecutionsuccess":false,"firsttestcasepath":"\\testcase\\interestcases\\testcase9_1_000.py","firstconsumedtime":71.904,"firstlocpath":"\\exeresult\\interestresult\\9_1_000.txt","firstcoveragepath":"\\coverage\\interestcoverage\\coverage9_1_000.ec","firsterrorlog":"FAILstr(e):\t\t'NoneType' object has no attribute 'click'repr(e):\tAttributeError(\"'NoneType' object has no attribute 'click'\",)Traceback (most recent call last):  File \"\\testcase\\interestcases\\testcase9_1_000.py\", line 110, in <module>    scrollToFindElement(driver, \"new UiSelector().text(\\\"Favorites settings\\\")\").click()AttributeError: 'NoneType' object has no attribute 'click'"},{"firstjacocotime":7.6159997,"tagname":"9","firstexecutionsuccess":false,"firsttestcasepath":"\\testcase\\interestcases\\testcase10_1_025.py","firstconsumedtime":84.135,"firstlocpath":"\\exeresult\\interestresult\\10_1_025.txt","firstcoveragepath":"\\coverage\\interestcoverage\\coverage10_1_025.ec","firsterrorlog":"FAILstr(e):\t\t'NoneType' object has no attribute 'click'repr(e):\tAttributeError(\"'NoneType' object has no attribute 'click'\",)Traceback (most recent call last):  File \"\\testcase\\interestcases\\testcase10_1_025.py\", line 111, in <module>    scrollToFindElement(driver, \"new UiSelector().text(\\\"Display notification icons in black\\\")\").click()AttributeError: 'NoneType' object has no attribute 'click'"},{"firstjacocotime":5.8499994,"tagname":"20","firstexecutionsuccess":false,"firsttestcasepath":"\\testcase\\interestcases\\testcase21_5_003.py","firstconsumedtime":140.268,"firstlocpath":"\\exeresult\\interestresult\\21_5_003.txt","firstcoveragepath":"\\coverage\\interestcoverage\\coverage21_5_003.ec","firsterrorlog":"FAILstr(e):\t\tMessage: An element could not be located on the page using the given search parameters.repr(e):\tNoSuchElementException()Traceback (most recent call last):  File \"\\testcase\\interestcases\\testcase21_5_003.py\", line 169, in <module>    element = getElememtBack(driver, \"new UiSelector().text(\\\"Clock\\\")\", \"new UiSelector().className(\\\"android.widget.TextView\\\").instance(1)\")  File \"\\testcase\\interestcases\\testcase21_5_003.py\", line 53, in getElememtBack    element = driver.find_element_by_android_uiautomator(str2)  File \"C:\\Python27\\lib\\site-packages\\appium\\webdriver\\webdriver.py\", line 327, in find_element_by_android_uiautomator    return self.find_element(by=By.ANDROID_UIAUTOMATOR, value=uia_string)  File \"C:\\Python27\\lib\\site-packages\\appium\\webdriver\\webdriver.py\", line 219, in find_element    'value': value})['value']  File \"C:\\Python27\\lib\\site-packages\\selenium\\webdriver\\remote\\webdriver.py\", line 321, in execute    self.error_handler.check_response(response)  File \"C:\\Python27\\lib\\site-packages\\appium\\webdriver\\errorhandler.py\", line 29, in check_response    raise wdeNoSuchElementException: Message: An element could not be located on the page using the given search parameters."},{"firstjacocotime":5.786,"tagname":"21","firstexecutionsuccess":false,"firsttestcasepath":"\\testcase\\interestcases\\testcase22_5_003.py","firstconsumedtime":136.95801,"firstlocpath":"\\exeresult\\interestresult\\22_5_003.txt","firstcoveragepath":"\\coverage\\interestcoverage\\coverage22_5_003.ec","firsterrorlog":"FAILstr(e):\t\tMessage: An element could not be located on the page using the given search parameters.repr(e):\tNoSuchElementException()Traceback (most recent call last):  File \"\\testcase\\interestcases\\testcase22_5_003.py\", line 169, in <module>    element = getElememtBack(driver, \"new UiSelector().text(\\\"Clock\\\")\", \"new UiSelector().className(\\\"android.widget.TextView\\\").instance(1)\")  File \"\\testcase\\interestcases\\testcase22_5_003.py\", line 53, in getElememtBack    element = driver.find_element_by_android_uiautomator(str2)  File \"C:\\Python27\\lib\\site-packages\\appium\\webdriver\\webdriver.py\", line 327, in find_element_by_android_uiautomator    return self.find_element(by=By.ANDROID_UIAUTOMATOR, value=uia_string)  File \"C:\\Python27\\lib\\site-packages\\appium\\webdriver\\webdriver.py\", line 219, in find_element    'value': value})['value']  File \"C:\\Python27\\lib\\site-packages\\selenium\\webdriver\\remote\\webdriver.py\", line 321, in execute    self.error_handler.check_response(response)  File \"C:\\Python27\\lib\\site-packages\\appium\\webdriver\\errorhandler.py\", line 29, in check_response    raise wdeNoSuchElementException: Message: An element could not be located on the page using the given search parameters."}],"interestmap":[]}