  interestcase preference_pre_reverse start:
cmd:[python, C:\Users\yifeiLu\Documents\TestingProjectHome\avare\testcase\allpreferencecases\precase_log.py]

OK

consumed time: 343.638000011 s

jacoco time: 5.00500011444 s

interestcase preference_pre_reverse end

  interestcase preference_pre_default start:
cmd:[python, C:\Users\yifeiLu\Documents\TestingProjectHome\avare\testcase\allpreferencecases\defaultprecase_log.py]

OK

consumed time: 291.899999857 s

jacoco time: 5.00300002098 s

interestcase preference_pre_default end

NO.0 Scene:
discovered in ineration NO. 0
origin branch is: 4152-8228 ,target branch is: 4152-8229
interests are:
DisplayIcon      Helicopter    54     null
discovered tags are : 2_027 2_028 2_029 2_023 2_024 2_025 2_026 2_020 2_021 2_022 2_016 2_017 2_018 2_019 2_012 2_013 2_014 2_015 2_010 2_011 2_009 2_005 2_006 2_007 2_008 2_001 2_002 2_003 2_004 2_000 3_028 3_029 3_026 3_027 1_019 1_017 1_018 1_015 3_020 1_016 3_021 1_013 1_014 1_011 3_024 1_012 3_025 3_022 1_010 3_023 4_003 4_004 4_005 4_006 4_007 4_008 4_009 4_000 4_001 4_002 3_017 3_018 3_015 3_016 1_028 3_019 1_029 1_026 1_027 3_010 1_024 1_025 1_022 3_013 1_023 3_014 1_020 3_011 1_021 3_012 4_014 4_015 4_016 4_017 4_018 4_019 4_010 4_011 4_012 4_013 3_006 3_007 3_004 3_005 3_008 3_009 3_002 3_003 3_000 3_001 4_025 4_026 4_027 4_028 4_029 4_020 4_021 4_022 4_023 4_024 1_008 1_009 1_006 1_007 1_004 1_005 1_002 1_003 1_000 1_001 
--------------------------------
NO.1 Scene:
discovered in ineration NO. 0
origin branch is: 502-1182 ,target branch is: 502-1183
interests are:
Root      Apps4av.org    2     null
discovered tags are : 2_012 
--------------------------------
NO.2 Scene:
discovered in ineration NO. 0
origin branch is: 4155-8234 ,target branch is: 4155-8235
interests are:
DisplayIcon      None    54     null
discovered tags are : 2_027 2_028 2_029 2_023 2_024 2_025 2_026 2_020 2_021 2_022 2_016 2_017 2_018 2_019 2_012 2_013 2_014 2_015 2_010 2_011 2_009 2_005 2_006 2_007 2_008 2_001 2_002 2_003 2_004 2_000 3_028 3_029 3_026 3_027 1_019 1_017 1_018 1_015 3_020 1_016 3_021 1_013 1_014 1_011 3_024 1_012 3_025 3_022 1_010 3_023 4_003 4_004 4_005 4_006 4_007 4_008 4_009 4_000 4_001 4_002 3_017 3_018 3_015 3_016 1_028 3_019 1_029 1_026 1_027 3_010 1_024 1_025 1_022 3_013 1_023 3_014 1_020 3_011 1_021 3_012 4_014 4_015 4_016 4_017 4_018 4_019 4_010 4_011 4_012 4_013 3_006 3_007 3_004 3_005 3_008 3_009 3_002 3_003 3_000 3_001 4_025 4_026 4_027 4_028 4_029 4_020 4_021 4_022 4_023 4_024 1_008 1_009 1_006 1_007 1_004 1_005 1_002 1_003 1_000 1_001 
--------------------------------
NO.3 Scene:
discovered in ineration NO. 0
origin branch is: 1640-3462 ,target branch is: 1640-3463
interests are:
OrientationP      Landscape    44     null
discovered tags are : 2_027 2_028 2_029 2_023 2_024 2_025 2_026 2_020 2_021 2_022 2_016 2_017 2_018 2_019 2_012 2_013 2_014 2_015 2_010 2_011 2_009 2_005 2_006 2_007 2_008 2_001 2_002 2_003 2_004 2_000 3_028 3_029 3_026 3_027 1_019 1_017 1_018 1_015 3_020 1_016 3_021 1_013 1_014 1_011 3_024 1_012 3_025 3_022 1_010 3_023 4_003 4_004 4_005 4_006 4_007 4_008 4_009 4_000 4_001 4_002 3_017 3_018 3_015 3_016 1_028 3_019 1_029 1_026 1_027 3_010 1_024 1_025 1_022 3_013 1_023 3_014 1_020 3_011 1_021 3_012 4_014 4_015 4_016 4_017 4_018 4_019 4_010 4_011 4_012 4_013 3_006 3_007 3_004 3_005 3_008 3_009 3_002 3_003 3_000 3_001 4_025 4_026 4_027 4_028 4_029 4_020 4_021 4_022 4_023 4_024 1_008 1_009 1_006 1_007 1_004 1_005 1_002 1_003 1_000 1_001 
--------------------------------
NO.4 Scene:
discovered in ineration NO. 0
origin branch is: 334_0 ,target branch is: 334_0
interests are:
Aircraft ICAO Code          69     null
discovered tags are : 4_029 2_017 4_019 2_004 4_010 2_020 4_002 3_004 3_016 1_017 1_014 1_003 3_025 3_000 3_012 
--------------------------------
NO.5 Scene:
discovered in ineration NO. 0
origin branch is: 334_1 ,target branch is: 334_1
interests are:
Aircraft ICAO Code      random    69     null
discovered tags are : 4_029 2_017 4_019 2_004 4_010 2_020 4_002 3_004 3_016 1_017 1_014 1_003 3_025 3_000 3_012 
--------------------------------
NO.6 Scene:
discovered in ineration NO. 0
origin branch is: 4565_2 ,target branch is: 4565_2
interests are:
WIFIPort          11     null
discovered tags are : 2_027 2_028 2_029 2_023 2_024 2_025 2_026 2_020 2_021 2_022 2_016 2_017 2_018 2_019 2_012 2_013 2_014 2_015 2_010 2_011 2_009 2_005 2_006 2_007 2_008 2_001 2_002 2_003 2_004 2_000 3_028 3_029 3_026 3_027 1_019 1_017 1_018 1_015 3_020 1_016 3_021 1_013 1_014 1_011 3_024 1_012 3_025 3_022 1_010 3_023 4_003 4_004 4_005 4_006 4_007 4_008 4_009 4_000 4_001 4_002 3_017 3_018 3_015 3_016 1_028 3_019 1_029 1_026 1_027 3_010 1_024 1_025 1_022 3_013 1_023 3_014 1_020 3_011 1_021 3_012 4_014 4_015 4_016 4_017 4_018 4_019 4_010 4_011 4_012 4_013 3_006 3_007 3_004 3_005 3_008 3_009 3_002 3_003 3_000 3_001 4_025 4_026 4_027 4_028 4_029 4_020 4_021 4_022 4_023 4_024 1_008 1_009 1_006 1_007 1_004 1_005 1_002 1_003 1_000 1_001 
--------------------------------
NO.7 Scene:
discovered in ineration NO. 0
origin branch is: 4565_3 ,target branch is: 4565_3
interests are:
WIFIPort      random    11     null
discovered tags are : 2_027 2_028 2_029 2_023 2_024 2_025 2_026 2_020 2_021 2_022 2_016 2_017 2_018 2_019 2_012 2_013 2_014 2_015 2_010 2_011 2_009 2_005 2_006 2_007 2_008 2_001 2_002 2_003 2_004 2_000 3_028 3_029 3_026 3_027 1_019 1_017 1_018 1_015 3_020 1_016 3_021 1_013 1_014 1_011 3_024 1_012 3_025 3_022 1_010 3_023 4_003 4_004 4_005 4_006 4_007 4_008 4_009 4_000 4_001 4_002 3_017 3_018 3_015 3_016 1_028 3_019 1_029 1_026 1_027 3_010 1_024 1_025 1_022 3_013 1_023 3_014 1_020 3_011 1_021 3_012 4_014 4_015 4_016 4_017 4_018 4_019 4_010 4_011 4_012 4_013 3_006 3_007 3_004 3_005 3_008 3_009 3_002 3_003 3_000 3_001 4_025 4_026 4_027 4_028 4_029 4_020 4_021 4_022 4_023 4_024 1_008 1_009 1_006 1_007 1_004 1_005 1_002 1_003 1_000 1_001 
--------------------------------
NO.8 Scene:
discovered in ineration NO. 0
origin branch is: 1639-3460 ,target branch is: 1639-3461
interests are:
OrientationP      Sensor    44     null
discovered tags are : 2_027 2_028 2_029 2_023 2_024 2_025 2_026 2_020 2_021 2_022 2_016 2_017 2_018 2_019 2_012 2_013 2_014 2_015 2_010 2_011 2_009 2_005 2_006 2_007 2_008 2_001 2_002 2_003 2_004 2_000 3_028 3_029 3_026 3_027 1_019 1_017 1_018 1_015 3_020 1_016 3_021 1_013 1_014 1_011 3_024 1_012 3_025 3_022 1_010 3_023 4_003 4_004 4_005 4_006 4_007 4_008 4_009 4_000 4_001 4_002 3_017 3_018 3_015 3_016 1_028 3_019 1_029 1_026 1_027 3_010 1_024 1_025 1_022 3_013 1_023 3_014 1_020 3_011 1_021 3_012 4_014 4_015 4_016 4_017 4_018 4_019 4_010 4_011 4_012 4_013 3_006 3_007 3_004 3_005 3_008 3_009 3_002 3_003 3_000 3_001 4_025 4_026 4_027 4_028 4_029 4_020 4_021 4_022 4_023 4_024 1_008 1_009 1_006 1_007 1_004 1_005 1_002 1_003 1_000 1_001 
--------------------------------
NO.9 Scene:
discovered in ineration NO. 0
origin branch is: 5169-9982 ,target branch is: 5169-9983
interests are:
Remove Button 1 in Map (requires restart)      1    87     null
discovered tags are : 2_027 2_028 2_029 2_023 2_024 2_025 2_026 2_020 2_021 2_022 2_016 2_017 2_018 2_019 2_012 2_013 2_014 2_015 2_010 2_011 2_009 2_005 2_006 2_007 2_008 2_001 2_002 2_003 2_004 2_000 3_028 3_029 3_026 3_027 1_019 1_017 1_018 1_015 3_020 1_016 3_021 1_013 1_014 1_011 3_024 1_012 3_025 3_022 1_010 3_023 4_003 4_004 4_005 4_006 4_007 4_008 4_009 4_000 4_001 4_002 3_017 3_018 3_015 3_016 1_028 3_019 1_029 1_026 1_027 3_010 1_024 1_025 1_022 3_013 1_023 3_014 1_020 3_011 1_021 3_012 4_014 4_015 4_016 4_017 4_018 4_019 4_010 4_011 4_012 4_013 3_006 3_007 3_004 3_005 3_008 3_009 3_002 3_003 3_000 3_001 4_025 4_026 4_027 4_028 4_029 4_020 4_021 4_022 4_023 4_024 1_008 1_009 1_006 1_007 1_004 1_005 1_002 1_003 1_000 1_001 
--------------------------------
NO.10 Scene:
discovered in ineration NO. 0
origin branch is: 4682-9155 ,target branch is: 4682-9156
interests are:
Night Mode      1    45     null
discovered tags are : 2_027 2_029 2_023 2_024 2_025 2_026 2_020 2_022 2_016 2_017 2_019 2_012 2_013 2_014 2_015 2_010 2_011 2_009 2_006 2_007 2_008 2_001 2_002 2_004 2_000 3_028 3_029 3_026 3_027 1_019 1_017 1_018 1_015 3_020 1_016 3_021 1_013 1_014 1_011 3_024 1_012 3_025 3_022 1_010 4_003 4_004 4_005 4_006 4_007 4_008 4_009 4_000 4_001 4_002 3_017 3_018 3_016 1_028 3_019 1_029 1_026 1_027 3_010 1_024 1_025 1_022 3_013 1_023 3_014 1_020 3_011 1_021 3_012 4_014 4_015 4_016 4_017 4_018 4_019 4_010 4_011 4_012 4_013 3_006 3_007 3_004 3_005 3_008 3_002 3_003 3_000 3_001 4_025 4_026 4_027 4_028 4_029 4_020 4_021 4_022 4_023 4_024 1_008 1_009 1_006 1_007 1_004 1_005 1_002 1_003 1_000 1_001 
--------------------------------
NO.11 Scene:
discovered in ineration NO. 0
origin branch is: 5142-9928 ,target branch is: 5142-9929
interests are:
PlanControl      1    91     null
discovered tags are : 2_027 2_028 2_029 2_023 2_024 2_025 2_026 2_020 2_021 2_022 2_016 2_017 2_018 2_019 2_012 2_013 2_014 2_015 2_010 2_011 2_009 2_005 2_006 2_007 2_008 2_001 2_002 2_003 2_004 2_000 3_028 3_029 3_026 3_027 1_019 1_017 1_018 1_015 3_020 1_016 3_021 1_013 1_014 1_011 3_024 1_012 3_025 3_022 1_010 3_023 4_003 4_004 4_005 4_006 4_007 4_008 4_009 4_000 4_001 4_002 3_017 3_018 3_015 3_016 1_028 3_019 1_029 1_026 1_027 3_010 1_024 1_025 1_022 3_013 1_023 3_014 1_020 3_011 1_021 3_012 4_014 4_015 4_016 4_017 4_018 4_019 4_010 4_011 4_012 4_013 3_006 3_007 3_004 3_005 3_008 3_009 3_002 3_003 3_000 3_001 4_025 4_026 4_027 4_028 4_029 4_020 4_021 4_022 4_023 4_024 1_008 1_009 1_006 1_007 1_004 1_005 1_002 1_003 1_000 1_001 
--------------------------------
NO.12 Scene:
discovered in ineration NO. 0
origin branch is: 111-208 ,target branch is: 111-207
interests are:
Runway Extensions      0    50     null
discovered tags are : 2_027 2_028 2_029 2_023 2_024 2_025 2_026 2_020 2_022 2_016 2_017 2_018 2_019 2_012 2_013 2_014 2_015 2_010 2_011 2_009 2_006 2_007 2_008 2_001 2_002 2_003 2_004 2_000 3_028 3_029 3_026 3_027 1_019 1_017 1_018 1_015 3_020 1_016 3_021 1_013 1_014 1_011 3_024 1_012 3_025 3_022 1_010 3_023 4_003 4_004 4_005 4_006 4_007 4_008 4_009 4_000 4_001 4_002 3_017 3_018 3_015 3_016 3_019 1_029 1_026 1_027 3_010 1_024 1_025 1_022 3_013 1_023 3_014 1_020 3_011 1_021 3_012 4_014 4_015 4_016 4_017 4_018 4_019 4_010 4_011 4_012 4_013 3_006 3_004 3_005 3_008 3_009 3_002 3_003 3_000 3_001 4_025 4_027 4_028 4_029 4_020 4_021 4_022 4_023 4_024 1_008 1_009 1_006 1_007 1_004 1_005 1_002 1_003 1_000 1_001 
--------------------------------
NO.13 Scene:
discovered in ineration NO. 0
origin branch is: 6180-11846 ,target branch is: 6180-11847
interests are:
GameTFR      1    58     null
discovered tags are : 2_027 2_028 2_029 2_023 2_024 2_025 2_026 2_020 2_022 2_016 2_017 2_018 2_019 2_012 2_013 2_014 2_015 2_010 2_011 2_009 2_006 2_007 2_008 2_001 2_002 2_003 2_004 2_000 3_028 3_029 3_026 3_027 1_017 1_018 1_015 3_020 1_016 3_021 1_013 1_014 1_011 3_024 1_012 3_025 3_022 1_010 4_003 4_004 4_005 4_006 4_007 4_008 4_009 4_001 4_002 3_017 3_018 3_015 3_016 3_019 1_029 1_026 1_027 3_010 1_024 1_025 1_022 3_013 1_023 3_014 1_020 3_011 1_021 3_012 4_014 4_015 4_016 4_017 4_018 4_019 4_010 4_011 4_012 4_013 3_006 3_004 3_005 3_008 3_009 3_002 3_003 3_000 3_001 4_025 4_026 4_027 4_028 4_029 4_020 4_021 4_022 4_023 4_024 1_008 1_009 1_006 1_007 1_004 1_005 1_002 1_003 1_000 1_001 
--------------------------------
NO.14 Scene:
discovered in ineration NO. 0
origin branch is: 2286-4716 ,target branch is: 2286-4717
interests are:
TrkUpdShowHistory      1    61     null
discovered tags are : 2_027 2_028 2_029 2_023 2_024 2_025 2_026 2_020 2_021 2_022 2_016 2_017 2_018 2_019 2_012 2_013 2_014 2_015 2_010 2_011 2_009 2_006 2_007 2_008 2_001 2_002 2_003 2_004 2_000 3_028 3_029 3_026 3_027 1_019 1_017 1_018 1_015 3_020 1_016 3_021 1_013 1_014 1_011 3_024 1_012 3_025 3_022 1_010 3_023 4_003 4_004 4_005 4_006 4_007 4_008 4_009 4_001 4_002 3_017 3_018 3_015 3_016 3_019 1_029 1_026 1_027 3_010 1_024 1_025 1_022 3_013 1_023 3_014 1_020 3_011 1_021 3_012 4_014 4_015 4_016 4_017 4_018 4_019 4_010 4_011 4_012 4_013 3_006 3_004 3_005 3_008 3_009 3_002 3_003 3_000 3_001 4_025 4_027 4_028 4_029 4_020 4_021 4_022 4_023 4_024 1_008 1_009 1_006 1_007 1_004 1_005 1_002 1_003 1_000 1_001 
--------------------------------
NO.15 Scene:
discovered in ineration NO. 0
origin branch is: 2380-4863 ,target branch is: 2380-4862
interests are:
RubberBand      0    63     null
discovered tags are : 2_009 4_025 4_028 4_029 2_006 2_019 2_002 2_004 3_004 3_005 1_006 1_016 1_027 1_014 3_024 1_022 3_002 
--------------------------------
NO.16 Scene:
discovered in ineration NO. 0
origin branch is: 6757-12811 ,target branch is: 6757-12812
interests are:
Remove Button 1 in Plate (requires restart)      1    88     null
discovered tags are : 4_015 2_006 4_019 2_029 2_008 2_025 2_021 4_012 2_022 2_000 4_013 3_028 3_006 3_004 1_017 1_015 1_013 3_002 3_003 3_022 3_023 3_001 4_026 4_029 4_008 2_013 2_014 4_021 4_024 3_015 3_016 1_029 1_005 1_025 3_014 3_012 
--------------------------------
NO.17 Scene:
discovered in ineration NO. 0
origin branch is: 4154-8232 ,target branch is: 4154-8233
interests are:
DisplayIcon      Green Aircraft    54     null
discovered tags are : 2_027 2_028 2_029 2_023 2_024 2_025 2_026 2_020 2_021 2_022 2_016 2_017 2_018 2_019 2_012 2_013 2_014 2_015 2_010 2_011 2_009 2_005 2_006 2_007 2_008 2_001 2_002 2_003 2_004 2_000 3_028 3_029 3_026 3_027 1_019 1_017 1_018 1_015 3_020 1_016 3_021 1_013 1_014 1_011 3_024 1_012 3_025 3_022 1_010 3_023 4_003 4_004 4_005 4_006 4_007 4_008 4_009 4_000 4_001 4_002 3_017 3_018 3_015 3_016 1_028 3_019 1_029 1_026 1_027 3_010 1_024 1_025 1_022 3_013 1_023 3_014 1_020 3_011 1_021 3_012 4_014 4_015 4_016 4_017 4_018 4_019 4_010 4_011 4_012 4_013 3_006 3_007 3_004 3_005 3_008 3_009 3_002 3_003 3_000 3_001 4_025 4_026 4_027 4_028 4_029 4_020 4_021 4_022 4_023 4_024 1_008 1_009 1_006 1_007 1_004 1_005 1_002 1_003 1_000 1_001 
--------------------------------
NO.18 Scene:
discovered in ineration NO. 0
origin branch is: 5339-10300 ,target branch is: 5339-10299
interests are:
GpsTime      1    7     null
discovered tags are : 2_028 2_029 2_023 2_024 2_025 2_026 2_020 2_021 2_022 2_016 2_017 2_019 2_012 2_013 2_014 2_015 2_010 2_011 2_009 2_005 2_006 2_008 2_001 2_002 2_003 2_004 2_000 3_028 3_029 3_027 1_019 1_017 1_018 1_015 3_020 1_016 3_021 1_013 1_014 3_024 1_012 3_025 3_022 1_010 3_023 4_003 4_004 4_005 4_006 4_008 4_009 4_001 4_002 3_017 3_018 3_015 3_016 1_028 3_019 1_029 1_027 3_010 1_024 1_025 1_022 3_013 1_023 3_014 3_011 1_021 3_012 4_014 4_015 4_016 4_017 4_018 4_019 4_010 4_011 4_012 4_013 3_006 3_007 3_004 3_005 3_008 3_002 3_003 3_000 3_001 4_025 4_026 4_027 4_028 4_029 4_020 4_021 4_022 4_024 1_008 1_009 1_006 1_007 1_004 1_005 1_002 1_003 1_000 1_001 
--------------------------------
NO.19 Scene:
discovered in ineration NO. 0
origin branch is: 1645-3472 ,target branch is: 1645-3471
interests are:
Night Mode      1    45     null
discovered tags are : 2_027 2_028 2_029 2_023 2_024 2_025 2_026 2_020 2_021 2_022 2_016 2_017 2_018 2_019 2_012 2_013 2_014 2_015 2_010 2_011 2_009 2_005 2_006 2_007 2_008 2_001 2_002 2_003 2_004 2_000 3_028 3_029 3_026 3_027 1_019 1_017 1_018 1_015 3_020 1_016 3_021 1_013 1_014 1_011 3_024 1_012 3_025 3_022 1_010 3_023 4_003 4_004 4_005 4_006 4_007 4_008 4_009 4_000 4_001 4_002 3_017 3_018 3_015 3_016 1_028 3_019 1_029 1_026 1_027 3_010 1_024 1_025 1_022 3_013 1_023 3_014 1_020 3_011 1_021 3_012 4_014 4_015 4_016 4_017 4_018 4_019 4_010 4_011 4_012 4_013 3_006 3_007 3_004 3_005 3_008 3_009 3_002 3_003 3_000 3_001 4_025 4_026 4_027 4_028 4_029 4_020 4_021 4_022 4_023 4_024 1_008 1_009 1_006 1_007 1_004 1_005 1_002 1_003 1_000 1_001 
--------------------------------
NO.20 Scene:
discovered in ineration NO. 0
origin branch is: 2115-4411 ,target branch is: 2115-4410
interests are:
ADSBWeather      1    16     null
discovered tags are : 2_027 2_028 2_029 2_023 2_024 2_025 2_026 2_020 2_022 2_016 2_017 2_018 2_019 2_012 2_013 2_014 2_015 2_010 2_011 2_009 2_006 2_007 2_008 2_001 2_002 2_003 2_004 2_000 3_028 3_029 3_026 3_027 1_019 1_017 1_018 1_015 3_020 1_016 3_021 1_013 1_014 1_011 3_024 1_012 3_025 3_022 1_010 3_023 4_003 4_004 4_005 4_006 4_007 4_008 4_009 4_001 4_002 3_017 3_018 3_015 3_016 1_028 3_019 1_029 1_026 1_027 3_010 1_024 1_025 1_022 3_013 1_023 3_014 1_020 3_011 1_021 3_012 4_014 4_015 4_016 4_017 4_018 4_019 4_010 4_011 4_012 4_013 3_006 3_004 3_005 3_008 3_009 3_002 3_003 3_000 3_001 4_025 4_026 4_027 4_028 4_029 4_020 4_021 4_022 4_023 4_024 1_008 1_009 1_006 1_007 1_004 1_005 1_002 1_003 1_000 1_001 
--------------------------------
NO.21 Scene:
discovered in ineration NO. 0
origin branch is: 366-857 ,target branch is: 366-858
interests are:
DistanceRingColors      Red    32     null
discovered tags are : 4_014 4_025 4_015 4_026 4_016 4_027 4_006 4_017 4_028 4_007 4_018 4_029 4_008 4_019 4_009 4_020 4_010 4_021 4_011 4_022 4_012 4_023 4_013 4_024 
--------------------------------
NO.22 Scene:
discovered in ineration NO. 0
origin branch is: 5261-10158 ,target branch is: 5261-10159
interests are:
ass_location_gps      0    -1     null
discovered tags are : 2_027 2_028 2_029 2_023 2_024 2_025 2_026 2_020 2_021 2_022 2_016 2_017 2_018 2_019 2_012 2_013 2_014 2_015 2_010 2_011 2_009 2_005 2_006 2_007 2_008 2_001 2_002 2_003 2_004 2_000 3_028 3_029 3_026 3_027 1_019 1_017 1_018 1_015 3_020 1_016 3_021 1_013 1_014 1_011 3_024 1_012 3_025 3_022 1_010 3_023 4_003 4_004 4_005 4_006 4_007 4_008 4_009 4_000 4_001 4_002 3_017 3_018 3_015 3_016 1_028 3_019 1_029 1_026 1_027 3_010 1_024 1_025 1_022 3_013 1_023 3_014 1_020 3_011 1_021 3_012 4_014 4_015 4_016 4_017 4_018 4_019 4_010 4_011 4_012 4_013 3_006 3_007 3_004 3_005 3_008 3_009 3_002 3_003 3_000 3_001 4_025 4_026 4_027 4_028 4_029 4_020 4_021 4_022 4_023 4_024 1_008 1_009 1_006 1_007 1_004 1_005 1_002 1_003 1_000 1_001 
--------------------------------
NO.23 Scene:
discovered in ineration NO. 0
origin branch is: 542-1270 ,target branch is: 542-1269
interests are:
prefTabPfd      0    81     null
discovered tags are : 2_027 2_028 2_029 2_023 2_024 2_025 2_026 2_020 2_021 2_022 2_016 2_017 2_018 2_019 2_012 2_013 2_014 2_015 2_010 2_011 2_009 2_005 2_006 2_007 2_008 2_001 2_002 2_003 2_004 2_000 3_028 3_029 3_026 3_027 1_019 1_017 1_018 1_015 3_020 1_016 3_021 1_013 1_014 1_011 3_024 1_012 3_025 3_022 1_010 3_023 4_003 4_004 4_005 4_006 4_007 4_008 4_009 4_000 4_001 4_002 3_017 3_018 3_015 3_016 1_028 3_019 1_029 1_026 1_027 3_010 1_024 1_025 1_022 3_013 1_023 3_014 1_020 3_011 1_021 3_012 4_014 4_015 4_016 4_017 4_018 4_019 4_010 4_011 4_012 4_013 3_006 3_007 3_004 3_005 3_008 3_009 3_002 3_003 3_000 3_001 4_025 4_026 4_027 4_028 4_029 4_020 4_021 4_022 4_023 4_024 1_008 1_009 1_006 1_007 1_004 1_005 1_002 1_003 1_000 1_001 
--------------------------------
NO.24 Scene:
discovered in ineration NO. 0
origin branch is: 7365-13912 ,target branch is: 7365-13911
interests are:
DefaultAFD      1    59     null
discovered tags are : 2_027 2_028 2_029 2_023 2_024 2_026 2_020 2_021 2_022 3_028 3_029 3_026 3_027 1_019 1_017 1_018 1_015 3_020 1_016 3_021 1_013 1_014 3_024 1_012 3_022 1_010 3_023 4_004 4_005 4_006 2_016 4_007 2_017 4_008 2_018 2_019 2_012 2_013 2_014 2_015 4_000 2_011 4_002 3_017 3_018 3_015 3_016 1_028 3_019 1_029 1_026 1_024 1_025 1_022 1_023 3_014 1_020 3_011 2_009 4_016 2_005 4_018 2_006 2_007 2_008 2_001 2_002 2_003 2_004 4_010 4_011 4_012 4_013 3_006 3_007 3_005 3_009 3_002 3_000 3_001 4_027 4_020 4_022 4_023 4_024 1_008 1_009 1_006 1_007 1_004 1_005 1_003 1_000 1_001 
--------------------------------
NO.25 Scene:
discovered in ineration NO. 0
origin branch is: 5260-10157 ,target branch is: 5260-10156
interests are:
GpsOffWarn      0    8     null
discovered tags are : 2_027 2_028 2_029 2_023 2_024 2_025 2_026 2_020 2_021 2_022 2_016 2_017 2_018 2_019 2_012 2_013 2_014 2_015 2_010 2_011 2_009 2_005 2_006 2_007 2_008 2_001 2_002 2_003 2_004 2_000 3_028 3_029 3_026 3_027 1_019 1_017 1_018 1_015 3_020 1_016 3_021 1_013 1_014 1_011 3_024 1_012 3_025 3_022 1_010 3_023 4_003 4_004 4_005 4_006 4_007 4_008 4_009 4_000 4_001 4_002 3_017 3_018 3_015 3_016 1_028 3_019 1_029 1_026 1_027 3_010 1_024 1_025 1_022 3_013 1_023 3_014 1_020 3_011 1_021 3_012 4_014 4_015 4_016 4_017 4_018 4_019 4_010 4_011 4_012 4_013 3_006 3_007 3_004 3_005 3_008 3_009 3_002 3_003 3_000 3_001 4_025 4_026 4_027 4_028 4_029 4_020 4_021 4_022 4_023 4_024 1_008 1_009 1_006 1_007 1_004 1_005 1_002 1_003 1_000 1_001 
--------------------------------
NO.26 Scene:
discovered in ineration NO. 0
origin branch is: 2143-4456 ,target branch is: 2143-4457
interests are:
CAPGrids      1    49     null
discovered tags are : 2_027 2_028 2_029 2_023 2_024 2_025 2_020 2_021 2_022 2_016 2_017 2_018 2_019 2_012 2_013 2_014 2_015 2_010 2_011 2_009 2_005 2_006 2_007 2_008 2_001 2_002 2_003 2_004 2_000 3_028 3_029 3_026 3_027 1_019 1_017 1_018 1_015 1_016 3_021 1_013 1_014 1_011 3_024 1_012 3_025 3_022 1_010 4_003 4_004 4_005 4_006 4_007 4_008 4_009 4_000 4_001 4_002 3_017 3_018 3_016 1_028 3_019 1_029 1_027 3_010 1_024 1_025 1_022 3_013 1_023 3_014 1_020 3_011 1_021 3_012 4_014 4_015 4_016 4_017 4_018 4_019 4_010 4_011 4_012 4_013 3_006 3_004 3_005 3_008 3_002 3_003 3_000 3_001 4_025 4_026 4_027 4_028 4_029 4_020 4_021 4_022 4_023 4_024 1_009 1_006 1_007 1_004 1_005 1_002 1_003 1_000 1_001 
--------------------------------
NO.27 Scene:
discovered in ineration NO. 0
origin branch is: 6756-12809 ,target branch is: 6756-12810
interests are:
Remove Button 2 in Plate (requires restart)      1    89     null
discovered tags are : 4_015 2_006 4_019 2_029 2_008 2_025 2_021 4_012 2_022 2_000 4_013 3_028 3_006 3_004 1_017 1_015 1_013 3_002 3_003 3_022 3_023 3_001 4_026 4_029 4_008 2_013 2_014 4_021 4_024 3_015 3_016 1_029 1_005 1_025 3_014 3_012 
--------------------------------
NO.28 Scene:
discovered in ineration NO. 0
origin branch is: 536-1258 ,target branch is: 536-1257
interests are:
prefTabThreeD      0    82     null
discovered tags are : 2_027 2_028 2_029 2_023 2_024 2_025 2_026 2_020 2_021 2_022 2_016 2_017 2_018 2_019 2_012 2_013 2_014 2_015 2_010 2_011 2_009 2_005 2_006 2_007 2_008 2_001 2_002 2_003 2_004 2_000 3_028 3_029 3_026 3_027 1_019 1_017 1_018 1_015 3_020 1_016 3_021 1_013 1_014 1_011 3_024 1_012 3_025 3_022 1_010 3_023 4_003 4_004 4_005 4_006 4_007 4_008 4_009 4_000 4_001 4_002 3_017 3_018 3_015 3_016 1_028 3_019 1_029 1_026 1_027 3_010 1_024 1_025 1_022 3_013 1_023 3_014 1_020 3_011 1_021 3_012 4_014 4_015 4_016 4_017 4_018 4_019 4_010 4_011 4_012 4_013 3_006 3_007 3_004 3_005 3_008 3_009 3_002 3_003 3_000 3_001 4_025 4_026 4_027 4_028 4_029 4_020 4_021 4_022 4_023 4_024 1_008 1_009 1_006 1_007 1_004 1_005 1_002 1_003 1_000 1_001 
--------------------------------
NO.29 Scene:
discovered in ineration NO. 0
origin branch is: 2219-4592 ,target branch is: 2219-4593
interests are:
Obstacles      1    46     null
discovered tags are : 2_027 2_028 2_029 2_023 2_024 2_025 2_020 2_022 2_016 2_017 2_018 2_019 2_012 2_013 2_014 2_015 2_010 2_011 2_009 2_005 2_006 2_007 2_008 2_001 2_002 2_003 2_004 2_000 3_028 3_029 3_026 3_027 1_019 1_017 1_018 1_015 3_020 1_016 3_021 1_013 1_014 1_011 3_024 1_012 3_025 3_022 1_010 4_003 4_004 4_005 4_006 4_007 4_008 4_009 4_000 4_001 4_002 3_017 3_018 3_015 3_016 1_028 3_019 1_029 1_026 1_027 3_010 1_024 1_025 1_022 3_013 1_023 3_014 1_020 3_011 1_021 3_012 4_014 4_015 4_016 4_017 4_018 4_019 4_010 4_011 4_012 4_013 3_006 3_004 3_005 3_008 3_009 3_002 3_003 3_000 3_001 4_025 4_026 4_027 4_028 4_029 4_020 4_021 4_022 4_023 4_024 1_008 1_009 1_006 1_007 1_004 1_005 1_002 1_003 1_000 1_001 
--------------------------------
NO.30 Scene:
discovered in ineration NO. 0
origin branch is: 2189-4536 ,target branch is: 2189-4535
interests are:
ADSBWeather      1    16     null
discovered tags are : 2_027 2_029 2_023 2_024 2_025 2_020 2_021 2_022 2_016 2_017 2_018 2_019 2_012 2_013 2_014 2_015 2_010 2_011 2_009 2_005 2_006 2_007 2_008 2_001 2_002 2_004 2_000 3_028 3_029 3_026 3_027 1_019 1_017 1_018 1_015 3_020 1_016 3_021 1_013 1_014 1_011 3_024 1_012 3_025 3_022 1_010 3_023 4_003 4_004 4_005 4_006 4_007 4_008 4_009 4_000 4_001 4_002 3_017 3_018 3_015 3_016 1_028 3_019 1_029 1_026 1_027 3_010 1_024 1_025 1_022 3_013 1_023 3_014 1_020 3_011 1_021 3_012 4_014 4_015 4_016 4_017 4_018 4_019 4_010 4_011 4_012 4_013 3_006 3_004 3_005 3_008 3_002 3_003 3_000 3_001 4_025 4_026 4_027 4_028 4_029 4_020 4_021 4_022 4_023 4_024 1_009 1_006 1_007 1_004 1_005 1_002 1_003 1_000 1_001 
--------------------------------
NO.31 Scene:
discovered in ineration NO. 0
origin branch is: 1109-2471 ,target branch is: 1109-2470
interests are:
UseDynamicFields      0    26     null
discovered tags are : 2_009 2_002 
--------------------------------
NO.32 Scene:
discovered in ineration NO. 0
origin branch is: 1642-3467 ,target branch is: 1642-3466
interests are:
OrientationP      Landscape    44     null
discovered tags are : 2_027 2_028 2_029 2_023 2_024 2_025 2_026 2_020 2_021 2_022 2_016 2_017 2_018 2_019 2_012 2_013 2_014 2_015 2_010 2_011 2_009 2_005 2_006 2_007 2_008 2_001 2_002 2_003 2_004 2_000 3_028 3_029 3_026 3_027 1_019 1_017 1_018 1_015 3_020 1_016 3_021 1_013 1_014 1_011 3_024 1_012 3_025 3_022 1_010 3_023 4_003 4_004 4_005 4_006 4_007 4_008 4_009 4_000 4_001 4_002 3_017 3_018 3_015 3_016 1_028 3_019 1_029 1_026 1_027 3_010 1_024 1_025 1_022 3_013 1_023 3_014 1_020 3_011 1_021 3_012 4_014 4_015 4_016 4_017 4_018 4_019 4_010 4_011 4_012 4_013 3_006 3_007 3_004 3_005 3_008 3_009 3_002 3_003 3_000 3_001 4_025 4_026 4_027 4_028 4_029 4_020 4_021 4_022 4_023 4_024 1_008 1_009 1_006 1_007 1_004 1_005 1_002 1_003 1_000 1_001 
--------------------------------
NO.33 Scene:
discovered in ineration NO. 0
origin branch is: 368-861 ,target branch is: 368-862
interests are:
DistanceRingColors      Black    32     null
discovered tags are : 4_014 4_025 4_015 4_026 4_016 4_027 4_006 4_017 4_028 4_007 4_018 4_029 4_008 4_019 4_009 4_020 4_010 4_021 4_011 4_022 4_012 4_023 4_013 4_024 
--------------------------------
NO.34 Scene:
discovered in ineration NO. 0
origin branch is: 371-867 ,target branch is: 371-868
interests are:
Distance Unit      Nautical Miles    25     null
discovered tags are : 2_027 2_028 2_029 2_023 2_024 2_025 2_026 2_020 2_021 2_022 2_016 2_017 2_018 2_019 2_012 2_013 2_014 2_015 2_010 2_011 2_009 2_005 2_006 2_007 2_008 2_001 2_002 2_003 2_004 2_000 3_028 3_029 3_026 3_027 1_019 1_017 1_018 1_015 3_020 1_016 3_021 1_013 1_014 1_011 3_024 1_012 3_025 3_022 1_010 3_023 4_003 4_004 4_005 4_006 4_007 4_008 4_009 4_000 4_001 4_002 3_017 3_018 3_015 3_016 1_028 3_019 1_029 1_026 1_027 3_010 1_024 1_025 1_022 3_013 1_023 3_014 1_020 3_011 1_021 3_012 4_014 4_015 4_016 4_017 4_018 4_019 4_010 4_011 4_012 4_013 3_006 3_007 3_004 3_005 3_008 3_009 3_002 3_003 3_000 3_001 4_025 4_026 4_027 4_028 4_029 4_020 4_021 4_022 4_023 4_024 1_008 1_009 1_006 1_007 1_004 1_005 1_002 1_003 1_000 1_001 
--------------------------------
NO.35 Scene:
discovered in ineration NO. 0
origin branch is: 3180-6289 ,target branch is: 3180-6288
interests are:
Background      0    92     null
discovered tags are : 2_027 2_028 2_029 2_023 2_024 2_025 2_026 2_020 2_021 2_022 2_016 2_017 2_019 2_012 2_013 2_014 2_015 2_010 2_011 2_009 2_005 2_006 2_008 2_001 2_002 2_003 2_004 2_000 3_028 3_029 3_026 3_027 1_019 1_017 1_018 1_015 3_020 1_016 3_021 1_013 1_014 1_011 3_024 1_012 3_025 3_022 1_010 3_023 4_003 4_004 4_005 4_006 4_007 4_008 4_009 4_000 4_001 4_002 3_017 3_018 3_016 3_019 1_029 1_027 3_010 1_024 1_025 1_022 3_013 1_023 3_014 1_020 3_011 1_021 3_012 4_014 4_015 4_016 4_017 4_018 4_019 4_010 4_011 4_012 4_013 3_006 3_004 3_005 3_008 3_009 3_002 3_003 3_000 3_001 4_025 4_026 4_027 4_028 4_029 4_020 4_021 4_022 4_023 4_024 1_009 1_006 1_007 1_004 1_005 1_002 1_003 1_000 1_001 
--------------------------------
NO.36 Scene:
discovered in ineration NO. 0
origin branch is: 539-1264 ,target branch is: 539-1263
interests are:
prefTabNear      0    80     null
discovered tags are : 2_027 2_028 2_029 2_023 2_024 2_025 2_026 2_020 2_021 2_022 2_016 2_017 2_018 2_019 2_012 2_013 2_014 2_015 2_010 2_011 2_009 2_005 2_006 2_007 2_008 2_001 2_002 2_003 2_004 2_000 3_028 3_029 3_026 3_027 1_019 1_017 1_018 1_015 3_020 1_016 3_021 1_013 1_014 1_011 3_024 1_012 3_025 3_022 1_010 3_023 4_003 4_004 4_005 4_006 4_007 4_008 4_009 4_000 4_001 4_002 3_017 3_018 3_015 3_016 1_028 3_019 1_029 1_026 1_027 3_010 1_024 1_025 1_022 3_013 1_023 3_014 1_020 3_011 1_021 3_012 4_014 4_015 4_016 4_017 4_018 4_019 4_010 4_011 4_012 4_013 3_006 3_007 3_004 3_005 3_008 3_009 3_002 3_003 3_000 3_001 4_025 4_026 4_027 4_028 4_029 4_020 4_021 4_022 4_023 4_024 1_008 1_009 1_006 1_007 1_004 1_005 1_002 1_003 1_000 1_001 
--------------------------------
NO.37 Scene:
discovered in ineration NO. 0
origin branch is: 538-1262 ,target branch is: 538-1261
interests are:
prefTabWX      0    84     null
discovered tags are : 2_027 2_028 2_029 2_023 2_024 2_025 2_026 2_020 2_021 2_022 2_016 2_017 2_018 2_019 2_012 2_013 2_014 2_015 2_010 2_011 2_009 2_005 2_006 2_007 2_008 2_001 2_002 2_003 2_004 2_000 3_028 3_029 3_026 3_027 1_019 1_017 1_018 1_015 3_020 1_016 3_021 1_013 1_014 1_011 3_024 1_012 3_025 3_022 1_010 3_023 4_003 4_004 4_005 4_006 4_007 4_008 4_009 4_000 4_001 4_002 3_017 3_018 3_015 3_016 1_028 3_019 1_029 1_026 1_027 3_010 1_024 1_025 1_022 3_013 1_023 3_014 1_020 3_011 1_021 3_012 4_014 4_015 4_016 4_017 4_018 4_019 4_010 4_011 4_012 4_013 3_006 3_007 3_004 3_005 3_008 3_009 3_002 3_003 3_000 3_001 4_025 4_026 4_027 4_028 4_029 4_020 4_021 4_022 4_023 4_024 1_008 1_009 1_006 1_007 1_004 1_005 1_002 1_003 1_000 1_001 
--------------------------------
NO.38 Scene:
discovered in ineration NO. 0
origin branch is: 541-1268 ,target branch is: 541-1267
interests are:
prefTabTools      0    85     null
discovered tags are : 2_027 2_028 2_029 2_023 2_024 2_025 2_026 2_020 2_021 2_022 2_016 2_017 2_018 2_019 2_012 2_013 2_014 2_015 2_010 2_011 2_009 2_005 2_006 2_007 2_008 2_001 2_002 2_003 2_004 2_000 3_028 3_029 3_026 3_027 1_019 1_017 1_018 1_015 3_020 1_016 3_021 1_013 1_014 1_011 3_024 1_012 3_025 3_022 1_010 3_023 4_003 4_004 4_005 4_006 4_007 4_008 4_009 4_000 4_001 4_002 3_017 3_018 3_015 3_016 1_028 3_019 1_029 1_026 1_027 3_010 1_024 1_025 1_022 3_013 1_023 3_014 1_020 3_011 1_021 3_012 4_014 4_015 4_016 4_017 4_018 4_019 4_010 4_011 4_012 4_013 3_006 3_007 3_004 3_005 3_008 3_009 3_002 3_003 3_000 3_001 4_025 4_026 4_027 4_028 4_029 4_020 4_021 4_022 4_023 4_024 1_008 1_009 1_006 1_007 1_004 1_005 1_002 1_003 1_000 1_001 
--------------------------------
NO.39 Scene:
discovered in ineration NO. 0
origin branch is: 1235-2673 ,target branch is: 1235-2674
interests are:
DistanceRingType      Dynamic    31     null
discovered tags are : 4_014 4_025 4_015 4_026 4_016 4_027 4_017 4_028 4_007 4_018 4_029 4_008 4_019 4_009 4_020 4_010 4_021 4_011 4_022 4_012 4_023 4_013 4_024 
--------------------------------
NO.40 Scene:
discovered in ineration NO. 0
origin branch is: 540-1266 ,target branch is: 540-1265
interests are:
prefTabChecklist      0    83     null
discovered tags are : 2_027 2_028 2_029 2_023 2_024 2_025 2_026 2_020 2_021 2_022 2_016 2_017 2_018 2_019 2_012 2_013 2_014 2_015 2_010 2_011 2_009 2_005 2_006 2_007 2_008 2_001 2_002 2_003 2_004 2_000 3_028 3_029 3_026 3_027 1_019 1_017 1_018 1_015 3_020 1_016 3_021 1_013 1_014 1_011 3_024 1_012 3_025 3_022 1_010 3_023 4_003 4_004 4_005 4_006 4_007 4_008 4_009 4_000 4_001 4_002 3_017 3_018 3_015 3_016 1_028 3_019 1_029 1_026 1_027 3_010 1_024 1_025 1_022 3_013 1_023 3_014 1_020 3_011 1_021 3_012 4_014 4_015 4_016 4_017 4_018 4_019 4_010 4_011 4_012 4_013 3_006 3_007 3_004 3_005 3_008 3_009 3_002 3_003 3_000 3_001 4_025 4_026 4_027 4_028 4_029 4_020 4_021 4_022 4_023 4_024 1_008 1_009 1_006 1_007 1_004 1_005 1_002 1_003 1_000 1_001 
--------------------------------
NO.41 Scene:
discovered in ineration NO. 0
origin branch is: 5156-9960 ,target branch is: 5156-9961
interests are:
Leave Running      0    24     null
discovered tags are : 4_006 3_016 2_006 1_027 2_025 2_004 1_003 4_001 
--------------------------------
NO.42 Scene:
discovered in ineration NO. 0
origin branch is: 6758-12813 ,target branch is: 6758-12814
interests are:
Remove Button 3 in Plate (requires restart)      1    90     null
discovered tags are : 4_015 2_006 4_019 2_029 2_008 2_025 2_021 4_012 2_022 2_000 4_013 3_028 3_006 3_004 1_017 1_015 1_013 3_002 3_003 3_022 3_023 3_001 4_026 4_029 4_008 2_013 2_014 4_021 4_024 3_015 3_016 1_029 1_005 1_025 3_014 3_012 
--------------------------------
NO.43 Scene:
discovered in ineration NO. 0
origin branch is: 2156-4477 ,target branch is: 2156-4478
interests are:
EdgeTape      1    30     null
discovered tags are : 2_027 2_029 2_023 2_024 2_025 2_026 2_020 2_021 2_022 2_016 2_017 2_018 2_019 2_012 2_013 2_014 2_015 2_010 2_011 2_009 2_005 2_006 2_008 2_001 2_002 2_003 2_004 2_000 3_028 3_029 3_026 3_027 1_019 1_017 1_018 1_015 3_020 1_016 3_021 1_013 1_014 1_011 3_024 1_012 3_025 3_022 1_010 3_023 4_003 4_004 4_005 4_006 4_007 4_008 4_009 4_001 4_002 3_017 3_018 3_015 3_016 1_028 1_029 1_026 1_027 3_010 1_024 1_025 1_022 3_013 1_023 3_014 1_020 3_011 1_021 3_012 4_014 4_015 4_016 4_017 4_018 4_019 4_010 4_011 4_012 4_013 3_006 3_004 3_005 3_008 3_002 3_003 3_000 3_001 4_025 4_026 4_027 4_028 4_029 4_020 4_021 4_022 4_023 4_024 1_008 1_009 1_006 1_007 1_004 1_005 1_002 1_003 1_000 1_001 
--------------------------------
NO.44 Scene:
discovered in ineration NO. 0
origin branch is: 7423_4 ,target branch is: 7423_4
interests are:
ShapeFile          56     null
discovered tags are : 3_028 3_007 1_009 4_021 
--------------------------------
NO.45 Scene:
discovered in ineration NO. 0
origin branch is: 7423_5 ,target branch is: 7423_5
interests are:
ShapeFile      random    56     null
discovered tags are : 3_028 3_007 1_009 4_021 
--------------------------------
NO.46 Scene:
discovered in ineration NO. 0
origin branch is: 7423_6 ,target branch is: 7423_6
interests are:
ShapeFile      custom.shp    56     null
discovered tags are : 3_028 3_007 1_009 4_021 
--------------------------------
NO.47 Scene:
discovered in ineration NO. 0
origin branch is: 367-859 ,target branch is: 367-860
interests are:
DistanceRingColors      Blue    32     null
discovered tags are : 4_014 4_025 4_015 4_026 4_016 4_027 4_006 4_017 4_028 4_007 4_018 4_029 4_008 4_019 4_009 4_020 4_010 4_021 4_011 4_022 4_012 4_023 4_013 4_024 
--------------------------------
NO.48 Scene:
discovered in ineration NO. 0
origin branch is: 1638-3459 ,target branch is: 1638-3458
interests are:
Screen Timeout      0    43     null
discovered tags are : 2_027 2_028 2_029 2_023 2_024 2_025 2_026 2_020 2_021 2_022 2_016 2_017 2_018 2_019 2_012 2_013 2_014 2_015 2_010 2_011 2_009 2_005 2_006 2_007 2_008 2_001 2_002 2_003 2_004 2_000 3_028 3_029 3_026 3_027 1_019 1_017 1_018 1_015 3_020 1_016 3_021 1_013 1_014 1_011 3_024 1_012 3_025 3_022 1_010 3_023 4_003 4_004 4_005 4_006 4_007 4_008 4_009 4_000 4_001 4_002 3_017 3_018 3_015 3_016 1_028 3_019 1_029 1_026 1_027 3_010 1_024 1_025 1_022 3_013 1_023 3_014 1_020 3_011 1_021 3_012 4_014 4_015 4_016 4_017 4_018 4_019 4_010 4_011 4_012 4_013 3_006 3_007 3_004 3_005 3_008 3_009 3_002 3_003 3_000 3_001 4_025 4_026 4_027 4_028 4_029 4_020 4_021 4_022 4_023 4_024 1_008 1_009 1_006 1_007 1_004 1_005 1_002 1_003 1_000 1_001 
--------------------------------
NO.49 Scene:
discovered in ineration NO. 0
origin branch is: 1643-3468 ,target branch is: 1643-3469
interests are:
OrientationP      Reverse Landscape    44     null
discovered tags are : 2_027 2_028 2_029 2_023 2_024 2_025 2_026 2_020 2_021 2_022 2_016 2_017 2_018 2_019 2_012 2_013 2_014 2_015 2_010 2_011 2_009 2_005 2_006 2_007 2_008 2_001 2_002 2_003 2_004 2_000 3_028 3_029 3_026 3_027 1_019 1_017 1_018 1_015 3_020 1_016 3_021 1_013 1_014 1_011 3_024 1_012 3_025 3_022 1_010 3_023 4_003 4_004 4_005 4_006 4_007 4_008 4_009 4_000 4_001 4_002 3_017 3_018 3_015 3_016 1_028 3_019 1_029 1_026 1_027 3_010 1_024 1_025 1_022 3_013 1_023 3_014 1_020 3_011 1_021 3_012 4_014 4_015 4_016 4_017 4_018 4_019 4_010 4_011 4_012 4_013 3_006 3_007 3_004 3_005 3_008 3_009 3_002 3_003 3_000 3_001 4_025 4_026 4_027 4_028 4_029 4_020 4_021 4_022 4_023 4_024 1_008 1_009 1_006 1_007 1_004 1_005 1_002 1_003 1_000 1_001 
--------------------------------
NO.50 Scene:
discovered in ineration NO. 0
origin branch is: 5150-9945 ,target branch is: 5150-9944
interests are:
AutoPostTracks      Send email    62     null
discovered tags are : 3_017 3_005 4_009 2_000 
--------------------------------
NO.51 Scene:
discovered in ineration NO. 0
origin branch is: 2138-4448 ,target branch is: 2138-4449
interests are:
ShowCDI      1    35     null
discovered tags are : 2_027 2_028 2_029 2_023 2_024 2_025 2_026 2_020 2_021 2_022 2_016 2_017 2_019 2_012 2_013 2_014 2_015 2_010 2_011 2_009 2_005 2_006 2_007 2_008 2_001 2_002 2_003 2_004 2_000 3_028 3_029 3_026 3_027 1_019 1_017 1_018 1_015 1_016 3_021 1_013 1_014 1_011 3_024 1_012 3_025 3_022 1_010 3_023 4_003 4_004 4_005 4_006 4_007 4_008 4_009 4_000 4_001 4_002 3_017 3_018 3_015 3_016 3_019 1_029 1_026 1_027 3_010 1_024 1_025 1_022 3_013 1_023 3_014 1_020 3_011 1_021 3_012 4_014 4_015 4_016 4_017 4_018 4_019 4_010 4_011 4_012 4_013 3_006 3_004 3_005 3_008 3_009 3_002 3_003 3_000 3_001 4_025 4_026 4_027 4_028 4_029 4_020 4_021 4_022 4_023 4_024 1_009 1_006 1_007 1_004 1_005 1_002 1_003 1_000 1_001 
--------------------------------
NO.52 Scene:
discovered in ineration NO. 0
origin branch is: 2403_7 ,target branch is: 2403_7
interests are:
ShapeFile          56     null
discovered tags are : 2_009 4_014 4_016 2_008 2_023 2_001 2_003 4_011 2_022 3_028 3_007 1_019 3_009 1_015 3_020 1_013 3_022 4_004 4_005 4_027 4_006 4_009 2_014 2_015 4_020 4_021 4_022 2_010 4_002 1_009 1_028 1_007 1_026 1_004 1_024 3_013 1_000 1_001 
--------------------------------
NO.53 Scene:
discovered in ineration NO. 0
origin branch is: 2403_8 ,target branch is: 2403_8
interests are:
ShapeFile      random    56     null
discovered tags are : 2_009 4_014 4_016 2_008 2_023 2_001 2_003 4_011 2_022 3_028 3_007 1_019 3_009 1_015 3_020 1_013 3_022 4_004 4_005 4_027 4_006 4_009 2_014 2_015 4_020 4_021 4_022 2_010 4_002 1_009 1_028 1_007 1_026 1_004 1_024 3_013 1_000 1_001 
--------------------------------
NO.54 Scene:
discovered in ineration NO. 0
origin branch is: 2403_9 ,target branch is: 2403_9
interests are:
ShapeFile      custom.shp    56     null
discovered tags are : 2_009 4_014 4_016 2_008 2_023 2_001 2_003 4_011 2_022 3_028 3_007 1_019 3_009 1_015 3_020 1_013 3_022 4_004 4_005 4_027 4_006 4_009 2_014 2_015 4_020 4_021 4_022 2_010 4_002 1_009 1_028 1_007 1_026 1_004 1_024 3_013 1_000 1_001 
--------------------------------
NO.55 Scene:
discovered in ineration NO. 0
origin branch is: 543-1272 ,target branch is: 543-1271
interests are:
prefTabWnb      0    86     null
discovered tags are : 2_027 2_028 2_029 2_023 2_024 2_025 2_026 2_020 2_021 2_022 2_016 2_017 2_018 2_019 2_012 2_013 2_014 2_015 2_010 2_011 2_009 2_005 2_006 2_007 2_008 2_001 2_002 2_003 2_004 2_000 3_028 3_029 3_026 3_027 1_019 1_017 1_018 1_015 3_020 1_016 3_021 1_013 1_014 1_011 3_024 1_012 3_025 3_022 1_010 3_023 4_003 4_004 4_005 4_006 4_007 4_008 4_009 4_000 4_001 4_002 3_017 3_018 3_015 3_016 1_028 3_019 1_029 1_026 1_027 3_010 1_024 1_025 1_022 3_013 1_023 3_014 1_020 3_011 1_021 3_012 4_014 4_015 4_016 4_017 4_018 4_019 4_010 4_011 4_012 4_013 3_006 3_007 3_004 3_005 3_008 3_009 3_002 3_003 3_000 3_001 4_025 4_026 4_027 4_028 4_029 4_020 4_021 4_022 4_023 4_024 1_008 1_009 1_006 1_007 1_004 1_005 1_002 1_003 1_000 1_001 
--------------------------------
NO.56 Scene:
discovered in ineration NO. 0
origin branch is: 5286-10202 ,target branch is: 5286-10203
interests are:
ExtendInfoLines      1    93     null
discovered tags are : 4_015 2_006 4_019 2_029 2_008 2_002 2_025 2_021 4_012 2_022 2_000 4_013 3_028 3_006 3_029 3_007 3_004 1_017 1_015 1_013 3_002 3_003 3_022 3_023 3_001 4_026 4_007 4_029 4_008 2_013 2_014 4_021 4_024 3_015 3_016 1_029 1_004 1_005 1_002 1_025 3_014 3_012 
--------------------------------
NO.57 Scene:
discovered in ineration NO. 0
origin branch is: 7381-13941 ,target branch is: 7381-13940
interests are:
DefaultAFD      1    59     null
discovered tags are : 3_006 1_029 1_000 1_001 3_022 4_024 
--------------------------------
NO.58 Scene:
discovered in ineration NO. 0
origin branch is: 4153-8230 ,target branch is: 4153-8231
interests are:
DisplayIcon      Canard Aircraft    54     null
discovered tags are : 2_027 2_028 2_029 2_023 2_024 2_025 2_026 2_020 2_021 2_022 2_016 2_017 2_018 2_019 2_012 2_013 2_014 2_015 2_010 2_011 2_009 2_005 2_006 2_007 2_008 2_001 2_002 2_003 2_004 2_000 3_028 3_029 3_026 3_027 1_019 1_017 1_018 1_015 3_020 1_016 3_021 1_013 1_014 1_011 3_024 1_012 3_025 3_022 1_010 3_023 4_003 4_004 4_005 4_006 4_007 4_008 4_009 4_000 4_001 4_002 3_017 3_018 3_015 3_016 1_028 3_019 1_029 1_026 1_027 3_010 1_024 1_025 1_022 3_013 1_023 3_014 1_020 3_011 1_021 3_012 4_014 4_015 4_016 4_017 4_018 4_019 4_010 4_011 4_012 4_013 3_006 3_007 3_004 3_005 3_008 3_009 3_002 3_003 3_000 3_001 4_025 4_026 4_027 4_028 4_029 4_020 4_021 4_022 4_023 4_024 1_008 1_009 1_006 1_007 1_004 1_005 1_002 1_003 1_000 1_001 
--------------------------------
NO.59 Scene:
discovered in ineration NO. 0
origin branch is: 1279-2770 ,target branch is: 1279-2769
interests are:
useSysFont      1    95     null
discovered tags are : 2_027 2_028 2_029 2_023 2_024 2_025 2_026 2_020 2_021 2_022 2_016 2_017 2_018 2_019 2_012 2_013 2_014 2_015 2_010 2_011 2_009 2_005 2_006 2_007 2_008 2_001 2_002 2_003 2_004 2_000 3_028 3_029 3_026 3_027 1_019 1_017 1_018 1_015 3_020 1_016 3_021 1_013 1_014 1_011 3_024 1_012 3_025 3_022 1_010 3_023 4_003 4_004 4_005 4_006 4_007 4_008 4_009 4_000 4_001 4_002 3_017 3_018 3_015 3_016 1_028 3_019 1_029 1_026 1_027 3_010 1_024 1_025 1_022 3_013 1_023 3_014 1_020 3_011 1_021 3_012 4_014 4_015 4_016 4_017 4_018 4_019 4_010 4_011 4_012 4_013 3_006 3_007 3_004 3_005 3_008 3_009 3_002 3_003 3_000 3_001 4_025 4_026 4_027 4_028 4_029 4_020 4_021 4_022 4_023 4_024 1_008 1_009 1_006 1_007 1_004 1_005 1_002 1_003 1_000 1_001 
--------------------------------
NO.60 Scene:
discovered in ineration NO. 0
origin branch is: 8424-15734 ,target branch is: 8424-15735
interests are:
Leave Running      0    24     null
discovered tags are : 4_006 
--------------------------------
NO.61 Scene:
discovered in ineration NO. 0
origin branch is: 5211-10065 ,target branch is: 5211-10064
interests are:
GpsTime      1    7     null
discovered tags are : 4_014 4_017 2_001 2_025 2_003 2_022 4_013 3_028 3_007 3_027 3_005 1_018 1_015 3_020 1_016 3_021 1_013 1_014 1_010 3_023 3_001 4_004 4_026 4_005 4_027 4_009 2_014 4_020 4_022 4_023 4_002 1_028 1_006 1_007 1_004 1_027 1_005 1_002 1_025 1_001 
--------------------------------
NO.62 Scene:
discovered in ineration NO. 0
origin branch is: 2301-4740 ,target branch is: 2301-4741
interests are:
ShowCDI      1    35     null
discovered tags are : 2_027 2_028 2_029 2_023 2_024 2_025 2_026 2_020 2_021 2_022 2_016 2_017 2_019 2_012 2_013 2_014 2_015 2_010 2_011 2_009 2_005 2_006 2_007 2_008 2_001 2_002 2_003 2_004 2_000 3_028 3_029 3_026 3_027 1_019 1_017 1_018 1_015 1_016 3_021 1_013 1_014 1_011 3_024 1_012 3_025 3_022 1_010 3_023 4_003 4_004 4_005 4_006 4_007 4_008 4_009 4_000 4_001 4_002 3_017 3_018 3_015 3_016 1_029 1_026 1_027 3_010 1_024 1_025 1_022 3_013 1_023 3_014 1_020 3_011 1_021 3_012 4_014 4_015 4_016 4_017 4_018 4_019 4_010 4_011 4_012 4_013 3_006 3_004 3_005 3_008 3_009 3_002 3_003 3_000 3_001 4_025 4_026 4_027 4_028 4_029 4_020 4_021 4_022 4_023 4_024 1_009 1_006 1_007 1_004 1_005 1_002 1_003 1_000 1_001 
--------------------------------
NO.63 Scene:
discovered in ineration NO. 0
origin branch is: 643-1544 ,target branch is: 643-1543
interests are:
All Facilities      1    53     null
discovered tags are : 4_014 4_017 2_028 2_006 2_029 2_008 4_011 2_021 2_022 1_016 3_021 1_014 1_011 3_000 3_023 4_026 2_016 4_029 2_019 4_020 4_001 4_002 1_008 1_026 1_000 3_011 3_012 
--------------------------------
NO.64 Scene:
discovered in ineration NO. 0
origin branch is: 5172-9988 ,target branch is: 5172-9989
interests are:
Tip      1    28     null
discovered tags are : 2_027 2_028 2_029 2_023 2_024 2_025 2_026 2_020 2_021 2_022 2_016 2_017 2_018 2_019 2_012 2_013 2_014 2_015 2_010 2_011 2_009 2_005 2_006 2_007 2_008 2_001 2_002 2_003 2_004 2_000 3_028 3_029 3_026 3_027 1_019 1_017 1_018 1_015 3_020 1_016 3_021 1_013 1_014 1_011 3_024 1_012 3_025 3_022 1_010 3_023 4_003 4_004 4_005 4_006 4_007 4_008 4_009 4_000 4_001 4_002 3_017 3_018 3_015 3_016 1_028 3_019 1_029 1_026 1_027 3_010 1_024 1_025 1_022 3_013 1_023 3_014 1_020 3_011 1_021 3_012 4_014 4_015 4_016 4_017 4_018 4_019 4_010 4_011 4_012 4_013 3_006 3_007 3_004 3_005 3_008 3_009 3_002 3_003 3_000 3_001 4_025 4_026 4_027 4_028 4_029 4_020 4_021 4_022 4_023 4_024 1_008 1_009 1_006 1_007 1_004 1_005 1_002 1_003 1_000 1_001 
--------------------------------
index.1,  interestcase 2_002 start:
tagetlogs are:[539-1263, 2380-4862, 2115-4410, 111-207, 1109-2470, 541-1267, 543-1271, 5260-10156, 5172-9989, 5261-10159, 1640-3463, 540-1265, 7365-13911, 538-1261, 5286-10203, 2156-4478, 2138-4449, 2301-4741, 4682-9156, 5339-10299, 2143-4457, 4152-8229, 3180-6288, 1642-3466, 5142-9929, 6180-11847, 1645-3471, 2219-4593, 5169-9983, 536-1257, 1279-2769, 4565_2, 2286-4717, 371-868, 542-1269, 2189-4535, 1638-3458]
current preference, name:GpsTime, value:1
current preference, name:GpsOffWarn, value:0
current preference, name:WIFIPort, value:
current preference, name:ADSBWeather, value:1
current preference, name:Distance Unit, value:Nautical Miles
current preference, name:UseDynamicFields, value:0
current preference, name:Tip, value:1
current preference, name:EdgeTape, value:1
current preference, name:ShowCDI, value:1
current preference, name:Screen Timeout, value:0
current preference, name:OrientationP, value:Landscape
current preference, name:Night Mode, value:1
current preference, name:Obstacles, value:1
current preference, name:CAPGrids, value:1
current preference, name:Runway Extensions, value:0
current preference, name:DisplayIcon, value:Helicopter
current preference, name:GameTFR, value:1
current preference, name:DefaultAFD, value:1
current preference, name:TrkUpdShowHistory, value:1
current preference, name:RubberBand, value:0
current preference, name:prefTabNear, value:0
current preference, name:prefTabPfd, value:0
current preference, name:prefTabThreeD, value:0
current preference, name:prefTabChecklist, value:0
current preference, name:prefTabWX, value:0
current preference, name:prefTabTools, value:0
current preference, name:prefTabWnb, value:0
current preference, name:Remove Button 1 in Map (requires restart), value:1
current preference, name:PlanControl, value:1
current preference, name:Background, value:0
current preference, name:ExtendInfoLines, value:1
current preference, name:useSysFont, value:1
current systemservice, name: ass_location_gps, value: 0
cmd:[python, C:\Users\yifeiLu\Documents\TestingProjectHome\avare\testcase\interestcases\testcase0_1_2_002.py]

OK

consumed time: 153.208000183 s

jacoco time: 5.0039999485 s

FAIL

str(e):		Message: An element could not be located on the page using the given search parameters.



repr(e):	NoSuchElementException()

Traceback (most recent call last):

  File "C:\Users\yifeiLu\Documents\TestingProjectHome\avare\testcase\interestcases\testcase0_1_2_002.py", line 312, in <module>

    element = getElememtBack(driver, "new UiSelector().text(\"Tracks Off\")", "new UiSelector().className(\"android.widget.Button\").instance(1)")

  File "C:\Users\yifeiLu\Documents\TestingProjectHome\avare\testcase\interestcases\testcase0_1_2_002.py", line 53, in getElememtBack

    element = driver.find_element_by_android_uiautomator(str2)

  File "C:\Python27\lib\site-packages\appium\webdriver\webdriver.py", line 327, in find_element_by_android_uiautomator

    return self.find_element(by=By.ANDROID_UIAUTOMATOR, value=uia_string)

  File "C:\Python27\lib\site-packages\appium\webdriver\webdriver.py", line 219, in find_element

    'value': value})['value']

  File "C:\Python27\lib\site-packages\selenium\webdriver\remote\webdriver.py", line 321, in execute

    self.error_handler.check_response(response)

  File "C:\Python27\lib\site-packages\appium\webdriver\errorhandler.py", line 29, in check_response

    raise wde

NoSuchElementException: Message: An element could not be located on the page using the given search parameters.





consumed time: 21.5910000801 s

jacoco time: 5.00300002098 s

covered targets are: [539-1263, 2115-4410, 111-207, 1109-2470, 541-1267, 543-1271, 5260-10156, 5172-9989, 5261-10159, 1640-3463, 540-1265, 7365-13911, 538-1261, 2156-4478, 2138-4449, 2301-4741, 4152-8229, 3180-6288, 1642-3466, 5142-9929, 1645-3471, 5169-9983, 536-1257, 1279-2769, 4565_2, 2286-4717, 371-868, 542-1269, 1638-3458]
uncovered targets are: [2380-4862, 5286-10203, 4682-9156, 5339-10299, 2143-4457, 6180-11847, 2219-4593, 2189-4535]
interestcase 0_1_2_002 end

index.2,  interestcase 3_005 start:
tagetlogs are:[2380-4862, 5150-9944, 4682-9156, 5339-10299, 2143-4457, 4153-8231, 5211-10064, 1639-3461, 6180-11847, 2219-4593, 4565_3, 2189-4535]
current preference, name:GpsTime, value:1
current preference, name:WIFIPort, value:random
current preference, name:ADSBWeather, value:1
current preference, name:OrientationP, value:Sensor
current preference, name:Night Mode, value:1
current preference, name:Obstacles, value:1
current preference, name:CAPGrids, value:1
current preference, name:DisplayIcon, value:Canard Aircraft
current preference, name:GameTFR, value:1
current preference, name:AutoPostTracks, value:Send email
current preference, name:RubberBand, value:0
cmd:[python, C:\Users\yifeiLu\Documents\TestingProjectHome\avare\testcase\interestcases\testcase0_2_3_005.py]

OK

consumed time: 85.0839998722 s

jacoco time: 5.00300002098 s

FAIL

str(e):		Message: An element could not be located on the page using the given search parameters.



repr(e):	NoSuchElementException()

Traceback (most recent call last):

  File "C:\Users\yifeiLu\Documents\TestingProjectHome\avare\testcase\interestcases\testcase0_2_3_005.py", line 256, in <module>

    element = getElememtBack(driver, "new UiSelector().text(\"Tracks Off\")", "new UiSelector().className(\"android.widget.Button\").instance(1)")

  File "C:\Users\yifeiLu\Documents\TestingProjectHome\avare\testcase\interestcases\testcase0_2_3_005.py", line 53, in getElememtBack

    element = driver.find_element_by_android_uiautomator(str2)

  File "C:\Python27\lib\site-packages\appium\webdriver\webdriver.py", line 327, in find_element_by_android_uiautomator

    return self.find_element(by=By.ANDROID_UIAUTOMATOR, value=uia_string)

  File "C:\Python27\lib\site-packages\appium\webdriver\webdriver.py", line 219, in find_element

    'value': value})['value']

  File "C:\Python27\lib\site-packages\selenium\webdriver\remote\webdriver.py", line 321, in execute

    self.error_handler.check_response(response)

  File "C:\Python27\lib\site-packages\appium\webdriver\errorhandler.py", line 29, in check_response

    raise wde

NoSuchElementException: Message: An element could not be located on the page using the given search parameters.





consumed time: 23.9519999027 s

jacoco time: 5.00300002098 s

covered targets are: [2380-4862, 4682-9156, 5339-10299, 4153-8231, 1639-3461, 6180-11847, 4565_3]
uncovered targets are: [5150-9944, 2143-4457, 5211-10064, 2219-4593, 2189-4535]
interestcase 0_2_3_005 end

index.3,  interestcase 4_009 start:
tagetlogs are:[5150-9944, 1235-2674, 2143-4457, 367-860, 5211-10064, 4154-8233, 1643-3469, 2219-4593, 2403_7, 2189-4535]
current preference, name:GpsTime, value:1
current preference, name:ADSBWeather, value:1
current preference, name:DistanceRingType, value:Dynamic
current preference, name:DistanceRingColors, value:Blue
current preference, name:OrientationP, value:Reverse Landscape
current preference, name:Obstacles, value:1
current preference, name:CAPGrids, value:1
current preference, name:DisplayIcon, value:Green Aircraft
current preference, name:ShapeFile, value:
current preference, name:AutoPostTracks, value:Send email
cmd:[python, C:\Users\yifeiLu\Documents\TestingProjectHome\avare\testcase\interestcases\testcase0_3_4_009.py]

OK

consumed time: 78.3190000057 s

jacoco time: 5.0039999485 s

FAIL

str(e):		Message: An element could not be located on the page using the given search parameters.



repr(e):	NoSuchElementException()

Traceback (most recent call last):

  File "C:\Users\yifeiLu\Documents\TestingProjectHome\avare\testcase\interestcases\testcase0_3_4_009.py", line 257, in <module>

    element = getElememtBack(driver, "new UiSelector().text(\"IFR Area\")", "new UiSelector().className(\"android.widget.CheckedTextView\")")

  File "C:\Users\yifeiLu\Documents\TestingProjectHome\avare\testcase\interestcases\testcase0_3_4_009.py", line 53, in getElememtBack

    element = driver.find_element_by_android_uiautomator(str2)

  File "C:\Python27\lib\site-packages\appium\webdriver\webdriver.py", line 327, in find_element_by_android_uiautomator

    return self.find_element(by=By.ANDROID_UIAUTOMATOR, value=uia_string)

  File "C:\Python27\lib\site-packages\appium\webdriver\webdriver.py", line 219, in find_element

    'value': value})['value']

  File "C:\Python27\lib\site-packages\selenium\webdriver\remote\webdriver.py", line 321, in execute

    self.error_handler.check_response(response)

  File "C:\Python27\lib\site-packages\appium\webdriver\errorhandler.py", line 29, in check_response

    raise wde

NoSuchElementException: Message: An element could not be located on the page using the given search parameters.





consumed time: 20.9470000267 s

jacoco time: 5.00300002098 s

covered targets are: [1235-2674, 367-860, 4154-8233, 1643-3469, 2403_7]
uncovered targets are: [5150-9944, 2143-4457, 5211-10064, 2219-4593, 2189-4535]
interestcase 0_3_4_009 end

index.4,  interestcase 2_000 start:
tagetlogs are:[5150-9944, 5286-10203, 6757-12812, 2143-4457, 6756-12810, 2219-4593, 4155-8235, 6758-12814, 2189-4535]
current preference, name:ADSBWeather, value:1
current preference, name:Obstacles, value:1
current preference, name:CAPGrids, value:1
current preference, name:DisplayIcon, value:None
current preference, name:AutoPostTracks, value:Send email
current preference, name:Remove Button 1 in Plate (requires restart), value:1
current preference, name:Remove Button 2 in Plate (requires restart), value:1
current preference, name:Remove Button 3 in Plate (requires restart), value:1
current preference, name:ExtendInfoLines, value:1
cmd:[python, C:\Users\yifeiLu\Documents\TestingProjectHome\avare\testcase\interestcases\testcase0_4_2_000.py]

OK

consumed time: 67.7700002193 s

jacoco time: 5.00199985504 s

FAIL

str(e):		Message: An element could not be located on the page using the given search parameters.



repr(e):	NoSuchElementException()

Traceback (most recent call last):

  File "C:\Users\yifeiLu\Documents\TestingProjectHome\avare\testcase\interestcases\testcase0_4_2_000.py", line 253, in <module>

    element = getElememtBack(driver, "new UiSelector().text(\"Draw\")", "new UiSelector().className(\"android.widget.Button\").instance(1)")

  File "C:\Users\yifeiLu\Documents\TestingProjectHome\avare\testcase\interestcases\testcase0_4_2_000.py", line 53, in getElememtBack

    element = driver.find_element_by_android_uiautomator(str2)

  File "C:\Python27\lib\site-packages\appium\webdriver\webdriver.py", line 327, in find_element_by_android_uiautomator

    return self.find_element(by=By.ANDROID_UIAUTOMATOR, value=uia_string)

  File "C:\Python27\lib\site-packages\appium\webdriver\webdriver.py", line 219, in find_element

    'value': value})['value']

  File "C:\Python27\lib\site-packages\selenium\webdriver\remote\webdriver.py", line 321, in execute

    self.error_handler.check_response(response)

  File "C:\Python27\lib\site-packages\appium\webdriver\errorhandler.py", line 29, in check_response

    raise wde

NoSuchElementException: Message: An element could not be located on the page using the given search parameters.





consumed time: 23.4670000076 s

jacoco time: 5.00500011444 s

covered targets are: [4155-8235]
uncovered targets are: [5150-9944, 5286-10203, 6757-12812, 2143-4457, 6756-12810, 2219-4593, 6758-12814, 2189-4535]
interestcase 0_4_2_000 end

index.5,  interestcase 2_000 start:
tagetlogs are:[5150-9944, 5286-10203, 6757-12812, 2143-4457, 6756-12810, 2219-4593, 6758-12814, 2189-4535]
current preference, name:ADSBWeather, value:1
current preference, name:Obstacles, value:1
current preference, name:CAPGrids, value:1
current preference, name:AutoPostTracks, value:Send email
current preference, name:Remove Button 1 in Plate (requires restart), value:1
current preference, name:Remove Button 2 in Plate (requires restart), value:1
current preference, name:Remove Button 3 in Plate (requires restart), value:1
current preference, name:ExtendInfoLines, value:1
cmd:[python, C:\Users\yifeiLu\Documents\TestingProjectHome\avare\testcase\interestcases\testcase0_5_2_000.py]

OK

consumed time: 62.0559999943 s

jacoco time: 5.00400018692 s

FAIL

str(e):		Message: An element could not be located on the page using the given search parameters.



repr(e):	NoSuchElementException()

Traceback (most recent call last):

  File "C:\Users\yifeiLu\Documents\TestingProjectHome\avare\testcase\interestcases\testcase0_5_2_000.py", line 251, in <module>

    element = getElememtBack(driver, "new UiSelector().text(\"Draw\")", "new UiSelector().className(\"android.widget.Button\").instance(1)")

  File "C:\Users\yifeiLu\Documents\TestingProjectHome\avare\testcase\interestcases\testcase0_5_2_000.py", line 53, in getElememtBack

    element = driver.find_element_by_android_uiautomator(str2)

  File "C:\Python27\lib\site-packages\appium\webdriver\webdriver.py", line 327, in find_element_by_android_uiautomator

    return self.find_element(by=By.ANDROID_UIAUTOMATOR, value=uia_string)

  File "C:\Python27\lib\site-packages\appium\webdriver\webdriver.py", line 219, in find_element

    'value': value})['value']

  File "C:\Python27\lib\site-packages\selenium\webdriver\remote\webdriver.py", line 321, in execute

    self.error_handler.check_response(response)

  File "C:\Python27\lib\site-packages\appium\webdriver\errorhandler.py", line 29, in check_response

    raise wde

NoSuchElementException: Message: An element could not be located on the page using the given search parameters.





consumed time: 23.3059999943 s

jacoco time: 5.00300002098 s

covered targets are: []
uncovered targets are: [5150-9944, 5286-10203, 6757-12812, 2143-4457, 6756-12810, 2219-4593, 6758-12814, 2189-4535]
target: 5150-9944 uncovered, added to then retrial list!
target: 5286-10203 uncovered, added to then retrial list!
target: 6757-12812 uncovered, added to then retrial list!
target: 2143-4457 uncovered, added to then retrial list!
target: 6756-12810 uncovered, added to then retrial list!
target: 2219-4593 uncovered, added to then retrial list!
target: 6758-12814 uncovered, added to then retrial list!
target: 2189-4535 uncovered, added to then retrial list!
interestcase 0_5_2_000 end

index.6,  interestcase 2_012 start:
tagetlogs are:[502-1183]
current preference, name:Root, value:Apps4av.org
cmd:[python, C:\Users\yifeiLu\Documents\TestingProjectHome\avare\testcase\interestcases\testcase0_6_2_012.py]

OK

consumed time: 16.1890001297 s

jacoco time: 5.00300002098 s

FAIL

str(e):		Message: An element could not be located on the page using the given search parameters.



repr(e):	NoSuchElementException()

Traceback (most recent call last):

  File "C:\Users\yifeiLu\Documents\TestingProjectHome\avare\testcase\interestcases\testcase0_6_2_012.py", line 229, in <module>

    element = getElememtBack(driver, "new UiSelector().text(\"Download\")", "new UiSelector().className(\"android.widget.Button\").instance(2)")

  File "C:\Users\yifeiLu\Documents\TestingProjectHome\avare\testcase\interestcases\testcase0_6_2_012.py", line 53, in getElememtBack

    element = driver.find_element_by_android_uiautomator(str2)

  File "C:\Python27\lib\site-packages\appium\webdriver\webdriver.py", line 327, in find_element_by_android_uiautomator

    return self.find_element(by=By.ANDROID_UIAUTOMATOR, value=uia_string)

  File "C:\Python27\lib\site-packages\appium\webdriver\webdriver.py", line 219, in find_element

    'value': value})['value']

  File "C:\Python27\lib\site-packages\selenium\webdriver\remote\webdriver.py", line 321, in execute

    self.error_handler.check_response(response)

  File "C:\Python27\lib\site-packages\appium\webdriver\errorhandler.py", line 29, in check_response

    raise wde

NoSuchElementException: Message: An element could not be located on the page using the given search parameters.





consumed time: 28.0649998188 s

jacoco time: 5.00400018692 s

covered targets are: []
uncovered targets are: [502-1183]
target: 502-1183 uncovered, added to then retrial list!
interestcase 0_6_2_012 end

index.7,  interestcase 4_006 start:
tagetlogs are:[8424-15735, 5156-9961, 366-858, 2403_9]
current preference, name:Leave Running, value:0
current preference, name:DistanceRingColors, value:Red
current preference, name:ShapeFile, value:custom.shp
cmd:[python, C:\Users\yifeiLu\Documents\TestingProjectHome\avare\testcase\interestcases\testcase0_7_4_006.py]

FAIL

str(e):		Message: An element could not be located on the page using the given search parameters.



repr(e):	NoSuchElementException()

Traceback (most recent call last):

  File "C:\Users\yifeiLu\Documents\TestingProjectHome\avare\testcase\interestcases\testcase0_7_4_006.py", line 212, in <module>

    typeText(driver,"custom.shp")

  File "C:\Users\yifeiLu\Documents\TestingProjectHome\avare\testcase\interestcases\testcase0_7_4_006.py", line 134, in typeText

    element = getElememt(driver, "new UiSelector().className(\"android.widget.EditText\")")

  File "C:\Users\yifeiLu\Documents\TestingProjectHome\avare\testcase\interestcases\testcase0_7_4_006.py", line 34, in getElememt

    element = driver.find_element_by_android_uiautomator(str)

  File "C:\Python27\lib\site-packages\appium\webdriver\webdriver.py", line 327, in find_element_by_android_uiautomator

    return self.find_element(by=By.ANDROID_UIAUTOMATOR, value=uia_string)

  File "C:\Python27\lib\site-packages\appium\webdriver\webdriver.py", line 219, in find_element

    'value': value})['value']

  File "C:\Python27\lib\site-packages\selenium\webdriver\remote\webdriver.py", line 321, in execute

    self.error_handler.check_response(response)

  File "C:\Python27\lib\site-packages\appium\webdriver\errorhandler.py", line 29, in check_response

    raise wde

NoSuchElementException: Message: An element could not be located on the page using the given search parameters.





consumed time: 43.878000021 s

jacoco time: 5.00200009346 s

FAIL

str(e):		Message: An element could not be located on the page using the given search parameters.



repr(e):	NoSuchElementException()

Traceback (most recent call last):

  File "C:\Users\yifeiLu\Documents\TestingProjectHome\avare\testcase\interestcases\testcase0_7_4_006.py", line 235, in <module>

    element = getElememt(driver, "new UiSelector().resourceId(\"com.ds.avare:id/location_button_center\").className(\"android.widget.ImageButton\")")

  File "C:\Users\yifeiLu\Documents\TestingProjectHome\avare\testcase\interestcases\testcase0_7_4_006.py", line 34, in getElememt

    element = driver.find_element_by_android_uiautomator(str)

  File "C:\Python27\lib\site-packages\appium\webdriver\webdriver.py", line 327, in find_element_by_android_uiautomator

    return self.find_element(by=By.ANDROID_UIAUTOMATOR, value=uia_string)

  File "C:\Python27\lib\site-packages\appium\webdriver\webdriver.py", line 219, in find_element

    'value': value})['value']

  File "C:\Python27\lib\site-packages\selenium\webdriver\remote\webdriver.py", line 321, in execute

    self.error_handler.check_response(response)

  File "C:\Python27\lib\site-packages\appium\webdriver\errorhandler.py", line 29, in check_response

    raise wde

NoSuchElementException: Message: An element could not be located on the page using the given search parameters.





consumed time: 14.8720002174 s

jacoco time: 5.00299978256 s

covered targets are: [366-858, 2403_9]
uncovered targets are: [8424-15735, 5156-9961]
interestcase 0_7_4_006 end

index.8,  interestcase 4_006 start:
tagetlogs are:[8424-15735, 5156-9961, 368-862, 2403_8]
current preference, name:Leave Running, value:0
current preference, name:DistanceRingColors, value:Black
current preference, name:ShapeFile, value:random
cmd:[python, C:\Users\yifeiLu\Documents\TestingProjectHome\avare\testcase\interestcases\testcase0_8_4_006.py]

FAIL

str(e):		Message: An element could not be located on the page using the given search parameters.



repr(e):	NoSuchElementException()

Traceback (most recent call last):

  File "C:\Users\yifeiLu\Documents\TestingProjectHome\avare\testcase\interestcases\testcase0_8_4_006.py", line 212, in <module>

    typeText(driver,"random")

  File "C:\Users\yifeiLu\Documents\TestingProjectHome\avare\testcase\interestcases\testcase0_8_4_006.py", line 134, in typeText

    element = getElememt(driver, "new UiSelector().className(\"android.widget.EditText\")")

  File "C:\Users\yifeiLu\Documents\TestingProjectHome\avare\testcase\interestcases\testcase0_8_4_006.py", line 34, in getElememt

    element = driver.find_element_by_android_uiautomator(str)

  File "C:\Python27\lib\site-packages\appium\webdriver\webdriver.py", line 327, in find_element_by_android_uiautomator

    return self.find_element(by=By.ANDROID_UIAUTOMATOR, value=uia_string)

  File "C:\Python27\lib\site-packages\appium\webdriver\webdriver.py", line 219, in find_element

    'value': value})['value']

  File "C:\Python27\lib\site-packages\selenium\webdriver\remote\webdriver.py", line 321, in execute

    self.error_handler.check_response(response)

  File "C:\Python27\lib\site-packages\appium\webdriver\errorhandler.py", line 29, in check_response

    raise wde

NoSuchElementException: Message: An element could not be located on the page using the given search parameters.





consumed time: 46.4010000229 s

jacoco time: 5.0039999485 s

FAIL

str(e):		Message: An element could not be located on the page using the given search parameters.



repr(e):	NoSuchElementException()

Traceback (most recent call last):

  File "C:\Users\yifeiLu\Documents\TestingProjectHome\avare\testcase\interestcases\testcase0_8_4_006.py", line 235, in <module>

    element = getElememt(driver, "new UiSelector().resourceId(\"com.ds.avare:id/location_button_center\").className(\"android.widget.ImageButton\")")

  File "C:\Users\yifeiLu\Documents\TestingProjectHome\avare\testcase\interestcases\testcase0_8_4_006.py", line 34, in getElememt

    element = driver.find_element_by_android_uiautomator(str)

  File "C:\Python27\lib\site-packages\appium\webdriver\webdriver.py", line 327, in find_element_by_android_uiautomator

    return self.find_element(by=By.ANDROID_UIAUTOMATOR, value=uia_string)

  File "C:\Python27\lib\site-packages\appium\webdriver\webdriver.py", line 219, in find_element

    'value': value})['value']

  File "C:\Python27\lib\site-packages\selenium\webdriver\remote\webdriver.py", line 321, in execute

    self.error_handler.check_response(response)

  File "C:\Python27\lib\site-packages\appium\webdriver\errorhandler.py", line 29, in check_response

    raise wde

NoSuchElementException: Message: An element could not be located on the page using the given search parameters.





consumed time: 15.7829999924 s

jacoco time: 5.00400018692 s

covered targets are: [368-862]
uncovered targets are: [8424-15735, 5156-9961, 2403_8]
interestcase 0_8_4_006 end

index.9,  interestcase 4_006 start:
tagetlogs are:[8424-15735, 5156-9961, 2403_8]
current preference, name:Leave Running, value:0
current preference, name:ShapeFile, value:random
cmd:[python, C:\Users\yifeiLu\Documents\TestingProjectHome\avare\testcase\interestcases\testcase0_9_4_006.py]

FAIL

str(e):		Message: An element could not be located on the page using the given search parameters.



repr(e):	NoSuchElementException()

Traceback (most recent call last):

  File "C:\Users\yifeiLu\Documents\TestingProjectHome\avare\testcase\interestcases\testcase0_9_4_006.py", line 207, in <module>

    typeText(driver,"random")

  File "C:\Users\yifeiLu\Documents\TestingProjectHome\avare\testcase\interestcases\testcase0_9_4_006.py", line 134, in typeText

    element = getElememt(driver, "new UiSelector().className(\"android.widget.EditText\")")

  File "C:\Users\yifeiLu\Documents\TestingProjectHome\avare\testcase\interestcases\testcase0_9_4_006.py", line 34, in getElememt

    element = driver.find_element_by_android_uiautomator(str)

  File "C:\Python27\lib\site-packages\appium\webdriver\webdriver.py", line 327, in find_element_by_android_uiautomator

    return self.find_element(by=By.ANDROID_UIAUTOMATOR, value=uia_string)

  File "C:\Python27\lib\site-packages\appium\webdriver\webdriver.py", line 219, in find_element

    'value': value})['value']

  File "C:\Python27\lib\site-packages\selenium\webdriver\remote\webdriver.py", line 321, in execute

    self.error_handler.check_response(response)

  File "C:\Python27\lib\site-packages\appium\webdriver\errorhandler.py", line 29, in check_response

    raise wde

NoSuchElementException: Message: An element could not be located on the page using the given search parameters.





consumed time: 40.1690001488 s

jacoco time: 5.00300002098 s

FAIL

str(e):		Message: An element could not be located on the page using the given search parameters.



repr(e):	NoSuchElementException()

Traceback (most recent call last):

  File "C:\Users\yifeiLu\Documents\TestingProjectHome\avare\testcase\interestcases\testcase0_9_4_006.py", line 230, in <module>

    element = getElememt(driver, "new UiSelector().resourceId(\"com.ds.avare:id/location_button_center\").className(\"android.widget.ImageButton\")")

  File "C:\Users\yifeiLu\Documents\TestingProjectHome\avare\testcase\interestcases\testcase0_9_4_006.py", line 34, in getElememt

    element = driver.find_element_by_android_uiautomator(str)

  File "C:\Python27\lib\site-packages\appium\webdriver\webdriver.py", line 327, in find_element_by_android_uiautomator

    return self.find_element(by=By.ANDROID_UIAUTOMATOR, value=uia_string)

  File "C:\Python27\lib\site-packages\appium\webdriver\webdriver.py", line 219, in find_element

    'value': value})['value']

  File "C:\Python27\lib\site-packages\selenium\webdriver\remote\webdriver.py", line 321, in execute

    self.error_handler.check_response(response)

  File "C:\Python27\lib\site-packages\appium\webdriver\errorhandler.py", line 29, in check_response

    raise wde

NoSuchElementException: Message: An element could not be located on the page using the given search parameters.





consumed time: 19.6800000668 s

jacoco time: 5.0039999485 s

covered targets are: []
uncovered targets are: [8424-15735, 5156-9961, 2403_8]
target: 8424-15735 uncovered, added to then retrial list!
target: 5156-9961 uncovered, added to then retrial list!
loclog: 2403_8 deleted !
interestcase 0_9_4_006 end

index.10,  interestcase 1_001 start:
tagetlogs are:[7381-13940, 5211-10064]
current preference, name:GpsTime, value:1
current preference, name:DefaultAFD, value:1
cmd:[python, C:\Users\yifeiLu\Documents\TestingProjectHome\avare\testcase\interestcases\testcase0_10_1_001.py]

OK

consumed time: 42.3180000782 s

jacoco time: 5.00200009346 s

FAIL

str(e):		Message: An element could not be located on the page using the given search parameters.



repr(e):	NoSuchElementException()

Traceback (most recent call last):

  File "C:\Users\yifeiLu\Documents\TestingProjectHome\avare\testcase\interestcases\testcase0_10_1_001.py", line 230, in <module>

    element = getElememtBack(driver, "new UiSelector().text(\"Plan\")", "new UiSelector().className(\"android.widget.TextView\").instance(4)")

  File "C:\Users\yifeiLu\Documents\TestingProjectHome\avare\testcase\interestcases\testcase0_10_1_001.py", line 53, in getElememtBack

    element = driver.find_element_by_android_uiautomator(str2)

  File "C:\Python27\lib\site-packages\appium\webdriver\webdriver.py", line 327, in find_element_by_android_uiautomator

    return self.find_element(by=By.ANDROID_UIAUTOMATOR, value=uia_string)

  File "C:\Python27\lib\site-packages\appium\webdriver\webdriver.py", line 219, in find_element

    'value': value})['value']

  File "C:\Python27\lib\site-packages\selenium\webdriver\remote\webdriver.py", line 321, in execute

    self.error_handler.check_response(response)

  File "C:\Python27\lib\site-packages\appium\webdriver\errorhandler.py", line 29, in check_response

    raise wde

NoSuchElementException: Message: An element could not be located on the page using the given search parameters.





consumed time: 19.734000206 s

jacoco time: 5.00499987602 s

covered targets are: [5211-10064]
uncovered targets are: [7381-13940]
interestcase 0_10_1_001 end

index.11,  interestcase 1_000 start:
tagetlogs are:[7381-13940, 643-1543]
current preference, name:All Facilities, value:1
current preference, name:DefaultAFD, value:1
cmd:[python, C:\Users\yifeiLu\Documents\TestingProjectHome\avare\testcase\interestcases\testcase0_11_1_000.py]

OK

consumed time: 34.2090001106 s

jacoco time: 5.00300002098 s

FAIL

str(e):		Message: An element could not be located on the page using the given search parameters.



repr(e):	NoSuchElementException()

Traceback (most recent call last):

  File "C:\Users\yifeiLu\Documents\TestingProjectHome\avare\testcase\interestcases\testcase0_11_1_000.py", line 227, in <module>

    element = getElememtBack(driver, "new UiSelector().text(\"Plan\")", "new UiSelector().className(\"android.widget.TextView\").instance(4)")

  File "C:\Users\yifeiLu\Documents\TestingProjectHome\avare\testcase\interestcases\testcase0_11_1_000.py", line 53, in getElememtBack

    element = driver.find_element_by_android_uiautomator(str2)

  File "C:\Python27\lib\site-packages\appium\webdriver\webdriver.py", line 327, in find_element_by_android_uiautomator

    return self.find_element(by=By.ANDROID_UIAUTOMATOR, value=uia_string)

  File "C:\Python27\lib\site-packages\appium\webdriver\webdriver.py", line 219, in find_element

    'value': value})['value']

  File "C:\Python27\lib\site-packages\selenium\webdriver\remote\webdriver.py", line 321, in execute

    self.error_handler.check_response(response)

  File "C:\Python27\lib\site-packages\appium\webdriver\errorhandler.py", line 29, in check_response

    raise wde

NoSuchElementException: Message: An element could not be located on the page using the given search parameters.





consumed time: 18.7699999809 s

jacoco time: 5.00300002098 s

covered targets are: []
uncovered targets are: [7381-13940, 643-1543]
target: 7381-13940 uncovered, added to then retrial list!
target: 643-1543 uncovered, added to then retrial list!
interestcase 0_11_1_000 end

index.12,  interestcase 4_021 start:
tagetlogs are:[7423_5]
current preference, name:ShapeFile, value:random
cmd:[python, C:\Users\yifeiLu\Documents\TestingProjectHome\avare\testcase\interestcases\testcase0_12_4_021.py]

FAIL

str(e):		Message: An element could not be located on the page using the given search parameters.



repr(e):	NoSuchElementException()

Traceback (most recent call last):

  File "C:\Users\yifeiLu\Documents\TestingProjectHome\avare\testcase\interestcases\testcase0_12_4_021.py", line 202, in <module>

    typeText(driver,"random")

  File "C:\Users\yifeiLu\Documents\TestingProjectHome\avare\testcase\interestcases\testcase0_12_4_021.py", line 134, in typeText

    element = getElememt(driver, "new UiSelector().className(\"android.widget.EditText\")")

  File "C:\Users\yifeiLu\Documents\TestingProjectHome\avare\testcase\interestcases\testcase0_12_4_021.py", line 34, in getElememt

    element = driver.find_element_by_android_uiautomator(str)

  File "C:\Python27\lib\site-packages\appium\webdriver\webdriver.py", line 327, in find_element_by_android_uiautomator

    return self.find_element(by=By.ANDROID_UIAUTOMATOR, value=uia_string)

  File "C:\Python27\lib\site-packages\appium\webdriver\webdriver.py", line 219, in find_element

    'value': value})['value']

  File "C:\Python27\lib\site-packages\selenium\webdriver\remote\webdriver.py", line 321, in execute

    self.error_handler.check_response(response)

  File "C:\Python27\lib\site-packages\appium\webdriver\errorhandler.py", line 29, in check_response

    raise wde

NoSuchElementException: Message: An element could not be located on the page using the given search parameters.





consumed time: 36.504999876 s

jacoco time: 5.00200009346 s

FAIL

str(e):		Message: An element could not be located on the page using the given search parameters.



repr(e):	NoSuchElementException()

Traceback (most recent call last):

  File "C:\Users\yifeiLu\Documents\TestingProjectHome\avare\testcase\interestcases\testcase0_12_4_021.py", line 227, in <module>

    element = getElememt(driver, "new UiSelector().resourceId(\"com.ds.avare:id/plates_button_center\").className(\"android.widget.ImageButton\")")

  File "C:\Users\yifeiLu\Documents\TestingProjectHome\avare\testcase\interestcases\testcase0_12_4_021.py", line 34, in getElememt

    element = driver.find_element_by_android_uiautomator(str)

  File "C:\Python27\lib\site-packages\appium\webdriver\webdriver.py", line 327, in find_element_by_android_uiautomator

    return self.find_element(by=By.ANDROID_UIAUTOMATOR, value=uia_string)

  File "C:\Python27\lib\site-packages\appium\webdriver\webdriver.py", line 219, in find_element

    'value': value})['value']

  File "C:\Python27\lib\site-packages\selenium\webdriver\remote\webdriver.py", line 321, in execute

    self.error_handler.check_response(response)

  File "C:\Python27\lib\site-packages\appium\webdriver\errorhandler.py", line 29, in check_response

    raise wde

NoSuchElementException: Message: An element could not be located on the page using the given search parameters.





consumed time: 22.5039999485 s

jacoco time: 5.00400018692 s

covered targets are: []
uncovered targets are: [7423_5]
loclog: 7423_5 deleted !
interestcase 0_12_4_021 end

index.13,  interestcase 3_007 start:
tagetlogs are:[7423_6]
current preference, name:ShapeFile, value:custom.shp
cmd:[python, C:\Users\yifeiLu\Documents\TestingProjectHome\avare\testcase\interestcases\testcase0_13_3_007.py]

FAIL

str(e):		Message: An element could not be located on the page using the given search parameters.



repr(e):	NoSuchElementException()

Traceback (most recent call last):

  File "C:\Users\yifeiLu\Documents\TestingProjectHome\avare\testcase\interestcases\testcase0_13_3_007.py", line 202, in <module>

    typeText(driver,"custom.shp")

  File "C:\Users\yifeiLu\Documents\TestingProjectHome\avare\testcase\interestcases\testcase0_13_3_007.py", line 134, in typeText

    element = getElememt(driver, "new UiSelector().className(\"android.widget.EditText\")")

  File "C:\Users\yifeiLu\Documents\TestingProjectHome\avare\testcase\interestcases\testcase0_13_3_007.py", line 34, in getElememt

    element = driver.find_element_by_android_uiautomator(str)

  File "C:\Python27\lib\site-packages\appium\webdriver\webdriver.py", line 327, in find_element_by_android_uiautomator

    return self.find_element(by=By.ANDROID_UIAUTOMATOR, value=uia_string)

  File "C:\Python27\lib\site-packages\appium\webdriver\webdriver.py", line 219, in find_element

    'value': value})['value']

  File "C:\Python27\lib\site-packages\selenium\webdriver\remote\webdriver.py", line 321, in execute

    self.error_handler.check_response(response)

  File "C:\Python27\lib\site-packages\appium\webdriver\errorhandler.py", line 29, in check_response

    raise wde

NoSuchElementException: Message: An element could not be located on the page using the given search parameters.





consumed time: 32.9889998436 s

jacoco time: 5.00400018692 s

FAIL

str(e):		Message: An element could not be located on the page using the given search parameters.



repr(e):	NoSuchElementException()

Traceback (most recent call last):

  File "C:\Users\yifeiLu\Documents\TestingProjectHome\avare\testcase\interestcases\testcase0_13_3_007.py", line 227, in <module>

    element = getElememtBack(driver, "new UiSelector().text(\"Tag\")", "new UiSelector().className(\"android.widget.Button\").instance(3)")

  File "C:\Users\yifeiLu\Documents\TestingProjectHome\avare\testcase\interestcases\testcase0_13_3_007.py", line 53, in getElememtBack

    element = driver.find_element_by_android_uiautomator(str2)

  File "C:\Python27\lib\site-packages\appium\webdriver\webdriver.py", line 327, in find_element_by_android_uiautomator

    return self.find_element(by=By.ANDROID_UIAUTOMATOR, value=uia_string)

  File "C:\Python27\lib\site-packages\appium\webdriver\webdriver.py", line 219, in find_element

    'value': value})['value']

  File "C:\Python27\lib\site-packages\selenium\webdriver\remote\webdriver.py", line 321, in execute

    self.error_handler.check_response(response)

  File "C:\Python27\lib\site-packages\appium\webdriver\errorhandler.py", line 29, in check_response

    raise wde

NoSuchElementException: Message: An element could not be located on the page using the given search parameters.





consumed time: 21.8389999866 s

jacoco time: 5.00300002098 s

covered targets are: [7423_6]
uncovered targets are: []
interestcase 0_13_3_007 end

index.14,  interestcase 1_009 start:
tagetlogs are:[7423_4]
current preference, name:ShapeFile, value:
cmd:[python, C:\Users\yifeiLu\Documents\TestingProjectHome\avare\testcase\interestcases\testcase0_14_1_009.py]

FAIL

str(e):		Message: An element could not be located on the page using the given search parameters.



repr(e):	NoSuchElementException()

Traceback (most recent call last):

  File "C:\Users\yifeiLu\Documents\TestingProjectHome\avare\testcase\interestcases\testcase0_14_1_009.py", line 202, in <module>

    typeText(driver,"")

  File "C:\Users\yifeiLu\Documents\TestingProjectHome\avare\testcase\interestcases\testcase0_14_1_009.py", line 134, in typeText

    element = getElememt(driver, "new UiSelector().className(\"android.widget.EditText\")")

  File "C:\Users\yifeiLu\Documents\TestingProjectHome\avare\testcase\interestcases\testcase0_14_1_009.py", line 34, in getElememt

    element = driver.find_element_by_android_uiautomator(str)

  File "C:\Python27\lib\site-packages\appium\webdriver\webdriver.py", line 327, in find_element_by_android_uiautomator

    return self.find_element(by=By.ANDROID_UIAUTOMATOR, value=uia_string)

  File "C:\Python27\lib\site-packages\appium\webdriver\webdriver.py", line 219, in find_element

    'value': value})['value']

  File "C:\Python27\lib\site-packages\selenium\webdriver\remote\webdriver.py", line 321, in execute

    self.error_handler.check_response(response)

  File "C:\Python27\lib\site-packages\appium\webdriver\errorhandler.py", line 29, in check_response

    raise wde

NoSuchElementException: Message: An element could not be located on the page using the given search parameters.





consumed time: 33.5499999523 s

jacoco time: 5.00200009346 s

FAIL

str(e):		Message: An element could not be located on the page using the given search parameters.



repr(e):	NoSuchElementException()

Traceback (most recent call last):

  File "C:\Users\yifeiLu\Documents\TestingProjectHome\avare\testcase\interestcases\testcase0_14_1_009.py", line 225, in <module>

    element = getElememt(driver, "new UiSelector().resourceId(\"com.ds.avare:id/location_button_center\").className(\"android.widget.ImageButton\")")

  File "C:\Users\yifeiLu\Documents\TestingProjectHome\avare\testcase\interestcases\testcase0_14_1_009.py", line 34, in getElememt

    element = driver.find_element_by_android_uiautomator(str)

  File "C:\Python27\lib\site-packages\appium\webdriver\webdriver.py", line 327, in find_element_by_android_uiautomator

    return self.find_element(by=By.ANDROID_UIAUTOMATOR, value=uia_string)

  File "C:\Python27\lib\site-packages\appium\webdriver\webdriver.py", line 219, in find_element

    'value': value})['value']

  File "C:\Python27\lib\site-packages\selenium\webdriver\remote\webdriver.py", line 321, in execute

    self.error_handler.check_response(response)

  File "C:\Python27\lib\site-packages\appium\webdriver\errorhandler.py", line 29, in check_response

    raise wde

NoSuchElementException: Message: An element could not be located on the page using the given search parameters.





consumed time: 17.871999979 s

jacoco time: 5.0039999485 s

covered targets are: []
uncovered targets are: [7423_4]
loclog: 7423_4 deleted !
interestcase 0_14_1_009 end

index.15,  interestcase 1_017 start:
tagetlogs are:[334_1]
current preference, name:Aircraft ICAO Code, value:random
cmd:[python, C:\Users\yifeiLu\Documents\TestingProjectHome\avare\testcase\interestcases\testcase0_15_1_017.py]

OK

consumed time: 31.4220001698 s

jacoco time: 5.00300002098 s

FAIL

str(e):		Message: An element could not be located on the page using the given search parameters.



repr(e):	NoSuchElementException()

Traceback (most recent call last):

  File "C:\Users\yifeiLu\Documents\TestingProjectHome\avare\testcase\interestcases\testcase0_15_1_017.py", line 233, in <module>

    element = getElememtBack(driver, "new UiSelector().text(\"DT: 0,Elev: 1840.0,Surf: GRAVEL,Ptrn: Right,ALS: No,ILS: No,VGSI: No\")", "new UiSelector().className(\"android.widget.TextView\").instance(7)")

  File "C:\Users\yifeiLu\Documents\TestingProjectHome\avare\testcase\interestcases\testcase0_15_1_017.py", line 53, in getElememtBack

    element = driver.find_element_by_android_uiautomator(str2)

  File "C:\Python27\lib\site-packages\appium\webdriver\webdriver.py", line 327, in find_element_by_android_uiautomator

    return self.find_element(by=By.ANDROID_UIAUTOMATOR, value=uia_string)

  File "C:\Python27\lib\site-packages\appium\webdriver\webdriver.py", line 219, in find_element

    'value': value})['value']

  File "C:\Python27\lib\site-packages\selenium\webdriver\remote\webdriver.py", line 321, in execute

    self.error_handler.check_response(response)

  File "C:\Python27\lib\site-packages\appium\webdriver\errorhandler.py", line 29, in check_response

    raise wde

NoSuchElementException: Message: An element could not be located on the page using the given search parameters.





consumed time: 28.9419999123 s

jacoco time: 5.00400018692 s

covered targets are: []
uncovered targets are: [334_1]
loclog: 334_1 deleted !
interestcase 0_15_1_017 end

index.16,  interestcase 4_010 start:
tagetlogs are:[334_0]
current preference, name:Aircraft ICAO Code, value:
cmd:[python, C:\Users\yifeiLu\Documents\TestingProjectHome\avare\testcase\interestcases\testcase0_16_4_010.py]

OK

consumed time: 28.1840000153 s

jacoco time: 5.00300002098 s

FAIL

str(e):		Message: An element could not be located on the page using the given search parameters.



repr(e):	NoSuchElementException()

Traceback (most recent call last):

  File "C:\Users\yifeiLu\Documents\TestingProjectHome\avare\testcase\interestcases\testcase0_16_4_010.py", line 227, in <module>

    element = getElememtBack(driver, "new UiSelector().text(\"CSup\")", "new UiSelector().className(\"android.widget.TextView\").instance(2)")

  File "C:\Users\yifeiLu\Documents\TestingProjectHome\avare\testcase\interestcases\testcase0_16_4_010.py", line 53, in getElememtBack

    element = driver.find_element_by_android_uiautomator(str2)

  File "C:\Python27\lib\site-packages\appium\webdriver\webdriver.py", line 327, in find_element_by_android_uiautomator

    return self.find_element(by=By.ANDROID_UIAUTOMATOR, value=uia_string)

  File "C:\Python27\lib\site-packages\appium\webdriver\webdriver.py", line 219, in find_element

    'value': value})['value']

  File "C:\Python27\lib\site-packages\selenium\webdriver\remote\webdriver.py", line 321, in execute

    self.error_handler.check_response(response)

  File "C:\Python27\lib\site-packages\appium\webdriver\errorhandler.py", line 29, in check_response

    raise wde

NoSuchElementException: Message: An element could not be located on the page using the given search parameters.





consumed time: 17.5050001144 s

jacoco time: 5.00299978256 s

covered targets are: [334_0]
uncovered targets are: []
interestcase 0_16_4_010 end

index.17,  interestcase 4_029 start:
tagetlogs are:[643-1543]
current preference, name:GpsTime, value:0
current preference, name:GpsOffWarn, value:1
current preference, name:ADSBWeather, value:0
current preference, name:Tip, value:0
current preference, name:EdgeTape, value:0
current preference, name:DistanceRingType, value:Fixed at 2/5/10
current preference, name:DistanceRingColors, value:Default
current preference, name:ShowCDI, value:0
current preference, name:Track Up, value:0
current preference, name:Track Up - Plates, value:1
current preference, name:Screen Timeout, value:1
current preference, name:OrientationP, value:Portrait
current preference, name:Night Mode, value:0
current preference, name:Obstacles, value:0
current preference, name:CAPGrids, value:0
current preference, name:Runway Extensions, value:1
current preference, name:All Facilities, value:1
current preference, name:DisplayIcon, value:Helicopter
current preference, name:LayerTransparency, value:25 Percent
current preference, name:GameTFR, value:0
current preference, name:TrkUpdShowHistory, value:0
current preference, name:RubberBand, value:1
current preference, name:prefTabNear, value:1
current preference, name:prefTabPfd, value:1
current preference, name:prefTabThreeD, value:1
current preference, name:prefTabChecklist, value:1
current preference, name:prefTabWX, value:1
current preference, name:prefTabTools, value:1
current preference, name:prefTabWnb, value:1
current preference, name:Remove Button 1 in Map (requires restart), value:0
current preference, name:Remove Button 1 in Plate (requires restart), value:0
current preference, name:Remove Button 2 in Plate (requires restart), value:0
current preference, name:Remove Button 3 in Plate (requires restart), value:0
current preference, name:PlanControl, value:0
current preference, name:Background, value:1
current preference, name:ExtendInfoLines, value:0
current preference, name:useSysFont, value:0
current systemservice, name: ass_location_gps, value: 1
cmd:[python, C:\Users\yifeiLu\Documents\TestingProjectHome\avare\testcase\interestcases\testcase0_17_4_029.py]

OK

consumed time: 167.522000074 s

jacoco time: 5.0039999485 s

FAIL

str(e):		Message: An element could not be located on the page using the given search parameters.



repr(e):	NoSuchElementException()

Traceback (most recent call last):

  File "C:\Users\yifeiLu\Documents\TestingProjectHome\avare\testcase\interestcases\testcase0_17_4_029.py", line 348, in <module>

    element = getElememt(driver, "new UiSelector().resourceId(\"com.ds.avare:id/search_list_image\").className(\"android.widget.ImageView\")")

  File "C:\Users\yifeiLu\Documents\TestingProjectHome\avare\testcase\interestcases\testcase0_17_4_029.py", line 34, in getElememt

    element = driver.find_element_by_android_uiautomator(str)

  File "C:\Python27\lib\site-packages\appium\webdriver\webdriver.py", line 327, in find_element_by_android_uiautomator

    return self.find_element(by=By.ANDROID_UIAUTOMATOR, value=uia_string)

  File "C:\Python27\lib\site-packages\appium\webdriver\webdriver.py", line 219, in find_element

    'value': value})['value']

  File "C:\Python27\lib\site-packages\selenium\webdriver\remote\webdriver.py", line 321, in execute

    self.error_handler.check_response(response)

  File "C:\Python27\lib\site-packages\appium\webdriver\errorhandler.py", line 29, in check_response

    raise wde

NoSuchElementException: Message: An element could not be located on the page using the given search parameters.





consumed time: 52.3849999905 s

jacoco time: 5.00400018692 s

covered targets are: []
uncovered targets are: [643-1543]
loclog: 643-1543 uncovered after retrial, deleted!
interestcase 0_17_4_029 end

index.18,  interestcase 1_000 start:
tagetlogs are:[7381-13940]
current preference, name:GpsTime, value:0
current preference, name:GpsOffWarn, value:1
current preference, name:ADSBWeather, value:0
current preference, name:Tip, value:0
current preference, name:EdgeTape, value:0
current preference, name:ShowCDI, value:0
current preference, name:Track Up, value:0
current preference, name:Screen Timeout, value:1
current preference, name:OrientationP, value:Portrait
current preference, name:Night Mode, value:0
current preference, name:Obstacles, value:0
current preference, name:CAPGrids, value:0
current preference, name:Runway Extensions, value:1
current preference, name:DisplayIcon, value:Helicopter
current preference, name:LayerTransparency, value:25 Percent
current preference, name:GameTFR, value:0
current preference, name:DefaultAFD, value:0
current preference, name:TrkUpdShowHistory, value:0
current preference, name:prefTabNear, value:1
current preference, name:prefTabPfd, value:1
current preference, name:prefTabThreeD, value:1
current preference, name:prefTabChecklist, value:1
current preference, name:prefTabWX, value:1
current preference, name:prefTabTools, value:1
current preference, name:prefTabWnb, value:1
current preference, name:Remove Button 1 in Map (requires restart), value:0
current preference, name:PlanControl, value:0
current preference, name:Background, value:1
current preference, name:useSysFont, value:0
current systemservice, name: ass_location_gps, value: 1
cmd:[python, C:\Users\yifeiLu\Documents\TestingProjectHome\avare\testcase\interestcases\testcase0_18_1_000.py]

OK

consumed time: 168.83100009 s

jacoco time: 5.00199985504 s

OK

consumed time: 61.2760000229 s

jacoco time: 5.00499987602 s

covered targets are: []
uncovered targets are: [7381-13940]
loclog: 7381-13940 uncovered after retrial, deleted!
interestcase 0_18_1_000 end

index.19,  interestcase 2_006 start:
tagetlogs are:[5156-9961]
current preference, name:GpsTime, value:0
current preference, name:GpsOffWarn, value:1
current preference, name:ADSBWeather, value:0
current preference, name:Leave Running, value:0
current preference, name:Tip, value:0
current preference, name:EdgeTape, value:0
current preference, name:ShowCDI, value:0
current preference, name:Track Up, value:1
current preference, name:Track Up - Plates, value:1
current preference, name:Screen Timeout, value:1
current preference, name:OrientationP, value:Portrait
current preference, name:Night Mode, value:0
current preference, name:Obstacles, value:0
current preference, name:CAPGrids, value:0
current preference, name:Runway Extensions, value:1
current preference, name:DisplayIcon, value:Helicopter
current preference, name:LayerTransparency, value:25 Percent
current preference, name:GameTFR, value:0
current preference, name:DefaultAFD, value:0
current preference, name:TrkUpdShowHistory, value:0
current preference, name:RubberBand, value:1
current preference, name:prefTabNear, value:1
current preference, name:prefTabPfd, value:1
current preference, name:prefTabThreeD, value:1
current preference, name:prefTabChecklist, value:1
current preference, name:prefTabWX, value:1
current preference, name:prefTabTools, value:1
current preference, name:prefTabWnb, value:1
current preference, name:Remove Button 1 in Map (requires restart), value:0
current preference, name:Remove Button 1 in Plate (requires restart), value:0
current preference, name:Remove Button 2 in Plate (requires restart), value:0
current preference, name:Remove Button 3 in Plate (requires restart), value:0
current preference, name:PlanControl, value:0
current preference, name:Background, value:1
current preference, name:ExtendInfoLines, value:0
current preference, name:useSysFont, value:0
current systemservice, name: ass_location_gps, value: 1
cmd:[python, C:\Users\yifeiLu\Documents\TestingProjectHome\avare\testcase\interestcases\testcase0_19_2_006.py]

OK

consumed time: 182.764999866 s

jacoco time: 5.00300002098 s

OK

consumed time: 57.9220001698 s

jacoco time: 5.0039999485 s

covered targets are: [5156-9961]
uncovered targets are: []
target: 5156-9961 covered after retrial!
interestcase 0_19_2_006 end

index.20,  interestcase 4_006 start:
tagetlogs are:[8424-15735]
current preference, name:GpsTime, value:0
current preference, name:GpsOffWarn, value:1
current preference, name:ADSBWeather, value:0
current preference, name:Leave Running, value:1
current preference, name:Tip, value:0
current preference, name:EdgeTape, value:0
current preference, name:DistanceRingType, value:None
current preference, name:DistanceRingColors, value:Default
current preference, name:ShowCDI, value:0
current preference, name:Track Up, value:0
current preference, name:Screen Timeout, value:1
current preference, name:OrientationP, value:Portrait
current preference, name:Night Mode, value:0
current preference, name:Obstacles, value:0
current preference, name:CAPGrids, value:0
current preference, name:Runway Extensions, value:1
current preference, name:DisplayIcon, value:Helicopter
current preference, name:LayerTransparency, value:25 Percent
current preference, name:GameTFR, value:0
current preference, name:DefaultAFD, value:0
current preference, name:TrkUpdShowHistory, value:0
current preference, name:prefTabNear, value:1
current preference, name:prefTabPfd, value:1
current preference, name:prefTabThreeD, value:1
current preference, name:prefTabChecklist, value:1
current preference, name:prefTabWX, value:1
current preference, name:prefTabTools, value:1
current preference, name:prefTabWnb, value:1
current preference, name:Remove Button 1 in Map (requires restart), value:0
current preference, name:PlanControl, value:0
current preference, name:Background, value:1
current preference, name:useSysFont, value:0
current systemservice, name: ass_location_gps, value: 1
cmd:[python, C:\Users\yifeiLu\Documents\TestingProjectHome\avare\testcase\interestcases\testcase0_20_4_006.py]

OK

consumed time: 171.746999979 s

jacoco time: 5.00400018692 s

FAIL

str(e):		Message: An element could not be located on the page using the given search parameters.



repr(e):	NoSuchElementException()

Traceback (most recent call last):

  File "C:\Users\yifeiLu\Documents\TestingProjectHome\avare\testcase\interestcases\testcase0_20_4_006.py", line 325, in <module>

    element = getElememtBack(driver, "new UiSelector().text(\"OK\")", "new UiSelector().className(\"android.widget.Button\")")

  File "C:\Users\yifeiLu\Documents\TestingProjectHome\avare\testcase\interestcases\testcase0_20_4_006.py", line 53, in getElememtBack

    element = driver.find_element_by_android_uiautomator(str2)

  File "C:\Python27\lib\site-packages\appium\webdriver\webdriver.py", line 327, in find_element_by_android_uiautomator

    return self.find_element(by=By.ANDROID_UIAUTOMATOR, value=uia_string)

  File "C:\Python27\lib\site-packages\appium\webdriver\webdriver.py", line 219, in find_element

    'value': value})['value']

  File "C:\Python27\lib\site-packages\selenium\webdriver\remote\webdriver.py", line 321, in execute

    self.error_handler.check_response(response)

  File "C:\Python27\lib\site-packages\appium\webdriver\errorhandler.py", line 29, in check_response

    raise wde

NoSuchElementException: Message: An element could not be located on the page using the given search parameters.





consumed time: 38.6809999943 s

jacoco time: 5.0039999485 s

covered targets are: [8424-15735]
uncovered targets are: []
target: 8424-15735 covered after retrial!
interestcase 0_20_4_006 end

index.21,  interestcase 2_012 start:
tagetlogs are:[502-1183]
current preference, name:Root, value:Apps4av.org
current preference, name:GpsTime, value:0
current preference, name:GpsOffWarn, value:1
current preference, name:ADSBWeather, value:0
current preference, name:Tip, value:0
current preference, name:EdgeTape, value:0
current preference, name:ShowCDI, value:0
current preference, name:Track Up, value:0
current preference, name:Screen Timeout, value:1
current preference, name:OrientationP, value:Portrait
current preference, name:Night Mode, value:0
current preference, name:Obstacles, value:0
current preference, name:CAPGrids, value:0
current preference, name:Runway Extensions, value:1
current preference, name:DisplayIcon, value:Helicopter
current preference, name:LayerTransparency, value:25 Percent
current preference, name:GameTFR, value:0
current preference, name:DefaultAFD, value:0
current preference, name:TrkUpdShowHistory, value:0
current preference, name:prefTabNear, value:1
current preference, name:prefTabPfd, value:1
current preference, name:prefTabThreeD, value:1
current preference, name:prefTabChecklist, value:1
current preference, name:prefTabWX, value:1
current preference, name:prefTabTools, value:1
current preference, name:prefTabWnb, value:1
current preference, name:Remove Button 1 in Map (requires restart), value:0
current preference, name:PlanControl, value:0
current preference, name:Background, value:1
current preference, name:useSysFont, value:0
current systemservice, name: ass_location_gps, value: 1
cmd:[python, C:\Users\yifeiLu\Documents\TestingProjectHome\avare\testcase\interestcases\testcase0_21_2_012.py]

OK

consumed time: 170.496999979 s

jacoco time: 5.00300002098 s

FAIL

str(e):		Message: An element could not be located on the page using the given search parameters.



repr(e):	NoSuchElementException()

Traceback (most recent call last):

  File "C:\Users\yifeiLu\Documents\TestingProjectHome\avare\testcase\interestcases\testcase0_21_2_012.py", line 318, in <module>

    element = getElememtBack(driver, "new UiSelector().text(\"IFR High Enroute SW\")", "new UiSelector().className(\"android.widget.TextView\").instance(8)")

  File "C:\Users\yifeiLu\Documents\TestingProjectHome\avare\testcase\interestcases\testcase0_21_2_012.py", line 53, in getElememtBack

    element = driver.find_element_by_android_uiautomator(str2)

  File "C:\Python27\lib\site-packages\appium\webdriver\webdriver.py", line 327, in find_element_by_android_uiautomator

    return self.find_element(by=By.ANDROID_UIAUTOMATOR, value=uia_string)

  File "C:\Python27\lib\site-packages\appium\webdriver\webdriver.py", line 219, in find_element

    'value': value})['value']

  File "C:\Python27\lib\site-packages\selenium\webdriver\remote\webdriver.py", line 321, in execute

    self.error_handler.check_response(response)

  File "C:\Python27\lib\site-packages\appium\webdriver\errorhandler.py", line 29, in check_response

    raise wde

NoSuchElementException: Message: An element could not be located on the page using the given search parameters.





consumed time: 27.3709998131 s

jacoco time: 5.00500011444 s

covered targets are: []
uncovered targets are: [502-1183]
loclog: 502-1183 uncovered after retrial, deleted!
interestcase 0_21_2_012 end

index.22,  interestcase 4_023 start:
tagetlogs are:[2189-4535]
current preference, name:GpsTime, value:0
current preference, name:GpsOffWarn, value:1
current preference, name:ADSBWeather, value:1
current preference, name:Tip, value:0
current preference, name:Track Up, value:0
current preference, name:Screen Timeout, value:1
current preference, name:OrientationP, value:Portrait
current preference, name:Night Mode, value:0
current preference, name:DisplayIcon, value:Helicopter
current preference, name:LayerTransparency, value:25 Percent
current preference, name:DefaultAFD, value:0
current preference, name:prefTabNear, value:1
current preference, name:prefTabPfd, value:1
current preference, name:prefTabThreeD, value:1
current preference, name:prefTabChecklist, value:1
current preference, name:prefTabWX, value:1
current preference, name:prefTabTools, value:1
current preference, name:prefTabWnb, value:1
current preference, name:Remove Button 1 in Map (requires restart), value:0
current preference, name:PlanControl, value:0
current preference, name:useSysFont, value:0
current systemservice, name: ass_location_gps, value: 1
cmd:[python, C:\Users\yifeiLu\Documents\TestingProjectHome\avare\testcase\interestcases\testcase0_22_4_023.py]

OK

consumed time: 132.255000114 s

jacoco time: 5.0039999485 s

FAIL

str(e):		Message: An element could not be located on the page using the given search parameters.



repr(e):	NoSuchElementException()

Traceback (most recent call last):

  File "C:\Users\yifeiLu\Documents\TestingProjectHome\avare\testcase\interestcases\testcase0_22_4_023.py", line 289, in <module>

    element = getElememtBack(driver, "new UiSelector().text(\"IFR Low Enroute AK\")", "new UiSelector().className(\"android.widget.TextView\").instance(8)")

  File "C:\Users\yifeiLu\Documents\TestingProjectHome\avare\testcase\interestcases\testcase0_22_4_023.py", line 53, in getElememtBack

    element = driver.find_element_by_android_uiautomator(str2)

  File "C:\Python27\lib\site-packages\appium\webdriver\webdriver.py", line 327, in find_element_by_android_uiautomator

    return self.find_element(by=By.ANDROID_UIAUTOMATOR, value=uia_string)

  File "C:\Python27\lib\site-packages\appium\webdriver\webdriver.py", line 219, in find_element

    'value': value})['value']

  File "C:\Python27\lib\site-packages\selenium\webdriver\remote\webdriver.py", line 321, in execute

    self.error_handler.check_response(response)

  File "C:\Python27\lib\site-packages\appium\webdriver\errorhandler.py", line 29, in check_response

    raise wde

NoSuchElementException: Message: An element could not be located on the page using the given search parameters.





consumed time: 26.0369999409 s

jacoco time: 5.00300002098 s

covered targets are: [2189-4535]
uncovered targets are: []
target: 2189-4535 covered after retrial!
interestcase 0_22_4_023 end

index.23,  interestcase 4_029 start:
tagetlogs are:[6758-12814]
current preference, name:GpsTime, value:0
current preference, name:GpsOffWarn, value:1
current preference, name:ADSBWeather, value:0
current preference, name:Tip, value:0
current preference, name:EdgeTape, value:0
current preference, name:DistanceRingType, value:Fixed at 2/5/10
current preference, name:DistanceRingColors, value:Default
current preference, name:ShowCDI, value:0
current preference, name:Track Up, value:0
current preference, name:Screen Timeout, value:1
current preference, name:OrientationP, value:Portrait
current preference, name:Night Mode, value:0
current preference, name:Obstacles, value:0
current preference, name:CAPGrids, value:0
current preference, name:Runway Extensions, value:1
current preference, name:DisplayIcon, value:Helicopter
current preference, name:LayerTransparency, value:25 Percent
current preference, name:GameTFR, value:0
current preference, name:TrkUpdShowHistory, value:0
current preference, name:RubberBand, value:1
current preference, name:prefTabNear, value:1
current preference, name:prefTabPfd, value:1
current preference, name:prefTabThreeD, value:1
current preference, name:prefTabChecklist, value:1
current preference, name:prefTabWX, value:1
current preference, name:prefTabTools, value:1
current preference, name:prefTabWnb, value:1
current preference, name:Remove Button 1 in Map (requires restart), value:0
current preference, name:Remove Button 1 in Plate (requires restart), value:0
current preference, name:Remove Button 2 in Plate (requires restart), value:0
current preference, name:Remove Button 3 in Plate (requires restart), value:1
current preference, name:PlanControl, value:0
current preference, name:Background, value:1
current preference, name:useSysFont, value:0
current systemservice, name: ass_location_gps, value: 1
cmd:[python, C:\Users\yifeiLu\Documents\TestingProjectHome\avare\testcase\interestcases\testcase0_23_4_029.py]

OK

consumed time: 185.950999975 s

jacoco time: 5.0039999485 s

FAIL

str(e):		Message: An element could not be located on the page using the given search parameters.



repr(e):	NoSuchElementException()

Traceback (most recent call last):

  File "C:\Users\yifeiLu\Documents\TestingProjectHome\avare\testcase\interestcases\testcase0_23_4_029.py", line 342, in <module>

    element = getElememt(driver, "new UiSelector().resourceId(\"com.ds.avare:id/search_list_image\").className(\"android.widget.ImageView\")")

  File "C:\Users\yifeiLu\Documents\TestingProjectHome\avare\testcase\interestcases\testcase0_23_4_029.py", line 34, in getElememt

    element = driver.find_element_by_android_uiautomator(str)

  File "C:\Python27\lib\site-packages\appium\webdriver\webdriver.py", line 327, in find_element_by_android_uiautomator

    return self.find_element(by=By.ANDROID_UIAUTOMATOR, value=uia_string)

  File "C:\Python27\lib\site-packages\appium\webdriver\webdriver.py", line 219, in find_element

    'value': value})['value']

  File "C:\Python27\lib\site-packages\selenium\webdriver\remote\webdriver.py", line 321, in execute

    self.error_handler.check_response(response)

  File "C:\Python27\lib\site-packages\appium\webdriver\errorhandler.py", line 29, in check_response

    raise wde

NoSuchElementException: Message: An element could not be located on the page using the given search parameters.





consumed time: 50.3650000095 s

jacoco time: 5.00500011444 s

covered targets are: []
uncovered targets are: [6758-12814]
loclog: 6758-12814 uncovered after retrial, deleted!
interestcase 0_23_4_029 end

index.24,  interestcase 4_023 start:
tagetlogs are:[2219-4593]
current preference, name:GpsTime, value:0
current preference, name:GpsOffWarn, value:1
current preference, name:ADSBWeather, value:0
current preference, name:Tip, value:0
current preference, name:Track Up, value:0
current preference, name:Screen Timeout, value:1
current preference, name:OrientationP, value:Portrait
current preference, name:Night Mode, value:0
current preference, name:Obstacles, value:1
current preference, name:DisplayIcon, value:Helicopter
current preference, name:LayerTransparency, value:25 Percent
current preference, name:DefaultAFD, value:0
current preference, name:prefTabNear, value:1
current preference, name:prefTabPfd, value:1
current preference, name:prefTabThreeD, value:1
current preference, name:prefTabChecklist, value:1
current preference, name:prefTabWX, value:1
current preference, name:prefTabTools, value:1
current preference, name:prefTabWnb, value:1
current preference, name:Remove Button 1 in Map (requires restart), value:0
current preference, name:PlanControl, value:0
current preference, name:useSysFont, value:0
current systemservice, name: ass_location_gps, value: 1
cmd:[python, C:\Users\yifeiLu\Documents\TestingProjectHome\avare\testcase\interestcases\testcase0_24_4_023.py]

OK

consumed time: 131.25 s

jacoco time: 5.00300002098 s

FAIL

str(e):		Message: An element could not be located on the page using the given search parameters.



repr(e):	NoSuchElementException()

Traceback (most recent call last):

  File "C:\Users\yifeiLu\Documents\TestingProjectHome\avare\testcase\interestcases\testcase0_24_4_023.py", line 291, in <module>

    element = getElememtBack(driver, "new UiSelector().text(\"IFR Low Enroute AK\")", "new UiSelector().className(\"android.widget.TextView\").instance(8)")

  File "C:\Users\yifeiLu\Documents\TestingProjectHome\avare\testcase\interestcases\testcase0_24_4_023.py", line 53, in getElememtBack

    element = driver.find_element_by_android_uiautomator(str2)

  File "C:\Python27\lib\site-packages\appium\webdriver\webdriver.py", line 327, in find_element_by_android_uiautomator

    return self.find_element(by=By.ANDROID_UIAUTOMATOR, value=uia_string)

  File "C:\Python27\lib\site-packages\appium\webdriver\webdriver.py", line 219, in find_element

    'value': value})['value']

  File "C:\Python27\lib\site-packages\selenium\webdriver\remote\webdriver.py", line 321, in execute

    self.error_handler.check_response(response)

  File "C:\Python27\lib\site-packages\appium\webdriver\errorhandler.py", line 29, in check_response

    raise wde

NoSuchElementException: Message: An element could not be located on the page using the given search parameters.





consumed time: 26.8410000801 s

jacoco time: 5.0039999485 s

covered targets are: [2219-4593]
uncovered targets are: []
target: 2219-4593 covered after retrial!
interestcase 0_24_4_023 end

index.25,  interestcase 4_029 start:
tagetlogs are:[6756-12810]
current preference, name:GpsTime, value:0
current preference, name:GpsOffWarn, value:1
current preference, name:ADSBWeather, value:0
current preference, name:Tip, value:0
current preference, name:EdgeTape, value:0
current preference, name:DistanceRingType, value:Fixed at 2/5/10
current preference, name:DistanceRingColors, value:Default
current preference, name:ShowCDI, value:0
current preference, name:Track Up, value:0
current preference, name:Screen Timeout, value:1
current preference, name:OrientationP, value:Portrait
current preference, name:Night Mode, value:0
current preference, name:Obstacles, value:0
current preference, name:CAPGrids, value:0
current preference, name:Runway Extensions, value:1
current preference, name:DisplayIcon, value:Helicopter
current preference, name:LayerTransparency, value:25 Percent
current preference, name:GameTFR, value:0
current preference, name:TrkUpdShowHistory, value:0
current preference, name:RubberBand, value:1
current preference, name:prefTabNear, value:1
current preference, name:prefTabPfd, value:1
current preference, name:prefTabThreeD, value:1
current preference, name:prefTabChecklist, value:1
current preference, name:prefTabWX, value:1
current preference, name:prefTabTools, value:1
current preference, name:prefTabWnb, value:1
current preference, name:Remove Button 1 in Map (requires restart), value:0
current preference, name:Remove Button 2 in Plate (requires restart), value:1
current preference, name:PlanControl, value:0
current preference, name:Background, value:1
current preference, name:useSysFont, value:0
current systemservice, name: ass_location_gps, value: 1
cmd:[python, C:\Users\yifeiLu\Documents\TestingProjectHome\avare\testcase\interestcases\testcase0_25_4_029.py]

OK

consumed time: 175.511000156 s

jacoco time: 5.00300002098 s

FAIL

str(e):		Message: An element could not be located on the page using the given search parameters.



repr(e):	NoSuchElementException()

Traceback (most recent call last):

  File "C:\Users\yifeiLu\Documents\TestingProjectHome\avare\testcase\interestcases\testcase0_25_4_029.py", line 338, in <module>

    element = getElememt(driver, "new UiSelector().resourceId(\"com.ds.avare:id/search_list_image\").className(\"android.widget.ImageView\")")

  File "C:\Users\yifeiLu\Documents\TestingProjectHome\avare\testcase\interestcases\testcase0_25_4_029.py", line 34, in getElememt

    element = driver.find_element_by_android_uiautomator(str)

  File "C:\Python27\lib\site-packages\appium\webdriver\webdriver.py", line 327, in find_element_by_android_uiautomator

    return self.find_element(by=By.ANDROID_UIAUTOMATOR, value=uia_string)

  File "C:\Python27\lib\site-packages\appium\webdriver\webdriver.py", line 219, in find_element

    'value': value})['value']

  File "C:\Python27\lib\site-packages\selenium\webdriver\remote\webdriver.py", line 321, in execute

    self.error_handler.check_response(response)

  File "C:\Python27\lib\site-packages\appium\webdriver\errorhandler.py", line 29, in check_response

    raise wde

NoSuchElementException: Message: An element could not be located on the page using the given search parameters.





consumed time: 49.5369999409 s

jacoco time: 5.0039999485 s

covered targets are: []
uncovered targets are: [6756-12810]
loclog: 6756-12810 uncovered after retrial, deleted!
interestcase 0_25_4_029 end

index.26,  interestcase 4_023 start:
tagetlogs are:[2143-4457]
current preference, name:GpsTime, value:0
current preference, name:GpsOffWarn, value:1
current preference, name:ADSBWeather, value:0
current preference, name:Tip, value:0
current preference, name:DistanceRingType, value:Fixed at 2/5/10
current preference, name:ShowCDI, value:0
current preference, name:Track Up, value:0
current preference, name:Screen Timeout, value:1
current preference, name:OrientationP, value:Portrait
current preference, name:Night Mode, value:0
current preference, name:Obstacles, value:0
current preference, name:CAPGrids, value:1
current preference, name:DisplayIcon, value:Helicopter
current preference, name:LayerTransparency, value:25 Percent
current preference, name:DefaultAFD, value:0
current preference, name:prefTabNear, value:1
current preference, name:prefTabPfd, value:1
current preference, name:prefTabThreeD, value:1
current preference, name:prefTabChecklist, value:1
current preference, name:prefTabWX, value:1
current preference, name:prefTabTools, value:1
current preference, name:prefTabWnb, value:1
current preference, name:Remove Button 1 in Map (requires restart), value:0
current preference, name:PlanControl, value:0
current preference, name:useSysFont, value:0
current systemservice, name: ass_location_gps, value: 1
cmd:[python, C:\Users\yifeiLu\Documents\TestingProjectHome\avare\testcase\interestcases\testcase0_26_4_023.py]

OK

consumed time: 152.032999992 s

jacoco time: 5.00300002098 s

FAIL

str(e):		Message: An element could not be located on the page using the given search parameters.



repr(e):	NoSuchElementException()

Traceback (most recent call last):

  File "C:\Users\yifeiLu\Documents\TestingProjectHome\avare\testcase\interestcases\testcase0_26_4_023.py", line 300, in <module>

    element = getElememtBack(driver, "new UiSelector().text(\"IFR Low Enroute AK\")", "new UiSelector().className(\"android.widget.TextView\").instance(8)")

  File "C:\Users\yifeiLu\Documents\TestingProjectHome\avare\testcase\interestcases\testcase0_26_4_023.py", line 53, in getElememtBack

    element = driver.find_element_by_android_uiautomator(str2)

  File "C:\Python27\lib\site-packages\appium\webdriver\webdriver.py", line 327, in find_element_by_android_uiautomator

    return self.find_element(by=By.ANDROID_UIAUTOMATOR, value=uia_string)

  File "C:\Python27\lib\site-packages\appium\webdriver\webdriver.py", line 219, in find_element

    'value': value})['value']

  File "C:\Python27\lib\site-packages\selenium\webdriver\remote\webdriver.py", line 321, in execute

    self.error_handler.check_response(response)

  File "C:\Python27\lib\site-packages\appium\webdriver\errorhandler.py", line 29, in check_response

    raise wde

NoSuchElementException: Message: An element could not be located on the page using the given search parameters.





consumed time: 32.7680001259 s

jacoco time: 5.00300002098 s

covered targets are: [2143-4457]
uncovered targets are: []
target: 2143-4457 covered after retrial!
interestcase 0_26_4_023 end

index.27,  interestcase 4_029 start:
tagetlogs are:[6757-12812]
current preference, name:GpsTime, value:0
current preference, name:GpsOffWarn, value:1
current preference, name:ADSBWeather, value:0
current preference, name:Tip, value:0
current preference, name:EdgeTape, value:0
current preference, name:DistanceRingType, value:Fixed at 2/5/10
current preference, name:DistanceRingColors, value:Default
current preference, name:ShowCDI, value:0
current preference, name:Track Up, value:0
current preference, name:Screen Timeout, value:1
current preference, name:OrientationP, value:Portrait
current preference, name:Night Mode, value:0
current preference, name:Obstacles, value:0
current preference, name:CAPGrids, value:0
current preference, name:Runway Extensions, value:1
current preference, name:DisplayIcon, value:Helicopter
current preference, name:LayerTransparency, value:25 Percent
current preference, name:GameTFR, value:0
current preference, name:TrkUpdShowHistory, value:0
current preference, name:RubberBand, value:1
current preference, name:prefTabNear, value:1
current preference, name:prefTabPfd, value:1
current preference, name:prefTabThreeD, value:1
current preference, name:prefTabChecklist, value:1
current preference, name:prefTabWX, value:1
current preference, name:prefTabTools, value:1
current preference, name:prefTabWnb, value:1
current preference, name:Remove Button 1 in Map (requires restart), value:0
current preference, name:Remove Button 1 in Plate (requires restart), value:1
current preference, name:Remove Button 2 in Plate (requires restart), value:0
current preference, name:PlanControl, value:0
current preference, name:Background, value:1
current preference, name:useSysFont, value:0
current systemservice, name: ass_location_gps, value: 1
cmd:[python, C:\Users\yifeiLu\Documents\TestingProjectHome\avare\testcase\interestcases\testcase0_27_4_029.py]

OK

consumed time: 182.555999994 s

jacoco time: 5.0039999485 s

FAIL

str(e):		Message: An element could not be located on the page using the given search parameters.



repr(e):	NoSuchElementException()

Traceback (most recent call last):

  File "C:\Users\yifeiLu\Documents\TestingProjectHome\avare\testcase\interestcases\testcase0_27_4_029.py", line 340, in <module>

    element = getElememt(driver, "new UiSelector().resourceId(\"com.ds.avare:id/search_list_image\").className(\"android.widget.ImageView\")")

  File "C:\Users\yifeiLu\Documents\TestingProjectHome\avare\testcase\interestcases\testcase0_27_4_029.py", line 34, in getElememt

    element = driver.find_element_by_android_uiautomator(str)

  File "C:\Python27\lib\site-packages\appium\webdriver\webdriver.py", line 327, in find_element_by_android_uiautomator

    return self.find_element(by=By.ANDROID_UIAUTOMATOR, value=uia_string)

  File "C:\Python27\lib\site-packages\appium\webdriver\webdriver.py", line 219, in find_element

    'value': value})['value']

  File "C:\Python27\lib\site-packages\selenium\webdriver\remote\webdriver.py", line 321, in execute

    self.error_handler.check_response(response)

  File "C:\Python27\lib\site-packages\appium\webdriver\errorhandler.py", line 29, in check_response

    raise wde

NoSuchElementException: Message: An element could not be located on the page using the given search parameters.





consumed time: 55.3139998913 s

jacoco time: 5.00400018692 s

covered targets are: []
uncovered targets are: [6757-12812]
loclog: 6757-12812 uncovered after retrial, deleted!
interestcase 0_27_4_029 end

index.28,  interestcase 4_029 start:
tagetlogs are:[5286-10203]
current preference, name:GpsTime, value:0
current preference, name:GpsOffWarn, value:1
current preference, name:ADSBWeather, value:0
current preference, name:Tip, value:0
current preference, name:EdgeTape, value:0
current preference, name:DistanceRingType, value:Fixed at 2/5/10
current preference, name:DistanceRingColors, value:Default
current preference, name:ShowCDI, value:0
current preference, name:Track Up, value:0
current preference, name:Track Up - Plates, value:1
current preference, name:Screen Timeout, value:1
current preference, name:OrientationP, value:Portrait
current preference, name:Night Mode, value:0
current preference, name:Obstacles, value:0
current preference, name:CAPGrids, value:0
current preference, name:Runway Extensions, value:1
current preference, name:DisplayIcon, value:Helicopter
current preference, name:LayerTransparency, value:25 Percent
current preference, name:GameTFR, value:0
current preference, name:TrkUpdShowHistory, value:0
current preference, name:RubberBand, value:1
current preference, name:prefTabNear, value:1
current preference, name:prefTabPfd, value:1
current preference, name:prefTabThreeD, value:1
current preference, name:prefTabChecklist, value:1
current preference, name:prefTabWX, value:1
current preference, name:prefTabTools, value:1
current preference, name:prefTabWnb, value:1
current preference, name:Remove Button 1 in Map (requires restart), value:0
current preference, name:Remove Button 1 in Plate (requires restart), value:0
current preference, name:Remove Button 2 in Plate (requires restart), value:0
current preference, name:Remove Button 3 in Plate (requires restart), value:0
current preference, name:PlanControl, value:0
current preference, name:Background, value:1
current preference, name:ExtendInfoLines, value:1
current preference, name:useSysFont, value:0
current systemservice, name: ass_location_gps, value: 1
cmd:[python, C:\Users\yifeiLu\Documents\TestingProjectHome\avare\testcase\interestcases\testcase0_28_4_029.py]

OK

consumed time: 187.977999926 s

jacoco time: 5.0039999485 s

FAIL

str(e):		Message: An element could not be located on the page using the given search parameters.



repr(e):	NoSuchElementException()

Traceback (most recent call last):

  File "C:\Users\yifeiLu\Documents\TestingProjectHome\avare\testcase\interestcases\testcase0_28_4_029.py", line 346, in <module>

    element = getElememt(driver, "new UiSelector().resourceId(\"com.ds.avare:id/search_list_image\").className(\"android.widget.ImageView\")")

  File "C:\Users\yifeiLu\Documents\TestingProjectHome\avare\testcase\interestcases\testcase0_28_4_029.py", line 34, in getElememt

    element = driver.find_element_by_android_uiautomator(str)

  File "C:\Python27\lib\site-packages\appium\webdriver\webdriver.py", line 327, in find_element_by_android_uiautomator

    return self.find_element(by=By.ANDROID_UIAUTOMATOR, value=uia_string)

  File "C:\Python27\lib\site-packages\appium\webdriver\webdriver.py", line 219, in find_element

    'value': value})['value']

  File "C:\Python27\lib\site-packages\selenium\webdriver\remote\webdriver.py", line 321, in execute

    self.error_handler.check_response(response)

  File "C:\Python27\lib\site-packages\appium\webdriver\errorhandler.py", line 29, in check_response

    raise wde

NoSuchElementException: Message: An element could not be located on the page using the given search parameters.





consumed time: 55.2290000916 s

jacoco time: 5.00300002098 s

covered targets are: [5286-10203]
uncovered targets are: []
target: 5286-10203 covered after retrial!
interestcase 0_28_4_029 end

index.29,  interestcase 2_000 start:
tagetlogs are:[5150-9944]
current preference, name:GpsTime, value:0
current preference, name:GpsOffWarn, value:1
current preference, name:ADSBWeather, value:0
current preference, name:Tip, value:0
current preference, name:EdgeTape, value:0
current preference, name:ShowCDI, value:0
current preference, name:Track Up, value:1
current preference, name:Track Up - Plates, value:0
current preference, name:Screen Timeout, value:1
current preference, name:OrientationP, value:Portrait
current preference, name:Night Mode, value:0
current preference, name:Obstacles, value:0
current preference, name:CAPGrids, value:0
current preference, name:Runway Extensions, value:1
current preference, name:DisplayIcon, value:Helicopter
current preference, name:LayerTransparency, value:25 Percent
current preference, name:GameTFR, value:0
current preference, name:TrkUpdShowHistory, value:0
current preference, name:AutoPostTracks, value:Send email
current preference, name:prefTabNear, value:1
current preference, name:prefTabPfd, value:1
current preference, name:prefTabThreeD, value:1
current preference, name:prefTabChecklist, value:1
current preference, name:prefTabWX, value:1
current preference, name:prefTabTools, value:1
current preference, name:prefTabWnb, value:1
current preference, name:Remove Button 1 in Map (requires restart), value:0
current preference, name:Remove Button 1 in Plate (requires restart), value:0
current preference, name:Remove Button 2 in Plate (requires restart), value:0
current preference, name:Remove Button 3 in Plate (requires restart), value:0
current preference, name:PlanControl, value:0
current preference, name:Background, value:1
current preference, name:ExtendInfoLines, value:0
current preference, name:useSysFont, value:0
current systemservice, name: ass_location_gps, value: 1
cmd:[python, C:\Users\yifeiLu\Documents\TestingProjectHome\avare\testcase\interestcases\testcase0_29_2_000.py]

OK

consumed time: 191.881999969 s

jacoco time: 5.00500011444 s

FAIL

str(e):		Message: An element could not be located on the page using the given search parameters.



repr(e):	NoSuchElementException()

Traceback (most recent call last):

  File "C:\Users\yifeiLu\Documents\TestingProjectHome\avare\testcase\interestcases\testcase0_29_2_000.py", line 349, in <module>

    element = getElememtBack(driver, "new UiSelector().text(\"Emergency\")", "new UiSelector().className(\"android.widget.Button\").instance(4)")

  File "C:\Users\yifeiLu\Documents\TestingProjectHome\avare\testcase\interestcases\testcase0_29_2_000.py", line 53, in getElememtBack

    element = driver.find_element_by_android_uiautomator(str2)

  File "C:\Python27\lib\site-packages\appium\webdriver\webdriver.py", line 327, in find_element_by_android_uiautomator

    return self.find_element(by=By.ANDROID_UIAUTOMATOR, value=uia_string)

  File "C:\Python27\lib\site-packages\appium\webdriver\webdriver.py", line 219, in find_element

    'value': value})['value']

  File "C:\Python27\lib\site-packages\selenium\webdriver\remote\webdriver.py", line 321, in execute

    self.error_handler.check_response(response)

  File "C:\Python27\lib\site-packages\appium\webdriver\errorhandler.py", line 29, in check_response

    raise wde

NoSuchElementException: Message: An element could not be located on the page using the given search parameters.





consumed time: 54.361000061 s

jacoco time: 5.00500011444 s

covered targets are: [5150-9944]
uncovered targets are: []
target: 5150-9944 covered after retrial!
interestcase 0_29_2_000 end

NO.0 Scene:
discovered in ineration NO. 1
origin branch is: 1641-3464 ,target branch is: 1641-3465
interests are:
OrientationP      Reverse Portrait    44     null
discovered tags are : 0_26_4_023 0_13_3_007 0_28_4_029 0_21_2_012 0_6_2_012 0_19_2_006 0_7_4_006 0_12_4_021 0_24_4_023 0_22_4_023 0_9_4_006 0_10_1_001 0_5_2_000 0_17_4_029 0_16_4_010 0_27_4_029 0_11_1_000 0_18_1_000 0_25_4_029 0_29_2_000 0_20_4_006 0_8_4_006 0_3_4_009 0_15_1_017 0_23_4_029 0_1_2_002 0_4_2_000 0_14_1_009 0_2_3_005 
--------------------------------
NO.1 Scene:
discovered in ineration NO. 1
origin branch is: 5151-9947 ,target branch is: 5151-9946
interests are:
AutoPostTracks      Send to all applications    62     null
discovered tags are : 0_29_2_000 
--------------------------------
NO.2 Scene:
discovered in ineration NO. 1
origin branch is: 40-73 ,target branch is: 40-72
interests are:
All Facilities      0    53     null
discovered tags are : 0_18_1_000 
--------------------------------
NO.3 Scene:
discovered in ineration NO. 1
origin branch is: 372-871 ,target branch is: 372-870
interests are:
Distance Unit      Statute Miles    25     null
discovered tags are : 0_1_2_002 
--------------------------------
NO.4 Scene:
discovered in ineration NO. 1
origin branch is: 6073-11642 ,target branch is: 6073-11641
interests are:
ADSBWeather      1    16     null
discovered tags are : 0_18_1_000 
--------------------------------
NO.5 Scene:
discovered in ineration NO. 1
origin branch is: 6082-11664 ,target branch is: 6082-11663
interests are:
ADSBWeather      1    16     null
discovered tags are : 0_18_1_000 
--------------------------------
index.1,  interestcase 0_18_1_000 start:
tagetlogs are:[40-72]
current preference, name:GpsTime, value:0
current preference, name:GpsOffWarn, value:1
current preference, name:ADSBWeather, value:0
current preference, name:Tip, value:0
current preference, name:EdgeTape, value:0
current preference, name:ShowCDI, value:0
current preference, name:Track Up, value:0
current preference, name:Screen Timeout, value:1
current preference, name:OrientationP, value:Portrait
current preference, name:Night Mode, value:0
current preference, name:Obstacles, value:0
current preference, name:CAPGrids, value:0
current preference, name:Runway Extensions, value:1
current preference, name:All Facilities, value:0
current preference, name:DisplayIcon, value:Helicopter
current preference, name:LayerTransparency, value:25 Percent
current preference, name:GameTFR, value:0
current preference, name:DefaultAFD, value:0
current preference, name:TrkUpdShowHistory, value:0
current preference, name:prefTabNear, value:1
current preference, name:prefTabPfd, value:1
current preference, name:prefTabThreeD, value:1
current preference, name:prefTabChecklist, value:1
current preference, name:prefTabWX, value:1
current preference, name:prefTabTools, value:1
current preference, name:prefTabWnb, value:1
current preference, name:Remove Button 1 in Map (requires restart), value:0
current preference, name:PlanControl, value:0
current preference, name:Background, value:1
current preference, name:useSysFont, value:0
current systemservice, name: ass_location_gps, value: 1
cmd:[python, C:\Users\yifeiLu\Documents\TestingProjectHome\avare\testcase\interestcases\testcase1_1_0_18_1_000.py]

OK

consumed time: 165.492999792 s

jacoco time: 5.00400018692 s

OK

consumed time: 68.1489999294 s

jacoco time: 5.00500011444 s

covered targets are: []
uncovered targets are: [40-72]
loclog: 40-72 uncovered after retrial, deleted!
interestcase 1_1_0_18_1_000 end

index.2,  interestcase 0_1_2_002 start:
tagetlogs are:[372-870]
current preference, name:GpsTime, value:1
current preference, name:GpsOffWarn, value:0
current preference, name:WIFIPort, value:
current preference, name:ADSBWeather, value:1
current preference, name:Distance Unit, value:Statute Miles
current preference, name:UseDynamicFields, value:0
current preference, name:Tip, value:1
current preference, name:EdgeTape, value:1
current preference, name:ShowCDI, value:1
current preference, name:Screen Timeout, value:0
current preference, name:OrientationP, value:Landscape
current preference, name:Night Mode, value:1
current preference, name:Obstacles, value:1
current preference, name:CAPGrids, value:1
current preference, name:Runway Extensions, value:0
current preference, name:DisplayIcon, value:Helicopter
current preference, name:GameTFR, value:1
current preference, name:DefaultAFD, value:1
current preference, name:TrkUpdShowHistory, value:1
current preference, name:RubberBand, value:0
current preference, name:prefTabNear, value:0
current preference, name:prefTabPfd, value:0
current preference, name:prefTabThreeD, value:0
current preference, name:prefTabChecklist, value:0
current preference, name:prefTabWX, value:0
current preference, name:prefTabTools, value:0
current preference, name:prefTabWnb, value:0
current preference, name:Remove Button 1 in Map (requires restart), value:1
current preference, name:PlanControl, value:1
current preference, name:Background, value:0
current preference, name:ExtendInfoLines, value:1
current preference, name:useSysFont, value:1
current systemservice, name: ass_location_gps, value: 0
cmd:[python, C:\Users\yifeiLu\Documents\TestingProjectHome\avare\testcase\interestcases\testcase1_2_0_1_2_002.py]

OK

consumed time: 152.401000023 s

jacoco time: 5.00300002098 s

FAIL

str(e):		Message: An element could not be located on the page using the given search parameters.



repr(e):	NoSuchElementException()

Traceback (most recent call last):

  File "C:\Users\yifeiLu\Documents\TestingProjectHome\avare\testcase\interestcases\testcase1_2_0_1_2_002.py", line 312, in <module>

    element = getElememtBack(driver, "new UiSelector().text(\"Tracks Off\")", "new UiSelector().className(\"android.widget.Button\").instance(1)")

  File "C:\Users\yifeiLu\Documents\TestingProjectHome\avare\testcase\interestcases\testcase1_2_0_1_2_002.py", line 53, in getElememtBack

    element = driver.find_element_by_android_uiautomator(str2)

  File "C:\Python27\lib\site-packages\appium\webdriver\webdriver.py", line 327, in find_element_by_android_uiautomator

    return self.find_element(by=By.ANDROID_UIAUTOMATOR, value=uia_string)

  File "C:\Python27\lib\site-packages\appium\webdriver\webdriver.py", line 219, in find_element

    'value': value})['value']

  File "C:\Python27\lib\site-packages\selenium\webdriver\remote\webdriver.py", line 321, in execute

    self.error_handler.check_response(response)

  File "C:\Python27\lib\site-packages\appium\webdriver\errorhandler.py", line 29, in check_response

    raise wde

NoSuchElementException: Message: An element could not be located on the page using the given search parameters.





consumed time: 20.4929997921 s

jacoco time: 5.00500011444 s

covered targets are: [372-870]
uncovered targets are: []
target: 372-870 covered after retrial!
interestcase 1_2_0_1_2_002 end

index.3,  interestcase 0_18_1_000 start:
tagetlogs are:[6073-11641]
current preference, name:GpsTime, value:0
current preference, name:GpsOffWarn, value:1
current preference, name:ADSBWeather, value:1
current preference, name:Tip, value:0
current preference, name:EdgeTape, value:0
current preference, name:ShowCDI, value:0
current preference, name:Track Up, value:0
current preference, name:Screen Timeout, value:1
current preference, name:OrientationP, value:Portrait
current preference, name:Night Mode, value:0
current preference, name:Obstacles, value:0
current preference, name:CAPGrids, value:0
current preference, name:Runway Extensions, value:1
current preference, name:DisplayIcon, value:Helicopter
current preference, name:LayerTransparency, value:25 Percent
current preference, name:GameTFR, value:0
current preference, name:DefaultAFD, value:0
current preference, name:TrkUpdShowHistory, value:0
current preference, name:prefTabNear, value:1
current preference, name:prefTabPfd, value:1
current preference, name:prefTabThreeD, value:1
current preference, name:prefTabChecklist, value:1
current preference, name:prefTabWX, value:1
current preference, name:prefTabTools, value:1
current preference, name:prefTabWnb, value:1
current preference, name:Remove Button 1 in Map (requires restart), value:0
current preference, name:PlanControl, value:0
current preference, name:Background, value:1
current preference, name:useSysFont, value:0
current systemservice, name: ass_location_gps, value: 1
cmd:[python, C:\Users\yifeiLu\Documents\TestingProjectHome\avare\testcase\interestcases\testcase1_3_0_18_1_000.py]

OK

consumed time: 145.765000105 s

jacoco time: 5.00200009346 s

OK

consumed time: 56.6510000229 s

jacoco time: 5.0039999485 s

covered targets are: []
uncovered targets are: [6073-11641]
loclog: 6073-11641 uncovered after retrial, deleted!
interestcase 1_3_0_18_1_000 end

index.4,  interestcase 0_18_1_000 start:
tagetlogs are:[1641-3465]
current preference, name:GpsTime, value:0
current preference, name:GpsOffWarn, value:1
current preference, name:ADSBWeather, value:0
current preference, name:Tip, value:0
current preference, name:EdgeTape, value:0
current preference, name:ShowCDI, value:0
current preference, name:Track Up, value:0
current preference, name:Screen Timeout, value:1
current preference, name:OrientationP, value:Reverse Portrait
current preference, name:Night Mode, value:0
current preference, name:Obstacles, value:0
current preference, name:CAPGrids, value:0
current preference, name:Runway Extensions, value:1
current preference, name:DisplayIcon, value:Helicopter
current preference, name:LayerTransparency, value:25 Percent
current preference, name:GameTFR, value:0
current preference, name:DefaultAFD, value:0
current preference, name:TrkUpdShowHistory, value:0
current preference, name:prefTabNear, value:1
current preference, name:prefTabPfd, value:1
current preference, name:prefTabThreeD, value:1
current preference, name:prefTabChecklist, value:1
current preference, name:prefTabWX, value:1
current preference, name:prefTabTools, value:1
current preference, name:prefTabWnb, value:1
current preference, name:Remove Button 1 in Map (requires restart), value:0
current preference, name:PlanControl, value:0
current preference, name:Background, value:1
current preference, name:useSysFont, value:0
current systemservice, name: ass_location_gps, value: 1
cmd:[python, C:\Users\yifeiLu\Documents\TestingProjectHome\avare\testcase\interestcases\testcase1_4_0_18_1_000.py]

OK

consumed time: 157.996999979 s

jacoco time: 5.00200009346 s

OK

consumed time: 64.2180001736 s

jacoco time: 5.00599980354 s

covered targets are: [1641-3465]
uncovered targets are: []
target: 1641-3465 covered after retrial!
interestcase 1_4_0_18_1_000 end

index.5,  interestcase 0_29_2_000 start:
tagetlogs are:[5151-9946]
current preference, name:GpsTime, value:0
current preference, name:GpsOffWarn, value:1
current preference, name:ADSBWeather, value:0
current preference, name:Tip, value:0
current preference, name:EdgeTape, value:0
current preference, name:ShowCDI, value:0
current preference, name:Track Up, value:1
current preference, name:Track Up - Plates, value:0
current preference, name:Screen Timeout, value:1
current preference, name:OrientationP, value:Portrait
current preference, name:Night Mode, value:0
current preference, name:Obstacles, value:0
current preference, name:CAPGrids, value:0
current preference, name:Runway Extensions, value:1
current preference, name:DisplayIcon, value:Helicopter
current preference, name:LayerTransparency, value:25 Percent
current preference, name:GameTFR, value:0
current preference, name:TrkUpdShowHistory, value:0
current preference, name:AutoPostTracks, value:Send to all applications
current preference, name:prefTabNear, value:1
current preference, name:prefTabPfd, value:1
current preference, name:prefTabThreeD, value:1
current preference, name:prefTabChecklist, value:1
current preference, name:prefTabWX, value:1
current preference, name:prefTabTools, value:1
current preference, name:prefTabWnb, value:1
current preference, name:Remove Button 1 in Map (requires restart), value:0
current preference, name:Remove Button 1 in Plate (requires restart), value:0
current preference, name:Remove Button 2 in Plate (requires restart), value:0
current preference, name:Remove Button 3 in Plate (requires restart), value:0
current preference, name:PlanControl, value:0
current preference, name:Background, value:1
current preference, name:ExtendInfoLines, value:0
current preference, name:useSysFont, value:0
current systemservice, name: ass_location_gps, value: 1
cmd:[python, C:\Users\yifeiLu\Documents\TestingProjectHome\avare\testcase\interestcases\testcase1_5_0_29_2_000.py]

OK

consumed time: 167.674999952 s

jacoco time: 5.0039999485 s

FAIL

str(e):		Message: An element could not be located on the page using the given search parameters.



repr(e):	NoSuchElementException()

Traceback (most recent call last):

  File "C:\Users\yifeiLu\Documents\TestingProjectHome\avare\testcase\interestcases\testcase1_5_0_29_2_000.py", line 349, in <module>

    element = getElememtBack(driver, "new UiSelector().text(\"Emergency\")", "new UiSelector().className(\"android.widget.Button\").instance(4)")

  File "C:\Users\yifeiLu\Documents\TestingProjectHome\avare\testcase\interestcases\testcase1_5_0_29_2_000.py", line 53, in getElememtBack

    element = driver.find_element_by_android_uiautomator(str2)

  File "C:\Python27\lib\site-packages\appium\webdriver\webdriver.py", line 327, in find_element_by_android_uiautomator

    return self.find_element(by=By.ANDROID_UIAUTOMATOR, value=uia_string)

  File "C:\Python27\lib\site-packages\appium\webdriver\webdriver.py", line 219, in find_element

    'value': value})['value']

  File "C:\Python27\lib\site-packages\selenium\webdriver\remote\webdriver.py", line 321, in execute

    self.error_handler.check_response(response)

  File "C:\Python27\lib\site-packages\appium\webdriver\errorhandler.py", line 29, in check_response

    raise wde

NoSuchElementException: Message: An element could not be located on the page using the given search parameters.





consumed time: 52.9139997959 s

jacoco time: 5.00300002098 s

covered targets are: [5151-9946]
uncovered targets are: []
target: 5151-9946 covered after retrial!
interestcase 1_5_0_29_2_000 end

index.6,  interestcase 0_18_1_000 start:
tagetlogs are:[6082-11663]
current preference, name:GpsTime, value:0
current preference, name:GpsOffWarn, value:1
current preference, name:ADSBWeather, value:1
current preference, name:Tip, value:0
current preference, name:EdgeTape, value:0
current preference, name:ShowCDI, value:0
current preference, name:Track Up, value:0
current preference, name:Screen Timeout, value:1
current preference, name:OrientationP, value:Portrait
current preference, name:Night Mode, value:0
current preference, name:Obstacles, value:0
current preference, name:CAPGrids, value:0
current preference, name:Runway Extensions, value:1
current preference, name:DisplayIcon, value:Helicopter
current preference, name:LayerTransparency, value:25 Percent
current preference, name:GameTFR, value:0
current preference, name:DefaultAFD, value:0
current preference, name:TrkUpdShowHistory, value:0
current preference, name:prefTabNear, value:1
current preference, name:prefTabPfd, value:1
current preference, name:prefTabThreeD, value:1
current preference, name:prefTabChecklist, value:1
current preference, name:prefTabWX, value:1
current preference, name:prefTabTools, value:1
current preference, name:prefTabWnb, value:1
current preference, name:Remove Button 1 in Map (requires restart), value:0
current preference, name:PlanControl, value:0
current preference, name:Background, value:1
current preference, name:useSysFont, value:0
current systemservice, name: ass_location_gps, value: 1
cmd:[python, C:\Users\yifeiLu\Documents\TestingProjectHome\avare\testcase\interestcases\testcase1_6_0_18_1_000.py]

OK

consumed time: 157.628000021 s

jacoco time: 5.00300002098 s

OK

consumed time: 56.5700001717 s

jacoco time: 5.00499987602 s

covered targets are: []
uncovered targets are: [6082-11663]
loclog: 6082-11663 uncovered after retrial, deleted!
interestcase 1_6_0_18_1_000 end

NO.0 Scene:
discovered in ineration NO. 2
origin branch is: 5152-9949 ,target branch is: 5152-9948
interests are:
AutoPostTracks      Send email    62     null
discovered tags are : 1_5_0_29_2_000 
--------------------------------
index.1,  interestcase 1_5_0_29_2_000 start:
tagetlogs are:[5152-9948]
current preference, name:GpsTime, value:0
current preference, name:GpsOffWarn, value:1
current preference, name:ADSBWeather, value:0
current preference, name:Tip, value:0
current preference, name:EdgeTape, value:0
current preference, name:ShowCDI, value:0
current preference, name:Track Up, value:1
current preference, name:Track Up - Plates, value:0
current preference, name:Screen Timeout, value:1
current preference, name:OrientationP, value:Portrait
current preference, name:Night Mode, value:0
current preference, name:Obstacles, value:0
current preference, name:CAPGrids, value:0
current preference, name:Runway Extensions, value:1
current preference, name:DisplayIcon, value:Helicopter
current preference, name:LayerTransparency, value:25 Percent
current preference, name:GameTFR, value:0
current preference, name:TrkUpdShowHistory, value:0
current preference, name:AutoPostTracks, value:Send email
current preference, name:prefTabNear, value:1
current preference, name:prefTabPfd, value:1
current preference, name:prefTabThreeD, value:1
current preference, name:prefTabChecklist, value:1
current preference, name:prefTabWX, value:1
current preference, name:prefTabTools, value:1
current preference, name:prefTabWnb, value:1
current preference, name:Remove Button 1 in Map (requires restart), value:0
current preference, name:Remove Button 1 in Plate (requires restart), value:0
current preference, name:Remove Button 2 in Plate (requires restart), value:0
current preference, name:Remove Button 3 in Plate (requires restart), value:0
current preference, name:PlanControl, value:0
current preference, name:Background, value:1
current preference, name:ExtendInfoLines, value:0
current preference, name:useSysFont, value:0
current systemservice, name: ass_location_gps, value: 1
cmd:[python, C:\Users\yifeiLu\Documents\TestingProjectHome\avare\testcase\interestcases\testcase2_1_1_5_0_29_2_000.py]

FAIL

str(e):		Message: An unknown server-side error occurred while processing the command. Original error: UiAUtomator shut down unexpectedly



repr(e):	WebDriverException()

Traceback (most recent call last):

  File "C:\Users\yifeiLu\Documents\TestingProjectHome\avare\testcase\interestcases\testcase2_1_1_5_0_29_2_000.py", line 217, in <module>

    clickOnCheckable(driver, "new UiSelector().text(\"Show Tips\")", "false")

  File "C:\Users\yifeiLu\Documents\TestingProjectHome\avare\testcase\interestcases\testcase2_1_1_5_0_29_2_000.py", line 122, in clickOnCheckable

    parent.find_element_by_android_uiautomator(str)

  File "C:\Python27\lib\site-packages\appium\webdriver\webelement.py", line 149, in find_element_by_android_uiautomator

    return self.find_element(by=MobileBy.ANDROID_UIAUTOMATOR, value=uia_string)

  File "C:\Python27\lib\site-packages\appium\webdriver\webelement.py", line 209, in find_element

    {"using": by, "value": value})['value']

  File "C:\Python27\lib\site-packages\selenium\webdriver\remote\webelement.py", line 633, in _execute

    return self._parent.execute(command, params)

  File "C:\Python27\lib\site-packages\selenium\webdriver\remote\webdriver.py", line 321, in execute

    self.error_handler.check_response(response)

  File "C:\Python27\lib\site-packages\appium\webdriver\errorhandler.py", line 29, in check_response

    raise wde

WebDriverException: Message: An unknown server-side error occurred while processing the command. Original error: UiAUtomator shut down unexpectedly





covered targets are: []
uncovered targets are: [5152-9948]
loclog: 5152-9948 uncovered after retrial, deleted!
interestcase 2_1_1_5_0_29_2_000 end

