{"testcasedatas":[{"firstjacocotime":5.0049996,"tagname":"2_027","firstexecutionsuccess":false,"firsttestcasepath":"\\testcase\\firstcases\\testcase2_027.py","firstconsumedtime":29.498,"firstlocpath":null,"firstcoveragepath":"\\coverage\\pwpreferencecoverage\\coverage2_2_027_pw.ec","firsterrorlog":"FAILstr(e):\t\tMessage: An element could not be located on the page using the given search parameters.repr(e):\tNoSuchElementException()Traceback (most recent call last):  File \"\\testcase\\firstcases\\testcase2_027.py\", line 81, in <module>    element = getElememtBack(driver, \"new UiSelector().text(\\\"Enable Reading Text Messages?\\\")\", \"new UiSelector().resourceId(\\\"a2dp.Vol:id\/enableTTSBox\\\").className(\\\"android.widget.CheckBox\\\")\")  File \"\\testcase\\firstcases\\testcase2_027.py\", line 53, in getElememtBack    element = driver.find_element_by_android_uiautomator(str2)  File \"C:\\Python27\\lib\\site-packages\\appium\\webdriver\\webdriver.py\", line 327, in find_element_by_android_uiautomator    return self.find_element(by=By.ANDROID_UIAUTOMATOR, value=uia_string)  File \"C:\\Python27\\lib\\site-packages\\appium\\webdriver\\webdriver.py\", line 219, in find_element    'value': value})['value']  File \"C:\\Python27\\lib\\site-packages\\selenium\\webdriver\\remote\\webdriver.py\", line 321, in execute    self.error_handler.check_response(response)  File \"C:\\Python27\\lib\\site-packages\\appium\\webdriver\\errorhandler.py\", line 29, in check_response    raise wdeNoSuchElementException: Message: An element could not be located on the page using the given search parameters."},{"firstjacocotime":5.003,"tagname":"2_028","firstexecutionsuccess":true,"firsttestcasepath":"\\testcase\\firstcases\\testcase2_028.py","firstconsumedtime":28.026001,"firstlocpath":null,"firstcoveragepath":"\\coverage\\pwpreferencecoverage\\coverage2_2_028_pw.ec","firsterrorlog":null},{"firstjacocotime":5.003,"tagname":"2_029","firstexecutionsuccess":false,"firsttestcasepath":"\\testcase\\firstcases\\testcase2_029.py","firstconsumedtime":23.24,"firstlocpath":null,"firstcoveragepath":"\\coverage\\pwpreferencecoverage\\coverage2_2_029_pw.ec","firsterrorlog":"FAILstr(e):\t\tMessage: An element could not be located on the page using the given search parameters.repr(e):\tNoSuchElementException()Traceback (most recent call last):  File \"\\testcase\\firstcases\\testcase2_029.py\", line 78, in <module>    element = getElememt(driver, \"new UiSelector().resourceId(\\\"a2dp.Vol:id\/editApp\\\").className(\\\"android.widget.EditText\\\")\")  File \"\\testcase\\firstcases\\testcase2_029.py\", line 34, in getElememt    element = driver.find_element_by_android_uiautomator(str)  File \"C:\\Python27\\lib\\site-packages\\appium\\webdriver\\webdriver.py\", line 327, in find_element_by_android_uiautomator    return self.find_element(by=By.ANDROID_UIAUTOMATOR, value=uia_string)  File \"C:\\Python27\\lib\\site-packages\\appium\\webdriver\\webdriver.py\", line 219, in find_element    'value': value})['value']  File \"C:\\Python27\\lib\\site-packages\\selenium\\webdriver\\remote\\webdriver.py\", line 321, in execute    self.error_handler.check_response(response)  File \"C:\\Python27\\lib\\site-packages\\appium\\webdriver\\errorhandler.py\", line 29, in check_response    raise wdeNoSuchElementException: Message: An element could not be located on the page using the given search parameters."},{"firstjacocotime":5.003,"tagname":"2_023","firstexecutionsuccess":false,"firsttestcasepath":"\\testcase\\firstcases\\testcase2_023.py","firstconsumedtime":21.147,"firstlocpath":null,"firstcoveragepath":"\\coverage\\pwpreferencecoverage\\coverage2_2_023_pw.ec","firsterrorlog":"FAILstr(e):\t\tMessage: An element could not be located on the page using the given search parameters.repr(e):\tNoSuchElementException()Traceback (most recent call last):  File \"\\testcase\\firstcases\\testcase2_023.py\", line 76, in <module>    element = getElememtBack(driver, \"new UiSelector().text(\\\"testr Connection\\\")\", \"new UiSelector().className(\\\"android.widget.TextView\\\").instance(2)\")  File \"\\testcase\\firstcases\\testcase2_023.py\", line 53, in getElememtBack    element = driver.find_element_by_android_uiautomator(str2)  File \"C:\\Python27\\lib\\site-packages\\appium\\webdriver\\webdriver.py\", line 327, in find_element_by_android_uiautomator    return self.find_element(by=By.ANDROID_UIAUTOMATOR, value=uia_string)  File \"C:\\Python27\\lib\\site-packages\\appium\\webdriver\\webdriver.py\", line 219, in find_element    'value': value})['value']  File \"C:\\Python27\\lib\\site-packages\\selenium\\webdriver\\remote\\webdriver.py\", line 321, in execute    self.error_handler.check_response(response)  File \"C:\\Python27\\lib\\site-packages\\appium\\webdriver\\errorhandler.py\", line 29, in check_response    raise wdeNoSuchElementException: Message: An element could not be located on the page using the given search parameters."},{"firstjacocotime":5.005,"tagname":"2_024","firstexecutionsuccess":false,"firsttestcasepath":"\\testcase\\firstcases\\testcase2_024.py","firstconsumedtime":47.499,"firstlocpath":null,"firstcoveragepath":"\\coverage\\pwpreferencecoverage\\coverage2_2_024_pw.ec","firsterrorlog":"FAILstr(e):\t\tMessage: An element could not be located on the page using the given search parameters.repr(e):\tNoSuchElementException()Traceback (most recent call last):  File \"\\testcase\\firstcases\\testcase2_024.py\", line 98, in <module>    element = getElememtBack(driver, \"new UiSelector().text(\\\"testr Connection\\\")\", \"new UiSelector().className(\\\"android.widget.TextView\\\").instance(3)\")  File \"\\testcase\\firstcases\\testcase2_024.py\", line 53, in getElememtBack    element = driver.find_element_by_android_uiautomator(str2)  File \"C:\\Python27\\lib\\site-packages\\appium\\webdriver\\webdriver.py\", line 327, in find_element_by_android_uiautomator    return self.find_element(by=By.ANDROID_UIAUTOMATOR, value=uia_string)  File \"C:\\Python27\\lib\\site-packages\\appium\\webdriver\\webdriver.py\", line 219, in find_element    'value': value})['value']  File \"C:\\Python27\\lib\\site-packages\\selenium\\webdriver\\remote\\webdriver.py\", line 321, in execute    self.error_handler.check_response(response)  File \"C:\\Python27\\lib\\site-packages\\appium\\webdriver\\errorhandler.py\", line 29, in check_response    raise wdeNoSuchElementException: Message: An element could not be located on the page using the given search parameters."},{"firstjacocotime":5.003,"tagname":"2_025","firstexecutionsuccess":false,"firsttestcasepath":"\\testcase\\firstcases\\testcase2_025.py","firstconsumedtime":24.674,"firstlocpath":null,"firstcoveragepath":"\\coverage\\pwpreferencecoverage\\coverage2_2_025_pw.ec","firsterrorlog":"FAILstr(e):\t\tMessage: An element could not be located on the page using the given search parameters.repr(e):\tNoSuchElementException()Traceback (most recent call last):  File \"\\testcase\\firstcases\\testcase2_025.py\", line 82, in <module>    element = getElememtBack(driver, \"new UiSelector().text(\\\"testr Connection\\\")\", \"new UiSelector().className(\\\"android.widget.TextView\\\").instance(3)\")  File \"\\testcase\\firstcases\\testcase2_025.py\", line 53, in getElememtBack    element = driver.find_element_by_android_uiautomator(str2)  File \"C:\\Python27\\lib\\site-packages\\appium\\webdriver\\webdriver.py\", line 327, in find_element_by_android_uiautomator    return self.find_element(by=By.ANDROID_UIAUTOMATOR, value=uia_string)  File \"C:\\Python27\\lib\\site-packages\\appium\\webdriver\\webdriver.py\", line 219, in find_element    'value': value})['value']  File \"C:\\Python27\\lib\\site-packages\\selenium\\webdriver\\remote\\webdriver.py\", line 321, in execute    self.error_handler.check_response(response)  File \"C:\\Python27\\lib\\site-packages\\appium\\webdriver\\errorhandler.py\", line 29, in check_response    raise wdeNoSuchElementException: Message: An element could not be located on the page using the given search parameters."},{"firstjacocotime":5.003,"tagname":"2_026","firstexecutionsuccess":false,"firsttestcasepath":"\\testcase\\firstcases\\testcase2_026.py","firstconsumedtime":24.387,"firstlocpath":null,"firstcoveragepath":"\\coverage\\pwpreferencecoverage\\coverage2_2_026_pw.ec","firsterrorlog":"FAILstr(e):\t\tMessage: An element could not be located on the page using the given search parameters.repr(e):\tNoSuchElementException()Traceback (most recent call last):  File \"\\testcase\\firstcases\\testcase2_026.py\", line 80, in <module>    element = getElememtBack(driver, \"new UiSelector().text(\\\"testr Connection\\\")\", \"new UiSelector().className(\\\"android.widget.TextView\\\").instance(3)\")  File \"\\testcase\\firstcases\\testcase2_026.py\", line 53, in getElememtBack    element = driver.find_element_by_android_uiautomator(str2)  File \"C:\\Python27\\lib\\site-packages\\appium\\webdriver\\webdriver.py\", line 327, in find_element_by_android_uiautomator    return self.find_element(by=By.ANDROID_UIAUTOMATOR, value=uia_string)  File \"C:\\Python27\\lib\\site-packages\\appium\\webdriver\\webdriver.py\", line 219, in find_element    'value': value})['value']  File \"C:\\Python27\\lib\\site-packages\\selenium\\webdriver\\remote\\webdriver.py\", line 321, in execute    self.error_handler.check_response(response)  File \"C:\\Python27\\lib\\site-packages\\appium\\webdriver\\errorhandler.py\", line 29, in check_response    raise wdeNoSuchElementException: Message: An element could not be located on the page using the given search parameters."},{"firstjacocotime":5.005,"tagname":"2_020","firstexecutionsuccess":false,"firsttestcasepath":"\\testcase\\firstcases\\testcase2_020.py","firstconsumedtime":19.734,"firstlocpath":null,"firstcoveragepath":"\\coverage\\pwpreferencecoverage\\coverage2_2_020_pw.ec","firsterrorlog":"FAILstr(e):\t\tMessage: An element could not be located on the page using the given search parameters.repr(e):\tNoSuchElementException()Traceback (most recent call last):  File \"\\testcase\\firstcases\\testcase2_020.py\", line 76, in <module>    element = getElememt(driver, \"new UiSelector().resourceId(\\\"a2dp.Vol:id\/editApp\\\").className(\\\"android.widget.EditText\\\")\")  File \"\\testcase\\firstcases\\testcase2_020.py\", line 34, in getElememt    element = driver.find_element_by_android_uiautomator(str)  File \"C:\\Python27\\lib\\site-packages\\appium\\webdriver\\webdriver.py\", line 327, in find_element_by_android_uiautomator    return self.find_element(by=By.ANDROID_UIAUTOMATOR, value=uia_string)  File \"C:\\Python27\\lib\\site-packages\\appium\\webdriver\\webdriver.py\", line 219, in find_element    'value': value})['value']  File \"C:\\Python27\\lib\\site-packages\\selenium\\webdriver\\remote\\webdriver.py\", line 321, in execute    self.error_handler.check_response(response)  File \"C:\\Python27\\lib\\site-packages\\appium\\webdriver\\errorhandler.py\", line 29, in check_response    raise wdeNoSuchElementException: Message: An element could not be located on the page using the given search parameters."},{"firstjacocotime":5.003,"tagname":"2_021","firstexecutionsuccess":false,"firsttestcasepath":"\\testcase\\firstcases\\testcase2_021.py","firstconsumedtime":19.691,"firstlocpath":null,"firstcoveragepath":"\\coverage\\pwpreferencecoverage\\coverage2_2_021_pw.ec","firsterrorlog":"FAILstr(e):\t\tMessage: An element could not be located on the page using the given search parameters.repr(e):\tNoSuchElementException()Traceback (most recent call last):  File \"\\testcase\\firstcases\\testcase2_021.py\", line 76, in <module>    element = getElememt(driver, \"new UiSelector().resourceId(\\\"a2dp.Vol:id\/editApp\\\").className(\\\"android.widget.EditText\\\")\")  File \"\\testcase\\firstcases\\testcase2_021.py\", line 34, in getElememt    element = driver.find_element_by_android_uiautomator(str)  File \"C:\\Python27\\lib\\site-packages\\appium\\webdriver\\webdriver.py\", line 327, in find_element_by_android_uiautomator    return self.find_element(by=By.ANDROID_UIAUTOMATOR, value=uia_string)  File \"C:\\Python27\\lib\\site-packages\\appium\\webdriver\\webdriver.py\", line 219, in find_element    'value': value})['value']  File \"C:\\Python27\\lib\\site-packages\\selenium\\webdriver\\remote\\webdriver.py\", line 321, in execute    self.error_handler.check_response(response)  File \"C:\\Python27\\lib\\site-packages\\appium\\webdriver\\errorhandler.py\", line 29, in check_response    raise wdeNoSuchElementException: Message: An element could not be located on the page using the given search parameters."},{"firstjacocotime":5.003,"tagname":"2_022","firstexecutionsuccess":false,"firsttestcasepath":"\\testcase\\firstcases\\testcase2_022.py","firstconsumedtime":21.117,"firstlocpath":null,"firstcoveragepath":"\\coverage\\pwpreferencecoverage\\coverage2_2_022_pw.ec","firsterrorlog":"FAILstr(e):\t\tMessage: An element could not be located on the page using the given search parameters.repr(e):\tNoSuchElementException()Traceback (most recent call last):  File \"\\testcase\\firstcases\\testcase2_022.py\", line 78, in <module>    element = getElememt(driver, \"new UiSelector().resourceId(\\\"a2dp.Vol:id\/editApp\\\").className(\\\"android.widget.EditText\\\")\")  File \"\\testcase\\firstcases\\testcase2_022.py\", line 34, in getElememt    element = driver.find_element_by_android_uiautomator(str)  File \"C:\\Python27\\lib\\site-packages\\appium\\webdriver\\webdriver.py\", line 327, in find_element_by_android_uiautomator    return self.find_element(by=By.ANDROID_UIAUTOMATOR, value=uia_string)  File \"C:\\Python27\\lib\\site-packages\\appium\\webdriver\\webdriver.py\", line 219, in find_element    'value': value})['value']  File \"C:\\Python27\\lib\\site-packages\\selenium\\webdriver\\remote\\webdriver.py\", line 321, in execute    self.error_handler.check_response(response)  File \"C:\\Python27\\lib\\site-packages\\appium\\webdriver\\errorhandler.py\", line 29, in check_response    raise wdeNoSuchElementException: Message: An element could not be located on the page using the given search parameters."},{"firstjacocotime":5.003,"tagname":"2_016","firstexecutionsuccess":false,"firsttestcasepath":"\\testcase\\firstcases\\testcase2_016.py","firstconsumedtime":87.842,"firstlocpath":null,"firstcoveragepath":"\\coverage\\pwpreferencecoverage\\coverage2_2_016_pw.ec","firsterrorlog":"FAILstr(e):\t\tMessage: An element could not be located on the page using the given search parameters.repr(e):\tNoSuchElementException()Traceback (most recent call last):  File \"\\testcase\\firstcases\\testcase2_016.py\", line 113, in <module>    element = getElememt(driver, \"new UiSelector().resourceId(\\\"a2dp.Vol:id\/ci_et_type\\\").className(\\\"android.widget.EditText\\\")\")  File \"\\testcase\\firstcases\\testcase2_016.py\", line 34, in getElememt    element = driver.find_element_by_android_uiautomator(str)  File \"C:\\Python27\\lib\\site-packages\\appium\\webdriver\\webdriver.py\", line 327, in find_element_by_android_uiautomator    return self.find_element(by=By.ANDROID_UIAUTOMATOR, value=uia_string)  File \"C:\\Python27\\lib\\site-packages\\appium\\webdriver\\webdriver.py\", line 219, in find_element    'value': value})['value']  File \"C:\\Python27\\lib\\site-packages\\selenium\\webdriver\\remote\\webdriver.py\", line 321, in execute    self.error_handler.check_response(response)  File \"C:\\Python27\\lib\\site-packages\\appium\\webdriver\\errorhandler.py\", line 29, in check_response    raise wdeNoSuchElementException: Message: An element could not be located on the page using the given search parameters."},{"firstjacocotime":5.005,"tagname":"2_017","firstexecutionsuccess":true,"firsttestcasepath":"\\testcase\\firstcases\\testcase2_017.py","firstconsumedtime":9.368,"firstlocpath":null,"firstcoveragepath":"\\coverage\\pwpreferencecoverage\\coverage2_2_017_pw.ec","firsterrorlog":null},{"firstjacocotime":5.0039997,"tagname":"2_018","firstexecutionsuccess":false,"firsttestcasepath":"\\testcase\\firstcases\\testcase2_018.py","firstconsumedtime":48.102,"firstlocpath":null,"firstcoveragepath":"\\coverage\\pwpreferencecoverage\\coverage2_2_018_pw.ec","firsterrorlog":"FAILstr(e):\t\tMessage: An element could not be located on the page using the given search parameters.repr(e):\tNoSuchElementException()Traceback (most recent call last):  File \"\\testcase\\firstcases\\testcase2_018.py\", line 88, in <module>    element = getElememtBack(driver, \"new UiSelector().text(\\\"Edit\\\")\", \"new UiSelector().className(\\\"android.widget.Button\\\").instance(1)\")  File \"\\testcase\\firstcases\\testcase2_018.py\", line 53, in getElememtBack    element = driver.find_element_by_android_uiautomator(str2)  File \"C:\\Python27\\lib\\site-packages\\appium\\webdriver\\webdriver.py\", line 327, in find_element_by_android_uiautomator    return self.find_element(by=By.ANDROID_UIAUTOMATOR, value=uia_string)  File \"C:\\Python27\\lib\\site-packages\\appium\\webdriver\\webdriver.py\", line 219, in find_element    'value': value})['value']  File \"C:\\Python27\\lib\\site-packages\\selenium\\webdriver\\remote\\webdriver.py\", line 321, in execute    self.error_handler.check_response(response)  File \"C:\\Python27\\lib\\site-packages\\appium\\webdriver\\errorhandler.py\", line 29, in check_response    raise wdeNoSuchElementException: Message: An element could not be located on the page using the given search parameters."},{"firstjacocotime":5.003,"tagname":"2_019","firstexecutionsuccess":false,"firsttestcasepath":"\\testcase\\firstcases\\testcase2_019.py","firstconsumedtime":30.331,"firstlocpath":null,"firstcoveragepath":"\\coverage\\pwpreferencecoverage\\coverage2_2_019_pw.ec","firsterrorlog":"FAILstr(e):\t\tMessage: An element could not be located on the page using the given search parameters.repr(e):\tNoSuchElementException()Traceback (most recent call last):  File \"\\testcase\\firstcases\\testcase2_019.py\", line 80, in <module>    element = getElememtBack(driver, \"new UiSelector().text(\\\"Capture location on disconnect?\\\")\", \"new UiSelector().resourceId(\\\"a2dp.Vol:id\/checkCaptLoc\\\").className(\\\"android.widget.CheckBox\\\")\")  File \"\\testcase\\firstcases\\testcase2_019.py\", line 53, in getElememtBack    element = driver.find_element_by_android_uiautomator(str2)  File \"C:\\Python27\\lib\\site-packages\\appium\\webdriver\\webdriver.py\", line 327, in find_element_by_android_uiautomator    return self.find_element(by=By.ANDROID_UIAUTOMATOR, value=uia_string)  File \"C:\\Python27\\lib\\site-packages\\appium\\webdriver\\webdriver.py\", line 219, in find_element    'value': value})['value']  File \"C:\\Python27\\lib\\site-packages\\selenium\\webdriver\\remote\\webdriver.py\", line 321, in execute    self.error_handler.check_response(response)  File \"C:\\Python27\\lib\\site-packages\\appium\\webdriver\\errorhandler.py\", line 29, in check_response    raise wdeNoSuchElementException: Message: An element could not be located on the page using the given search parameters."},{"firstjacocotime":5.005,"tagname":"2_012","firstexecutionsuccess":true,"firsttestcasepath":"\\testcase\\firstcases\\testcase2_012.py","firstconsumedtime":7.778,"firstlocpath":null,"firstcoveragepath":"\\coverage\\pwpreferencecoverage\\coverage2_2_012_pw.ec","firsterrorlog":null},{"firstjacocotime":5.004,"tagname":"2_013","firstexecutionsuccess":false,"firsttestcasepath":"\\testcase\\firstcases\\testcase2_013.py","firstconsumedtime":30.969,"firstlocpath":null,"firstcoveragepath":"\\coverage\\pwpreferencecoverage\\coverage2_2_013_pw.ec","firsterrorlog":"FAILstr(e):\t\tMessage: An element could not be located on the page using the given search parameters.repr(e):\tNoSuchElementException()Traceback (most recent call last):  File \"\\testcase\\firstcases\\testcase2_013.py\", line 80, in <module>    element = getElememtBack(driver, \"new UiSelector().text(\\\"com.android.email\\\")\", \"new UiSelector().className(\\\"android.widget.TextView\\\").instance(3)\")  File \"\\testcase\\firstcases\\testcase2_013.py\", line 53, in getElememtBack    element = driver.find_element_by_android_uiautomator(str2)  File \"C:\\Python27\\lib\\site-packages\\appium\\webdriver\\webdriver.py\", line 327, in find_element_by_android_uiautomator    return self.find_element(by=By.ANDROID_UIAUTOMATOR, value=uia_string)  File \"C:\\Python27\\lib\\site-packages\\appium\\webdriver\\webdriver.py\", line 219, in find_element    'value': value})['value']  File \"C:\\Python27\\lib\\site-packages\\selenium\\webdriver\\remote\\webdriver.py\", line 321, in execute    self.error_handler.check_response(response)  File \"C:\\Python27\\lib\\site-packages\\appium\\webdriver\\errorhandler.py\", line 29, in check_response    raise wdeNoSuchElementException: Message: An element could not be located on the page using the given search parameters."},{"firstjacocotime":5.0049996,"tagname":"2_014","firstexecutionsuccess":false,"firsttestcasepath":"\\testcase\\firstcases\\testcase2_014.py","firstconsumedtime":78.107,"firstlocpath":null,"firstcoveragepath":"\\coverage\\pwpreferencecoverage\\coverage2_2_014_pw.ec","firsterrorlog":"FAILstr(e):\t\tMessage: An element could not be located on the page using the given search parameters.repr(e):\tNoSuchElementException()Traceback (most recent call last):  File \"\\testcase\\firstcases\\testcase2_014.py\", line 94, in <module>    element = getElememt(driver, \"new UiSelector().resourceId(\\\"android:id\/home\\\").className(\\\"android.widget.ImageView\\\")\")  File \"\\testcase\\firstcases\\testcase2_014.py\", line 34, in getElememt    element = driver.find_element_by_android_uiautomator(str)  File \"C:\\Python27\\lib\\site-packages\\appium\\webdriver\\webdriver.py\", line 327, in find_element_by_android_uiautomator    return self.find_element(by=By.ANDROID_UIAUTOMATOR, value=uia_string)  File \"C:\\Python27\\lib\\site-packages\\appium\\webdriver\\webdriver.py\", line 219, in find_element    'value': value})['value']  File \"C:\\Python27\\lib\\site-packages\\selenium\\webdriver\\remote\\webdriver.py\", line 321, in execute    self.error_handler.check_response(response)  File \"C:\\Python27\\lib\\site-packages\\appium\\webdriver\\errorhandler.py\", line 29, in check_response    raise wdeNoSuchElementException: Message: An element could not be located on the page using the given search parameters."},{"firstjacocotime":5.0049996,"tagname":"2_015","firstexecutionsuccess":true,"firsttestcasepath":"\\testcase\\firstcases\\testcase2_015.py","firstconsumedtime":13.832,"firstlocpath":null,"firstcoveragepath":"\\coverage\\pwpreferencecoverage\\coverage2_2_015_pw.ec","firsterrorlog":null},{"firstjacocotime":5.0039997,"tagname":"2_010","firstexecutionsuccess":false,"firsttestcasepath":"\\testcase\\firstcases\\testcase2_010.py","firstconsumedtime":20.32,"firstlocpath":null,"firstcoveragepath":"\\coverage\\pwpreferencecoverage\\coverage2_2_010_pw.ec","firsterrorlog":"FAILstr(e):\t\tMessage: An element could not be located on the page using the given search parameters.repr(e):\tNoSuchElementException()Traceback (most recent call last):  File \"\\testcase\\firstcases\\testcase2_010.py\", line 75, in <module>    element = getElememtBack(driver, \"new UiSelector().text(\\\"Power Connection\\\")\", \"new UiSelector().className(\\\"android.widget.TextView\\\").instance(3)\")  File \"\\testcase\\firstcases\\testcase2_010.py\", line 53, in getElememtBack    element = driver.find_element_by_android_uiautomator(str2)  File \"C:\\Python27\\lib\\site-packages\\appium\\webdriver\\webdriver.py\", line 327, in find_element_by_android_uiautomator    return self.find_element(by=By.ANDROID_UIAUTOMATOR, value=uia_string)  File \"C:\\Python27\\lib\\site-packages\\appium\\webdriver\\webdriver.py\", line 219, in find_element    'value': value})['value']  File \"C:\\Python27\\lib\\site-packages\\selenium\\webdriver\\remote\\webdriver.py\", line 321, in execute    self.error_handler.check_response(response)  File \"C:\\Python27\\lib\\site-packages\\appium\\webdriver\\errorhandler.py\", line 29, in check_response    raise wdeNoSuchElementException: Message: An element could not be located on the page using the given search parameters."},{"firstjacocotime":5.003,"tagname":"2_011","firstexecutionsuccess":false,"firsttestcasepath":"\\testcase\\firstcases\\testcase2_011.py","firstconsumedtime":24.644,"firstlocpath":null,"firstcoveragepath":"\\coverage\\pwpreferencecoverage\\coverage2_2_011_pw.ec","firsterrorlog":"FAILstr(e):\t\tMessage: An element could not be located on the page using the given search parameters.repr(e):\tNoSuchElementException()Traceback (most recent call last):  File \"\\testcase\\firstcases\\testcase2_011.py\", line 79, in <module>    element = getElememtBack(driver, \"new UiSelector().text(\\\"Home Dock\\\")\", \"new UiSelector().className(\\\"android.widget.TextView\\\").instance(2)\")  File \"\\testcase\\firstcases\\testcase2_011.py\", line 53, in getElememtBack    element = driver.find_element_by_android_uiautomator(str2)  File \"C:\\Python27\\lib\\site-packages\\appium\\webdriver\\webdriver.py\", line 327, in find_element_by_android_uiautomator    return self.find_element(by=By.ANDROID_UIAUTOMATOR, value=uia_string)  File \"C:\\Python27\\lib\\site-packages\\appium\\webdriver\\webdriver.py\", line 219, in find_element    'value': value})['value']  File \"C:\\Python27\\lib\\site-packages\\selenium\\webdriver\\remote\\webdriver.py\", line 321, in execute    self.error_handler.check_response(response)  File \"C:\\Python27\\lib\\site-packages\\appium\\webdriver\\errorhandler.py\", line 29, in check_response    raise wdeNoSuchElementException: Message: An element could not be located on the page using the given search parameters."},{"firstjacocotime":5.0039997,"tagname":"5_000","firstexecutionsuccess":false,"firsttestcasepath":"\\testcase\\firstcases\\testcase5_000.py","firstconsumedtime":35.909,"firstlocpath":null,"firstcoveragepath":"\\coverage\\pwpreferencecoverage\\coverage2_5_000_pw.ec","firsterrorlog":"FAILstr(e):\t\tMessage: An element could not be located on the page using the given search parameters.repr(e):\tNoSuchElementException()Traceback (most recent call last):  File \"\\testcase\\firstcases\\testcase5_000.py\", line 80, in <module>    element = getElememtBack(driver, \"new UiSelector().text(\\\"Set media volume on connect?\\\")\", \"new UiSelector().resourceId(\\\"a2dp.Vol:id\/checkSetVol\\\").className(\\\"android.widget.CheckBox\\\")\")  File \"\\testcase\\firstcases\\testcase5_000.py\", line 53, in getElememtBack    element = driver.find_element_by_android_uiautomator(str2)  File \"C:\\Python27\\lib\\site-packages\\appium\\webdriver\\webdriver.py\", line 327, in find_element_by_android_uiautomator    return self.find_element(by=By.ANDROID_UIAUTOMATOR, value=uia_string)  File \"C:\\Python27\\lib\\site-packages\\appium\\webdriver\\webdriver.py\", line 219, in find_element    'value': value})['value']  File \"C:\\Python27\\lib\\site-packages\\selenium\\webdriver\\remote\\webdriver.py\", line 321, in execute    self.error_handler.check_response(response)  File \"C:\\Python27\\lib\\site-packages\\appium\\webdriver\\errorhandler.py\", line 29, in check_response    raise wdeNoSuchElementException: Message: An element could not be located on the page using the given search parameters."},{"firstjacocotime":5.0039997,"tagname":"5_001","firstexecutionsuccess":true,"firsttestcasepath":"\\testcase\\firstcases\\testcase5_001.py","firstconsumedtime":18.149,"firstlocpath":null,"firstcoveragepath":"\\coverage\\pwpreferencecoverage\\coverage2_5_001_pw.ec","firsterrorlog":null},{"firstjacocotime":5.004,"tagname":"5_008","firstexecutionsuccess":false,"firsttestcasepath":"\\testcase\\firstcases\\testcase5_008.py","firstconsumedtime":33.167,"firstlocpath":null,"firstcoveragepath":"\\coverage\\pwpreferencecoverage\\coverage2_5_008_pw.ec","firsterrorlog":"FAILstr(e):\t\tMessage: An element could not be located on the page using the given search parameters.repr(e):\tNoSuchElementException()Traceback (most recent call last):  File \"\\testcase\\firstcases\\testcase5_008.py\", line 82, in <module>    element = getElememtBack(driver, \"new UiSelector().text(\\\"Edit\\\")\", \"new UiSelector().className(\\\"android.widget.Button\\\").instance(1)\")  File \"\\testcase\\firstcases\\testcase5_008.py\", line 53, in getElememtBack    element = driver.find_element_by_android_uiautomator(str2)  File \"C:\\Python27\\lib\\site-packages\\appium\\webdriver\\webdriver.py\", line 327, in find_element_by_android_uiautomator    return self.find_element(by=By.ANDROID_UIAUTOMATOR, value=uia_string)  File \"C:\\Python27\\lib\\site-packages\\appium\\webdriver\\webdriver.py\", line 219, in find_element    'value': value})['value']  File \"C:\\Python27\\lib\\site-packages\\selenium\\webdriver\\remote\\webdriver.py\", line 321, in execute    self.error_handler.check_response(response)  File \"C:\\Python27\\lib\\site-packages\\appium\\webdriver\\errorhandler.py\", line 29, in check_response    raise wdeNoSuchElementException: Message: An element could not be located on the page using the given search parameters."},{"firstjacocotime":5.0039997,"tagname":"5_009","firstexecutionsuccess":false,"firsttestcasepath":"\\testcase\\firstcases\\testcase5_009.py","firstconsumedtime":29.293,"firstlocpath":null,"firstcoveragepath":"\\coverage\\pwpreferencecoverage\\coverage2_5_009_pw.ec","firsterrorlog":"FAILstr(e):\t\tMessage: An element could not be located on the page using the given search parameters.repr(e):\tNoSuchElementException()Traceback (most recent call last):  File \"\\testcase\\firstcases\\testcase5_009.py\", line 80, in <module>    element = getElememtBack(driver, \"new UiSelector().text(\\\"Ramp volume up?\\\")\", \"new UiSelector().resourceId(\\\"a2dp.Vol:id\/rampBox\\\").className(\\\"android.widget.CheckBox\\\")\")  File \"\\testcase\\firstcases\\testcase5_009.py\", line 53, in getElememtBack    element = driver.find_element_by_android_uiautomator(str2)  File \"C:\\Python27\\lib\\site-packages\\appium\\webdriver\\webdriver.py\", line 327, in find_element_by_android_uiautomator    return self.find_element(by=By.ANDROID_UIAUTOMATOR, value=uia_string)  File \"C:\\Python27\\lib\\site-packages\\appium\\webdriver\\webdriver.py\", line 219, in find_element    'value': value})['value']  File \"C:\\Python27\\lib\\site-packages\\selenium\\webdriver\\remote\\webdriver.py\", line 321, in execute    self.error_handler.check_response(response)  File \"C:\\Python27\\lib\\site-packages\\appium\\webdriver\\errorhandler.py\", line 29, in check_response    raise wdeNoSuchElementException: Message: An element could not be located on the page using the given search parameters."},{"firstjacocotime":5.0039997,"tagname":"5_006","firstexecutionsuccess":false,"firsttestcasepath":"\\testcase\\firstcases\\testcase5_006.py","firstconsumedtime":33.159,"firstlocpath":null,"firstcoveragepath":"\\coverage\\pwpreferencecoverage\\coverage2_5_006_pw.ec","firsterrorlog":"FAILstr(e):\t\tMessage: An element could not be located on the page using the given search parameters.repr(e):\tNoSuchElementException()Traceback (most recent call last):  File \"\\testcase\\firstcases\\testcase5_006.py\", line 80, in <module>    element = getElememtBack(driver, \"new UiSelector().text(\\\"Force App Restart?\\\")\", \"new UiSelector().resourceId(\\\"a2dp.Vol:id\/appRestartCheckbox\\\").className(\\\"android.widget.CheckBox\\\")\")  File \"\\testcase\\firstcases\\testcase5_006.py\", line 53, in getElememtBack    element = driver.find_element_by_android_uiautomator(str2)  File \"C:\\Python27\\lib\\site-packages\\appium\\webdriver\\webdriver.py\", line 327, in find_element_by_android_uiautomator    return self.find_element(by=By.ANDROID_UIAUTOMATOR, value=uia_string)  File \"C:\\Python27\\lib\\site-packages\\appium\\webdriver\\webdriver.py\", line 219, in find_element    'value': value})['value']  File \"C:\\Python27\\lib\\site-packages\\selenium\\webdriver\\remote\\webdriver.py\", line 321, in execute    self.error_handler.check_response(response)  File \"C:\\Python27\\lib\\site-packages\\appium\\webdriver\\errorhandler.py\", line 29, in check_response    raise wdeNoSuchElementException: Message: An element could not be located on the page using the given search parameters."},{"firstjacocotime":5.004,"tagname":"5_007","firstexecutionsuccess":false,"firsttestcasepath":"\\testcase\\firstcases\\testcase5_007.py","firstconsumedtime":42.829998,"firstlocpath":null,"firstcoveragepath":"\\coverage\\pwpreferencecoverage\\coverage2_5_007_pw.ec","firsterrorlog":"FAILstr(e):\t\tMessage: An element could not be located on the page using the given search parameters.repr(e):\tNoSuchElementException()Traceback (most recent call last):  File \"\\testcase\\firstcases\\testcase5_007.py\", line 88, in <module>    element = getElememtBack(driver, \"new UiSelector().text(\\\"Power Connection\\\")\", \"new UiSelector().className(\\\"android.widget.TextView\\\").instance(3)\")  File \"\\testcase\\firstcases\\testcase5_007.py\", line 53, in getElememtBack    element = driver.find_element_by_android_uiautomator(str2)  File \"C:\\Python27\\lib\\site-packages\\appium\\webdriver\\webdriver.py\", line 327, in find_element_by_android_uiautomator    return self.find_element(by=By.ANDROID_UIAUTOMATOR, value=uia_string)  File \"C:\\Python27\\lib\\site-packages\\appium\\webdriver\\webdriver.py\", line 219, in find_element    'value': value})['value']  File \"C:\\Python27\\lib\\site-packages\\selenium\\webdriver\\remote\\webdriver.py\", line 321, in execute    self.error_handler.check_response(response)  File \"C:\\Python27\\lib\\site-packages\\appium\\webdriver\\errorhandler.py\", line 29, in check_response    raise wdeNoSuchElementException: Message: An element could not be located on the page using the given search parameters."},{"firstjacocotime":5.0039997,"tagname":"5_004","firstexecutionsuccess":false,"firsttestcasepath":"\\testcase\\firstcases\\testcase5_004.py","firstconsumedtime":25.016,"firstlocpath":null,"firstcoveragepath":"\\coverage\\pwpreferencecoverage\\coverage2_5_004_pw.ec","firsterrorlog":"FAILstr(e):\t\tMessage: An element could not be located on the page using the given search parameters.repr(e):\tNoSuchElementException()Traceback (most recent call last):  File \"\\testcase\\firstcases\\testcase5_004.py\", line 79, in <module>    element = getElememtBack(driver, \"new UiSelector().text(\\\"Home Dock\\\")\", \"new UiSelector().className(\\\"android.widget.TextView\\\").instance(2)\")  File \"\\testcase\\firstcases\\testcase5_004.py\", line 53, in getElememtBack    element = driver.find_element_by_android_uiautomator(str2)  File \"C:\\Python27\\lib\\site-packages\\appium\\webdriver\\webdriver.py\", line 327, in find_element_by_android_uiautomator    return self.find_element(by=By.ANDROID_UIAUTOMATOR, value=uia_string)  File \"C:\\Python27\\lib\\site-packages\\appium\\webdriver\\webdriver.py\", line 219, in find_element    'value': value})['value']  File \"C:\\Python27\\lib\\site-packages\\selenium\\webdriver\\remote\\webdriver.py\", line 321, in execute    self.error_handler.check_response(response)  File \"C:\\Python27\\lib\\site-packages\\appium\\webdriver\\errorhandler.py\", line 29, in check_response    raise wdeNoSuchElementException: Message: An element could not be located on the page using the given search parameters."},{"firstjacocotime":5.005,"tagname":"5_005","firstexecutionsuccess":false,"firsttestcasepath":"\\testcase\\firstcases\\testcase5_005.py","firstconsumedtime":37.77,"firstlocpath":null,"firstcoveragepath":"\\coverage\\pwpreferencecoverage\\coverage2_5_005_pw.ec","firsterrorlog":"FAILstr(e):\t\tMessage: An element could not be located on the page using the given search parameters.repr(e):\tNoSuchElementException()Traceback (most recent call last):  File \"\\testcase\\firstcases\\testcase5_005.py\", line 84, in <module>    element = getElememtBack(driver, \"new UiSelector().text(\\\"testr Connection\\\")\", \"new UiSelector().className(\\\"android.widget.TextView\\\").instance(2)\")  File \"\\testcase\\firstcases\\testcase5_005.py\", line 53, in getElememtBack    element = driver.find_element_by_android_uiautomator(str2)  File \"C:\\Python27\\lib\\site-packages\\appium\\webdriver\\webdriver.py\", line 327, in find_element_by_android_uiautomator    return self.find_element(by=By.ANDROID_UIAUTOMATOR, value=uia_string)  File \"C:\\Python27\\lib\\site-packages\\appium\\webdriver\\webdriver.py\", line 219, in find_element    'value': value})['value']  File \"C:\\Python27\\lib\\site-packages\\selenium\\webdriver\\remote\\webdriver.py\", line 321, in execute    self.error_handler.check_response(response)  File \"C:\\Python27\\lib\\site-packages\\appium\\webdriver\\errorhandler.py\", line 29, in check_response    raise wdeNoSuchElementException: Message: An element could not be located on the page using the given search parameters."},{"firstjacocotime":5.002,"tagname":"5_002","firstexecutionsuccess":false,"firsttestcasepath":"\\testcase\\firstcases\\testcase5_002.py","firstconsumedtime":24.14,"firstlocpath":null,"firstcoveragepath":"\\coverage\\pwpreferencecoverage\\coverage2_5_002_pw.ec","firsterrorlog":"FAILstr(e):\t\tMessage: An element could not be located on the page using the given search parameters.repr(e):\tNoSuchElementException()Traceback (most recent call last):  File \"\\testcase\\firstcases\\testcase5_002.py\", line 76, in <module>    element = getElememt(driver, \"new UiSelector().resourceId(\\\"a2dp.Vol:id\/editApp\\\").className(\\\"android.widget.EditText\\\")\")  File \"\\testcase\\firstcases\\testcase5_002.py\", line 34, in getElememt    element = driver.find_element_by_android_uiautomator(str)  File \"C:\\Python27\\lib\\site-packages\\appium\\webdriver\\webdriver.py\", line 327, in find_element_by_android_uiautomator    return self.find_element(by=By.ANDROID_UIAUTOMATOR, value=uia_string)  File \"C:\\Python27\\lib\\site-packages\\appium\\webdriver\\webdriver.py\", line 219, in find_element    'value': value})['value']  File \"C:\\Python27\\lib\\site-packages\\selenium\\webdriver\\remote\\webdriver.py\", line 321, in execute    self.error_handler.check_response(response)  File \"C:\\Python27\\lib\\site-packages\\appium\\webdriver\\errorhandler.py\", line 29, in check_response    raise wdeNoSuchElementException: Message: An element could not be located on the page using the given search parameters."},{"firstjacocotime":5.005,"tagname":"5_003","firstexecutionsuccess":true,"firsttestcasepath":"\\testcase\\firstcases\\testcase5_003.py","firstconsumedtime":22.523,"firstlocpath":null,"firstcoveragepath":"\\coverage\\pwpreferencecoverage\\coverage2_5_003_pw.ec","firsterrorlog":null},{"firstjacocotime":5.0049996,"tagname":"2_009","firstexecutionsuccess":false,"firsttestcasepath":"\\testcase\\firstcases\\testcase2_009.py","firstconsumedtime":37.28,"firstlocpath":null,"firstcoveragepath":"\\coverage\\pwpreferencecoverage\\coverage2_2_009_pw.ec","firsterrorlog":"FAILstr(e):\t\tMessage: An element could not be located on the page using the given search parameters.repr(e):\tNoSuchElementException()Traceback (most recent call last):  File \"\\testcase\\firstcases\\testcase2_009.py\", line 88, in <module>    element = getElememt(driver, \"new UiSelector().resourceId(\\\"a2dp.Vol:id\/editApp\\\").className(\\\"android.widget.EditText\\\")\")  File \"\\testcase\\firstcases\\testcase2_009.py\", line 34, in getElememt    element = driver.find_element_by_android_uiautomator(str)  File \"C:\\Python27\\lib\\site-packages\\appium\\webdriver\\webdriver.py\", line 327, in find_element_by_android_uiautomator    return self.find_element(by=By.ANDROID_UIAUTOMATOR, value=uia_string)  File \"C:\\Python27\\lib\\site-packages\\appium\\webdriver\\webdriver.py\", line 219, in find_element    'value': value})['value']  File \"C:\\Python27\\lib\\site-packages\\selenium\\webdriver\\remote\\webdriver.py\", line 321, in execute    self.error_handler.check_response(response)  File \"C:\\Python27\\lib\\site-packages\\appium\\webdriver\\errorhandler.py\", line 29, in check_response    raise wdeNoSuchElementException: Message: An element could not be located on the page using the given search parameters."},{"firstjacocotime":5.0049996,"tagname":"2_005","firstexecutionsuccess":false,"firsttestcasepath":"\\testcase\\firstcases\\testcase2_005.py","firstconsumedtime":26.359,"firstlocpath":null,"firstcoveragepath":"\\coverage\\pwpreferencecoverage\\coverage2_2_005_pw.ec","firsterrorlog":"FAILstr(e):\t\tMessage: An element could not be located on the page using the given search parameters.repr(e):\tNoSuchElementException()Traceback (most recent call last):  File \"\\testcase\\firstcases\\testcase2_005.py\", line 80, in <module>    element = getElememtBack(driver, \"new UiSelector().text(\\\"Force App Restart?\\\")\", \"new UiSelector().resourceId(\\\"a2dp.Vol:id\/appRestartCheckbox\\\").className(\\\"android.widget.CheckBox\\\")\")  File \"\\testcase\\firstcases\\testcase2_005.py\", line 53, in getElememtBack    element = driver.find_element_by_android_uiautomator(str2)  File \"C:\\Python27\\lib\\site-packages\\appium\\webdriver\\webdriver.py\", line 327, in find_element_by_android_uiautomator    return self.find_element(by=By.ANDROID_UIAUTOMATOR, value=uia_string)  File \"C:\\Python27\\lib\\site-packages\\appium\\webdriver\\webdriver.py\", line 219, in find_element    'value': value})['value']  File \"C:\\Python27\\lib\\site-packages\\selenium\\webdriver\\remote\\webdriver.py\", line 321, in execute    self.error_handler.check_response(response)  File \"C:\\Python27\\lib\\site-packages\\appium\\webdriver\\errorhandler.py\", line 29, in check_response    raise wdeNoSuchElementException: Message: An element could not be located on the page using the given search parameters."},{"firstjacocotime":5.0039997,"tagname":"2_006","firstexecutionsuccess":false,"firsttestcasepath":"\\testcase\\firstcases\\testcase2_006.py","firstconsumedtime":19.392,"firstlocpath":null,"firstcoveragepath":"\\coverage\\pwpreferencecoverage\\coverage2_2_006_pw.ec","firsterrorlog":"FAILstr(e):\t\tMessage: An element could not be located on the page using the given search parameters.repr(e):\tNoSuchElementException()Traceback (most recent call last):  File \"\\testcase\\firstcases\\testcase2_006.py\", line 76, in <module>    element = getElememt(driver, \"new UiSelector().resourceId(\\\"a2dp.Vol:id\/editApp\\\").className(\\\"android.widget.EditText\\\")\")  File \"\\testcase\\firstcases\\testcase2_006.py\", line 34, in getElememt    element = driver.find_element_by_android_uiautomator(str)  File \"C:\\Python27\\lib\\site-packages\\appium\\webdriver\\webdriver.py\", line 327, in find_element_by_android_uiautomator    return self.find_element(by=By.ANDROID_UIAUTOMATOR, value=uia_string)  File \"C:\\Python27\\lib\\site-packages\\appium\\webdriver\\webdriver.py\", line 219, in find_element    'value': value})['value']  File \"C:\\Python27\\lib\\site-packages\\selenium\\webdriver\\remote\\webdriver.py\", line 321, in execute    self.error_handler.check_response(response)  File \"C:\\Python27\\lib\\site-packages\\appium\\webdriver\\errorhandler.py\", line 29, in check_response    raise wdeNoSuchElementException: Message: An element could not be located on the page using the given search parameters."},{"firstjacocotime":37.563,"tagname":"preference_pre","firstexecutionsuccess":true,"firsttestcasepath":"\\testcase\\pwpreferencecases\\PW_pre_2_log.py","firstconsumedtime":102.7,"firstlocpath":null,"firstcoveragepath":"\\coverage\\pwpreferencecoverage\\coverage2_preference_pre_pw.ec","firsterrorlog":null},{"firstjacocotime":5.003,"tagname":"2_007","firstexecutionsuccess":false,"firsttestcasepath":"\\testcase\\firstcases\\testcase2_007.py","firstconsumedtime":26.407,"firstlocpath":null,"firstcoveragepath":"\\coverage\\pwpreferencecoverage\\coverage2_2_007_pw.ec","firsterrorlog":"FAILstr(e):\t\tMessage: An element could not be located on the page using the given search parameters.repr(e):\tNoSuchElementException()Traceback (most recent call last):  File \"\\testcase\\firstcases\\testcase2_007.py\", line 78, in <module>    element = getElememtBack(driver, \"new UiSelector().text(\\\"testr Connection\\\")\", \"new UiSelector().className(\\\"android.widget.TextView\\\").instance(2)\")  File \"\\testcase\\firstcases\\testcase2_007.py\", line 53, in getElememtBack    element = driver.find_element_by_android_uiautomator(str2)  File \"C:\\Python27\\lib\\site-packages\\appium\\webdriver\\webdriver.py\", line 327, in find_element_by_android_uiautomator    return self.find_element(by=By.ANDROID_UIAUTOMATOR, value=uia_string)  File \"C:\\Python27\\lib\\site-packages\\appium\\webdriver\\webdriver.py\", line 219, in find_element    'value': value})['value']  File \"C:\\Python27\\lib\\site-packages\\selenium\\webdriver\\remote\\webdriver.py\", line 321, in execute    self.error_handler.check_response(response)  File \"C:\\Python27\\lib\\site-packages\\appium\\webdriver\\errorhandler.py\", line 29, in check_response    raise wdeNoSuchElementException: Message: An element could not be located on the page using the given search parameters."},{"firstjacocotime":5.0049996,"tagname":"2_008","firstexecutionsuccess":false,"firsttestcasepath":"\\testcase\\firstcases\\testcase2_008.py","firstconsumedtime":40.176,"firstlocpath":null,"firstcoveragepath":"\\coverage\\pwpreferencecoverage\\coverage2_2_008_pw.ec","firsterrorlog":"FAILstr(e):\t\tMessage: An element could not be located on the page using the given search parameters.repr(e):\tNoSuchElementException()Traceback (most recent call last):  File \"\\testcase\\firstcases\\testcase2_008.py\", line 90, in <module>    element = getElememt(driver, \"new UiSelector().resourceId(\\\"a2dp.Vol:id\/editApp\\\").className(\\\"android.widget.EditText\\\")\")  File \"\\testcase\\firstcases\\testcase2_008.py\", line 34, in getElememt    element = driver.find_element_by_android_uiautomator(str)  File \"C:\\Python27\\lib\\site-packages\\appium\\webdriver\\webdriver.py\", line 327, in find_element_by_android_uiautomator    return self.find_element(by=By.ANDROID_UIAUTOMATOR, value=uia_string)  File \"C:\\Python27\\lib\\site-packages\\appium\\webdriver\\webdriver.py\", line 219, in find_element    'value': value})['value']  File \"C:\\Python27\\lib\\site-packages\\selenium\\webdriver\\remote\\webdriver.py\", line 321, in execute    self.error_handler.check_response(response)  File \"C:\\Python27\\lib\\site-packages\\appium\\webdriver\\errorhandler.py\", line 29, in check_response    raise wdeNoSuchElementException: Message: An element could not be located on the page using the given search parameters."},{"firstjacocotime":5.003,"tagname":"2_001","firstexecutionsuccess":false,"firsttestcasepath":"\\testcase\\firstcases\\testcase2_001.py","firstconsumedtime":20.884,"firstlocpath":null,"firstcoveragepath":"\\coverage\\pwpreferencecoverage\\coverage2_2_001_pw.ec","firsterrorlog":"FAILstr(e):\t\tMessage: An element could not be located on the page using the given search parameters.repr(e):\tNoSuchElementException()Traceback (most recent call last):  File \"\\testcase\\firstcases\\testcase2_001.py\", line 77, in <module>    element = getElememtBack(driver, \"new UiSelector().text(\\\"Automatically remember last used media volume on disconnect\\\")\", \"new UiSelector().resourceId(\\\"a2dp.Vol:id\/autoVolcheckBox\\\").className(\\\"android.widget.CheckBox\\\")\")  File \"\\testcase\\firstcases\\testcase2_001.py\", line 53, in getElememtBack    element = driver.find_element_by_android_uiautomator(str2)  File \"C:\\Python27\\lib\\site-packages\\appium\\webdriver\\webdriver.py\", line 327, in find_element_by_android_uiautomator    return self.find_element(by=By.ANDROID_UIAUTOMATOR, value=uia_string)  File \"C:\\Python27\\lib\\site-packages\\appium\\webdriver\\webdriver.py\", line 219, in find_element    'value': value})['value']  File \"C:\\Python27\\lib\\site-packages\\selenium\\webdriver\\remote\\webdriver.py\", line 321, in execute    self.error_handler.check_response(response)  File \"C:\\Python27\\lib\\site-packages\\appium\\webdriver\\errorhandler.py\", line 29, in check_response    raise wdeNoSuchElementException: Message: An element could not be located on the page using the given search parameters."},{"firstjacocotime":5.003,"tagname":"2_002","firstexecutionsuccess":false,"firsttestcasepath":"\\testcase\\firstcases\\testcase2_002.py","firstconsumedtime":44.121,"firstlocpath":null,"firstcoveragepath":"\\coverage\\pwpreferencecoverage\\coverage2_2_002_pw.ec","firsterrorlog":"FAILstr(e):\t\tMessage: An element could not be located on the page using the given search parameters.repr(e):\tNoSuchElementException()Traceback (most recent call last):  File \"\\testcase\\firstcases\\testcase2_002.py\", line 94, in <module>    element = getElememtBack(driver, \"new UiSelector().text(\\\"testr Connection\\\")\", \"new UiSelector().className(\\\"android.widget.TextView\\\").instance(3)\")  File \"\\testcase\\firstcases\\testcase2_002.py\", line 53, in getElememtBack    element = driver.find_element_by_android_uiautomator(str2)  File \"C:\\Python27\\lib\\site-packages\\appium\\webdriver\\webdriver.py\", line 327, in find_element_by_android_uiautomator    return self.find_element(by=By.ANDROID_UIAUTOMATOR, value=uia_string)  File \"C:\\Python27\\lib\\site-packages\\appium\\webdriver\\webdriver.py\", line 219, in find_element    'value': value})['value']  File \"C:\\Python27\\lib\\site-packages\\selenium\\webdriver\\remote\\webdriver.py\", line 321, in execute    self.error_handler.check_response(response)  File \"C:\\Python27\\lib\\site-packages\\appium\\webdriver\\errorhandler.py\", line 29, in check_response    raise wdeNoSuchElementException: Message: An element could not be located on the page using the given search parameters."},{"firstjacocotime":0.0,"tagname":"2_003","firstexecutionsuccess":false,"firsttestcasepath":"\\testcase\\firstcases\\testcase2_003.py","firstconsumedtime":0.0,"firstlocpath":null,"firstcoveragepath":"\\coverage\\pwpreferencecoverage\\coverage2_2_003_pw.ec","firsterrorlog":"FAILstr(e):\t\t('Connection aborted.', BadStatusLine(\"''\",))repr(e):\tProtocolError('Connection aborted.', BadStatusLine(\"''\",))Traceback (most recent call last):  File \"\\testcase\\firstcases\\testcase2_003.py\", line 71, in <module>    driver = webdriver.Remote('http:\/\/localhost:4723\/wd\/hub', desired_caps)  File \"C:\\Python27\\lib\\site-packages\\appium\\webdriver\\webdriver.py\", line 94, in __init__    super(WebDriver, self).__init__(command_executor, desired_capabilities, browser_profile, proxy, keep_alive)  File \"C:\\Python27\\lib\\site-packages\\selenium\\webdriver\\remote\\webdriver.py\", line 157, in __init__    self.start_session(capabilities, browser_profile)  File \"C:\\Python27\\lib\\site-packages\\appium\\webdriver\\webdriver.py\", line 135, in start_session    response = self.execute(RemoteCommand.NEW_SESSION, parameters)  File \"C:\\Python27\\lib\\site-packages\\selenium\\webdriver\\remote\\webdriver.py\", line 319, in execute    response = self.command_executor.execute(driver_command, params)  File \"C:\\Python27\\lib\\site-packages\\selenium\\webdriver\\remote\\remote_connection.py\", line 374, in execute    return self._request(command_info[0], url, body=data)  File \"C:\\Python27\\lib\\site-packages\\selenium\\webdriver\\remote\\remote_connection.py\", line 402, in _request    resp = http.request(method, url, body=body, headers=headers)  File \"C:\\Python27\\lib\\site-packages\\urllib3\\request.py\", line 72, in request    **urlopen_kw)  File \"C:\\Python27\\lib\\site-packages\\urllib3\\request.py\", line 150, in request_encode_body    return self.urlopen(method, url, **extra_kw)  File \"C:\\Python27\\lib\\site-packages\\urllib3\\poolmanager.py\", line 323, in urlopen    response = conn.urlopen(method, u.request_uri, **kw)  File \"C:\\Python27\\lib\\site-packages\\urllib3\\connectionpool.py\", line 638, in urlopen    _stacktrace=sys.exc_info()[2])  File \"C:\\Python27\\lib\\site-packages\\urllib3\\util\\retry.py\", line 367, in increment    raise six.reraise(type(error), error, _stacktrace)  File \"C:\\Python27\\lib\\site-packages\\urllib3\\connectionpool.py\", line 600, in urlopen    chunked=chunked)  File \"C:\\Python27\\lib\\site-packages\\urllib3\\connectionpool.py\", line 377, in _make_request    httplib_response = conn.getresponse(buffering=True)  File \"C:\\Python27\\lib\\httplib.py\", line 1121, in getresponse    response.begin()  File \"C:\\Python27\\lib\\httplib.py\", line 438, in begin    version, status, reason = self._read_status()  File \"C:\\Python27\\lib\\httplib.py\", line 402, in _read_status    raise BadStatusLine(line)ProtocolError: ('Connection aborted.', BadStatusLine(\"''\",))"},{"firstjacocotime":5.0049996,"tagname":"2_004","firstexecutionsuccess":true,"firsttestcasepath":"\\testcase\\firstcases\\testcase2_004.py","firstconsumedtime":9.86,"firstlocpath":null,"firstcoveragepath":"\\coverage\\pwpreferencecoverage\\coverage2_2_004_pw.ec","firsterrorlog":null},{"firstjacocotime":5.0039997,"tagname":"2_000","firstexecutionsuccess":true,"firsttestcasepath":"\\testcase\\firstcases\\testcase2_000.py","firstconsumedtime":37.643,"firstlocpath":null,"firstcoveragepath":"\\coverage\\pwpreferencecoverage\\coverage2_2_000_pw.ec","firsterrorlog":null},{"firstjacocotime":5.004,"tagname":"5_011","firstexecutionsuccess":false,"firsttestcasepath":"\\testcase\\firstcases\\testcase5_011.py","firstconsumedtime":30.456999,"firstlocpath":null,"firstcoveragepath":"\\coverage\\pwpreferencecoverage\\coverage2_5_011_pw.ec","firsterrorlog":"FAILstr(e):\t\tMessage: An element could not be located on the page using the given search parameters.repr(e):\tNoSuchElementException()Traceback (most recent call last):  File \"\\testcase\\firstcases\\testcase5_011.py\", line 80, in <module>    element = getElememt(driver, \"new UiSelector().resourceId(\\\"a2dp.Vol:id\/editDesc2\\\").className(\\\"android.widget.EditText\\\")\")  File \"\\testcase\\firstcases\\testcase5_011.py\", line 34, in getElememt    element = driver.find_element_by_android_uiautomator(str)  File \"C:\\Python27\\lib\\site-packages\\appium\\webdriver\\webdriver.py\", line 327, in find_element_by_android_uiautomator    return self.find_element(by=By.ANDROID_UIAUTOMATOR, value=uia_string)  File \"C:\\Python27\\lib\\site-packages\\appium\\webdriver\\webdriver.py\", line 219, in find_element    'value': value})['value']  File \"C:\\Python27\\lib\\site-packages\\selenium\\webdriver\\remote\\webdriver.py\", line 321, in execute    self.error_handler.check_response(response)  File \"C:\\Python27\\lib\\site-packages\\appium\\webdriver\\errorhandler.py\", line 29, in check_response    raise wdeNoSuchElementException: Message: An element could not be located on the page using the given search parameters."},{"firstjacocotime":5.003,"tagname":"5_012","firstexecutionsuccess":false,"firsttestcasepath":"\\testcase\\firstcases\\testcase5_012.py","firstconsumedtime":25.467,"firstlocpath":null,"firstcoveragepath":"\\coverage\\pwpreferencecoverage\\coverage2_5_012_pw.ec","firsterrorlog":"FAILstr(e):\t\tMessage: An element could not be located on the page using the given search parameters.repr(e):\tNoSuchElementException()Traceback (most recent call last):  File \"\\testcase\\firstcases\\testcase5_012.py\", line 76, in <module>    element = getElememtBack(driver, \"new UiSelector().text(\\\"testr Connection\\\")\", \"new UiSelector().className(\\\"android.widget.TextView\\\").instance(2)\")  File \"\\testcase\\firstcases\\testcase5_012.py\", line 53, in getElememtBack    element = driver.find_element_by_android_uiautomator(str2)  File \"C:\\Python27\\lib\\site-packages\\appium\\webdriver\\webdriver.py\", line 327, in find_element_by_android_uiautomator    return self.find_element(by=By.ANDROID_UIAUTOMATOR, value=uia_string)  File \"C:\\Python27\\lib\\site-packages\\appium\\webdriver\\webdriver.py\", line 219, in find_element    'value': value})['value']  File \"C:\\Python27\\lib\\site-packages\\selenium\\webdriver\\remote\\webdriver.py\", line 321, in execute    self.error_handler.check_response(response)  File \"C:\\Python27\\lib\\site-packages\\appium\\webdriver\\errorhandler.py\", line 29, in check_response    raise wdeNoSuchElementException: Message: An element could not be located on the page using the given search parameters."},{"firstjacocotime":5.0039997,"tagname":"5_010","firstexecutionsuccess":false,"firsttestcasepath":"\\testcase\\firstcases\\testcase5_010.py","firstconsumedtime":26.824,"firstlocpath":null,"firstcoveragepath":"\\coverage\\pwpreferencecoverage\\coverage2_5_010_pw.ec","firsterrorlog":"FAILstr(e):\t\tMessage: An element could not be located on the page using the given search parameters.repr(e):\tNoSuchElementException()Traceback (most recent call last):  File \"\\testcase\\firstcases\\testcase5_010.py\", line 78, in <module>    element = getElememtBack(driver, \"new UiSelector().text(\\\"Disconnect WIFI when bluetooth connects?\\\")\", \"new UiSelector().resourceId(\\\"a2dp.Vol:id\/checkwifi\\\").className(\\\"android.widget.CheckBox\\\")\")  File \"\\testcase\\firstcases\\testcase5_010.py\", line 53, in getElememtBack    element = driver.find_element_by_android_uiautomator(str2)  File \"C:\\Python27\\lib\\site-packages\\appium\\webdriver\\webdriver.py\", line 327, in find_element_by_android_uiautomator    return self.find_element(by=By.ANDROID_UIAUTOMATOR, value=uia_string)  File \"C:\\Python27\\lib\\site-packages\\appium\\webdriver\\webdriver.py\", line 219, in find_element    'value': value})['value']  File \"C:\\Python27\\lib\\site-packages\\selenium\\webdriver\\remote\\webdriver.py\", line 321, in execute    self.error_handler.check_response(response)  File \"C:\\Python27\\lib\\site-packages\\appium\\webdriver\\errorhandler.py\", line 29, in check_response    raise wdeNoSuchElementException: Message: An element could not be located on the page using the given search parameters."},{"firstjacocotime":5.003,"tagname":"5_019","firstexecutionsuccess":false,"firsttestcasepath":"\\testcase\\firstcases\\testcase5_019.py","firstconsumedtime":42.493,"firstlocpath":null,"firstcoveragepath":"\\coverage\\pwpreferencecoverage\\coverage2_5_019_pw.ec","firsterrorlog":"FAILstr(e):\t\tMessage: An element could not be located on the page using the given search parameters.repr(e):\tNoSuchElementException()Traceback (most recent call last):  File \"\\testcase\\firstcases\\testcase5_019.py\", line 84, in <module>    element = getElememtBack(driver, \"new UiSelector().text(\\\"Edit\\\")\", \"new UiSelector().className(\\\"android.widget.Button\\\").instance(1)\")  File \"\\testcase\\firstcases\\testcase5_019.py\", line 53, in getElememtBack    element = driver.find_element_by_android_uiautomator(str2)  File \"C:\\Python27\\lib\\site-packages\\appium\\webdriver\\webdriver.py\", line 327, in find_element_by_android_uiautomator    return self.find_element(by=By.ANDROID_UIAUTOMATOR, value=uia_string)  File \"C:\\Python27\\lib\\site-packages\\appium\\webdriver\\webdriver.py\", line 219, in find_element    'value': value})['value']  File \"C:\\Python27\\lib\\site-packages\\selenium\\webdriver\\remote\\webdriver.py\", line 321, in execute    self.error_handler.check_response(response)  File \"C:\\Python27\\lib\\site-packages\\appium\\webdriver\\errorhandler.py\", line 29, in check_response    raise wdeNoSuchElementException: Message: An element could not be located on the page using the given search parameters."},{"firstjacocotime":5.0039997,"tagname":"5_017","firstexecutionsuccess":true,"firsttestcasepath":"\\testcase\\firstcases\\testcase5_017.py","firstconsumedtime":7.8980002,"firstlocpath":null,"firstcoveragepath":"\\coverage\\pwpreferencecoverage\\coverage2_5_017_pw.ec","firsterrorlog":null},{"firstjacocotime":5.0049996,"tagname":"5_018","firstexecutionsuccess":false,"firsttestcasepath":"\\testcase\\firstcases\\testcase5_018.py","firstconsumedtime":29.185,"firstlocpath":null,"firstcoveragepath":"\\coverage\\pwpreferencecoverage\\coverage2_5_018_pw.ec","firsterrorlog":"FAILstr(e):\t\tMessage: An element could not be located on the page using the given search parameters.repr(e):\tNoSuchElementException()Traceback (most recent call last):  File \"\\testcase\\firstcases\\testcase5_018.py\", line 83, in <module>    element = getElememt(driver, \"new UiSelector().resourceId(\\\"a2dp.Vol:id\/editDesc2\\\").className(\\\"android.widget.EditText\\\")\")  File \"\\testcase\\firstcases\\testcase5_018.py\", line 34, in getElememt    element = driver.find_element_by_android_uiautomator(str)  File \"C:\\Python27\\lib\\site-packages\\appium\\webdriver\\webdriver.py\", line 327, in find_element_by_android_uiautomator    return self.find_element(by=By.ANDROID_UIAUTOMATOR, value=uia_string)  File \"C:\\Python27\\lib\\site-packages\\appium\\webdriver\\webdriver.py\", line 219, in find_element    'value': value})['value']  File \"C:\\Python27\\lib\\site-packages\\selenium\\webdriver\\remote\\webdriver.py\", line 321, in execute    self.error_handler.check_response(response)  File \"C:\\Python27\\lib\\site-packages\\appium\\webdriver\\errorhandler.py\", line 29, in check_response    raise wdeNoSuchElementException: Message: An element could not be located on the page using the given search parameters."},{"firstjacocotime":5.004,"tagname":"5_015","firstexecutionsuccess":false,"firsttestcasepath":"\\testcase\\firstcases\\testcase5_015.py","firstconsumedtime":25.33,"firstlocpath":null,"firstcoveragepath":"\\coverage\\pwpreferencecoverage\\coverage2_5_015_pw.ec","firsterrorlog":"FAILstr(e):\t\tMessage: An element could not be located on the page using the given search parameters.repr(e):\tNoSuchElementException()Traceback (most recent call last):  File \"\\testcase\\firstcases\\testcase5_015.py\", line 78, in <module>    element = getElememtBack(driver, \"new UiSelector().text(\\\"Set in-call phone volume on connect?\\\")\", \"new UiSelector().resourceId(\\\"a2dp.Vol:id\/checkSetpv\\\").className(\\\"android.widget.CheckBox\\\")\")  File \"\\testcase\\firstcases\\testcase5_015.py\", line 53, in getElememtBack    element = driver.find_element_by_android_uiautomator(str2)  File \"C:\\Python27\\lib\\site-packages\\appium\\webdriver\\webdriver.py\", line 327, in find_element_by_android_uiautomator    return self.find_element(by=By.ANDROID_UIAUTOMATOR, value=uia_string)  File \"C:\\Python27\\lib\\site-packages\\appium\\webdriver\\webdriver.py\", line 219, in find_element    'value': value})['value']  File \"C:\\Python27\\lib\\site-packages\\selenium\\webdriver\\remote\\webdriver.py\", line 321, in execute    self.error_handler.check_response(response)  File \"C:\\Python27\\lib\\site-packages\\appium\\webdriver\\errorhandler.py\", line 29, in check_response    raise wdeNoSuchElementException: Message: An element could not be located on the page using the given search parameters."},{"firstjacocotime":5.0049996,"tagname":"5_016","firstexecutionsuccess":false,"firsttestcasepath":"\\testcase\\firstcases\\testcase5_016.py","firstconsumedtime":25.296,"firstlocpath":null,"firstcoveragepath":"\\coverage\\pwpreferencecoverage\\coverage2_5_016_pw.ec","firsterrorlog":"FAILstr(e):\t\tMessage: An element could not be located on the page using the given search parameters.repr(e):\tNoSuchElementException()Traceback (most recent call last):  File \"\\testcase\\firstcases\\testcase5_016.py\", line 76, in <module>    element = getElememtBack(driver, \"new UiSelector().text(\\\"Power Connection\\\")\", \"new UiSelector().className(\\\"android.widget.TextView\\\").instance(3)\")  File \"\\testcase\\firstcases\\testcase5_016.py\", line 53, in getElememtBack    element = driver.find_element_by_android_uiautomator(str2)  File \"C:\\Python27\\lib\\site-packages\\appium\\webdriver\\webdriver.py\", line 327, in find_element_by_android_uiautomator    return self.find_element(by=By.ANDROID_UIAUTOMATOR, value=uia_string)  File \"C:\\Python27\\lib\\site-packages\\appium\\webdriver\\webdriver.py\", line 219, in find_element    'value': value})['value']  File \"C:\\Python27\\lib\\site-packages\\selenium\\webdriver\\remote\\webdriver.py\", line 321, in execute    self.error_handler.check_response(response)  File \"C:\\Python27\\lib\\site-packages\\appium\\webdriver\\errorhandler.py\", line 29, in check_response    raise wdeNoSuchElementException: Message: An element could not be located on the page using the given search parameters."},{"firstjacocotime":5.003,"tagname":"5_013","firstexecutionsuccess":false,"firsttestcasepath":"\\testcase\\firstcases\\testcase5_013.py","firstconsumedtime":22.795,"firstlocpath":null,"firstcoveragepath":"\\coverage\\pwpreferencecoverage\\coverage2_5_013_pw.ec","firsterrorlog":"FAILstr(e):\t\tMessage: An element could not be located on the page using the given search parameters.repr(e):\tNoSuchElementException()Traceback (most recent call last):  File \"\\testcase\\firstcases\\testcase5_013.py\", line 77, in <module>    element = getElememtBack(driver, \"new UiSelector().text(\\\"testr Connection\\\")\", \"new UiSelector().className(\\\"android.widget.TextView\\\").instance(3)\")  File \"\\testcase\\firstcases\\testcase5_013.py\", line 53, in getElememtBack    element = driver.find_element_by_android_uiautomator(str2)  File \"C:\\Python27\\lib\\site-packages\\appium\\webdriver\\webdriver.py\", line 327, in find_element_by_android_uiautomator    return self.find_element(by=By.ANDROID_UIAUTOMATOR, value=uia_string)  File \"C:\\Python27\\lib\\site-packages\\appium\\webdriver\\webdriver.py\", line 219, in find_element    'value': value})['value']  File \"C:\\Python27\\lib\\site-packages\\selenium\\webdriver\\remote\\webdriver.py\", line 321, in execute    self.error_handler.check_response(response)  File \"C:\\Python27\\lib\\site-packages\\appium\\webdriver\\errorhandler.py\", line 29, in check_response    raise wdeNoSuchElementException: Message: An element could not be located on the page using the given search parameters."},{"firstjacocotime":5.003,"tagname":"5_014","firstexecutionsuccess":false,"firsttestcasepath":"\\testcase\\firstcases\\testcase5_014.py","firstconsumedtime":21.44,"firstlocpath":null,"firstcoveragepath":"\\coverage\\pwpreferencecoverage\\coverage2_5_014_pw.ec","firsterrorlog":"FAILstr(e):\t\tMessage: An element could not be located on the page using the given search parameters.repr(e):\tNoSuchElementException()Traceback (most recent call last):  File \"\\testcase\\firstcases\\testcase5_014.py\", line 77, in <module>    element = getElememtBack(driver, \"new UiSelector().text(\\\"Home Dock\\\")\", \"new UiSelector().className(\\\"android.widget.TextView\\\").instance(2)\")  File \"\\testcase\\firstcases\\testcase5_014.py\", line 53, in getElememtBack    element = driver.find_element_by_android_uiautomator(str2)  File \"C:\\Python27\\lib\\site-packages\\appium\\webdriver\\webdriver.py\", line 327, in find_element_by_android_uiautomator    return self.find_element(by=By.ANDROID_UIAUTOMATOR, value=uia_string)  File \"C:\\Python27\\lib\\site-packages\\appium\\webdriver\\webdriver.py\", line 219, in find_element    'value': value})['value']  File \"C:\\Python27\\lib\\site-packages\\selenium\\webdriver\\remote\\webdriver.py\", line 321, in execute    self.error_handler.check_response(response)  File \"C:\\Python27\\lib\\site-packages\\appium\\webdriver\\errorhandler.py\", line 29, in check_response    raise wdeNoSuchElementException: Message: An element could not be located on the page using the given search parameters."},{"firstjacocotime":5.003,"tagname":"5_022","firstexecutionsuccess":true,"firsttestcasepath":"\\testcase\\firstcases\\testcase5_022.py","firstconsumedtime":12.593,"firstlocpath":null,"firstcoveragepath":"\\coverage\\pwpreferencecoverage\\coverage2_5_022_pw.ec","firsterrorlog":null},{"firstjacocotime":5.003,"tagname":"5_023","firstexecutionsuccess":false,"firsttestcasepath":"\\testcase\\firstcases\\testcase5_023.py","firstconsumedtime":41.579998,"firstlocpath":null,"firstcoveragepath":"\\coverage\\pwpreferencecoverage\\coverage2_5_023_pw.ec","firsterrorlog":"FAILstr(e):\t\tMessage: An element could not be located on the page using the given search parameters.repr(e):\tNoSuchElementException()Traceback (most recent call last):  File \"\\testcase\\firstcases\\testcase5_023.py\", line 91, in <module>    element = getElememtBack(driver, \"new UiSelector().text(\\\"Also connect to bluetooth device\\\")\", \"new UiSelector().className(\\\"android.widget.Button\\\").instance(1)\")  File \"\\testcase\\firstcases\\testcase5_023.py\", line 53, in getElememtBack    element = driver.find_element_by_android_uiautomator(str2)  File \"C:\\Python27\\lib\\site-packages\\appium\\webdriver\\webdriver.py\", line 327, in find_element_by_android_uiautomator    return self.find_element(by=By.ANDROID_UIAUTOMATOR, value=uia_string)  File \"C:\\Python27\\lib\\site-packages\\appium\\webdriver\\webdriver.py\", line 219, in find_element    'value': value})['value']  File \"C:\\Python27\\lib\\site-packages\\selenium\\webdriver\\remote\\webdriver.py\", line 321, in execute    self.error_handler.check_response(response)  File \"C:\\Python27\\lib\\site-packages\\appium\\webdriver\\errorhandler.py\", line 29, in check_response    raise wdeNoSuchElementException: Message: An element could not be located on the page using the given search parameters."},{"firstjacocotime":5.004,"tagname":"5_020","firstexecutionsuccess":true,"firsttestcasepath":"\\testcase\\firstcases\\testcase5_020.py","firstconsumedtime":15.237,"firstlocpath":null,"firstcoveragepath":"\\coverage\\pwpreferencecoverage\\coverage2_5_020_pw.ec","firsterrorlog":null},{"firstjacocotime":5.003,"tagname":"5_021","firstexecutionsuccess":true,"firsttestcasepath":"\\testcase\\firstcases\\testcase5_021.py","firstconsumedtime":23.498001,"firstlocpath":null,"firstcoveragepath":"\\coverage\\pwpreferencecoverage\\coverage2_5_021_pw.ec","firsterrorlog":null},{"firstjacocotime":5.0049996,"tagname":"5_028","firstexecutionsuccess":false,"firsttestcasepath":"\\testcase\\firstcases\\testcase5_028.py","firstconsumedtime":32.762,"firstlocpath":null,"firstcoveragepath":"\\coverage\\pwpreferencecoverage\\coverage2_5_028_pw.ec","firsterrorlog":"FAILstr(e):\t\tMessage: An element could not be located on the page using the given search parameters.repr(e):\tNoSuchElementException()Traceback (most recent call last):  File \"\\testcase\\firstcases\\testcase5_028.py\", line 84, in <module>    element = getElememtBack(driver, \"new UiSelector().text(\\\"Disconnect WIFI when bluetooth connects?\\\")\", \"new UiSelector().resourceId(\\\"a2dp.Vol:id\/checkwifi\\\").className(\\\"android.widget.CheckBox\\\")\")  File \"\\testcase\\firstcases\\testcase5_028.py\", line 53, in getElememtBack    element = driver.find_element_by_android_uiautomator(str2)  File \"C:\\Python27\\lib\\site-packages\\appium\\webdriver\\webdriver.py\", line 327, in find_element_by_android_uiautomator    return self.find_element(by=By.ANDROID_UIAUTOMATOR, value=uia_string)  File \"C:\\Python27\\lib\\site-packages\\appium\\webdriver\\webdriver.py\", line 219, in find_element    'value': value})['value']  File \"C:\\Python27\\lib\\site-packages\\selenium\\webdriver\\remote\\webdriver.py\", line 321, in execute    self.error_handler.check_response(response)  File \"C:\\Python27\\lib\\site-packages\\appium\\webdriver\\errorhandler.py\", line 29, in check_response    raise wdeNoSuchElementException: Message: An element could not be located on the page using the given search parameters."},{"firstjacocotime":5.004,"tagname":"5_029","firstexecutionsuccess":false,"firsttestcasepath":"\\testcase\\firstcases\\testcase5_029.py","firstconsumedtime":22.678999,"firstlocpath":null,"firstcoveragepath":"\\coverage\\pwpreferencecoverage\\coverage2_5_029_pw.ec","firsterrorlog":"FAILstr(e):\t\tMessage: An element could not be located on the page using the given search parameters.repr(e):\tNoSuchElementException()Traceback (most recent call last):  File \"\\testcase\\firstcases\\testcase5_029.py\", line 76, in <module>    element = getElememtBack(driver, \"new UiSelector().text(\\\"testr Connection\\\")\", \"new UiSelector().className(\\\"android.widget.TextView\\\").instance(3)\")  File \"\\testcase\\firstcases\\testcase5_029.py\", line 53, in getElememtBack    element = driver.find_element_by_android_uiautomator(str2)  File \"C:\\Python27\\lib\\site-packages\\appium\\webdriver\\webdriver.py\", line 327, in find_element_by_android_uiautomator    return self.find_element(by=By.ANDROID_UIAUTOMATOR, value=uia_string)  File \"C:\\Python27\\lib\\site-packages\\appium\\webdriver\\webdriver.py\", line 219, in find_element    'value': value})['value']  File \"C:\\Python27\\lib\\site-packages\\selenium\\webdriver\\remote\\webdriver.py\", line 321, in execute    self.error_handler.check_response(response)  File \"C:\\Python27\\lib\\site-packages\\appium\\webdriver\\errorhandler.py\", line 29, in check_response    raise wdeNoSuchElementException: Message: An element could not be located on the page using the given search parameters."},{"firstjacocotime":5.0039997,"tagname":"5_026","firstexecutionsuccess":false,"firsttestcasepath":"\\testcase\\firstcases\\testcase5_026.py","firstconsumedtime":21.695,"firstlocpath":null,"firstcoveragepath":"\\coverage\\pwpreferencecoverage\\coverage2_5_026_pw.ec","firsterrorlog":"FAILstr(e):\t\tMessage: An element could not be located on the page using the given search parameters.repr(e):\tNoSuchElementException()Traceback (most recent call last):  File \"\\testcase\\firstcases\\testcase5_026.py\", line 76, in <module>    element = getElememtBack(driver, \"new UiSelector().text(\\\"Home Dock\\\")\", \"new UiSelector().className(\\\"android.widget.TextView\\\").instance(2)\")  File \"\\testcase\\firstcases\\testcase5_026.py\", line 53, in getElememtBack    element = driver.find_element_by_android_uiautomator(str2)  File \"C:\\Python27\\lib\\site-packages\\appium\\webdriver\\webdriver.py\", line 327, in find_element_by_android_uiautomator    return self.find_element(by=By.ANDROID_UIAUTOMATOR, value=uia_string)  File \"C:\\Python27\\lib\\site-packages\\appium\\webdriver\\webdriver.py\", line 219, in find_element    'value': value})['value']  File \"C:\\Python27\\lib\\site-packages\\selenium\\webdriver\\remote\\webdriver.py\", line 321, in execute    self.error_handler.check_response(response)  File \"C:\\Python27\\lib\\site-packages\\appium\\webdriver\\errorhandler.py\", line 29, in check_response    raise wdeNoSuchElementException: Message: An element could not be located on the page using the given search parameters."},{"firstjacocotime":5.005,"tagname":"5_027","firstexecutionsuccess":false,"firsttestcasepath":"\\testcase\\firstcases\\testcase5_027.py","firstconsumedtime":44.313,"firstlocpath":null,"firstcoveragepath":"\\coverage\\pwpreferencecoverage\\coverage2_5_027_pw.ec","firsterrorlog":"FAILstr(e):\t\tMessage: An element could not be located on the page using the given search parameters.repr(e):\tNoSuchElementException()Traceback (most recent call last):  File \"\\testcase\\firstcases\\testcase5_027.py\", line 93, in <module>    element = getElememtBack(driver, \"new UiSelector().text(\\\"Settings\\\")\", \"new UiSelector().className(\\\"android.widget.TextView\\\").instance(5)\")  File \"\\testcase\\firstcases\\testcase5_027.py\", line 53, in getElememtBack    element = driver.find_element_by_android_uiautomator(str2)  File \"C:\\Python27\\lib\\site-packages\\appium\\webdriver\\webdriver.py\", line 327, in find_element_by_android_uiautomator    return self.find_element(by=By.ANDROID_UIAUTOMATOR, value=uia_string)  File \"C:\\Python27\\lib\\site-packages\\appium\\webdriver\\webdriver.py\", line 219, in find_element    'value': value})['value']  File \"C:\\Python27\\lib\\site-packages\\selenium\\webdriver\\remote\\webdriver.py\", line 321, in execute    self.error_handler.check_response(response)  File \"C:\\Python27\\lib\\site-packages\\appium\\webdriver\\errorhandler.py\", line 29, in check_response    raise wdeNoSuchElementException: Message: An element could not be located on the page using the given search parameters."},{"firstjacocotime":5.0039997,"tagname":"5_024","firstexecutionsuccess":false,"firsttestcasepath":"\\testcase\\firstcases\\testcase5_024.py","firstconsumedtime":20.824,"firstlocpath":null,"firstcoveragepath":"\\coverage\\pwpreferencecoverage\\coverage2_5_024_pw.ec","firsterrorlog":"FAILstr(e):\t\tMessage: An element could not be located on the page using the given search parameters.repr(e):\tNoSuchElementException()Traceback (most recent call last):  File \"\\testcase\\firstcases\\testcase5_024.py\", line 75, in <module>    element = getElememtBack(driver, \"new UiSelector().text(\\\"Power Connection\\\")\", \"new UiSelector().className(\\\"android.widget.TextView\\\").instance(3)\")  File \"\\testcase\\firstcases\\testcase5_024.py\", line 53, in getElememtBack    element = driver.find_element_by_android_uiautomator(str2)  File \"C:\\Python27\\lib\\site-packages\\appium\\webdriver\\webdriver.py\", line 327, in find_element_by_android_uiautomator    return self.find_element(by=By.ANDROID_UIAUTOMATOR, value=uia_string)  File \"C:\\Python27\\lib\\site-packages\\appium\\webdriver\\webdriver.py\", line 219, in find_element    'value': value})['value']  File \"C:\\Python27\\lib\\site-packages\\selenium\\webdriver\\remote\\webdriver.py\", line 321, in execute    self.error_handler.check_response(response)  File \"C:\\Python27\\lib\\site-packages\\appium\\webdriver\\errorhandler.py\", line 29, in check_response    raise wdeNoSuchElementException: Message: An element could not be located on the page using the given search parameters."},{"firstjacocotime":5.003,"tagname":"5_025","firstexecutionsuccess":false,"firsttestcasepath":"\\testcase\\firstcases\\testcase5_025.py","firstconsumedtime":44.817,"firstlocpath":null,"firstcoveragepath":"\\coverage\\pwpreferencecoverage\\coverage2_5_025_pw.ec","firsterrorlog":"FAILstr(e):\t\tMessage: An element could not be located on the page using the given search parameters.repr(e):\tNoSuchElementException()Traceback (most recent call last):  File \"\\testcase\\firstcases\\testcase5_025.py\", line 84, in <module>    element = getElememtBack(driver, \"new UiSelector().text(\\\"Edit\\\")\", \"new UiSelector().className(\\\"android.widget.Button\\\").instance(1)\")  File \"\\testcase\\firstcases\\testcase5_025.py\", line 53, in getElememtBack    element = driver.find_element_by_android_uiautomator(str2)  File \"C:\\Python27\\lib\\site-packages\\appium\\webdriver\\webdriver.py\", line 327, in find_element_by_android_uiautomator    return self.find_element(by=By.ANDROID_UIAUTOMATOR, value=uia_string)  File \"C:\\Python27\\lib\\site-packages\\appium\\webdriver\\webdriver.py\", line 219, in find_element    'value': value})['value']  File \"C:\\Python27\\lib\\site-packages\\selenium\\webdriver\\remote\\webdriver.py\", line 321, in execute    self.error_handler.check_response(response)  File \"C:\\Python27\\lib\\site-packages\\appium\\webdriver\\errorhandler.py\", line 29, in check_response    raise wdeNoSuchElementException: Message: An element could not be located on the page using the given search parameters."},{"firstjacocotime":5.0039997,"tagname":"6_000","firstexecutionsuccess":true,"firsttestcasepath":"\\testcase\\firstcases\\testcase6_000.py","firstconsumedtime":22.696001,"firstlocpath":null,"firstcoveragepath":"\\coverage\\pwpreferencecoverage\\coverage2_6_000_pw.ec","firsterrorlog":null},{"firstjacocotime":5.005,"tagname":"6_005","firstexecutionsuccess":true,"firsttestcasepath":"\\testcase\\firstcases\\testcase6_005.py","firstconsumedtime":9.085,"firstlocpath":null,"firstcoveragepath":"\\coverage\\pwpreferencecoverage\\coverage2_6_005_pw.ec","firsterrorlog":null},{"firstjacocotime":5.006,"tagname":"6_006","firstexecutionsuccess":false,"firsttestcasepath":"\\testcase\\firstcases\\testcase6_006.py","firstconsumedtime":27.815,"firstlocpath":null,"firstcoveragepath":"\\coverage\\pwpreferencecoverage\\coverage2_6_006_pw.ec","firsterrorlog":"FAILstr(e):\t\tMessage: An element could not be located on the page using the given search parameters.repr(e):\tNoSuchElementException()Traceback (most recent call last):  File \"\\testcase\\firstcases\\testcase6_006.py\", line 80, in <module>    element = getElememtBack(driver, \"new UiSelector().text(\\\"Edit\\\")\", \"new UiSelector().className(\\\"android.widget.Button\\\").instance(1)\")  File \"\\testcase\\firstcases\\testcase6_006.py\", line 53, in getElememtBack    element = driver.find_element_by_android_uiautomator(str2)  File \"C:\\Python27\\lib\\site-packages\\appium\\webdriver\\webdriver.py\", line 327, in find_element_by_android_uiautomator    return self.find_element(by=By.ANDROID_UIAUTOMATOR, value=uia_string)  File \"C:\\Python27\\lib\\site-packages\\appium\\webdriver\\webdriver.py\", line 219, in find_element    'value': value})['value']  File \"C:\\Python27\\lib\\site-packages\\selenium\\webdriver\\remote\\webdriver.py\", line 321, in execute    self.error_handler.check_response(response)  File \"C:\\Python27\\lib\\site-packages\\appium\\webdriver\\errorhandler.py\", line 29, in check_response    raise wdeNoSuchElementException: Message: An element could not be located on the page using the given search parameters."},{"firstjacocotime":5.0039997,"tagname":"6_007","firstexecutionsuccess":false,"firsttestcasepath":"\\testcase\\firstcases\\testcase6_007.py","firstconsumedtime":27.211,"firstlocpath":null,"firstcoveragepath":"\\coverage\\pwpreferencecoverage\\coverage2_6_007_pw.ec","firsterrorlog":"FAILstr(e):\t\tMessage: An element could not be located on the page using the given search parameters.repr(e):\tNoSuchElementException()Traceback (most recent call last):  File \"\\testcase\\firstcases\\testcase6_007.py\", line 81, in <module>    element = getElememtBack(driver, \"new UiSelector().text(\\\"Force App Restart?\\\")\", \"new UiSelector().resourceId(\\\"a2dp.Vol:id\/appRestartCheckbox\\\").className(\\\"android.widget.CheckBox\\\")\")  File \"\\testcase\\firstcases\\testcase6_007.py\", line 53, in getElememtBack    element = driver.find_element_by_android_uiautomator(str2)  File \"C:\\Python27\\lib\\site-packages\\appium\\webdriver\\webdriver.py\", line 327, in find_element_by_android_uiautomator    return self.find_element(by=By.ANDROID_UIAUTOMATOR, value=uia_string)  File \"C:\\Python27\\lib\\site-packages\\appium\\webdriver\\webdriver.py\", line 219, in find_element    'value': value})['value']  File \"C:\\Python27\\lib\\site-packages\\selenium\\webdriver\\remote\\webdriver.py\", line 321, in execute    self.error_handler.check_response(response)  File \"C:\\Python27\\lib\\site-packages\\appium\\webdriver\\errorhandler.py\", line 29, in check_response    raise wdeNoSuchElementException: Message: An element could not be located on the page using the given search parameters."},{"firstjacocotime":5.003,"tagname":"6_008","firstexecutionsuccess":false,"firsttestcasepath":"\\testcase\\firstcases\\testcase6_008.py","firstconsumedtime":20.576,"firstlocpath":null,"firstcoveragepath":"\\coverage\\pwpreferencecoverage\\coverage2_6_008_pw.ec","firsterrorlog":"FAILstr(e):\t\tMessage: An element could not be located on the page using the given search parameters.repr(e):\tNoSuchElementException()Traceback (most recent call last):  File \"\\testcase\\firstcases\\testcase6_008.py\", line 76, in <module>    element = getElememtBack(driver, \"new UiSelector().text(\\\"Home Dock\\\")\", \"new UiSelector().className(\\\"android.widget.TextView\\\").instance(2)\")  File \"\\testcase\\firstcases\\testcase6_008.py\", line 53, in getElememtBack    element = driver.find_element_by_android_uiautomator(str2)  File \"C:\\Python27\\lib\\site-packages\\appium\\webdriver\\webdriver.py\", line 327, in find_element_by_android_uiautomator    return self.find_element(by=By.ANDROID_UIAUTOMATOR, value=uia_string)  File \"C:\\Python27\\lib\\site-packages\\appium\\webdriver\\webdriver.py\", line 219, in find_element    'value': value})['value']  File \"C:\\Python27\\lib\\site-packages\\selenium\\webdriver\\remote\\webdriver.py\", line 321, in execute    self.error_handler.check_response(response)  File \"C:\\Python27\\lib\\site-packages\\appium\\webdriver\\errorhandler.py\", line 29, in check_response    raise wdeNoSuchElementException: Message: An element could not be located on the page using the given search parameters."},{"firstjacocotime":5.005,"tagname":"6_001","firstexecutionsuccess":false,"firsttestcasepath":"\\testcase\\firstcases\\testcase6_001.py","firstconsumedtime":23.243,"firstlocpath":null,"firstcoveragepath":"\\coverage\\pwpreferencecoverage\\coverage2_6_001_pw.ec","firsterrorlog":"FAILstr(e):\t\tMessage: An element could not be located on the page using the given search parameters.repr(e):\tNoSuchElementException()Traceback (most recent call last):  File \"\\testcase\\firstcases\\testcase6_001.py\", line 79, in <module>    element = getElememtBack(driver, \"new UiSelector().text(\\\"testr Connection\\\")\", \"new UiSelector().className(\\\"android.widget.TextView\\\").instance(3)\")  File \"\\testcase\\firstcases\\testcase6_001.py\", line 53, in getElememtBack    element = driver.find_element_by_android_uiautomator(str2)  File \"C:\\Python27\\lib\\site-packages\\appium\\webdriver\\webdriver.py\", line 327, in find_element_by_android_uiautomator    return self.find_element(by=By.ANDROID_UIAUTOMATOR, value=uia_string)  File \"C:\\Python27\\lib\\site-packages\\appium\\webdriver\\webdriver.py\", line 219, in find_element    'value': value})['value']  File \"C:\\Python27\\lib\\site-packages\\selenium\\webdriver\\remote\\webdriver.py\", line 321, in execute    self.error_handler.check_response(response)  File \"C:\\Python27\\lib\\site-packages\\appium\\webdriver\\errorhandler.py\", line 29, in check_response    raise wdeNoSuchElementException: Message: An element could not be located on the page using the given search parameters."},{"firstjacocotime":5.0039997,"tagname":"6_002","firstexecutionsuccess":true,"firsttestcasepath":"\\testcase\\firstcases\\testcase6_002.py","firstconsumedtime":13.088,"firstlocpath":null,"firstcoveragepath":"\\coverage\\pwpreferencecoverage\\coverage2_6_002_pw.ec","firsterrorlog":null},{"firstjacocotime":5.0039997,"tagname":"6_003","firstexecutionsuccess":false,"firsttestcasepath":"\\testcase\\firstcases\\testcase6_003.py","firstconsumedtime":19.375,"firstlocpath":null,"firstcoveragepath":"\\coverage\\pwpreferencecoverage\\coverage2_6_003_pw.ec","firsterrorlog":"FAILstr(e):\t\tMessage: An element could not be located on the page using the given search parameters.repr(e):\tNoSuchElementException()Traceback (most recent call last):  File \"\\testcase\\firstcases\\testcase6_003.py\", line 75, in <module>    element = getElememtBack(driver, \"new UiSelector().text(\\\"Power Connection\\\")\", \"new UiSelector().className(\\\"android.widget.TextView\\\").instance(3)\")  File \"\\testcase\\firstcases\\testcase6_003.py\", line 53, in getElememtBack    element = driver.find_element_by_android_uiautomator(str2)  File \"C:\\Python27\\lib\\site-packages\\appium\\webdriver\\webdriver.py\", line 327, in find_element_by_android_uiautomator    return self.find_element(by=By.ANDROID_UIAUTOMATOR, value=uia_string)  File \"C:\\Python27\\lib\\site-packages\\appium\\webdriver\\webdriver.py\", line 219, in find_element    'value': value})['value']  File \"C:\\Python27\\lib\\site-packages\\selenium\\webdriver\\remote\\webdriver.py\", line 321, in execute    self.error_handler.check_response(response)  File \"C:\\Python27\\lib\\site-packages\\appium\\webdriver\\errorhandler.py\", line 29, in check_response    raise wdeNoSuchElementException: Message: An element could not be located on the page using the given search parameters."},{"firstjacocotime":5.0039997,"tagname":"6_004","firstexecutionsuccess":false,"firsttestcasepath":"\\testcase\\firstcases\\testcase6_004.py","firstconsumedtime":19.892,"firstlocpath":null,"firstcoveragepath":"\\coverage\\pwpreferencecoverage\\coverage2_6_004_pw.ec","firsterrorlog":"FAILstr(e):\t\tMessage: An element could not be located on the page using the given search parameters.repr(e):\tNoSuchElementException()Traceback (most recent call last):  File \"\\testcase\\firstcases\\testcase6_004.py\", line 76, in <module>    element = getElememt(driver, \"new UiSelector().resourceId(\\\"a2dp.Vol:id\/editApp\\\").className(\\\"android.widget.EditText\\\")\")  File \"\\testcase\\firstcases\\testcase6_004.py\", line 34, in getElememt    element = driver.find_element_by_android_uiautomator(str)  File \"C:\\Python27\\lib\\site-packages\\appium\\webdriver\\webdriver.py\", line 327, in find_element_by_android_uiautomator    return self.find_element(by=By.ANDROID_UIAUTOMATOR, value=uia_string)  File \"C:\\Python27\\lib\\site-packages\\appium\\webdriver\\webdriver.py\", line 219, in find_element    'value': value})['value']  File \"C:\\Python27\\lib\\site-packages\\selenium\\webdriver\\remote\\webdriver.py\", line 321, in execute    self.error_handler.check_response(response)  File \"C:\\Python27\\lib\\site-packages\\appium\\webdriver\\errorhandler.py\", line 29, in check_response    raise wdeNoSuchElementException: Message: An element could not be located on the page using the given search parameters."},{"firstjacocotime":5.003,"tagname":"3_028","firstexecutionsuccess":false,"firsttestcasepath":"\\testcase\\firstcases\\testcase3_028.py","firstconsumedtime":36.555,"firstlocpath":null,"firstcoveragepath":"\\coverage\\pwpreferencecoverage\\coverage2_3_028_pw.ec","firsterrorlog":"FAILstr(e):\t\tMessage: An element could not be located on the page using the given search parameters.repr(e):\tNoSuchElementException()Traceback (most recent call last):  File \"\\testcase\\firstcases\\testcase3_028.py\", line 88, in <module>    element = getElememtBack(driver, \"new UiSelector().text(\\\"Home Dock\\\")\", \"new UiSelector().className(\\\"android.widget.TextView\\\").instance(2)\")  File \"\\testcase\\firstcases\\testcase3_028.py\", line 53, in getElememtBack    element = driver.find_element_by_android_uiautomator(str2)  File \"C:\\Python27\\lib\\site-packages\\appium\\webdriver\\webdriver.py\", line 327, in find_element_by_android_uiautomator    return self.find_element(by=By.ANDROID_UIAUTOMATOR, value=uia_string)  File \"C:\\Python27\\lib\\site-packages\\appium\\webdriver\\webdriver.py\", line 219, in find_element    'value': value})['value']  File \"C:\\Python27\\lib\\site-packages\\selenium\\webdriver\\remote\\webdriver.py\", line 321, in execute    self.error_handler.check_response(response)  File \"C:\\Python27\\lib\\site-packages\\appium\\webdriver\\errorhandler.py\", line 29, in check_response    raise wdeNoSuchElementException: Message: An element could not be located on the page using the given search parameters."},{"firstjacocotime":5.003,"tagname":"3_029","firstexecutionsuccess":false,"firsttestcasepath":"\\testcase\\firstcases\\testcase3_029.py","firstconsumedtime":20.716,"firstlocpath":null,"firstcoveragepath":"\\coverage\\pwpreferencecoverage\\coverage2_3_029_pw.ec","firsterrorlog":"FAILstr(e):\t\tMessage: An element could not be located on the page using the given search parameters.repr(e):\tNoSuchElementException()Traceback (most recent call last):  File \"\\testcase\\firstcases\\testcase3_029.py\", line 76, in <module>    element = getElememtBack(driver, \"new UiSelector().text(\\\"Enable Reading Text Messages?\\\")\", \"new UiSelector().resourceId(\\\"a2dp.Vol:id\/enableTTSBox\\\").className(\\\"android.widget.CheckBox\\\")\")  File \"\\testcase\\firstcases\\testcase3_029.py\", line 53, in getElememtBack    element = driver.find_element_by_android_uiautomator(str2)  File \"C:\\Python27\\lib\\site-packages\\appium\\webdriver\\webdriver.py\", line 327, in find_element_by_android_uiautomator    return self.find_element(by=By.ANDROID_UIAUTOMATOR, value=uia_string)  File \"C:\\Python27\\lib\\site-packages\\appium\\webdriver\\webdriver.py\", line 219, in find_element    'value': value})['value']  File \"C:\\Python27\\lib\\site-packages\\selenium\\webdriver\\remote\\webdriver.py\", line 321, in execute    self.error_handler.check_response(response)  File \"C:\\Python27\\lib\\site-packages\\appium\\webdriver\\errorhandler.py\", line 29, in check_response    raise wdeNoSuchElementException: Message: An element could not be located on the page using the given search parameters."},{"firstjacocotime":5.0039997,"tagname":"3_026","firstexecutionsuccess":true,"firsttestcasepath":"\\testcase\\firstcases\\testcase3_026.py","firstconsumedtime":34.946,"firstlocpath":null,"firstcoveragepath":"\\coverage\\pwpreferencecoverage\\coverage2_3_026_pw.ec","firsterrorlog":null},{"firstjacocotime":5.0059996,"tagname":"3_027","firstexecutionsuccess":true,"firsttestcasepath":"\\testcase\\firstcases\\testcase3_027.py","firstconsumedtime":7.95,"firstlocpath":null,"firstcoveragepath":"\\coverage\\pwpreferencecoverage\\coverage2_3_027_pw.ec","firsterrorlog":null},{"firstjacocotime":0.0,"tagname":"1_019","firstexecutionsuccess":true,"firsttestcasepath":"\\testcase\\firstcases\\testcase1_019.py","firstconsumedtime":0.0,"firstlocpath":null,"firstcoveragepath":"\\coverage\\pwpreferencecoverage\\coverage2_1_019_pw.ec","firsterrorlog":null},{"firstjacocotime":5.0049996,"tagname":"6_009","firstexecutionsuccess":false,"firsttestcasepath":"\\testcase\\firstcases\\testcase6_009.py","firstconsumedtime":21.808,"firstlocpath":null,"firstcoveragepath":"\\coverage\\pwpreferencecoverage\\coverage2_6_009_pw.ec","firsterrorlog":"FAILstr(e):\t\tMessage: An element could not be located on the page using the given search parameters.repr(e):\tNoSuchElementException()Traceback (most recent call last):  File \"\\testcase\\firstcases\\testcase6_009.py\", line 76, in <module>    element = getElememtBack(driver, \"new UiSelector().text(\\\"Automatically remember last used media volume on disconnect\\\")\", \"new UiSelector().resourceId(\\\"a2dp.Vol:id\/autoVolcheckBox\\\").className(\\\"android.widget.CheckBox\\\")\")  File \"\\testcase\\firstcases\\testcase6_009.py\", line 53, in getElememtBack    element = driver.find_element_by_android_uiautomator(str2)  File \"C:\\Python27\\lib\\site-packages\\appium\\webdriver\\webdriver.py\", line 327, in find_element_by_android_uiautomator    return self.find_element(by=By.ANDROID_UIAUTOMATOR, value=uia_string)  File \"C:\\Python27\\lib\\site-packages\\appium\\webdriver\\webdriver.py\", line 219, in find_element    'value': value})['value']  File \"C:\\Python27\\lib\\site-packages\\selenium\\webdriver\\remote\\webdriver.py\", line 321, in execute    self.error_handler.check_response(response)  File \"C:\\Python27\\lib\\site-packages\\appium\\webdriver\\errorhandler.py\", line 29, in check_response    raise wdeNoSuchElementException: Message: An element could not be located on the page using the given search parameters."},{"firstjacocotime":5.0039997,"tagname":"1_017","firstexecutionsuccess":false,"firsttestcasepath":"\\testcase\\firstcases\\testcase1_017.py","firstconsumedtime":25.439,"firstlocpath":null,"firstcoveragepath":"\\coverage\\pwpreferencecoverage\\coverage2_1_017_pw.ec","firsterrorlog":"FAILstr(e):\t\tMessage: An element could not be located on the page using the given search parameters.repr(e):\tNoSuchElementException()Traceback (most recent call last):  File \"\\testcase\\firstcases\\testcase1_017.py\", line 76, in <module>    element = getElememtBack(driver, \"new UiSelector().text(\\\"Enable Reading Text Messages?\\\")\", \"new UiSelector().resourceId(\\\"a2dp.Vol:id\/enableTTSBox\\\").className(\\\"android.widget.CheckBox\\\")\")  File \"\\testcase\\firstcases\\testcase1_017.py\", line 53, in getElememtBack    element = driver.find_element_by_android_uiautomator(str2)  File \"C:\\Python27\\lib\\site-packages\\appium\\webdriver\\webdriver.py\", line 327, in find_element_by_android_uiautomator    return self.find_element(by=By.ANDROID_UIAUTOMATOR, value=uia_string)  File \"C:\\Python27\\lib\\site-packages\\appium\\webdriver\\webdriver.py\", line 219, in find_element    'value': value})['value']  File \"C:\\Python27\\lib\\site-packages\\selenium\\webdriver\\remote\\webdriver.py\", line 321, in execute    self.error_handler.check_response(response)  File \"C:\\Python27\\lib\\site-packages\\appium\\webdriver\\errorhandler.py\", line 29, in check_response    raise wdeNoSuchElementException: Message: An element could not be located on the page using the given search parameters."},{"firstjacocotime":0.0,"tagname":"1_018","firstexecutionsuccess":true,"firsttestcasepath":"\\testcase\\firstcases\\testcase1_018.py","firstconsumedtime":0.0,"firstlocpath":null,"firstcoveragepath":"\\coverage\\pwpreferencecoverage\\coverage2_1_018_pw.ec","firsterrorlog":null},{"firstjacocotime":5.003,"tagname":"1_015","firstexecutionsuccess":false,"firsttestcasepath":"\\testcase\\firstcases\\testcase1_015.py","firstconsumedtime":19.799,"firstlocpath":null,"firstcoveragepath":"\\coverage\\pwpreferencecoverage\\coverage2_1_015_pw.ec","firsterrorlog":"FAILstr(e):\t\tMessage: An element could not be located on the page using the given search parameters.repr(e):\tNoSuchElementException()Traceback (most recent call last):  File \"\\testcase\\firstcases\\testcase1_015.py\", line 75, in <module>    element = getElememtBack(driver, \"new UiSelector().text(\\\"Home Dock\\\")\", \"new UiSelector().className(\\\"android.widget.TextView\\\").instance(2)\")  File \"\\testcase\\firstcases\\testcase1_015.py\", line 53, in getElememtBack    element = driver.find_element_by_android_uiautomator(str2)  File \"C:\\Python27\\lib\\site-packages\\appium\\webdriver\\webdriver.py\", line 327, in find_element_by_android_uiautomator    return self.find_element(by=By.ANDROID_UIAUTOMATOR, value=uia_string)  File \"C:\\Python27\\lib\\site-packages\\appium\\webdriver\\webdriver.py\", line 219, in find_element    'value': value})['value']  File \"C:\\Python27\\lib\\site-packages\\selenium\\webdriver\\remote\\webdriver.py\", line 321, in execute    self.error_handler.check_response(response)  File \"C:\\Python27\\lib\\site-packages\\appium\\webdriver\\errorhandler.py\", line 29, in check_response    raise wdeNoSuchElementException: Message: An element could not be located on the page using the given search parameters."},{"firstjacocotime":5.003,"tagname":"3_020","firstexecutionsuccess":false,"firsttestcasepath":"\\testcase\\firstcases\\testcase3_020.py","firstconsumedtime":27.458,"firstlocpath":null,"firstcoveragepath":"\\coverage\\pwpreferencecoverage\\coverage2_3_020_pw.ec","firsterrorlog":"FAILstr(e):\t\tMessage: An element could not be located on the page using the given search parameters.repr(e):\tNoSuchElementException()Traceback (most recent call last):  File \"\\testcase\\firstcases\\testcase3_020.py\", line 80, in <module>    element = getElememtBack(driver, \"new UiSelector().text(\\\"testr Connection\\\")\", \"new UiSelector().className(\\\"android.widget.TextView\\\").instance(3)\")  File \"\\testcase\\firstcases\\testcase3_020.py\", line 53, in getElememtBack    element = driver.find_element_by_android_uiautomator(str2)  File \"C:\\Python27\\lib\\site-packages\\appium\\webdriver\\webdriver.py\", line 327, in find_element_by_android_uiautomator    return self.find_element(by=By.ANDROID_UIAUTOMATOR, value=uia_string)  File \"C:\\Python27\\lib\\site-packages\\appium\\webdriver\\webdriver.py\", line 219, in find_element    'value': value})['value']  File \"C:\\Python27\\lib\\site-packages\\selenium\\webdriver\\remote\\webdriver.py\", line 321, in execute    self.error_handler.check_response(response)  File \"C:\\Python27\\lib\\site-packages\\appium\\webdriver\\errorhandler.py\", line 29, in check_response    raise wdeNoSuchElementException: Message: An element could not be located on the page using the given search parameters."},{"firstjacocotime":5.003,"tagname":"1_016","firstexecutionsuccess":false,"firsttestcasepath":"\\testcase\\firstcases\\testcase1_016.py","firstconsumedtime":19.179,"firstlocpath":null,"firstcoveragepath":"\\coverage\\pwpreferencecoverage\\coverage2_1_016_pw.ec","firsterrorlog":"FAILstr(e):\t\tMessage: An element could not be located on the page using the given search parameters.repr(e):\tNoSuchElementException()Traceback (most recent call last):  File \"\\testcase\\firstcases\\testcase1_016.py\", line 76, in <module>    element = getElememt(driver, \"new UiSelector().resourceId(\\\"a2dp.Vol:id\/editApp\\\").className(\\\"android.widget.EditText\\\")\")  File \"\\testcase\\firstcases\\testcase1_016.py\", line 34, in getElememt    element = driver.find_element_by_android_uiautomator(str)  File \"C:\\Python27\\lib\\site-packages\\appium\\webdriver\\webdriver.py\", line 327, in find_element_by_android_uiautomator    return self.find_element(by=By.ANDROID_UIAUTOMATOR, value=uia_string)  File \"C:\\Python27\\lib\\site-packages\\appium\\webdriver\\webdriver.py\", line 219, in find_element    'value': value})['value']  File \"C:\\Python27\\lib\\site-packages\\selenium\\webdriver\\remote\\webdriver.py\", line 321, in execute    self.error_handler.check_response(response)  File \"C:\\Python27\\lib\\site-packages\\appium\\webdriver\\errorhandler.py\", line 29, in check_response    raise wdeNoSuchElementException: Message: An element could not be located on the page using the given search parameters."},{"firstjacocotime":5.005,"tagname":"3_021","firstexecutionsuccess":false,"firsttestcasepath":"\\testcase\\firstcases\\testcase3_021.py","firstconsumedtime":73.402,"firstlocpath":null,"firstcoveragepath":"\\coverage\\pwpreferencecoverage\\coverage2_3_021_pw.ec","firsterrorlog":"FAILstr(e):\t\tMessage: An element could not be located on the page using the given search parameters.repr(e):\tNoSuchElementException()Traceback (most recent call last):  File \"\\testcase\\firstcases\\testcase3_021.py\", line 92, in <module>    element = getElememtBack(driver, \"new UiSelector().text(\\\"Edit\\\")\", \"new UiSelector().className(\\\"android.widget.Button\\\").instance(1)\")  File \"\\testcase\\firstcases\\testcase3_021.py\", line 53, in getElememtBack    element = driver.find_element_by_android_uiautomator(str2)  File \"C:\\Python27\\lib\\site-packages\\appium\\webdriver\\webdriver.py\", line 327, in find_element_by_android_uiautomator    return self.find_element(by=By.ANDROID_UIAUTOMATOR, value=uia_string)  File \"C:\\Python27\\lib\\site-packages\\appium\\webdriver\\webdriver.py\", line 219, in find_element    'value': value})['value']  File \"C:\\Python27\\lib\\site-packages\\selenium\\webdriver\\remote\\webdriver.py\", line 321, in execute    self.error_handler.check_response(response)  File \"C:\\Python27\\lib\\site-packages\\appium\\webdriver\\errorhandler.py\", line 29, in check_response    raise wdeNoSuchElementException: Message: An element could not be located on the page using the given search parameters."},{"firstjacocotime":5.0039997,"tagname":"1_013","firstexecutionsuccess":false,"firsttestcasepath":"\\testcase\\firstcases\\testcase1_013.py","firstconsumedtime":25.005,"firstlocpath":null,"firstcoveragepath":"\\coverage\\pwpreferencecoverage\\coverage2_1_013_pw.ec","firsterrorlog":"FAILstr(e):\t\tMessage: An element could not be located on the page using the given search parameters.repr(e):\tNoSuchElementException()Traceback (most recent call last):  File \"\\testcase\\firstcases\\testcase1_013.py\", line 76, in <module>    element = getElememtBack(driver, \"new UiSelector().text(\\\"Power Connection\\\")\", \"new UiSelector().className(\\\"android.widget.TextView\\\").instance(3)\")  File \"\\testcase\\firstcases\\testcase1_013.py\", line 53, in getElememtBack    element = driver.find_element_by_android_uiautomator(str2)  File \"C:\\Python27\\lib\\site-packages\\appium\\webdriver\\webdriver.py\", line 327, in find_element_by_android_uiautomator    return self.find_element(by=By.ANDROID_UIAUTOMATOR, value=uia_string)  File \"C:\\Python27\\lib\\site-packages\\appium\\webdriver\\webdriver.py\", line 219, in find_element    'value': value})['value']  File \"C:\\Python27\\lib\\site-packages\\selenium\\webdriver\\remote\\webdriver.py\", line 321, in execute    self.error_handler.check_response(response)  File \"C:\\Python27\\lib\\site-packages\\appium\\webdriver\\errorhandler.py\", line 29, in check_response    raise wdeNoSuchElementException: Message: An element could not be located on the page using the given search parameters."},{"firstjacocotime":5.003,"tagname":"1_014","firstexecutionsuccess":false,"firsttestcasepath":"\\testcase\\firstcases\\testcase1_014.py","firstconsumedtime":24.437,"firstlocpath":null,"firstcoveragepath":"\\coverage\\pwpreferencecoverage\\coverage2_1_014_pw.ec","firsterrorlog":"FAILstr(e):\t\tMessage: An element could not be located on the page using the given search parameters.repr(e):\tNoSuchElementException()Traceback (most recent call last):  File \"\\testcase\\firstcases\\testcase1_014.py\", line 76, in <module>    element = getElememtBack(driver, \"new UiSelector().text(\\\"Home Dock\\\")\", \"new UiSelector().className(\\\"android.widget.TextView\\\").instance(2)\")  File \"\\testcase\\firstcases\\testcase1_014.py\", line 53, in getElememtBack    element = driver.find_element_by_android_uiautomator(str2)  File \"C:\\Python27\\lib\\site-packages\\appium\\webdriver\\webdriver.py\", line 327, in find_element_by_android_uiautomator    return self.find_element(by=By.ANDROID_UIAUTOMATOR, value=uia_string)  File \"C:\\Python27\\lib\\site-packages\\appium\\webdriver\\webdriver.py\", line 219, in find_element    'value': value})['value']  File \"C:\\Python27\\lib\\site-packages\\selenium\\webdriver\\remote\\webdriver.py\", line 321, in execute    self.error_handler.check_response(response)  File \"C:\\Python27\\lib\\site-packages\\appium\\webdriver\\errorhandler.py\", line 29, in check_response    raise wdeNoSuchElementException: Message: An element could not be located on the page using the given search parameters."},{"firstjacocotime":5.003,"tagname":"1_011","firstexecutionsuccess":false,"firsttestcasepath":"\\testcase\\firstcases\\testcase1_011.py","firstconsumedtime":22.401001,"firstlocpath":null,"firstcoveragepath":"\\coverage\\pwpreferencecoverage\\coverage2_1_011_pw.ec","firsterrorlog":"FAILstr(e):\t\tMessage: An element could not be located on the page using the given search parameters.repr(e):\tNoSuchElementException()Traceback (most recent call last):  File \"\\testcase\\firstcases\\testcase1_011.py\", line 77, in <module>    element = getElememt(driver, \"new UiSelector().resourceId(\\\"a2dp.Vol:id\/editApp\\\").className(\\\"android.widget.EditText\\\")\")  File \"\\testcase\\firstcases\\testcase1_011.py\", line 34, in getElememt    element = driver.find_element_by_android_uiautomator(str)  File \"C:\\Python27\\lib\\site-packages\\appium\\webdriver\\webdriver.py\", line 327, in find_element_by_android_uiautomator    return self.find_element(by=By.ANDROID_UIAUTOMATOR, value=uia_string)  File \"C:\\Python27\\lib\\site-packages\\appium\\webdriver\\webdriver.py\", line 219, in find_element    'value': value})['value']  File \"C:\\Python27\\lib\\site-packages\\selenium\\webdriver\\remote\\webdriver.py\", line 321, in execute    self.error_handler.check_response(response)  File \"C:\\Python27\\lib\\site-packages\\appium\\webdriver\\errorhandler.py\", line 29, in check_response    raise wdeNoSuchElementException: Message: An element could not be located on the page using the given search parameters."},{"firstjacocotime":5.0039997,"tagname":"3_024","firstexecutionsuccess":false,"firsttestcasepath":"\\testcase\\firstcases\\testcase3_024.py","firstconsumedtime":29.106,"firstlocpath":null,"firstcoveragepath":"\\coverage\\pwpreferencecoverage\\coverage2_3_024_pw.ec","firsterrorlog":"FAILstr(e):\t\tMessage: An element could not be located on the page using the given search parameters.repr(e):\tNoSuchElementException()Traceback (most recent call last):  File \"\\testcase\\firstcases\\testcase3_024.py\", line 78, in <module>    element = getElememtBack(driver, \"new UiSelector().text(\\\"Stop app on disconnect?\\\")\", \"new UiSelector().resourceId(\\\"a2dp.Vol:id\/appKillCheckbox\\\").className(\\\"android.widget.CheckBox\\\")\")  File \"\\testcase\\firstcases\\testcase3_024.py\", line 53, in getElememtBack    element = driver.find_element_by_android_uiautomator(str2)  File \"C:\\Python27\\lib\\site-packages\\appium\\webdriver\\webdriver.py\", line 327, in find_element_by_android_uiautomator    return self.find_element(by=By.ANDROID_UIAUTOMATOR, value=uia_string)  File \"C:\\Python27\\lib\\site-packages\\appium\\webdriver\\webdriver.py\", line 219, in find_element    'value': value})['value']  File \"C:\\Python27\\lib\\site-packages\\selenium\\webdriver\\remote\\webdriver.py\", line 321, in execute    self.error_handler.check_response(response)  File \"C:\\Python27\\lib\\site-packages\\appium\\webdriver\\errorhandler.py\", line 29, in check_response    raise wdeNoSuchElementException: Message: An element could not be located on the page using the given search parameters."},{"firstjacocotime":5.003,"tagname":"1_012","firstexecutionsuccess":false,"firsttestcasepath":"\\testcase\\firstcases\\testcase1_012.py","firstconsumedtime":20.249,"firstlocpath":null,"firstcoveragepath":"\\coverage\\pwpreferencecoverage\\coverage2_1_012_pw.ec","firsterrorlog":"FAILstr(e):\t\tMessage: An element could not be located on the page using the given search parameters.repr(e):\tNoSuchElementException()Traceback (most recent call last):  File \"\\testcase\\firstcases\\testcase1_012.py\", line 76, in <module>    element = getElememtBack(driver, \"new UiSelector().text(\\\"testr Connection\\\")\", \"new UiSelector().className(\\\"android.widget.TextView\\\").instance(2)\")  File \"\\testcase\\firstcases\\testcase1_012.py\", line 53, in getElememtBack    element = driver.find_element_by_android_uiautomator(str2)  File \"C:\\Python27\\lib\\site-packages\\appium\\webdriver\\webdriver.py\", line 327, in find_element_by_android_uiautomator    return self.find_element(by=By.ANDROID_UIAUTOMATOR, value=uia_string)  File \"C:\\Python27\\lib\\site-packages\\appium\\webdriver\\webdriver.py\", line 219, in find_element    'value': value})['value']  File \"C:\\Python27\\lib\\site-packages\\selenium\\webdriver\\remote\\webdriver.py\", line 321, in execute    self.error_handler.check_response(response)  File \"C:\\Python27\\lib\\site-packages\\appium\\webdriver\\errorhandler.py\", line 29, in check_response    raise wdeNoSuchElementException: Message: An element could not be located on the page using the given search parameters."},{"firstjacocotime":5.002,"tagname":"3_025","firstexecutionsuccess":false,"firsttestcasepath":"\\testcase\\firstcases\\testcase3_025.py","firstconsumedtime":89.19,"firstlocpath":null,"firstcoveragepath":"\\coverage\\pwpreferencecoverage\\coverage2_3_025_pw.ec","firsterrorlog":"FAILstr(e):\t\tMessage: An element could not be located on the page using the given search parameters.repr(e):\tNoSuchElementException()Traceback (most recent call last):  File \"\\testcase\\firstcases\\testcase3_025.py\", line 94, in <module>    element = getElememtBack(driver, \"new UiSelector().text(\\\"Edit\\\")\", \"new UiSelector().className(\\\"android.widget.Button\\\").instance(1)\")  File \"\\testcase\\firstcases\\testcase3_025.py\", line 53, in getElememtBack    element = driver.find_element_by_android_uiautomator(str2)  File \"C:\\Python27\\lib\\site-packages\\appium\\webdriver\\webdriver.py\", line 327, in find_element_by_android_uiautomator    return self.find_element(by=By.ANDROID_UIAUTOMATOR, value=uia_string)  File \"C:\\Python27\\lib\\site-packages\\appium\\webdriver\\webdriver.py\", line 219, in find_element    'value': value})['value']  File \"C:\\Python27\\lib\\site-packages\\selenium\\webdriver\\remote\\webdriver.py\", line 321, in execute    self.error_handler.check_response(response)  File \"C:\\Python27\\lib\\site-packages\\appium\\webdriver\\errorhandler.py\", line 29, in check_response    raise wdeNoSuchElementException: Message: An element could not be located on the page using the given search parameters."},{"firstjacocotime":5.004,"tagname":"3_022","firstexecutionsuccess":false,"firsttestcasepath":"\\testcase\\firstcases\\testcase3_022.py","firstconsumedtime":39.718,"firstlocpath":null,"firstcoveragepath":"\\coverage\\pwpreferencecoverage\\coverage2_3_022_pw.ec","firsterrorlog":"FAILstr(e):\t\tMessage: An element could not be located on the page using the given search parameters.repr(e):\tNoSuchElementException()Traceback (most recent call last):  File \"\\testcase\\firstcases\\testcase3_022.py\", line 92, in <module>    element = getElememtBack(driver, \"new UiSelector().text(\\\"Car Dock\\\")\", \"new UiSelector().className(\\\"android.widget.TextView\\\").instance(2)\")  File \"\\testcase\\firstcases\\testcase3_022.py\", line 53, in getElememtBack    element = driver.find_element_by_android_uiautomator(str2)  File \"C:\\Python27\\lib\\site-packages\\appium\\webdriver\\webdriver.py\", line 327, in find_element_by_android_uiautomator    return self.find_element(by=By.ANDROID_UIAUTOMATOR, value=uia_string)  File \"C:\\Python27\\lib\\site-packages\\appium\\webdriver\\webdriver.py\", line 219, in find_element    'value': value})['value']  File \"C:\\Python27\\lib\\site-packages\\selenium\\webdriver\\remote\\webdriver.py\", line 321, in execute    self.error_handler.check_response(response)  File \"C:\\Python27\\lib\\site-packages\\appium\\webdriver\\errorhandler.py\", line 29, in check_response    raise wdeNoSuchElementException: Message: An element could not be located on the page using the given search parameters."},{"firstjacocotime":5.002,"tagname":"1_010","firstexecutionsuccess":false,"firsttestcasepath":"\\testcase\\firstcases\\testcase1_010.py","firstconsumedtime":29.811,"firstlocpath":null,"firstcoveragepath":"\\coverage\\pwpreferencecoverage\\coverage2_1_010_pw.ec","firsterrorlog":"FAILstr(e):\t\tMessage: An element could not be located on the page using the given search parameters.repr(e):\tNoSuchElementException()Traceback (most recent call last):  File \"\\testcase\\firstcases\\testcase1_010.py\", line 79, in <module>    element = getElememtBack(driver, \"new UiSelector().text(\\\"Edit\\\")\", \"new UiSelector().className(\\\"android.widget.Button\\\").instance(1)\")  File \"\\testcase\\firstcases\\testcase1_010.py\", line 53, in getElememtBack    element = driver.find_element_by_android_uiautomator(str2)  File \"C:\\Python27\\lib\\site-packages\\appium\\webdriver\\webdriver.py\", line 327, in find_element_by_android_uiautomator    return self.find_element(by=By.ANDROID_UIAUTOMATOR, value=uia_string)  File \"C:\\Python27\\lib\\site-packages\\appium\\webdriver\\webdriver.py\", line 219, in find_element    'value': value})['value']  File \"C:\\Python27\\lib\\site-packages\\selenium\\webdriver\\remote\\webdriver.py\", line 321, in execute    self.error_handler.check_response(response)  File \"C:\\Python27\\lib\\site-packages\\appium\\webdriver\\errorhandler.py\", line 29, in check_response    raise wdeNoSuchElementException: Message: An element could not be located on the page using the given search parameters."},{"firstjacocotime":5.0039997,"tagname":"3_023","firstexecutionsuccess":false,"firsttestcasepath":"\\testcase\\firstcases\\testcase3_023.py","firstconsumedtime":25.546,"firstlocpath":null,"firstcoveragepath":"\\coverage\\pwpreferencecoverage\\coverage2_3_023_pw.ec","firsterrorlog":"FAILstr(e):\t\tMessage: An element could not be located on the page using the given search parameters.repr(e):\tNoSuchElementException()Traceback (most recent call last):  File \"\\testcase\\firstcases\\testcase3_023.py\", line 76, in <module>    element = getElememtBack(driver, \"new UiSelector().text(\\\"Enable Reading Text Messages?\\\")\", \"new UiSelector().resourceId(\\\"a2dp.Vol:id\/enableTTSBox\\\").className(\\\"android.widget.CheckBox\\\")\")  File \"\\testcase\\firstcases\\testcase3_023.py\", line 53, in getElememtBack    element = driver.find_element_by_android_uiautomator(str2)  File \"C:\\Python27\\lib\\site-packages\\appium\\webdriver\\webdriver.py\", line 327, in find_element_by_android_uiautomator    return self.find_element(by=By.ANDROID_UIAUTOMATOR, value=uia_string)  File \"C:\\Python27\\lib\\site-packages\\appium\\webdriver\\webdriver.py\", line 219, in find_element    'value': value})['value']  File \"C:\\Python27\\lib\\site-packages\\selenium\\webdriver\\remote\\webdriver.py\", line 321, in execute    self.error_handler.check_response(response)  File \"C:\\Python27\\lib\\site-packages\\appium\\webdriver\\errorhandler.py\", line 29, in check_response    raise wdeNoSuchElementException: Message: An element could not be located on the page using the given search parameters."},{"firstjacocotime":5.003,"tagname":"4_003","firstexecutionsuccess":false,"firsttestcasepath":"\\testcase\\firstcases\\testcase4_003.py","firstconsumedtime":22.039,"firstlocpath":null,"firstcoveragepath":"\\coverage\\pwpreferencecoverage\\coverage2_4_003_pw.ec","firsterrorlog":"FAILstr(e):\t\tMessage: An element could not be located on the page using the given search parameters.repr(e):\tNoSuchElementException()Traceback (most recent call last):  File \"\\testcase\\firstcases\\testcase4_003.py\", line 84, in <module>    element = getElememt(driver, \"new UiSelector().resourceId(\\\"a2dp.Vol:id\/editApp\\\").className(\\\"android.widget.EditText\\\")\")  File \"\\testcase\\firstcases\\testcase4_003.py\", line 34, in getElememt    element = driver.find_element_by_android_uiautomator(str)  File \"C:\\Python27\\lib\\site-packages\\appium\\webdriver\\webdriver.py\", line 327, in find_element_by_android_uiautomator    return self.find_element(by=By.ANDROID_UIAUTOMATOR, value=uia_string)  File \"C:\\Python27\\lib\\site-packages\\appium\\webdriver\\webdriver.py\", line 219, in find_element    'value': value})['value']  File \"C:\\Python27\\lib\\site-packages\\selenium\\webdriver\\remote\\webdriver.py\", line 321, in execute    self.error_handler.check_response(response)  File \"C:\\Python27\\lib\\site-packages\\appium\\webdriver\\errorhandler.py\", line 29, in check_response    raise wdeNoSuchElementException: Message: An element could not be located on the page using the given search parameters."},{"firstjacocotime":5.0039997,"tagname":"4_004","firstexecutionsuccess":false,"firsttestcasepath":"\\testcase\\firstcases\\testcase4_004.py","firstconsumedtime":79.739,"firstlocpath":null,"firstcoveragepath":"\\coverage\\pwpreferencecoverage\\coverage2_4_004_pw.ec","firsterrorlog":"FAILstr(e):\t\tMessage: An element could not be located on the page using the given search parameters.repr(e):\tNoSuchElementException()Traceback (most recent call last):  File \"\\testcase\\firstcases\\testcase4_004.py\", line 110, in <module>    element = getElememtBack(driver, \"new UiSelector().text(\\\"com.android.development\\\")\", \"new UiSelector().className(\\\"android.widget.TextView\\\").instance(9)\")  File \"\\testcase\\firstcases\\testcase4_004.py\", line 53, in getElememtBack    element = driver.find_element_by_android_uiautomator(str2)  File \"C:\\Python27\\lib\\site-packages\\appium\\webdriver\\webdriver.py\", line 327, in find_element_by_android_uiautomator    return self.find_element(by=By.ANDROID_UIAUTOMATOR, value=uia_string)  File \"C:\\Python27\\lib\\site-packages\\appium\\webdriver\\webdriver.py\", line 219, in find_element    'value': value})['value']  File \"C:\\Python27\\lib\\site-packages\\selenium\\webdriver\\remote\\webdriver.py\", line 321, in execute    self.error_handler.check_response(response)  File \"C:\\Python27\\lib\\site-packages\\appium\\webdriver\\errorhandler.py\", line 29, in check_response    raise wdeNoSuchElementException: Message: An element could not be located on the page using the given search parameters."},{"firstjacocotime":5.0039997,"tagname":"4_005","firstexecutionsuccess":false,"firsttestcasepath":"\\testcase\\firstcases\\testcase4_005.py","firstconsumedtime":85.044,"firstlocpath":null,"firstcoveragepath":"\\coverage\\pwpreferencecoverage\\coverage2_4_005_pw.ec","firsterrorlog":"FAILstr(e):\t\tMessage: An element could not be located on the page using the given search parameters.repr(e):\tNoSuchElementException()Traceback (most recent call last):  File \"\\testcase\\firstcases\\testcase4_005.py\", line 94, in <module>    element = getElememtBack(driver, \"new UiSelector().text(\\\"Edit\\\")\", \"new UiSelector().className(\\\"android.widget.Button\\\").instance(1)\")  File \"\\testcase\\firstcases\\testcase4_005.py\", line 53, in getElememtBack    element = driver.find_element_by_android_uiautomator(str2)  File \"C:\\Python27\\lib\\site-packages\\appium\\webdriver\\webdriver.py\", line 327, in find_element_by_android_uiautomator    return self.find_element(by=By.ANDROID_UIAUTOMATOR, value=uia_string)  File \"C:\\Python27\\lib\\site-packages\\appium\\webdriver\\webdriver.py\", line 219, in find_element    'value': value})['value']  File \"C:\\Python27\\lib\\site-packages\\selenium\\webdriver\\remote\\webdriver.py\", line 321, in execute    self.error_handler.check_response(response)  File \"C:\\Python27\\lib\\site-packages\\appium\\webdriver\\errorhandler.py\", line 29, in check_response    raise wdeNoSuchElementException: Message: An element could not be located on the page using the given search parameters."},{"firstjacocotime":5.003,"tagname":"4_006","firstexecutionsuccess":false,"firsttestcasepath":"\\testcase\\firstcases\\testcase4_006.py","firstconsumedtime":26.91,"firstlocpath":null,"firstcoveragepath":"\\coverage\\pwpreferencecoverage\\coverage2_4_006_pw.ec","firsterrorlog":"FAILstr(e):\t\tMessage: An element could not be located on the page using the given search parameters.repr(e):\tNoSuchElementException()Traceback (most recent call last):  File \"\\testcase\\firstcases\\testcase4_006.py\", line 80, in <module>    element = getElememt(driver, \"new UiSelector().resourceId(\\\"a2dp.Vol:id\/editApp\\\").className(\\\"android.widget.EditText\\\")\")  File \"\\testcase\\firstcases\\testcase4_006.py\", line 34, in getElememt    element = driver.find_element_by_android_uiautomator(str)  File \"C:\\Python27\\lib\\site-packages\\appium\\webdriver\\webdriver.py\", line 327, in find_element_by_android_uiautomator    return self.find_element(by=By.ANDROID_UIAUTOMATOR, value=uia_string)  File \"C:\\Python27\\lib\\site-packages\\appium\\webdriver\\webdriver.py\", line 219, in find_element    'value': value})['value']  File \"C:\\Python27\\lib\\site-packages\\selenium\\webdriver\\remote\\webdriver.py\", line 321, in execute    self.error_handler.check_response(response)  File \"C:\\Python27\\lib\\site-packages\\appium\\webdriver\\errorhandler.py\", line 29, in check_response    raise wdeNoSuchElementException: Message: An element could not be located on the page using the given search parameters."},{"firstjacocotime":5.005,"tagname":"4_007","firstexecutionsuccess":true,"firsttestcasepath":"\\testcase\\firstcases\\testcase4_007.py","firstconsumedtime":15.765,"firstlocpath":null,"firstcoveragepath":"\\coverage\\pwpreferencecoverage\\coverage2_4_007_pw.ec","firsterrorlog":null},{"firstjacocotime":5.005,"tagname":"4_008","firstexecutionsuccess":true,"firsttestcasepath":"\\testcase\\firstcases\\testcase4_008.py","firstconsumedtime":12.3689995,"firstlocpath":null,"firstcoveragepath":"\\coverage\\pwpreferencecoverage\\coverage2_4_008_pw.ec","firsterrorlog":null},{"firstjacocotime":5.0049996,"tagname":"4_009","firstexecutionsuccess":false,"firsttestcasepath":"\\testcase\\firstcases\\testcase4_009.py","firstconsumedtime":22.007,"firstlocpath":null,"firstcoveragepath":"\\coverage\\pwpreferencecoverage\\coverage2_4_009_pw.ec","firsterrorlog":"FAILstr(e):\t\tMessage: An element could not be located on the page using the given search parameters.repr(e):\tNoSuchElementException()Traceback (most recent call last):  File \"\\testcase\\firstcases\\testcase4_009.py\", line 78, in <module>    element = getElememt(driver, \"new UiSelector().resourceId(\\\"a2dp.Vol:id\/editApp\\\").className(\\\"android.widget.EditText\\\")\")  File \"\\testcase\\firstcases\\testcase4_009.py\", line 34, in getElememt    element = driver.find_element_by_android_uiautomator(str)  File \"C:\\Python27\\lib\\site-packages\\appium\\webdriver\\webdriver.py\", line 327, in find_element_by_android_uiautomator    return self.find_element(by=By.ANDROID_UIAUTOMATOR, value=uia_string)  File \"C:\\Python27\\lib\\site-packages\\appium\\webdriver\\webdriver.py\", line 219, in find_element    'value': value})['value']  File \"C:\\Python27\\lib\\site-packages\\selenium\\webdriver\\remote\\webdriver.py\", line 321, in execute    self.error_handler.check_response(response)  File \"C:\\Python27\\lib\\site-packages\\appium\\webdriver\\errorhandler.py\", line 29, in check_response    raise wdeNoSuchElementException: Message: An element could not be located on the page using the given search parameters."},{"firstjacocotime":5.003,"tagname":"4_000","firstexecutionsuccess":false,"firsttestcasepath":"\\testcase\\firstcases\\testcase4_000.py","firstconsumedtime":48.968,"firstlocpath":null,"firstcoveragepath":"\\coverage\\pwpreferencecoverage\\coverage2_4_000_pw.ec","firsterrorlog":"FAILstr(e):\t\tMessage: An element could not be located on the page using the given search parameters.repr(e):\tNoSuchElementException()Traceback (most recent call last):  File \"\\testcase\\firstcases\\testcase4_000.py\", line 101, in <module>    element = getElememtBack(driver, \"new UiSelector().text(\\\"testr Connection\\\")\", \"new UiSelector().className(\\\"android.widget.TextView\\\").instance(3)\")  File \"\\testcase\\firstcases\\testcase4_000.py\", line 53, in getElememtBack    element = driver.find_element_by_android_uiautomator(str2)  File \"C:\\Python27\\lib\\site-packages\\appium\\webdriver\\webdriver.py\", line 327, in find_element_by_android_uiautomator    return self.find_element(by=By.ANDROID_UIAUTOMATOR, value=uia_string)  File \"C:\\Python27\\lib\\site-packages\\appium\\webdriver\\webdriver.py\", line 219, in find_element    'value': value})['value']  File \"C:\\Python27\\lib\\site-packages\\selenium\\webdriver\\remote\\webdriver.py\", line 321, in execute    self.error_handler.check_response(response)  File \"C:\\Python27\\lib\\site-packages\\appium\\webdriver\\errorhandler.py\", line 29, in check_response    raise wdeNoSuchElementException: Message: An element could not be located on the page using the given search parameters."},{"firstjacocotime":5.0039997,"tagname":"4_001","firstexecutionsuccess":false,"firsttestcasepath":"\\testcase\\firstcases\\testcase4_001.py","firstconsumedtime":26.624,"firstlocpath":null,"firstcoveragepath":"\\coverage\\pwpreferencecoverage\\coverage2_4_001_pw.ec","firsterrorlog":"FAILstr(e):\t\tMessage: An element could not be located on the page using the given search parameters.repr(e):\tNoSuchElementException()Traceback (most recent call last):  File \"\\testcase\\firstcases\\testcase4_001.py\", line 81, in <module>    element = getElememtBack(driver, \"new UiSelector().text(\\\"Power Connection\\\")\", \"new UiSelector().className(\\\"android.widget.TextView\\\").instance(3)\")  File \"\\testcase\\firstcases\\testcase4_001.py\", line 53, in getElememtBack    element = driver.find_element_by_android_uiautomator(str2)  File \"C:\\Python27\\lib\\site-packages\\appium\\webdriver\\webdriver.py\", line 327, in find_element_by_android_uiautomator    return self.find_element(by=By.ANDROID_UIAUTOMATOR, value=uia_string)  File \"C:\\Python27\\lib\\site-packages\\appium\\webdriver\\webdriver.py\", line 219, in find_element    'value': value})['value']  File \"C:\\Python27\\lib\\site-packages\\selenium\\webdriver\\remote\\webdriver.py\", line 321, in execute    self.error_handler.check_response(response)  File \"C:\\Python27\\lib\\site-packages\\appium\\webdriver\\errorhandler.py\", line 29, in check_response    raise wdeNoSuchElementException: Message: An element could not be located on the page using the given search parameters."},{"firstjacocotime":5.004,"tagname":"4_002","firstexecutionsuccess":false,"firsttestcasepath":"\\testcase\\firstcases\\testcase4_002.py","firstconsumedtime":25.52,"firstlocpath":null,"firstcoveragepath":"\\coverage\\pwpreferencecoverage\\coverage2_4_002_pw.ec","firsterrorlog":"FAILstr(e):\t\tMessage: An element could not be located on the page using the given search parameters.repr(e):\tNoSuchElementException()Traceback (most recent call last):  File \"\\testcase\\firstcases\\testcase4_002.py\", line 76, in <module>    element = getElememtBack(driver, \"new UiSelector().text(\\\"Ramp volume up?\\\")\", \"new UiSelector().resourceId(\\\"a2dp.Vol:id\/rampBox\\\").className(\\\"android.widget.CheckBox\\\")\")  File \"\\testcase\\firstcases\\testcase4_002.py\", line 53, in getElememtBack    element = driver.find_element_by_android_uiautomator(str2)  File \"C:\\Python27\\lib\\site-packages\\appium\\webdriver\\webdriver.py\", line 327, in find_element_by_android_uiautomator    return self.find_element(by=By.ANDROID_UIAUTOMATOR, value=uia_string)  File \"C:\\Python27\\lib\\site-packages\\appium\\webdriver\\webdriver.py\", line 219, in find_element    'value': value})['value']  File \"C:\\Python27\\lib\\site-packages\\selenium\\webdriver\\remote\\webdriver.py\", line 321, in execute    self.error_handler.check_response(response)  File \"C:\\Python27\\lib\\site-packages\\appium\\webdriver\\errorhandler.py\", line 29, in check_response    raise wdeNoSuchElementException: Message: An element could not be located on the page using the given search parameters."},{"firstjacocotime":5.003,"tagname":"3_017","firstexecutionsuccess":true,"firsttestcasepath":"\\testcase\\firstcases\\testcase3_017.py","firstconsumedtime":9.434,"firstlocpath":null,"firstcoveragepath":"\\coverage\\pwpreferencecoverage\\coverage2_3_017_pw.ec","firsterrorlog":null},{"firstjacocotime":5.0039997,"tagname":"3_018","firstexecutionsuccess":true,"firsttestcasepath":"\\testcase\\firstcases\\testcase3_018.py","firstconsumedtime":11.434,"firstlocpath":null,"firstcoveragepath":"\\coverage\\pwpreferencecoverage\\coverage2_3_018_pw.ec","firsterrorlog":null},{"firstjacocotime":5.003,"tagname":"3_015","firstexecutionsuccess":false,"firsttestcasepath":"\\testcase\\firstcases\\testcase3_015.py","firstconsumedtime":22.726,"firstlocpath":null,"firstcoveragepath":"\\coverage\\pwpreferencecoverage\\coverage2_3_015_pw.ec","firsterrorlog":"FAILstr(e):\t\tMessage: An element could not be located on the page using the given search parameters.repr(e):\tNoSuchElementException()Traceback (most recent call last):  File \"\\testcase\\firstcases\\testcase3_015.py\", line 79, in <module>    element = getElememtBack(driver, \"new UiSelector().text(\\\"testr Connection\\\")\", \"new UiSelector().className(\\\"android.widget.TextView\\\").instance(3)\")  File \"\\testcase\\firstcases\\testcase3_015.py\", line 53, in getElememtBack    element = driver.find_element_by_android_uiautomator(str2)  File \"C:\\Python27\\lib\\site-packages\\appium\\webdriver\\webdriver.py\", line 327, in find_element_by_android_uiautomator    return self.find_element(by=By.ANDROID_UIAUTOMATOR, value=uia_string)  File \"C:\\Python27\\lib\\site-packages\\appium\\webdriver\\webdriver.py\", line 219, in find_element    'value': value})['value']  File \"C:\\Python27\\lib\\site-packages\\selenium\\webdriver\\remote\\webdriver.py\", line 321, in execute    self.error_handler.check_response(response)  File \"C:\\Python27\\lib\\site-packages\\appium\\webdriver\\errorhandler.py\", line 29, in check_response    raise wdeNoSuchElementException: Message: An element could not be located on the page using the given search parameters."},{"firstjacocotime":5.004,"tagname":"3_016","firstexecutionsuccess":false,"firsttestcasepath":"\\testcase\\firstcases\\testcase3_016.py","firstconsumedtime":28.458,"firstlocpath":null,"firstcoveragepath":"\\coverage\\pwpreferencecoverage\\coverage2_3_016_pw.ec","firsterrorlog":"FAILstr(e):\t\tMessage: An element could not be located on the page using the given search parameters.repr(e):\tNoSuchElementException()Traceback (most recent call last):  File \"\\testcase\\firstcases\\testcase3_016.py\", line 82, in <module>    element = getElememt(driver, \"new UiSelector().resourceId(\\\"a2dp.Vol:id\/editApp\\\").className(\\\"android.widget.EditText\\\")\")  File \"\\testcase\\firstcases\\testcase3_016.py\", line 34, in getElememt    element = driver.find_element_by_android_uiautomator(str)  File \"C:\\Python27\\lib\\site-packages\\appium\\webdriver\\webdriver.py\", line 327, in find_element_by_android_uiautomator    return self.find_element(by=By.ANDROID_UIAUTOMATOR, value=uia_string)  File \"C:\\Python27\\lib\\site-packages\\appium\\webdriver\\webdriver.py\", line 219, in find_element    'value': value})['value']  File \"C:\\Python27\\lib\\site-packages\\selenium\\webdriver\\remote\\webdriver.py\", line 321, in execute    self.error_handler.check_response(response)  File \"C:\\Python27\\lib\\site-packages\\appium\\webdriver\\errorhandler.py\", line 29, in check_response    raise wdeNoSuchElementException: Message: An element could not be located on the page using the given search parameters."},{"firstjacocotime":5.003,"tagname":"1_028","firstexecutionsuccess":false,"firsttestcasepath":"\\testcase\\firstcases\\testcase1_028.py","firstconsumedtime":24.492,"firstlocpath":null,"firstcoveragepath":"\\coverage\\pwpreferencecoverage\\coverage2_1_028_pw.ec","firsterrorlog":"FAILstr(e):\t\tMessage: An element could not be located on the page using the given search parameters.repr(e):\tNoSuchElementException()Traceback (most recent call last):  File \"\\testcase\\firstcases\\testcase1_028.py\", line 78, in <module>    element = getElememt(driver, \"new UiSelector().resourceId(\\\"a2dp.Vol:id\/editApp\\\").className(\\\"android.widget.EditText\\\")\")  File \"\\testcase\\firstcases\\testcase1_028.py\", line 34, in getElememt    element = driver.find_element_by_android_uiautomator(str)  File \"C:\\Python27\\lib\\site-packages\\appium\\webdriver\\webdriver.py\", line 327, in find_element_by_android_uiautomator    return self.find_element(by=By.ANDROID_UIAUTOMATOR, value=uia_string)  File \"C:\\Python27\\lib\\site-packages\\appium\\webdriver\\webdriver.py\", line 219, in find_element    'value': value})['value']  File \"C:\\Python27\\lib\\site-packages\\selenium\\webdriver\\remote\\webdriver.py\", line 321, in execute    self.error_handler.check_response(response)  File \"C:\\Python27\\lib\\site-packages\\appium\\webdriver\\errorhandler.py\", line 29, in check_response    raise wdeNoSuchElementException: Message: An element could not be located on the page using the given search parameters."},{"firstjacocotime":5.003,"tagname":"3_019","firstexecutionsuccess":false,"firsttestcasepath":"\\testcase\\firstcases\\testcase3_019.py","firstconsumedtime":21.136,"firstlocpath":null,"firstcoveragepath":"\\coverage\\pwpreferencecoverage\\coverage2_3_019_pw.ec","firsterrorlog":"FAILstr(e):\t\tMessage: An element could not be located on the page using the given search parameters.repr(e):\tNoSuchElementException()Traceback (most recent call last):  File \"\\testcase\\firstcases\\testcase3_019.py\", line 76, in <module>    element = getElememtBack(driver, \"new UiSelector().text(\\\"Home Dock\\\")\", \"new UiSelector().className(\\\"android.widget.TextView\\\").instance(2)\")  File \"\\testcase\\firstcases\\testcase3_019.py\", line 53, in getElememtBack    element = driver.find_element_by_android_uiautomator(str2)  File \"C:\\Python27\\lib\\site-packages\\appium\\webdriver\\webdriver.py\", line 327, in find_element_by_android_uiautomator    return self.find_element(by=By.ANDROID_UIAUTOMATOR, value=uia_string)  File \"C:\\Python27\\lib\\site-packages\\appium\\webdriver\\webdriver.py\", line 219, in find_element    'value': value})['value']  File \"C:\\Python27\\lib\\site-packages\\selenium\\webdriver\\remote\\webdriver.py\", line 321, in execute    self.error_handler.check_response(response)  File \"C:\\Python27\\lib\\site-packages\\appium\\webdriver\\errorhandler.py\", line 29, in check_response    raise wdeNoSuchElementException: Message: An element could not be located on the page using the given search parameters."},{"firstjacocotime":5.0039997,"tagname":"1_029","firstexecutionsuccess":false,"firsttestcasepath":"\\testcase\\firstcases\\testcase1_029.py","firstconsumedtime":19.491,"firstlocpath":null,"firstcoveragepath":"\\coverage\\pwpreferencecoverage\\coverage2_1_029_pw.ec","firsterrorlog":"FAILstr(e):\t\tMessage: An element could not be located on the page using the given search parameters.repr(e):\tNoSuchElementException()Traceback (most recent call last):  File \"\\testcase\\firstcases\\testcase1_029.py\", line 76, in <module>    element = getElememt(driver, \"new UiSelector().resourceId(\\\"a2dp.Vol:id\/editApp\\\").className(\\\"android.widget.EditText\\\")\")  File \"\\testcase\\firstcases\\testcase1_029.py\", line 34, in getElememt    element = driver.find_element_by_android_uiautomator(str)  File \"C:\\Python27\\lib\\site-packages\\appium\\webdriver\\webdriver.py\", line 327, in find_element_by_android_uiautomator    return self.find_element(by=By.ANDROID_UIAUTOMATOR, value=uia_string)  File \"C:\\Python27\\lib\\site-packages\\appium\\webdriver\\webdriver.py\", line 219, in find_element    'value': value})['value']  File \"C:\\Python27\\lib\\site-packages\\selenium\\webdriver\\remote\\webdriver.py\", line 321, in execute    self.error_handler.check_response(response)  File \"C:\\Python27\\lib\\site-packages\\appium\\webdriver\\errorhandler.py\", line 29, in check_response    raise wdeNoSuchElementException: Message: An element could not be located on the page using the given search parameters."},{"firstjacocotime":5.0039997,"tagname":"1_026","firstexecutionsuccess":false,"firsttestcasepath":"\\testcase\\firstcases\\testcase1_026.py","firstconsumedtime":43.468,"firstlocpath":null,"firstcoveragepath":"\\coverage\\pwpreferencecoverage\\coverage2_1_026_pw.ec","firsterrorlog":"FAILstr(e):\t\tMessage: An element could not be located on the page using the given search parameters.repr(e):\tNoSuchElementException()Traceback (most recent call last):  File \"\\testcase\\firstcases\\testcase1_026.py\", line 92, in <module>    element = getElememtBack(driver, \"new UiSelector().text(\\\"Home Dock\\\")\", \"new UiSelector().className(\\\"android.widget.TextView\\\").instance(2)\")  File \"\\testcase\\firstcases\\testcase1_026.py\", line 53, in getElememtBack    element = driver.find_element_by_android_uiautomator(str2)  File \"C:\\Python27\\lib\\site-packages\\appium\\webdriver\\webdriver.py\", line 327, in find_element_by_android_uiautomator    return self.find_element(by=By.ANDROID_UIAUTOMATOR, value=uia_string)  File \"C:\\Python27\\lib\\site-packages\\appium\\webdriver\\webdriver.py\", line 219, in find_element    'value': value})['value']  File \"C:\\Python27\\lib\\site-packages\\selenium\\webdriver\\remote\\webdriver.py\", line 321, in execute    self.error_handler.check_response(response)  File \"C:\\Python27\\lib\\site-packages\\appium\\webdriver\\errorhandler.py\", line 29, in check_response    raise wdeNoSuchElementException: Message: An element could not be located on the page using the given search parameters."},{"firstjacocotime":5.002,"tagname":"1_027","firstexecutionsuccess":false,"firsttestcasepath":"\\testcase\\firstcases\\testcase1_027.py","firstconsumedtime":21.183,"firstlocpath":null,"firstcoveragepath":"\\coverage\\pwpreferencecoverage\\coverage2_1_027_pw.ec","firsterrorlog":"FAILstr(e):\t\tMessage: An element could not be located on the page using the given search parameters.repr(e):\tNoSuchElementException()Traceback (most recent call last):  File \"\\testcase\\firstcases\\testcase1_027.py\", line 77, in <module>    element = getElememtBack(driver, \"new UiSelector().text(\\\"testr Connection\\\")\", \"new UiSelector().className(\\\"android.widget.TextView\\\").instance(3)\")  File \"\\testcase\\firstcases\\testcase1_027.py\", line 53, in getElememtBack    element = driver.find_element_by_android_uiautomator(str2)  File \"C:\\Python27\\lib\\site-packages\\appium\\webdriver\\webdriver.py\", line 327, in find_element_by_android_uiautomator    return self.find_element(by=By.ANDROID_UIAUTOMATOR, value=uia_string)  File \"C:\\Python27\\lib\\site-packages\\appium\\webdriver\\webdriver.py\", line 219, in find_element    'value': value})['value']  File \"C:\\Python27\\lib\\site-packages\\selenium\\webdriver\\remote\\webdriver.py\", line 321, in execute    self.error_handler.check_response(response)  File \"C:\\Python27\\lib\\site-packages\\appium\\webdriver\\errorhandler.py\", line 29, in check_response    raise wdeNoSuchElementException: Message: An element could not be located on the page using the given search parameters."},{"firstjacocotime":5.003,"tagname":"3_010","firstexecutionsuccess":false,"firsttestcasepath":"\\testcase\\firstcases\\testcase3_010.py","firstconsumedtime":25.658,"firstlocpath":null,"firstcoveragepath":"\\coverage\\pwpreferencecoverage\\coverage2_3_010_pw.ec","firsterrorlog":"FAILstr(e):\t\tMessage: An element could not be located on the page using the given search parameters.repr(e):\tNoSuchElementException()Traceback (most recent call last):  File \"\\testcase\\firstcases\\testcase3_010.py\", line 79, in <module>    element = getElememtBack(driver, \"new UiSelector().text(\\\"Edit\\\")\", \"new UiSelector().className(\\\"android.widget.Button\\\").instance(1)\")  File \"\\testcase\\firstcases\\testcase3_010.py\", line 53, in getElememtBack    element = driver.find_element_by_android_uiautomator(str2)  File \"C:\\Python27\\lib\\site-packages\\appium\\webdriver\\webdriver.py\", line 327, in find_element_by_android_uiautomator    return self.find_element(by=By.ANDROID_UIAUTOMATOR, value=uia_string)  File \"C:\\Python27\\lib\\site-packages\\appium\\webdriver\\webdriver.py\", line 219, in find_element    'value': value})['value']  File \"C:\\Python27\\lib\\site-packages\\selenium\\webdriver\\remote\\webdriver.py\", line 321, in execute    self.error_handler.check_response(response)  File \"C:\\Python27\\lib\\site-packages\\appium\\webdriver\\errorhandler.py\", line 29, in check_response    raise wdeNoSuchElementException: Message: An element could not be located on the page using the given search parameters."},{"firstjacocotime":5.0039997,"tagname":"1_024","firstexecutionsuccess":false,"firsttestcasepath":"\\testcase\\firstcases\\testcase1_024.py","firstconsumedtime":26.245,"firstlocpath":null,"firstcoveragepath":"\\coverage\\pwpreferencecoverage\\coverage2_1_024_pw.ec","firsterrorlog":"FAILstr(e):\t\tMessage: An element could not be located on the page using the given search parameters.repr(e):\tNoSuchElementException()Traceback (most recent call last):  File \"\\testcase\\firstcases\\testcase1_024.py\", line 80, in <module>    element = getElememtBack(driver, \"new UiSelector().text(\\\"Capture location on disconnect?\\\")\", \"new UiSelector().resourceId(\\\"a2dp.Vol:id\/checkCaptLoc\\\").className(\\\"android.widget.CheckBox\\\")\")  File \"\\testcase\\firstcases\\testcase1_024.py\", line 53, in getElememtBack    element = driver.find_element_by_android_uiautomator(str2)  File \"C:\\Python27\\lib\\site-packages\\appium\\webdriver\\webdriver.py\", line 327, in find_element_by_android_uiautomator    return self.find_element(by=By.ANDROID_UIAUTOMATOR, value=uia_string)  File \"C:\\Python27\\lib\\site-packages\\appium\\webdriver\\webdriver.py\", line 219, in find_element    'value': value})['value']  File \"C:\\Python27\\lib\\site-packages\\selenium\\webdriver\\remote\\webdriver.py\", line 321, in execute    self.error_handler.check_response(response)  File \"C:\\Python27\\lib\\site-packages\\appium\\webdriver\\errorhandler.py\", line 29, in check_response    raise wdeNoSuchElementException: Message: An element could not be located on the page using the given search parameters."},{"firstjacocotime":5.003,"tagname":"1_025","firstexecutionsuccess":false,"firsttestcasepath":"\\testcase\\firstcases\\testcase1_025.py","firstconsumedtime":120.304,"firstlocpath":null,"firstcoveragepath":"\\coverage\\pwpreferencecoverage\\coverage2_1_025_pw.ec","firsterrorlog":"FAILstr(e):\t\tMessage: An element could not be located on the page using the given search parameters.repr(e):\tNoSuchElementException()Traceback (most recent call last):  File \"\\testcase\\firstcases\\testcase1_025.py\", line 104, in <module>    element = getElememtBack(driver, \"new UiSelector().text(\\\"Edit\\\")\", \"new UiSelector().className(\\\"android.widget.Button\\\").instance(1)\")  File \"\\testcase\\firstcases\\testcase1_025.py\", line 53, in getElememtBack    element = driver.find_element_by_android_uiautomator(str2)  File \"C:\\Python27\\lib\\site-packages\\appium\\webdriver\\webdriver.py\", line 327, in find_element_by_android_uiautomator    return self.find_element(by=By.ANDROID_UIAUTOMATOR, value=uia_string)  File \"C:\\Python27\\lib\\site-packages\\appium\\webdriver\\webdriver.py\", line 219, in find_element    'value': value})['value']  File \"C:\\Python27\\lib\\site-packages\\selenium\\webdriver\\remote\\webdriver.py\", line 321, in execute    self.error_handler.check_response(response)  File \"C:\\Python27\\lib\\site-packages\\appium\\webdriver\\errorhandler.py\", line 29, in check_response    raise wdeNoSuchElementException: Message: An element could not be located on the page using the given search parameters."},{"firstjacocotime":0.0,"tagname":"1_022","firstexecutionsuccess":true,"firsttestcasepath":"\\testcase\\firstcases\\testcase1_022.py","firstconsumedtime":0.0,"firstlocpath":null,"firstcoveragepath":"\\coverage\\pwpreferencecoverage\\coverage2_1_022_pw.ec","firsterrorlog":null},{"firstjacocotime":5.003,"tagname":"3_013","firstexecutionsuccess":false,"firsttestcasepath":"\\testcase\\firstcases\\testcase3_013.py","firstconsumedtime":25.634,"firstlocpath":null,"firstcoveragepath":"\\coverage\\pwpreferencecoverage\\coverage2_3_013_pw.ec","firsterrorlog":"FAILstr(e):\t\tMessage: An element could not be located on the page using the given search parameters.repr(e):\tNoSuchElementException()Traceback (most recent call last):  File \"\\testcase\\firstcases\\testcase3_013.py\", line 76, in <module>    element = getElememtBack(driver, \"new UiSelector().text(\\\"Set media volume on connect?\\\")\", \"new UiSelector().resourceId(\\\"a2dp.Vol:id\/checkSetVol\\\").className(\\\"android.widget.CheckBox\\\")\")  File \"\\testcase\\firstcases\\testcase3_013.py\", line 53, in getElememtBack    element = driver.find_element_by_android_uiautomator(str2)  File \"C:\\Python27\\lib\\site-packages\\appium\\webdriver\\webdriver.py\", line 327, in find_element_by_android_uiautomator    return self.find_element(by=By.ANDROID_UIAUTOMATOR, value=uia_string)  File \"C:\\Python27\\lib\\site-packages\\appium\\webdriver\\webdriver.py\", line 219, in find_element    'value': value})['value']  File \"C:\\Python27\\lib\\site-packages\\selenium\\webdriver\\remote\\webdriver.py\", line 321, in execute    self.error_handler.check_response(response)  File \"C:\\Python27\\lib\\site-packages\\appium\\webdriver\\errorhandler.py\", line 29, in check_response    raise wdeNoSuchElementException: Message: An element could not be located on the page using the given search parameters."},{"firstjacocotime":0.0,"tagname":"1_023","firstexecutionsuccess":true,"firsttestcasepath":"\\testcase\\firstcases\\testcase1_023.py","firstconsumedtime":0.0,"firstlocpath":null,"firstcoveragepath":"\\coverage\\pwpreferencecoverage\\coverage2_1_023_pw.ec","firsterrorlog":null},{"firstjacocotime":5.0039997,"tagname":"3_014","firstexecutionsuccess":false,"firsttestcasepath":"\\testcase\\firstcases\\testcase3_014.py","firstconsumedtime":24.106,"firstlocpath":null,"firstcoveragepath":"\\coverage\\pwpreferencecoverage\\coverage2_3_014_pw.ec","firsterrorlog":"FAILstr(e):\t\tMessage: An element could not be located on the page using the given search parameters.repr(e):\tNoSuchElementException()Traceback (most recent call last):  File \"\\testcase\\firstcases\\testcase3_014.py\", line 78, in <module>    element = getElememt(driver, \"new UiSelector().resourceId(\\\"a2dp.Vol:id\/editApp\\\").className(\\\"android.widget.EditText\\\")\")  File \"\\testcase\\firstcases\\testcase3_014.py\", line 34, in getElememt    element = driver.find_element_by_android_uiautomator(str)  File \"C:\\Python27\\lib\\site-packages\\appium\\webdriver\\webdriver.py\", line 327, in find_element_by_android_uiautomator    return self.find_element(by=By.ANDROID_UIAUTOMATOR, value=uia_string)  File \"C:\\Python27\\lib\\site-packages\\appium\\webdriver\\webdriver.py\", line 219, in find_element    'value': value})['value']  File \"C:\\Python27\\lib\\site-packages\\selenium\\webdriver\\remote\\webdriver.py\", line 321, in execute    self.error_handler.check_response(response)  File \"C:\\Python27\\lib\\site-packages\\appium\\webdriver\\errorhandler.py\", line 29, in check_response    raise wdeNoSuchElementException: Message: An element could not be located on the page using the given search parameters."},{"firstjacocotime":0.0,"tagname":"1_020","firstexecutionsuccess":true,"firsttestcasepath":"\\testcase\\firstcases\\testcase1_020.py","firstconsumedtime":0.0,"firstlocpath":null,"firstcoveragepath":"\\coverage\\pwpreferencecoverage\\coverage2_1_020_pw.ec","firsterrorlog":null},{"firstjacocotime":5.0039997,"tagname":"3_011","firstexecutionsuccess":false,"firsttestcasepath":"\\testcase\\firstcases\\testcase3_011.py","firstconsumedtime":21.419,"firstlocpath":null,"firstcoveragepath":"\\coverage\\pwpreferencecoverage\\coverage2_3_011_pw.ec","firsterrorlog":"FAILstr(e):\t\tMessage: An element could not be located on the page using the given search parameters.repr(e):\tNoSuchElementException()Traceback (most recent call last):  File \"\\testcase\\firstcases\\testcase3_011.py\", line 77, in <module>    element = getElememtBack(driver, \"new UiSelector().text(\\\"testr Connection\\\")\", \"new UiSelector().className(\\\"android.widget.TextView\\\").instance(2)\")  File \"\\testcase\\firstcases\\testcase3_011.py\", line 53, in getElememtBack    element = driver.find_element_by_android_uiautomator(str2)  File \"C:\\Python27\\lib\\site-packages\\appium\\webdriver\\webdriver.py\", line 327, in find_element_by_android_uiautomator    return self.find_element(by=By.ANDROID_UIAUTOMATOR, value=uia_string)  File \"C:\\Python27\\lib\\site-packages\\appium\\webdriver\\webdriver.py\", line 219, in find_element    'value': value})['value']  File \"C:\\Python27\\lib\\site-packages\\selenium\\webdriver\\remote\\webdriver.py\", line 321, in execute    self.error_handler.check_response(response)  File \"C:\\Python27\\lib\\site-packages\\appium\\webdriver\\errorhandler.py\", line 29, in check_response    raise wdeNoSuchElementException: Message: An element could not be located on the page using the given search parameters."},{"firstjacocotime":0.0,"tagname":"1_021","firstexecutionsuccess":true,"firsttestcasepath":"\\testcase\\firstcases\\testcase1_021.py","firstconsumedtime":0.0,"firstlocpath":null,"firstcoveragepath":"\\coverage\\pwpreferencecoverage\\coverage2_1_021_pw.ec","firsterrorlog":null},{"firstjacocotime":5.0039997,"tagname":"3_012","firstexecutionsuccess":false,"firsttestcasepath":"\\testcase\\firstcases\\testcase3_012.py","firstconsumedtime":30.892,"firstlocpath":null,"firstcoveragepath":"\\coverage\\pwpreferencecoverage\\coverage2_3_012_pw.ec","firsterrorlog":"FAILstr(e):\t\tMessage: An element could not be located on the page using the given search parameters.repr(e):\tNoSuchElementException()Traceback (most recent call last):  File \"\\testcase\\firstcases\\testcase3_012.py\", line 87, in <module>    element = getElememtBack(driver, \"new UiSelector().text(\\\"Home Dock\\\")\", \"new UiSelector().className(\\\"android.widget.TextView\\\").instance(2)\")  File \"\\testcase\\firstcases\\testcase3_012.py\", line 53, in getElememtBack    element = driver.find_element_by_android_uiautomator(str2)  File \"C:\\Python27\\lib\\site-packages\\appium\\webdriver\\webdriver.py\", line 327, in find_element_by_android_uiautomator    return self.find_element(by=By.ANDROID_UIAUTOMATOR, value=uia_string)  File \"C:\\Python27\\lib\\site-packages\\appium\\webdriver\\webdriver.py\", line 219, in find_element    'value': value})['value']  File \"C:\\Python27\\lib\\site-packages\\selenium\\webdriver\\remote\\webdriver.py\", line 321, in execute    self.error_handler.check_response(response)  File \"C:\\Python27\\lib\\site-packages\\appium\\webdriver\\errorhandler.py\", line 29, in check_response    raise wdeNoSuchElementException: Message: An element could not be located on the page using the given search parameters."},{"firstjacocotime":5.0039997,"tagname":"4_014","firstexecutionsuccess":false,"firsttestcasepath":"\\testcase\\firstcases\\testcase4_014.py","firstconsumedtime":26.238,"firstlocpath":null,"firstcoveragepath":"\\coverage\\pwpreferencecoverage\\coverage2_4_014_pw.ec","firsterrorlog":"FAILstr(e):\t\tMessage: An element could not be located on the page using the given search parameters.repr(e):\tNoSuchElementException()Traceback (most recent call last):  File \"\\testcase\\firstcases\\testcase4_014.py\", line 80, in <module>    element = getElememt(driver, \"new UiSelector().resourceId(\\\"a2dp.Vol:id\/editApp\\\").className(\\\"android.widget.EditText\\\")\")  File \"\\testcase\\firstcases\\testcase4_014.py\", line 34, in getElememt    element = driver.find_element_by_android_uiautomator(str)  File \"C:\\Python27\\lib\\site-packages\\appium\\webdriver\\webdriver.py\", line 327, in find_element_by_android_uiautomator    return self.find_element(by=By.ANDROID_UIAUTOMATOR, value=uia_string)  File \"C:\\Python27\\lib\\site-packages\\appium\\webdriver\\webdriver.py\", line 219, in find_element    'value': value})['value']  File \"C:\\Python27\\lib\\site-packages\\selenium\\webdriver\\remote\\webdriver.py\", line 321, in execute    self.error_handler.check_response(response)  File \"C:\\Python27\\lib\\site-packages\\appium\\webdriver\\errorhandler.py\", line 29, in check_response    raise wdeNoSuchElementException: Message: An element could not be located on the page using the given search parameters."},{"firstjacocotime":5.003,"tagname":"4_015","firstexecutionsuccess":false,"firsttestcasepath":"\\testcase\\firstcases\\testcase4_015.py","firstconsumedtime":22.77,"firstlocpath":null,"firstcoveragepath":"\\coverage\\pwpreferencecoverage\\coverage2_4_015_pw.ec","firsterrorlog":"FAILstr(e):\t\tMessage: An element could not be located on the page using the given search parameters.repr(e):\tNoSuchElementException()Traceback (most recent call last):  File \"\\testcase\\firstcases\\testcase4_015.py\", line 76, in <module>    element = getElememtBack(driver, \"new UiSelector().text(\\\"Power Connection\\\")\", \"new UiSelector().className(\\\"android.widget.TextView\\\").instance(3)\")  File \"\\testcase\\firstcases\\testcase4_015.py\", line 53, in getElememtBack    element = driver.find_element_by_android_uiautomator(str2)  File \"C:\\Python27\\lib\\site-packages\\appium\\webdriver\\webdriver.py\", line 327, in find_element_by_android_uiautomator    return self.find_element(by=By.ANDROID_UIAUTOMATOR, value=uia_string)  File \"C:\\Python27\\lib\\site-packages\\appium\\webdriver\\webdriver.py\", line 219, in find_element    'value': value})['value']  File \"C:\\Python27\\lib\\site-packages\\selenium\\webdriver\\remote\\webdriver.py\", line 321, in execute    self.error_handler.check_response(response)  File \"C:\\Python27\\lib\\site-packages\\appium\\webdriver\\errorhandler.py\", line 29, in check_response    raise wdeNoSuchElementException: Message: An element could not be located on the page using the given search parameters."},{"firstjacocotime":5.0039997,"tagname":"6_020","firstexecutionsuccess":false,"firsttestcasepath":"\\testcase\\firstcases\\testcase6_020.py","firstconsumedtime":40.856,"firstlocpath":null,"firstcoveragepath":"\\coverage\\pwpreferencecoverage\\coverage2_6_020_pw.ec","firsterrorlog":"FAILstr(e):\t\tMessage: An element could not be located on the page using the given search parameters.repr(e):\tNoSuchElementException()Traceback (most recent call last):  File \"\\testcase\\firstcases\\testcase6_020.py\", line 88, in <module>    element = getElememtBack(driver, \"new UiSelector().text(\\\"Edit\\\")\", \"new UiSelector().className(\\\"android.widget.Button\\\").instance(1)\")  File \"\\testcase\\firstcases\\testcase6_020.py\", line 53, in getElememtBack    element = driver.find_element_by_android_uiautomator(str2)  File \"C:\\Python27\\lib\\site-packages\\appium\\webdriver\\webdriver.py\", line 327, in find_element_by_android_uiautomator    return self.find_element(by=By.ANDROID_UIAUTOMATOR, value=uia_string)  File \"C:\\Python27\\lib\\site-packages\\appium\\webdriver\\webdriver.py\", line 219, in find_element    'value': value})['value']  File \"C:\\Python27\\lib\\site-packages\\selenium\\webdriver\\remote\\webdriver.py\", line 321, in execute    self.error_handler.check_response(response)  File \"C:\\Python27\\lib\\site-packages\\appium\\webdriver\\errorhandler.py\", line 29, in check_response    raise wdeNoSuchElementException: Message: An element could not be located on the page using the given search parameters."},{"firstjacocotime":5.003,"tagname":"4_016","firstexecutionsuccess":false,"firsttestcasepath":"\\testcase\\firstcases\\testcase4_016.py","firstconsumedtime":29.067,"firstlocpath":null,"firstcoveragepath":"\\coverage\\pwpreferencecoverage\\coverage2_4_016_pw.ec","firsterrorlog":"FAILstr(e):\t\tMessage: An element could not be located on the page using the given search parameters.repr(e):\tNoSuchElementException()Traceback (most recent call last):  File \"\\testcase\\firstcases\\testcase4_016.py\", line 80, in <module>    element = getElememtBack(driver, \"new UiSelector().text(\\\"Edit\\\")\", \"new UiSelector().className(\\\"android.widget.Button\\\").instance(1)\")  File \"\\testcase\\firstcases\\testcase4_016.py\", line 53, in getElememtBack    element = driver.find_element_by_android_uiautomator(str2)  File \"C:\\Python27\\lib\\site-packages\\appium\\webdriver\\webdriver.py\", line 327, in find_element_by_android_uiautomator    return self.find_element(by=By.ANDROID_UIAUTOMATOR, value=uia_string)  File \"C:\\Python27\\lib\\site-packages\\appium\\webdriver\\webdriver.py\", line 219, in find_element    'value': value})['value']  File \"C:\\Python27\\lib\\site-packages\\selenium\\webdriver\\remote\\webdriver.py\", line 321, in execute    self.error_handler.check_response(response)  File \"C:\\Python27\\lib\\site-packages\\appium\\webdriver\\errorhandler.py\", line 29, in check_response    raise wdeNoSuchElementException: Message: An element could not be located on the page using the given search parameters."},{"firstjacocotime":5.0039997,"tagname":"6_021","firstexecutionsuccess":false,"firsttestcasepath":"\\testcase\\firstcases\\testcase6_021.py","firstconsumedtime":55.036,"firstlocpath":null,"firstcoveragepath":"\\coverage\\pwpreferencecoverage\\coverage2_6_021_pw.ec","firsterrorlog":"FAILstr(e):\t\tMessage: An element could not be located on the page using the given search parameters.repr(e):\tNoSuchElementException()Traceback (most recent call last):  File \"\\testcase\\firstcases\\testcase6_021.py\", line 91, in <module>    element = getElememtBack(driver, \"new UiSelector().text(\\\"testr Connection\\\")\", \"new UiSelector().className(\\\"android.widget.TextView\\\").instance(3)\")  File \"\\testcase\\firstcases\\testcase6_021.py\", line 53, in getElememtBack    element = driver.find_element_by_android_uiautomator(str2)  File \"C:\\Python27\\lib\\site-packages\\appium\\webdriver\\webdriver.py\", line 327, in find_element_by_android_uiautomator    return self.find_element(by=By.ANDROID_UIAUTOMATOR, value=uia_string)  File \"C:\\Python27\\lib\\site-packages\\appium\\webdriver\\webdriver.py\", line 219, in find_element    'value': value})['value']  File \"C:\\Python27\\lib\\site-packages\\selenium\\webdriver\\remote\\webdriver.py\", line 321, in execute    self.error_handler.check_response(response)  File \"C:\\Python27\\lib\\site-packages\\appium\\webdriver\\errorhandler.py\", line 29, in check_response    raise wdeNoSuchElementException: Message: An element could not be located on the page using the given search parameters."},{"firstjacocotime":5.003,"tagname":"4_017","firstexecutionsuccess":false,"firsttestcasepath":"\\testcase\\firstcases\\testcase4_017.py","firstconsumedtime":23.163,"firstlocpath":null,"firstcoveragepath":"\\coverage\\pwpreferencecoverage\\coverage2_4_017_pw.ec","firsterrorlog":"FAILstr(e):\t\tMessage: An element could not be located on the page using the given search parameters.repr(e):\tNoSuchElementException()Traceback (most recent call last):  File \"\\testcase\\firstcases\\testcase4_017.py\", line 85, in <module>    element = getElememt(driver, \"new UiSelector().resourceId(\\\"a2dp.Vol:id\/editApp\\\").className(\\\"android.widget.EditText\\\")\")  File \"\\testcase\\firstcases\\testcase4_017.py\", line 34, in getElememt    element = driver.find_element_by_android_uiautomator(str)  File \"C:\\Python27\\lib\\site-packages\\appium\\webdriver\\webdriver.py\", line 327, in find_element_by_android_uiautomator    return self.find_element(by=By.ANDROID_UIAUTOMATOR, value=uia_string)  File \"C:\\Python27\\lib\\site-packages\\appium\\webdriver\\webdriver.py\", line 219, in find_element    'value': value})['value']  File \"C:\\Python27\\lib\\site-packages\\selenium\\webdriver\\remote\\webdriver.py\", line 321, in execute    self.error_handler.check_response(response)  File \"C:\\Python27\\lib\\site-packages\\appium\\webdriver\\errorhandler.py\", line 29, in check_response    raise wdeNoSuchElementException: Message: An element could not be located on the page using the given search parameters."},{"firstjacocotime":5.0099998,"tagname":"6_022","firstexecutionsuccess":false,"firsttestcasepath":"\\testcase\\firstcases\\testcase6_022.py","firstconsumedtime":24.409,"firstlocpath":null,"firstcoveragepath":"\\coverage\\pwpreferencecoverage\\coverage2_6_022_pw.ec","firsterrorlog":"FAILstr(e):\t\tMessage: An element could not be located on the page using the given search parameters.repr(e):\tNoSuchElementException()Traceback (most recent call last):  File \"\\testcase\\firstcases\\testcase6_022.py\", line 76, in <module>    element = getElememt(driver, \"new UiSelector().resourceId(\\\"a2dp.Vol:id\/editDesc2\\\").className(\\\"android.widget.EditText\\\")\")  File \"\\testcase\\firstcases\\testcase6_022.py\", line 34, in getElememt    element = driver.find_element_by_android_uiautomator(str)  File \"C:\\Python27\\lib\\site-packages\\appium\\webdriver\\webdriver.py\", line 327, in find_element_by_android_uiautomator    return self.find_element(by=By.ANDROID_UIAUTOMATOR, value=uia_string)  File \"C:\\Python27\\lib\\site-packages\\appium\\webdriver\\webdriver.py\", line 219, in find_element    'value': value})['value']  File \"C:\\Python27\\lib\\site-packages\\selenium\\webdriver\\remote\\webdriver.py\", line 321, in execute    self.error_handler.check_response(response)  File \"C:\\Python27\\lib\\site-packages\\appium\\webdriver\\errorhandler.py\", line 29, in check_response    raise wdeNoSuchElementException: Message: An element could not be located on the page using the given search parameters."},{"firstjacocotime":5.003,"tagname":"4_018","firstexecutionsuccess":false,"firsttestcasepath":"\\testcase\\firstcases\\testcase4_018.py","firstconsumedtime":99.314,"firstlocpath":null,"firstcoveragepath":"\\coverage\\pwpreferencecoverage\\coverage2_4_018_pw.ec","firsterrorlog":"FAILstr(e):\t\tMessage: An element could not be located on the page using the given search parameters.repr(e):\tNoSuchElementException()Traceback (most recent call last):  File \"\\testcase\\firstcases\\testcase4_018.py\", line 111, in <module>    element = getElememtBack(driver, \"new UiSelector().text(\\\"OK\\\")\", \"new UiSelector().className(\\\"android.widget.Button\\\").instance(2)\")  File \"\\testcase\\firstcases\\testcase4_018.py\", line 53, in getElememtBack    element = driver.find_element_by_android_uiautomator(str2)  File \"C:\\Python27\\lib\\site-packages\\appium\\webdriver\\webdriver.py\", line 327, in find_element_by_android_uiautomator    return self.find_element(by=By.ANDROID_UIAUTOMATOR, value=uia_string)  File \"C:\\Python27\\lib\\site-packages\\appium\\webdriver\\webdriver.py\", line 219, in find_element    'value': value})['value']  File \"C:\\Python27\\lib\\site-packages\\selenium\\webdriver\\remote\\webdriver.py\", line 321, in execute    self.error_handler.check_response(response)  File \"C:\\Python27\\lib\\site-packages\\appium\\webdriver\\errorhandler.py\", line 29, in check_response    raise wdeNoSuchElementException: Message: An element could not be located on the page using the given search parameters."},{"firstjacocotime":5.0039997,"tagname":"4_019","firstexecutionsuccess":false,"firsttestcasepath":"\\testcase\\firstcases\\testcase4_019.py","firstconsumedtime":35.992,"firstlocpath":null,"firstcoveragepath":"\\coverage\\pwpreferencecoverage\\coverage2_4_019_pw.ec","firsterrorlog":"FAILstr(e):\t\tMessage: An element could not be located on the page using the given search parameters.repr(e):\tNoSuchElementException()Traceback (most recent call last):  File \"\\testcase\\firstcases\\testcase4_019.py\", line 87, in <module>    element = getElememtBack(driver, \"new UiSelector().text(\\\"Power Connection\\\")\", \"new UiSelector().className(\\\"android.widget.TextView\\\").instance(2)\")  File \"\\testcase\\firstcases\\testcase4_019.py\", line 53, in getElememtBack    element = driver.find_element_by_android_uiautomator(str2)  File \"C:\\Python27\\lib\\site-packages\\appium\\webdriver\\webdriver.py\", line 327, in find_element_by_android_uiautomator    return self.find_element(by=By.ANDROID_UIAUTOMATOR, value=uia_string)  File \"C:\\Python27\\lib\\site-packages\\appium\\webdriver\\webdriver.py\", line 219, in find_element    'value': value})['value']  File \"C:\\Python27\\lib\\site-packages\\selenium\\webdriver\\remote\\webdriver.py\", line 321, in execute    self.error_handler.check_response(response)  File \"C:\\Python27\\lib\\site-packages\\appium\\webdriver\\errorhandler.py\", line 29, in check_response    raise wdeNoSuchElementException: Message: An element could not be located on the page using the given search parameters."},{"firstjacocotime":5.0039997,"tagname":"6_027","firstexecutionsuccess":false,"firsttestcasepath":"\\testcase\\firstcases\\testcase6_027.py","firstconsumedtime":26.816,"firstlocpath":null,"firstcoveragepath":"\\coverage\\pwpreferencecoverage\\coverage2_6_027_pw.ec","firsterrorlog":"FAILstr(e):\t\tMessage: An element could not be located on the page using the given search parameters.repr(e):\tNoSuchElementException()Traceback (most recent call last):  File \"\\testcase\\firstcases\\testcase6_027.py\", line 78, in <module>    element = getElememtBack(driver, \"new UiSelector().text(\\\"Enable Reading Text Messages?\\\")\", \"new UiSelector().resourceId(\\\"a2dp.Vol:id\/enableTTSBox\\\").className(\\\"android.widget.CheckBox\\\")\")  File \"\\testcase\\firstcases\\testcase6_027.py\", line 53, in getElememtBack    element = driver.find_element_by_android_uiautomator(str2)  File \"C:\\Python27\\lib\\site-packages\\appium\\webdriver\\webdriver.py\", line 327, in find_element_by_android_uiautomator    return self.find_element(by=By.ANDROID_UIAUTOMATOR, value=uia_string)  File \"C:\\Python27\\lib\\site-packages\\appium\\webdriver\\webdriver.py\", line 219, in find_element    'value': value})['value']  File \"C:\\Python27\\lib\\site-packages\\selenium\\webdriver\\remote\\webdriver.py\", line 321, in execute    self.error_handler.check_response(response)  File \"C:\\Python27\\lib\\site-packages\\appium\\webdriver\\errorhandler.py\", line 29, in check_response    raise wdeNoSuchElementException: Message: An element could not be located on the page using the given search parameters."},{"firstjacocotime":5.0049996,"tagname":"6_028","firstexecutionsuccess":false,"firsttestcasepath":"\\testcase\\firstcases\\testcase6_028.py","firstconsumedtime":37.835,"firstlocpath":null,"firstcoveragepath":"\\coverage\\pwpreferencecoverage\\coverage2_6_028_pw.ec","firsterrorlog":"FAILstr(e):\t\tMessage: An element could not be located on the page using the given search parameters.repr(e):\tNoSuchElementException()Traceback (most recent call last):  File \"\\testcase\\firstcases\\testcase6_028.py\", line 88, in <module>    element = getElememtBack(driver, \"new UiSelector().text(\\\"Silence notifications while connected?\\\")\", \"new UiSelector().resourceId(\\\"a2dp.Vol:id\/silentBox\\\").className(\\\"android.widget.CheckBox\\\")\")  File \"\\testcase\\firstcases\\testcase6_028.py\", line 53, in getElememtBack    element = driver.find_element_by_android_uiautomator(str2)  File \"C:\\Python27\\lib\\site-packages\\appium\\webdriver\\webdriver.py\", line 327, in find_element_by_android_uiautomator    return self.find_element(by=By.ANDROID_UIAUTOMATOR, value=uia_string)  File \"C:\\Python27\\lib\\site-packages\\appium\\webdriver\\webdriver.py\", line 219, in find_element    'value': value})['value']  File \"C:\\Python27\\lib\\site-packages\\selenium\\webdriver\\remote\\webdriver.py\", line 321, in execute    self.error_handler.check_response(response)  File \"C:\\Python27\\lib\\site-packages\\appium\\webdriver\\errorhandler.py\", line 29, in check_response    raise wdeNoSuchElementException: Message: An element could not be located on the page using the given search parameters."},{"firstjacocotime":5.005,"tagname":"6_029","firstexecutionsuccess":false,"firsttestcasepath":"\\testcase\\firstcases\\testcase6_029.py","firstconsumedtime":20.367,"firstlocpath":null,"firstcoveragepath":"\\coverage\\pwpreferencecoverage\\coverage2_6_029_pw.ec","firsterrorlog":"FAILstr(e):\t\tMessage: An element could not be located on the page using the given search parameters.repr(e):\tNoSuchElementException()Traceback (most recent call last):  File \"\\testcase\\firstcases\\testcase6_029.py\", line 75, in <module>    element = getElememtBack(driver, \"new UiSelector().text(\\\"Power Connection\\\")\", \"new UiSelector().className(\\\"android.widget.TextView\\\").instance(3)\")  File \"\\testcase\\firstcases\\testcase6_029.py\", line 53, in getElememtBack    element = driver.find_element_by_android_uiautomator(str2)  File \"C:\\Python27\\lib\\site-packages\\appium\\webdriver\\webdriver.py\", line 327, in find_element_by_android_uiautomator    return self.find_element(by=By.ANDROID_UIAUTOMATOR, value=uia_string)  File \"C:\\Python27\\lib\\site-packages\\appium\\webdriver\\webdriver.py\", line 219, in find_element    'value': value})['value']  File \"C:\\Python27\\lib\\site-packages\\selenium\\webdriver\\remote\\webdriver.py\", line 321, in execute    self.error_handler.check_response(response)  File \"C:\\Python27\\lib\\site-packages\\appium\\webdriver\\errorhandler.py\", line 29, in check_response    raise wdeNoSuchElementException: Message: An element could not be located on the page using the given search parameters."},{"firstjacocotime":5.003,"tagname":"4_010","firstexecutionsuccess":false,"firsttestcasepath":"\\testcase\\firstcases\\testcase4_010.py","firstconsumedtime":23.661,"firstlocpath":null,"firstcoveragepath":"\\coverage\\pwpreferencecoverage\\coverage2_4_010_pw.ec","firsterrorlog":"FAILstr(e):\t\tMessage: An element could not be located on the page using the given search parameters.repr(e):\tNoSuchElementException()Traceback (most recent call last):  File \"\\testcase\\firstcases\\testcase4_010.py\", line 79, in <module>    element = getElememtBack(driver, \"new UiSelector().text(\\\"Home Dock\\\")\", \"new UiSelector().className(\\\"android.widget.TextView\\\").instance(2)\")  File \"\\testcase\\firstcases\\testcase4_010.py\", line 53, in getElememtBack    element = driver.find_element_by_android_uiautomator(str2)  File \"C:\\Python27\\lib\\site-packages\\appium\\webdriver\\webdriver.py\", line 327, in find_element_by_android_uiautomator    return self.find_element(by=By.ANDROID_UIAUTOMATOR, value=uia_string)  File \"C:\\Python27\\lib\\site-packages\\appium\\webdriver\\webdriver.py\", line 219, in find_element    'value': value})['value']  File \"C:\\Python27\\lib\\site-packages\\selenium\\webdriver\\remote\\webdriver.py\", line 321, in execute    self.error_handler.check_response(response)  File \"C:\\Python27\\lib\\site-packages\\appium\\webdriver\\errorhandler.py\", line 29, in check_response    raise wdeNoSuchElementException: Message: An element could not be located on the page using the given search parameters."},{"firstjacocotime":5.0049996,"tagname":"6_023","firstexecutionsuccess":true,"firsttestcasepath":"\\testcase\\firstcases\\testcase6_023.py","firstconsumedtime":20.914,"firstlocpath":null,"firstcoveragepath":"\\coverage\\pwpreferencecoverage\\coverage2_6_023_pw.ec","firsterrorlog":null},{"firstjacocotime":5.004,"tagname":"4_011","firstexecutionsuccess":true,"firsttestcasepath":"\\testcase\\firstcases\\testcase4_011.py","firstconsumedtime":7.6899996,"firstlocpath":null,"firstcoveragepath":"\\coverage\\pwpreferencecoverage\\coverage2_4_011_pw.ec","firsterrorlog":null},{"firstjacocotime":5.0039997,"tagname":"6_024","firstexecutionsuccess":false,"firsttestcasepath":"\\testcase\\firstcases\\testcase6_024.py","firstconsumedtime":34.97,"firstlocpath":null,"firstcoveragepath":"\\coverage\\pwpreferencecoverage\\coverage2_6_024_pw.ec","firsterrorlog":"FAILstr(e):\t\tMessage: An element could not be located on the page using the given search parameters.repr(e):\tNoSuchElementException()Traceback (most recent call last):  File \"\\testcase\\firstcases\\testcase6_024.py\", line 87, in <module>    element = getElememt(driver, \"new UiSelector().resourceId(\\\"a2dp.Vol:id\/editApp\\\").className(\\\"android.widget.EditText\\\")\")  File \"\\testcase\\firstcases\\testcase6_024.py\", line 34, in getElememt    element = driver.find_element_by_android_uiautomator(str)  File \"C:\\Python27\\lib\\site-packages\\appium\\webdriver\\webdriver.py\", line 327, in find_element_by_android_uiautomator    return self.find_element(by=By.ANDROID_UIAUTOMATOR, value=uia_string)  File \"C:\\Python27\\lib\\site-packages\\appium\\webdriver\\webdriver.py\", line 219, in find_element    'value': value})['value']  File \"C:\\Python27\\lib\\site-packages\\selenium\\webdriver\\remote\\webdriver.py\", line 321, in execute    self.error_handler.check_response(response)  File \"C:\\Python27\\lib\\site-packages\\appium\\webdriver\\errorhandler.py\", line 29, in check_response    raise wdeNoSuchElementException: Message: An element could not be located on the page using the given search parameters."},{"firstjacocotime":5.006,"tagname":"4_012","firstexecutionsuccess":true,"firsttestcasepath":"\\testcase\\firstcases\\testcase4_012.py","firstconsumedtime":43.915,"firstlocpath":null,"firstcoveragepath":"\\coverage\\pwpreferencecoverage\\coverage2_4_012_pw.ec","firsterrorlog":null},{"firstjacocotime":5.004,"tagname":"6_025","firstexecutionsuccess":false,"firsttestcasepath":"\\testcase\\firstcases\\testcase6_025.py","firstconsumedtime":24.073,"firstlocpath":null,"firstcoveragepath":"\\coverage\\pwpreferencecoverage\\coverage2_6_025_pw.ec","firsterrorlog":"FAILstr(e):\t\tMessage: An element could not be located on the page using the given search parameters.repr(e):\tNoSuchElementException()Traceback (most recent call last):  File \"\\testcase\\firstcases\\testcase6_025.py\", line 79, in <module>    element = getElememtBack(driver, \"new UiSelector().text(\\\"Stop app on disconnect?\\\")\", \"new UiSelector().resourceId(\\\"a2dp.Vol:id\/appKillCheckbox\\\").className(\\\"android.widget.CheckBox\\\")\")  File \"\\testcase\\firstcases\\testcase6_025.py\", line 53, in getElememtBack    element = driver.find_element_by_android_uiautomator(str2)  File \"C:\\Python27\\lib\\site-packages\\appium\\webdriver\\webdriver.py\", line 327, in find_element_by_android_uiautomator    return self.find_element(by=By.ANDROID_UIAUTOMATOR, value=uia_string)  File \"C:\\Python27\\lib\\site-packages\\appium\\webdriver\\webdriver.py\", line 219, in find_element    'value': value})['value']  File \"C:\\Python27\\lib\\site-packages\\selenium\\webdriver\\remote\\webdriver.py\", line 321, in execute    self.error_handler.check_response(response)  File \"C:\\Python27\\lib\\site-packages\\appium\\webdriver\\errorhandler.py\", line 29, in check_response    raise wdeNoSuchElementException: Message: An element could not be located on the page using the given search parameters."},{"firstjacocotime":5.0039997,"tagname":"4_013","firstexecutionsuccess":false,"firsttestcasepath":"\\testcase\\firstcases\\testcase4_013.py","firstconsumedtime":19.534,"firstlocpath":null,"firstcoveragepath":"\\coverage\\pwpreferencecoverage\\coverage2_4_013_pw.ec","firsterrorlog":"FAILstr(e):\t\tMessage: An element could not be located on the page using the given search parameters.repr(e):\tNoSuchElementException()Traceback (most recent call last):  File \"\\testcase\\firstcases\\testcase4_013.py\", line 77, in <module>    element = getElememt(driver, \"new UiSelector().resourceId(\\\"a2dp.Vol:id\/iconradio2\\\").className(\\\"android.widget.RadioButton\\\")\")  File \"\\testcase\\firstcases\\testcase4_013.py\", line 34, in getElememt    element = driver.find_element_by_android_uiautomator(str)  File \"C:\\Python27\\lib\\site-packages\\appium\\webdriver\\webdriver.py\", line 327, in find_element_by_android_uiautomator    return self.find_element(by=By.ANDROID_UIAUTOMATOR, value=uia_string)  File \"C:\\Python27\\lib\\site-packages\\appium\\webdriver\\webdriver.py\", line 219, in find_element    'value': value})['value']  File \"C:\\Python27\\lib\\site-packages\\selenium\\webdriver\\remote\\webdriver.py\", line 321, in execute    self.error_handler.check_response(response)  File \"C:\\Python27\\lib\\site-packages\\appium\\webdriver\\errorhandler.py\", line 29, in check_response    raise wdeNoSuchElementException: Message: An element could not be located on the page using the given search parameters."},{"firstjacocotime":5.0039997,"tagname":"6_026","firstexecutionsuccess":false,"firsttestcasepath":"\\testcase\\firstcases\\testcase6_026.py","firstconsumedtime":21.378,"firstlocpath":null,"firstcoveragepath":"\\coverage\\pwpreferencecoverage\\coverage2_6_026_pw.ec","firsterrorlog":"FAILstr(e):\t\tMessage: An element could not be located on the page using the given search parameters.repr(e):\tNoSuchElementException()Traceback (most recent call last):  File \"\\testcase\\firstcases\\testcase6_026.py\", line 76, in <module>    element = getElememtBack(driver, \"new UiSelector().text(\\\"Power Connection\\\")\", \"new UiSelector().className(\\\"android.widget.TextView\\\").instance(2)\")  File \"\\testcase\\firstcases\\testcase6_026.py\", line 53, in getElememtBack    element = driver.find_element_by_android_uiautomator(str2)  File \"C:\\Python27\\lib\\site-packages\\appium\\webdriver\\webdriver.py\", line 327, in find_element_by_android_uiautomator    return self.find_element(by=By.ANDROID_UIAUTOMATOR, value=uia_string)  File \"C:\\Python27\\lib\\site-packages\\appium\\webdriver\\webdriver.py\", line 219, in find_element    'value': value})['value']  File \"C:\\Python27\\lib\\site-packages\\selenium\\webdriver\\remote\\webdriver.py\", line 321, in execute    self.error_handler.check_response(response)  File \"C:\\Python27\\lib\\site-packages\\appium\\webdriver\\errorhandler.py\", line 29, in check_response    raise wdeNoSuchElementException: Message: An element could not be located on the page using the given search parameters."},{"firstjacocotime":5.0039997,"tagname":"3_006","firstexecutionsuccess":true,"firsttestcasepath":"\\testcase\\firstcases\\testcase3_006.py","firstconsumedtime":44.991,"firstlocpath":null,"firstcoveragepath":"\\coverage\\pwpreferencecoverage\\coverage2_3_006_pw.ec","firsterrorlog":null},{"firstjacocotime":5.003,"tagname":"3_007","firstexecutionsuccess":false,"firsttestcasepath":"\\testcase\\firstcases\\testcase3_007.py","firstconsumedtime":25.76,"firstlocpath":null,"firstcoveragepath":"\\coverage\\pwpreferencecoverage\\coverage2_3_007_pw.ec","firsterrorlog":"FAILstr(e):\t\tMessage: An element could not be located on the page using the given search parameters.repr(e):\tNoSuchElementException()Traceback (most recent call last):  File \"\\testcase\\firstcases\\testcase3_007.py\", line 78, in <module>    element = getElememtBack(driver, \"new UiSelector().text(\\\"Home Dock\\\")\", \"new UiSelector().className(\\\"android.widget.TextView\\\").instance(2)\")  File \"\\testcase\\firstcases\\testcase3_007.py\", line 53, in getElememtBack    element = driver.find_element_by_android_uiautomator(str2)  File \"C:\\Python27\\lib\\site-packages\\appium\\webdriver\\webdriver.py\", line 327, in find_element_by_android_uiautomator    return self.find_element(by=By.ANDROID_UIAUTOMATOR, value=uia_string)  File \"C:\\Python27\\lib\\site-packages\\appium\\webdriver\\webdriver.py\", line 219, in find_element    'value': value})['value']  File \"C:\\Python27\\lib\\site-packages\\selenium\\webdriver\\remote\\webdriver.py\", line 321, in execute    self.error_handler.check_response(response)  File \"C:\\Python27\\lib\\site-packages\\appium\\webdriver\\errorhandler.py\", line 29, in check_response    raise wdeNoSuchElementException: Message: An element could not be located on the page using the given search parameters."},{"firstjacocotime":5.003,"tagname":"3_004","firstexecutionsuccess":false,"firsttestcasepath":"\\testcase\\firstcases\\testcase3_004.py","firstconsumedtime":46.917,"firstlocpath":null,"firstcoveragepath":"\\coverage\\pwpreferencecoverage\\coverage2_3_004_pw.ec","firsterrorlog":"FAILstr(e):\t\tMessage: An element could not be located on the page using the given search parameters.repr(e):\tNoSuchElementException()Traceback (most recent call last):  File \"\\testcase\\firstcases\\testcase3_004.py\", line 89, in <module>    element = getElememtBack(driver, \"new UiSelector().text(\\\"Edit\\\")\", \"new UiSelector().className(\\\"android.widget.Button\\\").instance(1)\")  File \"\\testcase\\firstcases\\testcase3_004.py\", line 53, in getElememtBack    element = driver.find_element_by_android_uiautomator(str2)  File \"C:\\Python27\\lib\\site-packages\\appium\\webdriver\\webdriver.py\", line 327, in find_element_by_android_uiautomator    return self.find_element(by=By.ANDROID_UIAUTOMATOR, value=uia_string)  File \"C:\\Python27\\lib\\site-packages\\appium\\webdriver\\webdriver.py\", line 219, in find_element    'value': value})['value']  File \"C:\\Python27\\lib\\site-packages\\selenium\\webdriver\\remote\\webdriver.py\", line 321, in execute    self.error_handler.check_response(response)  File \"C:\\Python27\\lib\\site-packages\\appium\\webdriver\\errorhandler.py\", line 29, in check_response    raise wdeNoSuchElementException: Message: An element could not be located on the page using the given search parameters."},{"firstjacocotime":5.0039997,"tagname":"3_005","firstexecutionsuccess":false,"firsttestcasepath":"\\testcase\\firstcases\\testcase3_005.py","firstconsumedtime":26.897,"firstlocpath":null,"firstcoveragepath":"\\coverage\\pwpreferencecoverage\\coverage2_3_005_pw.ec","firsterrorlog":"FAILstr(e):\t\tMessage: An element could not be located on the page using the given search parameters.repr(e):\tNoSuchElementException()Traceback (most recent call last):  File \"\\testcase\\firstcases\\testcase3_005.py\", line 78, in <module>    element = getElememtBack(driver, \"new UiSelector().text(\\\"Home Dock\\\")\", \"new UiSelector().className(\\\"android.widget.TextView\\\").instance(2)\")  File \"\\testcase\\firstcases\\testcase3_005.py\", line 53, in getElememtBack    element = driver.find_element_by_android_uiautomator(str2)  File \"C:\\Python27\\lib\\site-packages\\appium\\webdriver\\webdriver.py\", line 327, in find_element_by_android_uiautomator    return self.find_element(by=By.ANDROID_UIAUTOMATOR, value=uia_string)  File \"C:\\Python27\\lib\\site-packages\\appium\\webdriver\\webdriver.py\", line 219, in find_element    'value': value})['value']  File \"C:\\Python27\\lib\\site-packages\\selenium\\webdriver\\remote\\webdriver.py\", line 321, in execute    self.error_handler.check_response(response)  File \"C:\\Python27\\lib\\site-packages\\appium\\webdriver\\errorhandler.py\", line 29, in check_response    raise wdeNoSuchElementException: Message: An element could not be located on the page using the given search parameters."},{"firstjacocotime":5.0039997,"tagname":"3_008","firstexecutionsuccess":false,"firsttestcasepath":"\\testcase\\firstcases\\testcase3_008.py","firstconsumedtime":40.091,"firstlocpath":null,"firstcoveragepath":"\\coverage\\pwpreferencecoverage\\coverage2_3_008_pw.ec","firsterrorlog":"FAILstr(e):\t\tMessage: An element could not be located on the page using the given search parameters.repr(e):\tNoSuchElementException()Traceback (most recent call last):  File \"\\testcase\\firstcases\\testcase3_008.py\", line 84, in <module>    element = getElememtBack(driver, \"new UiSelector().text(\\\"Power Connection\\\")\", \"new UiSelector().className(\\\"android.widget.TextView\\\").instance(3)\")  File \"\\testcase\\firstcases\\testcase3_008.py\", line 53, in getElememtBack    element = driver.find_element_by_android_uiautomator(str2)  File \"C:\\Python27\\lib\\site-packages\\appium\\webdriver\\webdriver.py\", line 327, in find_element_by_android_uiautomator    return self.find_element(by=By.ANDROID_UIAUTOMATOR, value=uia_string)  File \"C:\\Python27\\lib\\site-packages\\appium\\webdriver\\webdriver.py\", line 219, in find_element    'value': value})['value']  File \"C:\\Python27\\lib\\site-packages\\selenium\\webdriver\\remote\\webdriver.py\", line 321, in execute    self.error_handler.check_response(response)  File \"C:\\Python27\\lib\\site-packages\\appium\\webdriver\\errorhandler.py\", line 29, in check_response    raise wdeNoSuchElementException: Message: An element could not be located on the page using the given search parameters."},{"firstjacocotime":5.003,"tagname":"3_009","firstexecutionsuccess":false,"firsttestcasepath":"\\testcase\\firstcases\\testcase3_009.py","firstconsumedtime":25.691,"firstlocpath":null,"firstcoveragepath":"\\coverage\\pwpreferencecoverage\\coverage2_3_009_pw.ec","firsterrorlog":"FAILstr(e):\t\tMessage: An element could not be located on the page using the given search parameters.repr(e):\tNoSuchElementException()Traceback (most recent call last):  File \"\\testcase\\firstcases\\testcase3_009.py\", line 80, in <module>    element = getElememt(driver, \"new UiSelector().resourceId(\\\"a2dp.Vol:id\/editDesc2\\\").className(\\\"android.widget.EditText\\\")\")  File \"\\testcase\\firstcases\\testcase3_009.py\", line 34, in getElememt    element = driver.find_element_by_android_uiautomator(str)  File \"C:\\Python27\\lib\\site-packages\\appium\\webdriver\\webdriver.py\", line 327, in find_element_by_android_uiautomator    return self.find_element(by=By.ANDROID_UIAUTOMATOR, value=uia_string)  File \"C:\\Python27\\lib\\site-packages\\appium\\webdriver\\webdriver.py\", line 219, in find_element    'value': value})['value']  File \"C:\\Python27\\lib\\site-packages\\selenium\\webdriver\\remote\\webdriver.py\", line 321, in execute    self.error_handler.check_response(response)  File \"C:\\Python27\\lib\\site-packages\\appium\\webdriver\\errorhandler.py\", line 29, in check_response    raise wdeNoSuchElementException: Message: An element could not be located on the page using the given search parameters."},{"firstjacocotime":5.0039997,"tagname":"3_002","firstexecutionsuccess":false,"firsttestcasepath":"\\testcase\\firstcases\\testcase3_002.py","firstconsumedtime":23.62,"firstlocpath":null,"firstcoveragepath":"\\coverage\\pwpreferencecoverage\\coverage2_3_002_pw.ec","firsterrorlog":"FAILstr(e):\t\tMessage: An element could not be located on the page using the given search parameters.repr(e):\tNoSuchElementException()Traceback (most recent call last):  File \"\\testcase\\firstcases\\testcase3_002.py\", line 76, in <module>    element = getElememt(driver, \"new UiSelector().resourceId(\\\"a2dp.Vol:id\/editDesc2\\\").className(\\\"android.widget.EditText\\\")\")  File \"\\testcase\\firstcases\\testcase3_002.py\", line 34, in getElememt    element = driver.find_element_by_android_uiautomator(str)  File \"C:\\Python27\\lib\\site-packages\\appium\\webdriver\\webdriver.py\", line 327, in find_element_by_android_uiautomator    return self.find_element(by=By.ANDROID_UIAUTOMATOR, value=uia_string)  File \"C:\\Python27\\lib\\site-packages\\appium\\webdriver\\webdriver.py\", line 219, in find_element    'value': value})['value']  File \"C:\\Python27\\lib\\site-packages\\selenium\\webdriver\\remote\\webdriver.py\", line 321, in execute    self.error_handler.check_response(response)  File \"C:\\Python27\\lib\\site-packages\\appium\\webdriver\\errorhandler.py\", line 29, in check_response    raise wdeNoSuchElementException: Message: An element could not be located on the page using the given search parameters."},{"firstjacocotime":5.0039997,"tagname":"3_003","firstexecutionsuccess":false,"firsttestcasepath":"\\testcase\\firstcases\\testcase3_003.py","firstconsumedtime":23.382,"firstlocpath":null,"firstcoveragepath":"\\coverage\\pwpreferencecoverage\\coverage2_3_003_pw.ec","firsterrorlog":"FAILstr(e):\t\tMessage: An element could not be located on the page using the given search parameters.repr(e):\tNoSuchElementException()Traceback (most recent call last):  File \"\\testcase\\firstcases\\testcase3_003.py\", line 76, in <module>    element = getElememt(driver, \"new UiSelector().resourceId(\\\"a2dp.Vol:id\/editApp\\\").className(\\\"android.widget.EditText\\\")\")  File \"\\testcase\\firstcases\\testcase3_003.py\", line 34, in getElememt    element = driver.find_element_by_android_uiautomator(str)  File \"C:\\Python27\\lib\\site-packages\\appium\\webdriver\\webdriver.py\", line 327, in find_element_by_android_uiautomator    return self.find_element(by=By.ANDROID_UIAUTOMATOR, value=uia_string)  File \"C:\\Python27\\lib\\site-packages\\appium\\webdriver\\webdriver.py\", line 219, in find_element    'value': value})['value']  File \"C:\\Python27\\lib\\site-packages\\selenium\\webdriver\\remote\\webdriver.py\", line 321, in execute    self.error_handler.check_response(response)  File \"C:\\Python27\\lib\\site-packages\\appium\\webdriver\\errorhandler.py\", line 29, in check_response    raise wdeNoSuchElementException: Message: An element could not be located on the page using the given search parameters."},{"firstjacocotime":5.0049996,"tagname":"3_000","firstexecutionsuccess":false,"firsttestcasepath":"\\testcase\\firstcases\\testcase3_000.py","firstconsumedtime":25.921,"firstlocpath":null,"firstcoveragepath":"\\coverage\\pwpreferencecoverage\\coverage2_3_000_pw.ec","firsterrorlog":"FAILstr(e):\t\tMessage: An element could not be located on the page using the given search parameters.repr(e):\tNoSuchElementException()Traceback (most recent call last):  File \"\\testcase\\firstcases\\testcase3_000.py\", line 76, in <module>    element = getElememtBack(driver, \"new UiSelector().text(\\\"Power Connection\\\")\", \"new UiSelector().className(\\\"android.widget.TextView\\\").instance(3)\")  File \"\\testcase\\firstcases\\testcase3_000.py\", line 53, in getElememtBack    element = driver.find_element_by_android_uiautomator(str2)  File \"C:\\Python27\\lib\\site-packages\\appium\\webdriver\\webdriver.py\", line 327, in find_element_by_android_uiautomator    return self.find_element(by=By.ANDROID_UIAUTOMATOR, value=uia_string)  File \"C:\\Python27\\lib\\site-packages\\appium\\webdriver\\webdriver.py\", line 219, in find_element    'value': value})['value']  File \"C:\\Python27\\lib\\site-packages\\selenium\\webdriver\\remote\\webdriver.py\", line 321, in execute    self.error_handler.check_response(response)  File \"C:\\Python27\\lib\\site-packages\\appium\\webdriver\\errorhandler.py\", line 29, in check_response    raise wdeNoSuchElementException: Message: An element could not be located on the page using the given search parameters."},{"firstjacocotime":5.003,"tagname":"3_001","firstexecutionsuccess":false,"firsttestcasepath":"\\testcase\\firstcases\\testcase3_001.py","firstconsumedtime":42.462,"firstlocpath":null,"firstcoveragepath":"\\coverage\\pwpreferencecoverage\\coverage2_3_001_pw.ec","firsterrorlog":"FAILstr(e):\t\tMessage: An element could not be located on the page using the given search parameters.repr(e):\tNoSuchElementException()Traceback (most recent call last):  File \"\\testcase\\firstcases\\testcase3_001.py\", line 87, in <module>    element = getElememtBack(driver, \"new UiSelector().text(\\\"Power Connection\\\")\", \"new UiSelector().className(\\\"android.widget.TextView\\\").instance(3)\")  File \"\\testcase\\firstcases\\testcase3_001.py\", line 53, in getElememtBack    element = driver.find_element_by_android_uiautomator(str2)  File \"C:\\Python27\\lib\\site-packages\\appium\\webdriver\\webdriver.py\", line 327, in find_element_by_android_uiautomator    return self.find_element(by=By.ANDROID_UIAUTOMATOR, value=uia_string)  File \"C:\\Python27\\lib\\site-packages\\appium\\webdriver\\webdriver.py\", line 219, in find_element    'value': value})['value']  File \"C:\\Python27\\lib\\site-packages\\selenium\\webdriver\\remote\\webdriver.py\", line 321, in execute    self.error_handler.check_response(response)  File \"C:\\Python27\\lib\\site-packages\\appium\\webdriver\\errorhandler.py\", line 29, in check_response    raise wdeNoSuchElementException: Message: An element could not be located on the page using the given search parameters."},{"firstjacocotime":5.0039997,"tagname":"4_025","firstexecutionsuccess":false,"firsttestcasepath":"\\testcase\\firstcases\\testcase4_025.py","firstconsumedtime":36.035,"firstlocpath":null,"firstcoveragepath":"\\coverage\\pwpreferencecoverage\\coverage2_4_025_pw.ec","firsterrorlog":"FAILstr(e):\t\tMessage: An element could not be located on the page using the given search parameters.repr(e):\tNoSuchElementException()Traceback (most recent call last):  File \"\\testcase\\firstcases\\testcase4_025.py\", line 82, in <module>    element = getElememtBack(driver, \"new UiSelector().text(\\\"Enable Reading Text Messages?\\\")\", \"new UiSelector().resourceId(\\\"a2dp.Vol:id\/enableTTSBox\\\").className(\\\"android.widget.CheckBox\\\")\")  File \"\\testcase\\firstcases\\testcase4_025.py\", line 53, in getElememtBack    element = driver.find_element_by_android_uiautomator(str2)  File \"C:\\Python27\\lib\\site-packages\\appium\\webdriver\\webdriver.py\", line 327, in find_element_by_android_uiautomator    return self.find_element(by=By.ANDROID_UIAUTOMATOR, value=uia_string)  File \"C:\\Python27\\lib\\site-packages\\appium\\webdriver\\webdriver.py\", line 219, in find_element    'value': value})['value']  File \"C:\\Python27\\lib\\site-packages\\selenium\\webdriver\\remote\\webdriver.py\", line 321, in execute    self.error_handler.check_response(response)  File \"C:\\Python27\\lib\\site-packages\\appium\\webdriver\\errorhandler.py\", line 29, in check_response    raise wdeNoSuchElementException: Message: An element could not be located on the page using the given search parameters."},{"firstjacocotime":5.004,"tagname":"4_026","firstexecutionsuccess":false,"firsttestcasepath":"\\testcase\\firstcases\\testcase4_026.py","firstconsumedtime":40.783,"firstlocpath":null,"firstcoveragepath":"\\coverage\\pwpreferencecoverage\\coverage2_4_026_pw.ec","firsterrorlog":"FAILstr(e):\t\tMessage: An element could not be located on the page using the given search parameters.repr(e):\tNoSuchElementException()Traceback (most recent call last):  File \"\\testcase\\firstcases\\testcase4_026.py\", line 92, in <module>    element = getElememt(driver, \"new UiSelector().resourceId(\\\"a2dp.Vol:id\/editApp\\\").className(\\\"android.widget.EditText\\\")\")  File \"\\testcase\\firstcases\\testcase4_026.py\", line 34, in getElememt    element = driver.find_element_by_android_uiautomator(str)  File \"C:\\Python27\\lib\\site-packages\\appium\\webdriver\\webdriver.py\", line 327, in find_element_by_android_uiautomator    return self.find_element(by=By.ANDROID_UIAUTOMATOR, value=uia_string)  File \"C:\\Python27\\lib\\site-packages\\appium\\webdriver\\webdriver.py\", line 219, in find_element    'value': value})['value']  File \"C:\\Python27\\lib\\site-packages\\selenium\\webdriver\\remote\\webdriver.py\", line 321, in execute    self.error_handler.check_response(response)  File \"C:\\Python27\\lib\\site-packages\\appium\\webdriver\\errorhandler.py\", line 29, in check_response    raise wdeNoSuchElementException: Message: An element could not be located on the page using the given search parameters."},{"firstjacocotime":5.0039997,"tagname":"4_027","firstexecutionsuccess":false,"firsttestcasepath":"\\testcase\\firstcases\\testcase4_027.py","firstconsumedtime":30.482,"firstlocpath":null,"firstcoveragepath":"\\coverage\\pwpreferencecoverage\\coverage2_4_027_pw.ec","firsterrorlog":"FAILstr(e):\t\tMessage: An element could not be located on the page using the given search parameters.repr(e):\tNoSuchElementException()Traceback (most recent call last):  File \"\\testcase\\firstcases\\testcase4_027.py\", line 80, in <module>    element = getElememtBack(driver, \"new UiSelector().text(\\\"Power Connection\\\")\", \"new UiSelector().className(\\\"android.widget.TextView\\\").instance(2)\")  File \"\\testcase\\firstcases\\testcase4_027.py\", line 53, in getElememtBack    element = driver.find_element_by_android_uiautomator(str2)  File \"C:\\Python27\\lib\\site-packages\\appium\\webdriver\\webdriver.py\", line 327, in find_element_by_android_uiautomator    return self.find_element(by=By.ANDROID_UIAUTOMATOR, value=uia_string)  File \"C:\\Python27\\lib\\site-packages\\appium\\webdriver\\webdriver.py\", line 219, in find_element    'value': value})['value']  File \"C:\\Python27\\lib\\site-packages\\selenium\\webdriver\\remote\\webdriver.py\", line 321, in execute    self.error_handler.check_response(response)  File \"C:\\Python27\\lib\\site-packages\\appium\\webdriver\\errorhandler.py\", line 29, in check_response    raise wdeNoSuchElementException: Message: An element could not be located on the page using the given search parameters."},{"firstjacocotime":5.0039997,"tagname":"6_010","firstexecutionsuccess":true,"firsttestcasepath":"\\testcase\\firstcases\\testcase6_010.py","firstconsumedtime":8.055,"firstlocpath":null,"firstcoveragepath":"\\coverage\\pwpreferencecoverage\\coverage2_6_010_pw.ec","firsterrorlog":null},{"firstjacocotime":5.0109997,"tagname":"4_028","firstexecutionsuccess":false,"firsttestcasepath":"\\testcase\\firstcases\\testcase4_028.py","firstconsumedtime":26.157,"firstlocpath":null,"firstcoveragepath":"\\coverage\\pwpreferencecoverage\\coverage2_4_028_pw.ec","firsterrorlog":"FAILstr(e):\t\tMessage: An element could not be located on the page using the given search parameters.repr(e):\tNoSuchElementException()Traceback (most recent call last):  File \"\\testcase\\firstcases\\testcase4_028.py\", line 80, in <module>    element = getElememtBack(driver, \"new UiSelector().text(\\\"Power Connection\\\")\", \"new UiSelector().className(\\\"android.widget.TextView\\\").instance(3)\")  File \"\\testcase\\firstcases\\testcase4_028.py\", line 53, in getElememtBack    element = driver.find_element_by_android_uiautomator(str2)  File \"C:\\Python27\\lib\\site-packages\\appium\\webdriver\\webdriver.py\", line 327, in find_element_by_android_uiautomator    return self.find_element(by=By.ANDROID_UIAUTOMATOR, value=uia_string)  File \"C:\\Python27\\lib\\site-packages\\appium\\webdriver\\webdriver.py\", line 219, in find_element    'value': value})['value']  File \"C:\\Python27\\lib\\site-packages\\selenium\\webdriver\\remote\\webdriver.py\", line 321, in execute    self.error_handler.check_response(response)  File \"C:\\Python27\\lib\\site-packages\\appium\\webdriver\\errorhandler.py\", line 29, in check_response    raise wdeNoSuchElementException: Message: An element could not be located on the page using the given search parameters."},{"firstjacocotime":5.003,"tagname":"6_011","firstexecutionsuccess":false,"firsttestcasepath":"\\testcase\\firstcases\\testcase6_011.py","firstconsumedtime":20.252,"firstlocpath":null,"firstcoveragepath":"\\coverage\\pwpreferencecoverage\\coverage2_6_011_pw.ec","firsterrorlog":"FAILstr(e):\t\tMessage: An element could not be located on the page using the given search parameters.repr(e):\tNoSuchElementException()Traceback (most recent call last):  File \"\\testcase\\firstcases\\testcase6_011.py\", line 75, in <module>    element = getElememtBack(driver, \"new UiSelector().text(\\\"Home Dock\\\")\", \"new UiSelector().className(\\\"android.widget.TextView\\\").instance(2)\")  File \"\\testcase\\firstcases\\testcase6_011.py\", line 53, in getElememtBack    element = driver.find_element_by_android_uiautomator(str2)  File \"C:\\Python27\\lib\\site-packages\\appium\\webdriver\\webdriver.py\", line 327, in find_element_by_android_uiautomator    return self.find_element(by=By.ANDROID_UIAUTOMATOR, value=uia_string)  File \"C:\\Python27\\lib\\site-packages\\appium\\webdriver\\webdriver.py\", line 219, in find_element    'value': value})['value']  File \"C:\\Python27\\lib\\site-packages\\selenium\\webdriver\\remote\\webdriver.py\", line 321, in execute    self.error_handler.check_response(response)  File \"C:\\Python27\\lib\\site-packages\\appium\\webdriver\\errorhandler.py\", line 29, in check_response    raise wdeNoSuchElementException: Message: An element could not be located on the page using the given search parameters."},{"firstjacocotime":5.005,"tagname":"4_029","firstexecutionsuccess":false,"firsttestcasepath":"\\testcase\\firstcases\\testcase4_029.py","firstconsumedtime":32.947,"firstlocpath":null,"firstcoveragepath":"\\coverage\\pwpreferencecoverage\\coverage2_4_029_pw.ec","firsterrorlog":"FAILstr(e):\t\tMessage: An element could not be located on the page using the given search parameters.repr(e):\tNoSuchElementException()Traceback (most recent call last):  File \"\\testcase\\firstcases\\testcase4_029.py\", line 84, in <module>    element = getElememtBack(driver, \"new UiSelector().text(\\\"Power Connection\\\")\", \"new UiSelector().className(\\\"android.widget.TextView\\\").instance(3)\")  File \"\\testcase\\firstcases\\testcase4_029.py\", line 53, in getElememtBack    element = driver.find_element_by_android_uiautomator(str2)  File \"C:\\Python27\\lib\\site-packages\\appium\\webdriver\\webdriver.py\", line 327, in find_element_by_android_uiautomator    return self.find_element(by=By.ANDROID_UIAUTOMATOR, value=uia_string)  File \"C:\\Python27\\lib\\site-packages\\appium\\webdriver\\webdriver.py\", line 219, in find_element    'value': value})['value']  File \"C:\\Python27\\lib\\site-packages\\selenium\\webdriver\\remote\\webdriver.py\", line 321, in execute    self.error_handler.check_response(response)  File \"C:\\Python27\\lib\\site-packages\\appium\\webdriver\\errorhandler.py\", line 29, in check_response    raise wdeNoSuchElementException: Message: An element could not be located on the page using the given search parameters."},{"firstjacocotime":5.003,"tagname":"6_016","firstexecutionsuccess":false,"firsttestcasepath":"\\testcase\\firstcases\\testcase6_016.py","firstconsumedtime":41.752,"firstlocpath":null,"firstcoveragepath":"\\coverage\\pwpreferencecoverage\\coverage2_6_016_pw.ec","firsterrorlog":"FAILstr(e):\t\tMessage: An element could not be located on the page using the given search parameters.repr(e):\tNoSuchElementException()Traceback (most recent call last):  File \"\\testcase\\firstcases\\testcase6_016.py\", line 84, in <module>    element = getElememt(driver, \"new UiSelector().resourceId(\\\"a2dp.Vol:id\/editApp\\\").className(\\\"android.widget.EditText\\\")\")  File \"\\testcase\\firstcases\\testcase6_016.py\", line 34, in getElememt    element = driver.find_element_by_android_uiautomator(str)  File \"C:\\Python27\\lib\\site-packages\\appium\\webdriver\\webdriver.py\", line 327, in find_element_by_android_uiautomator    return self.find_element(by=By.ANDROID_UIAUTOMATOR, value=uia_string)  File \"C:\\Python27\\lib\\site-packages\\appium\\webdriver\\webdriver.py\", line 219, in find_element    'value': value})['value']  File \"C:\\Python27\\lib\\site-packages\\selenium\\webdriver\\remote\\webdriver.py\", line 321, in execute    self.error_handler.check_response(response)  File \"C:\\Python27\\lib\\site-packages\\appium\\webdriver\\errorhandler.py\", line 29, in check_response    raise wdeNoSuchElementException: Message: An element could not be located on the page using the given search parameters."},{"firstjacocotime":5.003,"tagname":"6_017","firstexecutionsuccess":false,"firsttestcasepath":"\\testcase\\firstcases\\testcase6_017.py","firstconsumedtime":43.667,"firstlocpath":null,"firstcoveragepath":"\\coverage\\pwpreferencecoverage\\coverage2_6_017_pw.ec","firsterrorlog":"FAILstr(e):\t\tMessage: An element could not be located on the page using the given search parameters.repr(e):\tNoSuchElementException()Traceback (most recent call last):  File \"\\testcase\\firstcases\\testcase6_017.py\", line 92, in <module>    element = getElememt(driver, \"new UiSelector().resourceId(\\\"a2dp.Vol:id\/editDesc2\\\").className(\\\"android.widget.EditText\\\")\")  File \"\\testcase\\firstcases\\testcase6_017.py\", line 34, in getElememt    element = driver.find_element_by_android_uiautomator(str)  File \"C:\\Python27\\lib\\site-packages\\appium\\webdriver\\webdriver.py\", line 327, in find_element_by_android_uiautomator    return self.find_element(by=By.ANDROID_UIAUTOMATOR, value=uia_string)  File \"C:\\Python27\\lib\\site-packages\\appium\\webdriver\\webdriver.py\", line 219, in find_element    'value': value})['value']  File \"C:\\Python27\\lib\\site-packages\\selenium\\webdriver\\remote\\webdriver.py\", line 321, in execute    self.error_handler.check_response(response)  File \"C:\\Python27\\lib\\site-packages\\appium\\webdriver\\errorhandler.py\", line 29, in check_response    raise wdeNoSuchElementException: Message: An element could not be located on the page using the given search parameters."},{"firstjacocotime":5.003,"tagname":"6_018","firstexecutionsuccess":false,"firsttestcasepath":"\\testcase\\firstcases\\testcase6_018.py","firstconsumedtime":26.236,"firstlocpath":null,"firstcoveragepath":"\\coverage\\pwpreferencecoverage\\coverage2_6_018_pw.ec","firsterrorlog":"FAILstr(e):\t\tMessage: An element could not be located on the page using the given search parameters.repr(e):\tNoSuchElementException()Traceback (most recent call last):  File \"\\testcase\\firstcases\\testcase6_018.py\", line 78, in <module>    element = getElememtBack(driver, \"new UiSelector().text(\\\"Enable Reading Text Messages?\\\")\", \"new UiSelector().resourceId(\\\"a2dp.Vol:id\/enableTTSBox\\\").className(\\\"android.widget.CheckBox\\\")\")  File \"\\testcase\\firstcases\\testcase6_018.py\", line 53, in getElememtBack    element = driver.find_element_by_android_uiautomator(str2)  File \"C:\\Python27\\lib\\site-packages\\appium\\webdriver\\webdriver.py\", line 327, in find_element_by_android_uiautomator    return self.find_element(by=By.ANDROID_UIAUTOMATOR, value=uia_string)  File \"C:\\Python27\\lib\\site-packages\\appium\\webdriver\\webdriver.py\", line 219, in find_element    'value': value})['value']  File \"C:\\Python27\\lib\\site-packages\\selenium\\webdriver\\remote\\webdriver.py\", line 321, in execute    self.error_handler.check_response(response)  File \"C:\\Python27\\lib\\site-packages\\appium\\webdriver\\errorhandler.py\", line 29, in check_response    raise wdeNoSuchElementException: Message: An element could not be located on the page using the given search parameters."},{"firstjacocotime":5.004,"tagname":"4_020","firstexecutionsuccess":true,"firsttestcasepath":"\\testcase\\firstcases\\testcase4_020.py","firstconsumedtime":103.921,"firstlocpath":null,"firstcoveragepath":"\\coverage\\pwpreferencecoverage\\coverage2_4_020_pw.ec","firsterrorlog":null},{"firstjacocotime":5.003,"tagname":"6_019","firstexecutionsuccess":false,"firsttestcasepath":"\\testcase\\firstcases\\testcase6_019.py","firstconsumedtime":20.875,"firstlocpath":null,"firstcoveragepath":"\\coverage\\pwpreferencecoverage\\coverage2_6_019_pw.ec","firsterrorlog":"FAILstr(e):\t\tMessage: An element could not be located on the page using the given search parameters.repr(e):\tNoSuchElementException()Traceback (most recent call last):  File \"\\testcase\\firstcases\\testcase6_019.py\", line 79, in <module>    element = getElememtBack(driver, \"new UiSelector().text(\\\"Set media volume on connect?\\\")\", \"new UiSelector().resourceId(\\\"a2dp.Vol:id\/checkSetVol\\\").className(\\\"android.widget.CheckBox\\\")\")  File \"\\testcase\\firstcases\\testcase6_019.py\", line 53, in getElememtBack    element = driver.find_element_by_android_uiautomator(str2)  File \"C:\\Python27\\lib\\site-packages\\appium\\webdriver\\webdriver.py\", line 327, in find_element_by_android_uiautomator    return self.find_element(by=By.ANDROID_UIAUTOMATOR, value=uia_string)  File \"C:\\Python27\\lib\\site-packages\\appium\\webdriver\\webdriver.py\", line 219, in find_element    'value': value})['value']  File \"C:\\Python27\\lib\\site-packages\\selenium\\webdriver\\remote\\webdriver.py\", line 321, in execute    self.error_handler.check_response(response)  File \"C:\\Python27\\lib\\site-packages\\appium\\webdriver\\errorhandler.py\", line 29, in check_response    raise wdeNoSuchElementException: Message: An element could not be located on the page using the given search parameters."},{"firstjacocotime":5.003,"tagname":"4_021","firstexecutionsuccess":true,"firsttestcasepath":"\\testcase\\firstcases\\testcase4_021.py","firstconsumedtime":26.141,"firstlocpath":null,"firstcoveragepath":"\\coverage\\pwpreferencecoverage\\coverage2_4_021_pw.ec","firsterrorlog":null},{"firstjacocotime":5.005,"tagname":"6_012","firstexecutionsuccess":false,"firsttestcasepath":"\\testcase\\firstcases\\testcase6_012.py","firstconsumedtime":33.718,"firstlocpath":null,"firstcoveragepath":"\\coverage\\pwpreferencecoverage\\coverage2_6_012_pw.ec","firsterrorlog":"FAILstr(e):\t\tMessage: An element could not be located on the page using the given search parameters.repr(e):\tNoSuchElementException()Traceback (most recent call last):  File \"\\testcase\\firstcases\\testcase6_012.py\", line 83, in <module>    element = getElememtBack(driver, \"new UiSelector().text(\\\"Home Dock\\\")\", \"new UiSelector().className(\\\"android.widget.TextView\\\").instance(2)\")  File \"\\testcase\\firstcases\\testcase6_012.py\", line 53, in getElememtBack    element = driver.find_element_by_android_uiautomator(str2)  File \"C:\\Python27\\lib\\site-packages\\appium\\webdriver\\webdriver.py\", line 327, in find_element_by_android_uiautomator    return self.find_element(by=By.ANDROID_UIAUTOMATOR, value=uia_string)  File \"C:\\Python27\\lib\\site-packages\\appium\\webdriver\\webdriver.py\", line 219, in find_element    'value': value})['value']  File \"C:\\Python27\\lib\\site-packages\\selenium\\webdriver\\remote\\webdriver.py\", line 321, in execute    self.error_handler.check_response(response)  File \"C:\\Python27\\lib\\site-packages\\appium\\webdriver\\errorhandler.py\", line 29, in check_response    raise wdeNoSuchElementException: Message: An element could not be located on the page using the given search parameters."},{"firstjacocotime":5.0039997,"tagname":"4_022","firstexecutionsuccess":false,"firsttestcasepath":"\\testcase\\firstcases\\testcase4_022.py","firstconsumedtime":49.603,"firstlocpath":null,"firstcoveragepath":"\\coverage\\pwpreferencecoverage\\coverage2_4_022_pw.ec","firsterrorlog":"FAILstr(e):\t\tMessage: An element could not be located on the page using the given search parameters.repr(e):\tNoSuchElementException()Traceback (most recent call last):  File \"\\testcase\\firstcases\\testcase4_022.py\", line 94, in <module>    element = getElememt(driver, \"new UiSelector().resourceId(\\\"a2dp.Vol:id\/editApp\\\").className(\\\"android.widget.EditText\\\")\")  File \"\\testcase\\firstcases\\testcase4_022.py\", line 34, in getElememt    element = driver.find_element_by_android_uiautomator(str)  File \"C:\\Python27\\lib\\site-packages\\appium\\webdriver\\webdriver.py\", line 327, in find_element_by_android_uiautomator    return self.find_element(by=By.ANDROID_UIAUTOMATOR, value=uia_string)  File \"C:\\Python27\\lib\\site-packages\\appium\\webdriver\\webdriver.py\", line 219, in find_element    'value': value})['value']  File \"C:\\Python27\\lib\\site-packages\\selenium\\webdriver\\remote\\webdriver.py\", line 321, in execute    self.error_handler.check_response(response)  File \"C:\\Python27\\lib\\site-packages\\appium\\webdriver\\errorhandler.py\", line 29, in check_response    raise wdeNoSuchElementException: Message: An element could not be located on the page using the given search parameters."},{"firstjacocotime":5.0039997,"tagname":"6_013","firstexecutionsuccess":false,"firsttestcasepath":"\\testcase\\firstcases\\testcase6_013.py","firstconsumedtime":24.296,"firstlocpath":null,"firstcoveragepath":"\\coverage\\pwpreferencecoverage\\coverage2_6_013_pw.ec","firsterrorlog":"FAILstr(e):\t\tMessage: An element could not be located on the page using the given search parameters.repr(e):\tNoSuchElementException()Traceback (most recent call last):  File \"\\testcase\\firstcases\\testcase6_013.py\", line 79, in <module>    element = getElememt(driver, \"new UiSelector().resourceId(\\\"android:id\/home\\\").className(\\\"android.widget.ImageView\\\")\")  File \"\\testcase\\firstcases\\testcase6_013.py\", line 34, in getElememt    element = driver.find_element_by_android_uiautomator(str)  File \"C:\\Python27\\lib\\site-packages\\appium\\webdriver\\webdriver.py\", line 327, in find_element_by_android_uiautomator    return self.find_element(by=By.ANDROID_UIAUTOMATOR, value=uia_string)  File \"C:\\Python27\\lib\\site-packages\\appium\\webdriver\\webdriver.py\", line 219, in find_element    'value': value})['value']  File \"C:\\Python27\\lib\\site-packages\\selenium\\webdriver\\remote\\webdriver.py\", line 321, in execute    self.error_handler.check_response(response)  File \"C:\\Python27\\lib\\site-packages\\appium\\webdriver\\errorhandler.py\", line 29, in check_response    raise wdeNoSuchElementException: Message: An element could not be located on the page using the given search parameters."},{"firstjacocotime":5.0039997,"tagname":"4_023","firstexecutionsuccess":true,"firsttestcasepath":"\\testcase\\firstcases\\testcase4_023.py","firstconsumedtime":44.258,"firstlocpath":null,"firstcoveragepath":"\\coverage\\pwpreferencecoverage\\coverage2_4_023_pw.ec","firsterrorlog":null},{"firstjacocotime":5.003,"tagname":"6_014","firstexecutionsuccess":false,"firsttestcasepath":"\\testcase\\firstcases\\testcase6_014.py","firstconsumedtime":37.152,"firstlocpath":null,"firstcoveragepath":"\\coverage\\pwpreferencecoverage\\coverage2_6_014_pw.ec","firsterrorlog":"FAILstr(e):\t\tMessage: An element could not be located on the page using the given search parameters.repr(e):\tNoSuchElementException()Traceback (most recent call last):  File \"\\testcase\\firstcases\\testcase6_014.py\", line 90, in <module>    element = getElememtBack(driver, \"new UiSelector().text(\\\"Set in-call phone volume on connect?\\\")\", \"new UiSelector().resourceId(\\\"a2dp.Vol:id\/checkSetpv\\\").className(\\\"android.widget.CheckBox\\\")\")  File \"\\testcase\\firstcases\\testcase6_014.py\", line 53, in getElememtBack    element = driver.find_element_by_android_uiautomator(str2)  File \"C:\\Python27\\lib\\site-packages\\appium\\webdriver\\webdriver.py\", line 327, in find_element_by_android_uiautomator    return self.find_element(by=By.ANDROID_UIAUTOMATOR, value=uia_string)  File \"C:\\Python27\\lib\\site-packages\\appium\\webdriver\\webdriver.py\", line 219, in find_element    'value': value})['value']  File \"C:\\Python27\\lib\\site-packages\\selenium\\webdriver\\remote\\webdriver.py\", line 321, in execute    self.error_handler.check_response(response)  File \"C:\\Python27\\lib\\site-packages\\appium\\webdriver\\errorhandler.py\", line 29, in check_response    raise wdeNoSuchElementException: Message: An element could not be located on the page using the given search parameters."},{"firstjacocotime":5.003,"tagname":"4_024","firstexecutionsuccess":false,"firsttestcasepath":"\\testcase\\firstcases\\testcase4_024.py","firstconsumedtime":28.837,"firstlocpath":null,"firstcoveragepath":"\\coverage\\pwpreferencecoverage\\coverage2_4_024_pw.ec","firsterrorlog":"FAILstr(e):\t\tMessage: An element could not be located on the page using the given search parameters.repr(e):\tNoSuchElementException()Traceback (most recent call last):  File \"\\testcase\\firstcases\\testcase4_024.py\", line 84, in <module>    element = getElememt(driver, \"new UiSelector().resourceId(\\\"a2dp.Vol:id\/editDesc2\\\").className(\\\"android.widget.EditText\\\")\")  File \"\\testcase\\firstcases\\testcase4_024.py\", line 34, in getElememt    element = driver.find_element_by_android_uiautomator(str)  File \"C:\\Python27\\lib\\site-packages\\appium\\webdriver\\webdriver.py\", line 327, in find_element_by_android_uiautomator    return self.find_element(by=By.ANDROID_UIAUTOMATOR, value=uia_string)  File \"C:\\Python27\\lib\\site-packages\\appium\\webdriver\\webdriver.py\", line 219, in find_element    'value': value})['value']  File \"C:\\Python27\\lib\\site-packages\\selenium\\webdriver\\remote\\webdriver.py\", line 321, in execute    self.error_handler.check_response(response)  File \"C:\\Python27\\lib\\site-packages\\appium\\webdriver\\errorhandler.py\", line 29, in check_response    raise wdeNoSuchElementException: Message: An element could not be located on the page using the given search parameters."},{"firstjacocotime":5.003,"tagname":"6_015","firstexecutionsuccess":false,"firsttestcasepath":"\\testcase\\firstcases\\testcase6_015.py","firstconsumedtime":38.524,"firstlocpath":null,"firstcoveragepath":"\\coverage\\pwpreferencecoverage\\coverage2_6_015_pw.ec","firsterrorlog":"FAILstr(e):\t\tMessage: An element could not be located on the page using the given search parameters.repr(e):\tNoSuchElementException()Traceback (most recent call last):  File \"\\testcase\\firstcases\\testcase6_015.py\", line 86, in <module>    element = getElememtBack(driver, \"new UiSelector().text(\\\"testr Connection\\\")\", \"new UiSelector().className(\\\"android.widget.TextView\\\").instance(3)\")  File \"\\testcase\\firstcases\\testcase6_015.py\", line 53, in getElememtBack    element = driver.find_element_by_android_uiautomator(str2)  File \"C:\\Python27\\lib\\site-packages\\appium\\webdriver\\webdriver.py\", line 327, in find_element_by_android_uiautomator    return self.find_element(by=By.ANDROID_UIAUTOMATOR, value=uia_string)  File \"C:\\Python27\\lib\\site-packages\\appium\\webdriver\\webdriver.py\", line 219, in find_element    'value': value})['value']  File \"C:\\Python27\\lib\\site-packages\\selenium\\webdriver\\remote\\webdriver.py\", line 321, in execute    self.error_handler.check_response(response)  File \"C:\\Python27\\lib\\site-packages\\appium\\webdriver\\errorhandler.py\", line 29, in check_response    raise wdeNoSuchElementException: Message: An element could not be located on the page using the given search parameters."},{"firstjacocotime":5.003,"tagname":"1_008","firstexecutionsuccess":false,"firsttestcasepath":"\\testcase\\firstcases\\testcase1_008.py","firstconsumedtime":38.98,"firstlocpath":null,"firstcoveragepath":"\\coverage\\pwpreferencecoverage\\coverage2_1_008_pw.ec","firsterrorlog":"FAILstr(e):\t\tMessage: An element could not be located on the page using the given search parameters.repr(e):\tNoSuchElementException()Traceback (most recent call last):  File \"\\testcase\\firstcases\\testcase1_008.py\", line 95, in <module>    element = getElememt(driver, \"new UiSelector().resourceId(\\\"a2dp.Vol:id\/editApp\\\").className(\\\"android.widget.EditText\\\")\")  File \"\\testcase\\firstcases\\testcase1_008.py\", line 34, in getElememt    element = driver.find_element_by_android_uiautomator(str)  File \"C:\\Python27\\lib\\site-packages\\appium\\webdriver\\webdriver.py\", line 327, in find_element_by_android_uiautomator    return self.find_element(by=By.ANDROID_UIAUTOMATOR, value=uia_string)  File \"C:\\Python27\\lib\\site-packages\\appium\\webdriver\\webdriver.py\", line 219, in find_element    'value': value})['value']  File \"C:\\Python27\\lib\\site-packages\\selenium\\webdriver\\remote\\webdriver.py\", line 321, in execute    self.error_handler.check_response(response)  File \"C:\\Python27\\lib\\site-packages\\appium\\webdriver\\errorhandler.py\", line 29, in check_response    raise wdeNoSuchElementException: Message: An element could not be located on the page using the given search parameters."},{"firstjacocotime":5.0039997,"tagname":"1_009","firstexecutionsuccess":true,"firsttestcasepath":"\\testcase\\firstcases\\testcase1_009.py","firstconsumedtime":7.512,"firstlocpath":null,"firstcoveragepath":"\\coverage\\pwpreferencecoverage\\coverage2_1_009_pw.ec","firsterrorlog":null},{"firstjacocotime":5.004,"tagname":"1_006","firstexecutionsuccess":false,"firsttestcasepath":"\\testcase\\firstcases\\testcase1_006.py","firstconsumedtime":19.778,"firstlocpath":null,"firstcoveragepath":"\\coverage\\pwpreferencecoverage\\coverage2_1_006_pw.ec","firsterrorlog":"FAILstr(e):\t\tMessage: An element could not be located on the page using the given search parameters.repr(e):\tNoSuchElementException()Traceback (most recent call last):  File \"\\testcase\\firstcases\\testcase1_006.py\", line 75, in <module>    element = getElememtBack(driver, \"new UiSelector().text(\\\"testr Connection\\\")\", \"new UiSelector().className(\\\"android.widget.TextView\\\").instance(3)\")  File \"\\testcase\\firstcases\\testcase1_006.py\", line 53, in getElememtBack    element = driver.find_element_by_android_uiautomator(str2)  File \"C:\\Python27\\lib\\site-packages\\appium\\webdriver\\webdriver.py\", line 327, in find_element_by_android_uiautomator    return self.find_element(by=By.ANDROID_UIAUTOMATOR, value=uia_string)  File \"C:\\Python27\\lib\\site-packages\\appium\\webdriver\\webdriver.py\", line 219, in find_element    'value': value})['value']  File \"C:\\Python27\\lib\\site-packages\\selenium\\webdriver\\remote\\webdriver.py\", line 321, in execute    self.error_handler.check_response(response)  File \"C:\\Python27\\lib\\site-packages\\appium\\webdriver\\errorhandler.py\", line 29, in check_response    raise wdeNoSuchElementException: Message: An element could not be located on the page using the given search parameters."},{"firstjacocotime":5.0039997,"tagname":"1_007","firstexecutionsuccess":true,"firsttestcasepath":"\\testcase\\firstcases\\testcase1_007.py","firstconsumedtime":35.438,"firstlocpath":null,"firstcoveragepath":"\\coverage\\pwpreferencecoverage\\coverage2_1_007_pw.ec","firsterrorlog":null},{"firstjacocotime":5.0039997,"tagname":"1_004","firstexecutionsuccess":false,"firsttestcasepath":"\\testcase\\firstcases\\testcase1_004.py","firstconsumedtime":25.608,"firstlocpath":null,"firstcoveragepath":"\\coverage\\pwpreferencecoverage\\coverage2_1_004_pw.ec","firsterrorlog":"FAILstr(e):\t\tMessage: An element could not be located on the page using the given search parameters.repr(e):\tNoSuchElementException()Traceback (most recent call last):  File \"\\testcase\\firstcases\\testcase1_004.py\", line 76, in <module>    element = getElememtBack(driver, \"new UiSelector().text(\\\"Force App Restart?\\\")\", \"new UiSelector().resourceId(\\\"a2dp.Vol:id\/appRestartCheckbox\\\").className(\\\"android.widget.CheckBox\\\")\")  File \"\\testcase\\firstcases\\testcase1_004.py\", line 53, in getElememtBack    element = driver.find_element_by_android_uiautomator(str2)  File \"C:\\Python27\\lib\\site-packages\\appium\\webdriver\\webdriver.py\", line 327, in find_element_by_android_uiautomator    return self.find_element(by=By.ANDROID_UIAUTOMATOR, value=uia_string)  File \"C:\\Python27\\lib\\site-packages\\appium\\webdriver\\webdriver.py\", line 219, in find_element    'value': value})['value']  File \"C:\\Python27\\lib\\site-packages\\selenium\\webdriver\\remote\\webdriver.py\", line 321, in execute    self.error_handler.check_response(response)  File \"C:\\Python27\\lib\\site-packages\\appium\\webdriver\\errorhandler.py\", line 29, in check_response    raise wdeNoSuchElementException: Message: An element could not be located on the page using the given search parameters."},{"firstjacocotime":5.0039997,"tagname":"1_005","firstexecutionsuccess":false,"firsttestcasepath":"\\testcase\\firstcases\\testcase1_005.py","firstconsumedtime":36.097,"firstlocpath":null,"firstcoveragepath":"\\coverage\\pwpreferencecoverage\\coverage2_1_005_pw.ec","firsterrorlog":"FAILstr(e):\t\tMessage: An element could not be located on the page using the given search parameters.repr(e):\tNoSuchElementException()Traceback (most recent call last):  File \"\\testcase\\firstcases\\testcase1_005.py\", line 86, in <module>    element = getElememtBack(driver, \"new UiSelector().text(\\\"testr Connection\\\")\", \"new UiSelector().className(\\\"android.widget.TextView\\\").instance(2)\")  File \"\\testcase\\firstcases\\testcase1_005.py\", line 53, in getElememtBack    element = driver.find_element_by_android_uiautomator(str2)  File \"C:\\Python27\\lib\\site-packages\\appium\\webdriver\\webdriver.py\", line 327, in find_element_by_android_uiautomator    return self.find_element(by=By.ANDROID_UIAUTOMATOR, value=uia_string)  File \"C:\\Python27\\lib\\site-packages\\appium\\webdriver\\webdriver.py\", line 219, in find_element    'value': value})['value']  File \"C:\\Python27\\lib\\site-packages\\selenium\\webdriver\\remote\\webdriver.py\", line 321, in execute    self.error_handler.check_response(response)  File \"C:\\Python27\\lib\\site-packages\\appium\\webdriver\\errorhandler.py\", line 29, in check_response    raise wdeNoSuchElementException: Message: An element could not be located on the page using the given search parameters."},{"firstjacocotime":5.003,"tagname":"1_002","firstexecutionsuccess":false,"firsttestcasepath":"\\testcase\\firstcases\\testcase1_002.py","firstconsumedtime":28.345,"firstlocpath":null,"firstcoveragepath":"\\coverage\\pwpreferencecoverage\\coverage2_1_002_pw.ec","firsterrorlog":"FAILstr(e):\t\tMessage: An element could not be located on the page using the given search parameters.repr(e):\tNoSuchElementException()Traceback (most recent call last):  File \"\\testcase\\firstcases\\testcase1_002.py\", line 84, in <module>    element = getElememtBack(driver, \"new UiSelector().text(\\\"Home Dock\\\")\", \"new UiSelector().className(\\\"android.widget.TextView\\\").instance(2)\")  File \"\\testcase\\firstcases\\testcase1_002.py\", line 53, in getElememtBack    element = driver.find_element_by_android_uiautomator(str2)  File \"C:\\Python27\\lib\\site-packages\\appium\\webdriver\\webdriver.py\", line 327, in find_element_by_android_uiautomator    return self.find_element(by=By.ANDROID_UIAUTOMATOR, value=uia_string)  File \"C:\\Python27\\lib\\site-packages\\appium\\webdriver\\webdriver.py\", line 219, in find_element    'value': value})['value']  File \"C:\\Python27\\lib\\site-packages\\selenium\\webdriver\\remote\\webdriver.py\", line 321, in execute    self.error_handler.check_response(response)  File \"C:\\Python27\\lib\\site-packages\\appium\\webdriver\\errorhandler.py\", line 29, in check_response    raise wdeNoSuchElementException: Message: An element could not be located on the page using the given search parameters."},{"firstjacocotime":5.003,"tagname":"1_003","firstexecutionsuccess":false,"firsttestcasepath":"\\testcase\\firstcases\\testcase1_003.py","firstconsumedtime":38.759,"firstlocpath":null,"firstcoveragepath":"\\coverage\\pwpreferencecoverage\\coverage2_1_003_pw.ec","firsterrorlog":"FAILstr(e):\t\tMessage: An element could not be located on the page using the given search parameters.repr(e):\tNoSuchElementException()Traceback (most recent call last):  File \"\\testcase\\firstcases\\testcase1_003.py\", line 84, in <module>    element = getElememt(driver, \"new UiSelector().resourceId(\\\"a2dp.Vol:id\/editDesc2\\\").className(\\\"android.widget.EditText\\\")\")  File \"\\testcase\\firstcases\\testcase1_003.py\", line 34, in getElememt    element = driver.find_element_by_android_uiautomator(str)  File \"C:\\Python27\\lib\\site-packages\\appium\\webdriver\\webdriver.py\", line 327, in find_element_by_android_uiautomator    return self.find_element(by=By.ANDROID_UIAUTOMATOR, value=uia_string)  File \"C:\\Python27\\lib\\site-packages\\appium\\webdriver\\webdriver.py\", line 219, in find_element    'value': value})['value']  File \"C:\\Python27\\lib\\site-packages\\selenium\\webdriver\\remote\\webdriver.py\", line 321, in execute    self.error_handler.check_response(response)  File \"C:\\Python27\\lib\\site-packages\\appium\\webdriver\\errorhandler.py\", line 29, in check_response    raise wdeNoSuchElementException: Message: An element could not be located on the page using the given search parameters."},{"firstjacocotime":5.003,"tagname":"1_000","firstexecutionsuccess":false,"firsttestcasepath":"\\testcase\\firstcases\\testcase1_000.py","firstconsumedtime":26.692,"firstlocpath":null,"firstcoveragepath":"\\coverage\\pwpreferencecoverage\\coverage2_1_000_pw.ec","firsterrorlog":"FAILstr(e):\t\tMessage: An element could not be located on the page using the given search parameters.repr(e):\tNoSuchElementException()Traceback (most recent call last):  File \"\\testcase\\firstcases\\testcase1_000.py\", line 81, in <module>    element = getElememtBack(driver, \"new UiSelector().text(\\\"testr Connection\\\")\", \"new UiSelector().className(\\\"android.widget.TextView\\\").instance(3)\")  File \"\\testcase\\firstcases\\testcase1_000.py\", line 53, in getElememtBack    element = driver.find_element_by_android_uiautomator(str2)  File \"C:\\Python27\\lib\\site-packages\\appium\\webdriver\\webdriver.py\", line 327, in find_element_by_android_uiautomator    return self.find_element(by=By.ANDROID_UIAUTOMATOR, value=uia_string)  File \"C:\\Python27\\lib\\site-packages\\appium\\webdriver\\webdriver.py\", line 219, in find_element    'value': value})['value']  File \"C:\\Python27\\lib\\site-packages\\selenium\\webdriver\\remote\\webdriver.py\", line 321, in execute    self.error_handler.check_response(response)  File \"C:\\Python27\\lib\\site-packages\\appium\\webdriver\\errorhandler.py\", line 29, in check_response    raise wdeNoSuchElementException: Message: An element could not be located on the page using the given search parameters."},{"firstjacocotime":5.004,"tagname":"1_001","firstexecutionsuccess":false,"firsttestcasepath":"\\testcase\\firstcases\\testcase1_001.py","firstconsumedtime":29.068,"firstlocpath":null,"firstcoveragepath":"\\coverage\\pwpreferencecoverage\\coverage2_1_001_pw.ec","firsterrorlog":"FAILstr(e):\t\tMessage: An element could not be located on the page using the given search parameters.repr(e):\tNoSuchElementException()Traceback (most recent call last):  File \"\\testcase\\firstcases\\testcase1_001.py\", line 80, in <module>    element = getElememtBack(driver, \"new UiSelector().text(\\\"Pandora Radio Station\\\")\", \"new UiSelector().className(\\\"android.widget.TextView\\\").instance(4)\")  File \"\\testcase\\firstcases\\testcase1_001.py\", line 53, in getElememtBack    element = driver.find_element_by_android_uiautomator(str2)  File \"C:\\Python27\\lib\\site-packages\\appium\\webdriver\\webdriver.py\", line 327, in find_element_by_android_uiautomator    return self.find_element(by=By.ANDROID_UIAUTOMATOR, value=uia_string)  File \"C:\\Python27\\lib\\site-packages\\appium\\webdriver\\webdriver.py\", line 219, in find_element    'value': value})['value']  File \"C:\\Python27\\lib\\site-packages\\selenium\\webdriver\\remote\\webdriver.py\", line 321, in execute    self.error_handler.check_response(response)  File \"C:\\Python27\\lib\\site-packages\\appium\\webdriver\\errorhandler.py\", line 29, in check_response    raise wdeNoSuchElementException: Message: An element could not be located on the page using the given search parameters."}],"interestmap":[]}