{"testcasedatas":[{"firstjacocotime":5.0049996,"tagname":"2_027","firstexecutionsuccess":false,"firsttestcasepath":"\\testcase\\firstcases\\testcase2_027.py","firstconsumedtime":28.623001,"firstlocpath":null,"firstcoveragepath":"\\coverage\\pwpreferencecoverage\\coverage9_2_027_pw.ec","firsterrorlog":"FAILstr(e):\t\tMessage: An element could not be located on the page using the given search parameters.repr(e):\tNoSuchElementException()Traceback (most recent call last):  File \"\\testcase\\firstcases\\testcase2_027.py\", line 81, in <module>    element = getElememtBack(driver, \"new UiSelector().text(\\\"Enable Reading Text Messages?\\\")\", \"new UiSelector().resourceId(\\\"a2dp.Vol:id\/enableTTSBox\\\").className(\\\"android.widget.CheckBox\\\")\")  File \"\\testcase\\firstcases\\testcase2_027.py\", line 53, in getElememtBack    element = driver.find_element_by_android_uiautomator(str2)  File \"C:\\Python27\\lib\\site-packages\\appium\\webdriver\\webdriver.py\", line 327, in find_element_by_android_uiautomator    return self.find_element(by=By.ANDROID_UIAUTOMATOR, value=uia_string)  File \"C:\\Python27\\lib\\site-packages\\appium\\webdriver\\webdriver.py\", line 219, in find_element    'value': value})['value']  File \"C:\\Python27\\lib\\site-packages\\selenium\\webdriver\\remote\\webdriver.py\", line 321, in execute    self.error_handler.check_response(response)  File \"C:\\Python27\\lib\\site-packages\\appium\\webdriver\\errorhandler.py\", line 29, in check_response    raise wdeNoSuchElementException: Message: An element could not be located on the page using the given search parameters."},{"firstjacocotime":5.0049996,"tagname":"2_028","firstexecutionsuccess":true,"firsttestcasepath":"\\testcase\\firstcases\\testcase2_028.py","firstconsumedtime":24.828001,"firstlocpath":null,"firstcoveragepath":"\\coverage\\pwpreferencecoverage\\coverage9_2_028_pw.ec","firsterrorlog":null},{"firstjacocotime":5.006,"tagname":"2_029","firstexecutionsuccess":false,"firsttestcasepath":"\\testcase\\firstcases\\testcase2_029.py","firstconsumedtime":21.757,"firstlocpath":null,"firstcoveragepath":"\\coverage\\pwpreferencecoverage\\coverage9_2_029_pw.ec","firsterrorlog":"FAILstr(e):\t\tMessage: An element could not be located on the page using the given search parameters.repr(e):\tNoSuchElementException()Traceback (most recent call last):  File \"\\testcase\\firstcases\\testcase2_029.py\", line 78, in <module>    element = getElememt(driver, \"new UiSelector().resourceId(\\\"a2dp.Vol:id\/editApp\\\").className(\\\"android.widget.EditText\\\")\")  File \"\\testcase\\firstcases\\testcase2_029.py\", line 34, in getElememt    element = driver.find_element_by_android_uiautomator(str)  File \"C:\\Python27\\lib\\site-packages\\appium\\webdriver\\webdriver.py\", line 327, in find_element_by_android_uiautomator    return self.find_element(by=By.ANDROID_UIAUTOMATOR, value=uia_string)  File \"C:\\Python27\\lib\\site-packages\\appium\\webdriver\\webdriver.py\", line 219, in find_element    'value': value})['value']  File \"C:\\Python27\\lib\\site-packages\\selenium\\webdriver\\remote\\webdriver.py\", line 321, in execute    self.error_handler.check_response(response)  File \"C:\\Python27\\lib\\site-packages\\appium\\webdriver\\errorhandler.py\", line 29, in check_response    raise wdeNoSuchElementException: Message: An element could not be located on the page using the given search parameters."},{"firstjacocotime":5.0039997,"tagname":"2_023","firstexecutionsuccess":false,"firsttestcasepath":"\\testcase\\firstcases\\testcase2_023.py","firstconsumedtime":18.294,"firstlocpath":null,"firstcoveragepath":"\\coverage\\pwpreferencecoverage\\coverage9_2_023_pw.ec","firsterrorlog":"FAILstr(e):\t\tMessage: An element could not be located on the page using the given search parameters.repr(e):\tNoSuchElementException()Traceback (most recent call last):  File \"\\testcase\\firstcases\\testcase2_023.py\", line 76, in <module>    element = getElememtBack(driver, \"new UiSelector().text(\\\"testr Connection\\\")\", \"new UiSelector().className(\\\"android.widget.TextView\\\").instance(2)\")  File \"\\testcase\\firstcases\\testcase2_023.py\", line 53, in getElememtBack    element = driver.find_element_by_android_uiautomator(str2)  File \"C:\\Python27\\lib\\site-packages\\appium\\webdriver\\webdriver.py\", line 327, in find_element_by_android_uiautomator    return self.find_element(by=By.ANDROID_UIAUTOMATOR, value=uia_string)  File \"C:\\Python27\\lib\\site-packages\\appium\\webdriver\\webdriver.py\", line 219, in find_element    'value': value})['value']  File \"C:\\Python27\\lib\\site-packages\\selenium\\webdriver\\remote\\webdriver.py\", line 321, in execute    self.error_handler.check_response(response)  File \"C:\\Python27\\lib\\site-packages\\appium\\webdriver\\errorhandler.py\", line 29, in check_response    raise wdeNoSuchElementException: Message: An element could not be located on the page using the given search parameters."},{"firstjacocotime":5.005,"tagname":"2_024","firstexecutionsuccess":false,"firsttestcasepath":"\\testcase\\firstcases\\testcase2_024.py","firstconsumedtime":45.076,"firstlocpath":null,"firstcoveragepath":"\\coverage\\pwpreferencecoverage\\coverage9_2_024_pw.ec","firsterrorlog":"FAILstr(e):\t\tMessage: An element could not be located on the page using the given search parameters.repr(e):\tNoSuchElementException()Traceback (most recent call last):  File \"\\testcase\\firstcases\\testcase2_024.py\", line 98, in <module>    element = getElememtBack(driver, \"new UiSelector().text(\\\"testr Connection\\\")\", \"new UiSelector().className(\\\"android.widget.TextView\\\").instance(3)\")  File \"\\testcase\\firstcases\\testcase2_024.py\", line 53, in getElememtBack    element = driver.find_element_by_android_uiautomator(str2)  File \"C:\\Python27\\lib\\site-packages\\appium\\webdriver\\webdriver.py\", line 327, in find_element_by_android_uiautomator    return self.find_element(by=By.ANDROID_UIAUTOMATOR, value=uia_string)  File \"C:\\Python27\\lib\\site-packages\\appium\\webdriver\\webdriver.py\", line 219, in find_element    'value': value})['value']  File \"C:\\Python27\\lib\\site-packages\\selenium\\webdriver\\remote\\webdriver.py\", line 321, in execute    self.error_handler.check_response(response)  File \"C:\\Python27\\lib\\site-packages\\appium\\webdriver\\errorhandler.py\", line 29, in check_response    raise wdeNoSuchElementException: Message: An element could not be located on the page using the given search parameters."},{"firstjacocotime":5.005,"tagname":"2_025","firstexecutionsuccess":false,"firsttestcasepath":"\\testcase\\firstcases\\testcase2_025.py","firstconsumedtime":23.533,"firstlocpath":null,"firstcoveragepath":"\\coverage\\pwpreferencecoverage\\coverage9_2_025_pw.ec","firsterrorlog":"FAILstr(e):\t\tMessage: An element could not be located on the page using the given search parameters.repr(e):\tNoSuchElementException()Traceback (most recent call last):  File \"\\testcase\\firstcases\\testcase2_025.py\", line 82, in <module>    element = getElememtBack(driver, \"new UiSelector().text(\\\"testr Connection\\\")\", \"new UiSelector().className(\\\"android.widget.TextView\\\").instance(3)\")  File \"\\testcase\\firstcases\\testcase2_025.py\", line 53, in getElememtBack    element = driver.find_element_by_android_uiautomator(str2)  File \"C:\\Python27\\lib\\site-packages\\appium\\webdriver\\webdriver.py\", line 327, in find_element_by_android_uiautomator    return self.find_element(by=By.ANDROID_UIAUTOMATOR, value=uia_string)  File \"C:\\Python27\\lib\\site-packages\\appium\\webdriver\\webdriver.py\", line 219, in find_element    'value': value})['value']  File \"C:\\Python27\\lib\\site-packages\\selenium\\webdriver\\remote\\webdriver.py\", line 321, in execute    self.error_handler.check_response(response)  File \"C:\\Python27\\lib\\site-packages\\appium\\webdriver\\errorhandler.py\", line 29, in check_response    raise wdeNoSuchElementException: Message: An element could not be located on the page using the given search parameters."},{"firstjacocotime":5.0039997,"tagname":"2_026","firstexecutionsuccess":false,"firsttestcasepath":"\\testcase\\firstcases\\testcase2_026.py","firstconsumedtime":21.907,"firstlocpath":null,"firstcoveragepath":"\\coverage\\pwpreferencecoverage\\coverage9_2_026_pw.ec","firsterrorlog":"FAILstr(e):\t\tMessage: An element could not be located on the page using the given search parameters.repr(e):\tNoSuchElementException()Traceback (most recent call last):  File \"\\testcase\\firstcases\\testcase2_026.py\", line 80, in <module>    element = getElememtBack(driver, \"new UiSelector().text(\\\"testr Connection\\\")\", \"new UiSelector().className(\\\"android.widget.TextView\\\").instance(3)\")  File \"\\testcase\\firstcases\\testcase2_026.py\", line 53, in getElememtBack    element = driver.find_element_by_android_uiautomator(str2)  File \"C:\\Python27\\lib\\site-packages\\appium\\webdriver\\webdriver.py\", line 327, in find_element_by_android_uiautomator    return self.find_element(by=By.ANDROID_UIAUTOMATOR, value=uia_string)  File \"C:\\Python27\\lib\\site-packages\\appium\\webdriver\\webdriver.py\", line 219, in find_element    'value': value})['value']  File \"C:\\Python27\\lib\\site-packages\\selenium\\webdriver\\remote\\webdriver.py\", line 321, in execute    self.error_handler.check_response(response)  File \"C:\\Python27\\lib\\site-packages\\appium\\webdriver\\errorhandler.py\", line 29, in check_response    raise wdeNoSuchElementException: Message: An element could not be located on the page using the given search parameters."},{"firstjacocotime":5.005,"tagname":"2_020","firstexecutionsuccess":false,"firsttestcasepath":"\\testcase\\firstcases\\testcase2_020.py","firstconsumedtime":16.871,"firstlocpath":null,"firstcoveragepath":"\\coverage\\pwpreferencecoverage\\coverage9_2_020_pw.ec","firsterrorlog":"FAILstr(e):\t\tMessage: An element could not be located on the page using the given search parameters.repr(e):\tNoSuchElementException()Traceback (most recent call last):  File \"\\testcase\\firstcases\\testcase2_020.py\", line 76, in <module>    element = getElememt(driver, \"new UiSelector().resourceId(\\\"a2dp.Vol:id\/editApp\\\").className(\\\"android.widget.EditText\\\")\")  File \"\\testcase\\firstcases\\testcase2_020.py\", line 34, in getElememt    element = driver.find_element_by_android_uiautomator(str)  File \"C:\\Python27\\lib\\site-packages\\appium\\webdriver\\webdriver.py\", line 327, in find_element_by_android_uiautomator    return self.find_element(by=By.ANDROID_UIAUTOMATOR, value=uia_string)  File \"C:\\Python27\\lib\\site-packages\\appium\\webdriver\\webdriver.py\", line 219, in find_element    'value': value})['value']  File \"C:\\Python27\\lib\\site-packages\\selenium\\webdriver\\remote\\webdriver.py\", line 321, in execute    self.error_handler.check_response(response)  File \"C:\\Python27\\lib\\site-packages\\appium\\webdriver\\errorhandler.py\", line 29, in check_response    raise wdeNoSuchElementException: Message: An element could not be located on the page using the given search parameters."},{"firstjacocotime":5.004,"tagname":"2_021","firstexecutionsuccess":false,"firsttestcasepath":"\\testcase\\firstcases\\testcase2_021.py","firstconsumedtime":18.718,"firstlocpath":null,"firstcoveragepath":"\\coverage\\pwpreferencecoverage\\coverage9_2_021_pw.ec","firsterrorlog":"FAILstr(e):\t\tMessage: An element could not be located on the page using the given search parameters.repr(e):\tNoSuchElementException()Traceback (most recent call last):  File \"\\testcase\\firstcases\\testcase2_021.py\", line 76, in <module>    element = getElememt(driver, \"new UiSelector().resourceId(\\\"a2dp.Vol:id\/editApp\\\").className(\\\"android.widget.EditText\\\")\")  File \"\\testcase\\firstcases\\testcase2_021.py\", line 34, in getElememt    element = driver.find_element_by_android_uiautomator(str)  File \"C:\\Python27\\lib\\site-packages\\appium\\webdriver\\webdriver.py\", line 327, in find_element_by_android_uiautomator    return self.find_element(by=By.ANDROID_UIAUTOMATOR, value=uia_string)  File \"C:\\Python27\\lib\\site-packages\\appium\\webdriver\\webdriver.py\", line 219, in find_element    'value': value})['value']  File \"C:\\Python27\\lib\\site-packages\\selenium\\webdriver\\remote\\webdriver.py\", line 321, in execute    self.error_handler.check_response(response)  File \"C:\\Python27\\lib\\site-packages\\appium\\webdriver\\errorhandler.py\", line 29, in check_response    raise wdeNoSuchElementException: Message: An element could not be located on the page using the given search parameters."},{"firstjacocotime":5.0039997,"tagname":"2_022","firstexecutionsuccess":false,"firsttestcasepath":"\\testcase\\firstcases\\testcase2_022.py","firstconsumedtime":18.38,"firstlocpath":null,"firstcoveragepath":"\\coverage\\pwpreferencecoverage\\coverage9_2_022_pw.ec","firsterrorlog":"FAILstr(e):\t\tMessage: An element could not be located on the page using the given search parameters.repr(e):\tNoSuchElementException()Traceback (most recent call last):  File \"\\testcase\\firstcases\\testcase2_022.py\", line 78, in <module>    element = getElememt(driver, \"new UiSelector().resourceId(\\\"a2dp.Vol:id\/editApp\\\").className(\\\"android.widget.EditText\\\")\")  File \"\\testcase\\firstcases\\testcase2_022.py\", line 34, in getElememt    element = driver.find_element_by_android_uiautomator(str)  File \"C:\\Python27\\lib\\site-packages\\appium\\webdriver\\webdriver.py\", line 327, in find_element_by_android_uiautomator    return self.find_element(by=By.ANDROID_UIAUTOMATOR, value=uia_string)  File \"C:\\Python27\\lib\\site-packages\\appium\\webdriver\\webdriver.py\", line 219, in find_element    'value': value})['value']  File \"C:\\Python27\\lib\\site-packages\\selenium\\webdriver\\remote\\webdriver.py\", line 321, in execute    self.error_handler.check_response(response)  File \"C:\\Python27\\lib\\site-packages\\appium\\webdriver\\errorhandler.py\", line 29, in check_response    raise wdeNoSuchElementException: Message: An element could not be located on the page using the given search parameters."},{"firstjacocotime":5.0039997,"tagname":"2_016","firstexecutionsuccess":false,"firsttestcasepath":"\\testcase\\firstcases\\testcase2_016.py","firstconsumedtime":87.221,"firstlocpath":null,"firstcoveragepath":"\\coverage\\pwpreferencecoverage\\coverage9_2_016_pw.ec","firsterrorlog":"FAILstr(e):\t\tMessage: An element could not be located on the page using the given search parameters.repr(e):\tNoSuchElementException()Traceback (most recent call last):  File \"\\testcase\\firstcases\\testcase2_016.py\", line 113, in <module>    element = getElememt(driver, \"new UiSelector().resourceId(\\\"a2dp.Vol:id\/ci_et_type\\\").className(\\\"android.widget.EditText\\\")\")  File \"\\testcase\\firstcases\\testcase2_016.py\", line 34, in getElememt    element = driver.find_element_by_android_uiautomator(str)  File \"C:\\Python27\\lib\\site-packages\\appium\\webdriver\\webdriver.py\", line 327, in find_element_by_android_uiautomator    return self.find_element(by=By.ANDROID_UIAUTOMATOR, value=uia_string)  File \"C:\\Python27\\lib\\site-packages\\appium\\webdriver\\webdriver.py\", line 219, in find_element    'value': value})['value']  File \"C:\\Python27\\lib\\site-packages\\selenium\\webdriver\\remote\\webdriver.py\", line 321, in execute    self.error_handler.check_response(response)  File \"C:\\Python27\\lib\\site-packages\\appium\\webdriver\\errorhandler.py\", line 29, in check_response    raise wdeNoSuchElementException: Message: An element could not be located on the page using the given search parameters."},{"firstjacocotime":5.006,"tagname":"2_017","firstexecutionsuccess":true,"firsttestcasepath":"\\testcase\\firstcases\\testcase2_017.py","firstconsumedtime":7.9690003,"firstlocpath":null,"firstcoveragepath":"\\coverage\\pwpreferencecoverage\\coverage9_2_017_pw.ec","firsterrorlog":null},{"firstjacocotime":5.005,"tagname":"2_018","firstexecutionsuccess":false,"firsttestcasepath":"\\testcase\\firstcases\\testcase2_018.py","firstconsumedtime":44.977,"firstlocpath":null,"firstcoveragepath":"\\coverage\\pwpreferencecoverage\\coverage9_2_018_pw.ec","firsterrorlog":"FAILstr(e):\t\tMessage: An element could not be located on the page using the given search parameters.repr(e):\tNoSuchElementException()Traceback (most recent call last):  File \"\\testcase\\firstcases\\testcase2_018.py\", line 88, in <module>    element = getElememtBack(driver, \"new UiSelector().text(\\\"Edit\\\")\", \"new UiSelector().className(\\\"android.widget.Button\\\").instance(1)\")  File \"\\testcase\\firstcases\\testcase2_018.py\", line 53, in getElememtBack    element = driver.find_element_by_android_uiautomator(str2)  File \"C:\\Python27\\lib\\site-packages\\appium\\webdriver\\webdriver.py\", line 327, in find_element_by_android_uiautomator    return self.find_element(by=By.ANDROID_UIAUTOMATOR, value=uia_string)  File \"C:\\Python27\\lib\\site-packages\\appium\\webdriver\\webdriver.py\", line 219, in find_element    'value': value})['value']  File \"C:\\Python27\\lib\\site-packages\\selenium\\webdriver\\remote\\webdriver.py\", line 321, in execute    self.error_handler.check_response(response)  File \"C:\\Python27\\lib\\site-packages\\appium\\webdriver\\errorhandler.py\", line 29, in check_response    raise wdeNoSuchElementException: Message: An element could not be located on the page using the given search parameters."},{"firstjacocotime":5.003,"tagname":"2_019","firstexecutionsuccess":false,"firsttestcasepath":"\\testcase\\firstcases\\testcase2_019.py","firstconsumedtime":30.829,"firstlocpath":null,"firstcoveragepath":"\\coverage\\pwpreferencecoverage\\coverage9_2_019_pw.ec","firsterrorlog":"FAILstr(e):\t\tMessage: An element could not be located on the page using the given search parameters.repr(e):\tNoSuchElementException()Traceback (most recent call last):  File \"\\testcase\\firstcases\\testcase2_019.py\", line 80, in <module>    element = getElememtBack(driver, \"new UiSelector().text(\\\"Capture location on disconnect?\\\")\", \"new UiSelector().resourceId(\\\"a2dp.Vol:id\/checkCaptLoc\\\").className(\\\"android.widget.CheckBox\\\")\")  File \"\\testcase\\firstcases\\testcase2_019.py\", line 53, in getElememtBack    element = driver.find_element_by_android_uiautomator(str2)  File \"C:\\Python27\\lib\\site-packages\\appium\\webdriver\\webdriver.py\", line 327, in find_element_by_android_uiautomator    return self.find_element(by=By.ANDROID_UIAUTOMATOR, value=uia_string)  File \"C:\\Python27\\lib\\site-packages\\appium\\webdriver\\webdriver.py\", line 219, in find_element    'value': value})['value']  File \"C:\\Python27\\lib\\site-packages\\selenium\\webdriver\\remote\\webdriver.py\", line 321, in execute    self.error_handler.check_response(response)  File \"C:\\Python27\\lib\\site-packages\\appium\\webdriver\\errorhandler.py\", line 29, in check_response    raise wdeNoSuchElementException: Message: An element could not be located on the page using the given search parameters."},{"firstjacocotime":5.005,"tagname":"2_012","firstexecutionsuccess":true,"firsttestcasepath":"\\testcase\\firstcases\\testcase2_012.py","firstconsumedtime":6.123,"firstlocpath":null,"firstcoveragepath":"\\coverage\\pwpreferencecoverage\\coverage9_2_012_pw.ec","firsterrorlog":null},{"firstjacocotime":5.005,"tagname":"2_013","firstexecutionsuccess":false,"firsttestcasepath":"\\testcase\\firstcases\\testcase2_013.py","firstconsumedtime":30.236,"firstlocpath":null,"firstcoveragepath":"\\coverage\\pwpreferencecoverage\\coverage9_2_013_pw.ec","firsterrorlog":"FAILstr(e):\t\tMessage: An element could not be located on the page using the given search parameters.repr(e):\tNoSuchElementException()Traceback (most recent call last):  File \"\\testcase\\firstcases\\testcase2_013.py\", line 80, in <module>    element = getElememtBack(driver, \"new UiSelector().text(\\\"com.android.email\\\")\", \"new UiSelector().className(\\\"android.widget.TextView\\\").instance(3)\")  File \"\\testcase\\firstcases\\testcase2_013.py\", line 53, in getElememtBack    element = driver.find_element_by_android_uiautomator(str2)  File \"C:\\Python27\\lib\\site-packages\\appium\\webdriver\\webdriver.py\", line 327, in find_element_by_android_uiautomator    return self.find_element(by=By.ANDROID_UIAUTOMATOR, value=uia_string)  File \"C:\\Python27\\lib\\site-packages\\appium\\webdriver\\webdriver.py\", line 219, in find_element    'value': value})['value']  File \"C:\\Python27\\lib\\site-packages\\selenium\\webdriver\\remote\\webdriver.py\", line 321, in execute    self.error_handler.check_response(response)  File \"C:\\Python27\\lib\\site-packages\\appium\\webdriver\\errorhandler.py\", line 29, in check_response    raise wdeNoSuchElementException: Message: An element could not be located on the page using the given search parameters."},{"firstjacocotime":5.005,"tagname":"2_014","firstexecutionsuccess":false,"firsttestcasepath":"\\testcase\\firstcases\\testcase2_014.py","firstconsumedtime":75.221,"firstlocpath":null,"firstcoveragepath":"\\coverage\\pwpreferencecoverage\\coverage9_2_014_pw.ec","firsterrorlog":"FAILstr(e):\t\tMessage: An element could not be located on the page using the given search parameters.repr(e):\tNoSuchElementException()Traceback (most recent call last):  File \"\\testcase\\firstcases\\testcase2_014.py\", line 94, in <module>    element = getElememt(driver, \"new UiSelector().resourceId(\\\"android:id\/home\\\").className(\\\"android.widget.ImageView\\\")\")  File \"\\testcase\\firstcases\\testcase2_014.py\", line 34, in getElememt    element = driver.find_element_by_android_uiautomator(str)  File \"C:\\Python27\\lib\\site-packages\\appium\\webdriver\\webdriver.py\", line 327, in find_element_by_android_uiautomator    return self.find_element(by=By.ANDROID_UIAUTOMATOR, value=uia_string)  File \"C:\\Python27\\lib\\site-packages\\appium\\webdriver\\webdriver.py\", line 219, in find_element    'value': value})['value']  File \"C:\\Python27\\lib\\site-packages\\selenium\\webdriver\\remote\\webdriver.py\", line 321, in execute    self.error_handler.check_response(response)  File \"C:\\Python27\\lib\\site-packages\\appium\\webdriver\\errorhandler.py\", line 29, in check_response    raise wdeNoSuchElementException: Message: An element could not be located on the page using the given search parameters."},{"firstjacocotime":5.0039997,"tagname":"2_015","firstexecutionsuccess":true,"firsttestcasepath":"\\testcase\\firstcases\\testcase2_015.py","firstconsumedtime":11.822,"firstlocpath":null,"firstcoveragepath":"\\coverage\\pwpreferencecoverage\\coverage9_2_015_pw.ec","firsterrorlog":null},{"firstjacocotime":5.005,"tagname":"2_010","firstexecutionsuccess":false,"firsttestcasepath":"\\testcase\\firstcases\\testcase2_010.py","firstconsumedtime":28.0,"firstlocpath":null,"firstcoveragepath":"\\coverage\\pwpreferencecoverage\\coverage9_2_010_pw.ec","firsterrorlog":"FAILstr(e):\t\tMessage: An element could not be located on the page using the given search parameters.repr(e):\tNoSuchElementException()Traceback (most recent call last):  File \"\\testcase\\firstcases\\testcase2_010.py\", line 82, in <module>    element = getElememtBack(driver, \"new UiSelector().text(\\\"Power Connection\\\")\", \"new UiSelector().className(\\\"android.widget.TextView\\\").instance(3)\")  File \"\\testcase\\firstcases\\testcase2_010.py\", line 53, in getElememtBack    element = driver.find_element_by_android_uiautomator(str2)  File \"C:\\Python27\\lib\\site-packages\\appium\\webdriver\\webdriver.py\", line 327, in find_element_by_android_uiautomator    return self.find_element(by=By.ANDROID_UIAUTOMATOR, value=uia_string)  File \"C:\\Python27\\lib\\site-packages\\appium\\webdriver\\webdriver.py\", line 219, in find_element    'value': value})['value']  File \"C:\\Python27\\lib\\site-packages\\selenium\\webdriver\\remote\\webdriver.py\", line 321, in execute    self.error_handler.check_response(response)  File \"C:\\Python27\\lib\\site-packages\\appium\\webdriver\\errorhandler.py\", line 29, in check_response    raise wdeNoSuchElementException: Message: An element could not be located on the page using the given search parameters."},{"firstjacocotime":5.004,"tagname":"2_011","firstexecutionsuccess":false,"firsttestcasepath":"\\testcase\\firstcases\\testcase2_011.py","firstconsumedtime":29.334,"firstlocpath":null,"firstcoveragepath":"\\coverage\\pwpreferencecoverage\\coverage9_2_011_pw.ec","firsterrorlog":"FAILstr(e):\t\tMessage: An element could not be located on the page using the given search parameters.repr(e):\tNoSuchElementException()Traceback (most recent call last):  File \"\\testcase\\firstcases\\testcase2_011.py\", line 86, in <module>    element = getElememt(driver, \"new UiSelector().resourceId(\\\"a2dp.Vol:id\/editDesc2\\\").className(\\\"android.widget.EditText\\\")\")  File \"\\testcase\\firstcases\\testcase2_011.py\", line 34, in getElememt    element = driver.find_element_by_android_uiautomator(str)  File \"C:\\Python27\\lib\\site-packages\\appium\\webdriver\\webdriver.py\", line 327, in find_element_by_android_uiautomator    return self.find_element(by=By.ANDROID_UIAUTOMATOR, value=uia_string)  File \"C:\\Python27\\lib\\site-packages\\appium\\webdriver\\webdriver.py\", line 219, in find_element    'value': value})['value']  File \"C:\\Python27\\lib\\site-packages\\selenium\\webdriver\\remote\\webdriver.py\", line 321, in execute    self.error_handler.check_response(response)  File \"C:\\Python27\\lib\\site-packages\\appium\\webdriver\\errorhandler.py\", line 29, in check_response    raise wdeNoSuchElementException: Message: An element could not be located on the page using the given search parameters."},{"firstjacocotime":5.009,"tagname":"5_000","firstexecutionsuccess":false,"firsttestcasepath":"\\testcase\\firstcases\\testcase5_000.py","firstconsumedtime":33.085,"firstlocpath":null,"firstcoveragepath":"\\coverage\\pwpreferencecoverage\\coverage9_5_000_pw.ec","firsterrorlog":"FAILstr(e):\t\tMessage: An element could not be located on the page using the given search parameters.repr(e):\tNoSuchElementException()Traceback (most recent call last):  File \"\\testcase\\firstcases\\testcase5_000.py\", line 80, in <module>    element = getElememtBack(driver, \"new UiSelector().text(\\\"Set media volume on connect?\\\")\", \"new UiSelector().resourceId(\\\"a2dp.Vol:id\/checkSetVol\\\").className(\\\"android.widget.CheckBox\\\")\")  File \"\\testcase\\firstcases\\testcase5_000.py\", line 53, in getElememtBack    element = driver.find_element_by_android_uiautomator(str2)  File \"C:\\Python27\\lib\\site-packages\\appium\\webdriver\\webdriver.py\", line 327, in find_element_by_android_uiautomator    return self.find_element(by=By.ANDROID_UIAUTOMATOR, value=uia_string)  File \"C:\\Python27\\lib\\site-packages\\appium\\webdriver\\webdriver.py\", line 219, in find_element    'value': value})['value']  File \"C:\\Python27\\lib\\site-packages\\selenium\\webdriver\\remote\\webdriver.py\", line 321, in execute    self.error_handler.check_response(response)  File \"C:\\Python27\\lib\\site-packages\\appium\\webdriver\\errorhandler.py\", line 29, in check_response    raise wdeNoSuchElementException: Message: An element could not be located on the page using the given search parameters."},{"firstjacocotime":5.0099998,"tagname":"5_001","firstexecutionsuccess":true,"firsttestcasepath":"\\testcase\\firstcases\\testcase5_001.py","firstconsumedtime":16.878,"firstlocpath":null,"firstcoveragepath":"\\coverage\\pwpreferencecoverage\\coverage9_5_001_pw.ec","firsterrorlog":null},{"firstjacocotime":5.0039997,"tagname":"5_008","firstexecutionsuccess":false,"firsttestcasepath":"\\testcase\\firstcases\\testcase5_008.py","firstconsumedtime":32.598,"firstlocpath":null,"firstcoveragepath":"\\coverage\\pwpreferencecoverage\\coverage9_5_008_pw.ec","firsterrorlog":"FAILstr(e):\t\tMessage: An element could not be located on the page using the given search parameters.repr(e):\tNoSuchElementException()Traceback (most recent call last):  File \"\\testcase\\firstcases\\testcase5_008.py\", line 82, in <module>    element = getElememtBack(driver, \"new UiSelector().text(\\\"Edit\\\")\", \"new UiSelector().className(\\\"android.widget.Button\\\").instance(1)\")  File \"\\testcase\\firstcases\\testcase5_008.py\", line 53, in getElememtBack    element = driver.find_element_by_android_uiautomator(str2)  File \"C:\\Python27\\lib\\site-packages\\appium\\webdriver\\webdriver.py\", line 327, in find_element_by_android_uiautomator    return self.find_element(by=By.ANDROID_UIAUTOMATOR, value=uia_string)  File \"C:\\Python27\\lib\\site-packages\\appium\\webdriver\\webdriver.py\", line 219, in find_element    'value': value})['value']  File \"C:\\Python27\\lib\\site-packages\\selenium\\webdriver\\remote\\webdriver.py\", line 321, in execute    self.error_handler.check_response(response)  File \"C:\\Python27\\lib\\site-packages\\appium\\webdriver\\errorhandler.py\", line 29, in check_response    raise wdeNoSuchElementException: Message: An element could not be located on the page using the given search parameters."},{"firstjacocotime":5.006,"tagname":"5_009","firstexecutionsuccess":false,"firsttestcasepath":"\\testcase\\firstcases\\testcase5_009.py","firstconsumedtime":26.372,"firstlocpath":null,"firstcoveragepath":"\\coverage\\pwpreferencecoverage\\coverage9_5_009_pw.ec","firsterrorlog":"FAILstr(e):\t\tMessage: An element could not be located on the page using the given search parameters.repr(e):\tNoSuchElementException()Traceback (most recent call last):  File \"\\testcase\\firstcases\\testcase5_009.py\", line 80, in <module>    element = getElememtBack(driver, \"new UiSelector().text(\\\"Ramp volume up?\\\")\", \"new UiSelector().resourceId(\\\"a2dp.Vol:id\/rampBox\\\").className(\\\"android.widget.CheckBox\\\")\")  File \"\\testcase\\firstcases\\testcase5_009.py\", line 53, in getElememtBack    element = driver.find_element_by_android_uiautomator(str2)  File \"C:\\Python27\\lib\\site-packages\\appium\\webdriver\\webdriver.py\", line 327, in find_element_by_android_uiautomator    return self.find_element(by=By.ANDROID_UIAUTOMATOR, value=uia_string)  File \"C:\\Python27\\lib\\site-packages\\appium\\webdriver\\webdriver.py\", line 219, in find_element    'value': value})['value']  File \"C:\\Python27\\lib\\site-packages\\selenium\\webdriver\\remote\\webdriver.py\", line 321, in execute    self.error_handler.check_response(response)  File \"C:\\Python27\\lib\\site-packages\\appium\\webdriver\\errorhandler.py\", line 29, in check_response    raise wdeNoSuchElementException: Message: An element could not be located on the page using the given search parameters."},{"firstjacocotime":5.0049996,"tagname":"5_006","firstexecutionsuccess":false,"firsttestcasepath":"\\testcase\\firstcases\\testcase5_006.py","firstconsumedtime":27.604,"firstlocpath":null,"firstcoveragepath":"\\coverage\\pwpreferencecoverage\\coverage9_5_006_pw.ec","firsterrorlog":"FAILstr(e):\t\tMessage: An element could not be located on the page using the given search parameters.repr(e):\tNoSuchElementException()Traceback (most recent call last):  File \"\\testcase\\firstcases\\testcase5_006.py\", line 80, in <module>    element = getElememtBack(driver, \"new UiSelector().text(\\\"Force App Restart?\\\")\", \"new UiSelector().resourceId(\\\"a2dp.Vol:id\/appRestartCheckbox\\\").className(\\\"android.widget.CheckBox\\\")\")  File \"\\testcase\\firstcases\\testcase5_006.py\", line 53, in getElememtBack    element = driver.find_element_by_android_uiautomator(str2)  File \"C:\\Python27\\lib\\site-packages\\appium\\webdriver\\webdriver.py\", line 327, in find_element_by_android_uiautomator    return self.find_element(by=By.ANDROID_UIAUTOMATOR, value=uia_string)  File \"C:\\Python27\\lib\\site-packages\\appium\\webdriver\\webdriver.py\", line 219, in find_element    'value': value})['value']  File \"C:\\Python27\\lib\\site-packages\\selenium\\webdriver\\remote\\webdriver.py\", line 321, in execute    self.error_handler.check_response(response)  File \"C:\\Python27\\lib\\site-packages\\appium\\webdriver\\errorhandler.py\", line 29, in check_response    raise wdeNoSuchElementException: Message: An element could not be located on the page using the given search parameters."},{"firstjacocotime":5.004,"tagname":"5_007","firstexecutionsuccess":false,"firsttestcasepath":"\\testcase\\firstcases\\testcase5_007.py","firstconsumedtime":36.553,"firstlocpath":null,"firstcoveragepath":"\\coverage\\pwpreferencecoverage\\coverage9_5_007_pw.ec","firsterrorlog":"FAILstr(e):\t\tMessage: An element could not be located on the page using the given search parameters.repr(e):\tNoSuchElementException()Traceback (most recent call last):  File \"\\testcase\\firstcases\\testcase5_007.py\", line 88, in <module>    element = getElememtBack(driver, \"new UiSelector().text(\\\"Power Connection\\\")\", \"new UiSelector().className(\\\"android.widget.TextView\\\").instance(3)\")  File \"\\testcase\\firstcases\\testcase5_007.py\", line 53, in getElememtBack    element = driver.find_element_by_android_uiautomator(str2)  File \"C:\\Python27\\lib\\site-packages\\appium\\webdriver\\webdriver.py\", line 327, in find_element_by_android_uiautomator    return self.find_element(by=By.ANDROID_UIAUTOMATOR, value=uia_string)  File \"C:\\Python27\\lib\\site-packages\\appium\\webdriver\\webdriver.py\", line 219, in find_element    'value': value})['value']  File \"C:\\Python27\\lib\\site-packages\\selenium\\webdriver\\remote\\webdriver.py\", line 321, in execute    self.error_handler.check_response(response)  File \"C:\\Python27\\lib\\site-packages\\appium\\webdriver\\errorhandler.py\", line 29, in check_response    raise wdeNoSuchElementException: Message: An element could not be located on the page using the given search parameters."},{"firstjacocotime":5.004,"tagname":"5_004","firstexecutionsuccess":false,"firsttestcasepath":"\\testcase\\firstcases\\testcase5_004.py","firstconsumedtime":33.131,"firstlocpath":null,"firstcoveragepath":"\\coverage\\pwpreferencecoverage\\coverage9_5_004_pw.ec","firsterrorlog":"FAILstr(e):\t\tMessage: An element could not be located on the page using the given search parameters.repr(e):\tNoSuchElementException()Traceback (most recent call last):  File \"\\testcase\\firstcases\\testcase5_004.py\", line 87, in <module>    element = getElememt(driver, \"new UiSelector().resourceId(\\\"a2dp.Vol:id\/editDesc2\\\").className(\\\"android.widget.EditText\\\")\")  File \"\\testcase\\firstcases\\testcase5_004.py\", line 34, in getElememt    element = driver.find_element_by_android_uiautomator(str)  File \"C:\\Python27\\lib\\site-packages\\appium\\webdriver\\webdriver.py\", line 327, in find_element_by_android_uiautomator    return self.find_element(by=By.ANDROID_UIAUTOMATOR, value=uia_string)  File \"C:\\Python27\\lib\\site-packages\\appium\\webdriver\\webdriver.py\", line 219, in find_element    'value': value})['value']  File \"C:\\Python27\\lib\\site-packages\\selenium\\webdriver\\remote\\webdriver.py\", line 321, in execute    self.error_handler.check_response(response)  File \"C:\\Python27\\lib\\site-packages\\appium\\webdriver\\errorhandler.py\", line 29, in check_response    raise wdeNoSuchElementException: Message: An element could not be located on the page using the given search parameters."},{"firstjacocotime":5.005,"tagname":"5_005","firstexecutionsuccess":false,"firsttestcasepath":"\\testcase\\firstcases\\testcase5_005.py","firstconsumedtime":34.659,"firstlocpath":null,"firstcoveragepath":"\\coverage\\pwpreferencecoverage\\coverage9_5_005_pw.ec","firsterrorlog":"FAILstr(e):\t\tMessage: An element could not be located on the page using the given search parameters.repr(e):\tNoSuchElementException()Traceback (most recent call last):  File \"\\testcase\\firstcases\\testcase5_005.py\", line 84, in <module>    element = getElememtBack(driver, \"new UiSelector().text(\\\"testr Connection\\\")\", \"new UiSelector().className(\\\"android.widget.TextView\\\").instance(2)\")  File \"\\testcase\\firstcases\\testcase5_005.py\", line 53, in getElememtBack    element = driver.find_element_by_android_uiautomator(str2)  File \"C:\\Python27\\lib\\site-packages\\appium\\webdriver\\webdriver.py\", line 327, in find_element_by_android_uiautomator    return self.find_element(by=By.ANDROID_UIAUTOMATOR, value=uia_string)  File \"C:\\Python27\\lib\\site-packages\\appium\\webdriver\\webdriver.py\", line 219, in find_element    'value': value})['value']  File \"C:\\Python27\\lib\\site-packages\\selenium\\webdriver\\remote\\webdriver.py\", line 321, in execute    self.error_handler.check_response(response)  File \"C:\\Python27\\lib\\site-packages\\appium\\webdriver\\errorhandler.py\", line 29, in check_response    raise wdeNoSuchElementException: Message: An element could not be located on the page using the given search parameters."},{"firstjacocotime":5.007,"tagname":"5_002","firstexecutionsuccess":false,"firsttestcasepath":"\\testcase\\firstcases\\testcase5_002.py","firstconsumedtime":22.603,"firstlocpath":null,"firstcoveragepath":"\\coverage\\pwpreferencecoverage\\coverage9_5_002_pw.ec","firsterrorlog":"FAILstr(e):\t\tMessage: An element could not be located on the page using the given search parameters.repr(e):\tNoSuchElementException()Traceback (most recent call last):  File \"\\testcase\\firstcases\\testcase5_002.py\", line 76, in <module>    element = getElememt(driver, \"new UiSelector().resourceId(\\\"a2dp.Vol:id\/editApp\\\").className(\\\"android.widget.EditText\\\")\")  File \"\\testcase\\firstcases\\testcase5_002.py\", line 34, in getElememt    element = driver.find_element_by_android_uiautomator(str)  File \"C:\\Python27\\lib\\site-packages\\appium\\webdriver\\webdriver.py\", line 327, in find_element_by_android_uiautomator    return self.find_element(by=By.ANDROID_UIAUTOMATOR, value=uia_string)  File \"C:\\Python27\\lib\\site-packages\\appium\\webdriver\\webdriver.py\", line 219, in find_element    'value': value})['value']  File \"C:\\Python27\\lib\\site-packages\\selenium\\webdriver\\remote\\webdriver.py\", line 321, in execute    self.error_handler.check_response(response)  File \"C:\\Python27\\lib\\site-packages\\appium\\webdriver\\errorhandler.py\", line 29, in check_response    raise wdeNoSuchElementException: Message: An element could not be located on the page using the given search parameters."},{"firstjacocotime":5.0049996,"tagname":"5_003","firstexecutionsuccess":true,"firsttestcasepath":"\\testcase\\firstcases\\testcase5_003.py","firstconsumedtime":25.637,"firstlocpath":null,"firstcoveragepath":"\\coverage\\pwpreferencecoverage\\coverage9_5_003_pw.ec","firsterrorlog":null},{"firstjacocotime":5.0039997,"tagname":"2_009","firstexecutionsuccess":false,"firsttestcasepath":"\\testcase\\firstcases\\testcase2_009.py","firstconsumedtime":36.427002,"firstlocpath":null,"firstcoveragepath":"\\coverage\\pwpreferencecoverage\\coverage9_2_009_pw.ec","firsterrorlog":"FAILstr(e):\t\tMessage: An element could not be located on the page using the given search parameters.repr(e):\tNoSuchElementException()Traceback (most recent call last):  File \"\\testcase\\firstcases\\testcase2_009.py\", line 88, in <module>    element = getElememt(driver, \"new UiSelector().resourceId(\\\"a2dp.Vol:id\/editApp\\\").className(\\\"android.widget.EditText\\\")\")  File \"\\testcase\\firstcases\\testcase2_009.py\", line 34, in getElememt    element = driver.find_element_by_android_uiautomator(str)  File \"C:\\Python27\\lib\\site-packages\\appium\\webdriver\\webdriver.py\", line 327, in find_element_by_android_uiautomator    return self.find_element(by=By.ANDROID_UIAUTOMATOR, value=uia_string)  File \"C:\\Python27\\lib\\site-packages\\appium\\webdriver\\webdriver.py\", line 219, in find_element    'value': value})['value']  File \"C:\\Python27\\lib\\site-packages\\selenium\\webdriver\\remote\\webdriver.py\", line 321, in execute    self.error_handler.check_response(response)  File \"C:\\Python27\\lib\\site-packages\\appium\\webdriver\\errorhandler.py\", line 29, in check_response    raise wdeNoSuchElementException: Message: An element could not be located on the page using the given search parameters."},{"firstjacocotime":5.005,"tagname":"2_005","firstexecutionsuccess":false,"firsttestcasepath":"\\testcase\\firstcases\\testcase2_005.py","firstconsumedtime":27.985,"firstlocpath":null,"firstcoveragepath":"\\coverage\\pwpreferencecoverage\\coverage9_2_005_pw.ec","firsterrorlog":"FAILstr(e):\t\tMessage: An element could not be located on the page using the given search parameters.repr(e):\tNoSuchElementException()Traceback (most recent call last):  File \"\\testcase\\firstcases\\testcase2_005.py\", line 80, in <module>    element = getElememtBack(driver, \"new UiSelector().text(\\\"Force App Restart?\\\")\", \"new UiSelector().resourceId(\\\"a2dp.Vol:id\/appRestartCheckbox\\\").className(\\\"android.widget.CheckBox\\\")\")  File \"\\testcase\\firstcases\\testcase2_005.py\", line 53, in getElememtBack    element = driver.find_element_by_android_uiautomator(str2)  File \"C:\\Python27\\lib\\site-packages\\appium\\webdriver\\webdriver.py\", line 327, in find_element_by_android_uiautomator    return self.find_element(by=By.ANDROID_UIAUTOMATOR, value=uia_string)  File \"C:\\Python27\\lib\\site-packages\\appium\\webdriver\\webdriver.py\", line 219, in find_element    'value': value})['value']  File \"C:\\Python27\\lib\\site-packages\\selenium\\webdriver\\remote\\webdriver.py\", line 321, in execute    self.error_handler.check_response(response)  File \"C:\\Python27\\lib\\site-packages\\appium\\webdriver\\errorhandler.py\", line 29, in check_response    raise wdeNoSuchElementException: Message: An element could not be located on the page using the given search parameters."},{"firstjacocotime":5.004,"tagname":"2_006","firstexecutionsuccess":false,"firsttestcasepath":"\\testcase\\firstcases\\testcase2_006.py","firstconsumedtime":16.489,"firstlocpath":null,"firstcoveragepath":"\\coverage\\pwpreferencecoverage\\coverage9_2_006_pw.ec","firsterrorlog":"FAILstr(e):\t\tMessage: An element could not be located on the page using the given search parameters.repr(e):\tNoSuchElementException()Traceback (most recent call last):  File \"\\testcase\\firstcases\\testcase2_006.py\", line 76, in <module>    element = getElememt(driver, \"new UiSelector().resourceId(\\\"a2dp.Vol:id\/editApp\\\").className(\\\"android.widget.EditText\\\")\")  File \"\\testcase\\firstcases\\testcase2_006.py\", line 34, in getElememt    element = driver.find_element_by_android_uiautomator(str)  File \"C:\\Python27\\lib\\site-packages\\appium\\webdriver\\webdriver.py\", line 327, in find_element_by_android_uiautomator    return self.find_element(by=By.ANDROID_UIAUTOMATOR, value=uia_string)  File \"C:\\Python27\\lib\\site-packages\\appium\\webdriver\\webdriver.py\", line 219, in find_element    'value': value})['value']  File \"C:\\Python27\\lib\\site-packages\\selenium\\webdriver\\remote\\webdriver.py\", line 321, in execute    self.error_handler.check_response(response)  File \"C:\\Python27\\lib\\site-packages\\appium\\webdriver\\errorhandler.py\", line 29, in check_response    raise wdeNoSuchElementException: Message: An element could not be located on the page using the given search parameters."},{"firstjacocotime":3.8200002,"tagname":"preference_pre","firstexecutionsuccess":true,"firsttestcasepath":"\\testcase\\pwpreferencecases\\PW_pre_9_log.py","firstconsumedtime":104.821,"firstlocpath":null,"firstcoveragepath":"\\coverage\\pwpreferencecoverage\\coverage9_preference_pre_pw.ec","firsterrorlog":null},{"firstjacocotime":5.0049996,"tagname":"2_007","firstexecutionsuccess":false,"firsttestcasepath":"\\testcase\\firstcases\\testcase2_007.py","firstconsumedtime":23.014,"firstlocpath":null,"firstcoveragepath":"\\coverage\\pwpreferencecoverage\\coverage9_2_007_pw.ec","firsterrorlog":"FAILstr(e):\t\tMessage: An element could not be located on the page using the given search parameters.repr(e):\tNoSuchElementException()Traceback (most recent call last):  File \"\\testcase\\firstcases\\testcase2_007.py\", line 78, in <module>    element = getElememtBack(driver, \"new UiSelector().text(\\\"testr Connection\\\")\", \"new UiSelector().className(\\\"android.widget.TextView\\\").instance(2)\")  File \"\\testcase\\firstcases\\testcase2_007.py\", line 53, in getElememtBack    element = driver.find_element_by_android_uiautomator(str2)  File \"C:\\Python27\\lib\\site-packages\\appium\\webdriver\\webdriver.py\", line 327, in find_element_by_android_uiautomator    return self.find_element(by=By.ANDROID_UIAUTOMATOR, value=uia_string)  File \"C:\\Python27\\lib\\site-packages\\appium\\webdriver\\webdriver.py\", line 219, in find_element    'value': value})['value']  File \"C:\\Python27\\lib\\site-packages\\selenium\\webdriver\\remote\\webdriver.py\", line 321, in execute    self.error_handler.check_response(response)  File \"C:\\Python27\\lib\\site-packages\\appium\\webdriver\\errorhandler.py\", line 29, in check_response    raise wdeNoSuchElementException: Message: An element could not be located on the page using the given search parameters."},{"firstjacocotime":5.0039997,"tagname":"2_008","firstexecutionsuccess":false,"firsttestcasepath":"\\testcase\\firstcases\\testcase2_008.py","firstconsumedtime":38.82,"firstlocpath":null,"firstcoveragepath":"\\coverage\\pwpreferencecoverage\\coverage9_2_008_pw.ec","firsterrorlog":"FAILstr(e):\t\tMessage: An element could not be located on the page using the given search parameters.repr(e):\tNoSuchElementException()Traceback (most recent call last):  File \"\\testcase\\firstcases\\testcase2_008.py\", line 90, in <module>    element = getElememt(driver, \"new UiSelector().resourceId(\\\"a2dp.Vol:id\/editApp\\\").className(\\\"android.widget.EditText\\\")\")  File \"\\testcase\\firstcases\\testcase2_008.py\", line 34, in getElememt    element = driver.find_element_by_android_uiautomator(str)  File \"C:\\Python27\\lib\\site-packages\\appium\\webdriver\\webdriver.py\", line 327, in find_element_by_android_uiautomator    return self.find_element(by=By.ANDROID_UIAUTOMATOR, value=uia_string)  File \"C:\\Python27\\lib\\site-packages\\appium\\webdriver\\webdriver.py\", line 219, in find_element    'value': value})['value']  File \"C:\\Python27\\lib\\site-packages\\selenium\\webdriver\\remote\\webdriver.py\", line 321, in execute    self.error_handler.check_response(response)  File \"C:\\Python27\\lib\\site-packages\\appium\\webdriver\\errorhandler.py\", line 29, in check_response    raise wdeNoSuchElementException: Message: An element could not be located on the page using the given search parameters."},{"firstjacocotime":5.0039997,"tagname":"2_001","firstexecutionsuccess":false,"firsttestcasepath":"\\testcase\\firstcases\\testcase2_001.py","firstconsumedtime":22.731,"firstlocpath":null,"firstcoveragepath":"\\coverage\\pwpreferencecoverage\\coverage9_2_001_pw.ec","firsterrorlog":"FAILstr(e):\t\tMessage: An element could not be located on the page using the given search parameters.repr(e):\tNoSuchElementException()Traceback (most recent call last):  File \"\\testcase\\firstcases\\testcase2_001.py\", line 77, in <module>    element = getElememtBack(driver, \"new UiSelector().text(\\\"Automatically remember last used media volume on disconnect\\\")\", \"new UiSelector().resourceId(\\\"a2dp.Vol:id\/autoVolcheckBox\\\").className(\\\"android.widget.CheckBox\\\")\")  File \"\\testcase\\firstcases\\testcase2_001.py\", line 53, in getElememtBack    element = driver.find_element_by_android_uiautomator(str2)  File \"C:\\Python27\\lib\\site-packages\\appium\\webdriver\\webdriver.py\", line 327, in find_element_by_android_uiautomator    return self.find_element(by=By.ANDROID_UIAUTOMATOR, value=uia_string)  File \"C:\\Python27\\lib\\site-packages\\appium\\webdriver\\webdriver.py\", line 219, in find_element    'value': value})['value']  File \"C:\\Python27\\lib\\site-packages\\selenium\\webdriver\\remote\\webdriver.py\", line 321, in execute    self.error_handler.check_response(response)  File \"C:\\Python27\\lib\\site-packages\\appium\\webdriver\\errorhandler.py\", line 29, in check_response    raise wdeNoSuchElementException: Message: An element could not be located on the page using the given search parameters."},{"firstjacocotime":5.0039997,"tagname":"2_002","firstexecutionsuccess":false,"firsttestcasepath":"\\testcase\\firstcases\\testcase2_002.py","firstconsumedtime":41.233,"firstlocpath":null,"firstcoveragepath":"\\coverage\\pwpreferencecoverage\\coverage9_2_002_pw.ec","firsterrorlog":"FAILstr(e):\t\tMessage: An element could not be located on the page using the given search parameters.repr(e):\tNoSuchElementException()Traceback (most recent call last):  File \"\\testcase\\firstcases\\testcase2_002.py\", line 94, in <module>    element = getElememtBack(driver, \"new UiSelector().text(\\\"testr Connection\\\")\", \"new UiSelector().className(\\\"android.widget.TextView\\\").instance(3)\")  File \"\\testcase\\firstcases\\testcase2_002.py\", line 53, in getElememtBack    element = driver.find_element_by_android_uiautomator(str2)  File \"C:\\Python27\\lib\\site-packages\\appium\\webdriver\\webdriver.py\", line 327, in find_element_by_android_uiautomator    return self.find_element(by=By.ANDROID_UIAUTOMATOR, value=uia_string)  File \"C:\\Python27\\lib\\site-packages\\appium\\webdriver\\webdriver.py\", line 219, in find_element    'value': value})['value']  File \"C:\\Python27\\lib\\site-packages\\selenium\\webdriver\\remote\\webdriver.py\", line 321, in execute    self.error_handler.check_response(response)  File \"C:\\Python27\\lib\\site-packages\\appium\\webdriver\\errorhandler.py\", line 29, in check_response    raise wdeNoSuchElementException: Message: An element could not be located on the page using the given search parameters."},{"firstjacocotime":5.0039997,"tagname":"2_003","firstexecutionsuccess":false,"firsttestcasepath":"\\testcase\\firstcases\\testcase2_003.py","firstconsumedtime":19.906,"firstlocpath":null,"firstcoveragepath":"\\coverage\\pwpreferencecoverage\\coverage9_2_003_pw.ec","firsterrorlog":"FAILstr(e):\t\tMessage: An element could not be located on the page using the given search parameters.repr(e):\tNoSuchElementException()Traceback (most recent call last):  File \"\\testcase\\firstcases\\testcase2_003.py\", line 76, in <module>    element = getElememtBack(driver, \"new UiSelector().text(\\\"Home Dock\\\")\", \"new UiSelector().className(\\\"android.widget.TextView\\\").instance(2)\")  File \"\\testcase\\firstcases\\testcase2_003.py\", line 53, in getElememtBack    element = driver.find_element_by_android_uiautomator(str2)  File \"C:\\Python27\\lib\\site-packages\\appium\\webdriver\\webdriver.py\", line 327, in find_element_by_android_uiautomator    return self.find_element(by=By.ANDROID_UIAUTOMATOR, value=uia_string)  File \"C:\\Python27\\lib\\site-packages\\appium\\webdriver\\webdriver.py\", line 219, in find_element    'value': value})['value']  File \"C:\\Python27\\lib\\site-packages\\selenium\\webdriver\\remote\\webdriver.py\", line 321, in execute    self.error_handler.check_response(response)  File \"C:\\Python27\\lib\\site-packages\\appium\\webdriver\\errorhandler.py\", line 29, in check_response    raise wdeNoSuchElementException: Message: An element could not be located on the page using the given search parameters."},{"firstjacocotime":5.0039997,"tagname":"2_004","firstexecutionsuccess":true,"firsttestcasepath":"\\testcase\\firstcases\\testcase2_004.py","firstconsumedtime":11.087,"firstlocpath":null,"firstcoveragepath":"\\coverage\\pwpreferencecoverage\\coverage9_2_004_pw.ec","firsterrorlog":null},{"firstjacocotime":5.0039997,"tagname":"2_000","firstexecutionsuccess":true,"firsttestcasepath":"\\testcase\\firstcases\\testcase2_000.py","firstconsumedtime":36.475,"firstlocpath":null,"firstcoveragepath":"\\coverage\\pwpreferencecoverage\\coverage9_2_000_pw.ec","firsterrorlog":null},{"firstjacocotime":5.0049996,"tagname":"5_011","firstexecutionsuccess":false,"firsttestcasepath":"\\testcase\\firstcases\\testcase5_011.py","firstconsumedtime":28.894,"firstlocpath":null,"firstcoveragepath":"\\coverage\\pwpreferencecoverage\\coverage9_5_011_pw.ec","firsterrorlog":"FAILstr(e):\t\tMessage: An element could not be located on the page using the given search parameters.repr(e):\tNoSuchElementException()Traceback (most recent call last):  File \"\\testcase\\firstcases\\testcase5_011.py\", line 80, in <module>    element = getElememt(driver, \"new UiSelector().resourceId(\\\"a2dp.Vol:id\/editDesc2\\\").className(\\\"android.widget.EditText\\\")\")  File \"\\testcase\\firstcases\\testcase5_011.py\", line 34, in getElememt    element = driver.find_element_by_android_uiautomator(str)  File \"C:\\Python27\\lib\\site-packages\\appium\\webdriver\\webdriver.py\", line 327, in find_element_by_android_uiautomator    return self.find_element(by=By.ANDROID_UIAUTOMATOR, value=uia_string)  File \"C:\\Python27\\lib\\site-packages\\appium\\webdriver\\webdriver.py\", line 219, in find_element    'value': value})['value']  File \"C:\\Python27\\lib\\site-packages\\selenium\\webdriver\\remote\\webdriver.py\", line 321, in execute    self.error_handler.check_response(response)  File \"C:\\Python27\\lib\\site-packages\\appium\\webdriver\\errorhandler.py\", line 29, in check_response    raise wdeNoSuchElementException: Message: An element could not be located on the page using the given search parameters."},{"firstjacocotime":5.0039997,"tagname":"5_012","firstexecutionsuccess":false,"firsttestcasepath":"\\testcase\\firstcases\\testcase5_012.py","firstconsumedtime":25.09,"firstlocpath":null,"firstcoveragepath":"\\coverage\\pwpreferencecoverage\\coverage9_5_012_pw.ec","firsterrorlog":"FAILstr(e):\t\tMessage: An element could not be located on the page using the given search parameters.repr(e):\tNoSuchElementException()Traceback (most recent call last):  File \"\\testcase\\firstcases\\testcase5_012.py\", line 76, in <module>    element = getElememtBack(driver, \"new UiSelector().text(\\\"testr Connection\\\")\", \"new UiSelector().className(\\\"android.widget.TextView\\\").instance(2)\")  File \"\\testcase\\firstcases\\testcase5_012.py\", line 53, in getElememtBack    element = driver.find_element_by_android_uiautomator(str2)  File \"C:\\Python27\\lib\\site-packages\\appium\\webdriver\\webdriver.py\", line 327, in find_element_by_android_uiautomator    return self.find_element(by=By.ANDROID_UIAUTOMATOR, value=uia_string)  File \"C:\\Python27\\lib\\site-packages\\appium\\webdriver\\webdriver.py\", line 219, in find_element    'value': value})['value']  File \"C:\\Python27\\lib\\site-packages\\selenium\\webdriver\\remote\\webdriver.py\", line 321, in execute    self.error_handler.check_response(response)  File \"C:\\Python27\\lib\\site-packages\\appium\\webdriver\\errorhandler.py\", line 29, in check_response    raise wdeNoSuchElementException: Message: An element could not be located on the page using the given search parameters."},{"firstjacocotime":5.005,"tagname":"5_010","firstexecutionsuccess":false,"firsttestcasepath":"\\testcase\\firstcases\\testcase5_010.py","firstconsumedtime":28.251,"firstlocpath":null,"firstcoveragepath":"\\coverage\\pwpreferencecoverage\\coverage9_5_010_pw.ec","firsterrorlog":"FAILstr(e):\t\tMessage: An element could not be located on the page using the given search parameters.repr(e):\tNoSuchElementException()Traceback (most recent call last):  File \"\\testcase\\firstcases\\testcase5_010.py\", line 78, in <module>    element = getElememtBack(driver, \"new UiSelector().text(\\\"Disconnect WIFI when bluetooth connects?\\\")\", \"new UiSelector().resourceId(\\\"a2dp.Vol:id\/checkwifi\\\").className(\\\"android.widget.CheckBox\\\")\")  File \"\\testcase\\firstcases\\testcase5_010.py\", line 53, in getElememtBack    element = driver.find_element_by_android_uiautomator(str2)  File \"C:\\Python27\\lib\\site-packages\\appium\\webdriver\\webdriver.py\", line 327, in find_element_by_android_uiautomator    return self.find_element(by=By.ANDROID_UIAUTOMATOR, value=uia_string)  File \"C:\\Python27\\lib\\site-packages\\appium\\webdriver\\webdriver.py\", line 219, in find_element    'value': value})['value']  File \"C:\\Python27\\lib\\site-packages\\selenium\\webdriver\\remote\\webdriver.py\", line 321, in execute    self.error_handler.check_response(response)  File \"C:\\Python27\\lib\\site-packages\\appium\\webdriver\\errorhandler.py\", line 29, in check_response    raise wdeNoSuchElementException: Message: An element could not be located on the page using the given search parameters."},{"firstjacocotime":5.005,"tagname":"5_019","firstexecutionsuccess":false,"firsttestcasepath":"\\testcase\\firstcases\\testcase5_019.py","firstconsumedtime":44.433,"firstlocpath":null,"firstcoveragepath":"\\coverage\\pwpreferencecoverage\\coverage9_5_019_pw.ec","firsterrorlog":"FAILstr(e):\t\tMessage: An element could not be located on the page using the given search parameters.repr(e):\tNoSuchElementException()Traceback (most recent call last):  File \"\\testcase\\firstcases\\testcase5_019.py\", line 84, in <module>    element = getElememtBack(driver, \"new UiSelector().text(\\\"Edit\\\")\", \"new UiSelector().className(\\\"android.widget.Button\\\").instance(1)\")  File \"\\testcase\\firstcases\\testcase5_019.py\", line 53, in getElememtBack    element = driver.find_element_by_android_uiautomator(str2)  File \"C:\\Python27\\lib\\site-packages\\appium\\webdriver\\webdriver.py\", line 327, in find_element_by_android_uiautomator    return self.find_element(by=By.ANDROID_UIAUTOMATOR, value=uia_string)  File \"C:\\Python27\\lib\\site-packages\\appium\\webdriver\\webdriver.py\", line 219, in find_element    'value': value})['value']  File \"C:\\Python27\\lib\\site-packages\\selenium\\webdriver\\remote\\webdriver.py\", line 321, in execute    self.error_handler.check_response(response)  File \"C:\\Python27\\lib\\site-packages\\appium\\webdriver\\errorhandler.py\", line 29, in check_response    raise wdeNoSuchElementException: Message: An element could not be located on the page using the given search parameters."},{"firstjacocotime":5.0039997,"tagname":"5_017","firstexecutionsuccess":true,"firsttestcasepath":"\\testcase\\firstcases\\testcase5_017.py","firstconsumedtime":5.9960003,"firstlocpath":null,"firstcoveragepath":"\\coverage\\pwpreferencecoverage\\coverage9_5_017_pw.ec","firsterrorlog":null},{"firstjacocotime":5.005,"tagname":"5_018","firstexecutionsuccess":false,"firsttestcasepath":"\\testcase\\firstcases\\testcase5_018.py","firstconsumedtime":30.472,"firstlocpath":null,"firstcoveragepath":"\\coverage\\pwpreferencecoverage\\coverage9_5_018_pw.ec","firsterrorlog":"FAILstr(e):\t\tMessage: An element could not be located on the page using the given search parameters.repr(e):\tNoSuchElementException()Traceback (most recent call last):  File \"\\testcase\\firstcases\\testcase5_018.py\", line 83, in <module>    element = getElememt(driver, \"new UiSelector().resourceId(\\\"a2dp.Vol:id\/editDesc2\\\").className(\\\"android.widget.EditText\\\")\")  File \"\\testcase\\firstcases\\testcase5_018.py\", line 34, in getElememt    element = driver.find_element_by_android_uiautomator(str)  File \"C:\\Python27\\lib\\site-packages\\appium\\webdriver\\webdriver.py\", line 327, in find_element_by_android_uiautomator    return self.find_element(by=By.ANDROID_UIAUTOMATOR, value=uia_string)  File \"C:\\Python27\\lib\\site-packages\\appium\\webdriver\\webdriver.py\", line 219, in find_element    'value': value})['value']  File \"C:\\Python27\\lib\\site-packages\\selenium\\webdriver\\remote\\webdriver.py\", line 321, in execute    self.error_handler.check_response(response)  File \"C:\\Python27\\lib\\site-packages\\appium\\webdriver\\errorhandler.py\", line 29, in check_response    raise wdeNoSuchElementException: Message: An element could not be located on the page using the given search parameters."},{"firstjacocotime":5.004,"tagname":"5_015","firstexecutionsuccess":false,"firsttestcasepath":"\\testcase\\firstcases\\testcase5_015.py","firstconsumedtime":23.187,"firstlocpath":null,"firstcoveragepath":"\\coverage\\pwpreferencecoverage\\coverage9_5_015_pw.ec","firsterrorlog":"FAILstr(e):\t\tMessage: An element could not be located on the page using the given search parameters.repr(e):\tNoSuchElementException()Traceback (most recent call last):  File \"\\testcase\\firstcases\\testcase5_015.py\", line 78, in <module>    element = getElememtBack(driver, \"new UiSelector().text(\\\"Set in-call phone volume on connect?\\\")\", \"new UiSelector().resourceId(\\\"a2dp.Vol:id\/checkSetpv\\\").className(\\\"android.widget.CheckBox\\\")\")  File \"\\testcase\\firstcases\\testcase5_015.py\", line 53, in getElememtBack    element = driver.find_element_by_android_uiautomator(str2)  File \"C:\\Python27\\lib\\site-packages\\appium\\webdriver\\webdriver.py\", line 327, in find_element_by_android_uiautomator    return self.find_element(by=By.ANDROID_UIAUTOMATOR, value=uia_string)  File \"C:\\Python27\\lib\\site-packages\\appium\\webdriver\\webdriver.py\", line 219, in find_element    'value': value})['value']  File \"C:\\Python27\\lib\\site-packages\\selenium\\webdriver\\remote\\webdriver.py\", line 321, in execute    self.error_handler.check_response(response)  File \"C:\\Python27\\lib\\site-packages\\appium\\webdriver\\errorhandler.py\", line 29, in check_response    raise wdeNoSuchElementException: Message: An element could not be located on the page using the given search parameters."},{"firstjacocotime":5.005,"tagname":"5_016","firstexecutionsuccess":false,"firsttestcasepath":"\\testcase\\firstcases\\testcase5_016.py","firstconsumedtime":23.699,"firstlocpath":null,"firstcoveragepath":"\\coverage\\pwpreferencecoverage\\coverage9_5_016_pw.ec","firsterrorlog":"FAILstr(e):\t\tMessage: An element could not be located on the page using the given search parameters.repr(e):\tNoSuchElementException()Traceback (most recent call last):  File \"\\testcase\\firstcases\\testcase5_016.py\", line 76, in <module>    element = getElememtBack(driver, \"new UiSelector().text(\\\"Power Connection\\\")\", \"new UiSelector().className(\\\"android.widget.TextView\\\").instance(3)\")  File \"\\testcase\\firstcases\\testcase5_016.py\", line 53, in getElememtBack    element = driver.find_element_by_android_uiautomator(str2)  File \"C:\\Python27\\lib\\site-packages\\appium\\webdriver\\webdriver.py\", line 327, in find_element_by_android_uiautomator    return self.find_element(by=By.ANDROID_UIAUTOMATOR, value=uia_string)  File \"C:\\Python27\\lib\\site-packages\\appium\\webdriver\\webdriver.py\", line 219, in find_element    'value': value})['value']  File \"C:\\Python27\\lib\\site-packages\\selenium\\webdriver\\remote\\webdriver.py\", line 321, in execute    self.error_handler.check_response(response)  File \"C:\\Python27\\lib\\site-packages\\appium\\webdriver\\errorhandler.py\", line 29, in check_response    raise wdeNoSuchElementException: Message: An element could not be located on the page using the given search parameters."},{"firstjacocotime":5.0039997,"tagname":"5_013","firstexecutionsuccess":false,"firsttestcasepath":"\\testcase\\firstcases\\testcase5_013.py","firstconsumedtime":18.864,"firstlocpath":null,"firstcoveragepath":"\\coverage\\pwpreferencecoverage\\coverage9_5_013_pw.ec","firsterrorlog":"FAILstr(e):\t\tMessage: An element could not be located on the page using the given search parameters.repr(e):\tNoSuchElementException()Traceback (most recent call last):  File \"\\testcase\\firstcases\\testcase5_013.py\", line 77, in <module>    element = getElememtBack(driver, \"new UiSelector().text(\\\"testr Connection\\\")\", \"new UiSelector().className(\\\"android.widget.TextView\\\").instance(3)\")  File \"\\testcase\\firstcases\\testcase5_013.py\", line 53, in getElememtBack    element = driver.find_element_by_android_uiautomator(str2)  File \"C:\\Python27\\lib\\site-packages\\appium\\webdriver\\webdriver.py\", line 327, in find_element_by_android_uiautomator    return self.find_element(by=By.ANDROID_UIAUTOMATOR, value=uia_string)  File \"C:\\Python27\\lib\\site-packages\\appium\\webdriver\\webdriver.py\", line 219, in find_element    'value': value})['value']  File \"C:\\Python27\\lib\\site-packages\\selenium\\webdriver\\remote\\webdriver.py\", line 321, in execute    self.error_handler.check_response(response)  File \"C:\\Python27\\lib\\site-packages\\appium\\webdriver\\errorhandler.py\", line 29, in check_response    raise wdeNoSuchElementException: Message: An element could not be located on the page using the given search parameters."},{"firstjacocotime":5.0049996,"tagname":"5_014","firstexecutionsuccess":false,"firsttestcasepath":"\\testcase\\firstcases\\testcase5_014.py","firstconsumedtime":31.305,"firstlocpath":null,"firstcoveragepath":"\\coverage\\pwpreferencecoverage\\coverage9_5_014_pw.ec","firsterrorlog":"FAILstr(e):\t\tMessage: An element could not be located on the page using the given search parameters.repr(e):\tNoSuchElementException()Traceback (most recent call last):  File \"\\testcase\\firstcases\\testcase5_014.py\", line 85, in <module>    element = getElememt(driver, \"new UiSelector().resourceId(\\\"a2dp.Vol:id\/iconradio3\\\").className(\\\"android.widget.RadioButton\\\")\")  File \"\\testcase\\firstcases\\testcase5_014.py\", line 34, in getElememt    element = driver.find_element_by_android_uiautomator(str)  File \"C:\\Python27\\lib\\site-packages\\appium\\webdriver\\webdriver.py\", line 327, in find_element_by_android_uiautomator    return self.find_element(by=By.ANDROID_UIAUTOMATOR, value=uia_string)  File \"C:\\Python27\\lib\\site-packages\\appium\\webdriver\\webdriver.py\", line 219, in find_element    'value': value})['value']  File \"C:\\Python27\\lib\\site-packages\\selenium\\webdriver\\remote\\webdriver.py\", line 321, in execute    self.error_handler.check_response(response)  File \"C:\\Python27\\lib\\site-packages\\appium\\webdriver\\errorhandler.py\", line 29, in check_response    raise wdeNoSuchElementException: Message: An element could not be located on the page using the given search parameters."},{"firstjacocotime":5.013,"tagname":"5_022","firstexecutionsuccess":true,"firsttestcasepath":"\\testcase\\firstcases\\testcase5_022.py","firstconsumedtime":8.214,"firstlocpath":null,"firstcoveragepath":"\\coverage\\pwpreferencecoverage\\coverage9_5_022_pw.ec","firsterrorlog":null},{"firstjacocotime":5.005,"tagname":"5_023","firstexecutionsuccess":false,"firsttestcasepath":"\\testcase\\firstcases\\testcase5_023.py","firstconsumedtime":38.933,"firstlocpath":null,"firstcoveragepath":"\\coverage\\pwpreferencecoverage\\coverage9_5_023_pw.ec","firsterrorlog":"FAILstr(e):\t\tMessage: An element could not be located on the page using the given search parameters.repr(e):\tNoSuchElementException()Traceback (most recent call last):  File \"\\testcase\\firstcases\\testcase5_023.py\", line 91, in <module>    element = getElememtBack(driver, \"new UiSelector().text(\\\"Also connect to bluetooth device\\\")\", \"new UiSelector().className(\\\"android.widget.Button\\\").instance(1)\")  File \"\\testcase\\firstcases\\testcase5_023.py\", line 53, in getElememtBack    element = driver.find_element_by_android_uiautomator(str2)  File \"C:\\Python27\\lib\\site-packages\\appium\\webdriver\\webdriver.py\", line 327, in find_element_by_android_uiautomator    return self.find_element(by=By.ANDROID_UIAUTOMATOR, value=uia_string)  File \"C:\\Python27\\lib\\site-packages\\appium\\webdriver\\webdriver.py\", line 219, in find_element    'value': value})['value']  File \"C:\\Python27\\lib\\site-packages\\selenium\\webdriver\\remote\\webdriver.py\", line 321, in execute    self.error_handler.check_response(response)  File \"C:\\Python27\\lib\\site-packages\\appium\\webdriver\\errorhandler.py\", line 29, in check_response    raise wdeNoSuchElementException: Message: An element could not be located on the page using the given search parameters."},{"firstjacocotime":5.0049996,"tagname":"5_020","firstexecutionsuccess":true,"firsttestcasepath":"\\testcase\\firstcases\\testcase5_020.py","firstconsumedtime":13.956,"firstlocpath":null,"firstcoveragepath":"\\coverage\\pwpreferencecoverage\\coverage9_5_020_pw.ec","firsterrorlog":null},{"firstjacocotime":5.005,"tagname":"5_021","firstexecutionsuccess":true,"firsttestcasepath":"\\testcase\\firstcases\\testcase5_021.py","firstconsumedtime":25.183,"firstlocpath":null,"firstcoveragepath":"\\coverage\\pwpreferencecoverage\\coverage9_5_021_pw.ec","firsterrorlog":null},{"firstjacocotime":5.0039997,"tagname":"5_028","firstexecutionsuccess":false,"firsttestcasepath":"\\testcase\\firstcases\\testcase5_028.py","firstconsumedtime":31.544,"firstlocpath":null,"firstcoveragepath":"\\coverage\\pwpreferencecoverage\\coverage9_5_028_pw.ec","firsterrorlog":"FAILstr(e):\t\tMessage: An element could not be located on the page using the given search parameters.repr(e):\tNoSuchElementException()Traceback (most recent call last):  File \"\\testcase\\firstcases\\testcase5_028.py\", line 84, in <module>    element = getElememtBack(driver, \"new UiSelector().text(\\\"Disconnect WIFI when bluetooth connects?\\\")\", \"new UiSelector().resourceId(\\\"a2dp.Vol:id\/checkwifi\\\").className(\\\"android.widget.CheckBox\\\")\")  File \"\\testcase\\firstcases\\testcase5_028.py\", line 53, in getElememtBack    element = driver.find_element_by_android_uiautomator(str2)  File \"C:\\Python27\\lib\\site-packages\\appium\\webdriver\\webdriver.py\", line 327, in find_element_by_android_uiautomator    return self.find_element(by=By.ANDROID_UIAUTOMATOR, value=uia_string)  File \"C:\\Python27\\lib\\site-packages\\appium\\webdriver\\webdriver.py\", line 219, in find_element    'value': value})['value']  File \"C:\\Python27\\lib\\site-packages\\selenium\\webdriver\\remote\\webdriver.py\", line 321, in execute    self.error_handler.check_response(response)  File \"C:\\Python27\\lib\\site-packages\\appium\\webdriver\\errorhandler.py\", line 29, in check_response    raise wdeNoSuchElementException: Message: An element could not be located on the page using the given search parameters."},{"firstjacocotime":5.003,"tagname":"5_029","firstexecutionsuccess":false,"firsttestcasepath":"\\testcase\\firstcases\\testcase5_029.py","firstconsumedtime":21.437,"firstlocpath":null,"firstcoveragepath":"\\coverage\\pwpreferencecoverage\\coverage9_5_029_pw.ec","firsterrorlog":"FAILstr(e):\t\tMessage: An element could not be located on the page using the given search parameters.repr(e):\tNoSuchElementException()Traceback (most recent call last):  File \"\\testcase\\firstcases\\testcase5_029.py\", line 76, in <module>    element = getElememtBack(driver, \"new UiSelector().text(\\\"testr Connection\\\")\", \"new UiSelector().className(\\\"android.widget.TextView\\\").instance(3)\")  File \"\\testcase\\firstcases\\testcase5_029.py\", line 53, in getElememtBack    element = driver.find_element_by_android_uiautomator(str2)  File \"C:\\Python27\\lib\\site-packages\\appium\\webdriver\\webdriver.py\", line 327, in find_element_by_android_uiautomator    return self.find_element(by=By.ANDROID_UIAUTOMATOR, value=uia_string)  File \"C:\\Python27\\lib\\site-packages\\appium\\webdriver\\webdriver.py\", line 219, in find_element    'value': value})['value']  File \"C:\\Python27\\lib\\site-packages\\selenium\\webdriver\\remote\\webdriver.py\", line 321, in execute    self.error_handler.check_response(response)  File \"C:\\Python27\\lib\\site-packages\\appium\\webdriver\\errorhandler.py\", line 29, in check_response    raise wdeNoSuchElementException: Message: An element could not be located on the page using the given search parameters."},{"firstjacocotime":5.0039997,"tagname":"5_026","firstexecutionsuccess":false,"firsttestcasepath":"\\testcase\\firstcases\\testcase5_026.py","firstconsumedtime":25.837,"firstlocpath":null,"firstcoveragepath":"\\coverage\\pwpreferencecoverage\\coverage9_5_026_pw.ec","firsterrorlog":"FAILstr(e):\t\tMessage: An element could not be located on the page using the given search parameters.repr(e):\tNoSuchElementException()Traceback (most recent call last):  File \"\\testcase\\firstcases\\testcase5_026.py\", line 80, in <module>    element = getElememtBack(driver, \"new UiSelector().text(\\\"testr Connection\\\")\", \"new UiSelector().className(\\\"android.widget.TextView\\\").instance(3)\")  File \"\\testcase\\firstcases\\testcase5_026.py\", line 53, in getElememtBack    element = driver.find_element_by_android_uiautomator(str2)  File \"C:\\Python27\\lib\\site-packages\\appium\\webdriver\\webdriver.py\", line 327, in find_element_by_android_uiautomator    return self.find_element(by=By.ANDROID_UIAUTOMATOR, value=uia_string)  File \"C:\\Python27\\lib\\site-packages\\appium\\webdriver\\webdriver.py\", line 219, in find_element    'value': value})['value']  File \"C:\\Python27\\lib\\site-packages\\selenium\\webdriver\\remote\\webdriver.py\", line 321, in execute    self.error_handler.check_response(response)  File \"C:\\Python27\\lib\\site-packages\\appium\\webdriver\\errorhandler.py\", line 29, in check_response    raise wdeNoSuchElementException: Message: An element could not be located on the page using the given search parameters."},{"firstjacocotime":5.0059996,"tagname":"5_027","firstexecutionsuccess":false,"firsttestcasepath":"\\testcase\\firstcases\\testcase5_027.py","firstconsumedtime":43.169,"firstlocpath":null,"firstcoveragepath":"\\coverage\\pwpreferencecoverage\\coverage9_5_027_pw.ec","firsterrorlog":"FAILstr(e):\t\tMessage: An element could not be located on the page using the given search parameters.repr(e):\tNoSuchElementException()Traceback (most recent call last):  File \"\\testcase\\firstcases\\testcase5_027.py\", line 93, in <module>    element = getElememtBack(driver, \"new UiSelector().text(\\\"Settings\\\")\", \"new UiSelector().className(\\\"android.widget.TextView\\\").instance(5)\")  File \"\\testcase\\firstcases\\testcase5_027.py\", line 53, in getElememtBack    element = driver.find_element_by_android_uiautomator(str2)  File \"C:\\Python27\\lib\\site-packages\\appium\\webdriver\\webdriver.py\", line 327, in find_element_by_android_uiautomator    return self.find_element(by=By.ANDROID_UIAUTOMATOR, value=uia_string)  File \"C:\\Python27\\lib\\site-packages\\appium\\webdriver\\webdriver.py\", line 219, in find_element    'value': value})['value']  File \"C:\\Python27\\lib\\site-packages\\selenium\\webdriver\\remote\\webdriver.py\", line 321, in execute    self.error_handler.check_response(response)  File \"C:\\Python27\\lib\\site-packages\\appium\\webdriver\\errorhandler.py\", line 29, in check_response    raise wdeNoSuchElementException: Message: An element could not be located on the page using the given search parameters."},{"firstjacocotime":5.005,"tagname":"5_024","firstexecutionsuccess":false,"firsttestcasepath":"\\testcase\\firstcases\\testcase5_024.py","firstconsumedtime":19.718,"firstlocpath":null,"firstcoveragepath":"\\coverage\\pwpreferencecoverage\\coverage9_5_024_pw.ec","firsterrorlog":"FAILstr(e):\t\tMessage: An element could not be located on the page using the given search parameters.repr(e):\tNoSuchElementException()Traceback (most recent call last):  File \"\\testcase\\firstcases\\testcase5_024.py\", line 75, in <module>    element = getElememtBack(driver, \"new UiSelector().text(\\\"Power Connection\\\")\", \"new UiSelector().className(\\\"android.widget.TextView\\\").instance(3)\")  File \"\\testcase\\firstcases\\testcase5_024.py\", line 53, in getElememtBack    element = driver.find_element_by_android_uiautomator(str2)  File \"C:\\Python27\\lib\\site-packages\\appium\\webdriver\\webdriver.py\", line 327, in find_element_by_android_uiautomator    return self.find_element(by=By.ANDROID_UIAUTOMATOR, value=uia_string)  File \"C:\\Python27\\lib\\site-packages\\appium\\webdriver\\webdriver.py\", line 219, in find_element    'value': value})['value']  File \"C:\\Python27\\lib\\site-packages\\selenium\\webdriver\\remote\\webdriver.py\", line 321, in execute    self.error_handler.check_response(response)  File \"C:\\Python27\\lib\\site-packages\\appium\\webdriver\\errorhandler.py\", line 29, in check_response    raise wdeNoSuchElementException: Message: An element could not be located on the page using the given search parameters."},{"firstjacocotime":5.005,"tagname":"5_025","firstexecutionsuccess":false,"firsttestcasepath":"\\testcase\\firstcases\\testcase5_025.py","firstconsumedtime":43.599,"firstlocpath":null,"firstcoveragepath":"\\coverage\\pwpreferencecoverage\\coverage9_5_025_pw.ec","firsterrorlog":"FAILstr(e):\t\tMessage: An element could not be located on the page using the given search parameters.repr(e):\tNoSuchElementException()Traceback (most recent call last):  File \"\\testcase\\firstcases\\testcase5_025.py\", line 84, in <module>    element = getElememtBack(driver, \"new UiSelector().text(\\\"Edit\\\")\", \"new UiSelector().className(\\\"android.widget.Button\\\").instance(1)\")  File \"\\testcase\\firstcases\\testcase5_025.py\", line 53, in getElememtBack    element = driver.find_element_by_android_uiautomator(str2)  File \"C:\\Python27\\lib\\site-packages\\appium\\webdriver\\webdriver.py\", line 327, in find_element_by_android_uiautomator    return self.find_element(by=By.ANDROID_UIAUTOMATOR, value=uia_string)  File \"C:\\Python27\\lib\\site-packages\\appium\\webdriver\\webdriver.py\", line 219, in find_element    'value': value})['value']  File \"C:\\Python27\\lib\\site-packages\\selenium\\webdriver\\remote\\webdriver.py\", line 321, in execute    self.error_handler.check_response(response)  File \"C:\\Python27\\lib\\site-packages\\appium\\webdriver\\errorhandler.py\", line 29, in check_response    raise wdeNoSuchElementException: Message: An element could not be located on the page using the given search parameters."},{"firstjacocotime":5.003,"tagname":"6_000","firstexecutionsuccess":true,"firsttestcasepath":"\\testcase\\firstcases\\testcase6_000.py","firstconsumedtime":19.560999,"firstlocpath":null,"firstcoveragepath":"\\coverage\\pwpreferencecoverage\\coverage9_6_000_pw.ec","firsterrorlog":null},{"firstjacocotime":5.008,"tagname":"6_005","firstexecutionsuccess":true,"firsttestcasepath":"\\testcase\\firstcases\\testcase6_005.py","firstconsumedtime":7.83,"firstlocpath":null,"firstcoveragepath":"\\coverage\\pwpreferencecoverage\\coverage9_6_005_pw.ec","firsterrorlog":null},{"firstjacocotime":5.0039997,"tagname":"6_006","firstexecutionsuccess":false,"firsttestcasepath":"\\testcase\\firstcases\\testcase6_006.py","firstconsumedtime":26.738,"firstlocpath":null,"firstcoveragepath":"\\coverage\\pwpreferencecoverage\\coverage9_6_006_pw.ec","firsterrorlog":"FAILstr(e):\t\tMessage: An element could not be located on the page using the given search parameters.repr(e):\tNoSuchElementException()Traceback (most recent call last):  File \"\\testcase\\firstcases\\testcase6_006.py\", line 80, in <module>    element = getElememtBack(driver, \"new UiSelector().text(\\\"Edit\\\")\", \"new UiSelector().className(\\\"android.widget.Button\\\").instance(1)\")  File \"\\testcase\\firstcases\\testcase6_006.py\", line 53, in getElememtBack    element = driver.find_element_by_android_uiautomator(str2)  File \"C:\\Python27\\lib\\site-packages\\appium\\webdriver\\webdriver.py\", line 327, in find_element_by_android_uiautomator    return self.find_element(by=By.ANDROID_UIAUTOMATOR, value=uia_string)  File \"C:\\Python27\\lib\\site-packages\\appium\\webdriver\\webdriver.py\", line 219, in find_element    'value': value})['value']  File \"C:\\Python27\\lib\\site-packages\\selenium\\webdriver\\remote\\webdriver.py\", line 321, in execute    self.error_handler.check_response(response)  File \"C:\\Python27\\lib\\site-packages\\appium\\webdriver\\errorhandler.py\", line 29, in check_response    raise wdeNoSuchElementException: Message: An element could not be located on the page using the given search parameters."},{"firstjacocotime":5.0039997,"tagname":"6_007","firstexecutionsuccess":false,"firsttestcasepath":"\\testcase\\firstcases\\testcase6_007.py","firstconsumedtime":26.109,"firstlocpath":null,"firstcoveragepath":"\\coverage\\pwpreferencecoverage\\coverage9_6_007_pw.ec","firsterrorlog":"FAILstr(e):\t\tMessage: An element could not be located on the page using the given search parameters.repr(e):\tNoSuchElementException()Traceback (most recent call last):  File \"\\testcase\\firstcases\\testcase6_007.py\", line 81, in <module>    element = getElememtBack(driver, \"new UiSelector().text(\\\"Force App Restart?\\\")\", \"new UiSelector().resourceId(\\\"a2dp.Vol:id\/appRestartCheckbox\\\").className(\\\"android.widget.CheckBox\\\")\")  File \"\\testcase\\firstcases\\testcase6_007.py\", line 53, in getElememtBack    element = driver.find_element_by_android_uiautomator(str2)  File \"C:\\Python27\\lib\\site-packages\\appium\\webdriver\\webdriver.py\", line 327, in find_element_by_android_uiautomator    return self.find_element(by=By.ANDROID_UIAUTOMATOR, value=uia_string)  File \"C:\\Python27\\lib\\site-packages\\appium\\webdriver\\webdriver.py\", line 219, in find_element    'value': value})['value']  File \"C:\\Python27\\lib\\site-packages\\selenium\\webdriver\\remote\\webdriver.py\", line 321, in execute    self.error_handler.check_response(response)  File \"C:\\Python27\\lib\\site-packages\\appium\\webdriver\\errorhandler.py\", line 29, in check_response    raise wdeNoSuchElementException: Message: An element could not be located on the page using the given search parameters."},{"firstjacocotime":5.0039997,"tagname":"6_008","firstexecutionsuccess":false,"firsttestcasepath":"\\testcase\\firstcases\\testcase6_008.py","firstconsumedtime":53.905,"firstlocpath":null,"firstcoveragepath":"\\coverage\\pwpreferencecoverage\\coverage9_6_008_pw.ec","firsterrorlog":"FAILstr(e):\t\tMessage: An element could not be located on the page using the given search parameters.repr(e):\tNoSuchElementException()Traceback (most recent call last):  File \"\\testcase\\firstcases\\testcase6_008.py\", line 105, in <module>    element = getElememtBack(driver, \"new UiSelector().text(\\\"Set in-call phone volume on connect?\\\")\", \"new UiSelector().resourceId(\\\"a2dp.Vol:id\/checkSetpv\\\").className(\\\"android.widget.CheckBox\\\")\")  File \"\\testcase\\firstcases\\testcase6_008.py\", line 53, in getElememtBack    element = driver.find_element_by_android_uiautomator(str2)  File \"C:\\Python27\\lib\\site-packages\\appium\\webdriver\\webdriver.py\", line 327, in find_element_by_android_uiautomator    return self.find_element(by=By.ANDROID_UIAUTOMATOR, value=uia_string)  File \"C:\\Python27\\lib\\site-packages\\appium\\webdriver\\webdriver.py\", line 219, in find_element    'value': value})['value']  File \"C:\\Python27\\lib\\site-packages\\selenium\\webdriver\\remote\\webdriver.py\", line 321, in execute    self.error_handler.check_response(response)  File \"C:\\Python27\\lib\\site-packages\\appium\\webdriver\\errorhandler.py\", line 29, in check_response    raise wdeNoSuchElementException: Message: An element could not be located on the page using the given search parameters."},{"firstjacocotime":5.003,"tagname":"6_001","firstexecutionsuccess":false,"firsttestcasepath":"\\testcase\\firstcases\\testcase6_001.py","firstconsumedtime":32.405,"firstlocpath":null,"firstcoveragepath":"\\coverage\\pwpreferencecoverage\\coverage9_6_001_pw.ec","firsterrorlog":"FAILstr(e):\t\tMessage: An element could not be located on the page using the given search parameters.repr(e):\tNoSuchElementException()Traceback (most recent call last):  File \"\\testcase\\firstcases\\testcase6_001.py\", line 83, in <module>    element = getElememtBack(driver, \"new UiSelector().text(\\\"Power Connection\\\")\", \"new UiSelector().className(\\\"android.widget.TextView\\\").instance(3)\")  File \"\\testcase\\firstcases\\testcase6_001.py\", line 53, in getElememtBack    element = driver.find_element_by_android_uiautomator(str2)  File \"C:\\Python27\\lib\\site-packages\\appium\\webdriver\\webdriver.py\", line 327, in find_element_by_android_uiautomator    return self.find_element(by=By.ANDROID_UIAUTOMATOR, value=uia_string)  File \"C:\\Python27\\lib\\site-packages\\appium\\webdriver\\webdriver.py\", line 219, in find_element    'value': value})['value']  File \"C:\\Python27\\lib\\site-packages\\selenium\\webdriver\\remote\\webdriver.py\", line 321, in execute    self.error_handler.check_response(response)  File \"C:\\Python27\\lib\\site-packages\\appium\\webdriver\\errorhandler.py\", line 29, in check_response    raise wdeNoSuchElementException: Message: An element could not be located on the page using the given search parameters."},{"firstjacocotime":5.003,"tagname":"6_002","firstexecutionsuccess":true,"firsttestcasepath":"\\testcase\\firstcases\\testcase6_002.py","firstconsumedtime":11.11,"firstlocpath":null,"firstcoveragepath":"\\coverage\\pwpreferencecoverage\\coverage9_6_002_pw.ec","firsterrorlog":null},{"firstjacocotime":5.003,"tagname":"6_003","firstexecutionsuccess":false,"firsttestcasepath":"\\testcase\\firstcases\\testcase6_003.py","firstconsumedtime":26.242,"firstlocpath":null,"firstcoveragepath":"\\coverage\\pwpreferencecoverage\\coverage9_6_003_pw.ec","firsterrorlog":"FAILstr(e):\t\tMessage: An element could not be located on the page using the given search parameters.repr(e):\tNoSuchElementException()Traceback (most recent call last):  File \"\\testcase\\firstcases\\testcase6_003.py\", line 79, in <module>    element = getElememtBack(driver, \"new UiSelector().text(\\\"Home Dock\\\")\", \"new UiSelector().className(\\\"android.widget.TextView\\\").instance(2)\")  File \"\\testcase\\firstcases\\testcase6_003.py\", line 53, in getElememtBack    element = driver.find_element_by_android_uiautomator(str2)  File \"C:\\Python27\\lib\\site-packages\\appium\\webdriver\\webdriver.py\", line 327, in find_element_by_android_uiautomator    return self.find_element(by=By.ANDROID_UIAUTOMATOR, value=uia_string)  File \"C:\\Python27\\lib\\site-packages\\appium\\webdriver\\webdriver.py\", line 219, in find_element    'value': value})['value']  File \"C:\\Python27\\lib\\site-packages\\selenium\\webdriver\\remote\\webdriver.py\", line 321, in execute    self.error_handler.check_response(response)  File \"C:\\Python27\\lib\\site-packages\\appium\\webdriver\\errorhandler.py\", line 29, in check_response    raise wdeNoSuchElementException: Message: An element could not be located on the page using the given search parameters."},{"firstjacocotime":5.003,"tagname":"6_004","firstexecutionsuccess":false,"firsttestcasepath":"\\testcase\\firstcases\\testcase6_004.py","firstconsumedtime":17.842,"firstlocpath":null,"firstcoveragepath":"\\coverage\\pwpreferencecoverage\\coverage9_6_004_pw.ec","firsterrorlog":"FAILstr(e):\t\tMessage: An element could not be located on the page using the given search parameters.repr(e):\tNoSuchElementException()Traceback (most recent call last):  File \"\\testcase\\firstcases\\testcase6_004.py\", line 76, in <module>    element = getElememt(driver, \"new UiSelector().resourceId(\\\"a2dp.Vol:id\/editApp\\\").className(\\\"android.widget.EditText\\\")\")  File \"\\testcase\\firstcases\\testcase6_004.py\", line 34, in getElememt    element = driver.find_element_by_android_uiautomator(str)  File \"C:\\Python27\\lib\\site-packages\\appium\\webdriver\\webdriver.py\", line 327, in find_element_by_android_uiautomator    return self.find_element(by=By.ANDROID_UIAUTOMATOR, value=uia_string)  File \"C:\\Python27\\lib\\site-packages\\appium\\webdriver\\webdriver.py\", line 219, in find_element    'value': value})['value']  File \"C:\\Python27\\lib\\site-packages\\selenium\\webdriver\\remote\\webdriver.py\", line 321, in execute    self.error_handler.check_response(response)  File \"C:\\Python27\\lib\\site-packages\\appium\\webdriver\\errorhandler.py\", line 29, in check_response    raise wdeNoSuchElementException: Message: An element could not be located on the page using the given search parameters."},{"firstjacocotime":5.0049996,"tagname":"3_028","firstexecutionsuccess":false,"firsttestcasepath":"\\testcase\\firstcases\\testcase3_028.py","firstconsumedtime":31.296,"firstlocpath":null,"firstcoveragepath":"\\coverage\\pwpreferencecoverage\\coverage9_3_028_pw.ec","firsterrorlog":"FAILstr(e):\t\tMessage: An element could not be located on the page using the given search parameters.repr(e):\tNoSuchElementException()Traceback (most recent call last):  File \"\\testcase\\firstcases\\testcase3_028.py\", line 88, in <module>    element = getElememtBack(driver, \"new UiSelector().text(\\\"Home Dock\\\")\", \"new UiSelector().className(\\\"android.widget.TextView\\\").instance(2)\")  File \"\\testcase\\firstcases\\testcase3_028.py\", line 53, in getElememtBack    element = driver.find_element_by_android_uiautomator(str2)  File \"C:\\Python27\\lib\\site-packages\\appium\\webdriver\\webdriver.py\", line 327, in find_element_by_android_uiautomator    return self.find_element(by=By.ANDROID_UIAUTOMATOR, value=uia_string)  File \"C:\\Python27\\lib\\site-packages\\appium\\webdriver\\webdriver.py\", line 219, in find_element    'value': value})['value']  File \"C:\\Python27\\lib\\site-packages\\selenium\\webdriver\\remote\\webdriver.py\", line 321, in execute    self.error_handler.check_response(response)  File \"C:\\Python27\\lib\\site-packages\\appium\\webdriver\\errorhandler.py\", line 29, in check_response    raise wdeNoSuchElementException: Message: An element could not be located on the page using the given search parameters."},{"firstjacocotime":5.008,"tagname":"3_029","firstexecutionsuccess":false,"firsttestcasepath":"\\testcase\\firstcases\\testcase3_029.py","firstconsumedtime":19.465,"firstlocpath":null,"firstcoveragepath":"\\coverage\\pwpreferencecoverage\\coverage9_3_029_pw.ec","firsterrorlog":"FAILstr(e):\t\tMessage: An element could not be located on the page using the given search parameters.repr(e):\tNoSuchElementException()Traceback (most recent call last):  File \"\\testcase\\firstcases\\testcase3_029.py\", line 76, in <module>    element = getElememtBack(driver, \"new UiSelector().text(\\\"Enable Reading Text Messages?\\\")\", \"new UiSelector().resourceId(\\\"a2dp.Vol:id\/enableTTSBox\\\").className(\\\"android.widget.CheckBox\\\")\")  File \"\\testcase\\firstcases\\testcase3_029.py\", line 53, in getElememtBack    element = driver.find_element_by_android_uiautomator(str2)  File \"C:\\Python27\\lib\\site-packages\\appium\\webdriver\\webdriver.py\", line 327, in find_element_by_android_uiautomator    return self.find_element(by=By.ANDROID_UIAUTOMATOR, value=uia_string)  File \"C:\\Python27\\lib\\site-packages\\appium\\webdriver\\webdriver.py\", line 219, in find_element    'value': value})['value']  File \"C:\\Python27\\lib\\site-packages\\selenium\\webdriver\\remote\\webdriver.py\", line 321, in execute    self.error_handler.check_response(response)  File \"C:\\Python27\\lib\\site-packages\\appium\\webdriver\\errorhandler.py\", line 29, in check_response    raise wdeNoSuchElementException: Message: An element could not be located on the page using the given search parameters."},{"firstjacocotime":5.0039997,"tagname":"3_026","firstexecutionsuccess":true,"firsttestcasepath":"\\testcase\\firstcases\\testcase3_026.py","firstconsumedtime":33.0,"firstlocpath":null,"firstcoveragepath":"\\coverage\\pwpreferencecoverage\\coverage9_3_026_pw.ec","firsterrorlog":null},{"firstjacocotime":5.0049996,"tagname":"3_027","firstexecutionsuccess":true,"firsttestcasepath":"\\testcase\\firstcases\\testcase3_027.py","firstconsumedtime":6.254,"firstlocpath":null,"firstcoveragepath":"\\coverage\\pwpreferencecoverage\\coverage9_3_027_pw.ec","firsterrorlog":null},{"firstjacocotime":5.006,"tagname":"1_019","firstexecutionsuccess":true,"firsttestcasepath":"\\testcase\\firstcases\\testcase1_019.py","firstconsumedtime":6.185,"firstlocpath":null,"firstcoveragepath":"\\coverage\\pwpreferencecoverage\\coverage9_1_019_pw.ec","firsterrorlog":null},{"firstjacocotime":5.0039997,"tagname":"6_009","firstexecutionsuccess":false,"firsttestcasepath":"\\testcase\\firstcases\\testcase6_009.py","firstconsumedtime":22.481,"firstlocpath":null,"firstcoveragepath":"\\coverage\\pwpreferencecoverage\\coverage9_6_009_pw.ec","firsterrorlog":"FAILstr(e):\t\tMessage: An element could not be located on the page using the given search parameters.repr(e):\tNoSuchElementException()Traceback (most recent call last):  File \"\\testcase\\firstcases\\testcase6_009.py\", line 76, in <module>    element = getElememtBack(driver, \"new UiSelector().text(\\\"Automatically remember last used media volume on disconnect\\\")\", \"new UiSelector().resourceId(\\\"a2dp.Vol:id\/autoVolcheckBox\\\").className(\\\"android.widget.CheckBox\\\")\")  File \"\\testcase\\firstcases\\testcase6_009.py\", line 53, in getElememtBack    element = driver.find_element_by_android_uiautomator(str2)  File \"C:\\Python27\\lib\\site-packages\\appium\\webdriver\\webdriver.py\", line 327, in find_element_by_android_uiautomator    return self.find_element(by=By.ANDROID_UIAUTOMATOR, value=uia_string)  File \"C:\\Python27\\lib\\site-packages\\appium\\webdriver\\webdriver.py\", line 219, in find_element    'value': value})['value']  File \"C:\\Python27\\lib\\site-packages\\selenium\\webdriver\\remote\\webdriver.py\", line 321, in execute    self.error_handler.check_response(response)  File \"C:\\Python27\\lib\\site-packages\\appium\\webdriver\\errorhandler.py\", line 29, in check_response    raise wdeNoSuchElementException: Message: An element could not be located on the page using the given search parameters."},{"firstjacocotime":5.005,"tagname":"1_017","firstexecutionsuccess":false,"firsttestcasepath":"\\testcase\\firstcases\\testcase1_017.py","firstconsumedtime":23.71,"firstlocpath":null,"firstcoveragepath":"\\coverage\\pwpreferencecoverage\\coverage9_1_017_pw.ec","firsterrorlog":"FAILstr(e):\t\tMessage: An element could not be located on the page using the given search parameters.repr(e):\tNoSuchElementException()Traceback (most recent call last):  File \"\\testcase\\firstcases\\testcase1_017.py\", line 76, in <module>    element = getElememtBack(driver, \"new UiSelector().text(\\\"Enable Reading Text Messages?\\\")\", \"new UiSelector().resourceId(\\\"a2dp.Vol:id\/enableTTSBox\\\").className(\\\"android.widget.CheckBox\\\")\")  File \"\\testcase\\firstcases\\testcase1_017.py\", line 53, in getElememtBack    element = driver.find_element_by_android_uiautomator(str2)  File \"C:\\Python27\\lib\\site-packages\\appium\\webdriver\\webdriver.py\", line 327, in find_element_by_android_uiautomator    return self.find_element(by=By.ANDROID_UIAUTOMATOR, value=uia_string)  File \"C:\\Python27\\lib\\site-packages\\appium\\webdriver\\webdriver.py\", line 219, in find_element    'value': value})['value']  File \"C:\\Python27\\lib\\site-packages\\selenium\\webdriver\\remote\\webdriver.py\", line 321, in execute    self.error_handler.check_response(response)  File \"C:\\Python27\\lib\\site-packages\\appium\\webdriver\\errorhandler.py\", line 29, in check_response    raise wdeNoSuchElementException: Message: An element could not be located on the page using the given search parameters."},{"firstjacocotime":5.004,"tagname":"1_018","firstexecutionsuccess":false,"firsttestcasepath":"\\testcase\\firstcases\\testcase1_018.py","firstconsumedtime":29.114,"firstlocpath":null,"firstcoveragepath":"\\coverage\\pwpreferencecoverage\\coverage9_1_018_pw.ec","firsterrorlog":"FAILstr(e):\t\tMessage: An element could not be located on the page using the given search parameters.repr(e):\tNoSuchElementException()Traceback (most recent call last):  File \"\\testcase\\firstcases\\testcase1_018.py\", line 84, in <module>    element = getElememt(driver, \"new UiSelector().resourceId(\\\"a2dp.Vol:id\/editApp\\\").className(\\\"android.widget.EditText\\\")\")  File \"\\testcase\\firstcases\\testcase1_018.py\", line 34, in getElememt    element = driver.find_element_by_android_uiautomator(str)  File \"C:\\Python27\\lib\\site-packages\\appium\\webdriver\\webdriver.py\", line 327, in find_element_by_android_uiautomator    return self.find_element(by=By.ANDROID_UIAUTOMATOR, value=uia_string)  File \"C:\\Python27\\lib\\site-packages\\appium\\webdriver\\webdriver.py\", line 219, in find_element    'value': value})['value']  File \"C:\\Python27\\lib\\site-packages\\selenium\\webdriver\\remote\\webdriver.py\", line 321, in execute    self.error_handler.check_response(response)  File \"C:\\Python27\\lib\\site-packages\\appium\\webdriver\\errorhandler.py\", line 29, in check_response    raise wdeNoSuchElementException: Message: An element could not be located on the page using the given search parameters."},{"firstjacocotime":5.0049996,"tagname":"1_015","firstexecutionsuccess":false,"firsttestcasepath":"\\testcase\\firstcases\\testcase1_015.py","firstconsumedtime":26.255,"firstlocpath":null,"firstcoveragepath":"\\coverage\\pwpreferencecoverage\\coverage9_1_015_pw.ec","firsterrorlog":"FAILstr(e):\t\tMessage: An element could not be located on the page using the given search parameters.repr(e):\tNoSuchElementException()Traceback (most recent call last):  File \"\\testcase\\firstcases\\testcase1_015.py\", line 79, in <module>    element = getElememtBack(driver, \"new UiSelector().text(\\\"Power Connection\\\")\", \"new UiSelector().className(\\\"android.widget.TextView\\\").instance(3)\")  File \"\\testcase\\firstcases\\testcase1_015.py\", line 53, in getElememtBack    element = driver.find_element_by_android_uiautomator(str2)  File \"C:\\Python27\\lib\\site-packages\\appium\\webdriver\\webdriver.py\", line 327, in find_element_by_android_uiautomator    return self.find_element(by=By.ANDROID_UIAUTOMATOR, value=uia_string)  File \"C:\\Python27\\lib\\site-packages\\appium\\webdriver\\webdriver.py\", line 219, in find_element    'value': value})['value']  File \"C:\\Python27\\lib\\site-packages\\selenium\\webdriver\\remote\\webdriver.py\", line 321, in execute    self.error_handler.check_response(response)  File \"C:\\Python27\\lib\\site-packages\\appium\\webdriver\\errorhandler.py\", line 29, in check_response    raise wdeNoSuchElementException: Message: An element could not be located on the page using the given search parameters."},{"firstjacocotime":5.003,"tagname":"3_020","firstexecutionsuccess":false,"firsttestcasepath":"\\testcase\\firstcases\\testcase3_020.py","firstconsumedtime":25.921,"firstlocpath":null,"firstcoveragepath":"\\coverage\\pwpreferencecoverage\\coverage9_3_020_pw.ec","firsterrorlog":"FAILstr(e):\t\tMessage: An element could not be located on the page using the given search parameters.repr(e):\tNoSuchElementException()Traceback (most recent call last):  File \"\\testcase\\firstcases\\testcase3_020.py\", line 80, in <module>    element = getElememtBack(driver, \"new UiSelector().text(\\\"testr Connection\\\")\", \"new UiSelector().className(\\\"android.widget.TextView\\\").instance(3)\")  File \"\\testcase\\firstcases\\testcase3_020.py\", line 53, in getElememtBack    element = driver.find_element_by_android_uiautomator(str2)  File \"C:\\Python27\\lib\\site-packages\\appium\\webdriver\\webdriver.py\", line 327, in find_element_by_android_uiautomator    return self.find_element(by=By.ANDROID_UIAUTOMATOR, value=uia_string)  File \"C:\\Python27\\lib\\site-packages\\appium\\webdriver\\webdriver.py\", line 219, in find_element    'value': value})['value']  File \"C:\\Python27\\lib\\site-packages\\selenium\\webdriver\\remote\\webdriver.py\", line 321, in execute    self.error_handler.check_response(response)  File \"C:\\Python27\\lib\\site-packages\\appium\\webdriver\\errorhandler.py\", line 29, in check_response    raise wdeNoSuchElementException: Message: An element could not be located on the page using the given search parameters."},{"firstjacocotime":5.0049996,"tagname":"1_016","firstexecutionsuccess":false,"firsttestcasepath":"\\testcase\\firstcases\\testcase1_016.py","firstconsumedtime":18.061,"firstlocpath":null,"firstcoveragepath":"\\coverage\\pwpreferencecoverage\\coverage9_1_016_pw.ec","firsterrorlog":"FAILstr(e):\t\tMessage: An element could not be located on the page using the given search parameters.repr(e):\tNoSuchElementException()Traceback (most recent call last):  File \"\\testcase\\firstcases\\testcase1_016.py\", line 76, in <module>    element = getElememt(driver, \"new UiSelector().resourceId(\\\"a2dp.Vol:id\/editApp\\\").className(\\\"android.widget.EditText\\\")\")  File \"\\testcase\\firstcases\\testcase1_016.py\", line 34, in getElememt    element = driver.find_element_by_android_uiautomator(str)  File \"C:\\Python27\\lib\\site-packages\\appium\\webdriver\\webdriver.py\", line 327, in find_element_by_android_uiautomator    return self.find_element(by=By.ANDROID_UIAUTOMATOR, value=uia_string)  File \"C:\\Python27\\lib\\site-packages\\appium\\webdriver\\webdriver.py\", line 219, in find_element    'value': value})['value']  File \"C:\\Python27\\lib\\site-packages\\selenium\\webdriver\\remote\\webdriver.py\", line 321, in execute    self.error_handler.check_response(response)  File \"C:\\Python27\\lib\\site-packages\\appium\\webdriver\\errorhandler.py\", line 29, in check_response    raise wdeNoSuchElementException: Message: An element could not be located on the page using the given search parameters."},{"firstjacocotime":5.0039997,"tagname":"3_021","firstexecutionsuccess":false,"firsttestcasepath":"\\testcase\\firstcases\\testcase3_021.py","firstconsumedtime":71.379,"firstlocpath":null,"firstcoveragepath":"\\coverage\\pwpreferencecoverage\\coverage9_3_021_pw.ec","firsterrorlog":"FAILstr(e):\t\tMessage: An element could not be located on the page using the given search parameters.repr(e):\tNoSuchElementException()Traceback (most recent call last):  File \"\\testcase\\firstcases\\testcase3_021.py\", line 92, in <module>    element = getElememtBack(driver, \"new UiSelector().text(\\\"Edit\\\")\", \"new UiSelector().className(\\\"android.widget.Button\\\").instance(1)\")  File \"\\testcase\\firstcases\\testcase3_021.py\", line 53, in getElememtBack    element = driver.find_element_by_android_uiautomator(str2)  File \"C:\\Python27\\lib\\site-packages\\appium\\webdriver\\webdriver.py\", line 327, in find_element_by_android_uiautomator    return self.find_element(by=By.ANDROID_UIAUTOMATOR, value=uia_string)  File \"C:\\Python27\\lib\\site-packages\\appium\\webdriver\\webdriver.py\", line 219, in find_element    'value': value})['value']  File \"C:\\Python27\\lib\\site-packages\\selenium\\webdriver\\remote\\webdriver.py\", line 321, in execute    self.error_handler.check_response(response)  File \"C:\\Python27\\lib\\site-packages\\appium\\webdriver\\errorhandler.py\", line 29, in check_response    raise wdeNoSuchElementException: Message: An element could not be located on the page using the given search parameters."},{"firstjacocotime":5.0039997,"tagname":"1_013","firstexecutionsuccess":false,"firsttestcasepath":"\\testcase\\firstcases\\testcase1_013.py","firstconsumedtime":23.37,"firstlocpath":null,"firstcoveragepath":"\\coverage\\pwpreferencecoverage\\coverage9_1_013_pw.ec","firsterrorlog":"FAILstr(e):\t\tMessage: An element could not be located on the page using the given search parameters.repr(e):\tNoSuchElementException()Traceback (most recent call last):  File \"\\testcase\\firstcases\\testcase1_013.py\", line 76, in <module>    element = getElememtBack(driver, \"new UiSelector().text(\\\"Power Connection\\\")\", \"new UiSelector().className(\\\"android.widget.TextView\\\").instance(3)\")  File \"\\testcase\\firstcases\\testcase1_013.py\", line 53, in getElememtBack    element = driver.find_element_by_android_uiautomator(str2)  File \"C:\\Python27\\lib\\site-packages\\appium\\webdriver\\webdriver.py\", line 327, in find_element_by_android_uiautomator    return self.find_element(by=By.ANDROID_UIAUTOMATOR, value=uia_string)  File \"C:\\Python27\\lib\\site-packages\\appium\\webdriver\\webdriver.py\", line 219, in find_element    'value': value})['value']  File \"C:\\Python27\\lib\\site-packages\\selenium\\webdriver\\remote\\webdriver.py\", line 321, in execute    self.error_handler.check_response(response)  File \"C:\\Python27\\lib\\site-packages\\appium\\webdriver\\errorhandler.py\", line 29, in check_response    raise wdeNoSuchElementException: Message: An element could not be located on the page using the given search parameters."},{"firstjacocotime":5.005,"tagname":"1_014","firstexecutionsuccess":false,"firsttestcasepath":"\\testcase\\firstcases\\testcase1_014.py","firstconsumedtime":22.382,"firstlocpath":null,"firstcoveragepath":"\\coverage\\pwpreferencecoverage\\coverage9_1_014_pw.ec","firsterrorlog":"FAILstr(e):\t\tMessage: An element could not be located on the page using the given search parameters.repr(e):\tNoSuchElementException()Traceback (most recent call last):  File \"\\testcase\\firstcases\\testcase1_014.py\", line 76, in <module>    element = getElememtBack(driver, \"new UiSelector().text(\\\"Home Dock\\\")\", \"new UiSelector().className(\\\"android.widget.TextView\\\").instance(2)\")  File \"\\testcase\\firstcases\\testcase1_014.py\", line 53, in getElememtBack    element = driver.find_element_by_android_uiautomator(str2)  File \"C:\\Python27\\lib\\site-packages\\appium\\webdriver\\webdriver.py\", line 327, in find_element_by_android_uiautomator    return self.find_element(by=By.ANDROID_UIAUTOMATOR, value=uia_string)  File \"C:\\Python27\\lib\\site-packages\\appium\\webdriver\\webdriver.py\", line 219, in find_element    'value': value})['value']  File \"C:\\Python27\\lib\\site-packages\\selenium\\webdriver\\remote\\webdriver.py\", line 321, in execute    self.error_handler.check_response(response)  File \"C:\\Python27\\lib\\site-packages\\appium\\webdriver\\errorhandler.py\", line 29, in check_response    raise wdeNoSuchElementException: Message: An element could not be located on the page using the given search parameters."},{"firstjacocotime":5.004,"tagname":"1_011","firstexecutionsuccess":false,"firsttestcasepath":"\\testcase\\firstcases\\testcase1_011.py","firstconsumedtime":22.065,"firstlocpath":null,"firstcoveragepath":"\\coverage\\pwpreferencecoverage\\coverage9_1_011_pw.ec","firsterrorlog":"FAILstr(e):\t\tMessage: An element could not be located on the page using the given search parameters.repr(e):\tNoSuchElementException()Traceback (most recent call last):  File \"\\testcase\\firstcases\\testcase1_011.py\", line 77, in <module>    element = getElememt(driver, \"new UiSelector().resourceId(\\\"a2dp.Vol:id\/editApp\\\").className(\\\"android.widget.EditText\\\")\")  File \"\\testcase\\firstcases\\testcase1_011.py\", line 34, in getElememt    element = driver.find_element_by_android_uiautomator(str)  File \"C:\\Python27\\lib\\site-packages\\appium\\webdriver\\webdriver.py\", line 327, in find_element_by_android_uiautomator    return self.find_element(by=By.ANDROID_UIAUTOMATOR, value=uia_string)  File \"C:\\Python27\\lib\\site-packages\\appium\\webdriver\\webdriver.py\", line 219, in find_element    'value': value})['value']  File \"C:\\Python27\\lib\\site-packages\\selenium\\webdriver\\remote\\webdriver.py\", line 321, in execute    self.error_handler.check_response(response)  File \"C:\\Python27\\lib\\site-packages\\appium\\webdriver\\errorhandler.py\", line 29, in check_response    raise wdeNoSuchElementException: Message: An element could not be located on the page using the given search parameters."},{"firstjacocotime":5.005,"tagname":"3_024","firstexecutionsuccess":false,"firsttestcasepath":"\\testcase\\firstcases\\testcase3_024.py","firstconsumedtime":26.376999,"firstlocpath":null,"firstcoveragepath":"\\coverage\\pwpreferencecoverage\\coverage9_3_024_pw.ec","firsterrorlog":"FAILstr(e):\t\tMessage: An element could not be located on the page using the given search parameters.repr(e):\tNoSuchElementException()Traceback (most recent call last):  File \"\\testcase\\firstcases\\testcase3_024.py\", line 78, in <module>    element = getElememtBack(driver, \"new UiSelector().text(\\\"Stop app on disconnect?\\\")\", \"new UiSelector().resourceId(\\\"a2dp.Vol:id\/appKillCheckbox\\\").className(\\\"android.widget.CheckBox\\\")\")  File \"\\testcase\\firstcases\\testcase3_024.py\", line 53, in getElememtBack    element = driver.find_element_by_android_uiautomator(str2)  File \"C:\\Python27\\lib\\site-packages\\appium\\webdriver\\webdriver.py\", line 327, in find_element_by_android_uiautomator    return self.find_element(by=By.ANDROID_UIAUTOMATOR, value=uia_string)  File \"C:\\Python27\\lib\\site-packages\\appium\\webdriver\\webdriver.py\", line 219, in find_element    'value': value})['value']  File \"C:\\Python27\\lib\\site-packages\\selenium\\webdriver\\remote\\webdriver.py\", line 321, in execute    self.error_handler.check_response(response)  File \"C:\\Python27\\lib\\site-packages\\appium\\webdriver\\errorhandler.py\", line 29, in check_response    raise wdeNoSuchElementException: Message: An element could not be located on the page using the given search parameters."},{"firstjacocotime":5.0039997,"tagname":"1_012","firstexecutionsuccess":false,"firsttestcasepath":"\\testcase\\firstcases\\testcase1_012.py","firstconsumedtime":31.21,"firstlocpath":null,"firstcoveragepath":"\\coverage\\pwpreferencecoverage\\coverage9_1_012_pw.ec","firsterrorlog":"FAILstr(e):\t\tMessage: An element could not be located on the page using the given search parameters.repr(e):\tNoSuchElementException()Traceback (most recent call last):  File \"\\testcase\\firstcases\\testcase1_012.py\", line 84, in <module>    element = getElememt(driver, \"new UiSelector().resourceId(\\\"a2dp.Vol:id\/iconradio2\\\").className(\\\"android.widget.RadioButton\\\")\")  File \"\\testcase\\firstcases\\testcase1_012.py\", line 34, in getElememt    element = driver.find_element_by_android_uiautomator(str)  File \"C:\\Python27\\lib\\site-packages\\appium\\webdriver\\webdriver.py\", line 327, in find_element_by_android_uiautomator    return self.find_element(by=By.ANDROID_UIAUTOMATOR, value=uia_string)  File \"C:\\Python27\\lib\\site-packages\\appium\\webdriver\\webdriver.py\", line 219, in find_element    'value': value})['value']  File \"C:\\Python27\\lib\\site-packages\\selenium\\webdriver\\remote\\webdriver.py\", line 321, in execute    self.error_handler.check_response(response)  File \"C:\\Python27\\lib\\site-packages\\appium\\webdriver\\errorhandler.py\", line 29, in check_response    raise wdeNoSuchElementException: Message: An element could not be located on the page using the given search parameters."},{"firstjacocotime":5.0039997,"tagname":"3_025","firstexecutionsuccess":false,"firsttestcasepath":"\\testcase\\firstcases\\testcase3_025.py","firstconsumedtime":86.428,"firstlocpath":null,"firstcoveragepath":"\\coverage\\pwpreferencecoverage\\coverage9_3_025_pw.ec","firsterrorlog":"FAILstr(e):\t\tMessage: An element could not be located on the page using the given search parameters.repr(e):\tNoSuchElementException()Traceback (most recent call last):  File \"\\testcase\\firstcases\\testcase3_025.py\", line 94, in <module>    element = getElememtBack(driver, \"new UiSelector().text(\\\"Edit\\\")\", \"new UiSelector().className(\\\"android.widget.Button\\\").instance(1)\")  File \"\\testcase\\firstcases\\testcase3_025.py\", line 53, in getElememtBack    element = driver.find_element_by_android_uiautomator(str2)  File \"C:\\Python27\\lib\\site-packages\\appium\\webdriver\\webdriver.py\", line 327, in find_element_by_android_uiautomator    return self.find_element(by=By.ANDROID_UIAUTOMATOR, value=uia_string)  File \"C:\\Python27\\lib\\site-packages\\appium\\webdriver\\webdriver.py\", line 219, in find_element    'value': value})['value']  File \"C:\\Python27\\lib\\site-packages\\selenium\\webdriver\\remote\\webdriver.py\", line 321, in execute    self.error_handler.check_response(response)  File \"C:\\Python27\\lib\\site-packages\\appium\\webdriver\\errorhandler.py\", line 29, in check_response    raise wdeNoSuchElementException: Message: An element could not be located on the page using the given search parameters."},{"firstjacocotime":5.0039997,"tagname":"3_022","firstexecutionsuccess":false,"firsttestcasepath":"\\testcase\\firstcases\\testcase3_022.py","firstconsumedtime":36.907,"firstlocpath":null,"firstcoveragepath":"\\coverage\\pwpreferencecoverage\\coverage9_3_022_pw.ec","firsterrorlog":"FAILstr(e):\t\tMessage: An element could not be located on the page using the given search parameters.repr(e):\tNoSuchElementException()Traceback (most recent call last):  File \"\\testcase\\firstcases\\testcase3_022.py\", line 92, in <module>    element = getElememtBack(driver, \"new UiSelector().text(\\\"Car Dock\\\")\", \"new UiSelector().className(\\\"android.widget.TextView\\\").instance(2)\")  File \"\\testcase\\firstcases\\testcase3_022.py\", line 53, in getElememtBack    element = driver.find_element_by_android_uiautomator(str2)  File \"C:\\Python27\\lib\\site-packages\\appium\\webdriver\\webdriver.py\", line 327, in find_element_by_android_uiautomator    return self.find_element(by=By.ANDROID_UIAUTOMATOR, value=uia_string)  File \"C:\\Python27\\lib\\site-packages\\appium\\webdriver\\webdriver.py\", line 219, in find_element    'value': value})['value']  File \"C:\\Python27\\lib\\site-packages\\selenium\\webdriver\\remote\\webdriver.py\", line 321, in execute    self.error_handler.check_response(response)  File \"C:\\Python27\\lib\\site-packages\\appium\\webdriver\\errorhandler.py\", line 29, in check_response    raise wdeNoSuchElementException: Message: An element could not be located on the page using the given search parameters."},{"firstjacocotime":5.0049996,"tagname":"1_010","firstexecutionsuccess":false,"firsttestcasepath":"\\testcase\\firstcases\\testcase1_010.py","firstconsumedtime":27.988,"firstlocpath":null,"firstcoveragepath":"\\coverage\\pwpreferencecoverage\\coverage9_1_010_pw.ec","firsterrorlog":"FAILstr(e):\t\tMessage: An element could not be located on the page using the given search parameters.repr(e):\tNoSuchElementException()Traceback (most recent call last):  File \"\\testcase\\firstcases\\testcase1_010.py\", line 79, in <module>    element = getElememtBack(driver, \"new UiSelector().text(\\\"Edit\\\")\", \"new UiSelector().className(\\\"android.widget.Button\\\").instance(1)\")  File \"\\testcase\\firstcases\\testcase1_010.py\", line 53, in getElememtBack    element = driver.find_element_by_android_uiautomator(str2)  File \"C:\\Python27\\lib\\site-packages\\appium\\webdriver\\webdriver.py\", line 327, in find_element_by_android_uiautomator    return self.find_element(by=By.ANDROID_UIAUTOMATOR, value=uia_string)  File \"C:\\Python27\\lib\\site-packages\\appium\\webdriver\\webdriver.py\", line 219, in find_element    'value': value})['value']  File \"C:\\Python27\\lib\\site-packages\\selenium\\webdriver\\remote\\webdriver.py\", line 321, in execute    self.error_handler.check_response(response)  File \"C:\\Python27\\lib\\site-packages\\appium\\webdriver\\errorhandler.py\", line 29, in check_response    raise wdeNoSuchElementException: Message: An element could not be located on the page using the given search parameters."},{"firstjacocotime":5.0049996,"tagname":"3_023","firstexecutionsuccess":false,"firsttestcasepath":"\\testcase\\firstcases\\testcase3_023.py","firstconsumedtime":23.826,"firstlocpath":null,"firstcoveragepath":"\\coverage\\pwpreferencecoverage\\coverage9_3_023_pw.ec","firsterrorlog":"FAILstr(e):\t\tMessage: An element could not be located on the page using the given search parameters.repr(e):\tNoSuchElementException()Traceback (most recent call last):  File \"\\testcase\\firstcases\\testcase3_023.py\", line 76, in <module>    element = getElememtBack(driver, \"new UiSelector().text(\\\"Enable Reading Text Messages?\\\")\", \"new UiSelector().resourceId(\\\"a2dp.Vol:id\/enableTTSBox\\\").className(\\\"android.widget.CheckBox\\\")\")  File \"\\testcase\\firstcases\\testcase3_023.py\", line 53, in getElememtBack    element = driver.find_element_by_android_uiautomator(str2)  File \"C:\\Python27\\lib\\site-packages\\appium\\webdriver\\webdriver.py\", line 327, in find_element_by_android_uiautomator    return self.find_element(by=By.ANDROID_UIAUTOMATOR, value=uia_string)  File \"C:\\Python27\\lib\\site-packages\\appium\\webdriver\\webdriver.py\", line 219, in find_element    'value': value})['value']  File \"C:\\Python27\\lib\\site-packages\\selenium\\webdriver\\remote\\webdriver.py\", line 321, in execute    self.error_handler.check_response(response)  File \"C:\\Python27\\lib\\site-packages\\appium\\webdriver\\errorhandler.py\", line 29, in check_response    raise wdeNoSuchElementException: Message: An element could not be located on the page using the given search parameters."},{"firstjacocotime":5.005,"tagname":"4_003","firstexecutionsuccess":false,"firsttestcasepath":"\\testcase\\firstcases\\testcase4_003.py","firstconsumedtime":21.562,"firstlocpath":null,"firstcoveragepath":"\\coverage\\pwpreferencecoverage\\coverage9_4_003_pw.ec","firsterrorlog":"FAILstr(e):\t\tMessage: An element could not be located on the page using the given search parameters.repr(e):\tNoSuchElementException()Traceback (most recent call last):  File \"\\testcase\\firstcases\\testcase4_003.py\", line 84, in <module>    element = getElememt(driver, \"new UiSelector().resourceId(\\\"a2dp.Vol:id\/editApp\\\").className(\\\"android.widget.EditText\\\")\")  File \"\\testcase\\firstcases\\testcase4_003.py\", line 34, in getElememt    element = driver.find_element_by_android_uiautomator(str)  File \"C:\\Python27\\lib\\site-packages\\appium\\webdriver\\webdriver.py\", line 327, in find_element_by_android_uiautomator    return self.find_element(by=By.ANDROID_UIAUTOMATOR, value=uia_string)  File \"C:\\Python27\\lib\\site-packages\\appium\\webdriver\\webdriver.py\", line 219, in find_element    'value': value})['value']  File \"C:\\Python27\\lib\\site-packages\\selenium\\webdriver\\remote\\webdriver.py\", line 321, in execute    self.error_handler.check_response(response)  File \"C:\\Python27\\lib\\site-packages\\appium\\webdriver\\errorhandler.py\", line 29, in check_response    raise wdeNoSuchElementException: Message: An element could not be located on the page using the given search parameters."},{"firstjacocotime":5.005,"tagname":"4_004","firstexecutionsuccess":false,"firsttestcasepath":"\\testcase\\firstcases\\testcase4_004.py","firstconsumedtime":80.136,"firstlocpath":null,"firstcoveragepath":"\\coverage\\pwpreferencecoverage\\coverage9_4_004_pw.ec","firsterrorlog":"FAILstr(e):\t\tMessage: An element could not be located on the page using the given search parameters.repr(e):\tNoSuchElementException()Traceback (most recent call last):  File \"\\testcase\\firstcases\\testcase4_004.py\", line 110, in <module>    element = getElememtBack(driver, \"new UiSelector().text(\\\"com.android.development\\\")\", \"new UiSelector().className(\\\"android.widget.TextView\\\").instance(9)\")  File \"\\testcase\\firstcases\\testcase4_004.py\", line 53, in getElememtBack    element = driver.find_element_by_android_uiautomator(str2)  File \"C:\\Python27\\lib\\site-packages\\appium\\webdriver\\webdriver.py\", line 327, in find_element_by_android_uiautomator    return self.find_element(by=By.ANDROID_UIAUTOMATOR, value=uia_string)  File \"C:\\Python27\\lib\\site-packages\\appium\\webdriver\\webdriver.py\", line 219, in find_element    'value': value})['value']  File \"C:\\Python27\\lib\\site-packages\\selenium\\webdriver\\remote\\webdriver.py\", line 321, in execute    self.error_handler.check_response(response)  File \"C:\\Python27\\lib\\site-packages\\appium\\webdriver\\errorhandler.py\", line 29, in check_response    raise wdeNoSuchElementException: Message: An element could not be located on the page using the given search parameters."},{"firstjacocotime":5.0039997,"tagname":"4_005","firstexecutionsuccess":false,"firsttestcasepath":"\\testcase\\firstcases\\testcase4_005.py","firstconsumedtime":83.039,"firstlocpath":null,"firstcoveragepath":"\\coverage\\pwpreferencecoverage\\coverage9_4_005_pw.ec","firsterrorlog":"FAILstr(e):\t\tMessage: An element could not be located on the page using the given search parameters.repr(e):\tNoSuchElementException()Traceback (most recent call last):  File \"\\testcase\\firstcases\\testcase4_005.py\", line 94, in <module>    element = getElememtBack(driver, \"new UiSelector().text(\\\"Edit\\\")\", \"new UiSelector().className(\\\"android.widget.Button\\\").instance(1)\")  File \"\\testcase\\firstcases\\testcase4_005.py\", line 53, in getElememtBack    element = driver.find_element_by_android_uiautomator(str2)  File \"C:\\Python27\\lib\\site-packages\\appium\\webdriver\\webdriver.py\", line 327, in find_element_by_android_uiautomator    return self.find_element(by=By.ANDROID_UIAUTOMATOR, value=uia_string)  File \"C:\\Python27\\lib\\site-packages\\appium\\webdriver\\webdriver.py\", line 219, in find_element    'value': value})['value']  File \"C:\\Python27\\lib\\site-packages\\selenium\\webdriver\\remote\\webdriver.py\", line 321, in execute    self.error_handler.check_response(response)  File \"C:\\Python27\\lib\\site-packages\\appium\\webdriver\\errorhandler.py\", line 29, in check_response    raise wdeNoSuchElementException: Message: An element could not be located on the page using the given search parameters."},{"firstjacocotime":5.004,"tagname":"4_006","firstexecutionsuccess":false,"firsttestcasepath":"\\testcase\\firstcases\\testcase4_006.py","firstconsumedtime":23.094,"firstlocpath":null,"firstcoveragepath":"\\coverage\\pwpreferencecoverage\\coverage9_4_006_pw.ec","firsterrorlog":"FAILstr(e):\t\tMessage: An element could not be located on the page using the given search parameters.repr(e):\tNoSuchElementException()Traceback (most recent call last):  File \"\\testcase\\firstcases\\testcase4_006.py\", line 80, in <module>    element = getElememt(driver, \"new UiSelector().resourceId(\\\"a2dp.Vol:id\/editApp\\\").className(\\\"android.widget.EditText\\\")\")  File \"\\testcase\\firstcases\\testcase4_006.py\", line 34, in getElememt    element = driver.find_element_by_android_uiautomator(str)  File \"C:\\Python27\\lib\\site-packages\\appium\\webdriver\\webdriver.py\", line 327, in find_element_by_android_uiautomator    return self.find_element(by=By.ANDROID_UIAUTOMATOR, value=uia_string)  File \"C:\\Python27\\lib\\site-packages\\appium\\webdriver\\webdriver.py\", line 219, in find_element    'value': value})['value']  File \"C:\\Python27\\lib\\site-packages\\selenium\\webdriver\\remote\\webdriver.py\", line 321, in execute    self.error_handler.check_response(response)  File \"C:\\Python27\\lib\\site-packages\\appium\\webdriver\\errorhandler.py\", line 29, in check_response    raise wdeNoSuchElementException: Message: An element could not be located on the page using the given search parameters."},{"firstjacocotime":5.006,"tagname":"4_007","firstexecutionsuccess":true,"firsttestcasepath":"\\testcase\\firstcases\\testcase4_007.py","firstconsumedtime":10.254,"firstlocpath":null,"firstcoveragepath":"\\coverage\\pwpreferencecoverage\\coverage9_4_007_pw.ec","firsterrorlog":null},{"firstjacocotime":5.0059996,"tagname":"4_008","firstexecutionsuccess":true,"firsttestcasepath":"\\testcase\\firstcases\\testcase4_008.py","firstconsumedtime":10.935,"firstlocpath":null,"firstcoveragepath":"\\coverage\\pwpreferencecoverage\\coverage9_4_008_pw.ec","firsterrorlog":null},{"firstjacocotime":5.005,"tagname":"4_009","firstexecutionsuccess":false,"firsttestcasepath":"\\testcase\\firstcases\\testcase4_009.py","firstconsumedtime":20.107,"firstlocpath":null,"firstcoveragepath":"\\coverage\\pwpreferencecoverage\\coverage9_4_009_pw.ec","firsterrorlog":"FAILstr(e):\t\tMessage: An element could not be located on the page using the given search parameters.repr(e):\tNoSuchElementException()Traceback (most recent call last):  File \"\\testcase\\firstcases\\testcase4_009.py\", line 78, in <module>    element = getElememt(driver, \"new UiSelector().resourceId(\\\"a2dp.Vol:id\/editApp\\\").className(\\\"android.widget.EditText\\\")\")  File \"\\testcase\\firstcases\\testcase4_009.py\", line 34, in getElememt    element = driver.find_element_by_android_uiautomator(str)  File \"C:\\Python27\\lib\\site-packages\\appium\\webdriver\\webdriver.py\", line 327, in find_element_by_android_uiautomator    return self.find_element(by=By.ANDROID_UIAUTOMATOR, value=uia_string)  File \"C:\\Python27\\lib\\site-packages\\appium\\webdriver\\webdriver.py\", line 219, in find_element    'value': value})['value']  File \"C:\\Python27\\lib\\site-packages\\selenium\\webdriver\\remote\\webdriver.py\", line 321, in execute    self.error_handler.check_response(response)  File \"C:\\Python27\\lib\\site-packages\\appium\\webdriver\\errorhandler.py\", line 29, in check_response    raise wdeNoSuchElementException: Message: An element could not be located on the page using the given search parameters."},{"firstjacocotime":5.0039997,"tagname":"4_000","firstexecutionsuccess":false,"firsttestcasepath":"\\testcase\\firstcases\\testcase4_000.py","firstconsumedtime":45.266,"firstlocpath":null,"firstcoveragepath":"\\coverage\\pwpreferencecoverage\\coverage9_4_000_pw.ec","firsterrorlog":"FAILstr(e):\t\tMessage: An element could not be located on the page using the given search parameters.repr(e):\tNoSuchElementException()Traceback (most recent call last):  File \"\\testcase\\firstcases\\testcase4_000.py\", line 101, in <module>    element = getElememtBack(driver, \"new UiSelector().text(\\\"testr Connection\\\")\", \"new UiSelector().className(\\\"android.widget.TextView\\\").instance(3)\")  File \"\\testcase\\firstcases\\testcase4_000.py\", line 53, in getElememtBack    element = driver.find_element_by_android_uiautomator(str2)  File \"C:\\Python27\\lib\\site-packages\\appium\\webdriver\\webdriver.py\", line 327, in find_element_by_android_uiautomator    return self.find_element(by=By.ANDROID_UIAUTOMATOR, value=uia_string)  File \"C:\\Python27\\lib\\site-packages\\appium\\webdriver\\webdriver.py\", line 219, in find_element    'value': value})['value']  File \"C:\\Python27\\lib\\site-packages\\selenium\\webdriver\\remote\\webdriver.py\", line 321, in execute    self.error_handler.check_response(response)  File \"C:\\Python27\\lib\\site-packages\\appium\\webdriver\\errorhandler.py\", line 29, in check_response    raise wdeNoSuchElementException: Message: An element could not be located on the page using the given search parameters."},{"firstjacocotime":5.003,"tagname":"4_001","firstexecutionsuccess":false,"firsttestcasepath":"\\testcase\\firstcases\\testcase4_001.py","firstconsumedtime":24.964,"firstlocpath":null,"firstcoveragepath":"\\coverage\\pwpreferencecoverage\\coverage9_4_001_pw.ec","firsterrorlog":"FAILstr(e):\t\tMessage: An element could not be located on the page using the given search parameters.repr(e):\tNoSuchElementException()Traceback (most recent call last):  File \"\\testcase\\firstcases\\testcase4_001.py\", line 81, in <module>    element = getElememtBack(driver, \"new UiSelector().text(\\\"Power Connection\\\")\", \"new UiSelector().className(\\\"android.widget.TextView\\\").instance(3)\")  File \"\\testcase\\firstcases\\testcase4_001.py\", line 53, in getElememtBack    element = driver.find_element_by_android_uiautomator(str2)  File \"C:\\Python27\\lib\\site-packages\\appium\\webdriver\\webdriver.py\", line 327, in find_element_by_android_uiautomator    return self.find_element(by=By.ANDROID_UIAUTOMATOR, value=uia_string)  File \"C:\\Python27\\lib\\site-packages\\appium\\webdriver\\webdriver.py\", line 219, in find_element    'value': value})['value']  File \"C:\\Python27\\lib\\site-packages\\selenium\\webdriver\\remote\\webdriver.py\", line 321, in execute    self.error_handler.check_response(response)  File \"C:\\Python27\\lib\\site-packages\\appium\\webdriver\\errorhandler.py\", line 29, in check_response    raise wdeNoSuchElementException: Message: An element could not be located on the page using the given search parameters."},{"firstjacocotime":5.006,"tagname":"4_002","firstexecutionsuccess":false,"firsttestcasepath":"\\testcase\\firstcases\\testcase4_002.py","firstconsumedtime":23.876999,"firstlocpath":null,"firstcoveragepath":"\\coverage\\pwpreferencecoverage\\coverage9_4_002_pw.ec","firsterrorlog":"FAILstr(e):\t\tMessage: An element could not be located on the page using the given search parameters.repr(e):\tNoSuchElementException()Traceback (most recent call last):  File \"\\testcase\\firstcases\\testcase4_002.py\", line 76, in <module>    element = getElememtBack(driver, \"new UiSelector().text(\\\"Ramp volume up?\\\")\", \"new UiSelector().resourceId(\\\"a2dp.Vol:id\/rampBox\\\").className(\\\"android.widget.CheckBox\\\")\")  File \"\\testcase\\firstcases\\testcase4_002.py\", line 53, in getElememtBack    element = driver.find_element_by_android_uiautomator(str2)  File \"C:\\Python27\\lib\\site-packages\\appium\\webdriver\\webdriver.py\", line 327, in find_element_by_android_uiautomator    return self.find_element(by=By.ANDROID_UIAUTOMATOR, value=uia_string)  File \"C:\\Python27\\lib\\site-packages\\appium\\webdriver\\webdriver.py\", line 219, in find_element    'value': value})['value']  File \"C:\\Python27\\lib\\site-packages\\selenium\\webdriver\\remote\\webdriver.py\", line 321, in execute    self.error_handler.check_response(response)  File \"C:\\Python27\\lib\\site-packages\\appium\\webdriver\\errorhandler.py\", line 29, in check_response    raise wdeNoSuchElementException: Message: An element could not be located on the page using the given search parameters."},{"firstjacocotime":5.006,"tagname":"3_017","firstexecutionsuccess":true,"firsttestcasepath":"\\testcase\\firstcases\\testcase3_017.py","firstconsumedtime":6.2279997,"firstlocpath":null,"firstcoveragepath":"\\coverage\\pwpreferencecoverage\\coverage9_3_017_pw.ec","firsterrorlog":null},{"firstjacocotime":5.005,"tagname":"3_018","firstexecutionsuccess":true,"firsttestcasepath":"\\testcase\\firstcases\\testcase3_018.py","firstconsumedtime":10.457,"firstlocpath":null,"firstcoveragepath":"\\coverage\\pwpreferencecoverage\\coverage9_3_018_pw.ec","firsterrorlog":null},{"firstjacocotime":5.005,"tagname":"3_015","firstexecutionsuccess":false,"firsttestcasepath":"\\testcase\\firstcases\\testcase3_015.py","firstconsumedtime":21.345,"firstlocpath":null,"firstcoveragepath":"\\coverage\\pwpreferencecoverage\\coverage9_3_015_pw.ec","firsterrorlog":"FAILstr(e):\t\tMessage: An element could not be located on the page using the given search parameters.repr(e):\tNoSuchElementException()Traceback (most recent call last):  File \"\\testcase\\firstcases\\testcase3_015.py\", line 79, in <module>    element = getElememtBack(driver, \"new UiSelector().text(\\\"testr Connection\\\")\", \"new UiSelector().className(\\\"android.widget.TextView\\\").instance(3)\")  File \"\\testcase\\firstcases\\testcase3_015.py\", line 53, in getElememtBack    element = driver.find_element_by_android_uiautomator(str2)  File \"C:\\Python27\\lib\\site-packages\\appium\\webdriver\\webdriver.py\", line 327, in find_element_by_android_uiautomator    return self.find_element(by=By.ANDROID_UIAUTOMATOR, value=uia_string)  File \"C:\\Python27\\lib\\site-packages\\appium\\webdriver\\webdriver.py\", line 219, in find_element    'value': value})['value']  File \"C:\\Python27\\lib\\site-packages\\selenium\\webdriver\\remote\\webdriver.py\", line 321, in execute    self.error_handler.check_response(response)  File \"C:\\Python27\\lib\\site-packages\\appium\\webdriver\\errorhandler.py\", line 29, in check_response    raise wdeNoSuchElementException: Message: An element could not be located on the page using the given search parameters."},{"firstjacocotime":5.0039997,"tagname":"3_016","firstexecutionsuccess":false,"firsttestcasepath":"\\testcase\\firstcases\\testcase3_016.py","firstconsumedtime":27.915,"firstlocpath":null,"firstcoveragepath":"\\coverage\\pwpreferencecoverage\\coverage9_3_016_pw.ec","firsterrorlog":"FAILstr(e):\t\tMessage: An element could not be located on the page using the given search parameters.repr(e):\tNoSuchElementException()Traceback (most recent call last):  File \"\\testcase\\firstcases\\testcase3_016.py\", line 82, in <module>    element = getElememt(driver, \"new UiSelector().resourceId(\\\"a2dp.Vol:id\/editApp\\\").className(\\\"android.widget.EditText\\\")\")  File \"\\testcase\\firstcases\\testcase3_016.py\", line 34, in getElememt    element = driver.find_element_by_android_uiautomator(str)  File \"C:\\Python27\\lib\\site-packages\\appium\\webdriver\\webdriver.py\", line 327, in find_element_by_android_uiautomator    return self.find_element(by=By.ANDROID_UIAUTOMATOR, value=uia_string)  File \"C:\\Python27\\lib\\site-packages\\appium\\webdriver\\webdriver.py\", line 219, in find_element    'value': value})['value']  File \"C:\\Python27\\lib\\site-packages\\selenium\\webdriver\\remote\\webdriver.py\", line 321, in execute    self.error_handler.check_response(response)  File \"C:\\Python27\\lib\\site-packages\\appium\\webdriver\\errorhandler.py\", line 29, in check_response    raise wdeNoSuchElementException: Message: An element could not be located on the page using the given search parameters."},{"firstjacocotime":5.005,"tagname":"1_028","firstexecutionsuccess":false,"firsttestcasepath":"\\testcase\\firstcases\\testcase1_028.py","firstconsumedtime":23.134,"firstlocpath":null,"firstcoveragepath":"\\coverage\\pwpreferencecoverage\\coverage9_1_028_pw.ec","firsterrorlog":"FAILstr(e):\t\tMessage: An element could not be located on the page using the given search parameters.repr(e):\tNoSuchElementException()Traceback (most recent call last):  File \"\\testcase\\firstcases\\testcase1_028.py\", line 78, in <module>    element = getElememt(driver, \"new UiSelector().resourceId(\\\"a2dp.Vol:id\/editApp\\\").className(\\\"android.widget.EditText\\\")\")  File \"\\testcase\\firstcases\\testcase1_028.py\", line 34, in getElememt    element = driver.find_element_by_android_uiautomator(str)  File \"C:\\Python27\\lib\\site-packages\\appium\\webdriver\\webdriver.py\", line 327, in find_element_by_android_uiautomator    return self.find_element(by=By.ANDROID_UIAUTOMATOR, value=uia_string)  File \"C:\\Python27\\lib\\site-packages\\appium\\webdriver\\webdriver.py\", line 219, in find_element    'value': value})['value']  File \"C:\\Python27\\lib\\site-packages\\selenium\\webdriver\\remote\\webdriver.py\", line 321, in execute    self.error_handler.check_response(response)  File \"C:\\Python27\\lib\\site-packages\\appium\\webdriver\\errorhandler.py\", line 29, in check_response    raise wdeNoSuchElementException: Message: An element could not be located on the page using the given search parameters."},{"firstjacocotime":5.0039997,"tagname":"3_019","firstexecutionsuccess":false,"firsttestcasepath":"\\testcase\\firstcases\\testcase3_019.py","firstconsumedtime":19.137,"firstlocpath":null,"firstcoveragepath":"\\coverage\\pwpreferencecoverage\\coverage9_3_019_pw.ec","firsterrorlog":"FAILstr(e):\t\tMessage: An element could not be located on the page using the given search parameters.repr(e):\tNoSuchElementException()Traceback (most recent call last):  File \"\\testcase\\firstcases\\testcase3_019.py\", line 76, in <module>    element = getElememtBack(driver, \"new UiSelector().text(\\\"Home Dock\\\")\", \"new UiSelector().className(\\\"android.widget.TextView\\\").instance(2)\")  File \"\\testcase\\firstcases\\testcase3_019.py\", line 53, in getElememtBack    element = driver.find_element_by_android_uiautomator(str2)  File \"C:\\Python27\\lib\\site-packages\\appium\\webdriver\\webdriver.py\", line 327, in find_element_by_android_uiautomator    return self.find_element(by=By.ANDROID_UIAUTOMATOR, value=uia_string)  File \"C:\\Python27\\lib\\site-packages\\appium\\webdriver\\webdriver.py\", line 219, in find_element    'value': value})['value']  File \"C:\\Python27\\lib\\site-packages\\selenium\\webdriver\\remote\\webdriver.py\", line 321, in execute    self.error_handler.check_response(response)  File \"C:\\Python27\\lib\\site-packages\\appium\\webdriver\\errorhandler.py\", line 29, in check_response    raise wdeNoSuchElementException: Message: An element could not be located on the page using the given search parameters."},{"firstjacocotime":5.004,"tagname":"1_029","firstexecutionsuccess":false,"firsttestcasepath":"\\testcase\\firstcases\\testcase1_029.py","firstconsumedtime":18.141,"firstlocpath":null,"firstcoveragepath":"\\coverage\\pwpreferencecoverage\\coverage9_1_029_pw.ec","firsterrorlog":"FAILstr(e):\t\tMessage: An element could not be located on the page using the given search parameters.repr(e):\tNoSuchElementException()Traceback (most recent call last):  File \"\\testcase\\firstcases\\testcase1_029.py\", line 76, in <module>    element = getElememt(driver, \"new UiSelector().resourceId(\\\"a2dp.Vol:id\/editApp\\\").className(\\\"android.widget.EditText\\\")\")  File \"\\testcase\\firstcases\\testcase1_029.py\", line 34, in getElememt    element = driver.find_element_by_android_uiautomator(str)  File \"C:\\Python27\\lib\\site-packages\\appium\\webdriver\\webdriver.py\", line 327, in find_element_by_android_uiautomator    return self.find_element(by=By.ANDROID_UIAUTOMATOR, value=uia_string)  File \"C:\\Python27\\lib\\site-packages\\appium\\webdriver\\webdriver.py\", line 219, in find_element    'value': value})['value']  File \"C:\\Python27\\lib\\site-packages\\selenium\\webdriver\\remote\\webdriver.py\", line 321, in execute    self.error_handler.check_response(response)  File \"C:\\Python27\\lib\\site-packages\\appium\\webdriver\\errorhandler.py\", line 29, in check_response    raise wdeNoSuchElementException: Message: An element could not be located on the page using the given search parameters."},{"firstjacocotime":5.004,"tagname":"1_026","firstexecutionsuccess":false,"firsttestcasepath":"\\testcase\\firstcases\\testcase1_026.py","firstconsumedtime":43.975,"firstlocpath":null,"firstcoveragepath":"\\coverage\\pwpreferencecoverage\\coverage9_1_026_pw.ec","firsterrorlog":"FAILstr(e):\t\tMessage: An element could not be located on the page using the given search parameters.repr(e):\tNoSuchElementException()Traceback (most recent call last):  File \"\\testcase\\firstcases\\testcase1_026.py\", line 92, in <module>    element = getElememtBack(driver, \"new UiSelector().text(\\\"Home Dock\\\")\", \"new UiSelector().className(\\\"android.widget.TextView\\\").instance(2)\")  File \"\\testcase\\firstcases\\testcase1_026.py\", line 53, in getElememtBack    element = driver.find_element_by_android_uiautomator(str2)  File \"C:\\Python27\\lib\\site-packages\\appium\\webdriver\\webdriver.py\", line 327, in find_element_by_android_uiautomator    return self.find_element(by=By.ANDROID_UIAUTOMATOR, value=uia_string)  File \"C:\\Python27\\lib\\site-packages\\appium\\webdriver\\webdriver.py\", line 219, in find_element    'value': value})['value']  File \"C:\\Python27\\lib\\site-packages\\selenium\\webdriver\\remote\\webdriver.py\", line 321, in execute    self.error_handler.check_response(response)  File \"C:\\Python27\\lib\\site-packages\\appium\\webdriver\\errorhandler.py\", line 29, in check_response    raise wdeNoSuchElementException: Message: An element could not be located on the page using the given search parameters."},{"firstjacocotime":5.005,"tagname":"1_027","firstexecutionsuccess":true,"firsttestcasepath":"\\testcase\\firstcases\\testcase1_027.py","firstconsumedtime":26.952,"firstlocpath":null,"firstcoveragepath":"\\coverage\\pwpreferencecoverage\\coverage9_1_027_pw.ec","firsterrorlog":null},{"firstjacocotime":5.0039997,"tagname":"3_010","firstexecutionsuccess":false,"firsttestcasepath":"\\testcase\\firstcases\\testcase3_010.py","firstconsumedtime":24.448,"firstlocpath":null,"firstcoveragepath":"\\coverage\\pwpreferencecoverage\\coverage9_3_010_pw.ec","firsterrorlog":"FAILstr(e):\t\tMessage: An element could not be located on the page using the given search parameters.repr(e):\tNoSuchElementException()Traceback (most recent call last):  File \"\\testcase\\firstcases\\testcase3_010.py\", line 79, in <module>    element = getElememtBack(driver, \"new UiSelector().text(\\\"Edit\\\")\", \"new UiSelector().className(\\\"android.widget.Button\\\").instance(1)\")  File \"\\testcase\\firstcases\\testcase3_010.py\", line 53, in getElememtBack    element = driver.find_element_by_android_uiautomator(str2)  File \"C:\\Python27\\lib\\site-packages\\appium\\webdriver\\webdriver.py\", line 327, in find_element_by_android_uiautomator    return self.find_element(by=By.ANDROID_UIAUTOMATOR, value=uia_string)  File \"C:\\Python27\\lib\\site-packages\\appium\\webdriver\\webdriver.py\", line 219, in find_element    'value': value})['value']  File \"C:\\Python27\\lib\\site-packages\\selenium\\webdriver\\remote\\webdriver.py\", line 321, in execute    self.error_handler.check_response(response)  File \"C:\\Python27\\lib\\site-packages\\appium\\webdriver\\errorhandler.py\", line 29, in check_response    raise wdeNoSuchElementException: Message: An element could not be located on the page using the given search parameters."},{"firstjacocotime":5.004,"tagname":"1_024","firstexecutionsuccess":false,"firsttestcasepath":"\\testcase\\firstcases\\testcase1_024.py","firstconsumedtime":25.541,"firstlocpath":null,"firstcoveragepath":"\\coverage\\pwpreferencecoverage\\coverage9_1_024_pw.ec","firsterrorlog":"FAILstr(e):\t\tMessage: An element could not be located on the page using the given search parameters.repr(e):\tNoSuchElementException()Traceback (most recent call last):  File \"\\testcase\\firstcases\\testcase1_024.py\", line 80, in <module>    element = getElememtBack(driver, \"new UiSelector().text(\\\"Capture location on disconnect?\\\")\", \"new UiSelector().resourceId(\\\"a2dp.Vol:id\/checkCaptLoc\\\").className(\\\"android.widget.CheckBox\\\")\")  File \"\\testcase\\firstcases\\testcase1_024.py\", line 53, in getElememtBack    element = driver.find_element_by_android_uiautomator(str2)  File \"C:\\Python27\\lib\\site-packages\\appium\\webdriver\\webdriver.py\", line 327, in find_element_by_android_uiautomator    return self.find_element(by=By.ANDROID_UIAUTOMATOR, value=uia_string)  File \"C:\\Python27\\lib\\site-packages\\appium\\webdriver\\webdriver.py\", line 219, in find_element    'value': value})['value']  File \"C:\\Python27\\lib\\site-packages\\selenium\\webdriver\\remote\\webdriver.py\", line 321, in execute    self.error_handler.check_response(response)  File \"C:\\Python27\\lib\\site-packages\\appium\\webdriver\\errorhandler.py\", line 29, in check_response    raise wdeNoSuchElementException: Message: An element could not be located on the page using the given search parameters."},{"firstjacocotime":5.0039997,"tagname":"1_025","firstexecutionsuccess":false,"firsttestcasepath":"\\testcase\\firstcases\\testcase1_025.py","firstconsumedtime":118.307,"firstlocpath":null,"firstcoveragepath":"\\coverage\\pwpreferencecoverage\\coverage9_1_025_pw.ec","firsterrorlog":"FAILstr(e):\t\tMessage: An element could not be located on the page using the given search parameters.repr(e):\tNoSuchElementException()Traceback (most recent call last):  File \"\\testcase\\firstcases\\testcase1_025.py\", line 104, in <module>    element = getElememtBack(driver, \"new UiSelector().text(\\\"Edit\\\")\", \"new UiSelector().className(\\\"android.widget.Button\\\").instance(1)\")  File \"\\testcase\\firstcases\\testcase1_025.py\", line 53, in getElememtBack    element = driver.find_element_by_android_uiautomator(str2)  File \"C:\\Python27\\lib\\site-packages\\appium\\webdriver\\webdriver.py\", line 327, in find_element_by_android_uiautomator    return self.find_element(by=By.ANDROID_UIAUTOMATOR, value=uia_string)  File \"C:\\Python27\\lib\\site-packages\\appium\\webdriver\\webdriver.py\", line 219, in find_element    'value': value})['value']  File \"C:\\Python27\\lib\\site-packages\\selenium\\webdriver\\remote\\webdriver.py\", line 321, in execute    self.error_handler.check_response(response)  File \"C:\\Python27\\lib\\site-packages\\appium\\webdriver\\errorhandler.py\", line 29, in check_response    raise wdeNoSuchElementException: Message: An element could not be located on the page using the given search parameters."},{"firstjacocotime":5.0039997,"tagname":"1_022","firstexecutionsuccess":false,"firsttestcasepath":"\\testcase\\firstcases\\testcase1_022.py","firstconsumedtime":41.007,"firstlocpath":null,"firstcoveragepath":"\\coverage\\pwpreferencecoverage\\coverage9_1_022_pw.ec","firsterrorlog":"FAILstr(e):\t\tMessage: An element could not be located on the page using the given search parameters.repr(e):\tNoSuchElementException()Traceback (most recent call last):  File \"\\testcase\\firstcases\\testcase1_022.py\", line 90, in <module>    element = getElememt(driver, \"new UiSelector().resourceId(\\\"a2dp.Vol:id\/editApp\\\").className(\\\"android.widget.EditText\\\")\")  File \"\\testcase\\firstcases\\testcase1_022.py\", line 34, in getElememt    element = driver.find_element_by_android_uiautomator(str)  File \"C:\\Python27\\lib\\site-packages\\appium\\webdriver\\webdriver.py\", line 327, in find_element_by_android_uiautomator    return self.find_element(by=By.ANDROID_UIAUTOMATOR, value=uia_string)  File \"C:\\Python27\\lib\\site-packages\\appium\\webdriver\\webdriver.py\", line 219, in find_element    'value': value})['value']  File \"C:\\Python27\\lib\\site-packages\\selenium\\webdriver\\remote\\webdriver.py\", line 321, in execute    self.error_handler.check_response(response)  File \"C:\\Python27\\lib\\site-packages\\appium\\webdriver\\errorhandler.py\", line 29, in check_response    raise wdeNoSuchElementException: Message: An element could not be located on the page using the given search parameters."},{"firstjacocotime":5.006,"tagname":"3_013","firstexecutionsuccess":false,"firsttestcasepath":"\\testcase\\firstcases\\testcase3_013.py","firstconsumedtime":23.557,"firstlocpath":null,"firstcoveragepath":"\\coverage\\pwpreferencecoverage\\coverage9_3_013_pw.ec","firsterrorlog":"FAILstr(e):\t\tMessage: An element could not be located on the page using the given search parameters.repr(e):\tNoSuchElementException()Traceback (most recent call last):  File \"\\testcase\\firstcases\\testcase3_013.py\", line 76, in <module>    element = getElememtBack(driver, \"new UiSelector().text(\\\"Set media volume on connect?\\\")\", \"new UiSelector().resourceId(\\\"a2dp.Vol:id\/checkSetVol\\\").className(\\\"android.widget.CheckBox\\\")\")  File \"\\testcase\\firstcases\\testcase3_013.py\", line 53, in getElememtBack    element = driver.find_element_by_android_uiautomator(str2)  File \"C:\\Python27\\lib\\site-packages\\appium\\webdriver\\webdriver.py\", line 327, in find_element_by_android_uiautomator    return self.find_element(by=By.ANDROID_UIAUTOMATOR, value=uia_string)  File \"C:\\Python27\\lib\\site-packages\\appium\\webdriver\\webdriver.py\", line 219, in find_element    'value': value})['value']  File \"C:\\Python27\\lib\\site-packages\\selenium\\webdriver\\remote\\webdriver.py\", line 321, in execute    self.error_handler.check_response(response)  File \"C:\\Python27\\lib\\site-packages\\appium\\webdriver\\errorhandler.py\", line 29, in check_response    raise wdeNoSuchElementException: Message: An element could not be located on the page using the given search parameters."},{"firstjacocotime":5.005,"tagname":"1_023","firstexecutionsuccess":false,"firsttestcasepath":"\\testcase\\firstcases\\testcase1_023.py","firstconsumedtime":22.813,"firstlocpath":null,"firstcoveragepath":"\\coverage\\pwpreferencecoverage\\coverage9_1_023_pw.ec","firsterrorlog":"FAILstr(e):\t\tMessage: An element could not be located on the page using the given search parameters.repr(e):\tNoSuchElementException()Traceback (most recent call last):  File \"\\testcase\\firstcases\\testcase1_023.py\", line 80, in <module>    element = getElememt(driver, \"new UiSelector().resourceId(\\\"a2dp.Vol:id\/editDesc2\\\").className(\\\"android.widget.EditText\\\")\")  File \"\\testcase\\firstcases\\testcase1_023.py\", line 34, in getElememt    element = driver.find_element_by_android_uiautomator(str)  File \"C:\\Python27\\lib\\site-packages\\appium\\webdriver\\webdriver.py\", line 327, in find_element_by_android_uiautomator    return self.find_element(by=By.ANDROID_UIAUTOMATOR, value=uia_string)  File \"C:\\Python27\\lib\\site-packages\\appium\\webdriver\\webdriver.py\", line 219, in find_element    'value': value})['value']  File \"C:\\Python27\\lib\\site-packages\\selenium\\webdriver\\remote\\webdriver.py\", line 321, in execute    self.error_handler.check_response(response)  File \"C:\\Python27\\lib\\site-packages\\appium\\webdriver\\errorhandler.py\", line 29, in check_response    raise wdeNoSuchElementException: Message: An element could not be located on the page using the given search parameters."},{"firstjacocotime":5.005,"tagname":"3_014","firstexecutionsuccess":false,"firsttestcasepath":"\\testcase\\firstcases\\testcase3_014.py","firstconsumedtime":24.126,"firstlocpath":null,"firstcoveragepath":"\\coverage\\pwpreferencecoverage\\coverage9_3_014_pw.ec","firsterrorlog":"FAILstr(e):\t\tMessage: An element could not be located on the page using the given search parameters.repr(e):\tNoSuchElementException()Traceback (most recent call last):  File \"\\testcase\\firstcases\\testcase3_014.py\", line 78, in <module>    element = getElememt(driver, \"new UiSelector().resourceId(\\\"a2dp.Vol:id\/editApp\\\").className(\\\"android.widget.EditText\\\")\")  File \"\\testcase\\firstcases\\testcase3_014.py\", line 34, in getElememt    element = driver.find_element_by_android_uiautomator(str)  File \"C:\\Python27\\lib\\site-packages\\appium\\webdriver\\webdriver.py\", line 327, in find_element_by_android_uiautomator    return self.find_element(by=By.ANDROID_UIAUTOMATOR, value=uia_string)  File \"C:\\Python27\\lib\\site-packages\\appium\\webdriver\\webdriver.py\", line 219, in find_element    'value': value})['value']  File \"C:\\Python27\\lib\\site-packages\\selenium\\webdriver\\remote\\webdriver.py\", line 321, in execute    self.error_handler.check_response(response)  File \"C:\\Python27\\lib\\site-packages\\appium\\webdriver\\errorhandler.py\", line 29, in check_response    raise wdeNoSuchElementException: Message: An element could not be located on the page using the given search parameters."},{"firstjacocotime":5.0039997,"tagname":"1_020","firstexecutionsuccess":false,"firsttestcasepath":"\\testcase\\firstcases\\testcase1_020.py","firstconsumedtime":34.636,"firstlocpath":null,"firstcoveragepath":"\\coverage\\pwpreferencecoverage\\coverage9_1_020_pw.ec","firsterrorlog":"FAILstr(e):\t\tMessage: An element could not be located on the page using the given search parameters.repr(e):\tNoSuchElementException()Traceback (most recent call last):  File \"\\testcase\\firstcases\\testcase1_020.py\", line 88, in <module>    element = getElememtBack(driver, \"new UiSelector().text(\\\"Enable Reading Text Messages?\\\")\", \"new UiSelector().resourceId(\\\"a2dp.Vol:id\/enableTTSBox\\\").className(\\\"android.widget.CheckBox\\\")\")  File \"\\testcase\\firstcases\\testcase1_020.py\", line 53, in getElememtBack    element = driver.find_element_by_android_uiautomator(str2)  File \"C:\\Python27\\lib\\site-packages\\appium\\webdriver\\webdriver.py\", line 327, in find_element_by_android_uiautomator    return self.find_element(by=By.ANDROID_UIAUTOMATOR, value=uia_string)  File \"C:\\Python27\\lib\\site-packages\\appium\\webdriver\\webdriver.py\", line 219, in find_element    'value': value})['value']  File \"C:\\Python27\\lib\\site-packages\\selenium\\webdriver\\remote\\webdriver.py\", line 321, in execute    self.error_handler.check_response(response)  File \"C:\\Python27\\lib\\site-packages\\appium\\webdriver\\errorhandler.py\", line 29, in check_response    raise wdeNoSuchElementException: Message: An element could not be located on the page using the given search parameters."},{"firstjacocotime":5.0039997,"tagname":"3_011","firstexecutionsuccess":true,"firsttestcasepath":"\\testcase\\firstcases\\testcase3_011.py","firstconsumedtime":43.575,"firstlocpath":null,"firstcoveragepath":"\\coverage\\pwpreferencecoverage\\coverage9_3_011_pw.ec","firsterrorlog":null},{"firstjacocotime":5.0039997,"tagname":"1_021","firstexecutionsuccess":false,"firsttestcasepath":"\\testcase\\firstcases\\testcase1_021.py","firstconsumedtime":20.593,"firstlocpath":null,"firstcoveragepath":"\\coverage\\pwpreferencecoverage\\coverage9_1_021_pw.ec","firsterrorlog":"FAILstr(e):\t\tMessage: An element could not be located on the page using the given search parameters.repr(e):\tNoSuchElementException()Traceback (most recent call last):  File \"\\testcase\\firstcases\\testcase1_021.py\", line 76, in <module>    element = getElememtBack(driver, \"new UiSelector().text(\\\"Home Dock\\\")\", \"new UiSelector().className(\\\"android.widget.TextView\\\").instance(2)\")  File \"\\testcase\\firstcases\\testcase1_021.py\", line 53, in getElememtBack    element = driver.find_element_by_android_uiautomator(str2)  File \"C:\\Python27\\lib\\site-packages\\appium\\webdriver\\webdriver.py\", line 327, in find_element_by_android_uiautomator    return self.find_element(by=By.ANDROID_UIAUTOMATOR, value=uia_string)  File \"C:\\Python27\\lib\\site-packages\\appium\\webdriver\\webdriver.py\", line 219, in find_element    'value': value})['value']  File \"C:\\Python27\\lib\\site-packages\\selenium\\webdriver\\remote\\webdriver.py\", line 321, in execute    self.error_handler.check_response(response)  File \"C:\\Python27\\lib\\site-packages\\appium\\webdriver\\errorhandler.py\", line 29, in check_response    raise wdeNoSuchElementException: Message: An element could not be located on the page using the given search parameters."},{"firstjacocotime":5.0049996,"tagname":"3_012","firstexecutionsuccess":false,"firsttestcasepath":"\\testcase\\firstcases\\testcase3_012.py","firstconsumedtime":32.599,"firstlocpath":null,"firstcoveragepath":"\\coverage\\pwpreferencecoverage\\coverage9_3_012_pw.ec","firsterrorlog":"FAILstr(e):\t\tMessage: An element could not be located on the page using the given search parameters.repr(e):\tNoSuchElementException()Traceback (most recent call last):  File \"\\testcase\\firstcases\\testcase3_012.py\", line 92, in <module>    element = getElememtBack(driver, \"new UiSelector().text(\\\"Home Dock\\\")\", \"new UiSelector().className(\\\"android.widget.TextView\\\").instance(2)\")  File \"\\testcase\\firstcases\\testcase3_012.py\", line 53, in getElememtBack    element = driver.find_element_by_android_uiautomator(str2)  File \"C:\\Python27\\lib\\site-packages\\appium\\webdriver\\webdriver.py\", line 327, in find_element_by_android_uiautomator    return self.find_element(by=By.ANDROID_UIAUTOMATOR, value=uia_string)  File \"C:\\Python27\\lib\\site-packages\\appium\\webdriver\\webdriver.py\", line 219, in find_element    'value': value})['value']  File \"C:\\Python27\\lib\\site-packages\\selenium\\webdriver\\remote\\webdriver.py\", line 321, in execute    self.error_handler.check_response(response)  File \"C:\\Python27\\lib\\site-packages\\appium\\webdriver\\errorhandler.py\", line 29, in check_response    raise wdeNoSuchElementException: Message: An element could not be located on the page using the given search parameters."},{"firstjacocotime":5.0049996,"tagname":"4_014","firstexecutionsuccess":false,"firsttestcasepath":"\\testcase\\firstcases\\testcase4_014.py","firstconsumedtime":23.493,"firstlocpath":null,"firstcoveragepath":"\\coverage\\pwpreferencecoverage\\coverage9_4_014_pw.ec","firsterrorlog":"FAILstr(e):\t\tMessage: An element could not be located on the page using the given search parameters.repr(e):\tNoSuchElementException()Traceback (most recent call last):  File \"\\testcase\\firstcases\\testcase4_014.py\", line 80, in <module>    element = getElememt(driver, \"new UiSelector().resourceId(\\\"a2dp.Vol:id\/editApp\\\").className(\\\"android.widget.EditText\\\")\")  File \"\\testcase\\firstcases\\testcase4_014.py\", line 34, in getElememt    element = driver.find_element_by_android_uiautomator(str)  File \"C:\\Python27\\lib\\site-packages\\appium\\webdriver\\webdriver.py\", line 327, in find_element_by_android_uiautomator    return self.find_element(by=By.ANDROID_UIAUTOMATOR, value=uia_string)  File \"C:\\Python27\\lib\\site-packages\\appium\\webdriver\\webdriver.py\", line 219, in find_element    'value': value})['value']  File \"C:\\Python27\\lib\\site-packages\\selenium\\webdriver\\remote\\webdriver.py\", line 321, in execute    self.error_handler.check_response(response)  File \"C:\\Python27\\lib\\site-packages\\appium\\webdriver\\errorhandler.py\", line 29, in check_response    raise wdeNoSuchElementException: Message: An element could not be located on the page using the given search parameters."},{"firstjacocotime":5.0049996,"tagname":"4_015","firstexecutionsuccess":false,"firsttestcasepath":"\\testcase\\firstcases\\testcase4_015.py","firstconsumedtime":21.183,"firstlocpath":null,"firstcoveragepath":"\\coverage\\pwpreferencecoverage\\coverage9_4_015_pw.ec","firsterrorlog":"FAILstr(e):\t\tMessage: An element could not be located on the page using the given search parameters.repr(e):\tNoSuchElementException()Traceback (most recent call last):  File \"\\testcase\\firstcases\\testcase4_015.py\", line 76, in <module>    element = getElememtBack(driver, \"new UiSelector().text(\\\"Power Connection\\\")\", \"new UiSelector().className(\\\"android.widget.TextView\\\").instance(3)\")  File \"\\testcase\\firstcases\\testcase4_015.py\", line 53, in getElememtBack    element = driver.find_element_by_android_uiautomator(str2)  File \"C:\\Python27\\lib\\site-packages\\appium\\webdriver\\webdriver.py\", line 327, in find_element_by_android_uiautomator    return self.find_element(by=By.ANDROID_UIAUTOMATOR, value=uia_string)  File \"C:\\Python27\\lib\\site-packages\\appium\\webdriver\\webdriver.py\", line 219, in find_element    'value': value})['value']  File \"C:\\Python27\\lib\\site-packages\\selenium\\webdriver\\remote\\webdriver.py\", line 321, in execute    self.error_handler.check_response(response)  File \"C:\\Python27\\lib\\site-packages\\appium\\webdriver\\errorhandler.py\", line 29, in check_response    raise wdeNoSuchElementException: Message: An element could not be located on the page using the given search parameters."},{"firstjacocotime":5.003,"tagname":"6_020","firstexecutionsuccess":false,"firsttestcasepath":"\\testcase\\firstcases\\testcase6_020.py","firstconsumedtime":43.461,"firstlocpath":null,"firstcoveragepath":"\\coverage\\pwpreferencecoverage\\coverage9_6_020_pw.ec","firsterrorlog":"FAILstr(e):\t\tMessage: An element could not be located on the page using the given search parameters.repr(e):\tNoSuchElementException()Traceback (most recent call last):  File \"\\testcase\\firstcases\\testcase6_020.py\", line 88, in <module>    element = getElememtBack(driver, \"new UiSelector().text(\\\"Edit\\\")\", \"new UiSelector().className(\\\"android.widget.Button\\\").instance(1)\")  File \"\\testcase\\firstcases\\testcase6_020.py\", line 53, in getElememtBack    element = driver.find_element_by_android_uiautomator(str2)  File \"C:\\Python27\\lib\\site-packages\\appium\\webdriver\\webdriver.py\", line 327, in find_element_by_android_uiautomator    return self.find_element(by=By.ANDROID_UIAUTOMATOR, value=uia_string)  File \"C:\\Python27\\lib\\site-packages\\appium\\webdriver\\webdriver.py\", line 219, in find_element    'value': value})['value']  File \"C:\\Python27\\lib\\site-packages\\selenium\\webdriver\\remote\\webdriver.py\", line 321, in execute    self.error_handler.check_response(response)  File \"C:\\Python27\\lib\\site-packages\\appium\\webdriver\\errorhandler.py\", line 29, in check_response    raise wdeNoSuchElementException: Message: An element could not be located on the page using the given search parameters."},{"firstjacocotime":5.0039997,"tagname":"4_016","firstexecutionsuccess":false,"firsttestcasepath":"\\testcase\\firstcases\\testcase4_016.py","firstconsumedtime":24.935,"firstlocpath":null,"firstcoveragepath":"\\coverage\\pwpreferencecoverage\\coverage9_4_016_pw.ec","firsterrorlog":"FAILstr(e):\t\tMessage: An element could not be located on the page using the given search parameters.repr(e):\tNoSuchElementException()Traceback (most recent call last):  File \"\\testcase\\firstcases\\testcase4_016.py\", line 80, in <module>    element = getElememtBack(driver, \"new UiSelector().text(\\\"Edit\\\")\", \"new UiSelector().className(\\\"android.widget.Button\\\").instance(1)\")  File \"\\testcase\\firstcases\\testcase4_016.py\", line 53, in getElememtBack    element = driver.find_element_by_android_uiautomator(str2)  File \"C:\\Python27\\lib\\site-packages\\appium\\webdriver\\webdriver.py\", line 327, in find_element_by_android_uiautomator    return self.find_element(by=By.ANDROID_UIAUTOMATOR, value=uia_string)  File \"C:\\Python27\\lib\\site-packages\\appium\\webdriver\\webdriver.py\", line 219, in find_element    'value': value})['value']  File \"C:\\Python27\\lib\\site-packages\\selenium\\webdriver\\remote\\webdriver.py\", line 321, in execute    self.error_handler.check_response(response)  File \"C:\\Python27\\lib\\site-packages\\appium\\webdriver\\errorhandler.py\", line 29, in check_response    raise wdeNoSuchElementException: Message: An element could not be located on the page using the given search parameters."},{"firstjacocotime":5.0039997,"tagname":"6_021","firstexecutionsuccess":false,"firsttestcasepath":"\\testcase\\firstcases\\testcase6_021.py","firstconsumedtime":49.405,"firstlocpath":null,"firstcoveragepath":"\\coverage\\pwpreferencecoverage\\coverage9_6_021_pw.ec","firsterrorlog":"FAILstr(e):\t\tMessage: An element could not be located on the page using the given search parameters.repr(e):\tNoSuchElementException()Traceback (most recent call last):  File \"\\testcase\\firstcases\\testcase6_021.py\", line 91, in <module>    element = getElememtBack(driver, \"new UiSelector().text(\\\"testr Connection\\\")\", \"new UiSelector().className(\\\"android.widget.TextView\\\").instance(3)\")  File \"\\testcase\\firstcases\\testcase6_021.py\", line 53, in getElememtBack    element = driver.find_element_by_android_uiautomator(str2)  File \"C:\\Python27\\lib\\site-packages\\appium\\webdriver\\webdriver.py\", line 327, in find_element_by_android_uiautomator    return self.find_element(by=By.ANDROID_UIAUTOMATOR, value=uia_string)  File \"C:\\Python27\\lib\\site-packages\\appium\\webdriver\\webdriver.py\", line 219, in find_element    'value': value})['value']  File \"C:\\Python27\\lib\\site-packages\\selenium\\webdriver\\remote\\webdriver.py\", line 321, in execute    self.error_handler.check_response(response)  File \"C:\\Python27\\lib\\site-packages\\appium\\webdriver\\errorhandler.py\", line 29, in check_response    raise wdeNoSuchElementException: Message: An element could not be located on the page using the given search parameters."},{"firstjacocotime":5.0039997,"tagname":"4_017","firstexecutionsuccess":false,"firsttestcasepath":"\\testcase\\firstcases\\testcase4_017.py","firstconsumedtime":23.292,"firstlocpath":null,"firstcoveragepath":"\\coverage\\pwpreferencecoverage\\coverage9_4_017_pw.ec","firsterrorlog":"FAILstr(e):\t\tMessage: An element could not be located on the page using the given search parameters.repr(e):\tNoSuchElementException()Traceback (most recent call last):  File \"\\testcase\\firstcases\\testcase4_017.py\", line 85, in <module>    element = getElememt(driver, \"new UiSelector().resourceId(\\\"a2dp.Vol:id\/editApp\\\").className(\\\"android.widget.EditText\\\")\")  File \"\\testcase\\firstcases\\testcase4_017.py\", line 34, in getElememt    element = driver.find_element_by_android_uiautomator(str)  File \"C:\\Python27\\lib\\site-packages\\appium\\webdriver\\webdriver.py\", line 327, in find_element_by_android_uiautomator    return self.find_element(by=By.ANDROID_UIAUTOMATOR, value=uia_string)  File \"C:\\Python27\\lib\\site-packages\\appium\\webdriver\\webdriver.py\", line 219, in find_element    'value': value})['value']  File \"C:\\Python27\\lib\\site-packages\\selenium\\webdriver\\remote\\webdriver.py\", line 321, in execute    self.error_handler.check_response(response)  File \"C:\\Python27\\lib\\site-packages\\appium\\webdriver\\errorhandler.py\", line 29, in check_response    raise wdeNoSuchElementException: Message: An element could not be located on the page using the given search parameters."},{"firstjacocotime":5.004,"tagname":"6_022","firstexecutionsuccess":false,"firsttestcasepath":"\\testcase\\firstcases\\testcase6_022.py","firstconsumedtime":20.796999,"firstlocpath":null,"firstcoveragepath":"\\coverage\\pwpreferencecoverage\\coverage9_6_022_pw.ec","firsterrorlog":"FAILstr(e):\t\tMessage: An element could not be located on the page using the given search parameters.repr(e):\tNoSuchElementException()Traceback (most recent call last):  File \"\\testcase\\firstcases\\testcase6_022.py\", line 76, in <module>    element = getElememt(driver, \"new UiSelector().resourceId(\\\"a2dp.Vol:id\/editDesc2\\\").className(\\\"android.widget.EditText\\\")\")  File \"\\testcase\\firstcases\\testcase6_022.py\", line 34, in getElememt    element = driver.find_element_by_android_uiautomator(str)  File \"C:\\Python27\\lib\\site-packages\\appium\\webdriver\\webdriver.py\", line 327, in find_element_by_android_uiautomator    return self.find_element(by=By.ANDROID_UIAUTOMATOR, value=uia_string)  File \"C:\\Python27\\lib\\site-packages\\appium\\webdriver\\webdriver.py\", line 219, in find_element    'value': value})['value']  File \"C:\\Python27\\lib\\site-packages\\selenium\\webdriver\\remote\\webdriver.py\", line 321, in execute    self.error_handler.check_response(response)  File \"C:\\Python27\\lib\\site-packages\\appium\\webdriver\\errorhandler.py\", line 29, in check_response    raise wdeNoSuchElementException: Message: An element could not be located on the page using the given search parameters."},{"firstjacocotime":5.0049996,"tagname":"4_018","firstexecutionsuccess":false,"firsttestcasepath":"\\testcase\\firstcases\\testcase4_018.py","firstconsumedtime":95.295,"firstlocpath":null,"firstcoveragepath":"\\coverage\\pwpreferencecoverage\\coverage9_4_018_pw.ec","firsterrorlog":"FAILstr(e):\t\tMessage: An element could not be located on the page using the given search parameters.repr(e):\tNoSuchElementException()Traceback (most recent call last):  File \"\\testcase\\firstcases\\testcase4_018.py\", line 111, in <module>    element = getElememtBack(driver, \"new UiSelector().text(\\\"OK\\\")\", \"new UiSelector().className(\\\"android.widget.Button\\\").instance(2)\")  File \"\\testcase\\firstcases\\testcase4_018.py\", line 53, in getElememtBack    element = driver.find_element_by_android_uiautomator(str2)  File \"C:\\Python27\\lib\\site-packages\\appium\\webdriver\\webdriver.py\", line 327, in find_element_by_android_uiautomator    return self.find_element(by=By.ANDROID_UIAUTOMATOR, value=uia_string)  File \"C:\\Python27\\lib\\site-packages\\appium\\webdriver\\webdriver.py\", line 219, in find_element    'value': value})['value']  File \"C:\\Python27\\lib\\site-packages\\selenium\\webdriver\\remote\\webdriver.py\", line 321, in execute    self.error_handler.check_response(response)  File \"C:\\Python27\\lib\\site-packages\\appium\\webdriver\\errorhandler.py\", line 29, in check_response    raise wdeNoSuchElementException: Message: An element could not be located on the page using the given search parameters."},{"firstjacocotime":5.0039997,"tagname":"4_019","firstexecutionsuccess":false,"firsttestcasepath":"\\testcase\\firstcases\\testcase4_019.py","firstconsumedtime":34.476,"firstlocpath":null,"firstcoveragepath":"\\coverage\\pwpreferencecoverage\\coverage9_4_019_pw.ec","firsterrorlog":"FAILstr(e):\t\tMessage: An element could not be located on the page using the given search parameters.repr(e):\tNoSuchElementException()Traceback (most recent call last):  File \"\\testcase\\firstcases\\testcase4_019.py\", line 87, in <module>    element = getElememtBack(driver, \"new UiSelector().text(\\\"Power Connection\\\")\", \"new UiSelector().className(\\\"android.widget.TextView\\\").instance(2)\")  File \"\\testcase\\firstcases\\testcase4_019.py\", line 53, in getElememtBack    element = driver.find_element_by_android_uiautomator(str2)  File \"C:\\Python27\\lib\\site-packages\\appium\\webdriver\\webdriver.py\", line 327, in find_element_by_android_uiautomator    return self.find_element(by=By.ANDROID_UIAUTOMATOR, value=uia_string)  File \"C:\\Python27\\lib\\site-packages\\appium\\webdriver\\webdriver.py\", line 219, in find_element    'value': value})['value']  File \"C:\\Python27\\lib\\site-packages\\selenium\\webdriver\\remote\\webdriver.py\", line 321, in execute    self.error_handler.check_response(response)  File \"C:\\Python27\\lib\\site-packages\\appium\\webdriver\\errorhandler.py\", line 29, in check_response    raise wdeNoSuchElementException: Message: An element could not be located on the page using the given search parameters."},{"firstjacocotime":5.004,"tagname":"6_027","firstexecutionsuccess":false,"firsttestcasepath":"\\testcase\\firstcases\\testcase6_027.py","firstconsumedtime":24.409,"firstlocpath":null,"firstcoveragepath":"\\coverage\\pwpreferencecoverage\\coverage9_6_027_pw.ec","firsterrorlog":"FAILstr(e):\t\tMessage: An element could not be located on the page using the given search parameters.repr(e):\tNoSuchElementException()Traceback (most recent call last):  File \"\\testcase\\firstcases\\testcase6_027.py\", line 78, in <module>    element = getElememtBack(driver, \"new UiSelector().text(\\\"Enable Reading Text Messages?\\\")\", \"new UiSelector().resourceId(\\\"a2dp.Vol:id\/enableTTSBox\\\").className(\\\"android.widget.CheckBox\\\")\")  File \"\\testcase\\firstcases\\testcase6_027.py\", line 53, in getElememtBack    element = driver.find_element_by_android_uiautomator(str2)  File \"C:\\Python27\\lib\\site-packages\\appium\\webdriver\\webdriver.py\", line 327, in find_element_by_android_uiautomator    return self.find_element(by=By.ANDROID_UIAUTOMATOR, value=uia_string)  File \"C:\\Python27\\lib\\site-packages\\appium\\webdriver\\webdriver.py\", line 219, in find_element    'value': value})['value']  File \"C:\\Python27\\lib\\site-packages\\selenium\\webdriver\\remote\\webdriver.py\", line 321, in execute    self.error_handler.check_response(response)  File \"C:\\Python27\\lib\\site-packages\\appium\\webdriver\\errorhandler.py\", line 29, in check_response    raise wdeNoSuchElementException: Message: An element could not be located on the page using the given search parameters."},{"firstjacocotime":5.003,"tagname":"6_028","firstexecutionsuccess":false,"firsttestcasepath":"\\testcase\\firstcases\\testcase6_028.py","firstconsumedtime":36.184002,"firstlocpath":null,"firstcoveragepath":"\\coverage\\pwpreferencecoverage\\coverage9_6_028_pw.ec","firsterrorlog":"FAILstr(e):\t\tMessage: An element could not be located on the page using the given search parameters.repr(e):\tNoSuchElementException()Traceback (most recent call last):  File \"\\testcase\\firstcases\\testcase6_028.py\", line 88, in <module>    element = getElememtBack(driver, \"new UiSelector().text(\\\"Silence notifications while connected?\\\")\", \"new UiSelector().resourceId(\\\"a2dp.Vol:id\/silentBox\\\").className(\\\"android.widget.CheckBox\\\")\")  File \"\\testcase\\firstcases\\testcase6_028.py\", line 53, in getElememtBack    element = driver.find_element_by_android_uiautomator(str2)  File \"C:\\Python27\\lib\\site-packages\\appium\\webdriver\\webdriver.py\", line 327, in find_element_by_android_uiautomator    return self.find_element(by=By.ANDROID_UIAUTOMATOR, value=uia_string)  File \"C:\\Python27\\lib\\site-packages\\appium\\webdriver\\webdriver.py\", line 219, in find_element    'value': value})['value']  File \"C:\\Python27\\lib\\site-packages\\selenium\\webdriver\\remote\\webdriver.py\", line 321, in execute    self.error_handler.check_response(response)  File \"C:\\Python27\\lib\\site-packages\\appium\\webdriver\\errorhandler.py\", line 29, in check_response    raise wdeNoSuchElementException: Message: An element could not be located on the page using the given search parameters."},{"firstjacocotime":5.005,"tagname":"6_029","firstexecutionsuccess":false,"firsttestcasepath":"\\testcase\\firstcases\\testcase6_029.py","firstconsumedtime":21.438,"firstlocpath":null,"firstcoveragepath":"\\coverage\\pwpreferencecoverage\\coverage9_6_029_pw.ec","firsterrorlog":"FAILstr(e):\t\tMessage: An element could not be located on the page using the given search parameters.repr(e):\tNoSuchElementException()Traceback (most recent call last):  File \"\\testcase\\firstcases\\testcase6_029.py\", line 81, in <module>    element = getElememt(driver, \"new UiSelector().resourceId(\\\"a2dp.Vol:id\/editApp\\\").className(\\\"android.widget.EditText\\\")\")  File \"\\testcase\\firstcases\\testcase6_029.py\", line 34, in getElememt    element = driver.find_element_by_android_uiautomator(str)  File \"C:\\Python27\\lib\\site-packages\\appium\\webdriver\\webdriver.py\", line 327, in find_element_by_android_uiautomator    return self.find_element(by=By.ANDROID_UIAUTOMATOR, value=uia_string)  File \"C:\\Python27\\lib\\site-packages\\appium\\webdriver\\webdriver.py\", line 219, in find_element    'value': value})['value']  File \"C:\\Python27\\lib\\site-packages\\selenium\\webdriver\\remote\\webdriver.py\", line 321, in execute    self.error_handler.check_response(response)  File \"C:\\Python27\\lib\\site-packages\\appium\\webdriver\\errorhandler.py\", line 29, in check_response    raise wdeNoSuchElementException: Message: An element could not be located on the page using the given search parameters."},{"firstjacocotime":5.0049996,"tagname":"4_010","firstexecutionsuccess":false,"firsttestcasepath":"\\testcase\\firstcases\\testcase4_010.py","firstconsumedtime":22.411,"firstlocpath":null,"firstcoveragepath":"\\coverage\\pwpreferencecoverage\\coverage9_4_010_pw.ec","firsterrorlog":"FAILstr(e):\t\tMessage: An element could not be located on the page using the given search parameters.repr(e):\tNoSuchElementException()Traceback (most recent call last):  File \"\\testcase\\firstcases\\testcase4_010.py\", line 79, in <module>    element = getElememtBack(driver, \"new UiSelector().text(\\\"Home Dock\\\")\", \"new UiSelector().className(\\\"android.widget.TextView\\\").instance(2)\")  File \"\\testcase\\firstcases\\testcase4_010.py\", line 53, in getElememtBack    element = driver.find_element_by_android_uiautomator(str2)  File \"C:\\Python27\\lib\\site-packages\\appium\\webdriver\\webdriver.py\", line 327, in find_element_by_android_uiautomator    return self.find_element(by=By.ANDROID_UIAUTOMATOR, value=uia_string)  File \"C:\\Python27\\lib\\site-packages\\appium\\webdriver\\webdriver.py\", line 219, in find_element    'value': value})['value']  File \"C:\\Python27\\lib\\site-packages\\selenium\\webdriver\\remote\\webdriver.py\", line 321, in execute    self.error_handler.check_response(response)  File \"C:\\Python27\\lib\\site-packages\\appium\\webdriver\\errorhandler.py\", line 29, in check_response    raise wdeNoSuchElementException: Message: An element could not be located on the page using the given search parameters."},{"firstjacocotime":5.0049996,"tagname":"6_023","firstexecutionsuccess":true,"firsttestcasepath":"\\testcase\\firstcases\\testcase6_023.py","firstconsumedtime":19.677,"firstlocpath":null,"firstcoveragepath":"\\coverage\\pwpreferencecoverage\\coverage9_6_023_pw.ec","firsterrorlog":null},{"firstjacocotime":5.0059996,"tagname":"4_011","firstexecutionsuccess":true,"firsttestcasepath":"\\testcase\\firstcases\\testcase4_011.py","firstconsumedtime":5.923,"firstlocpath":null,"firstcoveragepath":"\\coverage\\pwpreferencecoverage\\coverage9_4_011_pw.ec","firsterrorlog":null},{"firstjacocotime":5.003,"tagname":"6_024","firstexecutionsuccess":false,"firsttestcasepath":"\\testcase\\firstcases\\testcase6_024.py","firstconsumedtime":29.135,"firstlocpath":null,"firstcoveragepath":"\\coverage\\pwpreferencecoverage\\coverage9_6_024_pw.ec","firsterrorlog":"FAILstr(e):\t\tMessage: An element could not be located on the page using the given search parameters.repr(e):\tNoSuchElementException()Traceback (most recent call last):  File \"\\testcase\\firstcases\\testcase6_024.py\", line 87, in <module>    element = getElememt(driver, \"new UiSelector().resourceId(\\\"a2dp.Vol:id\/editApp\\\").className(\\\"android.widget.EditText\\\")\")  File \"\\testcase\\firstcases\\testcase6_024.py\", line 34, in getElememt    element = driver.find_element_by_android_uiautomator(str)  File \"C:\\Python27\\lib\\site-packages\\appium\\webdriver\\webdriver.py\", line 327, in find_element_by_android_uiautomator    return self.find_element(by=By.ANDROID_UIAUTOMATOR, value=uia_string)  File \"C:\\Python27\\lib\\site-packages\\appium\\webdriver\\webdriver.py\", line 219, in find_element    'value': value})['value']  File \"C:\\Python27\\lib\\site-packages\\selenium\\webdriver\\remote\\webdriver.py\", line 321, in execute    self.error_handler.check_response(response)  File \"C:\\Python27\\lib\\site-packages\\appium\\webdriver\\errorhandler.py\", line 29, in check_response    raise wdeNoSuchElementException: Message: An element could not be located on the page using the given search parameters."},{"firstjacocotime":5.006,"tagname":"4_012","firstexecutionsuccess":true,"firsttestcasepath":"\\testcase\\firstcases\\testcase4_012.py","firstconsumedtime":37.670002,"firstlocpath":null,"firstcoveragepath":"\\coverage\\pwpreferencecoverage\\coverage9_4_012_pw.ec","firsterrorlog":null},{"firstjacocotime":5.0039997,"tagname":"6_025","firstexecutionsuccess":false,"firsttestcasepath":"\\testcase\\firstcases\\testcase6_025.py","firstconsumedtime":23.399,"firstlocpath":null,"firstcoveragepath":"\\coverage\\pwpreferencecoverage\\coverage9_6_025_pw.ec","firsterrorlog":"FAILstr(e):\t\tMessage: An element could not be located on the page using the given search parameters.repr(e):\tNoSuchElementException()Traceback (most recent call last):  File \"\\testcase\\firstcases\\testcase6_025.py\", line 79, in <module>    element = getElememtBack(driver, \"new UiSelector().text(\\\"Stop app on disconnect?\\\")\", \"new UiSelector().resourceId(\\\"a2dp.Vol:id\/appKillCheckbox\\\").className(\\\"android.widget.CheckBox\\\")\")  File \"\\testcase\\firstcases\\testcase6_025.py\", line 53, in getElememtBack    element = driver.find_element_by_android_uiautomator(str2)  File \"C:\\Python27\\lib\\site-packages\\appium\\webdriver\\webdriver.py\", line 327, in find_element_by_android_uiautomator    return self.find_element(by=By.ANDROID_UIAUTOMATOR, value=uia_string)  File \"C:\\Python27\\lib\\site-packages\\appium\\webdriver\\webdriver.py\", line 219, in find_element    'value': value})['value']  File \"C:\\Python27\\lib\\site-packages\\selenium\\webdriver\\remote\\webdriver.py\", line 321, in execute    self.error_handler.check_response(response)  File \"C:\\Python27\\lib\\site-packages\\appium\\webdriver\\errorhandler.py\", line 29, in check_response    raise wdeNoSuchElementException: Message: An element could not be located on the page using the given search parameters."},{"firstjacocotime":5.0039997,"tagname":"4_013","firstexecutionsuccess":false,"firsttestcasepath":"\\testcase\\firstcases\\testcase4_013.py","firstconsumedtime":17.292,"firstlocpath":null,"firstcoveragepath":"\\coverage\\pwpreferencecoverage\\coverage9_4_013_pw.ec","firsterrorlog":"FAILstr(e):\t\tMessage: An element could not be located on the page using the given search parameters.repr(e):\tNoSuchElementException()Traceback (most recent call last):  File \"\\testcase\\firstcases\\testcase4_013.py\", line 77, in <module>    element = getElememt(driver, \"new UiSelector().resourceId(\\\"a2dp.Vol:id\/iconradio2\\\").className(\\\"android.widget.RadioButton\\\")\")  File \"\\testcase\\firstcases\\testcase4_013.py\", line 34, in getElememt    element = driver.find_element_by_android_uiautomator(str)  File \"C:\\Python27\\lib\\site-packages\\appium\\webdriver\\webdriver.py\", line 327, in find_element_by_android_uiautomator    return self.find_element(by=By.ANDROID_UIAUTOMATOR, value=uia_string)  File \"C:\\Python27\\lib\\site-packages\\appium\\webdriver\\webdriver.py\", line 219, in find_element    'value': value})['value']  File \"C:\\Python27\\lib\\site-packages\\selenium\\webdriver\\remote\\webdriver.py\", line 321, in execute    self.error_handler.check_response(response)  File \"C:\\Python27\\lib\\site-packages\\appium\\webdriver\\errorhandler.py\", line 29, in check_response    raise wdeNoSuchElementException: Message: An element could not be located on the page using the given search parameters."},{"firstjacocotime":5.006,"tagname":"6_026","firstexecutionsuccess":false,"firsttestcasepath":"\\testcase\\firstcases\\testcase6_026.py","firstconsumedtime":32.579,"firstlocpath":null,"firstcoveragepath":"\\coverage\\pwpreferencecoverage\\coverage9_6_026_pw.ec","firsterrorlog":"FAILstr(e):\t\tMessage: An element could not be located on the page using the given search parameters.repr(e):\tNoSuchElementException()Traceback (most recent call last):  File \"\\testcase\\firstcases\\testcase6_026.py\", line 83, in <module>    element = getElememtBack(driver, \"new UiSelector().text(\\\"Silence notifications while connected?\\\")\", \"new UiSelector().resourceId(\\\"a2dp.Vol:id\/silentBox\\\").className(\\\"android.widget.CheckBox\\\")\")  File \"\\testcase\\firstcases\\testcase6_026.py\", line 53, in getElememtBack    element = driver.find_element_by_android_uiautomator(str2)  File \"C:\\Python27\\lib\\site-packages\\appium\\webdriver\\webdriver.py\", line 327, in find_element_by_android_uiautomator    return self.find_element(by=By.ANDROID_UIAUTOMATOR, value=uia_string)  File \"C:\\Python27\\lib\\site-packages\\appium\\webdriver\\webdriver.py\", line 219, in find_element    'value': value})['value']  File \"C:\\Python27\\lib\\site-packages\\selenium\\webdriver\\remote\\webdriver.py\", line 321, in execute    self.error_handler.check_response(response)  File \"C:\\Python27\\lib\\site-packages\\appium\\webdriver\\errorhandler.py\", line 29, in check_response    raise wdeNoSuchElementException: Message: An element could not be located on the page using the given search parameters."},{"firstjacocotime":5.0039997,"tagname":"3_006","firstexecutionsuccess":true,"firsttestcasepath":"\\testcase\\firstcases\\testcase3_006.py","firstconsumedtime":38.276,"firstlocpath":null,"firstcoveragepath":"\\coverage\\pwpreferencecoverage\\coverage9_3_006_pw.ec","firsterrorlog":null},{"firstjacocotime":5.005,"tagname":"3_007","firstexecutionsuccess":false,"firsttestcasepath":"\\testcase\\firstcases\\testcase3_007.py","firstconsumedtime":24.508999,"firstlocpath":null,"firstcoveragepath":"\\coverage\\pwpreferencecoverage\\coverage9_3_007_pw.ec","firsterrorlog":"FAILstr(e):\t\tMessage: An element could not be located on the page using the given search parameters.repr(e):\tNoSuchElementException()Traceback (most recent call last):  File \"\\testcase\\firstcases\\testcase3_007.py\", line 78, in <module>    element = getElememtBack(driver, \"new UiSelector().text(\\\"Home Dock\\\")\", \"new UiSelector().className(\\\"android.widget.TextView\\\").instance(2)\")  File \"\\testcase\\firstcases\\testcase3_007.py\", line 53, in getElememtBack    element = driver.find_element_by_android_uiautomator(str2)  File \"C:\\Python27\\lib\\site-packages\\appium\\webdriver\\webdriver.py\", line 327, in find_element_by_android_uiautomator    return self.find_element(by=By.ANDROID_UIAUTOMATOR, value=uia_string)  File \"C:\\Python27\\lib\\site-packages\\appium\\webdriver\\webdriver.py\", line 219, in find_element    'value': value})['value']  File \"C:\\Python27\\lib\\site-packages\\selenium\\webdriver\\remote\\webdriver.py\", line 321, in execute    self.error_handler.check_response(response)  File \"C:\\Python27\\lib\\site-packages\\appium\\webdriver\\errorhandler.py\", line 29, in check_response    raise wdeNoSuchElementException: Message: An element could not be located on the page using the given search parameters."},{"firstjacocotime":5.0039997,"tagname":"3_004","firstexecutionsuccess":false,"firsttestcasepath":"\\testcase\\firstcases\\testcase3_004.py","firstconsumedtime":46.181,"firstlocpath":null,"firstcoveragepath":"\\coverage\\pwpreferencecoverage\\coverage9_3_004_pw.ec","firsterrorlog":"FAILstr(e):\t\tMessage: An element could not be located on the page using the given search parameters.repr(e):\tNoSuchElementException()Traceback (most recent call last):  File \"\\testcase\\firstcases\\testcase3_004.py\", line 89, in <module>    element = getElememtBack(driver, \"new UiSelector().text(\\\"Edit\\\")\", \"new UiSelector().className(\\\"android.widget.Button\\\").instance(1)\")  File \"\\testcase\\firstcases\\testcase3_004.py\", line 53, in getElememtBack    element = driver.find_element_by_android_uiautomator(str2)  File \"C:\\Python27\\lib\\site-packages\\appium\\webdriver\\webdriver.py\", line 327, in find_element_by_android_uiautomator    return self.find_element(by=By.ANDROID_UIAUTOMATOR, value=uia_string)  File \"C:\\Python27\\lib\\site-packages\\appium\\webdriver\\webdriver.py\", line 219, in find_element    'value': value})['value']  File \"C:\\Python27\\lib\\site-packages\\selenium\\webdriver\\remote\\webdriver.py\", line 321, in execute    self.error_handler.check_response(response)  File \"C:\\Python27\\lib\\site-packages\\appium\\webdriver\\errorhandler.py\", line 29, in check_response    raise wdeNoSuchElementException: Message: An element could not be located on the page using the given search parameters."},{"firstjacocotime":5.005,"tagname":"3_005","firstexecutionsuccess":false,"firsttestcasepath":"\\testcase\\firstcases\\testcase3_005.py","firstconsumedtime":22.899,"firstlocpath":null,"firstcoveragepath":"\\coverage\\pwpreferencecoverage\\coverage9_3_005_pw.ec","firsterrorlog":"FAILstr(e):\t\tMessage: An element could not be located on the page using the given search parameters.repr(e):\tNoSuchElementException()Traceback (most recent call last):  File \"\\testcase\\firstcases\\testcase3_005.py\", line 78, in <module>    element = getElememtBack(driver, \"new UiSelector().text(\\\"Home Dock\\\")\", \"new UiSelector().className(\\\"android.widget.TextView\\\").instance(2)\")  File \"\\testcase\\firstcases\\testcase3_005.py\", line 53, in getElememtBack    element = driver.find_element_by_android_uiautomator(str2)  File \"C:\\Python27\\lib\\site-packages\\appium\\webdriver\\webdriver.py\", line 327, in find_element_by_android_uiautomator    return self.find_element(by=By.ANDROID_UIAUTOMATOR, value=uia_string)  File \"C:\\Python27\\lib\\site-packages\\appium\\webdriver\\webdriver.py\", line 219, in find_element    'value': value})['value']  File \"C:\\Python27\\lib\\site-packages\\selenium\\webdriver\\remote\\webdriver.py\", line 321, in execute    self.error_handler.check_response(response)  File \"C:\\Python27\\lib\\site-packages\\appium\\webdriver\\errorhandler.py\", line 29, in check_response    raise wdeNoSuchElementException: Message: An element could not be located on the page using the given search parameters."},{"firstjacocotime":5.0039997,"tagname":"3_008","firstexecutionsuccess":false,"firsttestcasepath":"\\testcase\\firstcases\\testcase3_008.py","firstconsumedtime":34.179,"firstlocpath":null,"firstcoveragepath":"\\coverage\\pwpreferencecoverage\\coverage9_3_008_pw.ec","firsterrorlog":"FAILstr(e):\t\tMessage: An element could not be located on the page using the given search parameters.repr(e):\tNoSuchElementException()Traceback (most recent call last):  File \"\\testcase\\firstcases\\testcase3_008.py\", line 84, in <module>    element = getElememtBack(driver, \"new UiSelector().text(\\\"Power Connection\\\")\", \"new UiSelector().className(\\\"android.widget.TextView\\\").instance(3)\")  File \"\\testcase\\firstcases\\testcase3_008.py\", line 53, in getElememtBack    element = driver.find_element_by_android_uiautomator(str2)  File \"C:\\Python27\\lib\\site-packages\\appium\\webdriver\\webdriver.py\", line 327, in find_element_by_android_uiautomator    return self.find_element(by=By.ANDROID_UIAUTOMATOR, value=uia_string)  File \"C:\\Python27\\lib\\site-packages\\appium\\webdriver\\webdriver.py\", line 219, in find_element    'value': value})['value']  File \"C:\\Python27\\lib\\site-packages\\selenium\\webdriver\\remote\\webdriver.py\", line 321, in execute    self.error_handler.check_response(response)  File \"C:\\Python27\\lib\\site-packages\\appium\\webdriver\\errorhandler.py\", line 29, in check_response    raise wdeNoSuchElementException: Message: An element could not be located on the page using the given search parameters."},{"firstjacocotime":5.006,"tagname":"3_009","firstexecutionsuccess":false,"firsttestcasepath":"\\testcase\\firstcases\\testcase3_009.py","firstconsumedtime":22.081999,"firstlocpath":null,"firstcoveragepath":"\\coverage\\pwpreferencecoverage\\coverage9_3_009_pw.ec","firsterrorlog":"FAILstr(e):\t\tMessage: An element could not be located on the page using the given search parameters.repr(e):\tNoSuchElementException()Traceback (most recent call last):  File \"\\testcase\\firstcases\\testcase3_009.py\", line 80, in <module>    element = getElememt(driver, \"new UiSelector().resourceId(\\\"a2dp.Vol:id\/editDesc2\\\").className(\\\"android.widget.EditText\\\")\")  File \"\\testcase\\firstcases\\testcase3_009.py\", line 34, in getElememt    element = driver.find_element_by_android_uiautomator(str)  File \"C:\\Python27\\lib\\site-packages\\appium\\webdriver\\webdriver.py\", line 327, in find_element_by_android_uiautomator    return self.find_element(by=By.ANDROID_UIAUTOMATOR, value=uia_string)  File \"C:\\Python27\\lib\\site-packages\\appium\\webdriver\\webdriver.py\", line 219, in find_element    'value': value})['value']  File \"C:\\Python27\\lib\\site-packages\\selenium\\webdriver\\remote\\webdriver.py\", line 321, in execute    self.error_handler.check_response(response)  File \"C:\\Python27\\lib\\site-packages\\appium\\webdriver\\errorhandler.py\", line 29, in check_response    raise wdeNoSuchElementException: Message: An element could not be located on the page using the given search parameters."},{"firstjacocotime":5.005,"tagname":"3_002","firstexecutionsuccess":false,"firsttestcasepath":"\\testcase\\firstcases\\testcase3_002.py","firstconsumedtime":21.407,"firstlocpath":null,"firstcoveragepath":"\\coverage\\pwpreferencecoverage\\coverage9_3_002_pw.ec","firsterrorlog":"FAILstr(e):\t\tMessage: An element could not be located on the page using the given search parameters.repr(e):\tNoSuchElementException()Traceback (most recent call last):  File \"\\testcase\\firstcases\\testcase3_002.py\", line 76, in <module>    element = getElememt(driver, \"new UiSelector().resourceId(\\\"a2dp.Vol:id\/editDesc2\\\").className(\\\"android.widget.EditText\\\")\")  File \"\\testcase\\firstcases\\testcase3_002.py\", line 34, in getElememt    element = driver.find_element_by_android_uiautomator(str)  File \"C:\\Python27\\lib\\site-packages\\appium\\webdriver\\webdriver.py\", line 327, in find_element_by_android_uiautomator    return self.find_element(by=By.ANDROID_UIAUTOMATOR, value=uia_string)  File \"C:\\Python27\\lib\\site-packages\\appium\\webdriver\\webdriver.py\", line 219, in find_element    'value': value})['value']  File \"C:\\Python27\\lib\\site-packages\\selenium\\webdriver\\remote\\webdriver.py\", line 321, in execute    self.error_handler.check_response(response)  File \"C:\\Python27\\lib\\site-packages\\appium\\webdriver\\errorhandler.py\", line 29, in check_response    raise wdeNoSuchElementException: Message: An element could not be located on the page using the given search parameters."},{"firstjacocotime":5.004,"tagname":"3_003","firstexecutionsuccess":false,"firsttestcasepath":"\\testcase\\firstcases\\testcase3_003.py","firstconsumedtime":17.125,"firstlocpath":null,"firstcoveragepath":"\\coverage\\pwpreferencecoverage\\coverage9_3_003_pw.ec","firsterrorlog":"FAILstr(e):\t\tMessage: An element could not be located on the page using the given search parameters.repr(e):\tNoSuchElementException()Traceback (most recent call last):  File \"\\testcase\\firstcases\\testcase3_003.py\", line 76, in <module>    element = getElememt(driver, \"new UiSelector().resourceId(\\\"a2dp.Vol:id\/editApp\\\").className(\\\"android.widget.EditText\\\")\")  File \"\\testcase\\firstcases\\testcase3_003.py\", line 34, in getElememt    element = driver.find_element_by_android_uiautomator(str)  File \"C:\\Python27\\lib\\site-packages\\appium\\webdriver\\webdriver.py\", line 327, in find_element_by_android_uiautomator    return self.find_element(by=By.ANDROID_UIAUTOMATOR, value=uia_string)  File \"C:\\Python27\\lib\\site-packages\\appium\\webdriver\\webdriver.py\", line 219, in find_element    'value': value})['value']  File \"C:\\Python27\\lib\\site-packages\\selenium\\webdriver\\remote\\webdriver.py\", line 321, in execute    self.error_handler.check_response(response)  File \"C:\\Python27\\lib\\site-packages\\appium\\webdriver\\errorhandler.py\", line 29, in check_response    raise wdeNoSuchElementException: Message: An element could not be located on the page using the given search parameters."},{"firstjacocotime":5.0039997,"tagname":"3_000","firstexecutionsuccess":false,"firsttestcasepath":"\\testcase\\firstcases\\testcase3_000.py","firstconsumedtime":20.441,"firstlocpath":null,"firstcoveragepath":"\\coverage\\pwpreferencecoverage\\coverage9_3_000_pw.ec","firsterrorlog":"FAILstr(e):\t\tMessage: An element could not be located on the page using the given search parameters.repr(e):\tNoSuchElementException()Traceback (most recent call last):  File \"\\testcase\\firstcases\\testcase3_000.py\", line 76, in <module>    element = getElememtBack(driver, \"new UiSelector().text(\\\"Power Connection\\\")\", \"new UiSelector().className(\\\"android.widget.TextView\\\").instance(3)\")  File \"\\testcase\\firstcases\\testcase3_000.py\", line 53, in getElememtBack    element = driver.find_element_by_android_uiautomator(str2)  File \"C:\\Python27\\lib\\site-packages\\appium\\webdriver\\webdriver.py\", line 327, in find_element_by_android_uiautomator    return self.find_element(by=By.ANDROID_UIAUTOMATOR, value=uia_string)  File \"C:\\Python27\\lib\\site-packages\\appium\\webdriver\\webdriver.py\", line 219, in find_element    'value': value})['value']  File \"C:\\Python27\\lib\\site-packages\\selenium\\webdriver\\remote\\webdriver.py\", line 321, in execute    self.error_handler.check_response(response)  File \"C:\\Python27\\lib\\site-packages\\appium\\webdriver\\errorhandler.py\", line 29, in check_response    raise wdeNoSuchElementException: Message: An element could not be located on the page using the given search parameters."},{"firstjacocotime":0.0,"tagname":"3_001","firstexecutionsuccess":false,"firsttestcasepath":"\\testcase\\firstcases\\testcase3_001.py","firstconsumedtime":0.0,"firstlocpath":null,"firstcoveragepath":"\\coverage\\pwpreferencecoverage\\coverage9_3_001_pw.ec","firsterrorlog":"FAILstr(e):\t\tMessage: An unknown server-side error occurred while processing the command. Original error: UiAUtomator shut down unexpectedlyrepr(e):\tWebDriverException()Traceback (most recent call last):  File \"\\testcase\\firstcases\\testcase3_001.py\", line 91, in <module>    TouchAction(driver).long_press(element).release().perform()  File \"C:\\Python27\\lib\\site-packages\\appium\\webdriver\\common\\touch_action.py\", line 96, in perform    self._driver.execute(Command.TOUCH_ACTION, params)  File \"C:\\Python27\\lib\\site-packages\\selenium\\webdriver\\remote\\webdriver.py\", line 321, in execute    self.error_handler.check_response(response)  File \"C:\\Python27\\lib\\site-packages\\appium\\webdriver\\errorhandler.py\", line 29, in check_response    raise wdeWebDriverException: Message: An unknown server-side error occurred while processing the command. Original error: UiAUtomator shut down unexpectedly"},{"firstjacocotime":5.0039997,"tagname":"4_025","firstexecutionsuccess":false,"firsttestcasepath":"\\testcase\\firstcases\\testcase4_025.py","firstconsumedtime":35.118,"firstlocpath":null,"firstcoveragepath":"\\coverage\\pwpreferencecoverage\\coverage9_4_025_pw.ec","firsterrorlog":"FAILstr(e):\t\tMessage: An element could not be located on the page using the given search parameters.repr(e):\tNoSuchElementException()Traceback (most recent call last):  File \"\\testcase\\firstcases\\testcase4_025.py\", line 82, in <module>    element = getElememtBack(driver, \"new UiSelector().text(\\\"Enable Reading Text Messages?\\\")\", \"new UiSelector().resourceId(\\\"a2dp.Vol:id\/enableTTSBox\\\").className(\\\"android.widget.CheckBox\\\")\")  File \"\\testcase\\firstcases\\testcase4_025.py\", line 53, in getElememtBack    element = driver.find_element_by_android_uiautomator(str2)  File \"C:\\Python27\\lib\\site-packages\\appium\\webdriver\\webdriver.py\", line 327, in find_element_by_android_uiautomator    return self.find_element(by=By.ANDROID_UIAUTOMATOR, value=uia_string)  File \"C:\\Python27\\lib\\site-packages\\appium\\webdriver\\webdriver.py\", line 219, in find_element    'value': value})['value']  File \"C:\\Python27\\lib\\site-packages\\selenium\\webdriver\\remote\\webdriver.py\", line 321, in execute    self.error_handler.check_response(response)  File \"C:\\Python27\\lib\\site-packages\\appium\\webdriver\\errorhandler.py\", line 29, in check_response    raise wdeNoSuchElementException: Message: An element could not be located on the page using the given search parameters."},{"firstjacocotime":5.005,"tagname":"4_026","firstexecutionsuccess":false,"firsttestcasepath":"\\testcase\\firstcases\\testcase4_026.py","firstconsumedtime":36.392,"firstlocpath":null,"firstcoveragepath":"\\coverage\\pwpreferencecoverage\\coverage9_4_026_pw.ec","firsterrorlog":"FAILstr(e):\t\tMessage: An element could not be located on the page using the given search parameters.repr(e):\tNoSuchElementException()Traceback (most recent call last):  File \"\\testcase\\firstcases\\testcase4_026.py\", line 92, in <module>    element = getElememt(driver, \"new UiSelector().resourceId(\\\"a2dp.Vol:id\/editApp\\\").className(\\\"android.widget.EditText\\\")\")  File \"\\testcase\\firstcases\\testcase4_026.py\", line 34, in getElememt    element = driver.find_element_by_android_uiautomator(str)  File \"C:\\Python27\\lib\\site-packages\\appium\\webdriver\\webdriver.py\", line 327, in find_element_by_android_uiautomator    return self.find_element(by=By.ANDROID_UIAUTOMATOR, value=uia_string)  File \"C:\\Python27\\lib\\site-packages\\appium\\webdriver\\webdriver.py\", line 219, in find_element    'value': value})['value']  File \"C:\\Python27\\lib\\site-packages\\selenium\\webdriver\\remote\\webdriver.py\", line 321, in execute    self.error_handler.check_response(response)  File \"C:\\Python27\\lib\\site-packages\\appium\\webdriver\\errorhandler.py\", line 29, in check_response    raise wdeNoSuchElementException: Message: An element could not be located on the page using the given search parameters."},{"firstjacocotime":5.0049996,"tagname":"4_027","firstexecutionsuccess":false,"firsttestcasepath":"\\testcase\\firstcases\\testcase4_027.py","firstconsumedtime":26.79,"firstlocpath":null,"firstcoveragepath":"\\coverage\\pwpreferencecoverage\\coverage9_4_027_pw.ec","firsterrorlog":"FAILstr(e):\t\tMessage: An element could not be located on the page using the given search parameters.repr(e):\tNoSuchElementException()Traceback (most recent call last):  File \"\\testcase\\firstcases\\testcase4_027.py\", line 80, in <module>    element = getElememtBack(driver, \"new UiSelector().text(\\\"Power Connection\\\")\", \"new UiSelector().className(\\\"android.widget.TextView\\\").instance(2)\")  File \"\\testcase\\firstcases\\testcase4_027.py\", line 53, in getElememtBack    element = driver.find_element_by_android_uiautomator(str2)  File \"C:\\Python27\\lib\\site-packages\\appium\\webdriver\\webdriver.py\", line 327, in find_element_by_android_uiautomator    return self.find_element(by=By.ANDROID_UIAUTOMATOR, value=uia_string)  File \"C:\\Python27\\lib\\site-packages\\appium\\webdriver\\webdriver.py\", line 219, in find_element    'value': value})['value']  File \"C:\\Python27\\lib\\site-packages\\selenium\\webdriver\\remote\\webdriver.py\", line 321, in execute    self.error_handler.check_response(response)  File \"C:\\Python27\\lib\\site-packages\\appium\\webdriver\\errorhandler.py\", line 29, in check_response    raise wdeNoSuchElementException: Message: An element could not be located on the page using the given search parameters."},{"firstjacocotime":5.006,"tagname":"6_010","firstexecutionsuccess":true,"firsttestcasepath":"\\testcase\\firstcases\\testcase6_010.py","firstconsumedtime":6.16,"firstlocpath":null,"firstcoveragepath":"\\coverage\\pwpreferencecoverage\\coverage9_6_010_pw.ec","firsterrorlog":null},{"firstjacocotime":5.0039997,"tagname":"4_028","firstexecutionsuccess":false,"firsttestcasepath":"\\testcase\\firstcases\\testcase4_028.py","firstconsumedtime":22.024,"firstlocpath":null,"firstcoveragepath":"\\coverage\\pwpreferencecoverage\\coverage9_4_028_pw.ec","firsterrorlog":"FAILstr(e):\t\tMessage: An element could not be located on the page using the given search parameters.repr(e):\tNoSuchElementException()Traceback (most recent call last):  File \"\\testcase\\firstcases\\testcase4_028.py\", line 80, in <module>    element = getElememtBack(driver, \"new UiSelector().text(\\\"Power Connection\\\")\", \"new UiSelector().className(\\\"android.widget.TextView\\\").instance(3)\")  File \"\\testcase\\firstcases\\testcase4_028.py\", line 53, in getElememtBack    element = driver.find_element_by_android_uiautomator(str2)  File \"C:\\Python27\\lib\\site-packages\\appium\\webdriver\\webdriver.py\", line 327, in find_element_by_android_uiautomator    return self.find_element(by=By.ANDROID_UIAUTOMATOR, value=uia_string)  File \"C:\\Python27\\lib\\site-packages\\appium\\webdriver\\webdriver.py\", line 219, in find_element    'value': value})['value']  File \"C:\\Python27\\lib\\site-packages\\selenium\\webdriver\\remote\\webdriver.py\", line 321, in execute    self.error_handler.check_response(response)  File \"C:\\Python27\\lib\\site-packages\\appium\\webdriver\\errorhandler.py\", line 29, in check_response    raise wdeNoSuchElementException: Message: An element could not be located on the page using the given search parameters."},{"firstjacocotime":5.002,"tagname":"6_011","firstexecutionsuccess":false,"firsttestcasepath":"\\testcase\\firstcases\\testcase6_011.py","firstconsumedtime":22.979,"firstlocpath":null,"firstcoveragepath":"\\coverage\\pwpreferencecoverage\\coverage9_6_011_pw.ec","firsterrorlog":"FAILstr(e):\t\tMessage: An element could not be located on the page using the given search parameters.repr(e):\tNoSuchElementException()Traceback (most recent call last):  File \"\\testcase\\firstcases\\testcase6_011.py\", line 81, in <module>    element = getElememt(driver, \"new UiSelector().resourceId(\\\"a2dp.Vol:id\/editApp\\\").className(\\\"android.widget.EditText\\\")\")  File \"\\testcase\\firstcases\\testcase6_011.py\", line 34, in getElememt    element = driver.find_element_by_android_uiautomator(str)  File \"C:\\Python27\\lib\\site-packages\\appium\\webdriver\\webdriver.py\", line 327, in find_element_by_android_uiautomator    return self.find_element(by=By.ANDROID_UIAUTOMATOR, value=uia_string)  File \"C:\\Python27\\lib\\site-packages\\appium\\webdriver\\webdriver.py\", line 219, in find_element    'value': value})['value']  File \"C:\\Python27\\lib\\site-packages\\selenium\\webdriver\\remote\\webdriver.py\", line 321, in execute    self.error_handler.check_response(response)  File \"C:\\Python27\\lib\\site-packages\\appium\\webdriver\\errorhandler.py\", line 29, in check_response    raise wdeNoSuchElementException: Message: An element could not be located on the page using the given search parameters."},{"firstjacocotime":5.0039997,"tagname":"4_029","firstexecutionsuccess":false,"firsttestcasepath":"\\testcase\\firstcases\\testcase4_029.py","firstconsumedtime":30.38,"firstlocpath":null,"firstcoveragepath":"\\coverage\\pwpreferencecoverage\\coverage9_4_029_pw.ec","firsterrorlog":"FAILstr(e):\t\tMessage: An element could not be located on the page using the given search parameters.repr(e):\tNoSuchElementException()Traceback (most recent call last):  File \"\\testcase\\firstcases\\testcase4_029.py\", line 84, in <module>    element = getElememtBack(driver, \"new UiSelector().text(\\\"Power Connection\\\")\", \"new UiSelector().className(\\\"android.widget.TextView\\\").instance(3)\")  File \"\\testcase\\firstcases\\testcase4_029.py\", line 53, in getElememtBack    element = driver.find_element_by_android_uiautomator(str2)  File \"C:\\Python27\\lib\\site-packages\\appium\\webdriver\\webdriver.py\", line 327, in find_element_by_android_uiautomator    return self.find_element(by=By.ANDROID_UIAUTOMATOR, value=uia_string)  File \"C:\\Python27\\lib\\site-packages\\appium\\webdriver\\webdriver.py\", line 219, in find_element    'value': value})['value']  File \"C:\\Python27\\lib\\site-packages\\selenium\\webdriver\\remote\\webdriver.py\", line 321, in execute    self.error_handler.check_response(response)  File \"C:\\Python27\\lib\\site-packages\\appium\\webdriver\\errorhandler.py\", line 29, in check_response    raise wdeNoSuchElementException: Message: An element could not be located on the page using the given search parameters."},{"firstjacocotime":5.003,"tagname":"6_016","firstexecutionsuccess":false,"firsttestcasepath":"\\testcase\\firstcases\\testcase6_016.py","firstconsumedtime":39.857,"firstlocpath":null,"firstcoveragepath":"\\coverage\\pwpreferencecoverage\\coverage9_6_016_pw.ec","firsterrorlog":"FAILstr(e):\t\tMessage: An element could not be located on the page using the given search parameters.repr(e):\tNoSuchElementException()Traceback (most recent call last):  File \"\\testcase\\firstcases\\testcase6_016.py\", line 84, in <module>    element = getElememt(driver, \"new UiSelector().resourceId(\\\"a2dp.Vol:id\/editApp\\\").className(\\\"android.widget.EditText\\\")\")  File \"\\testcase\\firstcases\\testcase6_016.py\", line 34, in getElememt    element = driver.find_element_by_android_uiautomator(str)  File \"C:\\Python27\\lib\\site-packages\\appium\\webdriver\\webdriver.py\", line 327, in find_element_by_android_uiautomator    return self.find_element(by=By.ANDROID_UIAUTOMATOR, value=uia_string)  File \"C:\\Python27\\lib\\site-packages\\appium\\webdriver\\webdriver.py\", line 219, in find_element    'value': value})['value']  File \"C:\\Python27\\lib\\site-packages\\selenium\\webdriver\\remote\\webdriver.py\", line 321, in execute    self.error_handler.check_response(response)  File \"C:\\Python27\\lib\\site-packages\\appium\\webdriver\\errorhandler.py\", line 29, in check_response    raise wdeNoSuchElementException: Message: An element could not be located on the page using the given search parameters."},{"firstjacocotime":5.004,"tagname":"6_017","firstexecutionsuccess":false,"firsttestcasepath":"\\testcase\\firstcases\\testcase6_017.py","firstconsumedtime":42.438,"firstlocpath":null,"firstcoveragepath":"\\coverage\\pwpreferencecoverage\\coverage9_6_017_pw.ec","firsterrorlog":"FAILstr(e):\t\tMessage: An element could not be located on the page using the given search parameters.repr(e):\tNoSuchElementException()Traceback (most recent call last):  File \"\\testcase\\firstcases\\testcase6_017.py\", line 92, in <module>    element = getElememt(driver, \"new UiSelector().resourceId(\\\"a2dp.Vol:id\/editDesc2\\\").className(\\\"android.widget.EditText\\\")\")  File \"\\testcase\\firstcases\\testcase6_017.py\", line 34, in getElememt    element = driver.find_element_by_android_uiautomator(str)  File \"C:\\Python27\\lib\\site-packages\\appium\\webdriver\\webdriver.py\", line 327, in find_element_by_android_uiautomator    return self.find_element(by=By.ANDROID_UIAUTOMATOR, value=uia_string)  File \"C:\\Python27\\lib\\site-packages\\appium\\webdriver\\webdriver.py\", line 219, in find_element    'value': value})['value']  File \"C:\\Python27\\lib\\site-packages\\selenium\\webdriver\\remote\\webdriver.py\", line 321, in execute    self.error_handler.check_response(response)  File \"C:\\Python27\\lib\\site-packages\\appium\\webdriver\\errorhandler.py\", line 29, in check_response    raise wdeNoSuchElementException: Message: An element could not be located on the page using the given search parameters."},{"firstjacocotime":5.003,"tagname":"6_018","firstexecutionsuccess":false,"firsttestcasepath":"\\testcase\\firstcases\\testcase6_018.py","firstconsumedtime":27.822,"firstlocpath":null,"firstcoveragepath":"\\coverage\\pwpreferencecoverage\\coverage9_6_018_pw.ec","firsterrorlog":"FAILstr(e):\t\tMessage: An element could not be located on the page using the given search parameters.repr(e):\tNoSuchElementException()Traceback (most recent call last):  File \"\\testcase\\firstcases\\testcase6_018.py\", line 78, in <module>    element = getElememtBack(driver, \"new UiSelector().text(\\\"Enable Reading Text Messages?\\\")\", \"new UiSelector().resourceId(\\\"a2dp.Vol:id\/enableTTSBox\\\").className(\\\"android.widget.CheckBox\\\")\")  File \"\\testcase\\firstcases\\testcase6_018.py\", line 53, in getElememtBack    element = driver.find_element_by_android_uiautomator(str2)  File \"C:\\Python27\\lib\\site-packages\\appium\\webdriver\\webdriver.py\", line 327, in find_element_by_android_uiautomator    return self.find_element(by=By.ANDROID_UIAUTOMATOR, value=uia_string)  File \"C:\\Python27\\lib\\site-packages\\appium\\webdriver\\webdriver.py\", line 219, in find_element    'value': value})['value']  File \"C:\\Python27\\lib\\site-packages\\selenium\\webdriver\\remote\\webdriver.py\", line 321, in execute    self.error_handler.check_response(response)  File \"C:\\Python27\\lib\\site-packages\\appium\\webdriver\\errorhandler.py\", line 29, in check_response    raise wdeNoSuchElementException: Message: An element could not be located on the page using the given search parameters."},{"firstjacocotime":5.0049996,"tagname":"4_020","firstexecutionsuccess":true,"firsttestcasepath":"\\testcase\\firstcases\\testcase4_020.py","firstconsumedtime":96.144,"firstlocpath":null,"firstcoveragepath":"\\coverage\\pwpreferencecoverage\\coverage9_4_020_pw.ec","firsterrorlog":null},{"firstjacocotime":5.0049996,"tagname":"6_019","firstexecutionsuccess":false,"firsttestcasepath":"\\testcase\\firstcases\\testcase6_019.py","firstconsumedtime":22.561,"firstlocpath":null,"firstcoveragepath":"\\coverage\\pwpreferencecoverage\\coverage9_6_019_pw.ec","firsterrorlog":"FAILstr(e):\t\tMessage: An element could not be located on the page using the given search parameters.repr(e):\tNoSuchElementException()Traceback (most recent call last):  File \"\\testcase\\firstcases\\testcase6_019.py\", line 79, in <module>    element = getElememtBack(driver, \"new UiSelector().text(\\\"Set media volume on connect?\\\")\", \"new UiSelector().resourceId(\\\"a2dp.Vol:id\/checkSetVol\\\").className(\\\"android.widget.CheckBox\\\")\")  File \"\\testcase\\firstcases\\testcase6_019.py\", line 53, in getElememtBack    element = driver.find_element_by_android_uiautomator(str2)  File \"C:\\Python27\\lib\\site-packages\\appium\\webdriver\\webdriver.py\", line 327, in find_element_by_android_uiautomator    return self.find_element(by=By.ANDROID_UIAUTOMATOR, value=uia_string)  File \"C:\\Python27\\lib\\site-packages\\appium\\webdriver\\webdriver.py\", line 219, in find_element    'value': value})['value']  File \"C:\\Python27\\lib\\site-packages\\selenium\\webdriver\\remote\\webdriver.py\", line 321, in execute    self.error_handler.check_response(response)  File \"C:\\Python27\\lib\\site-packages\\appium\\webdriver\\errorhandler.py\", line 29, in check_response    raise wdeNoSuchElementException: Message: An element could not be located on the page using the given search parameters."},{"firstjacocotime":5.0049996,"tagname":"4_021","firstexecutionsuccess":true,"firsttestcasepath":"\\testcase\\firstcases\\testcase4_021.py","firstconsumedtime":24.718,"firstlocpath":null,"firstcoveragepath":"\\coverage\\pwpreferencecoverage\\coverage9_4_021_pw.ec","firsterrorlog":null},{"firstjacocotime":5.005,"tagname":"6_012","firstexecutionsuccess":false,"firsttestcasepath":"\\testcase\\firstcases\\testcase6_012.py","firstconsumedtime":41.219,"firstlocpath":null,"firstcoveragepath":"\\coverage\\pwpreferencecoverage\\coverage9_6_012_pw.ec","firsterrorlog":"FAILstr(e):\t\tMessage: An element could not be located on the page using the given search parameters.repr(e):\tNoSuchElementException()Traceback (most recent call last):  File \"\\testcase\\firstcases\\testcase6_012.py\", line 90, in <module>    element = getElememtBack(driver, \"new UiSelector().text(\\\"Power Connection\\\")\", \"new UiSelector().className(\\\"android.widget.TextView\\\").instance(3)\")  File \"\\testcase\\firstcases\\testcase6_012.py\", line 53, in getElememtBack    element = driver.find_element_by_android_uiautomator(str2)  File \"C:\\Python27\\lib\\site-packages\\appium\\webdriver\\webdriver.py\", line 327, in find_element_by_android_uiautomator    return self.find_element(by=By.ANDROID_UIAUTOMATOR, value=uia_string)  File \"C:\\Python27\\lib\\site-packages\\appium\\webdriver\\webdriver.py\", line 219, in find_element    'value': value})['value']  File \"C:\\Python27\\lib\\site-packages\\selenium\\webdriver\\remote\\webdriver.py\", line 321, in execute    self.error_handler.check_response(response)  File \"C:\\Python27\\lib\\site-packages\\appium\\webdriver\\errorhandler.py\", line 29, in check_response    raise wdeNoSuchElementException: Message: An element could not be located on the page using the given search parameters."},{"firstjacocotime":5.0049996,"tagname":"4_022","firstexecutionsuccess":false,"firsttestcasepath":"\\testcase\\firstcases\\testcase4_022.py","firstconsumedtime":45.6,"firstlocpath":null,"firstcoveragepath":"\\coverage\\pwpreferencecoverage\\coverage9_4_022_pw.ec","firsterrorlog":"FAILstr(e):\t\tMessage: An element could not be located on the page using the given search parameters.repr(e):\tNoSuchElementException()Traceback (most recent call last):  File \"\\testcase\\firstcases\\testcase4_022.py\", line 94, in <module>    element = getElememt(driver, \"new UiSelector().resourceId(\\\"a2dp.Vol:id\/editApp\\\").className(\\\"android.widget.EditText\\\")\")  File \"\\testcase\\firstcases\\testcase4_022.py\", line 34, in getElememt    element = driver.find_element_by_android_uiautomator(str)  File \"C:\\Python27\\lib\\site-packages\\appium\\webdriver\\webdriver.py\", line 327, in find_element_by_android_uiautomator    return self.find_element(by=By.ANDROID_UIAUTOMATOR, value=uia_string)  File \"C:\\Python27\\lib\\site-packages\\appium\\webdriver\\webdriver.py\", line 219, in find_element    'value': value})['value']  File \"C:\\Python27\\lib\\site-packages\\selenium\\webdriver\\remote\\webdriver.py\", line 321, in execute    self.error_handler.check_response(response)  File \"C:\\Python27\\lib\\site-packages\\appium\\webdriver\\errorhandler.py\", line 29, in check_response    raise wdeNoSuchElementException: Message: An element could not be located on the page using the given search parameters."},{"firstjacocotime":5.004,"tagname":"6_013","firstexecutionsuccess":false,"firsttestcasepath":"\\testcase\\firstcases\\testcase6_013.py","firstconsumedtime":22.802,"firstlocpath":null,"firstcoveragepath":"\\coverage\\pwpreferencecoverage\\coverage9_6_013_pw.ec","firsterrorlog":"FAILstr(e):\t\tMessage: An element could not be located on the page using the given search parameters.repr(e):\tNoSuchElementException()Traceback (most recent call last):  File \"\\testcase\\firstcases\\testcase6_013.py\", line 79, in <module>    element = getElememt(driver, \"new UiSelector().resourceId(\\\"android:id\/home\\\").className(\\\"android.widget.ImageView\\\")\")  File \"\\testcase\\firstcases\\testcase6_013.py\", line 34, in getElememt    element = driver.find_element_by_android_uiautomator(str)  File \"C:\\Python27\\lib\\site-packages\\appium\\webdriver\\webdriver.py\", line 327, in find_element_by_android_uiautomator    return self.find_element(by=By.ANDROID_UIAUTOMATOR, value=uia_string)  File \"C:\\Python27\\lib\\site-packages\\appium\\webdriver\\webdriver.py\", line 219, in find_element    'value': value})['value']  File \"C:\\Python27\\lib\\site-packages\\selenium\\webdriver\\remote\\webdriver.py\", line 321, in execute    self.error_handler.check_response(response)  File \"C:\\Python27\\lib\\site-packages\\appium\\webdriver\\errorhandler.py\", line 29, in check_response    raise wdeNoSuchElementException: Message: An element could not be located on the page using the given search parameters."},{"firstjacocotime":5.0039997,"tagname":"4_023","firstexecutionsuccess":true,"firsttestcasepath":"\\testcase\\firstcases\\testcase4_023.py","firstconsumedtime":36.735,"firstlocpath":null,"firstcoveragepath":"\\coverage\\pwpreferencecoverage\\coverage9_4_023_pw.ec","firsterrorlog":null},{"firstjacocotime":5.003,"tagname":"6_014","firstexecutionsuccess":false,"firsttestcasepath":"\\testcase\\firstcases\\testcase6_014.py","firstconsumedtime":35.193,"firstlocpath":null,"firstcoveragepath":"\\coverage\\pwpreferencecoverage\\coverage9_6_014_pw.ec","firsterrorlog":"FAILstr(e):\t\tMessage: An element could not be located on the page using the given search parameters.repr(e):\tNoSuchElementException()Traceback (most recent call last):  File \"\\testcase\\firstcases\\testcase6_014.py\", line 90, in <module>    element = getElememtBack(driver, \"new UiSelector().text(\\\"Set in-call phone volume on connect?\\\")\", \"new UiSelector().resourceId(\\\"a2dp.Vol:id\/checkSetpv\\\").className(\\\"android.widget.CheckBox\\\")\")  File \"\\testcase\\firstcases\\testcase6_014.py\", line 53, in getElememtBack    element = driver.find_element_by_android_uiautomator(str2)  File \"C:\\Python27\\lib\\site-packages\\appium\\webdriver\\webdriver.py\", line 327, in find_element_by_android_uiautomator    return self.find_element(by=By.ANDROID_UIAUTOMATOR, value=uia_string)  File \"C:\\Python27\\lib\\site-packages\\appium\\webdriver\\webdriver.py\", line 219, in find_element    'value': value})['value']  File \"C:\\Python27\\lib\\site-packages\\selenium\\webdriver\\remote\\webdriver.py\", line 321, in execute    self.error_handler.check_response(response)  File \"C:\\Python27\\lib\\site-packages\\appium\\webdriver\\errorhandler.py\", line 29, in check_response    raise wdeNoSuchElementException: Message: An element could not be located on the page using the given search parameters."},{"firstjacocotime":5.0039997,"tagname":"4_024","firstexecutionsuccess":false,"firsttestcasepath":"\\testcase\\firstcases\\testcase4_024.py","firstconsumedtime":30.539,"firstlocpath":null,"firstcoveragepath":"\\coverage\\pwpreferencecoverage\\coverage9_4_024_pw.ec","firsterrorlog":"FAILstr(e):\t\tMessage: An element could not be located on the page using the given search parameters.repr(e):\tNoSuchElementException()Traceback (most recent call last):  File \"\\testcase\\firstcases\\testcase4_024.py\", line 84, in <module>    element = getElememt(driver, \"new UiSelector().resourceId(\\\"a2dp.Vol:id\/editDesc2\\\").className(\\\"android.widget.EditText\\\")\")  File \"\\testcase\\firstcases\\testcase4_024.py\", line 34, in getElememt    element = driver.find_element_by_android_uiautomator(str)  File \"C:\\Python27\\lib\\site-packages\\appium\\webdriver\\webdriver.py\", line 327, in find_element_by_android_uiautomator    return self.find_element(by=By.ANDROID_UIAUTOMATOR, value=uia_string)  File \"C:\\Python27\\lib\\site-packages\\appium\\webdriver\\webdriver.py\", line 219, in find_element    'value': value})['value']  File \"C:\\Python27\\lib\\site-packages\\selenium\\webdriver\\remote\\webdriver.py\", line 321, in execute    self.error_handler.check_response(response)  File \"C:\\Python27\\lib\\site-packages\\appium\\webdriver\\errorhandler.py\", line 29, in check_response    raise wdeNoSuchElementException: Message: An element could not be located on the page using the given search parameters."},{"firstjacocotime":5.004,"tagname":"6_015","firstexecutionsuccess":false,"firsttestcasepath":"\\testcase\\firstcases\\testcase6_015.py","firstconsumedtime":28.5,"firstlocpath":null,"firstcoveragepath":"\\coverage\\pwpreferencecoverage\\coverage9_6_015_pw.ec","firsterrorlog":"FAILstr(e):\t\tMessage: An element could not be located on the page using the given search parameters.repr(e):\tNoSuchElementException()Traceback (most recent call last):  File \"\\testcase\\firstcases\\testcase6_015.py\", line 86, in <module>    element = getElememtBack(driver, \"new UiSelector().text(\\\"testr Connection\\\")\", \"new UiSelector().className(\\\"android.widget.TextView\\\").instance(3)\")  File \"\\testcase\\firstcases\\testcase6_015.py\", line 53, in getElememtBack    element = driver.find_element_by_android_uiautomator(str2)  File \"C:\\Python27\\lib\\site-packages\\appium\\webdriver\\webdriver.py\", line 327, in find_element_by_android_uiautomator    return self.find_element(by=By.ANDROID_UIAUTOMATOR, value=uia_string)  File \"C:\\Python27\\lib\\site-packages\\appium\\webdriver\\webdriver.py\", line 219, in find_element    'value': value})['value']  File \"C:\\Python27\\lib\\site-packages\\selenium\\webdriver\\remote\\webdriver.py\", line 321, in execute    self.error_handler.check_response(response)  File \"C:\\Python27\\lib\\site-packages\\appium\\webdriver\\errorhandler.py\", line 29, in check_response    raise wdeNoSuchElementException: Message: An element could not be located on the page using the given search parameters."},{"firstjacocotime":5.0049996,"tagname":"1_008","firstexecutionsuccess":false,"firsttestcasepath":"\\testcase\\firstcases\\testcase1_008.py","firstconsumedtime":34.561,"firstlocpath":null,"firstcoveragepath":"\\coverage\\pwpreferencecoverage\\coverage9_1_008_pw.ec","firsterrorlog":"FAILstr(e):\t\tMessage: An element could not be located on the page using the given search parameters.repr(e):\tNoSuchElementException()Traceback (most recent call last):  File \"\\testcase\\firstcases\\testcase1_008.py\", line 95, in <module>    element = getElememt(driver, \"new UiSelector().resourceId(\\\"a2dp.Vol:id\/editApp\\\").className(\\\"android.widget.EditText\\\")\")  File \"\\testcase\\firstcases\\testcase1_008.py\", line 34, in getElememt    element = driver.find_element_by_android_uiautomator(str)  File \"C:\\Python27\\lib\\site-packages\\appium\\webdriver\\webdriver.py\", line 327, in find_element_by_android_uiautomator    return self.find_element(by=By.ANDROID_UIAUTOMATOR, value=uia_string)  File \"C:\\Python27\\lib\\site-packages\\appium\\webdriver\\webdriver.py\", line 219, in find_element    'value': value})['value']  File \"C:\\Python27\\lib\\site-packages\\selenium\\webdriver\\remote\\webdriver.py\", line 321, in execute    self.error_handler.check_response(response)  File \"C:\\Python27\\lib\\site-packages\\appium\\webdriver\\errorhandler.py\", line 29, in check_response    raise wdeNoSuchElementException: Message: An element could not be located on the page using the given search parameters."},{"firstjacocotime":5.005,"tagname":"1_009","firstexecutionsuccess":true,"firsttestcasepath":"\\testcase\\firstcases\\testcase1_009.py","firstconsumedtime":6.197,"firstlocpath":null,"firstcoveragepath":"\\coverage\\pwpreferencecoverage\\coverage9_1_009_pw.ec","firsterrorlog":null},{"firstjacocotime":5.006,"tagname":"1_006","firstexecutionsuccess":false,"firsttestcasepath":"\\testcase\\firstcases\\testcase1_006.py","firstconsumedtime":19.822,"firstlocpath":null,"firstcoveragepath":"\\coverage\\pwpreferencecoverage\\coverage9_1_006_pw.ec","firsterrorlog":"FAILstr(e):\t\tMessage: An element could not be located on the page using the given search parameters.repr(e):\tNoSuchElementException()Traceback (most recent call last):  File \"\\testcase\\firstcases\\testcase1_006.py\", line 75, in <module>    element = getElememtBack(driver, \"new UiSelector().text(\\\"testr Connection\\\")\", \"new UiSelector().className(\\\"android.widget.TextView\\\").instance(3)\")  File \"\\testcase\\firstcases\\testcase1_006.py\", line 53, in getElememtBack    element = driver.find_element_by_android_uiautomator(str2)  File \"C:\\Python27\\lib\\site-packages\\appium\\webdriver\\webdriver.py\", line 327, in find_element_by_android_uiautomator    return self.find_element(by=By.ANDROID_UIAUTOMATOR, value=uia_string)  File \"C:\\Python27\\lib\\site-packages\\appium\\webdriver\\webdriver.py\", line 219, in find_element    'value': value})['value']  File \"C:\\Python27\\lib\\site-packages\\selenium\\webdriver\\remote\\webdriver.py\", line 321, in execute    self.error_handler.check_response(response)  File \"C:\\Python27\\lib\\site-packages\\appium\\webdriver\\errorhandler.py\", line 29, in check_response    raise wdeNoSuchElementException: Message: An element could not be located on the page using the given search parameters."},{"firstjacocotime":5.0039997,"tagname":"1_007","firstexecutionsuccess":true,"firsttestcasepath":"\\testcase\\firstcases\\testcase1_007.py","firstconsumedtime":40.228,"firstlocpath":null,"firstcoveragepath":"\\coverage\\pwpreferencecoverage\\coverage9_1_007_pw.ec","firsterrorlog":null},{"firstjacocotime":5.005,"tagname":"1_004","firstexecutionsuccess":false,"firsttestcasepath":"\\testcase\\firstcases\\testcase1_004.py","firstconsumedtime":25.638,"firstlocpath":null,"firstcoveragepath":"\\coverage\\pwpreferencecoverage\\coverage9_1_004_pw.ec","firsterrorlog":"FAILstr(e):\t\tMessage: An element could not be located on the page using the given search parameters.repr(e):\tNoSuchElementException()Traceback (most recent call last):  File \"\\testcase\\firstcases\\testcase1_004.py\", line 76, in <module>    element = getElememtBack(driver, \"new UiSelector().text(\\\"Force App Restart?\\\")\", \"new UiSelector().resourceId(\\\"a2dp.Vol:id\/appRestartCheckbox\\\").className(\\\"android.widget.CheckBox\\\")\")  File \"\\testcase\\firstcases\\testcase1_004.py\", line 53, in getElememtBack    element = driver.find_element_by_android_uiautomator(str2)  File \"C:\\Python27\\lib\\site-packages\\appium\\webdriver\\webdriver.py\", line 327, in find_element_by_android_uiautomator    return self.find_element(by=By.ANDROID_UIAUTOMATOR, value=uia_string)  File \"C:\\Python27\\lib\\site-packages\\appium\\webdriver\\webdriver.py\", line 219, in find_element    'value': value})['value']  File \"C:\\Python27\\lib\\site-packages\\selenium\\webdriver\\remote\\webdriver.py\", line 321, in execute    self.error_handler.check_response(response)  File \"C:\\Python27\\lib\\site-packages\\appium\\webdriver\\errorhandler.py\", line 29, in check_response    raise wdeNoSuchElementException: Message: An element could not be located on the page using the given search parameters."},{"firstjacocotime":5.006,"tagname":"1_005","firstexecutionsuccess":false,"firsttestcasepath":"\\testcase\\firstcases\\testcase1_005.py","firstconsumedtime":101.579,"firstlocpath":null,"firstcoveragepath":"\\coverage\\pwpreferencecoverage\\coverage9_1_005_pw.ec","firsterrorlog":"FAILstr(e):\t\tMessage: An element could not be located on the page using the given search parameters.repr(e):\tNoSuchElementException()Traceback (most recent call last):  File \"\\testcase\\firstcases\\testcase1_005.py\", line 108, in <module>    element = getElememt(driver, \"new UiSelector().resourceId(\\\"android:id\/home\\\").className(\\\"android.widget.ImageView\\\")\")  File \"\\testcase\\firstcases\\testcase1_005.py\", line 34, in getElememt    element = driver.find_element_by_android_uiautomator(str)  File \"C:\\Python27\\lib\\site-packages\\appium\\webdriver\\webdriver.py\", line 327, in find_element_by_android_uiautomator    return self.find_element(by=By.ANDROID_UIAUTOMATOR, value=uia_string)  File \"C:\\Python27\\lib\\site-packages\\appium\\webdriver\\webdriver.py\", line 219, in find_element    'value': value})['value']  File \"C:\\Python27\\lib\\site-packages\\selenium\\webdriver\\remote\\webdriver.py\", line 321, in execute    self.error_handler.check_response(response)  File \"C:\\Python27\\lib\\site-packages\\appium\\webdriver\\errorhandler.py\", line 29, in check_response    raise wdeNoSuchElementException: Message: An element could not be located on the page using the given search parameters."},{"firstjacocotime":5.004,"tagname":"1_002","firstexecutionsuccess":false,"firsttestcasepath":"\\testcase\\firstcases\\testcase1_002.py","firstconsumedtime":51.079,"firstlocpath":null,"firstcoveragepath":"\\coverage\\pwpreferencecoverage\\coverage9_1_002_pw.ec","firsterrorlog":"FAILstr(e):\t\tMessage: An element could not be located on the page using the given search parameters.repr(e):\tNoSuchElementException()Traceback (most recent call last):  File \"\\testcase\\firstcases\\testcase1_002.py\", line 99, in <module>    element = getElememtBack(driver, \"new UiSelector().text(\\\"Stop app on disconnect?\\\")\", \"new UiSelector().resourceId(\\\"a2dp.Vol:id\/appKillCheckbox\\\").className(\\\"android.widget.CheckBox\\\")\")  File \"\\testcase\\firstcases\\testcase1_002.py\", line 53, in getElememtBack    element = driver.find_element_by_android_uiautomator(str2)  File \"C:\\Python27\\lib\\site-packages\\appium\\webdriver\\webdriver.py\", line 327, in find_element_by_android_uiautomator    return self.find_element(by=By.ANDROID_UIAUTOMATOR, value=uia_string)  File \"C:\\Python27\\lib\\site-packages\\appium\\webdriver\\webdriver.py\", line 219, in find_element    'value': value})['value']  File \"C:\\Python27\\lib\\site-packages\\selenium\\webdriver\\remote\\webdriver.py\", line 321, in execute    self.error_handler.check_response(response)  File \"C:\\Python27\\lib\\site-packages\\appium\\webdriver\\errorhandler.py\", line 29, in check_response    raise wdeNoSuchElementException: Message: An element could not be located on the page using the given search parameters."},{"firstjacocotime":5.005,"tagname":"1_003","firstexecutionsuccess":false,"firsttestcasepath":"\\testcase\\firstcases\\testcase1_003.py","firstconsumedtime":37.768,"firstlocpath":null,"firstcoveragepath":"\\coverage\\pwpreferencecoverage\\coverage9_1_003_pw.ec","firsterrorlog":"FAILstr(e):\t\tMessage: An element could not be located on the page using the given search parameters.repr(e):\tNoSuchElementException()Traceback (most recent call last):  File \"\\testcase\\firstcases\\testcase1_003.py\", line 84, in <module>    element = getElememt(driver, \"new UiSelector().resourceId(\\\"a2dp.Vol:id\/editDesc2\\\").className(\\\"android.widget.EditText\\\")\")  File \"\\testcase\\firstcases\\testcase1_003.py\", line 34, in getElememt    element = driver.find_element_by_android_uiautomator(str)  File \"C:\\Python27\\lib\\site-packages\\appium\\webdriver\\webdriver.py\", line 327, in find_element_by_android_uiautomator    return self.find_element(by=By.ANDROID_UIAUTOMATOR, value=uia_string)  File \"C:\\Python27\\lib\\site-packages\\appium\\webdriver\\webdriver.py\", line 219, in find_element    'value': value})['value']  File \"C:\\Python27\\lib\\site-packages\\selenium\\webdriver\\remote\\webdriver.py\", line 321, in execute    self.error_handler.check_response(response)  File \"C:\\Python27\\lib\\site-packages\\appium\\webdriver\\errorhandler.py\", line 29, in check_response    raise wdeNoSuchElementException: Message: An element could not be located on the page using the given search parameters."},{"firstjacocotime":5.006,"tagname":"1_000","firstexecutionsuccess":false,"firsttestcasepath":"\\testcase\\firstcases\\testcase1_000.py","firstconsumedtime":25.683,"firstlocpath":null,"firstcoveragepath":"\\coverage\\pwpreferencecoverage\\coverage9_1_000_pw.ec","firsterrorlog":"FAILstr(e):\t\tMessage: An element could not be located on the page using the given search parameters.repr(e):\tNoSuchElementException()Traceback (most recent call last):  File \"\\testcase\\firstcases\\testcase1_000.py\", line 81, in <module>    element = getElememtBack(driver, \"new UiSelector().text(\\\"testr Connection\\\")\", \"new UiSelector().className(\\\"android.widget.TextView\\\").instance(3)\")  File \"\\testcase\\firstcases\\testcase1_000.py\", line 53, in getElememtBack    element = driver.find_element_by_android_uiautomator(str2)  File \"C:\\Python27\\lib\\site-packages\\appium\\webdriver\\webdriver.py\", line 327, in find_element_by_android_uiautomator    return self.find_element(by=By.ANDROID_UIAUTOMATOR, value=uia_string)  File \"C:\\Python27\\lib\\site-packages\\appium\\webdriver\\webdriver.py\", line 219, in find_element    'value': value})['value']  File \"C:\\Python27\\lib\\site-packages\\selenium\\webdriver\\remote\\webdriver.py\", line 321, in execute    self.error_handler.check_response(response)  File \"C:\\Python27\\lib\\site-packages\\appium\\webdriver\\errorhandler.py\", line 29, in check_response    raise wdeNoSuchElementException: Message: An element could not be located on the page using the given search parameters."},{"firstjacocotime":5.0039997,"tagname":"1_001","firstexecutionsuccess":false,"firsttestcasepath":"\\testcase\\firstcases\\testcase1_001.py","firstconsumedtime":26.776001,"firstlocpath":null,"firstcoveragepath":"\\coverage\\pwpreferencecoverage\\coverage9_1_001_pw.ec","firsterrorlog":"FAILstr(e):\t\tMessage: An element could not be located on the page using the given search parameters.repr(e):\tNoSuchElementException()Traceback (most recent call last):  File \"\\testcase\\firstcases\\testcase1_001.py\", line 80, in <module>    element = getElememtBack(driver, \"new UiSelector().text(\\\"Pandora Radio Station\\\")\", \"new UiSelector().className(\\\"android.widget.TextView\\\").instance(4)\")  File \"\\testcase\\firstcases\\testcase1_001.py\", line 53, in getElememtBack    element = driver.find_element_by_android_uiautomator(str2)  File \"C:\\Python27\\lib\\site-packages\\appium\\webdriver\\webdriver.py\", line 327, in find_element_by_android_uiautomator    return self.find_element(by=By.ANDROID_UIAUTOMATOR, value=uia_string)  File \"C:\\Python27\\lib\\site-packages\\appium\\webdriver\\webdriver.py\", line 219, in find_element    'value': value})['value']  File \"C:\\Python27\\lib\\site-packages\\selenium\\webdriver\\remote\\webdriver.py\", line 321, in execute    self.error_handler.check_response(response)  File \"C:\\Python27\\lib\\site-packages\\appium\\webdriver\\errorhandler.py\", line 29, in check_response    raise wdeNoSuchElementException: Message: An element could not be located on the page using the given search parameters."}],"interestmap":[]}