{"testcasedatas":[{"firstjacocotime":0.54200006,"tagname":"2_027","firstexecutionsuccess":false,"firsttestcasepath":"\\testcase\\firstcases\\testcase2_027.py","firstconsumedtime":13.325,"firstlocpath":null,"firstcoveragepath":"\\coverage\\pwpreferencecoverage\\coverage0_2_027_pw.ec","firsterrorlog":"FAILstr(e):\t\tMessage: An element could not be located on the page using the given search parameters.repr(e):\tNoSuchElementException()Traceback (most recent call last):  File \"\\testcase\\firstcases\\testcase2_027.py\", line 66, in <module>    element = getElememt(driver, \"new UiSelector().resourceId(\\\"org.wikipedia:id\/icon\\\").className(\\\"android.widget.ImageView\\\")\")  File \"\\testcase\\firstcases\\testcase2_027.py\", line 28, in getElememt    element = driver.find_element_by_android_uiautomator(str)  File \"C:\\Python27\\lib\\site-packages\\appium\\webdriver\\webdriver.py\", line 156, in find_element_by_android_uiautomator    return self.find_element(by=By.ANDROID_UIAUTOMATOR, value=uia_string)  File \"C:\\Python27\\lib\\site-packages\\selenium\\webdriver\\remote\\webdriver.py\", line 957, in find_element    'value': value})['value']  File \"C:\\Python27\\lib\\site-packages\\selenium\\webdriver\\remote\\webdriver.py\", line 314, in execute    self.error_handler.check_response(response)  File \"C:\\Python27\\lib\\site-packages\\appium\\webdriver\\errorhandler.py\", line 29, in check_response    raise wdeNoSuchElementException: Message: An element could not be located on the page using the given search parameters."},{"firstjacocotime":0.52900004,"tagname":"2_028","firstexecutionsuccess":false,"firsttestcasepath":"\\testcase\\firstcases\\testcase2_028.py","firstconsumedtime":13.557,"firstlocpath":null,"firstcoveragepath":"\\coverage\\pwpreferencecoverage\\coverage0_2_028_pw.ec","firsterrorlog":"FAILstr(e):\t\tMessage: An element could not be located on the page using the given search parameters.repr(e):\tNoSuchElementException()Traceback (most recent call last):  File \"\\testcase\\firstcases\\testcase2_028.py\", line 66, in <module>    element = getElememt(driver, \"new UiSelector().resourceId(\\\"org.wikipedia:id\/voice_search_button\\\").className(\\\"android.widget.ImageView\\\")\")  File \"\\testcase\\firstcases\\testcase2_028.py\", line 28, in getElememt    element = driver.find_element_by_android_uiautomator(str)  File \"C:\\Python27\\lib\\site-packages\\appium\\webdriver\\webdriver.py\", line 156, in find_element_by_android_uiautomator    return self.find_element(by=By.ANDROID_UIAUTOMATOR, value=uia_string)  File \"C:\\Python27\\lib\\site-packages\\selenium\\webdriver\\remote\\webdriver.py\", line 957, in find_element    'value': value})['value']  File \"C:\\Python27\\lib\\site-packages\\selenium\\webdriver\\remote\\webdriver.py\", line 314, in execute    self.error_handler.check_response(response)  File \"C:\\Python27\\lib\\site-packages\\appium\\webdriver\\errorhandler.py\", line 29, in check_response    raise wdeNoSuchElementException: Message: An element could not be located on the page using the given search parameters."},{"firstjacocotime":0.5289998,"tagname":"2_029","firstexecutionsuccess":false,"firsttestcasepath":"\\testcase\\firstcases\\testcase2_029.py","firstconsumedtime":13.305,"firstlocpath":null,"firstcoveragepath":"\\coverage\\pwpreferencecoverage\\coverage0_2_029_pw.ec","firsterrorlog":"FAILstr(e):\t\tMessage: An element could not be located on the page using the given search parameters.repr(e):\tNoSuchElementException()Traceback (most recent call last):  File \"\\testcase\\firstcases\\testcase2_029.py\", line 66, in <module>    element = getElememt(driver, \"new UiSelector().resourceId(\\\"org.wikipedia:id\/menu_overflow_button\\\").className(\\\"android.widget.TextView\\\")\")  File \"\\testcase\\firstcases\\testcase2_029.py\", line 28, in getElememt    element = driver.find_element_by_android_uiautomator(str)  File \"C:\\Python27\\lib\\site-packages\\appium\\webdriver\\webdriver.py\", line 156, in find_element_by_android_uiautomator    return self.find_element(by=By.ANDROID_UIAUTOMATOR, value=uia_string)  File \"C:\\Python27\\lib\\site-packages\\selenium\\webdriver\\remote\\webdriver.py\", line 957, in find_element    'value': value})['value']  File \"C:\\Python27\\lib\\site-packages\\selenium\\webdriver\\remote\\webdriver.py\", line 314, in execute    self.error_handler.check_response(response)  File \"C:\\Python27\\lib\\site-packages\\appium\\webdriver\\errorhandler.py\", line 29, in check_response    raise wdeNoSuchElementException: Message: An element could not be located on the page using the given search parameters."},{"firstjacocotime":0.52900004,"tagname":"2_023","firstexecutionsuccess":false,"firsttestcasepath":"\\testcase\\firstcases\\testcase2_023.py","firstconsumedtime":13.513,"firstlocpath":null,"firstcoveragepath":"\\coverage\\pwpreferencecoverage\\coverage0_2_023_pw.ec","firsterrorlog":"FAILstr(e):\t\tMessage: An element could not be located on the page using the given search parameters.repr(e):\tNoSuchElementException()Traceback (most recent call last):  File \"\\testcase\\firstcases\\testcase2_023.py\", line 66, in <module>    element = getElememt(driver, \"new UiSelector().resourceId(\\\"org.wikipedia:id\/voice_search_button\\\").className(\\\"android.widget.ImageView\\\")\")  File \"\\testcase\\firstcases\\testcase2_023.py\", line 28, in getElememt    element = driver.find_element_by_android_uiautomator(str)  File \"C:\\Python27\\lib\\site-packages\\appium\\webdriver\\webdriver.py\", line 156, in find_element_by_android_uiautomator    return self.find_element(by=By.ANDROID_UIAUTOMATOR, value=uia_string)  File \"C:\\Python27\\lib\\site-packages\\selenium\\webdriver\\remote\\webdriver.py\", line 957, in find_element    'value': value})['value']  File \"C:\\Python27\\lib\\site-packages\\selenium\\webdriver\\remote\\webdriver.py\", line 314, in execute    self.error_handler.check_response(response)  File \"C:\\Python27\\lib\\site-packages\\appium\\webdriver\\errorhandler.py\", line 29, in check_response    raise wdeNoSuchElementException: Message: An element could not be located on the page using the given search parameters."},{"firstjacocotime":0.60300016,"tagname":"2_024","firstexecutionsuccess":false,"firsttestcasepath":"\\testcase\\firstcases\\testcase2_024.py","firstconsumedtime":18.783,"firstlocpath":null,"firstcoveragepath":"\\coverage\\pwpreferencecoverage\\coverage0_2_024_pw.ec","firsterrorlog":"FAILstr(e):\t\tMessage: An element could not be located on the page using the given search parameters.repr(e):\tNoSuchElementException()Traceback (most recent call last):  File \"\\testcase\\firstcases\\testcase2_024.py\", line 68, in <module>    element = getElememt(driver, \"new UiSelector().resourceId(\\\"org.wikipedia:id\/view_static_card_icon\\\").className(\\\"android.widget.ImageView\\\")\")  File \"\\testcase\\firstcases\\testcase2_024.py\", line 28, in getElememt    element = driver.find_element_by_android_uiautomator(str)  File \"C:\\Python27\\lib\\site-packages\\appium\\webdriver\\webdriver.py\", line 156, in find_element_by_android_uiautomator    return self.find_element(by=By.ANDROID_UIAUTOMATOR, value=uia_string)  File \"C:\\Python27\\lib\\site-packages\\selenium\\webdriver\\remote\\webdriver.py\", line 957, in find_element    'value': value})['value']  File \"C:\\Python27\\lib\\site-packages\\selenium\\webdriver\\remote\\webdriver.py\", line 314, in execute    self.error_handler.check_response(response)  File \"C:\\Python27\\lib\\site-packages\\appium\\webdriver\\errorhandler.py\", line 29, in check_response    raise wdeNoSuchElementException: Message: An element could not be located on the page using the given search parameters."},{"firstjacocotime":0.526,"tagname":"2_025","firstexecutionsuccess":false,"firsttestcasepath":"\\testcase\\firstcases\\testcase2_025.py","firstconsumedtime":13.848001,"firstlocpath":null,"firstcoveragepath":"\\coverage\\pwpreferencecoverage\\coverage0_2_025_pw.ec","firsterrorlog":"FAILstr(e):\t\tMessage: An element could not be located on the page using the given search parameters.repr(e):\tNoSuchElementException()Traceback (most recent call last):  File \"\\testcase\\firstcases\\testcase2_025.py\", line 66, in <module>    element = getElememt(driver, \"new UiSelector().resourceId(\\\"org.wikipedia:id\/voice_search_button\\\").className(\\\"android.widget.ImageView\\\")\")  File \"\\testcase\\firstcases\\testcase2_025.py\", line 28, in getElememt    element = driver.find_element_by_android_uiautomator(str)  File \"C:\\Python27\\lib\\site-packages\\appium\\webdriver\\webdriver.py\", line 156, in find_element_by_android_uiautomator    return self.find_element(by=By.ANDROID_UIAUTOMATOR, value=uia_string)  File \"C:\\Python27\\lib\\site-packages\\selenium\\webdriver\\remote\\webdriver.py\", line 957, in find_element    'value': value})['value']  File \"C:\\Python27\\lib\\site-packages\\selenium\\webdriver\\remote\\webdriver.py\", line 314, in execute    self.error_handler.check_response(response)  File \"C:\\Python27\\lib\\site-packages\\appium\\webdriver\\errorhandler.py\", line 29, in check_response    raise wdeNoSuchElementException: Message: An element could not be located on the page using the given search parameters."},{"firstjacocotime":40.348,"tagname":"2_026","firstexecutionsuccess":true,"firsttestcasepath":"\\testcase\\firstcases\\testcase2_026.py","firstconsumedtime":68.628,"firstlocpath":null,"firstcoveragepath":"\\coverage\\pwpreferencecoverage\\coverage0_2_026_pw.ec","firsterrorlog":null},{"firstjacocotime":47.378,"tagname":"2_020","firstexecutionsuccess":true,"firsttestcasepath":"\\testcase\\firstcases\\testcase2_020.py","firstconsumedtime":9.421,"firstlocpath":null,"firstcoveragepath":"\\coverage\\pwpreferencecoverage\\coverage0_2_020_pw.ec","firsterrorlog":null},{"firstjacocotime":0.52699995,"tagname":"2_021","firstexecutionsuccess":false,"firsttestcasepath":"\\testcase\\firstcases\\testcase2_021.py","firstconsumedtime":22.865,"firstlocpath":null,"firstcoveragepath":"\\coverage\\pwpreferencecoverage\\coverage0_2_021_pw.ec","firsterrorlog":"FAILstr(e):\t\tMessage: An element could not be located on the page using the given search parameters.repr(e):\tNoSuchElementException()Traceback (most recent call last):  File \"\\testcase\\firstcases\\testcase2_021.py\", line 70, in <module>    element = getElememt(driver, \"new UiSelector().resourceId(\\\"org.wikipedia:id\/icon\\\").className(\\\"android.widget.ImageView\\\")\")  File \"\\testcase\\firstcases\\testcase2_021.py\", line 28, in getElememt    element = driver.find_element_by_android_uiautomator(str)  File \"C:\\Python27\\lib\\site-packages\\appium\\webdriver\\webdriver.py\", line 156, in find_element_by_android_uiautomator    return self.find_element(by=By.ANDROID_UIAUTOMATOR, value=uia_string)  File \"C:\\Python27\\lib\\site-packages\\selenium\\webdriver\\remote\\webdriver.py\", line 957, in find_element    'value': value})['value']  File \"C:\\Python27\\lib\\site-packages\\selenium\\webdriver\\remote\\webdriver.py\", line 314, in execute    self.error_handler.check_response(response)  File \"C:\\Python27\\lib\\site-packages\\appium\\webdriver\\errorhandler.py\", line 29, in check_response    raise wdeNoSuchElementException: Message: An element could not be located on the page using the given search parameters."},{"firstjacocotime":4.052,"tagname":"2_022","firstexecutionsuccess":true,"firsttestcasepath":"\\testcase\\firstcases\\testcase2_022.py","firstconsumedtime":19.045,"firstlocpath":null,"firstcoveragepath":"\\coverage\\pwpreferencecoverage\\coverage0_2_022_pw.ec","firsterrorlog":null},{"firstjacocotime":0.5109999,"tagname":"2_016","firstexecutionsuccess":false,"firsttestcasepath":"\\testcase\\firstcases\\testcase2_016.py","firstconsumedtime":13.426001,"firstlocpath":null,"firstcoveragepath":"\\coverage\\pwpreferencecoverage\\coverage0_2_016_pw.ec","firsterrorlog":"FAILstr(e):\t\tMessage: An element could not be located on the page using the given search parameters.repr(e):\tNoSuchElementException()Traceback (most recent call last):  File \"\\testcase\\firstcases\\testcase2_016.py\", line 66, in <module>    element = getElememt(driver, \"new UiSelector().resourceId(\\\"org.wikipedia:id\/icon\\\").className(\\\"android.widget.ImageView\\\")\")  File \"\\testcase\\firstcases\\testcase2_016.py\", line 28, in getElememt    element = driver.find_element_by_android_uiautomator(str)  File \"C:\\Python27\\lib\\site-packages\\appium\\webdriver\\webdriver.py\", line 156, in find_element_by_android_uiautomator    return self.find_element(by=By.ANDROID_UIAUTOMATOR, value=uia_string)  File \"C:\\Python27\\lib\\site-packages\\selenium\\webdriver\\remote\\webdriver.py\", line 957, in find_element    'value': value})['value']  File \"C:\\Python27\\lib\\site-packages\\selenium\\webdriver\\remote\\webdriver.py\", line 314, in execute    self.error_handler.check_response(response)  File \"C:\\Python27\\lib\\site-packages\\appium\\webdriver\\errorhandler.py\", line 29, in check_response    raise wdeNoSuchElementException: Message: An element could not be located on the page using the given search parameters."},{"firstjacocotime":0.56700015,"tagname":"2_017","firstexecutionsuccess":false,"firsttestcasepath":"\\testcase\\firstcases\\testcase2_017.py","firstconsumedtime":20.193,"firstlocpath":null,"firstcoveragepath":"\\coverage\\pwpreferencecoverage\\coverage0_2_017_pw.ec","firsterrorlog":"FAILstr(e):\t\tMessage: An element could not be located on the page using the given search parameters.repr(e):\tNoSuchElementException()Traceback (most recent call last):  File \"\\testcase\\firstcases\\testcase2_017.py\", line 69, in <module>    element = getElememt(driver, \"new UiSelector().resourceId(\\\"org.wikipedia:id\/icon\\\").className(\\\"android.widget.ImageView\\\")\")  File \"\\testcase\\firstcases\\testcase2_017.py\", line 28, in getElememt    element = driver.find_element_by_android_uiautomator(str)  File \"C:\\Python27\\lib\\site-packages\\appium\\webdriver\\webdriver.py\", line 156, in find_element_by_android_uiautomator    return self.find_element(by=By.ANDROID_UIAUTOMATOR, value=uia_string)  File \"C:\\Python27\\lib\\site-packages\\selenium\\webdriver\\remote\\webdriver.py\", line 957, in find_element    'value': value})['value']  File \"C:\\Python27\\lib\\site-packages\\selenium\\webdriver\\remote\\webdriver.py\", line 314, in execute    self.error_handler.check_response(response)  File \"C:\\Python27\\lib\\site-packages\\appium\\webdriver\\errorhandler.py\", line 29, in check_response    raise wdeNoSuchElementException: Message: An element could not be located on the page using the given search parameters."},{"firstjacocotime":0.50399995,"tagname":"2_018","firstexecutionsuccess":false,"firsttestcasepath":"\\testcase\\firstcases\\testcase2_018.py","firstconsumedtime":13.127,"firstlocpath":null,"firstcoveragepath":"\\coverage\\pwpreferencecoverage\\coverage0_2_018_pw.ec","firsterrorlog":"FAILstr(e):\t\tMessage: An element could not be located on the page using the given search parameters.repr(e):\tNoSuchElementException()Traceback (most recent call last):  File \"\\testcase\\firstcases\\testcase2_018.py\", line 66, in <module>    element = getElememt(driver, \"new UiSelector().resourceId(\\\"org.wikipedia:id\/menu_overflow_button\\\").className(\\\"android.widget.TextView\\\")\")  File \"\\testcase\\firstcases\\testcase2_018.py\", line 28, in getElememt    element = driver.find_element_by_android_uiautomator(str)  File \"C:\\Python27\\lib\\site-packages\\appium\\webdriver\\webdriver.py\", line 156, in find_element_by_android_uiautomator    return self.find_element(by=By.ANDROID_UIAUTOMATOR, value=uia_string)  File \"C:\\Python27\\lib\\site-packages\\selenium\\webdriver\\remote\\webdriver.py\", line 957, in find_element    'value': value})['value']  File \"C:\\Python27\\lib\\site-packages\\selenium\\webdriver\\remote\\webdriver.py\", line 314, in execute    self.error_handler.check_response(response)  File \"C:\\Python27\\lib\\site-packages\\appium\\webdriver\\errorhandler.py\", line 29, in check_response    raise wdeNoSuchElementException: Message: An element could not be located on the page using the given search parameters."},{"firstjacocotime":59.35,"tagname":"2_019","firstexecutionsuccess":true,"firsttestcasepath":"\\testcase\\firstcases\\testcase2_019.py","firstconsumedtime":9.213,"firstlocpath":null,"firstcoveragepath":"\\coverage\\pwpreferencecoverage\\coverage0_2_019_pw.ec","firsterrorlog":null},{"firstjacocotime":0.56299996,"tagname":"2_012","firstexecutionsuccess":false,"firsttestcasepath":"\\testcase\\firstcases\\testcase2_012.py","firstconsumedtime":18.38,"firstlocpath":null,"firstcoveragepath":"\\coverage\\pwpreferencecoverage\\coverage0_2_012_pw.ec","firsterrorlog":"FAILstr(e):\t\tMessage: An element could not be located on the page using the given search parameters.repr(e):\tNoSuchElementException()Traceback (most recent call last):  File \"\\testcase\\firstcases\\testcase2_012.py\", line 68, in <module>    element = getElememt(driver, \"new UiSelector().resourceId(\\\"org.wikipedia:id\/menu_overflow_button\\\").className(\\\"android.widget.TextView\\\")\")  File \"\\testcase\\firstcases\\testcase2_012.py\", line 28, in getElememt    element = driver.find_element_by_android_uiautomator(str)  File \"C:\\Python27\\lib\\site-packages\\appium\\webdriver\\webdriver.py\", line 156, in find_element_by_android_uiautomator    return self.find_element(by=By.ANDROID_UIAUTOMATOR, value=uia_string)  File \"C:\\Python27\\lib\\site-packages\\selenium\\webdriver\\remote\\webdriver.py\", line 957, in find_element    'value': value})['value']  File \"C:\\Python27\\lib\\site-packages\\selenium\\webdriver\\remote\\webdriver.py\", line 314, in execute    self.error_handler.check_response(response)  File \"C:\\Python27\\lib\\site-packages\\appium\\webdriver\\errorhandler.py\", line 29, in check_response    raise wdeNoSuchElementException: Message: An element could not be located on the page using the given search parameters."},{"firstjacocotime":0.5220001,"tagname":"2_013","firstexecutionsuccess":false,"firsttestcasepath":"\\testcase\\firstcases\\testcase2_013.py","firstconsumedtime":13.807,"firstlocpath":null,"firstcoveragepath":"\\coverage\\pwpreferencecoverage\\coverage0_2_013_pw.ec","firsterrorlog":"FAILstr(e):\t\tMessage: An element could not be located on the page using the given search parameters.repr(e):\tNoSuchElementException()Traceback (most recent call last):  File \"\\testcase\\firstcases\\testcase2_013.py\", line 66, in <module>    element = getElememt(driver, \"new UiSelector().className(\\\"android.widget.ImageView\\\").description(\\\"Search Wikipedia\\\")\")  File \"\\testcase\\firstcases\\testcase2_013.py\", line 28, in getElememt    element = driver.find_element_by_android_uiautomator(str)  File \"C:\\Python27\\lib\\site-packages\\appium\\webdriver\\webdriver.py\", line 156, in find_element_by_android_uiautomator    return self.find_element(by=By.ANDROID_UIAUTOMATOR, value=uia_string)  File \"C:\\Python27\\lib\\site-packages\\selenium\\webdriver\\remote\\webdriver.py\", line 957, in find_element    'value': value})['value']  File \"C:\\Python27\\lib\\site-packages\\selenium\\webdriver\\remote\\webdriver.py\", line 314, in execute    self.error_handler.check_response(response)  File \"C:\\Python27\\lib\\site-packages\\appium\\webdriver\\errorhandler.py\", line 29, in check_response    raise wdeNoSuchElementException: Message: An element could not be located on the page using the given search parameters."},{"firstjacocotime":0.526,"tagname":"2_014","firstexecutionsuccess":false,"firsttestcasepath":"\\testcase\\firstcases\\testcase2_014.py","firstconsumedtime":13.535,"firstlocpath":null,"firstcoveragepath":"\\coverage\\pwpreferencecoverage\\coverage0_2_014_pw.ec","firsterrorlog":"FAILstr(e):\t\tMessage: An element could not be located on the page using the given search parameters.repr(e):\tNoSuchElementException()Traceback (most recent call last):  File \"\\testcase\\firstcases\\testcase2_014.py\", line 66, in <module>    element = getElememt(driver, \"new UiSelector().resourceId(\\\"org.wikipedia:id\/icon\\\").className(\\\"android.widget.ImageView\\\")\")  File \"\\testcase\\firstcases\\testcase2_014.py\", line 28, in getElememt    element = driver.find_element_by_android_uiautomator(str)  File \"C:\\Python27\\lib\\site-packages\\appium\\webdriver\\webdriver.py\", line 156, in find_element_by_android_uiautomator    return self.find_element(by=By.ANDROID_UIAUTOMATOR, value=uia_string)  File \"C:\\Python27\\lib\\site-packages\\selenium\\webdriver\\remote\\webdriver.py\", line 957, in find_element    'value': value})['value']  File \"C:\\Python27\\lib\\site-packages\\selenium\\webdriver\\remote\\webdriver.py\", line 314, in execute    self.error_handler.check_response(response)  File \"C:\\Python27\\lib\\site-packages\\appium\\webdriver\\errorhandler.py\", line 29, in check_response    raise wdeNoSuchElementException: Message: An element could not be located on the page using the given search parameters."},{"firstjacocotime":0.51,"tagname":"2_015","firstexecutionsuccess":false,"firsttestcasepath":"\\testcase\\firstcases\\testcase2_015.py","firstconsumedtime":13.608,"firstlocpath":null,"firstcoveragepath":"\\coverage\\pwpreferencecoverage\\coverage0_2_015_pw.ec","firsterrorlog":"FAILstr(e):\t\tMessage: An element could not be located on the page using the given search parameters.repr(e):\tNoSuchElementException()Traceback (most recent call last):  File \"\\testcase\\firstcases\\testcase2_015.py\", line 66, in <module>    element = getElememt(driver, \"new UiSelector().resourceId(\\\"org.wikipedia:id\/voice_search_button\\\").className(\\\"android.widget.ImageView\\\")\")  File \"\\testcase\\firstcases\\testcase2_015.py\", line 28, in getElememt    element = driver.find_element_by_android_uiautomator(str)  File \"C:\\Python27\\lib\\site-packages\\appium\\webdriver\\webdriver.py\", line 156, in find_element_by_android_uiautomator    return self.find_element(by=By.ANDROID_UIAUTOMATOR, value=uia_string)  File \"C:\\Python27\\lib\\site-packages\\selenium\\webdriver\\remote\\webdriver.py\", line 957, in find_element    'value': value})['value']  File \"C:\\Python27\\lib\\site-packages\\selenium\\webdriver\\remote\\webdriver.py\", line 314, in execute    self.error_handler.check_response(response)  File \"C:\\Python27\\lib\\site-packages\\appium\\webdriver\\errorhandler.py\", line 29, in check_response    raise wdeNoSuchElementException: Message: An element could not be located on the page using the given search parameters."},{"firstjacocotime":25.725,"tagname":"2_010","firstexecutionsuccess":true,"firsttestcasepath":"\\testcase\\firstcases\\testcase2_010.py","firstconsumedtime":9.223,"firstlocpath":null,"firstcoveragepath":"\\coverage\\pwpreferencecoverage\\coverage0_2_010_pw.ec","firsterrorlog":null},{"firstjacocotime":0.5609999,"tagname":"2_011","firstexecutionsuccess":false,"firsttestcasepath":"\\testcase\\firstcases\\testcase2_011.py","firstconsumedtime":18.622,"firstlocpath":null,"firstcoveragepath":"\\coverage\\pwpreferencecoverage\\coverage0_2_011_pw.ec","firsterrorlog":"FAILstr(e):\t\tMessage: An element could not be located on the page using the given search parameters.repr(e):\tNoSuchElementException()Traceback (most recent call last):  File \"\\testcase\\firstcases\\testcase2_011.py\", line 68, in <module>    element = getElememt(driver, \"new UiSelector().resourceId(\\\"org.wikipedia:id\/voice_search_button\\\").className(\\\"android.widget.ImageView\\\")\")  File \"\\testcase\\firstcases\\testcase2_011.py\", line 28, in getElememt    element = driver.find_element_by_android_uiautomator(str)  File \"C:\\Python27\\lib\\site-packages\\appium\\webdriver\\webdriver.py\", line 156, in find_element_by_android_uiautomator    return self.find_element(by=By.ANDROID_UIAUTOMATOR, value=uia_string)  File \"C:\\Python27\\lib\\site-packages\\selenium\\webdriver\\remote\\webdriver.py\", line 957, in find_element    'value': value})['value']  File \"C:\\Python27\\lib\\site-packages\\selenium\\webdriver\\remote\\webdriver.py\", line 314, in execute    self.error_handler.check_response(response)  File \"C:\\Python27\\lib\\site-packages\\appium\\webdriver\\errorhandler.py\", line 29, in check_response    raise wdeNoSuchElementException: Message: An element could not be located on the page using the given search parameters."},{"firstjacocotime":0.5869999,"tagname":"5_000","firstexecutionsuccess":false,"firsttestcasepath":"\\testcase\\firstcases\\testcase5_000.py","firstconsumedtime":18.952,"firstlocpath":null,"firstcoveragepath":"\\coverage\\pwpreferencecoverage\\coverage0_5_000_pw.ec","firsterrorlog":"FAILstr(e):\t\tMessage: An element could not be located on the page using the given search parameters.repr(e):\tNoSuchElementException()Traceback (most recent call last):  File \"\\testcase\\firstcases\\testcase5_000.py\", line 68, in <module>    element = getElememt(driver, \"new UiSelector().resourceId(\\\"org.wikipedia:id\/voice_search_button\\\").className(\\\"android.widget.ImageView\\\")\")  File \"\\testcase\\firstcases\\testcase5_000.py\", line 28, in getElememt    element = driver.find_element_by_android_uiautomator(str)  File \"C:\\Python27\\lib\\site-packages\\appium\\webdriver\\webdriver.py\", line 156, in find_element_by_android_uiautomator    return self.find_element(by=By.ANDROID_UIAUTOMATOR, value=uia_string)  File \"C:\\Python27\\lib\\site-packages\\selenium\\webdriver\\remote\\webdriver.py\", line 957, in find_element    'value': value})['value']  File \"C:\\Python27\\lib\\site-packages\\selenium\\webdriver\\remote\\webdriver.py\", line 314, in execute    self.error_handler.check_response(response)  File \"C:\\Python27\\lib\\site-packages\\appium\\webdriver\\errorhandler.py\", line 29, in check_response    raise wdeNoSuchElementException: Message: An element could not be located on the page using the given search parameters."},{"firstjacocotime":0.503,"tagname":"5_001","firstexecutionsuccess":false,"firsttestcasepath":"\\testcase\\firstcases\\testcase5_001.py","firstconsumedtime":13.708,"firstlocpath":null,"firstcoveragepath":"\\coverage\\pwpreferencecoverage\\coverage0_5_001_pw.ec","firsterrorlog":"FAILstr(e):\t\tMessage: An element could not be located on the page using the given search parameters.repr(e):\tNoSuchElementException()Traceback (most recent call last):  File \"\\testcase\\firstcases\\testcase5_001.py\", line 66, in <module>    element = getElememt(driver, \"new UiSelector().resourceId(\\\"org.wikipedia:id\/menu_overflow_button\\\").className(\\\"android.widget.TextView\\\")\")  File \"\\testcase\\firstcases\\testcase5_001.py\", line 28, in getElememt    element = driver.find_element_by_android_uiautomator(str)  File \"C:\\Python27\\lib\\site-packages\\appium\\webdriver\\webdriver.py\", line 156, in find_element_by_android_uiautomator    return self.find_element(by=By.ANDROID_UIAUTOMATOR, value=uia_string)  File \"C:\\Python27\\lib\\site-packages\\selenium\\webdriver\\remote\\webdriver.py\", line 957, in find_element    'value': value})['value']  File \"C:\\Python27\\lib\\site-packages\\selenium\\webdriver\\remote\\webdriver.py\", line 314, in execute    self.error_handler.check_response(response)  File \"C:\\Python27\\lib\\site-packages\\appium\\webdriver\\errorhandler.py\", line 29, in check_response    raise wdeNoSuchElementException: Message: An element could not be located on the page using the given search parameters."},{"firstjacocotime":46.255,"tagname":"5_008","firstexecutionsuccess":true,"firsttestcasepath":"\\testcase\\firstcases\\testcase5_008.py","firstconsumedtime":9.537,"firstlocpath":null,"firstcoveragepath":"\\coverage\\pwpreferencecoverage\\coverage0_5_008_pw.ec","firsterrorlog":null},{"firstjacocotime":0.559,"tagname":"5_009","firstexecutionsuccess":false,"firsttestcasepath":"\\testcase\\firstcases\\testcase5_009.py","firstconsumedtime":13.598,"firstlocpath":null,"firstcoveragepath":"\\coverage\\pwpreferencecoverage\\coverage0_5_009_pw.ec","firsterrorlog":"FAILstr(e):\t\tMessage: An element could not be located on the page using the given search parameters.repr(e):\tNoSuchElementException()Traceback (most recent call last):  File \"\\testcase\\firstcases\\testcase5_009.py\", line 66, in <module>    element = getElememt(driver, \"new UiSelector().resourceId(\\\"org.wikipedia:id\/icon\\\").className(\\\"android.widget.ImageView\\\")\")  File \"\\testcase\\firstcases\\testcase5_009.py\", line 28, in getElememt    element = driver.find_element_by_android_uiautomator(str)  File \"C:\\Python27\\lib\\site-packages\\appium\\webdriver\\webdriver.py\", line 156, in find_element_by_android_uiautomator    return self.find_element(by=By.ANDROID_UIAUTOMATOR, value=uia_string)  File \"C:\\Python27\\lib\\site-packages\\selenium\\webdriver\\remote\\webdriver.py\", line 957, in find_element    'value': value})['value']  File \"C:\\Python27\\lib\\site-packages\\selenium\\webdriver\\remote\\webdriver.py\", line 314, in execute    self.error_handler.check_response(response)  File \"C:\\Python27\\lib\\site-packages\\appium\\webdriver\\errorhandler.py\", line 29, in check_response    raise wdeNoSuchElementException: Message: An element could not be located on the page using the given search parameters."},{"firstjacocotime":0.5500002,"tagname":"5_006","firstexecutionsuccess":false,"firsttestcasepath":"\\testcase\\firstcases\\testcase5_006.py","firstconsumedtime":13.322,"firstlocpath":null,"firstcoveragepath":"\\coverage\\pwpreferencecoverage\\coverage0_5_006_pw.ec","firsterrorlog":"FAILstr(e):\t\tMessage: An element could not be located on the page using the given search parameters.repr(e):\tNoSuchElementException()Traceback (most recent call last):  File \"\\testcase\\firstcases\\testcase5_006.py\", line 66, in <module>    element = getElememt(driver, \"new UiSelector().resourceId(\\\"org.wikipedia:id\/menu_overflow_button\\\").className(\\\"android.widget.TextView\\\")\")  File \"\\testcase\\firstcases\\testcase5_006.py\", line 28, in getElememt    element = driver.find_element_by_android_uiautomator(str)  File \"C:\\Python27\\lib\\site-packages\\appium\\webdriver\\webdriver.py\", line 156, in find_element_by_android_uiautomator    return self.find_element(by=By.ANDROID_UIAUTOMATOR, value=uia_string)  File \"C:\\Python27\\lib\\site-packages\\selenium\\webdriver\\remote\\webdriver.py\", line 957, in find_element    'value': value})['value']  File \"C:\\Python27\\lib\\site-packages\\selenium\\webdriver\\remote\\webdriver.py\", line 314, in execute    self.error_handler.check_response(response)  File \"C:\\Python27\\lib\\site-packages\\appium\\webdriver\\errorhandler.py\", line 29, in check_response    raise wdeNoSuchElementException: Message: An element could not be located on the page using the given search parameters."},{"firstjacocotime":17.512,"tagname":"5_007","firstexecutionsuccess":true,"firsttestcasepath":"\\testcase\\firstcases\\testcase5_007.py","firstconsumedtime":13.782,"firstlocpath":null,"firstcoveragepath":"\\coverage\\pwpreferencecoverage\\coverage0_5_007_pw.ec","firsterrorlog":null},{"firstjacocotime":0.546,"tagname":"5_004","firstexecutionsuccess":false,"firsttestcasepath":"\\testcase\\firstcases\\testcase5_004.py","firstconsumedtime":13.421,"firstlocpath":null,"firstcoveragepath":"\\coverage\\pwpreferencecoverage\\coverage0_5_004_pw.ec","firsterrorlog":"FAILstr(e):\t\tMessage: An element could not be located on the page using the given search parameters.repr(e):\tNoSuchElementException()Traceback (most recent call last):  File \"\\testcase\\firstcases\\testcase5_004.py\", line 66, in <module>    element = getElememt(driver, \"new UiSelector().resourceId(\\\"org.wikipedia:id\/icon\\\").className(\\\"android.widget.ImageView\\\")\")  File \"\\testcase\\firstcases\\testcase5_004.py\", line 28, in getElememt    element = driver.find_element_by_android_uiautomator(str)  File \"C:\\Python27\\lib\\site-packages\\appium\\webdriver\\webdriver.py\", line 156, in find_element_by_android_uiautomator    return self.find_element(by=By.ANDROID_UIAUTOMATOR, value=uia_string)  File \"C:\\Python27\\lib\\site-packages\\selenium\\webdriver\\remote\\webdriver.py\", line 957, in find_element    'value': value})['value']  File \"C:\\Python27\\lib\\site-packages\\selenium\\webdriver\\remote\\webdriver.py\", line 314, in execute    self.error_handler.check_response(response)  File \"C:\\Python27\\lib\\site-packages\\appium\\webdriver\\errorhandler.py\", line 29, in check_response    raise wdeNoSuchElementException: Message: An element could not be located on the page using the given search parameters."},{"firstjacocotime":57.916,"tagname":"5_005","firstexecutionsuccess":false,"firsttestcasepath":"\\testcase\\firstcases\\testcase5_005.py","firstconsumedtime":49.278,"firstlocpath":null,"firstcoveragepath":"\\coverage\\pwpreferencecoverage\\coverage0_5_005_pw.ec","firsterrorlog":"FAILstr(e):\t\tMessage: An element could not be located on the page using the given search parameters.repr(e):\tNoSuchElementException()Traceback (most recent call last):  File \"\\testcase\\firstcases\\testcase5_005.py\", line 79, in <module>    element = getElememt(driver, \"new UiSelector().resourceId(\\\"org.wikipedia:id\/search_close_btn\\\").className(\\\"android.widget.ImageView\\\")\")  File \"\\testcase\\firstcases\\testcase5_005.py\", line 28, in getElememt    element = driver.find_element_by_android_uiautomator(str)  File \"C:\\Python27\\lib\\site-packages\\appium\\webdriver\\webdriver.py\", line 156, in find_element_by_android_uiautomator    return self.find_element(by=By.ANDROID_UIAUTOMATOR, value=uia_string)  File \"C:\\Python27\\lib\\site-packages\\selenium\\webdriver\\remote\\webdriver.py\", line 957, in find_element    'value': value})['value']  File \"C:\\Python27\\lib\\site-packages\\selenium\\webdriver\\remote\\webdriver.py\", line 314, in execute    self.error_handler.check_response(response)  File \"C:\\Python27\\lib\\site-packages\\appium\\webdriver\\errorhandler.py\", line 29, in check_response    raise wdeNoSuchElementException: Message: An element could not be located on the page using the given search parameters."},{"firstjacocotime":0.5639999,"tagname":"5_002","firstexecutionsuccess":false,"firsttestcasepath":"\\testcase\\firstcases\\testcase5_002.py","firstconsumedtime":18.644,"firstlocpath":null,"firstcoveragepath":"\\coverage\\pwpreferencecoverage\\coverage0_5_002_pw.ec","firsterrorlog":"FAILstr(e):\t\tMessage: An element could not be located on the page using the given search parameters.repr(e):\tNoSuchElementException()Traceback (most recent call last):  File \"\\testcase\\firstcases\\testcase5_002.py\", line 68, in <module>    element = getElememt(driver, \"new UiSelector().resourceId(\\\"org.wikipedia:id\/view_static_card_icon\\\").className(\\\"android.widget.ImageView\\\")\")  File \"\\testcase\\firstcases\\testcase5_002.py\", line 28, in getElememt    element = driver.find_element_by_android_uiautomator(str)  File \"C:\\Python27\\lib\\site-packages\\appium\\webdriver\\webdriver.py\", line 156, in find_element_by_android_uiautomator    return self.find_element(by=By.ANDROID_UIAUTOMATOR, value=uia_string)  File \"C:\\Python27\\lib\\site-packages\\selenium\\webdriver\\remote\\webdriver.py\", line 957, in find_element    'value': value})['value']  File \"C:\\Python27\\lib\\site-packages\\selenium\\webdriver\\remote\\webdriver.py\", line 314, in execute    self.error_handler.check_response(response)  File \"C:\\Python27\\lib\\site-packages\\appium\\webdriver\\errorhandler.py\", line 29, in check_response    raise wdeNoSuchElementException: Message: An element could not be located on the page using the given search parameters."},{"firstjacocotime":0.91700006,"tagname":"5_003","firstexecutionsuccess":false,"firsttestcasepath":"\\testcase\\firstcases\\testcase5_003.py","firstconsumedtime":23.953,"firstlocpath":null,"firstcoveragepath":"\\coverage\\pwpreferencecoverage\\coverage0_5_003_pw.ec","firsterrorlog":"FAILstr(e):\t\tMessage: An element could not be located on the page using the given search parameters.repr(e):\tNoSuchElementException()Traceback (most recent call last):  File \"\\testcase\\firstcases\\testcase5_003.py\", line 70, in <module>    element = getElememt(driver, \"new UiSelector().resourceId(\\\"org.wikipedia:id\/menu_overflow_button\\\").className(\\\"android.widget.TextView\\\")\")  File \"\\testcase\\firstcases\\testcase5_003.py\", line 28, in getElememt    element = driver.find_element_by_android_uiautomator(str)  File \"C:\\Python27\\lib\\site-packages\\appium\\webdriver\\webdriver.py\", line 156, in find_element_by_android_uiautomator    return self.find_element(by=By.ANDROID_UIAUTOMATOR, value=uia_string)  File \"C:\\Python27\\lib\\site-packages\\selenium\\webdriver\\remote\\webdriver.py\", line 957, in find_element    'value': value})['value']  File \"C:\\Python27\\lib\\site-packages\\selenium\\webdriver\\remote\\webdriver.py\", line 314, in execute    self.error_handler.check_response(response)  File \"C:\\Python27\\lib\\site-packages\\appium\\webdriver\\errorhandler.py\", line 29, in check_response    raise wdeNoSuchElementException: Message: An element could not be located on the page using the given search parameters."},{"firstjacocotime":0.5539999,"tagname":"2_009","firstexecutionsuccess":false,"firsttestcasepath":"\\testcase\\firstcases\\testcase2_009.py","firstconsumedtime":13.603,"firstlocpath":null,"firstcoveragepath":"\\coverage\\pwpreferencecoverage\\coverage0_2_009_pw.ec","firsterrorlog":"FAILstr(e):\t\tMessage: An element could not be located on the page using the given search parameters.repr(e):\tNoSuchElementException()Traceback (most recent call last):  File \"\\testcase\\firstcases\\testcase2_009.py\", line 66, in <module>    element = getElememt(driver, \"new UiSelector().resourceId(\\\"org.wikipedia:id\/menu_overflow_button\\\").className(\\\"android.widget.TextView\\\")\")  File \"\\testcase\\firstcases\\testcase2_009.py\", line 28, in getElememt    element = driver.find_element_by_android_uiautomator(str)  File \"C:\\Python27\\lib\\site-packages\\appium\\webdriver\\webdriver.py\", line 156, in find_element_by_android_uiautomator    return self.find_element(by=By.ANDROID_UIAUTOMATOR, value=uia_string)  File \"C:\\Python27\\lib\\site-packages\\selenium\\webdriver\\remote\\webdriver.py\", line 957, in find_element    'value': value})['value']  File \"C:\\Python27\\lib\\site-packages\\selenium\\webdriver\\remote\\webdriver.py\", line 314, in execute    self.error_handler.check_response(response)  File \"C:\\Python27\\lib\\site-packages\\appium\\webdriver\\errorhandler.py\", line 29, in check_response    raise wdeNoSuchElementException: Message: An element could not be located on the page using the given search parameters."},{"firstjacocotime":0.5079999,"tagname":"2_005","firstexecutionsuccess":false,"firsttestcasepath":"\\testcase\\firstcases\\testcase2_005.py","firstconsumedtime":13.333,"firstlocpath":null,"firstcoveragepath":"\\coverage\\pwpreferencecoverage\\coverage0_2_005_pw.ec","firsterrorlog":"FAILstr(e):\t\tMessage: An element could not be located on the page using the given search parameters.repr(e):\tNoSuchElementException()Traceback (most recent call last):  File \"\\testcase\\firstcases\\testcase2_005.py\", line 66, in <module>    element = getElememt(driver, \"new UiSelector().resourceId(\\\"org.wikipedia:id\/icon\\\").className(\\\"android.widget.ImageView\\\")\")  File \"\\testcase\\firstcases\\testcase2_005.py\", line 28, in getElememt    element = driver.find_element_by_android_uiautomator(str)  File \"C:\\Python27\\lib\\site-packages\\appium\\webdriver\\webdriver.py\", line 156, in find_element_by_android_uiautomator    return self.find_element(by=By.ANDROID_UIAUTOMATOR, value=uia_string)  File \"C:\\Python27\\lib\\site-packages\\selenium\\webdriver\\remote\\webdriver.py\", line 957, in find_element    'value': value})['value']  File \"C:\\Python27\\lib\\site-packages\\selenium\\webdriver\\remote\\webdriver.py\", line 314, in execute    self.error_handler.check_response(response)  File \"C:\\Python27\\lib\\site-packages\\appium\\webdriver\\errorhandler.py\", line 29, in check_response    raise wdeNoSuchElementException: Message: An element could not be located on the page using the given search parameters."},{"firstjacocotime":0.53799987,"tagname":"2_006","firstexecutionsuccess":false,"firsttestcasepath":"\\testcase\\firstcases\\testcase2_006.py","firstconsumedtime":13.377,"firstlocpath":null,"firstcoveragepath":"\\coverage\\pwpreferencecoverage\\coverage0_2_006_pw.ec","firsterrorlog":"FAILstr(e):\t\tMessage: An element could not be located on the page using the given search parameters.repr(e):\tNoSuchElementException()Traceback (most recent call last):  File \"\\testcase\\firstcases\\testcase2_006.py\", line 66, in <module>    element = getElememt(driver, \"new UiSelector().resourceId(\\\"org.wikipedia:id\/icon\\\").className(\\\"android.widget.ImageView\\\")\")  File \"\\testcase\\firstcases\\testcase2_006.py\", line 28, in getElememt    element = driver.find_element_by_android_uiautomator(str)  File \"C:\\Python27\\lib\\site-packages\\appium\\webdriver\\webdriver.py\", line 156, in find_element_by_android_uiautomator    return self.find_element(by=By.ANDROID_UIAUTOMATOR, value=uia_string)  File \"C:\\Python27\\lib\\site-packages\\selenium\\webdriver\\remote\\webdriver.py\", line 957, in find_element    'value': value})['value']  File \"C:\\Python27\\lib\\site-packages\\selenium\\webdriver\\remote\\webdriver.py\", line 314, in execute    self.error_handler.check_response(response)  File \"C:\\Python27\\lib\\site-packages\\appium\\webdriver\\errorhandler.py\", line 29, in check_response    raise wdeNoSuchElementException: Message: An element could not be located on the page using the given search parameters."},{"firstjacocotime":0.602,"tagname":"preference_pre","firstexecutionsuccess":false,"firsttestcasepath":"\\testcase\\pwpreferencecases\\PW_pre_0_log.py","firstconsumedtime":120.090004,"firstlocpath":null,"firstcoveragepath":"\\coverage\\pwpreferencecoverage\\coverage0_preference_pre_pw.ec","firsterrorlog":"FAILstr(e):\t\t'NoneType' object has no attribute 'click'repr(e):\tAttributeError(\"'NoneType' object has no attribute 'click'\",)Traceback (most recent call last):  File \"\\testcase\\pwpreferencecases\\PW_pre_0_log.py\", line 127, in <module>    scrollToFindElement(driver, \"new UiSelector().text(\\\"Download only over Wi-Fi\\\")\").click()AttributeError: 'NoneType' object has no attribute 'click'"},{"firstjacocotime":60.357,"tagname":"2_007","firstexecutionsuccess":true,"firsttestcasepath":"\\testcase\\firstcases\\testcase2_007.py","firstconsumedtime":9.494,"firstlocpath":null,"firstcoveragepath":"\\coverage\\pwpreferencecoverage\\coverage0_2_007_pw.ec","firsterrorlog":null},{"firstjacocotime":42.922,"tagname":"2_008","firstexecutionsuccess":true,"firsttestcasepath":"\\testcase\\firstcases\\testcase2_008.py","firstconsumedtime":9.916,"firstlocpath":null,"firstcoveragepath":"\\coverage\\pwpreferencecoverage\\coverage0_2_008_pw.ec","firsterrorlog":null},{"firstjacocotime":39.464,"tagname":"2_001","firstexecutionsuccess":false,"firsttestcasepath":"\\testcase\\firstcases\\testcase2_001.py","firstconsumedtime":42.564,"firstlocpath":null,"firstcoveragepath":"\\coverage\\pwpreferencecoverage\\coverage0_2_001_pw.ec","firsterrorlog":"FAILstr(e):\t\tMessage: An element could not be located on the page using the given search parameters.repr(e):\tNoSuchElementException()Traceback (most recent call last):  File \"\\testcase\\firstcases\\testcase2_001.py\", line 79, in <module>    element = getElememt(driver, \"new UiSelector().resourceId(\\\"org.wikipedia:id\/view_static_card_icon\\\").className(\\\"android.widget.ImageView\\\")\")  File \"\\testcase\\firstcases\\testcase2_001.py\", line 28, in getElememt    element = driver.find_element_by_android_uiautomator(str)  File \"C:\\Python27\\lib\\site-packages\\appium\\webdriver\\webdriver.py\", line 156, in find_element_by_android_uiautomator    return self.find_element(by=By.ANDROID_UIAUTOMATOR, value=uia_string)  File \"C:\\Python27\\lib\\site-packages\\selenium\\webdriver\\remote\\webdriver.py\", line 957, in find_element    'value': value})['value']  File \"C:\\Python27\\lib\\site-packages\\selenium\\webdriver\\remote\\webdriver.py\", line 314, in execute    self.error_handler.check_response(response)  File \"C:\\Python27\\lib\\site-packages\\appium\\webdriver\\errorhandler.py\", line 29, in check_response    raise wdeNoSuchElementException: Message: An element could not be located on the page using the given search parameters."},{"firstjacocotime":0.582,"tagname":"2_002","firstexecutionsuccess":false,"firsttestcasepath":"\\testcase\\firstcases\\testcase2_002.py","firstconsumedtime":18.097,"firstlocpath":null,"firstcoveragepath":"\\coverage\\pwpreferencecoverage\\coverage0_2_002_pw.ec","firsterrorlog":"FAILstr(e):\t\tMessage: An element could not be located on the page using the given search parameters.repr(e):\tNoSuchElementException()Traceback (most recent call last):  File \"\\testcase\\firstcases\\testcase2_002.py\", line 68, in <module>    element = getElememt(driver, \"new UiSelector().className(\\\"android.widget.ImageView\\\").description(\\\"Search Wikipedia\\\")\")  File \"\\testcase\\firstcases\\testcase2_002.py\", line 28, in getElememt    element = driver.find_element_by_android_uiautomator(str)  File \"C:\\Python27\\lib\\site-packages\\appium\\webdriver\\webdriver.py\", line 156, in find_element_by_android_uiautomator    return self.find_element(by=By.ANDROID_UIAUTOMATOR, value=uia_string)  File \"C:\\Python27\\lib\\site-packages\\selenium\\webdriver\\remote\\webdriver.py\", line 957, in find_element    'value': value})['value']  File \"C:\\Python27\\lib\\site-packages\\selenium\\webdriver\\remote\\webdriver.py\", line 314, in execute    self.error_handler.check_response(response)  File \"C:\\Python27\\lib\\site-packages\\appium\\webdriver\\errorhandler.py\", line 29, in check_response    raise wdeNoSuchElementException: Message: An element could not be located on the page using the given search parameters."},{"firstjacocotime":0.5079999,"tagname":"2_003","firstexecutionsuccess":false,"firsttestcasepath":"\\testcase\\firstcases\\testcase2_003.py","firstconsumedtime":23.178,"firstlocpath":null,"firstcoveragepath":"\\coverage\\pwpreferencecoverage\\coverage0_2_003_pw.ec","firsterrorlog":"FAILstr(e):\t\tMessage: An element could not be located on the page using the given search parameters.repr(e):\tNoSuchElementException()Traceback (most recent call last):  File \"\\testcase\\firstcases\\testcase2_003.py\", line 70, in <module>    element = getElememt(driver, \"new UiSelector().resourceId(\\\"org.wikipedia:id\/icon\\\").className(\\\"android.widget.ImageView\\\")\")  File \"\\testcase\\firstcases\\testcase2_003.py\", line 28, in getElememt    element = driver.find_element_by_android_uiautomator(str)  File \"C:\\Python27\\lib\\site-packages\\appium\\webdriver\\webdriver.py\", line 156, in find_element_by_android_uiautomator    return self.find_element(by=By.ANDROID_UIAUTOMATOR, value=uia_string)  File \"C:\\Python27\\lib\\site-packages\\selenium\\webdriver\\remote\\webdriver.py\", line 957, in find_element    'value': value})['value']  File \"C:\\Python27\\lib\\site-packages\\selenium\\webdriver\\remote\\webdriver.py\", line 314, in execute    self.error_handler.check_response(response)  File \"C:\\Python27\\lib\\site-packages\\appium\\webdriver\\errorhandler.py\", line 29, in check_response    raise wdeNoSuchElementException: Message: An element could not be located on the page using the given search parameters."},{"firstjacocotime":46.874,"tagname":"2_004","firstexecutionsuccess":false,"firsttestcasepath":"\\testcase\\firstcases\\testcase2_004.py","firstconsumedtime":69.214,"firstlocpath":null,"firstcoveragepath":"\\coverage\\pwpreferencecoverage\\coverage0_2_004_pw.ec","firsterrorlog":"FAILstr(e):\t\tMessage: An element could not be located on the page using the given search parameters.repr(e):\tNoSuchElementException()Traceback (most recent call last):  File \"\\testcase\\firstcases\\testcase2_004.py\", line 96, in <module>    element = getElememt(driver, \"new UiSelector().className(\\\"android.widget.ImageView\\\").description(\\\"Share the article link\\\")\")  File \"\\testcase\\firstcases\\testcase2_004.py\", line 28, in getElememt    element = driver.find_element_by_android_uiautomator(str)  File \"C:\\Python27\\lib\\site-packages\\appium\\webdriver\\webdriver.py\", line 156, in find_element_by_android_uiautomator    return self.find_element(by=By.ANDROID_UIAUTOMATOR, value=uia_string)  File \"C:\\Python27\\lib\\site-packages\\selenium\\webdriver\\remote\\webdriver.py\", line 957, in find_element    'value': value})['value']  File \"C:\\Python27\\lib\\site-packages\\selenium\\webdriver\\remote\\webdriver.py\", line 314, in execute    self.error_handler.check_response(response)  File \"C:\\Python27\\lib\\site-packages\\appium\\webdriver\\errorhandler.py\", line 29, in check_response    raise wdeNoSuchElementException: Message: An element could not be located on the page using the given search parameters."},{"firstjacocotime":0.57799983,"tagname":"2_000","firstexecutionsuccess":false,"firsttestcasepath":"\\testcase\\firstcases\\testcase2_000.py","firstconsumedtime":18.867,"firstlocpath":null,"firstcoveragepath":"\\coverage\\pwpreferencecoverage\\coverage0_2_000_pw.ec","firsterrorlog":"FAILstr(e):\t\tMessage: An element could not be located on the page using the given search parameters.repr(e):\tNoSuchElementException()Traceback (most recent call last):  File \"\\testcase\\firstcases\\testcase2_000.py\", line 68, in <module>    element = getElememt(driver, \"new UiSelector().resourceId(\\\"org.wikipedia:id\/icon\\\").className(\\\"android.widget.ImageView\\\")\")  File \"\\testcase\\firstcases\\testcase2_000.py\", line 28, in getElememt    element = driver.find_element_by_android_uiautomator(str)  File \"C:\\Python27\\lib\\site-packages\\appium\\webdriver\\webdriver.py\", line 156, in find_element_by_android_uiautomator    return self.find_element(by=By.ANDROID_UIAUTOMATOR, value=uia_string)  File \"C:\\Python27\\lib\\site-packages\\selenium\\webdriver\\remote\\webdriver.py\", line 957, in find_element    'value': value})['value']  File \"C:\\Python27\\lib\\site-packages\\selenium\\webdriver\\remote\\webdriver.py\", line 314, in execute    self.error_handler.check_response(response)  File \"C:\\Python27\\lib\\site-packages\\appium\\webdriver\\errorhandler.py\", line 29, in check_response    raise wdeNoSuchElementException: Message: An element could not be located on the page using the given search parameters."},{"firstjacocotime":55.776,"tagname":"5_011","firstexecutionsuccess":false,"firsttestcasepath":"\\testcase\\firstcases\\testcase5_011.py","firstconsumedtime":17.706,"firstlocpath":null,"firstcoveragepath":"\\coverage\\pwpreferencecoverage\\coverage0_5_011_pw.ec","firsterrorlog":"FAILstr(e):\t\tMessage: An unknown server-side error occurred while processing the command.repr(e):\tWebDriverException()Traceback (most recent call last):  File \"\\testcase\\firstcases\\testcase5_011.py\", line 75, in <module>    swipe(driver, 0.5, 0.8, 0.5, 0.2)  File \"\\testcase\\firstcases\\testcase5_011.py\", line 59, in swipe    end_y=int(height * endyper), duration=2000)  File \"C:\\Python27\\lib\\site-packages\\appium\\webdriver\\webdriver.py\", line 287, in swipe    action.perform()  File \"C:\\Python27\\lib\\site-packages\\appium\\webdriver\\common\\touch_action.py\", line 94, in perform    self._driver.execute(Command.TOUCH_ACTION, params)  File \"C:\\Python27\\lib\\site-packages\\selenium\\webdriver\\remote\\webdriver.py\", line 314, in execute    self.error_handler.check_response(response)  File \"C:\\Python27\\lib\\site-packages\\appium\\webdriver\\errorhandler.py\", line 29, in check_response    raise wdeWebDriverException: Message: An unknown server-side error occurred while processing the command."},{"firstjacocotime":0.51900005,"tagname":"5_012","firstexecutionsuccess":false,"firsttestcasepath":"\\testcase\\firstcases\\testcase5_012.py","firstconsumedtime":13.403,"firstlocpath":null,"firstcoveragepath":"\\coverage\\pwpreferencecoverage\\coverage0_5_012_pw.ec","firsterrorlog":"FAILstr(e):\t\tMessage: An element could not be located on the page using the given search parameters.repr(e):\tNoSuchElementException()Traceback (most recent call last):  File \"\\testcase\\firstcases\\testcase5_012.py\", line 66, in <module>    element = getElememt(driver, \"new UiSelector().resourceId(\\\"org.wikipedia:id\/menu_overflow_button\\\").className(\\\"android.widget.TextView\\\")\")  File \"\\testcase\\firstcases\\testcase5_012.py\", line 28, in getElememt    element = driver.find_element_by_android_uiautomator(str)  File \"C:\\Python27\\lib\\site-packages\\appium\\webdriver\\webdriver.py\", line 156, in find_element_by_android_uiautomator    return self.find_element(by=By.ANDROID_UIAUTOMATOR, value=uia_string)  File \"C:\\Python27\\lib\\site-packages\\selenium\\webdriver\\remote\\webdriver.py\", line 957, in find_element    'value': value})['value']  File \"C:\\Python27\\lib\\site-packages\\selenium\\webdriver\\remote\\webdriver.py\", line 314, in execute    self.error_handler.check_response(response)  File \"C:\\Python27\\lib\\site-packages\\appium\\webdriver\\errorhandler.py\", line 29, in check_response    raise wdeNoSuchElementException: Message: An element could not be located on the page using the given search parameters."},{"firstjacocotime":0.60000014,"tagname":"5_010","firstexecutionsuccess":false,"firsttestcasepath":"\\testcase\\firstcases\\testcase5_010.py","firstconsumedtime":13.382999,"firstlocpath":null,"firstcoveragepath":"\\coverage\\pwpreferencecoverage\\coverage0_5_010_pw.ec","firsterrorlog":"FAILstr(e):\t\tMessage: An element could not be located on the page using the given search parameters.repr(e):\tNoSuchElementException()Traceback (most recent call last):  File \"\\testcase\\firstcases\\testcase5_010.py\", line 66, in <module>    element = getElememt(driver, \"new UiSelector().resourceId(\\\"org.wikipedia:id\/icon\\\").className(\\\"android.widget.ImageView\\\")\")  File \"\\testcase\\firstcases\\testcase5_010.py\", line 28, in getElememt    element = driver.find_element_by_android_uiautomator(str)  File \"C:\\Python27\\lib\\site-packages\\appium\\webdriver\\webdriver.py\", line 156, in find_element_by_android_uiautomator    return self.find_element(by=By.ANDROID_UIAUTOMATOR, value=uia_string)  File \"C:\\Python27\\lib\\site-packages\\selenium\\webdriver\\remote\\webdriver.py\", line 957, in find_element    'value': value})['value']  File \"C:\\Python27\\lib\\site-packages\\selenium\\webdriver\\remote\\webdriver.py\", line 314, in execute    self.error_handler.check_response(response)  File \"C:\\Python27\\lib\\site-packages\\appium\\webdriver\\errorhandler.py\", line 29, in check_response    raise wdeNoSuchElementException: Message: An element could not be located on the page using the given search parameters."},{"firstjacocotime":0.58000016,"tagname":"5_019","firstexecutionsuccess":false,"firsttestcasepath":"\\testcase\\firstcases\\testcase5_019.py","firstconsumedtime":13.34,"firstlocpath":null,"firstcoveragepath":"\\coverage\\pwpreferencecoverage\\coverage0_5_019_pw.ec","firsterrorlog":"FAILstr(e):\t\tMessage: An element could not be located on the page using the given search parameters.repr(e):\tNoSuchElementException()Traceback (most recent call last):  File \"\\testcase\\firstcases\\testcase5_019.py\", line 66, in <module>    element = getElememt(driver, \"new UiSelector().resourceId(\\\"org.wikipedia:id\/icon\\\").className(\\\"android.widget.ImageView\\\")\")  File \"\\testcase\\firstcases\\testcase5_019.py\", line 28, in getElememt    element = driver.find_element_by_android_uiautomator(str)  File \"C:\\Python27\\lib\\site-packages\\appium\\webdriver\\webdriver.py\", line 156, in find_element_by_android_uiautomator    return self.find_element(by=By.ANDROID_UIAUTOMATOR, value=uia_string)  File \"C:\\Python27\\lib\\site-packages\\selenium\\webdriver\\remote\\webdriver.py\", line 957, in find_element    'value': value})['value']  File \"C:\\Python27\\lib\\site-packages\\selenium\\webdriver\\remote\\webdriver.py\", line 314, in execute    self.error_handler.check_response(response)  File \"C:\\Python27\\lib\\site-packages\\appium\\webdriver\\errorhandler.py\", line 29, in check_response    raise wdeNoSuchElementException: Message: An element could not be located on the page using the given search parameters."},{"firstjacocotime":0.5539999,"tagname":"5_017","firstexecutionsuccess":false,"firsttestcasepath":"\\testcase\\firstcases\\testcase5_017.py","firstconsumedtime":13.516,"firstlocpath":null,"firstcoveragepath":"\\coverage\\pwpreferencecoverage\\coverage0_5_017_pw.ec","firsterrorlog":"FAILstr(e):\t\tMessage: An element could not be located on the page using the given search parameters.repr(e):\tNoSuchElementException()Traceback (most recent call last):  File \"\\testcase\\firstcases\\testcase5_017.py\", line 66, in <module>    element = getElememt(driver, \"new UiSelector().resourceId(\\\"org.wikipedia:id\/menu_overflow_button\\\").className(\\\"android.widget.TextView\\\")\")  File \"\\testcase\\firstcases\\testcase5_017.py\", line 28, in getElememt    element = driver.find_element_by_android_uiautomator(str)  File \"C:\\Python27\\lib\\site-packages\\appium\\webdriver\\webdriver.py\", line 156, in find_element_by_android_uiautomator    return self.find_element(by=By.ANDROID_UIAUTOMATOR, value=uia_string)  File \"C:\\Python27\\lib\\site-packages\\selenium\\webdriver\\remote\\webdriver.py\", line 957, in find_element    'value': value})['value']  File \"C:\\Python27\\lib\\site-packages\\selenium\\webdriver\\remote\\webdriver.py\", line 314, in execute    self.error_handler.check_response(response)  File \"C:\\Python27\\lib\\site-packages\\appium\\webdriver\\errorhandler.py\", line 29, in check_response    raise wdeNoSuchElementException: Message: An element could not be located on the page using the given search parameters."},{"firstjacocotime":48.895,"tagname":"5_018","firstexecutionsuccess":true,"firsttestcasepath":"\\testcase\\firstcases\\testcase5_018.py","firstconsumedtime":9.544,"firstlocpath":null,"firstcoveragepath":"\\coverage\\pwpreferencecoverage\\coverage0_5_018_pw.ec","firsterrorlog":null},{"firstjacocotime":0.536,"tagname":"5_015","firstexecutionsuccess":false,"firsttestcasepath":"\\testcase\\firstcases\\testcase5_015.py","firstconsumedtime":13.926,"firstlocpath":null,"firstcoveragepath":"\\coverage\\pwpreferencecoverage\\coverage0_5_015_pw.ec","firsterrorlog":"FAILstr(e):\t\tMessage: An element could not be located on the page using the given search parameters.repr(e):\tNoSuchElementException()Traceback (most recent call last):  File \"\\testcase\\firstcases\\testcase5_015.py\", line 66, in <module>    element = getElememt(driver, \"new UiSelector().resourceId(\\\"org.wikipedia:id\/icon\\\").className(\\\"android.widget.ImageView\\\")\")  File \"\\testcase\\firstcases\\testcase5_015.py\", line 28, in getElememt    element = driver.find_element_by_android_uiautomator(str)  File \"C:\\Python27\\lib\\site-packages\\appium\\webdriver\\webdriver.py\", line 156, in find_element_by_android_uiautomator    return self.find_element(by=By.ANDROID_UIAUTOMATOR, value=uia_string)  File \"C:\\Python27\\lib\\site-packages\\selenium\\webdriver\\remote\\webdriver.py\", line 957, in find_element    'value': value})['value']  File \"C:\\Python27\\lib\\site-packages\\selenium\\webdriver\\remote\\webdriver.py\", line 314, in execute    self.error_handler.check_response(response)  File \"C:\\Python27\\lib\\site-packages\\appium\\webdriver\\errorhandler.py\", line 29, in check_response    raise wdeNoSuchElementException: Message: An element could not be located on the page using the given search parameters."},{"firstjacocotime":0.523,"tagname":"5_016","firstexecutionsuccess":false,"firsttestcasepath":"\\testcase\\firstcases\\testcase5_016.py","firstconsumedtime":13.179,"firstlocpath":null,"firstcoveragepath":"\\coverage\\pwpreferencecoverage\\coverage0_5_016_pw.ec","firsterrorlog":"FAILstr(e):\t\tMessage: An element could not be located on the page using the given search parameters.repr(e):\tNoSuchElementException()Traceback (most recent call last):  File \"\\testcase\\firstcases\\testcase5_016.py\", line 66, in <module>    element = getElememt(driver, \"new UiSelector().className(\\\"android.widget.ImageView\\\").description(\\\"Search Wikipedia\\\")\")  File \"\\testcase\\firstcases\\testcase5_016.py\", line 28, in getElememt    element = driver.find_element_by_android_uiautomator(str)  File \"C:\\Python27\\lib\\site-packages\\appium\\webdriver\\webdriver.py\", line 156, in find_element_by_android_uiautomator    return self.find_element(by=By.ANDROID_UIAUTOMATOR, value=uia_string)  File \"C:\\Python27\\lib\\site-packages\\selenium\\webdriver\\remote\\webdriver.py\", line 957, in find_element    'value': value})['value']  File \"C:\\Python27\\lib\\site-packages\\selenium\\webdriver\\remote\\webdriver.py\", line 314, in execute    self.error_handler.check_response(response)  File \"C:\\Python27\\lib\\site-packages\\appium\\webdriver\\errorhandler.py\", line 29, in check_response    raise wdeNoSuchElementException: Message: An element could not be located on the page using the given search parameters."},{"firstjacocotime":0.52,"tagname":"5_013","firstexecutionsuccess":false,"firsttestcasepath":"\\testcase\\firstcases\\testcase5_013.py","firstconsumedtime":13.581,"firstlocpath":null,"firstcoveragepath":"\\coverage\\pwpreferencecoverage\\coverage0_5_013_pw.ec","firsterrorlog":"FAILstr(e):\t\tMessage: An element could not be located on the page using the given search parameters.repr(e):\tNoSuchElementException()Traceback (most recent call last):  File \"\\testcase\\firstcases\\testcase5_013.py\", line 66, in <module>    element = getElememt(driver, \"new UiSelector().resourceId(\\\"org.wikipedia:id\/icon\\\").className(\\\"android.widget.ImageView\\\")\")  File \"\\testcase\\firstcases\\testcase5_013.py\", line 28, in getElememt    element = driver.find_element_by_android_uiautomator(str)  File \"C:\\Python27\\lib\\site-packages\\appium\\webdriver\\webdriver.py\", line 156, in find_element_by_android_uiautomator    return self.find_element(by=By.ANDROID_UIAUTOMATOR, value=uia_string)  File \"C:\\Python27\\lib\\site-packages\\selenium\\webdriver\\remote\\webdriver.py\", line 957, in find_element    'value': value})['value']  File \"C:\\Python27\\lib\\site-packages\\selenium\\webdriver\\remote\\webdriver.py\", line 314, in execute    self.error_handler.check_response(response)  File \"C:\\Python27\\lib\\site-packages\\appium\\webdriver\\errorhandler.py\", line 29, in check_response    raise wdeNoSuchElementException: Message: An element could not be located on the page using the given search parameters."},{"firstjacocotime":0.53799987,"tagname":"5_014","firstexecutionsuccess":false,"firsttestcasepath":"\\testcase\\firstcases\\testcase5_014.py","firstconsumedtime":13.231,"firstlocpath":null,"firstcoveragepath":"\\coverage\\pwpreferencecoverage\\coverage0_5_014_pw.ec","firsterrorlog":"FAILstr(e):\t\tMessage: An element could not be located on the page using the given search parameters.repr(e):\tNoSuchElementException()Traceback (most recent call last):  File \"\\testcase\\firstcases\\testcase5_014.py\", line 66, in <module>    element = getElememt(driver, \"new UiSelector().className(\\\"android.widget.ImageView\\\").description(\\\"Search Wikipedia\\\")\")  File \"\\testcase\\firstcases\\testcase5_014.py\", line 28, in getElememt    element = driver.find_element_by_android_uiautomator(str)  File \"C:\\Python27\\lib\\site-packages\\appium\\webdriver\\webdriver.py\", line 156, in find_element_by_android_uiautomator    return self.find_element(by=By.ANDROID_UIAUTOMATOR, value=uia_string)  File \"C:\\Python27\\lib\\site-packages\\selenium\\webdriver\\remote\\webdriver.py\", line 957, in find_element    'value': value})['value']  File \"C:\\Python27\\lib\\site-packages\\selenium\\webdriver\\remote\\webdriver.py\", line 314, in execute    self.error_handler.check_response(response)  File \"C:\\Python27\\lib\\site-packages\\appium\\webdriver\\errorhandler.py\", line 29, in check_response    raise wdeNoSuchElementException: Message: An element could not be located on the page using the given search parameters."},{"firstjacocotime":0.5239999,"tagname":"5_022","firstexecutionsuccess":false,"firsttestcasepath":"\\testcase\\firstcases\\testcase5_022.py","firstconsumedtime":13.903,"firstlocpath":null,"firstcoveragepath":"\\coverage\\pwpreferencecoverage\\coverage0_5_022_pw.ec","firsterrorlog":"FAILstr(e):\t\tMessage: An element could not be located on the page using the given search parameters.repr(e):\tNoSuchElementException()Traceback (most recent call last):  File \"\\testcase\\firstcases\\testcase5_022.py\", line 66, in <module>    element = getElememt(driver, \"new UiSelector().resourceId(\\\"org.wikipedia:id\/menu_overflow_button\\\").className(\\\"android.widget.TextView\\\")\")  File \"\\testcase\\firstcases\\testcase5_022.py\", line 28, in getElememt    element = driver.find_element_by_android_uiautomator(str)  File \"C:\\Python27\\lib\\site-packages\\appium\\webdriver\\webdriver.py\", line 156, in find_element_by_android_uiautomator    return self.find_element(by=By.ANDROID_UIAUTOMATOR, value=uia_string)  File \"C:\\Python27\\lib\\site-packages\\selenium\\webdriver\\remote\\webdriver.py\", line 957, in find_element    'value': value})['value']  File \"C:\\Python27\\lib\\site-packages\\selenium\\webdriver\\remote\\webdriver.py\", line 314, in execute    self.error_handler.check_response(response)  File \"C:\\Python27\\lib\\site-packages\\appium\\webdriver\\errorhandler.py\", line 29, in check_response    raise wdeNoSuchElementException: Message: An element could not be located on the page using the given search parameters."},{"firstjacocotime":21.855,"tagname":"5_023","firstexecutionsuccess":true,"firsttestcasepath":"\\testcase\\firstcases\\testcase5_023.py","firstconsumedtime":9.579,"firstlocpath":null,"firstcoveragepath":"\\coverage\\pwpreferencecoverage\\coverage0_5_023_pw.ec","firsterrorlog":null},{"firstjacocotime":0.54699993,"tagname":"5_020","firstexecutionsuccess":false,"firsttestcasepath":"\\testcase\\firstcases\\testcase5_020.py","firstconsumedtime":13.474,"firstlocpath":null,"firstcoveragepath":"\\coverage\\pwpreferencecoverage\\coverage0_5_020_pw.ec","firsterrorlog":"FAILstr(e):\t\tMessage: An element could not be located on the page using the given search parameters.repr(e):\tNoSuchElementException()Traceback (most recent call last):  File \"\\testcase\\firstcases\\testcase5_020.py\", line 66, in <module>    element = getElememt(driver, \"new UiSelector().resourceId(\\\"org.wikipedia:id\/menu_overflow_button\\\").className(\\\"android.widget.TextView\\\")\")  File \"\\testcase\\firstcases\\testcase5_020.py\", line 28, in getElememt    element = driver.find_element_by_android_uiautomator(str)  File \"C:\\Python27\\lib\\site-packages\\appium\\webdriver\\webdriver.py\", line 156, in find_element_by_android_uiautomator    return self.find_element(by=By.ANDROID_UIAUTOMATOR, value=uia_string)  File \"C:\\Python27\\lib\\site-packages\\selenium\\webdriver\\remote\\webdriver.py\", line 957, in find_element    'value': value})['value']  File \"C:\\Python27\\lib\\site-packages\\selenium\\webdriver\\remote\\webdriver.py\", line 314, in execute    self.error_handler.check_response(response)  File \"C:\\Python27\\lib\\site-packages\\appium\\webdriver\\errorhandler.py\", line 29, in check_response    raise wdeNoSuchElementException: Message: An element could not be located on the page using the given search parameters."},{"firstjacocotime":0.5509999,"tagname":"5_021","firstexecutionsuccess":false,"firsttestcasepath":"\\testcase\\firstcases\\testcase5_021.py","firstconsumedtime":21.386,"firstlocpath":null,"firstcoveragepath":"\\coverage\\pwpreferencecoverage\\coverage0_5_021_pw.ec","firsterrorlog":"FAILstr(e):\t\tMessage: An element could not be located on the page using the given search parameters.repr(e):\tNoSuchElementException()Traceback (most recent call last):  File \"\\testcase\\firstcases\\testcase5_021.py\", line 68, in <module>    element = getElememt(driver, \"new UiSelector().resourceId(\\\"org.wikipedia:id\/icon\\\").className(\\\"android.widget.ImageView\\\")\")  File \"\\testcase\\firstcases\\testcase5_021.py\", line 28, in getElememt    element = driver.find_element_by_android_uiautomator(str)  File \"C:\\Python27\\lib\\site-packages\\appium\\webdriver\\webdriver.py\", line 156, in find_element_by_android_uiautomator    return self.find_element(by=By.ANDROID_UIAUTOMATOR, value=uia_string)  File \"C:\\Python27\\lib\\site-packages\\selenium\\webdriver\\remote\\webdriver.py\", line 957, in find_element    'value': value})['value']  File \"C:\\Python27\\lib\\site-packages\\selenium\\webdriver\\remote\\webdriver.py\", line 314, in execute    self.error_handler.check_response(response)  File \"C:\\Python27\\lib\\site-packages\\appium\\webdriver\\errorhandler.py\", line 29, in check_response    raise wdeNoSuchElementException: Message: An element could not be located on the page using the given search parameters."},{"firstjacocotime":26.528,"tagname":"5_028","firstexecutionsuccess":false,"firsttestcasepath":"\\testcase\\firstcases\\testcase5_028.py","firstconsumedtime":64.073,"firstlocpath":null,"firstcoveragepath":"\\coverage\\pwpreferencecoverage\\coverage0_5_028_pw.ec","firsterrorlog":"FAILstr(e):\t\tMessage: An element could not be located on the page using the given search parameters.repr(e):\tNoSuchElementException()Traceback (most recent call last):  File \"\\testcase\\firstcases\\testcase5_028.py\", line 92, in <module>    element = getElememt(driver, \"new UiSelector().resourceId(\\\"org.wikipedia:id\/wiki_language_checkbox\\\").className(\\\"android.widget.CheckBox\\\")\")  File \"\\testcase\\firstcases\\testcase5_028.py\", line 28, in getElememt    element = driver.find_element_by_android_uiautomator(str)  File \"C:\\Python27\\lib\\site-packages\\appium\\webdriver\\webdriver.py\", line 156, in find_element_by_android_uiautomator    return self.find_element(by=By.ANDROID_UIAUTOMATOR, value=uia_string)  File \"C:\\Python27\\lib\\site-packages\\selenium\\webdriver\\remote\\webdriver.py\", line 957, in find_element    'value': value})['value']  File \"C:\\Python27\\lib\\site-packages\\selenium\\webdriver\\remote\\webdriver.py\", line 314, in execute    self.error_handler.check_response(response)  File \"C:\\Python27\\lib\\site-packages\\appium\\webdriver\\errorhandler.py\", line 29, in check_response    raise wdeNoSuchElementException: Message: An element could not be located on the page using the given search parameters."},{"firstjacocotime":0.5280001,"tagname":"5_029","firstexecutionsuccess":false,"firsttestcasepath":"\\testcase\\firstcases\\testcase5_029.py","firstconsumedtime":13.334,"firstlocpath":null,"firstcoveragepath":"\\coverage\\pwpreferencecoverage\\coverage0_5_029_pw.ec","firsterrorlog":"FAILstr(e):\t\tMessage: An element could not be located on the page using the given search parameters.repr(e):\tNoSuchElementException()Traceback (most recent call last):  File \"\\testcase\\firstcases\\testcase5_029.py\", line 66, in <module>    element = getElememt(driver, \"new UiSelector().resourceId(\\\"org.wikipedia:id\/menu_overflow_button\\\").className(\\\"android.widget.TextView\\\")\")  File \"\\testcase\\firstcases\\testcase5_029.py\", line 28, in getElememt    element = driver.find_element_by_android_uiautomator(str)  File \"C:\\Python27\\lib\\site-packages\\appium\\webdriver\\webdriver.py\", line 156, in find_element_by_android_uiautomator    return self.find_element(by=By.ANDROID_UIAUTOMATOR, value=uia_string)  File \"C:\\Python27\\lib\\site-packages\\selenium\\webdriver\\remote\\webdriver.py\", line 957, in find_element    'value': value})['value']  File \"C:\\Python27\\lib\\site-packages\\selenium\\webdriver\\remote\\webdriver.py\", line 314, in execute    self.error_handler.check_response(response)  File \"C:\\Python27\\lib\\site-packages\\appium\\webdriver\\errorhandler.py\", line 29, in check_response    raise wdeNoSuchElementException: Message: An element could not be located on the page using the given search parameters."},{"firstjacocotime":0.54200006,"tagname":"5_026","firstexecutionsuccess":false,"firsttestcasepath":"\\testcase\\firstcases\\testcase5_026.py","firstconsumedtime":13.674,"firstlocpath":null,"firstcoveragepath":"\\coverage\\pwpreferencecoverage\\coverage0_5_026_pw.ec","firsterrorlog":"FAILstr(e):\t\tMessage: An element could not be located on the page using the given search parameters.repr(e):\tNoSuchElementException()Traceback (most recent call last):  File \"\\testcase\\firstcases\\testcase5_026.py\", line 66, in <module>    element = getElememt(driver, \"new UiSelector().resourceId(\\\"org.wikipedia:id\/voice_search_button\\\").className(\\\"android.widget.ImageView\\\")\")  File \"\\testcase\\firstcases\\testcase5_026.py\", line 28, in getElememt    element = driver.find_element_by_android_uiautomator(str)  File \"C:\\Python27\\lib\\site-packages\\appium\\webdriver\\webdriver.py\", line 156, in find_element_by_android_uiautomator    return self.find_element(by=By.ANDROID_UIAUTOMATOR, value=uia_string)  File \"C:\\Python27\\lib\\site-packages\\selenium\\webdriver\\remote\\webdriver.py\", line 957, in find_element    'value': value})['value']  File \"C:\\Python27\\lib\\site-packages\\selenium\\webdriver\\remote\\webdriver.py\", line 314, in execute    self.error_handler.check_response(response)  File \"C:\\Python27\\lib\\site-packages\\appium\\webdriver\\errorhandler.py\", line 29, in check_response    raise wdeNoSuchElementException: Message: An element could not be located on the page using the given search parameters."},{"firstjacocotime":0.52699995,"tagname":"5_027","firstexecutionsuccess":false,"firsttestcasepath":"\\testcase\\firstcases\\testcase5_027.py","firstconsumedtime":13.404,"firstlocpath":null,"firstcoveragepath":"\\coverage\\pwpreferencecoverage\\coverage0_5_027_pw.ec","firsterrorlog":"FAILstr(e):\t\tMessage: An element could not be located on the page using the given search parameters.repr(e):\tNoSuchElementException()Traceback (most recent call last):  File \"\\testcase\\firstcases\\testcase5_027.py\", line 66, in <module>    element = getElememt(driver, \"new UiSelector().resourceId(\\\"org.wikipedia:id\/icon\\\").className(\\\"android.widget.ImageView\\\")\")  File \"\\testcase\\firstcases\\testcase5_027.py\", line 28, in getElememt    element = driver.find_element_by_android_uiautomator(str)  File \"C:\\Python27\\lib\\site-packages\\appium\\webdriver\\webdriver.py\", line 156, in find_element_by_android_uiautomator    return self.find_element(by=By.ANDROID_UIAUTOMATOR, value=uia_string)  File \"C:\\Python27\\lib\\site-packages\\selenium\\webdriver\\remote\\webdriver.py\", line 957, in find_element    'value': value})['value']  File \"C:\\Python27\\lib\\site-packages\\selenium\\webdriver\\remote\\webdriver.py\", line 314, in execute    self.error_handler.check_response(response)  File \"C:\\Python27\\lib\\site-packages\\appium\\webdriver\\errorhandler.py\", line 29, in check_response    raise wdeNoSuchElementException: Message: An element could not be located on the page using the given search parameters."},{"firstjacocotime":0.55200005,"tagname":"5_024","firstexecutionsuccess":false,"firsttestcasepath":"\\testcase\\firstcases\\testcase5_024.py","firstconsumedtime":19.101,"firstlocpath":null,"firstcoveragepath":"\\coverage\\pwpreferencecoverage\\coverage0_5_024_pw.ec","firsterrorlog":"FAILstr(e):\t\tMessage: An element could not be located on the page using the given search parameters.repr(e):\tNoSuchElementException()Traceback (most recent call last):  File \"\\testcase\\firstcases\\testcase5_024.py\", line 69, in <module>    element = getElememt(driver, \"new UiSelector().resourceId(\\\"org.wikipedia:id\/icon\\\").className(\\\"android.widget.ImageView\\\")\")  File \"\\testcase\\firstcases\\testcase5_024.py\", line 28, in getElememt    element = driver.find_element_by_android_uiautomator(str)  File \"C:\\Python27\\lib\\site-packages\\appium\\webdriver\\webdriver.py\", line 156, in find_element_by_android_uiautomator    return self.find_element(by=By.ANDROID_UIAUTOMATOR, value=uia_string)  File \"C:\\Python27\\lib\\site-packages\\selenium\\webdriver\\remote\\webdriver.py\", line 957, in find_element    'value': value})['value']  File \"C:\\Python27\\lib\\site-packages\\selenium\\webdriver\\remote\\webdriver.py\", line 314, in execute    self.error_handler.check_response(response)  File \"C:\\Python27\\lib\\site-packages\\appium\\webdriver\\errorhandler.py\", line 29, in check_response    raise wdeNoSuchElementException: Message: An element could not be located on the page using the given search parameters."},{"firstjacocotime":0.54200006,"tagname":"5_025","firstexecutionsuccess":false,"firsttestcasepath":"\\testcase\\firstcases\\testcase5_025.py","firstconsumedtime":18.117,"firstlocpath":null,"firstcoveragepath":"\\coverage\\pwpreferencecoverage\\coverage0_5_025_pw.ec","firsterrorlog":"FAILstr(e):\t\tMessage: An element could not be located on the page using the given search parameters.repr(e):\tNoSuchElementException()Traceback (most recent call last):  File \"\\testcase\\firstcases\\testcase5_025.py\", line 68, in <module>    element = getElememt(driver, \"new UiSelector().className(\\\"android.widget.ImageView\\\").description(\\\"Search Wikipedia\\\")\")  File \"\\testcase\\firstcases\\testcase5_025.py\", line 28, in getElememt    element = driver.find_element_by_android_uiautomator(str)  File \"C:\\Python27\\lib\\site-packages\\appium\\webdriver\\webdriver.py\", line 156, in find_element_by_android_uiautomator    return self.find_element(by=By.ANDROID_UIAUTOMATOR, value=uia_string)  File \"C:\\Python27\\lib\\site-packages\\selenium\\webdriver\\remote\\webdriver.py\", line 957, in find_element    'value': value})['value']  File \"C:\\Python27\\lib\\site-packages\\selenium\\webdriver\\remote\\webdriver.py\", line 314, in execute    self.error_handler.check_response(response)  File \"C:\\Python27\\lib\\site-packages\\appium\\webdriver\\errorhandler.py\", line 29, in check_response    raise wdeNoSuchElementException: Message: An element could not be located on the page using the given search parameters."},{"firstjacocotime":0.533,"tagname":"6_000","firstexecutionsuccess":false,"firsttestcasepath":"\\testcase\\firstcases\\testcase6_000.py","firstconsumedtime":13.356,"firstlocpath":null,"firstcoveragepath":"\\coverage\\pwpreferencecoverage\\coverage0_6_000_pw.ec","firsterrorlog":"FAILstr(e):\t\tMessage: An element could not be located on the page using the given search parameters.repr(e):\tNoSuchElementException()Traceback (most recent call last):  File \"\\testcase\\firstcases\\testcase6_000.py\", line 66, in <module>    element = getElememt(driver, \"new UiSelector().resourceId(\\\"org.wikipedia:id\/menu_overflow_button\\\").className(\\\"android.widget.TextView\\\")\")  File \"\\testcase\\firstcases\\testcase6_000.py\", line 28, in getElememt    element = driver.find_element_by_android_uiautomator(str)  File \"C:\\Python27\\lib\\site-packages\\appium\\webdriver\\webdriver.py\", line 156, in find_element_by_android_uiautomator    return self.find_element(by=By.ANDROID_UIAUTOMATOR, value=uia_string)  File \"C:\\Python27\\lib\\site-packages\\selenium\\webdriver\\remote\\webdriver.py\", line 957, in find_element    'value': value})['value']  File \"C:\\Python27\\lib\\site-packages\\selenium\\webdriver\\remote\\webdriver.py\", line 314, in execute    self.error_handler.check_response(response)  File \"C:\\Python27\\lib\\site-packages\\appium\\webdriver\\errorhandler.py\", line 29, in check_response    raise wdeNoSuchElementException: Message: An element could not be located on the page using the given search parameters."},{"firstjacocotime":0.5270002,"tagname":"6_005","firstexecutionsuccess":false,"firsttestcasepath":"\\testcase\\firstcases\\testcase6_005.py","firstconsumedtime":28.402,"firstlocpath":null,"firstcoveragepath":"\\coverage\\pwpreferencecoverage\\coverage0_6_005_pw.ec","firsterrorlog":"FAILstr(e):\t\tMessage: An element could not be located on the page using the given search parameters.repr(e):\tNoSuchElementException()Traceback (most recent call last):  File \"\\testcase\\firstcases\\testcase6_005.py\", line 72, in <module>    element = getElememt(driver, \"new UiSelector().resourceId(\\\"org.wikipedia:id\/icon\\\").className(\\\"android.widget.ImageView\\\")\")  File \"\\testcase\\firstcases\\testcase6_005.py\", line 28, in getElememt    element = driver.find_element_by_android_uiautomator(str)  File \"C:\\Python27\\lib\\site-packages\\appium\\webdriver\\webdriver.py\", line 156, in find_element_by_android_uiautomator    return self.find_element(by=By.ANDROID_UIAUTOMATOR, value=uia_string)  File \"C:\\Python27\\lib\\site-packages\\selenium\\webdriver\\remote\\webdriver.py\", line 957, in find_element    'value': value})['value']  File \"C:\\Python27\\lib\\site-packages\\selenium\\webdriver\\remote\\webdriver.py\", line 314, in execute    self.error_handler.check_response(response)  File \"C:\\Python27\\lib\\site-packages\\appium\\webdriver\\errorhandler.py\", line 29, in check_response    raise wdeNoSuchElementException: Message: An element could not be located on the page using the given search parameters."},{"firstjacocotime":53.34,"tagname":"6_006","firstexecutionsuccess":false,"firsttestcasepath":"\\testcase\\firstcases\\testcase6_006.py","firstconsumedtime":74.003,"firstlocpath":null,"firstcoveragepath":"\\coverage\\pwpreferencecoverage\\coverage0_6_006_pw.ec","firsterrorlog":"FAILstr(e):\t\tMessage: An element could not be located on the page using the given search parameters.repr(e):\tNoSuchElementException()Traceback (most recent call last):  File \"\\testcase\\firstcases\\testcase6_006.py\", line 92, in <module>    element = getElememt(driver, \"new UiSelector().className(\\\"android.widget.ImageView\\\").description(\\\"Find in page\\\")\")  File \"\\testcase\\firstcases\\testcase6_006.py\", line 28, in getElememt    element = driver.find_element_by_android_uiautomator(str)  File \"C:\\Python27\\lib\\site-packages\\appium\\webdriver\\webdriver.py\", line 156, in find_element_by_android_uiautomator    return self.find_element(by=By.ANDROID_UIAUTOMATOR, value=uia_string)  File \"C:\\Python27\\lib\\site-packages\\selenium\\webdriver\\remote\\webdriver.py\", line 957, in find_element    'value': value})['value']  File \"C:\\Python27\\lib\\site-packages\\selenium\\webdriver\\remote\\webdriver.py\", line 314, in execute    self.error_handler.check_response(response)  File \"C:\\Python27\\lib\\site-packages\\appium\\webdriver\\errorhandler.py\", line 29, in check_response    raise wdeNoSuchElementException: Message: An element could not be located on the page using the given search parameters."},{"firstjacocotime":0.52900004,"tagname":"6_007","firstexecutionsuccess":false,"firsttestcasepath":"\\testcase\\firstcases\\testcase6_007.py","firstconsumedtime":13.43,"firstlocpath":null,"firstcoveragepath":"\\coverage\\pwpreferencecoverage\\coverage0_6_007_pw.ec","firsterrorlog":"FAILstr(e):\t\tMessage: An element could not be located on the page using the given search parameters.repr(e):\tNoSuchElementException()Traceback (most recent call last):  File \"\\testcase\\firstcases\\testcase6_007.py\", line 66, in <module>    element = getElememt(driver, \"new UiSelector().resourceId(\\\"org.wikipedia:id\/voice_search_button\\\").className(\\\"android.widget.ImageView\\\")\")  File \"\\testcase\\firstcases\\testcase6_007.py\", line 28, in getElememt    element = driver.find_element_by_android_uiautomator(str)  File \"C:\\Python27\\lib\\site-packages\\appium\\webdriver\\webdriver.py\", line 156, in find_element_by_android_uiautomator    return self.find_element(by=By.ANDROID_UIAUTOMATOR, value=uia_string)  File \"C:\\Python27\\lib\\site-packages\\selenium\\webdriver\\remote\\webdriver.py\", line 957, in find_element    'value': value})['value']  File \"C:\\Python27\\lib\\site-packages\\selenium\\webdriver\\remote\\webdriver.py\", line 314, in execute    self.error_handler.check_response(response)  File \"C:\\Python27\\lib\\site-packages\\appium\\webdriver\\errorhandler.py\", line 29, in check_response    raise wdeNoSuchElementException: Message: An element could not be located on the page using the given search parameters."},{"firstjacocotime":0.513,"tagname":"6_008","firstexecutionsuccess":false,"firsttestcasepath":"\\testcase\\firstcases\\testcase6_008.py","firstconsumedtime":13.319,"firstlocpath":null,"firstcoveragepath":"\\coverage\\pwpreferencecoverage\\coverage0_6_008_pw.ec","firsterrorlog":"FAILstr(e):\t\tMessage: An element could not be located on the page using the given search parameters.repr(e):\tNoSuchElementException()Traceback (most recent call last):  File \"\\testcase\\firstcases\\testcase6_008.py\", line 66, in <module>    element = getElememt(driver, \"new UiSelector().resourceId(\\\"org.wikipedia:id\/icon\\\").className(\\\"android.widget.ImageView\\\")\")  File \"\\testcase\\firstcases\\testcase6_008.py\", line 28, in getElememt    element = driver.find_element_by_android_uiautomator(str)  File \"C:\\Python27\\lib\\site-packages\\appium\\webdriver\\webdriver.py\", line 156, in find_element_by_android_uiautomator    return self.find_element(by=By.ANDROID_UIAUTOMATOR, value=uia_string)  File \"C:\\Python27\\lib\\site-packages\\selenium\\webdriver\\remote\\webdriver.py\", line 957, in find_element    'value': value})['value']  File \"C:\\Python27\\lib\\site-packages\\selenium\\webdriver\\remote\\webdriver.py\", line 314, in execute    self.error_handler.check_response(response)  File \"C:\\Python27\\lib\\site-packages\\appium\\webdriver\\errorhandler.py\", line 29, in check_response    raise wdeNoSuchElementException: Message: An element could not be located on the page using the given search parameters."},{"firstjacocotime":0.5639999,"tagname":"6_001","firstexecutionsuccess":false,"firsttestcasepath":"\\testcase\\firstcases\\testcase6_001.py","firstconsumedtime":13.8810005,"firstlocpath":null,"firstcoveragepath":"\\coverage\\pwpreferencecoverage\\coverage0_6_001_pw.ec","firsterrorlog":"FAILstr(e):\t\tMessage: An element could not be located on the page using the given search parameters.repr(e):\tNoSuchElementException()Traceback (most recent call last):  File \"\\testcase\\firstcases\\testcase6_001.py\", line 66, in <module>    element = getElememt(driver, \"new UiSelector().resourceId(\\\"org.wikipedia:id\/menu_overflow_button\\\").className(\\\"android.widget.TextView\\\")\")  File \"\\testcase\\firstcases\\testcase6_001.py\", line 28, in getElememt    element = driver.find_element_by_android_uiautomator(str)  File \"C:\\Python27\\lib\\site-packages\\appium\\webdriver\\webdriver.py\", line 156, in find_element_by_android_uiautomator    return self.find_element(by=By.ANDROID_UIAUTOMATOR, value=uia_string)  File \"C:\\Python27\\lib\\site-packages\\selenium\\webdriver\\remote\\webdriver.py\", line 957, in find_element    'value': value})['value']  File \"C:\\Python27\\lib\\site-packages\\selenium\\webdriver\\remote\\webdriver.py\", line 314, in execute    self.error_handler.check_response(response)  File \"C:\\Python27\\lib\\site-packages\\appium\\webdriver\\errorhandler.py\", line 29, in check_response    raise wdeNoSuchElementException: Message: An element could not be located on the page using the given search parameters."},{"firstjacocotime":0.57099986,"tagname":"6_002","firstexecutionsuccess":false,"firsttestcasepath":"\\testcase\\firstcases\\testcase6_002.py","firstconsumedtime":18.418,"firstlocpath":null,"firstcoveragepath":"\\coverage\\pwpreferencecoverage\\coverage0_6_002_pw.ec","firsterrorlog":"FAILstr(e):\t\tMessage: An element could not be located on the page using the given search parameters.repr(e):\tNoSuchElementException()Traceback (most recent call last):  File \"\\testcase\\firstcases\\testcase6_002.py\", line 68, in <module>    element = getElememt(driver, \"new UiSelector().resourceId(\\\"org.wikipedia:id\/icon\\\").className(\\\"android.widget.ImageView\\\")\")  File \"\\testcase\\firstcases\\testcase6_002.py\", line 28, in getElememt    element = driver.find_element_by_android_uiautomator(str)  File \"C:\\Python27\\lib\\site-packages\\appium\\webdriver\\webdriver.py\", line 156, in find_element_by_android_uiautomator    return self.find_element(by=By.ANDROID_UIAUTOMATOR, value=uia_string)  File \"C:\\Python27\\lib\\site-packages\\selenium\\webdriver\\remote\\webdriver.py\", line 957, in find_element    'value': value})['value']  File \"C:\\Python27\\lib\\site-packages\\selenium\\webdriver\\remote\\webdriver.py\", line 314, in execute    self.error_handler.check_response(response)  File \"C:\\Python27\\lib\\site-packages\\appium\\webdriver\\errorhandler.py\", line 29, in check_response    raise wdeNoSuchElementException: Message: An element could not be located on the page using the given search parameters."},{"firstjacocotime":0.579,"tagname":"6_003","firstexecutionsuccess":false,"firsttestcasepath":"\\testcase\\firstcases\\testcase6_003.py","firstconsumedtime":19.003,"firstlocpath":null,"firstcoveragepath":"\\coverage\\pwpreferencecoverage\\coverage0_6_003_pw.ec","firsterrorlog":"FAILstr(e):\t\tMessage: An element could not be located on the page using the given search parameters.repr(e):\tNoSuchElementException()Traceback (most recent call last):  File \"\\testcase\\firstcases\\testcase6_003.py\", line 68, in <module>    element = getElememt(driver, \"new UiSelector().resourceId(\\\"org.wikipedia:id\/icon\\\").className(\\\"android.widget.ImageView\\\")\")  File \"\\testcase\\firstcases\\testcase6_003.py\", line 28, in getElememt    element = driver.find_element_by_android_uiautomator(str)  File \"C:\\Python27\\lib\\site-packages\\appium\\webdriver\\webdriver.py\", line 156, in find_element_by_android_uiautomator    return self.find_element(by=By.ANDROID_UIAUTOMATOR, value=uia_string)  File \"C:\\Python27\\lib\\site-packages\\selenium\\webdriver\\remote\\webdriver.py\", line 957, in find_element    'value': value})['value']  File \"C:\\Python27\\lib\\site-packages\\selenium\\webdriver\\remote\\webdriver.py\", line 314, in execute    self.error_handler.check_response(response)  File \"C:\\Python27\\lib\\site-packages\\appium\\webdriver\\errorhandler.py\", line 29, in check_response    raise wdeNoSuchElementException: Message: An element could not be located on the page using the given search parameters."},{"firstjacocotime":0.5309999,"tagname":"6_004","firstexecutionsuccess":false,"firsttestcasepath":"\\testcase\\firstcases\\testcase6_004.py","firstconsumedtime":13.508,"firstlocpath":null,"firstcoveragepath":"\\coverage\\pwpreferencecoverage\\coverage0_6_004_pw.ec","firsterrorlog":"FAILstr(e):\t\tMessage: An element could not be located on the page using the given search parameters.repr(e):\tNoSuchElementException()Traceback (most recent call last):  File \"\\testcase\\firstcases\\testcase6_004.py\", line 66, in <module>    element = getElememt(driver, \"new UiSelector().resourceId(\\\"org.wikipedia:id\/icon\\\").className(\\\"android.widget.ImageView\\\")\")  File \"\\testcase\\firstcases\\testcase6_004.py\", line 28, in getElememt    element = driver.find_element_by_android_uiautomator(str)  File \"C:\\Python27\\lib\\site-packages\\appium\\webdriver\\webdriver.py\", line 156, in find_element_by_android_uiautomator    return self.find_element(by=By.ANDROID_UIAUTOMATOR, value=uia_string)  File \"C:\\Python27\\lib\\site-packages\\selenium\\webdriver\\remote\\webdriver.py\", line 957, in find_element    'value': value})['value']  File \"C:\\Python27\\lib\\site-packages\\selenium\\webdriver\\remote\\webdriver.py\", line 314, in execute    self.error_handler.check_response(response)  File \"C:\\Python27\\lib\\site-packages\\appium\\webdriver\\errorhandler.py\", line 29, in check_response    raise wdeNoSuchElementException: Message: An element could not be located on the page using the given search parameters."},{"firstjacocotime":0.5209999,"tagname":"3_028","firstexecutionsuccess":false,"firsttestcasepath":"\\testcase\\firstcases\\testcase3_028.py","firstconsumedtime":13.327,"firstlocpath":null,"firstcoveragepath":"\\coverage\\pwpreferencecoverage\\coverage0_3_028_pw.ec","firsterrorlog":"FAILstr(e):\t\tMessage: An element could not be located on the page using the given search parameters.repr(e):\tNoSuchElementException()Traceback (most recent call last):  File \"\\testcase\\firstcases\\testcase3_028.py\", line 66, in <module>    element = getElememt(driver, \"new UiSelector().resourceId(\\\"org.wikipedia:id\/menu_overflow_button\\\").className(\\\"android.widget.TextView\\\")\")  File \"\\testcase\\firstcases\\testcase3_028.py\", line 28, in getElememt    element = driver.find_element_by_android_uiautomator(str)  File \"C:\\Python27\\lib\\site-packages\\appium\\webdriver\\webdriver.py\", line 156, in find_element_by_android_uiautomator    return self.find_element(by=By.ANDROID_UIAUTOMATOR, value=uia_string)  File \"C:\\Python27\\lib\\site-packages\\selenium\\webdriver\\remote\\webdriver.py\", line 957, in find_element    'value': value})['value']  File \"C:\\Python27\\lib\\site-packages\\selenium\\webdriver\\remote\\webdriver.py\", line 314, in execute    self.error_handler.check_response(response)  File \"C:\\Python27\\lib\\site-packages\\appium\\webdriver\\errorhandler.py\", line 29, in check_response    raise wdeNoSuchElementException: Message: An element could not be located on the page using the given search parameters."},{"firstjacocotime":0.51600003,"tagname":"3_029","firstexecutionsuccess":false,"firsttestcasepath":"\\testcase\\firstcases\\testcase3_029.py","firstconsumedtime":13.436,"firstlocpath":null,"firstcoveragepath":"\\coverage\\pwpreferencecoverage\\coverage0_3_029_pw.ec","firsterrorlog":"FAILstr(e):\t\tMessage: An element could not be located on the page using the given search parameters.repr(e):\tNoSuchElementException()Traceback (most recent call last):  File \"\\testcase\\firstcases\\testcase3_029.py\", line 66, in <module>    element = getElememt(driver, \"new UiSelector().resourceId(\\\"org.wikipedia:id\/icon\\\").className(\\\"android.widget.ImageView\\\")\")  File \"\\testcase\\firstcases\\testcase3_029.py\", line 28, in getElememt    element = driver.find_element_by_android_uiautomator(str)  File \"C:\\Python27\\lib\\site-packages\\appium\\webdriver\\webdriver.py\", line 156, in find_element_by_android_uiautomator    return self.find_element(by=By.ANDROID_UIAUTOMATOR, value=uia_string)  File \"C:\\Python27\\lib\\site-packages\\selenium\\webdriver\\remote\\webdriver.py\", line 957, in find_element    'value': value})['value']  File \"C:\\Python27\\lib\\site-packages\\selenium\\webdriver\\remote\\webdriver.py\", line 314, in execute    self.error_handler.check_response(response)  File \"C:\\Python27\\lib\\site-packages\\appium\\webdriver\\errorhandler.py\", line 29, in check_response    raise wdeNoSuchElementException: Message: An element could not be located on the page using the given search parameters."},{"firstjacocotime":0.5209999,"tagname":"3_026","firstexecutionsuccess":false,"firsttestcasepath":"\\testcase\\firstcases\\testcase3_026.py","firstconsumedtime":13.278,"firstlocpath":null,"firstcoveragepath":"\\coverage\\pwpreferencecoverage\\coverage0_3_026_pw.ec","firsterrorlog":"FAILstr(e):\t\tMessage: An element could not be located on the page using the given search parameters.repr(e):\tNoSuchElementException()Traceback (most recent call last):  File \"\\testcase\\firstcases\\testcase3_026.py\", line 66, in <module>    element = getElememt(driver, \"new UiSelector().resourceId(\\\"org.wikipedia:id\/icon\\\").className(\\\"android.widget.ImageView\\\")\")  File \"\\testcase\\firstcases\\testcase3_026.py\", line 28, in getElememt    element = driver.find_element_by_android_uiautomator(str)  File \"C:\\Python27\\lib\\site-packages\\appium\\webdriver\\webdriver.py\", line 156, in find_element_by_android_uiautomator    return self.find_element(by=By.ANDROID_UIAUTOMATOR, value=uia_string)  File \"C:\\Python27\\lib\\site-packages\\selenium\\webdriver\\remote\\webdriver.py\", line 957, in find_element    'value': value})['value']  File \"C:\\Python27\\lib\\site-packages\\selenium\\webdriver\\remote\\webdriver.py\", line 314, in execute    self.error_handler.check_response(response)  File \"C:\\Python27\\lib\\site-packages\\appium\\webdriver\\errorhandler.py\", line 29, in check_response    raise wdeNoSuchElementException: Message: An element could not be located on the page using the given search parameters."},{"firstjacocotime":0.5410001,"tagname":"3_027","firstexecutionsuccess":false,"firsttestcasepath":"\\testcase\\firstcases\\testcase3_027.py","firstconsumedtime":13.325,"firstlocpath":null,"firstcoveragepath":"\\coverage\\pwpreferencecoverage\\coverage0_3_027_pw.ec","firsterrorlog":"FAILstr(e):\t\tMessage: An element could not be located on the page using the given search parameters.repr(e):\tNoSuchElementException()Traceback (most recent call last):  File \"\\testcase\\firstcases\\testcase3_027.py\", line 66, in <module>    element = getElememt(driver, \"new UiSelector().resourceId(\\\"org.wikipedia:id\/icon\\\").className(\\\"android.widget.ImageView\\\")\")  File \"\\testcase\\firstcases\\testcase3_027.py\", line 28, in getElememt    element = driver.find_element_by_android_uiautomator(str)  File \"C:\\Python27\\lib\\site-packages\\appium\\webdriver\\webdriver.py\", line 156, in find_element_by_android_uiautomator    return self.find_element(by=By.ANDROID_UIAUTOMATOR, value=uia_string)  File \"C:\\Python27\\lib\\site-packages\\selenium\\webdriver\\remote\\webdriver.py\", line 957, in find_element    'value': value})['value']  File \"C:\\Python27\\lib\\site-packages\\selenium\\webdriver\\remote\\webdriver.py\", line 314, in execute    self.error_handler.check_response(response)  File \"C:\\Python27\\lib\\site-packages\\appium\\webdriver\\errorhandler.py\", line 29, in check_response    raise wdeNoSuchElementException: Message: An element could not be located on the page using the given search parameters."},{"firstjacocotime":6.966,"tagname":"1_019","firstexecutionsuccess":false,"firsttestcasepath":"\\testcase\\firstcases\\testcase1_019.py","firstconsumedtime":67.887,"firstlocpath":null,"firstcoveragepath":"\\coverage\\pwpreferencecoverage\\coverage0_1_019_pw.ec","firsterrorlog":"FAILstr(e):\t\tMessage: An element could not be located on the page using the given search parameters.repr(e):\tNoSuchElementException()Traceback (most recent call last):  File \"\\testcase\\firstcases\\testcase1_019.py\", line 96, in <module>    element = getElememt(driver, \"new UiSelector().className(\\\"android.widget.ImageButton\\\")\")  File \"\\testcase\\firstcases\\testcase1_019.py\", line 28, in getElememt    element = driver.find_element_by_android_uiautomator(str)  File \"C:\\Python27\\lib\\site-packages\\appium\\webdriver\\webdriver.py\", line 156, in find_element_by_android_uiautomator    return self.find_element(by=By.ANDROID_UIAUTOMATOR, value=uia_string)  File \"C:\\Python27\\lib\\site-packages\\selenium\\webdriver\\remote\\webdriver.py\", line 957, in find_element    'value': value})['value']  File \"C:\\Python27\\lib\\site-packages\\selenium\\webdriver\\remote\\webdriver.py\", line 314, in execute    self.error_handler.check_response(response)  File \"C:\\Python27\\lib\\site-packages\\appium\\webdriver\\errorhandler.py\", line 29, in check_response    raise wdeNoSuchElementException: Message: An element could not be located on the page using the given search parameters."},{"firstjacocotime":0.56500006,"tagname":"6_009","firstexecutionsuccess":false,"firsttestcasepath":"\\testcase\\firstcases\\testcase6_009.py","firstconsumedtime":13.37,"firstlocpath":null,"firstcoveragepath":"\\coverage\\pwpreferencecoverage\\coverage0_6_009_pw.ec","firsterrorlog":"FAILstr(e):\t\tMessage: An element could not be located on the page using the given search parameters.repr(e):\tNoSuchElementException()Traceback (most recent call last):  File \"\\testcase\\firstcases\\testcase6_009.py\", line 66, in <module>    element = getElememt(driver, \"new UiSelector().resourceId(\\\"org.wikipedia:id\/menu_overflow_button\\\").className(\\\"android.widget.TextView\\\")\")  File \"\\testcase\\firstcases\\testcase6_009.py\", line 28, in getElememt    element = driver.find_element_by_android_uiautomator(str)  File \"C:\\Python27\\lib\\site-packages\\appium\\webdriver\\webdriver.py\", line 156, in find_element_by_android_uiautomator    return self.find_element(by=By.ANDROID_UIAUTOMATOR, value=uia_string)  File \"C:\\Python27\\lib\\site-packages\\selenium\\webdriver\\remote\\webdriver.py\", line 957, in find_element    'value': value})['value']  File \"C:\\Python27\\lib\\site-packages\\selenium\\webdriver\\remote\\webdriver.py\", line 314, in execute    self.error_handler.check_response(response)  File \"C:\\Python27\\lib\\site-packages\\appium\\webdriver\\errorhandler.py\", line 29, in check_response    raise wdeNoSuchElementException: Message: An element could not be located on the page using the given search parameters."},{"firstjacocotime":0.513,"tagname":"1_017","firstexecutionsuccess":false,"firsttestcasepath":"\\testcase\\firstcases\\testcase1_017.py","firstconsumedtime":13.562,"firstlocpath":null,"firstcoveragepath":"\\coverage\\pwpreferencecoverage\\coverage0_1_017_pw.ec","firsterrorlog":"FAILstr(e):\t\tMessage: An element could not be located on the page using the given search parameters.repr(e):\tNoSuchElementException()Traceback (most recent call last):  File \"\\testcase\\firstcases\\testcase1_017.py\", line 66, in <module>    element = getElememt(driver, \"new UiSelector().resourceId(\\\"org.wikipedia:id\/voice_search_button\\\").className(\\\"android.widget.ImageView\\\")\")  File \"\\testcase\\firstcases\\testcase1_017.py\", line 28, in getElememt    element = driver.find_element_by_android_uiautomator(str)  File \"C:\\Python27\\lib\\site-packages\\appium\\webdriver\\webdriver.py\", line 156, in find_element_by_android_uiautomator    return self.find_element(by=By.ANDROID_UIAUTOMATOR, value=uia_string)  File \"C:\\Python27\\lib\\site-packages\\selenium\\webdriver\\remote\\webdriver.py\", line 957, in find_element    'value': value})['value']  File \"C:\\Python27\\lib\\site-packages\\selenium\\webdriver\\remote\\webdriver.py\", line 314, in execute    self.error_handler.check_response(response)  File \"C:\\Python27\\lib\\site-packages\\appium\\webdriver\\errorhandler.py\", line 29, in check_response    raise wdeNoSuchElementException: Message: An element could not be located on the page using the given search parameters."},{"firstjacocotime":0.53799987,"tagname":"1_018","firstexecutionsuccess":false,"firsttestcasepath":"\\testcase\\firstcases\\testcase1_018.py","firstconsumedtime":13.588,"firstlocpath":null,"firstcoveragepath":"\\coverage\\pwpreferencecoverage\\coverage0_1_018_pw.ec","firsterrorlog":"FAILstr(e):\t\tMessage: An element could not be located on the page using the given search parameters.repr(e):\tNoSuchElementException()Traceback (most recent call last):  File \"\\testcase\\firstcases\\testcase1_018.py\", line 66, in <module>    element = getElememt(driver, \"new UiSelector().resourceId(\\\"org.wikipedia:id\/icon\\\").className(\\\"android.widget.ImageView\\\")\")  File \"\\testcase\\firstcases\\testcase1_018.py\", line 28, in getElememt    element = driver.find_element_by_android_uiautomator(str)  File \"C:\\Python27\\lib\\site-packages\\appium\\webdriver\\webdriver.py\", line 156, in find_element_by_android_uiautomator    return self.find_element(by=By.ANDROID_UIAUTOMATOR, value=uia_string)  File \"C:\\Python27\\lib\\site-packages\\selenium\\webdriver\\remote\\webdriver.py\", line 957, in find_element    'value': value})['value']  File \"C:\\Python27\\lib\\site-packages\\selenium\\webdriver\\remote\\webdriver.py\", line 314, in execute    self.error_handler.check_response(response)  File \"C:\\Python27\\lib\\site-packages\\appium\\webdriver\\errorhandler.py\", line 29, in check_response    raise wdeNoSuchElementException: Message: An element could not be located on the page using the given search parameters."},{"firstjacocotime":0.50399995,"tagname":"1_015","firstexecutionsuccess":false,"firsttestcasepath":"\\testcase\\firstcases\\testcase1_015.py","firstconsumedtime":13.575,"firstlocpath":null,"firstcoveragepath":"\\coverage\\pwpreferencecoverage\\coverage0_1_015_pw.ec","firsterrorlog":"FAILstr(e):\t\tMessage: An element could not be located on the page using the given search parameters.repr(e):\tNoSuchElementException()Traceback (most recent call last):  File \"\\testcase\\firstcases\\testcase1_015.py\", line 66, in <module>    element = getElememt(driver, \"new UiSelector().resourceId(\\\"org.wikipedia:id\/voice_search_button\\\").className(\\\"android.widget.ImageView\\\")\")  File \"\\testcase\\firstcases\\testcase1_015.py\", line 28, in getElememt    element = driver.find_element_by_android_uiautomator(str)  File \"C:\\Python27\\lib\\site-packages\\appium\\webdriver\\webdriver.py\", line 156, in find_element_by_android_uiautomator    return self.find_element(by=By.ANDROID_UIAUTOMATOR, value=uia_string)  File \"C:\\Python27\\lib\\site-packages\\selenium\\webdriver\\remote\\webdriver.py\", line 957, in find_element    'value': value})['value']  File \"C:\\Python27\\lib\\site-packages\\selenium\\webdriver\\remote\\webdriver.py\", line 314, in execute    self.error_handler.check_response(response)  File \"C:\\Python27\\lib\\site-packages\\appium\\webdriver\\errorhandler.py\", line 29, in check_response    raise wdeNoSuchElementException: Message: An element could not be located on the page using the given search parameters."},{"firstjacocotime":0.49699998,"tagname":"3_020","firstexecutionsuccess":false,"firsttestcasepath":"\\testcase\\firstcases\\testcase3_020.py","firstconsumedtime":13.487,"firstlocpath":null,"firstcoveragepath":"\\coverage\\pwpreferencecoverage\\coverage0_3_020_pw.ec","firsterrorlog":"FAILstr(e):\t\tMessage: An element could not be located on the page using the given search parameters.repr(e):\tNoSuchElementException()Traceback (most recent call last):  File \"\\testcase\\firstcases\\testcase3_020.py\", line 66, in <module>    element = getElememt(driver, \"new UiSelector().className(\\\"android.widget.ImageView\\\").description(\\\"Search Wikipedia\\\")\")  File \"\\testcase\\firstcases\\testcase3_020.py\", line 28, in getElememt    element = driver.find_element_by_android_uiautomator(str)  File \"C:\\Python27\\lib\\site-packages\\appium\\webdriver\\webdriver.py\", line 156, in find_element_by_android_uiautomator    return self.find_element(by=By.ANDROID_UIAUTOMATOR, value=uia_string)  File \"C:\\Python27\\lib\\site-packages\\selenium\\webdriver\\remote\\webdriver.py\", line 957, in find_element    'value': value})['value']  File \"C:\\Python27\\lib\\site-packages\\selenium\\webdriver\\remote\\webdriver.py\", line 314, in execute    self.error_handler.check_response(response)  File \"C:\\Python27\\lib\\site-packages\\appium\\webdriver\\errorhandler.py\", line 29, in check_response    raise wdeNoSuchElementException: Message: An element could not be located on the page using the given search parameters."},{"firstjacocotime":50.593,"tagname":"1_016","firstexecutionsuccess":true,"firsttestcasepath":"\\testcase\\firstcases\\testcase1_016.py","firstconsumedtime":9.276,"firstlocpath":null,"firstcoveragepath":"\\coverage\\pwpreferencecoverage\\coverage0_1_016_pw.ec","firsterrorlog":null},{"firstjacocotime":0.57099986,"tagname":"3_021","firstexecutionsuccess":false,"firsttestcasepath":"\\testcase\\firstcases\\testcase3_021.py","firstconsumedtime":18.64,"firstlocpath":null,"firstcoveragepath":"\\coverage\\pwpreferencecoverage\\coverage0_3_021_pw.ec","firsterrorlog":"FAILstr(e):\t\tMessage: An element could not be located on the page using the given search parameters.repr(e):\tNoSuchElementException()Traceback (most recent call last):  File \"\\testcase\\firstcases\\testcase3_021.py\", line 68, in <module>    element = getElememt(driver, \"new UiSelector().resourceId(\\\"org.wikipedia:id\/view_static_card_icon\\\").className(\\\"android.widget.ImageView\\\")\")  File \"\\testcase\\firstcases\\testcase3_021.py\", line 28, in getElememt    element = driver.find_element_by_android_uiautomator(str)  File \"C:\\Python27\\lib\\site-packages\\appium\\webdriver\\webdriver.py\", line 156, in find_element_by_android_uiautomator    return self.find_element(by=By.ANDROID_UIAUTOMATOR, value=uia_string)  File \"C:\\Python27\\lib\\site-packages\\selenium\\webdriver\\remote\\webdriver.py\", line 957, in find_element    'value': value})['value']  File \"C:\\Python27\\lib\\site-packages\\selenium\\webdriver\\remote\\webdriver.py\", line 314, in execute    self.error_handler.check_response(response)  File \"C:\\Python27\\lib\\site-packages\\appium\\webdriver\\errorhandler.py\", line 29, in check_response    raise wdeNoSuchElementException: Message: An element could not be located on the page using the given search parameters."},{"firstjacocotime":0.5430002,"tagname":"1_013","firstexecutionsuccess":false,"firsttestcasepath":"\\testcase\\firstcases\\testcase1_013.py","firstconsumedtime":19.531,"firstlocpath":null,"firstcoveragepath":"\\coverage\\pwpreferencecoverage\\coverage0_1_013_pw.ec","firsterrorlog":"FAILstr(e):\t\tMessage: An element could not be located on the page using the given search parameters.repr(e):\tNoSuchElementException()Traceback (most recent call last):  File \"\\testcase\\firstcases\\testcase1_013.py\", line 68, in <module>    element = getElememt(driver, \"new UiSelector().resourceId(\\\"org.wikipedia:id\/icon\\\").className(\\\"android.widget.ImageView\\\")\")  File \"\\testcase\\firstcases\\testcase1_013.py\", line 28, in getElememt    element = driver.find_element_by_android_uiautomator(str)  File \"C:\\Python27\\lib\\site-packages\\appium\\webdriver\\webdriver.py\", line 156, in find_element_by_android_uiautomator    return self.find_element(by=By.ANDROID_UIAUTOMATOR, value=uia_string)  File \"C:\\Python27\\lib\\site-packages\\selenium\\webdriver\\remote\\webdriver.py\", line 957, in find_element    'value': value})['value']  File \"C:\\Python27\\lib\\site-packages\\selenium\\webdriver\\remote\\webdriver.py\", line 314, in execute    self.error_handler.check_response(response)  File \"C:\\Python27\\lib\\site-packages\\appium\\webdriver\\errorhandler.py\", line 29, in check_response    raise wdeNoSuchElementException: Message: An element could not be located on the page using the given search parameters."},{"firstjacocotime":0.5279999,"tagname":"1_014","firstexecutionsuccess":false,"firsttestcasepath":"\\testcase\\firstcases\\testcase1_014.py","firstconsumedtime":13.213,"firstlocpath":null,"firstcoveragepath":"\\coverage\\pwpreferencecoverage\\coverage0_1_014_pw.ec","firsterrorlog":"FAILstr(e):\t\tMessage: An element could not be located on the page using the given search parameters.repr(e):\tNoSuchElementException()Traceback (most recent call last):  File \"\\testcase\\firstcases\\testcase1_014.py\", line 66, in <module>    element = getElememt(driver, \"new UiSelector().className(\\\"android.widget.ImageView\\\").description(\\\"Search Wikipedia\\\")\")  File \"\\testcase\\firstcases\\testcase1_014.py\", line 28, in getElememt    element = driver.find_element_by_android_uiautomator(str)  File \"C:\\Python27\\lib\\site-packages\\appium\\webdriver\\webdriver.py\", line 156, in find_element_by_android_uiautomator    return self.find_element(by=By.ANDROID_UIAUTOMATOR, value=uia_string)  File \"C:\\Python27\\lib\\site-packages\\selenium\\webdriver\\remote\\webdriver.py\", line 957, in find_element    'value': value})['value']  File \"C:\\Python27\\lib\\site-packages\\selenium\\webdriver\\remote\\webdriver.py\", line 314, in execute    self.error_handler.check_response(response)  File \"C:\\Python27\\lib\\site-packages\\appium\\webdriver\\errorhandler.py\", line 29, in check_response    raise wdeNoSuchElementException: Message: An element could not be located on the page using the given search parameters."},{"firstjacocotime":0.888,"tagname":"1_011","firstexecutionsuccess":false,"firsttestcasepath":"\\testcase\\firstcases\\testcase1_011.py","firstconsumedtime":20.238,"firstlocpath":null,"firstcoveragepath":"\\coverage\\pwpreferencecoverage\\coverage0_1_011_pw.ec","firsterrorlog":"FAILstr(e):\t\tMessage: An element could not be located on the page using the given search parameters.repr(e):\tNoSuchElementException()Traceback (most recent call last):  File \"\\testcase\\firstcases\\testcase1_011.py\", line 69, in <module>    element = getElememt(driver, \"new UiSelector().resourceId(\\\"org.wikipedia:id\/icon\\\").className(\\\"android.widget.ImageView\\\")\")  File \"\\testcase\\firstcases\\testcase1_011.py\", line 28, in getElememt    element = driver.find_element_by_android_uiautomator(str)  File \"C:\\Python27\\lib\\site-packages\\appium\\webdriver\\webdriver.py\", line 156, in find_element_by_android_uiautomator    return self.find_element(by=By.ANDROID_UIAUTOMATOR, value=uia_string)  File \"C:\\Python27\\lib\\site-packages\\selenium\\webdriver\\remote\\webdriver.py\", line 957, in find_element    'value': value})['value']  File \"C:\\Python27\\lib\\site-packages\\selenium\\webdriver\\remote\\webdriver.py\", line 314, in execute    self.error_handler.check_response(response)  File \"C:\\Python27\\lib\\site-packages\\appium\\webdriver\\errorhandler.py\", line 29, in check_response    raise wdeNoSuchElementException: Message: An element could not be located on the page using the given search parameters."},{"firstjacocotime":0.6049998,"tagname":"3_024","firstexecutionsuccess":false,"firsttestcasepath":"\\testcase\\firstcases\\testcase3_024.py","firstconsumedtime":18.69,"firstlocpath":null,"firstcoveragepath":"\\coverage\\pwpreferencecoverage\\coverage0_3_024_pw.ec","firsterrorlog":"FAILstr(e):\t\tMessage: An element could not be located on the page using the given search parameters.repr(e):\tNoSuchElementException()Traceback (most recent call last):  File \"\\testcase\\firstcases\\testcase3_024.py\", line 69, in <module>    element = getElememt(driver, \"new UiSelector().resourceId(\\\"org.wikipedia:id\/icon\\\").className(\\\"android.widget.ImageView\\\")\")  File \"\\testcase\\firstcases\\testcase3_024.py\", line 28, in getElememt    element = driver.find_element_by_android_uiautomator(str)  File \"C:\\Python27\\lib\\site-packages\\appium\\webdriver\\webdriver.py\", line 156, in find_element_by_android_uiautomator    return self.find_element(by=By.ANDROID_UIAUTOMATOR, value=uia_string)  File \"C:\\Python27\\lib\\site-packages\\selenium\\webdriver\\remote\\webdriver.py\", line 957, in find_element    'value': value})['value']  File \"C:\\Python27\\lib\\site-packages\\selenium\\webdriver\\remote\\webdriver.py\", line 314, in execute    self.error_handler.check_response(response)  File \"C:\\Python27\\lib\\site-packages\\appium\\webdriver\\errorhandler.py\", line 29, in check_response    raise wdeNoSuchElementException: Message: An element could not be located on the page using the given search parameters."},{"firstjacocotime":0.7420001,"tagname":"1_012","firstexecutionsuccess":false,"firsttestcasepath":"\\testcase\\firstcases\\testcase1_012.py","firstconsumedtime":23.191,"firstlocpath":null,"firstcoveragepath":"\\coverage\\pwpreferencecoverage\\coverage0_1_012_pw.ec","firsterrorlog":"FAILstr(e):\t\tMessage: An element could not be located on the page using the given search parameters.repr(e):\tNoSuchElementException()Traceback (most recent call last):  File \"\\testcase\\firstcases\\testcase1_012.py\", line 71, in <module>    element = getElememt(driver, \"new UiSelector().resourceId(\\\"org.wikipedia:id\/icon\\\").className(\\\"android.widget.ImageView\\\")\")  File \"\\testcase\\firstcases\\testcase1_012.py\", line 28, in getElememt    element = driver.find_element_by_android_uiautomator(str)  File \"C:\\Python27\\lib\\site-packages\\appium\\webdriver\\webdriver.py\", line 156, in find_element_by_android_uiautomator    return self.find_element(by=By.ANDROID_UIAUTOMATOR, value=uia_string)  File \"C:\\Python27\\lib\\site-packages\\selenium\\webdriver\\remote\\webdriver.py\", line 957, in find_element    'value': value})['value']  File \"C:\\Python27\\lib\\site-packages\\selenium\\webdriver\\remote\\webdriver.py\", line 314, in execute    self.error_handler.check_response(response)  File \"C:\\Python27\\lib\\site-packages\\appium\\webdriver\\errorhandler.py\", line 29, in check_response    raise wdeNoSuchElementException: Message: An element could not be located on the page using the given search parameters."},{"firstjacocotime":0.576,"tagname":"3_025","firstexecutionsuccess":false,"firsttestcasepath":"\\testcase\\firstcases\\testcase3_025.py","firstconsumedtime":18.767,"firstlocpath":null,"firstcoveragepath":"\\coverage\\pwpreferencecoverage\\coverage0_3_025_pw.ec","firsterrorlog":"FAILstr(e):\t\tMessage: An element could not be located on the page using the given search parameters.repr(e):\tNoSuchElementException()Traceback (most recent call last):  File \"\\testcase\\firstcases\\testcase3_025.py\", line 68, in <module>    element = getElememt(driver, \"new UiSelector().resourceId(\\\"org.wikipedia:id\/icon\\\").className(\\\"android.widget.ImageView\\\")\")  File \"\\testcase\\firstcases\\testcase3_025.py\", line 28, in getElememt    element = driver.find_element_by_android_uiautomator(str)  File \"C:\\Python27\\lib\\site-packages\\appium\\webdriver\\webdriver.py\", line 156, in find_element_by_android_uiautomator    return self.find_element(by=By.ANDROID_UIAUTOMATOR, value=uia_string)  File \"C:\\Python27\\lib\\site-packages\\selenium\\webdriver\\remote\\webdriver.py\", line 957, in find_element    'value': value})['value']  File \"C:\\Python27\\lib\\site-packages\\selenium\\webdriver\\remote\\webdriver.py\", line 314, in execute    self.error_handler.check_response(response)  File \"C:\\Python27\\lib\\site-packages\\appium\\webdriver\\errorhandler.py\", line 29, in check_response    raise wdeNoSuchElementException: Message: An element could not be located on the page using the given search parameters."},{"firstjacocotime":0.52400017,"tagname":"3_022","firstexecutionsuccess":false,"firsttestcasepath":"\\testcase\\firstcases\\testcase3_022.py","firstconsumedtime":13.611,"firstlocpath":null,"firstcoveragepath":"\\coverage\\pwpreferencecoverage\\coverage0_3_022_pw.ec","firsterrorlog":"FAILstr(e):\t\tMessage: An element could not be located on the page using the given search parameters.repr(e):\tNoSuchElementException()Traceback (most recent call last):  File \"\\testcase\\firstcases\\testcase3_022.py\", line 66, in <module>    element = getElememt(driver, \"new UiSelector().resourceId(\\\"org.wikipedia:id\/icon\\\").className(\\\"android.widget.ImageView\\\")\")  File \"\\testcase\\firstcases\\testcase3_022.py\", line 28, in getElememt    element = driver.find_element_by_android_uiautomator(str)  File \"C:\\Python27\\lib\\site-packages\\appium\\webdriver\\webdriver.py\", line 156, in find_element_by_android_uiautomator    return self.find_element(by=By.ANDROID_UIAUTOMATOR, value=uia_string)  File \"C:\\Python27\\lib\\site-packages\\selenium\\webdriver\\remote\\webdriver.py\", line 957, in find_element    'value': value})['value']  File \"C:\\Python27\\lib\\site-packages\\selenium\\webdriver\\remote\\webdriver.py\", line 314, in execute    self.error_handler.check_response(response)  File \"C:\\Python27\\lib\\site-packages\\appium\\webdriver\\errorhandler.py\", line 29, in check_response    raise wdeNoSuchElementException: Message: An element could not be located on the page using the given search parameters."},{"firstjacocotime":0.79999995,"tagname":"1_010","firstexecutionsuccess":false,"firsttestcasepath":"\\testcase\\firstcases\\testcase1_010.py","firstconsumedtime":15.214,"firstlocpath":null,"firstcoveragepath":"\\coverage\\pwpreferencecoverage\\coverage0_1_010_pw.ec","firsterrorlog":"FAILstr(e):\t\tMessage: An element could not be located on the page using the given search parameters.repr(e):\tNoSuchElementException()Traceback (most recent call last):  File \"\\testcase\\firstcases\\testcase1_010.py\", line 66, in <module>    element = getElememt(driver, \"new UiSelector().resourceId(\\\"org.wikipedia:id\/icon\\\").className(\\\"android.widget.ImageView\\\")\")  File \"\\testcase\\firstcases\\testcase1_010.py\", line 28, in getElememt    element = driver.find_element_by_android_uiautomator(str)  File \"C:\\Python27\\lib\\site-packages\\appium\\webdriver\\webdriver.py\", line 156, in find_element_by_android_uiautomator    return self.find_element(by=By.ANDROID_UIAUTOMATOR, value=uia_string)  File \"C:\\Python27\\lib\\site-packages\\selenium\\webdriver\\remote\\webdriver.py\", line 957, in find_element    'value': value})['value']  File \"C:\\Python27\\lib\\site-packages\\selenium\\webdriver\\remote\\webdriver.py\", line 314, in execute    self.error_handler.check_response(response)  File \"C:\\Python27\\lib\\site-packages\\appium\\webdriver\\errorhandler.py\", line 29, in check_response    raise wdeNoSuchElementException: Message: An element could not be located on the page using the given search parameters."},{"firstjacocotime":0.5860002,"tagname":"3_023","firstexecutionsuccess":false,"firsttestcasepath":"\\testcase\\firstcases\\testcase3_023.py","firstconsumedtime":57.657,"firstlocpath":null,"firstcoveragepath":"\\coverage\\pwpreferencecoverage\\coverage0_3_023_pw.ec","firsterrorlog":"FAILstr(e):\t\tMessage: An element could not be located on the page using the given search parameters.repr(e):\tNoSuchElementException()Traceback (most recent call last):  File \"\\testcase\\firstcases\\testcase3_023.py\", line 86, in <module>    element = getElememt(driver, \"new UiSelector().resourceId(\\\"org.wikipedia:id\/view_page_header_edit_pencil\\\").className(\\\"android.widget.ImageView\\\")\")  File \"\\testcase\\firstcases\\testcase3_023.py\", line 28, in getElememt    element = driver.find_element_by_android_uiautomator(str)  File \"C:\\Python27\\lib\\site-packages\\appium\\webdriver\\webdriver.py\", line 156, in find_element_by_android_uiautomator    return self.find_element(by=By.ANDROID_UIAUTOMATOR, value=uia_string)  File \"C:\\Python27\\lib\\site-packages\\selenium\\webdriver\\remote\\webdriver.py\", line 957, in find_element    'value': value})['value']  File \"C:\\Python27\\lib\\site-packages\\selenium\\webdriver\\remote\\webdriver.py\", line 314, in execute    self.error_handler.check_response(response)  File \"C:\\Python27\\lib\\site-packages\\appium\\webdriver\\errorhandler.py\", line 29, in check_response    raise wdeNoSuchElementException: Message: An element could not be located on the page using the given search parameters."},{"firstjacocotime":0.671,"tagname":"4_003","firstexecutionsuccess":false,"firsttestcasepath":"\\testcase\\firstcases\\testcase4_003.py","firstconsumedtime":18.856,"firstlocpath":null,"firstcoveragepath":"\\coverage\\pwpreferencecoverage\\coverage0_4_003_pw.ec","firsterrorlog":"FAILstr(e):\t\tMessage: An element could not be located on the page using the given search parameters.repr(e):\tNoSuchElementException()Traceback (most recent call last):  File \"\\testcase\\firstcases\\testcase4_003.py\", line 68, in <module>    element = getElememt(driver, \"new UiSelector().resourceId(\\\"org.wikipedia:id\/icon\\\").className(\\\"android.widget.ImageView\\\")\")  File \"\\testcase\\firstcases\\testcase4_003.py\", line 28, in getElememt    element = driver.find_element_by_android_uiautomator(str)  File \"C:\\Python27\\lib\\site-packages\\appium\\webdriver\\webdriver.py\", line 156, in find_element_by_android_uiautomator    return self.find_element(by=By.ANDROID_UIAUTOMATOR, value=uia_string)  File \"C:\\Python27\\lib\\site-packages\\selenium\\webdriver\\remote\\webdriver.py\", line 957, in find_element    'value': value})['value']  File \"C:\\Python27\\lib\\site-packages\\selenium\\webdriver\\remote\\webdriver.py\", line 314, in execute    self.error_handler.check_response(response)  File \"C:\\Python27\\lib\\site-packages\\appium\\webdriver\\errorhandler.py\", line 29, in check_response    raise wdeNoSuchElementException: Message: An element could not be located on the page using the given search parameters."},{"firstjacocotime":0.5480001,"tagname":"4_004","firstexecutionsuccess":false,"firsttestcasepath":"\\testcase\\firstcases\\testcase4_004.py","firstconsumedtime":13.339,"firstlocpath":null,"firstcoveragepath":"\\coverage\\pwpreferencecoverage\\coverage0_4_004_pw.ec","firsterrorlog":"FAILstr(e):\t\tMessage: An element could not be located on the page using the given search parameters.repr(e):\tNoSuchElementException()Traceback (most recent call last):  File \"\\testcase\\firstcases\\testcase4_004.py\", line 66, in <module>    element = getElememt(driver, \"new UiSelector().className(\\\"android.widget.ImageView\\\").description(\\\"Search Wikipedia\\\")\")  File \"\\testcase\\firstcases\\testcase4_004.py\", line 28, in getElememt    element = driver.find_element_by_android_uiautomator(str)  File \"C:\\Python27\\lib\\site-packages\\appium\\webdriver\\webdriver.py\", line 156, in find_element_by_android_uiautomator    return self.find_element(by=By.ANDROID_UIAUTOMATOR, value=uia_string)  File \"C:\\Python27\\lib\\site-packages\\selenium\\webdriver\\remote\\webdriver.py\", line 957, in find_element    'value': value})['value']  File \"C:\\Python27\\lib\\site-packages\\selenium\\webdriver\\remote\\webdriver.py\", line 314, in execute    self.error_handler.check_response(response)  File \"C:\\Python27\\lib\\site-packages\\appium\\webdriver\\errorhandler.py\", line 29, in check_response    raise wdeNoSuchElementException: Message: An element could not be located on the page using the given search parameters."},{"firstjacocotime":0.579,"tagname":"4_005","firstexecutionsuccess":false,"firsttestcasepath":"\\testcase\\firstcases\\testcase4_005.py","firstconsumedtime":28.586,"firstlocpath":null,"firstcoveragepath":"\\coverage\\pwpreferencecoverage\\coverage0_4_005_pw.ec","firsterrorlog":"FAILstr(e):\t\tMessage: An element could not be located on the page using the given search parameters.repr(e):\tNoSuchElementException()Traceback (most recent call last):  File \"\\testcase\\firstcases\\testcase4_005.py\", line 74, in <module>    element = getElememt(driver, \"new UiSelector().resourceId(\\\"org.wikipedia:id\/icon\\\").className(\\\"android.widget.ImageView\\\")\")  File \"\\testcase\\firstcases\\testcase4_005.py\", line 28, in getElememt    element = driver.find_element_by_android_uiautomator(str)  File \"C:\\Python27\\lib\\site-packages\\appium\\webdriver\\webdriver.py\", line 156, in find_element_by_android_uiautomator    return self.find_element(by=By.ANDROID_UIAUTOMATOR, value=uia_string)  File \"C:\\Python27\\lib\\site-packages\\selenium\\webdriver\\remote\\webdriver.py\", line 957, in find_element    'value': value})['value']  File \"C:\\Python27\\lib\\site-packages\\selenium\\webdriver\\remote\\webdriver.py\", line 314, in execute    self.error_handler.check_response(response)  File \"C:\\Python27\\lib\\site-packages\\appium\\webdriver\\errorhandler.py\", line 29, in check_response    raise wdeNoSuchElementException: Message: An element could not be located on the page using the given search parameters."},{"firstjacocotime":37.409,"tagname":"4_006","firstexecutionsuccess":false,"firsttestcasepath":"\\testcase\\firstcases\\testcase4_006.py","firstconsumedtime":42.922,"firstlocpath":null,"firstcoveragepath":"\\coverage\\pwpreferencecoverage\\coverage0_4_006_pw.ec","firsterrorlog":"FAILstr(e):\t\tMessage: An element could not be located on the page using the given search parameters.repr(e):\tNoSuchElementException()Traceback (most recent call last):  File \"\\testcase\\firstcases\\testcase4_006.py\", line 78, in <module>    element = getElememt(driver, \"new UiSelector().className(\\\"android.widget.ImageButton\\\").description(\\\"Navigate up\\\")\")  File \"\\testcase\\firstcases\\testcase4_006.py\", line 28, in getElememt    element = driver.find_element_by_android_uiautomator(str)  File \"C:\\Python27\\lib\\site-packages\\appium\\webdriver\\webdriver.py\", line 156, in find_element_by_android_uiautomator    return self.find_element(by=By.ANDROID_UIAUTOMATOR, value=uia_string)  File \"C:\\Python27\\lib\\site-packages\\selenium\\webdriver\\remote\\webdriver.py\", line 957, in find_element    'value': value})['value']  File \"C:\\Python27\\lib\\site-packages\\selenium\\webdriver\\remote\\webdriver.py\", line 314, in execute    self.error_handler.check_response(response)  File \"C:\\Python27\\lib\\site-packages\\appium\\webdriver\\errorhandler.py\", line 29, in check_response    raise wdeNoSuchElementException: Message: An element could not be located on the page using the given search parameters."},{"firstjacocotime":6.374,"tagname":"4_007","firstexecutionsuccess":false,"firsttestcasepath":"\\testcase\\firstcases\\testcase4_007.py","firstconsumedtime":28.096,"firstlocpath":null,"firstcoveragepath":"\\coverage\\pwpreferencecoverage\\coverage0_4_007_pw.ec","firsterrorlog":"FAILstr(e):\t\tMessage: An element could not be located on the page using the given search parameters.repr(e):\tNoSuchElementException()Traceback (most recent call last):  File \"\\testcase\\firstcases\\testcase4_007.py\", line 74, in <module>    element = getElememt(driver, \"new UiSelector().resourceId(\\\"org.wikipedia:id\/search_empty_image\\\").className(\\\"android.widget.ImageView\\\")\")  File \"\\testcase\\firstcases\\testcase4_007.py\", line 28, in getElememt    element = driver.find_element_by_android_uiautomator(str)  File \"C:\\Python27\\lib\\site-packages\\appium\\webdriver\\webdriver.py\", line 156, in find_element_by_android_uiautomator    return self.find_element(by=By.ANDROID_UIAUTOMATOR, value=uia_string)  File \"C:\\Python27\\lib\\site-packages\\selenium\\webdriver\\remote\\webdriver.py\", line 957, in find_element    'value': value})['value']  File \"C:\\Python27\\lib\\site-packages\\selenium\\webdriver\\remote\\webdriver.py\", line 314, in execute    self.error_handler.check_response(response)  File \"C:\\Python27\\lib\\site-packages\\appium\\webdriver\\errorhandler.py\", line 29, in check_response    raise wdeNoSuchElementException: Message: An element could not be located on the page using the given search parameters."},{"firstjacocotime":43.228,"tagname":"4_008","firstexecutionsuccess":true,"firsttestcasepath":"\\testcase\\firstcases\\testcase4_008.py","firstconsumedtime":9.564,"firstlocpath":null,"firstcoveragepath":"\\coverage\\pwpreferencecoverage\\coverage0_4_008_pw.ec","firsterrorlog":null},{"firstjacocotime":0.57099986,"tagname":"4_009","firstexecutionsuccess":false,"firsttestcasepath":"\\testcase\\firstcases\\testcase4_009.py","firstconsumedtime":13.538,"firstlocpath":null,"firstcoveragepath":"\\coverage\\pwpreferencecoverage\\coverage0_4_009_pw.ec","firsterrorlog":"FAILstr(e):\t\tMessage: An element could not be located on the page using the given search parameters.repr(e):\tNoSuchElementException()Traceback (most recent call last):  File \"\\testcase\\firstcases\\testcase4_009.py\", line 66, in <module>    element = getElememt(driver, \"new UiSelector().resourceId(\\\"org.wikipedia:id\/voice_search_button\\\").className(\\\"android.widget.ImageView\\\")\")  File \"\\testcase\\firstcases\\testcase4_009.py\", line 28, in getElememt    element = driver.find_element_by_android_uiautomator(str)  File \"C:\\Python27\\lib\\site-packages\\appium\\webdriver\\webdriver.py\", line 156, in find_element_by_android_uiautomator    return self.find_element(by=By.ANDROID_UIAUTOMATOR, value=uia_string)  File \"C:\\Python27\\lib\\site-packages\\selenium\\webdriver\\remote\\webdriver.py\", line 957, in find_element    'value': value})['value']  File \"C:\\Python27\\lib\\site-packages\\selenium\\webdriver\\remote\\webdriver.py\", line 314, in execute    self.error_handler.check_response(response)  File \"C:\\Python27\\lib\\site-packages\\appium\\webdriver\\errorhandler.py\", line 29, in check_response    raise wdeNoSuchElementException: Message: An element could not be located on the page using the given search parameters."},{"firstjacocotime":0.52699995,"tagname":"4_000","firstexecutionsuccess":false,"firsttestcasepath":"\\testcase\\firstcases\\testcase4_000.py","firstconsumedtime":13.22,"firstlocpath":null,"firstcoveragepath":"\\coverage\\pwpreferencecoverage\\coverage0_4_000_pw.ec","firsterrorlog":"FAILstr(e):\t\tMessage: An element could not be located on the page using the given search parameters.repr(e):\tNoSuchElementException()Traceback (most recent call last):  File \"\\testcase\\firstcases\\testcase4_000.py\", line 66, in <module>    element = getElememt(driver, \"new UiSelector().resourceId(\\\"org.wikipedia:id\/icon\\\").className(\\\"android.widget.ImageView\\\")\")  File \"\\testcase\\firstcases\\testcase4_000.py\", line 28, in getElememt    element = driver.find_element_by_android_uiautomator(str)  File \"C:\\Python27\\lib\\site-packages\\appium\\webdriver\\webdriver.py\", line 156, in find_element_by_android_uiautomator    return self.find_element(by=By.ANDROID_UIAUTOMATOR, value=uia_string)  File \"C:\\Python27\\lib\\site-packages\\selenium\\webdriver\\remote\\webdriver.py\", line 957, in find_element    'value': value})['value']  File \"C:\\Python27\\lib\\site-packages\\selenium\\webdriver\\remote\\webdriver.py\", line 314, in execute    self.error_handler.check_response(response)  File \"C:\\Python27\\lib\\site-packages\\appium\\webdriver\\errorhandler.py\", line 29, in check_response    raise wdeNoSuchElementException: Message: An element could not be located on the page using the given search parameters."},{"firstjacocotime":0.5280001,"tagname":"4_001","firstexecutionsuccess":false,"firsttestcasepath":"\\testcase\\firstcases\\testcase4_001.py","firstconsumedtime":13.411,"firstlocpath":null,"firstcoveragepath":"\\coverage\\pwpreferencecoverage\\coverage0_4_001_pw.ec","firsterrorlog":"FAILstr(e):\t\tMessage: An element could not be located on the page using the given search parameters.repr(e):\tNoSuchElementException()Traceback (most recent call last):  File \"\\testcase\\firstcases\\testcase4_001.py\", line 66, in <module>    element = getElememt(driver, \"new UiSelector().resourceId(\\\"org.wikipedia:id\/icon\\\").className(\\\"android.widget.ImageView\\\")\")  File \"\\testcase\\firstcases\\testcase4_001.py\", line 28, in getElememt    element = driver.find_element_by_android_uiautomator(str)  File \"C:\\Python27\\lib\\site-packages\\appium\\webdriver\\webdriver.py\", line 156, in find_element_by_android_uiautomator    return self.find_element(by=By.ANDROID_UIAUTOMATOR, value=uia_string)  File \"C:\\Python27\\lib\\site-packages\\selenium\\webdriver\\remote\\webdriver.py\", line 957, in find_element    'value': value})['value']  File \"C:\\Python27\\lib\\site-packages\\selenium\\webdriver\\remote\\webdriver.py\", line 314, in execute    self.error_handler.check_response(response)  File \"C:\\Python27\\lib\\site-packages\\appium\\webdriver\\errorhandler.py\", line 29, in check_response    raise wdeNoSuchElementException: Message: An element could not be located on the page using the given search parameters."},{"firstjacocotime":0.53400016,"tagname":"4_002","firstexecutionsuccess":false,"firsttestcasepath":"\\testcase\\firstcases\\testcase4_002.py","firstconsumedtime":13.823,"firstlocpath":null,"firstcoveragepath":"\\coverage\\pwpreferencecoverage\\coverage0_4_002_pw.ec","firsterrorlog":"FAILstr(e):\t\tMessage: An element could not be located on the page using the given search parameters.repr(e):\tNoSuchElementException()Traceback (most recent call last):  File \"\\testcase\\firstcases\\testcase4_002.py\", line 66, in <module>    element = getElememt(driver, \"new UiSelector().resourceId(\\\"org.wikipedia:id\/voice_search_button\\\").className(\\\"android.widget.ImageView\\\")\")  File \"\\testcase\\firstcases\\testcase4_002.py\", line 28, in getElememt    element = driver.find_element_by_android_uiautomator(str)  File \"C:\\Python27\\lib\\site-packages\\appium\\webdriver\\webdriver.py\", line 156, in find_element_by_android_uiautomator    return self.find_element(by=By.ANDROID_UIAUTOMATOR, value=uia_string)  File \"C:\\Python27\\lib\\site-packages\\selenium\\webdriver\\remote\\webdriver.py\", line 957, in find_element    'value': value})['value']  File \"C:\\Python27\\lib\\site-packages\\selenium\\webdriver\\remote\\webdriver.py\", line 314, in execute    self.error_handler.check_response(response)  File \"C:\\Python27\\lib\\site-packages\\appium\\webdriver\\errorhandler.py\", line 29, in check_response    raise wdeNoSuchElementException: Message: An element could not be located on the page using the given search parameters."},{"firstjacocotime":0.54999995,"tagname":"3_017","firstexecutionsuccess":false,"firsttestcasepath":"\\testcase\\firstcases\\testcase3_017.py","firstconsumedtime":13.408,"firstlocpath":null,"firstcoveragepath":"\\coverage\\pwpreferencecoverage\\coverage0_3_017_pw.ec","firsterrorlog":"FAILstr(e):\t\tMessage: An element could not be located on the page using the given search parameters.repr(e):\tNoSuchElementException()Traceback (most recent call last):  File \"\\testcase\\firstcases\\testcase3_017.py\", line 66, in <module>    element = getElememt(driver, \"new UiSelector().resourceId(\\\"org.wikipedia:id\/voice_search_button\\\").className(\\\"android.widget.ImageView\\\")\")  File \"\\testcase\\firstcases\\testcase3_017.py\", line 28, in getElememt    element = driver.find_element_by_android_uiautomator(str)  File \"C:\\Python27\\lib\\site-packages\\appium\\webdriver\\webdriver.py\", line 156, in find_element_by_android_uiautomator    return self.find_element(by=By.ANDROID_UIAUTOMATOR, value=uia_string)  File \"C:\\Python27\\lib\\site-packages\\selenium\\webdriver\\remote\\webdriver.py\", line 957, in find_element    'value': value})['value']  File \"C:\\Python27\\lib\\site-packages\\selenium\\webdriver\\remote\\webdriver.py\", line 314, in execute    self.error_handler.check_response(response)  File \"C:\\Python27\\lib\\site-packages\\appium\\webdriver\\errorhandler.py\", line 29, in check_response    raise wdeNoSuchElementException: Message: An element could not be located on the page using the given search parameters."},{"firstjacocotime":0.51600003,"tagname":"3_018","firstexecutionsuccess":false,"firsttestcasepath":"\\testcase\\firstcases\\testcase3_018.py","firstconsumedtime":13.385,"firstlocpath":null,"firstcoveragepath":"\\coverage\\pwpreferencecoverage\\coverage0_3_018_pw.ec","firsterrorlog":"FAILstr(e):\t\tMessage: An element could not be located on the page using the given search parameters.repr(e):\tNoSuchElementException()Traceback (most recent call last):  File \"\\testcase\\firstcases\\testcase3_018.py\", line 66, in <module>    element = getElememt(driver, \"new UiSelector().resourceId(\\\"org.wikipedia:id\/voice_search_button\\\").className(\\\"android.widget.ImageView\\\")\")  File \"\\testcase\\firstcases\\testcase3_018.py\", line 28, in getElememt    element = driver.find_element_by_android_uiautomator(str)  File \"C:\\Python27\\lib\\site-packages\\appium\\webdriver\\webdriver.py\", line 156, in find_element_by_android_uiautomator    return self.find_element(by=By.ANDROID_UIAUTOMATOR, value=uia_string)  File \"C:\\Python27\\lib\\site-packages\\selenium\\webdriver\\remote\\webdriver.py\", line 957, in find_element    'value': value})['value']  File \"C:\\Python27\\lib\\site-packages\\selenium\\webdriver\\remote\\webdriver.py\", line 314, in execute    self.error_handler.check_response(response)  File \"C:\\Python27\\lib\\site-packages\\appium\\webdriver\\errorhandler.py\", line 29, in check_response    raise wdeNoSuchElementException: Message: An element could not be located on the page using the given search parameters."},{"firstjacocotime":3.189,"tagname":"3_015","firstexecutionsuccess":false,"firsttestcasepath":"\\testcase\\firstcases\\testcase3_015.py","firstconsumedtime":72.878,"firstlocpath":null,"firstcoveragepath":"\\coverage\\pwpreferencecoverage\\coverage0_3_015_pw.ec","firsterrorlog":"FAILstr(e):\t\tMessage: An element could not be located on the page using the given search parameters.repr(e):\tNoSuchElementException()Traceback (most recent call last):  File \"\\testcase\\firstcases\\testcase3_015.py\", line 100, in <module>    element = getElememt(driver, \"new UiSelector().resourceId(\\\"org.wikipedia:id\/action_mode_close_button\\\").className(\\\"android.widget.ImageView\\\")\")  File \"\\testcase\\firstcases\\testcase3_015.py\", line 28, in getElememt    element = driver.find_element_by_android_uiautomator(str)  File \"C:\\Python27\\lib\\site-packages\\appium\\webdriver\\webdriver.py\", line 156, in find_element_by_android_uiautomator    return self.find_element(by=By.ANDROID_UIAUTOMATOR, value=uia_string)  File \"C:\\Python27\\lib\\site-packages\\selenium\\webdriver\\remote\\webdriver.py\", line 957, in find_element    'value': value})['value']  File \"C:\\Python27\\lib\\site-packages\\selenium\\webdriver\\remote\\webdriver.py\", line 314, in execute    self.error_handler.check_response(response)  File \"C:\\Python27\\lib\\site-packages\\appium\\webdriver\\errorhandler.py\", line 29, in check_response    raise wdeNoSuchElementException: Message: An element could not be located on the page using the given search parameters."},{"firstjacocotime":0.536,"tagname":"3_016","firstexecutionsuccess":false,"firsttestcasepath":"\\testcase\\firstcases\\testcase3_016.py","firstconsumedtime":13.312,"firstlocpath":null,"firstcoveragepath":"\\coverage\\pwpreferencecoverage\\coverage0_3_016_pw.ec","firsterrorlog":"FAILstr(e):\t\tMessage: An element could not be located on the page using the given search parameters.repr(e):\tNoSuchElementException()Traceback (most recent call last):  File \"\\testcase\\firstcases\\testcase3_016.py\", line 66, in <module>    element = getElememt(driver, \"new UiSelector().resourceId(\\\"org.wikipedia:id\/menu_overflow_button\\\").className(\\\"android.widget.TextView\\\")\")  File \"\\testcase\\firstcases\\testcase3_016.py\", line 28, in getElememt    element = driver.find_element_by_android_uiautomator(str)  File \"C:\\Python27\\lib\\site-packages\\appium\\webdriver\\webdriver.py\", line 156, in find_element_by_android_uiautomator    return self.find_element(by=By.ANDROID_UIAUTOMATOR, value=uia_string)  File \"C:\\Python27\\lib\\site-packages\\selenium\\webdriver\\remote\\webdriver.py\", line 957, in find_element    'value': value})['value']  File \"C:\\Python27\\lib\\site-packages\\selenium\\webdriver\\remote\\webdriver.py\", line 314, in execute    self.error_handler.check_response(response)  File \"C:\\Python27\\lib\\site-packages\\appium\\webdriver\\errorhandler.py\", line 29, in check_response    raise wdeNoSuchElementException: Message: An element could not be located on the page using the given search parameters."},{"firstjacocotime":0.553,"tagname":"1_028","firstexecutionsuccess":false,"firsttestcasepath":"\\testcase\\firstcases\\testcase1_028.py","firstconsumedtime":18.675,"firstlocpath":null,"firstcoveragepath":"\\coverage\\pwpreferencecoverage\\coverage0_1_028_pw.ec","firsterrorlog":"FAILstr(e):\t\tMessage: An element could not be located on the page using the given search parameters.repr(e):\tNoSuchElementException()Traceback (most recent call last):  File \"\\testcase\\firstcases\\testcase1_028.py\", line 68, in <module>    element = getElememt(driver, \"new UiSelector().resourceId(\\\"org.wikipedia:id\/icon\\\").className(\\\"android.widget.ImageView\\\")\")  File \"\\testcase\\firstcases\\testcase1_028.py\", line 28, in getElememt    element = driver.find_element_by_android_uiautomator(str)  File \"C:\\Python27\\lib\\site-packages\\appium\\webdriver\\webdriver.py\", line 156, in find_element_by_android_uiautomator    return self.find_element(by=By.ANDROID_UIAUTOMATOR, value=uia_string)  File \"C:\\Python27\\lib\\site-packages\\selenium\\webdriver\\remote\\webdriver.py\", line 957, in find_element    'value': value})['value']  File \"C:\\Python27\\lib\\site-packages\\selenium\\webdriver\\remote\\webdriver.py\", line 314, in execute    self.error_handler.check_response(response)  File \"C:\\Python27\\lib\\site-packages\\appium\\webdriver\\errorhandler.py\", line 29, in check_response    raise wdeNoSuchElementException: Message: An element could not be located on the page using the given search parameters."},{"firstjacocotime":48.213,"tagname":"3_019","firstexecutionsuccess":true,"firsttestcasepath":"\\testcase\\firstcases\\testcase3_019.py","firstconsumedtime":11.623,"firstlocpath":null,"firstcoveragepath":"\\coverage\\pwpreferencecoverage\\coverage0_3_019_pw.ec","firsterrorlog":null},{"firstjacocotime":0.5049999,"tagname":"1_029","firstexecutionsuccess":false,"firsttestcasepath":"\\testcase\\firstcases\\testcase1_029.py","firstconsumedtime":14.6050005,"firstlocpath":null,"firstcoveragepath":"\\coverage\\pwpreferencecoverage\\coverage0_1_029_pw.ec","firsterrorlog":"FAILstr(e):\t\tMessage: An element could not be located on the page using the given search parameters.repr(e):\tNoSuchElementException()Traceback (most recent call last):  File \"\\testcase\\firstcases\\testcase1_029.py\", line 66, in <module>    element = getElememt(driver, \"new UiSelector().resourceId(\\\"org.wikipedia:id\/icon\\\").className(\\\"android.widget.ImageView\\\")\")  File \"\\testcase\\firstcases\\testcase1_029.py\", line 28, in getElememt    element = driver.find_element_by_android_uiautomator(str)  File \"C:\\Python27\\lib\\site-packages\\appium\\webdriver\\webdriver.py\", line 156, in find_element_by_android_uiautomator    return self.find_element(by=By.ANDROID_UIAUTOMATOR, value=uia_string)  File \"C:\\Python27\\lib\\site-packages\\selenium\\webdriver\\remote\\webdriver.py\", line 957, in find_element    'value': value})['value']  File \"C:\\Python27\\lib\\site-packages\\selenium\\webdriver\\remote\\webdriver.py\", line 314, in execute    self.error_handler.check_response(response)  File \"C:\\Python27\\lib\\site-packages\\appium\\webdriver\\errorhandler.py\", line 29, in check_response    raise wdeNoSuchElementException: Message: An element could not be located on the page using the given search parameters."},{"firstjacocotime":0.5569999,"tagname":"1_026","firstexecutionsuccess":false,"firsttestcasepath":"\\testcase\\firstcases\\testcase1_026.py","firstconsumedtime":13.7560005,"firstlocpath":null,"firstcoveragepath":"\\coverage\\pwpreferencecoverage\\coverage0_1_026_pw.ec","firsterrorlog":"FAILstr(e):\t\tMessage: An element could not be located on the page using the given search parameters.repr(e):\tNoSuchElementException()Traceback (most recent call last):  File \"\\testcase\\firstcases\\testcase1_026.py\", line 66, in <module>    element = getElememt(driver, \"new UiSelector().resourceId(\\\"org.wikipedia:id\/icon\\\").className(\\\"android.widget.ImageView\\\")\")  File \"\\testcase\\firstcases\\testcase1_026.py\", line 28, in getElememt    element = driver.find_element_by_android_uiautomator(str)  File \"C:\\Python27\\lib\\site-packages\\appium\\webdriver\\webdriver.py\", line 156, in find_element_by_android_uiautomator    return self.find_element(by=By.ANDROID_UIAUTOMATOR, value=uia_string)  File \"C:\\Python27\\lib\\site-packages\\selenium\\webdriver\\remote\\webdriver.py\", line 957, in find_element    'value': value})['value']  File \"C:\\Python27\\lib\\site-packages\\selenium\\webdriver\\remote\\webdriver.py\", line 314, in execute    self.error_handler.check_response(response)  File \"C:\\Python27\\lib\\site-packages\\appium\\webdriver\\errorhandler.py\", line 29, in check_response    raise wdeNoSuchElementException: Message: An element could not be located on the page using the given search parameters."},{"firstjacocotime":0.54200006,"tagname":"1_027","firstexecutionsuccess":false,"firsttestcasepath":"\\testcase\\firstcases\\testcase1_027.py","firstconsumedtime":13.592,"firstlocpath":null,"firstcoveragepath":"\\coverage\\pwpreferencecoverage\\coverage0_1_027_pw.ec","firsterrorlog":"FAILstr(e):\t\tMessage: An element could not be located on the page using the given search parameters.repr(e):\tNoSuchElementException()Traceback (most recent call last):  File \"\\testcase\\firstcases\\testcase1_027.py\", line 66, in <module>    element = getElememt(driver, \"new UiSelector().resourceId(\\\"org.wikipedia:id\/icon\\\").className(\\\"android.widget.ImageView\\\")\")  File \"\\testcase\\firstcases\\testcase1_027.py\", line 28, in getElememt    element = driver.find_element_by_android_uiautomator(str)  File \"C:\\Python27\\lib\\site-packages\\appium\\webdriver\\webdriver.py\", line 156, in find_element_by_android_uiautomator    return self.find_element(by=By.ANDROID_UIAUTOMATOR, value=uia_string)  File \"C:\\Python27\\lib\\site-packages\\selenium\\webdriver\\remote\\webdriver.py\", line 957, in find_element    'value': value})['value']  File \"C:\\Python27\\lib\\site-packages\\selenium\\webdriver\\remote\\webdriver.py\", line 314, in execute    self.error_handler.check_response(response)  File \"C:\\Python27\\lib\\site-packages\\appium\\webdriver\\errorhandler.py\", line 29, in check_response    raise wdeNoSuchElementException: Message: An element could not be located on the page using the given search parameters."},{"firstjacocotime":0.533,"tagname":"3_010","firstexecutionsuccess":false,"firsttestcasepath":"\\testcase\\firstcases\\testcase3_010.py","firstconsumedtime":14.961,"firstlocpath":null,"firstcoveragepath":"\\coverage\\pwpreferencecoverage\\coverage0_3_010_pw.ec","firsterrorlog":"FAILstr(e):\t\tMessage: An element could not be located on the page using the given search parameters.repr(e):\tNoSuchElementException()Traceback (most recent call last):  File \"\\testcase\\firstcases\\testcase3_010.py\", line 67, in <module>    element = getElememt(driver, \"new UiSelector().resourceId(\\\"org.wikipedia:id\/menu_overflow_button\\\").className(\\\"android.widget.TextView\\\")\")  File \"\\testcase\\firstcases\\testcase3_010.py\", line 28, in getElememt    element = driver.find_element_by_android_uiautomator(str)  File \"C:\\Python27\\lib\\site-packages\\appium\\webdriver\\webdriver.py\", line 156, in find_element_by_android_uiautomator    return self.find_element(by=By.ANDROID_UIAUTOMATOR, value=uia_string)  File \"C:\\Python27\\lib\\site-packages\\selenium\\webdriver\\remote\\webdriver.py\", line 957, in find_element    'value': value})['value']  File \"C:\\Python27\\lib\\site-packages\\selenium\\webdriver\\remote\\webdriver.py\", line 314, in execute    self.error_handler.check_response(response)  File \"C:\\Python27\\lib\\site-packages\\appium\\webdriver\\errorhandler.py\", line 29, in check_response    raise wdeNoSuchElementException: Message: An element could not be located on the page using the given search parameters."},{"firstjacocotime":21.263,"tagname":"1_024","firstexecutionsuccess":true,"firsttestcasepath":"\\testcase\\firstcases\\testcase1_024.py","firstconsumedtime":9.577,"firstlocpath":null,"firstcoveragepath":"\\coverage\\pwpreferencecoverage\\coverage0_1_024_pw.ec","firsterrorlog":null},{"firstjacocotime":0.5370002,"tagname":"1_025","firstexecutionsuccess":false,"firsttestcasepath":"\\testcase\\firstcases\\testcase1_025.py","firstconsumedtime":19.388,"firstlocpath":null,"firstcoveragepath":"\\coverage\\pwpreferencecoverage\\coverage0_1_025_pw.ec","firsterrorlog":"FAILstr(e):\t\tMessage: An element could not be located on the page using the given search parameters.repr(e):\tNoSuchElementException()Traceback (most recent call last):  File \"\\testcase\\firstcases\\testcase1_025.py\", line 71, in <module>    element = getElememt(driver, \"new UiSelector().resourceId(\\\"org.wikipedia:id\/icon\\\").className(\\\"android.widget.ImageView\\\")\")  File \"\\testcase\\firstcases\\testcase1_025.py\", line 28, in getElememt    element = driver.find_element_by_android_uiautomator(str)  File \"C:\\Python27\\lib\\site-packages\\appium\\webdriver\\webdriver.py\", line 156, in find_element_by_android_uiautomator    return self.find_element(by=By.ANDROID_UIAUTOMATOR, value=uia_string)  File \"C:\\Python27\\lib\\site-packages\\selenium\\webdriver\\remote\\webdriver.py\", line 957, in find_element    'value': value})['value']  File \"C:\\Python27\\lib\\site-packages\\selenium\\webdriver\\remote\\webdriver.py\", line 314, in execute    self.error_handler.check_response(response)  File \"C:\\Python27\\lib\\site-packages\\appium\\webdriver\\errorhandler.py\", line 29, in check_response    raise wdeNoSuchElementException: Message: An element could not be located on the page using the given search parameters."},{"firstjacocotime":8.322,"tagname":"1_022","firstexecutionsuccess":true,"firsttestcasepath":"\\testcase\\firstcases\\testcase1_022.py","firstconsumedtime":9.585,"firstlocpath":null,"firstcoveragepath":"\\coverage\\pwpreferencecoverage\\coverage0_1_022_pw.ec","firsterrorlog":null},{"firstjacocotime":0.56500006,"tagname":"3_013","firstexecutionsuccess":false,"firsttestcasepath":"\\testcase\\firstcases\\testcase3_013.py","firstconsumedtime":23.592,"firstlocpath":null,"firstcoveragepath":"\\coverage\\pwpreferencecoverage\\coverage0_3_013_pw.ec","firsterrorlog":"FAILstr(e):\t\tMessage: An element could not be located on the page using the given search parameters.repr(e):\tNoSuchElementException()Traceback (most recent call last):  File \"\\testcase\\firstcases\\testcase3_013.py\", line 70, in <module>    element = getElememt(driver, \"new UiSelector().resourceId(\\\"org.wikipedia:id\/icon\\\").className(\\\"android.widget.ImageView\\\")\")  File \"\\testcase\\firstcases\\testcase3_013.py\", line 28, in getElememt    element = driver.find_element_by_android_uiautomator(str)  File \"C:\\Python27\\lib\\site-packages\\appium\\webdriver\\webdriver.py\", line 156, in find_element_by_android_uiautomator    return self.find_element(by=By.ANDROID_UIAUTOMATOR, value=uia_string)  File \"C:\\Python27\\lib\\site-packages\\selenium\\webdriver\\remote\\webdriver.py\", line 957, in find_element    'value': value})['value']  File \"C:\\Python27\\lib\\site-packages\\selenium\\webdriver\\remote\\webdriver.py\", line 314, in execute    self.error_handler.check_response(response)  File \"C:\\Python27\\lib\\site-packages\\appium\\webdriver\\errorhandler.py\", line 29, in check_response    raise wdeNoSuchElementException: Message: An element could not be located on the page using the given search parameters."},{"firstjacocotime":0.5899999,"tagname":"1_023","firstexecutionsuccess":false,"firsttestcasepath":"\\testcase\\firstcases\\testcase1_023.py","firstconsumedtime":13.268001,"firstlocpath":null,"firstcoveragepath":"\\coverage\\pwpreferencecoverage\\coverage0_1_023_pw.ec","firsterrorlog":"FAILstr(e):\t\tMessage: An element could not be located on the page using the given search parameters.repr(e):\tNoSuchElementException()Traceback (most recent call last):  File \"\\testcase\\firstcases\\testcase1_023.py\", line 66, in <module>    element = getElememt(driver, \"new UiSelector().resourceId(\\\"org.wikipedia:id\/icon\\\").className(\\\"android.widget.ImageView\\\")\")  File \"\\testcase\\firstcases\\testcase1_023.py\", line 28, in getElememt    element = driver.find_element_by_android_uiautomator(str)  File \"C:\\Python27\\lib\\site-packages\\appium\\webdriver\\webdriver.py\", line 156, in find_element_by_android_uiautomator    return self.find_element(by=By.ANDROID_UIAUTOMATOR, value=uia_string)  File \"C:\\Python27\\lib\\site-packages\\selenium\\webdriver\\remote\\webdriver.py\", line 957, in find_element    'value': value})['value']  File \"C:\\Python27\\lib\\site-packages\\selenium\\webdriver\\remote\\webdriver.py\", line 314, in execute    self.error_handler.check_response(response)  File \"C:\\Python27\\lib\\site-packages\\appium\\webdriver\\errorhandler.py\", line 29, in check_response    raise wdeNoSuchElementException: Message: An element could not be located on the page using the given search parameters."},{"firstjacocotime":0.51199985,"tagname":"3_014","firstexecutionsuccess":false,"firsttestcasepath":"\\testcase\\firstcases\\testcase3_014.py","firstconsumedtime":13.6449995,"firstlocpath":null,"firstcoveragepath":"\\coverage\\pwpreferencecoverage\\coverage0_3_014_pw.ec","firsterrorlog":"FAILstr(e):\t\tMessage: An element could not be located on the page using the given search parameters.repr(e):\tNoSuchElementException()Traceback (most recent call last):  File \"\\testcase\\firstcases\\testcase3_014.py\", line 66, in <module>    element = getElememt(driver, \"new UiSelector().resourceId(\\\"org.wikipedia:id\/icon\\\").className(\\\"android.widget.ImageView\\\")\")  File \"\\testcase\\firstcases\\testcase3_014.py\", line 28, in getElememt    element = driver.find_element_by_android_uiautomator(str)  File \"C:\\Python27\\lib\\site-packages\\appium\\webdriver\\webdriver.py\", line 156, in find_element_by_android_uiautomator    return self.find_element(by=By.ANDROID_UIAUTOMATOR, value=uia_string)  File \"C:\\Python27\\lib\\site-packages\\selenium\\webdriver\\remote\\webdriver.py\", line 957, in find_element    'value': value})['value']  File \"C:\\Python27\\lib\\site-packages\\selenium\\webdriver\\remote\\webdriver.py\", line 314, in execute    self.error_handler.check_response(response)  File \"C:\\Python27\\lib\\site-packages\\appium\\webdriver\\errorhandler.py\", line 29, in check_response    raise wdeNoSuchElementException: Message: An element could not be located on the page using the given search parameters."},{"firstjacocotime":0.523,"tagname":"1_020","firstexecutionsuccess":false,"firsttestcasepath":"\\testcase\\firstcases\\testcase1_020.py","firstconsumedtime":13.262,"firstlocpath":null,"firstcoveragepath":"\\coverage\\pwpreferencecoverage\\coverage0_1_020_pw.ec","firsterrorlog":"FAILstr(e):\t\tMessage: An element could not be located on the page using the given search parameters.repr(e):\tNoSuchElementException()Traceback (most recent call last):  File \"\\testcase\\firstcases\\testcase1_020.py\", line 66, in <module>    element = getElememt(driver, \"new UiSelector().resourceId(\\\"org.wikipedia:id\/icon\\\").className(\\\"android.widget.ImageView\\\")\")  File \"\\testcase\\firstcases\\testcase1_020.py\", line 28, in getElememt    element = driver.find_element_by_android_uiautomator(str)  File \"C:\\Python27\\lib\\site-packages\\appium\\webdriver\\webdriver.py\", line 156, in find_element_by_android_uiautomator    return self.find_element(by=By.ANDROID_UIAUTOMATOR, value=uia_string)  File \"C:\\Python27\\lib\\site-packages\\selenium\\webdriver\\remote\\webdriver.py\", line 957, in find_element    'value': value})['value']  File \"C:\\Python27\\lib\\site-packages\\selenium\\webdriver\\remote\\webdriver.py\", line 314, in execute    self.error_handler.check_response(response)  File \"C:\\Python27\\lib\\site-packages\\appium\\webdriver\\errorhandler.py\", line 29, in check_response    raise wdeNoSuchElementException: Message: An element could not be located on the page using the given search parameters."},{"firstjacocotime":0.54499984,"tagname":"3_011","firstexecutionsuccess":false,"firsttestcasepath":"\\testcase\\firstcases\\testcase3_011.py","firstconsumedtime":13.754,"firstlocpath":null,"firstcoveragepath":"\\coverage\\pwpreferencecoverage\\coverage0_3_011_pw.ec","firsterrorlog":"FAILstr(e):\t\tMessage: An element could not be located on the page using the given search parameters.repr(e):\tNoSuchElementException()Traceback (most recent call last):  File \"\\testcase\\firstcases\\testcase3_011.py\", line 66, in <module>    element = getElememt(driver, \"new UiSelector().resourceId(\\\"org.wikipedia:id\/menu_overflow_button\\\").className(\\\"android.widget.TextView\\\")\")  File \"\\testcase\\firstcases\\testcase3_011.py\", line 28, in getElememt    element = driver.find_element_by_android_uiautomator(str)  File \"C:\\Python27\\lib\\site-packages\\appium\\webdriver\\webdriver.py\", line 156, in find_element_by_android_uiautomator    return self.find_element(by=By.ANDROID_UIAUTOMATOR, value=uia_string)  File \"C:\\Python27\\lib\\site-packages\\selenium\\webdriver\\remote\\webdriver.py\", line 957, in find_element    'value': value})['value']  File \"C:\\Python27\\lib\\site-packages\\selenium\\webdriver\\remote\\webdriver.py\", line 314, in execute    self.error_handler.check_response(response)  File \"C:\\Python27\\lib\\site-packages\\appium\\webdriver\\errorhandler.py\", line 29, in check_response    raise wdeNoSuchElementException: Message: An element could not be located on the page using the given search parameters."},{"firstjacocotime":0.5270002,"tagname":"1_021","firstexecutionsuccess":false,"firsttestcasepath":"\\testcase\\firstcases\\testcase1_021.py","firstconsumedtime":13.485,"firstlocpath":null,"firstcoveragepath":"\\coverage\\pwpreferencecoverage\\coverage0_1_021_pw.ec","firsterrorlog":"FAILstr(e):\t\tMessage: An element could not be located on the page using the given search parameters.repr(e):\tNoSuchElementException()Traceback (most recent call last):  File \"\\testcase\\firstcases\\testcase1_021.py\", line 66, in <module>    element = getElememt(driver, \"new UiSelector().resourceId(\\\"org.wikipedia:id\/menu_overflow_button\\\").className(\\\"android.widget.TextView\\\")\")  File \"\\testcase\\firstcases\\testcase1_021.py\", line 28, in getElememt    element = driver.find_element_by_android_uiautomator(str)  File \"C:\\Python27\\lib\\site-packages\\appium\\webdriver\\webdriver.py\", line 156, in find_element_by_android_uiautomator    return self.find_element(by=By.ANDROID_UIAUTOMATOR, value=uia_string)  File \"C:\\Python27\\lib\\site-packages\\selenium\\webdriver\\remote\\webdriver.py\", line 957, in find_element    'value': value})['value']  File \"C:\\Python27\\lib\\site-packages\\selenium\\webdriver\\remote\\webdriver.py\", line 314, in execute    self.error_handler.check_response(response)  File \"C:\\Python27\\lib\\site-packages\\appium\\webdriver\\errorhandler.py\", line 29, in check_response    raise wdeNoSuchElementException: Message: An element could not be located on the page using the given search parameters."},{"firstjacocotime":0.6069999,"tagname":"3_012","firstexecutionsuccess":false,"firsttestcasepath":"\\testcase\\firstcases\\testcase3_012.py","firstconsumedtime":18.905,"firstlocpath":null,"firstcoveragepath":"\\coverage\\pwpreferencecoverage\\coverage0_3_012_pw.ec","firsterrorlog":"FAILstr(e):\t\tMessage: An element could not be located on the page using the given search parameters.repr(e):\tNoSuchElementException()Traceback (most recent call last):  File \"\\testcase\\firstcases\\testcase3_012.py\", line 68, in <module>    element = getElememt(driver, \"new UiSelector().resourceId(\\\"org.wikipedia:id\/icon\\\").className(\\\"android.widget.ImageView\\\")\")  File \"\\testcase\\firstcases\\testcase3_012.py\", line 28, in getElememt    element = driver.find_element_by_android_uiautomator(str)  File \"C:\\Python27\\lib\\site-packages\\appium\\webdriver\\webdriver.py\", line 156, in find_element_by_android_uiautomator    return self.find_element(by=By.ANDROID_UIAUTOMATOR, value=uia_string)  File \"C:\\Python27\\lib\\site-packages\\selenium\\webdriver\\remote\\webdriver.py\", line 957, in find_element    'value': value})['value']  File \"C:\\Python27\\lib\\site-packages\\selenium\\webdriver\\remote\\webdriver.py\", line 314, in execute    self.error_handler.check_response(response)  File \"C:\\Python27\\lib\\site-packages\\appium\\webdriver\\errorhandler.py\", line 29, in check_response    raise wdeNoSuchElementException: Message: An element could not be located on the page using the given search parameters."},{"firstjacocotime":0.536,"tagname":"4_014","firstexecutionsuccess":false,"firsttestcasepath":"\\testcase\\firstcases\\testcase4_014.py","firstconsumedtime":13.256,"firstlocpath":null,"firstcoveragepath":"\\coverage\\pwpreferencecoverage\\coverage0_4_014_pw.ec","firsterrorlog":"FAILstr(e):\t\tMessage: An element could not be located on the page using the given search parameters.repr(e):\tNoSuchElementException()Traceback (most recent call last):  File \"\\testcase\\firstcases\\testcase4_014.py\", line 66, in <module>    element = getElememt(driver, \"new UiSelector().resourceId(\\\"org.wikipedia:id\/menu_overflow_button\\\").className(\\\"android.widget.TextView\\\")\")  File \"\\testcase\\firstcases\\testcase4_014.py\", line 28, in getElememt    element = driver.find_element_by_android_uiautomator(str)  File \"C:\\Python27\\lib\\site-packages\\appium\\webdriver\\webdriver.py\", line 156, in find_element_by_android_uiautomator    return self.find_element(by=By.ANDROID_UIAUTOMATOR, value=uia_string)  File \"C:\\Python27\\lib\\site-packages\\selenium\\webdriver\\remote\\webdriver.py\", line 957, in find_element    'value': value})['value']  File \"C:\\Python27\\lib\\site-packages\\selenium\\webdriver\\remote\\webdriver.py\", line 314, in execute    self.error_handler.check_response(response)  File \"C:\\Python27\\lib\\site-packages\\appium\\webdriver\\errorhandler.py\", line 29, in check_response    raise wdeNoSuchElementException: Message: An element could not be located on the page using the given search parameters."},{"firstjacocotime":0.52499986,"tagname":"4_015","firstexecutionsuccess":false,"firsttestcasepath":"\\testcase\\firstcases\\testcase4_015.py","firstconsumedtime":13.655,"firstlocpath":null,"firstcoveragepath":"\\coverage\\pwpreferencecoverage\\coverage0_4_015_pw.ec","firsterrorlog":"FAILstr(e):\t\tMessage: An element could not be located on the page using the given search parameters.repr(e):\tNoSuchElementException()Traceback (most recent call last):  File \"\\testcase\\firstcases\\testcase4_015.py\", line 66, in <module>    element = getElememt(driver, \"new UiSelector().className(\\\"android.widget.ImageView\\\").description(\\\"Search Wikipedia\\\")\")  File \"\\testcase\\firstcases\\testcase4_015.py\", line 28, in getElememt    element = driver.find_element_by_android_uiautomator(str)  File \"C:\\Python27\\lib\\site-packages\\appium\\webdriver\\webdriver.py\", line 156, in find_element_by_android_uiautomator    return self.find_element(by=By.ANDROID_UIAUTOMATOR, value=uia_string)  File \"C:\\Python27\\lib\\site-packages\\selenium\\webdriver\\remote\\webdriver.py\", line 957, in find_element    'value': value})['value']  File \"C:\\Python27\\lib\\site-packages\\selenium\\webdriver\\remote\\webdriver.py\", line 314, in execute    self.error_handler.check_response(response)  File \"C:\\Python27\\lib\\site-packages\\appium\\webdriver\\errorhandler.py\", line 29, in check_response    raise wdeNoSuchElementException: Message: An element could not be located on the page using the given search parameters."},{"firstjacocotime":1.049,"tagname":"6_020","firstexecutionsuccess":false,"firsttestcasepath":"\\testcase\\firstcases\\testcase6_020.py","firstconsumedtime":17.574,"firstlocpath":null,"firstcoveragepath":"\\coverage\\pwpreferencecoverage\\coverage0_6_020_pw.ec","firsterrorlog":"FAILstr(e):\t\tMessage: An element could not be located on the page using the given search parameters.repr(e):\tNoSuchElementException()Traceback (most recent call last):  File \"\\testcase\\firstcases\\testcase6_020.py\", line 68, in <module>    element = getElememt(driver, \"new UiSelector().resourceId(\\\"org.wikipedia:id\/icon\\\").className(\\\"android.widget.ImageView\\\")\")  File \"\\testcase\\firstcases\\testcase6_020.py\", line 28, in getElememt    element = driver.find_element_by_android_uiautomator(str)  File \"C:\\Python27\\lib\\site-packages\\appium\\webdriver\\webdriver.py\", line 156, in find_element_by_android_uiautomator    return self.find_element(by=By.ANDROID_UIAUTOMATOR, value=uia_string)  File \"C:\\Python27\\lib\\site-packages\\selenium\\webdriver\\remote\\webdriver.py\", line 957, in find_element    'value': value})['value']  File \"C:\\Python27\\lib\\site-packages\\selenium\\webdriver\\remote\\webdriver.py\", line 314, in execute    self.error_handler.check_response(response)  File \"C:\\Python27\\lib\\site-packages\\appium\\webdriver\\errorhandler.py\", line 29, in check_response    raise wdeNoSuchElementException: Message: An element could not be located on the page using the given search parameters."},{"firstjacocotime":0.53100014,"tagname":"4_016","firstexecutionsuccess":false,"firsttestcasepath":"\\testcase\\firstcases\\testcase4_016.py","firstconsumedtime":18.143,"firstlocpath":null,"firstcoveragepath":"\\coverage\\pwpreferencecoverage\\coverage0_4_016_pw.ec","firsterrorlog":"FAILstr(e):\t\tMessage: An element could not be located on the page using the given search parameters.repr(e):\tNoSuchElementException()Traceback (most recent call last):  File \"\\testcase\\firstcases\\testcase4_016.py\", line 68, in <module>    element = getElememt(driver, \"new UiSelector().className(\\\"android.widget.ImageView\\\").description(\\\"Search Wikipedia\\\")\")  File \"\\testcase\\firstcases\\testcase4_016.py\", line 28, in getElememt    element = driver.find_element_by_android_uiautomator(str)  File \"C:\\Python27\\lib\\site-packages\\appium\\webdriver\\webdriver.py\", line 156, in find_element_by_android_uiautomator    return self.find_element(by=By.ANDROID_UIAUTOMATOR, value=uia_string)  File \"C:\\Python27\\lib\\site-packages\\selenium\\webdriver\\remote\\webdriver.py\", line 957, in find_element    'value': value})['value']  File \"C:\\Python27\\lib\\site-packages\\selenium\\webdriver\\remote\\webdriver.py\", line 314, in execute    self.error_handler.check_response(response)  File \"C:\\Python27\\lib\\site-packages\\appium\\webdriver\\errorhandler.py\", line 29, in check_response    raise wdeNoSuchElementException: Message: An element could not be located on the page using the given search parameters."},{"firstjacocotime":0.5439999,"tagname":"6_021","firstexecutionsuccess":false,"firsttestcasepath":"\\testcase\\firstcases\\testcase6_021.py","firstconsumedtime":18.594,"firstlocpath":null,"firstcoveragepath":"\\coverage\\pwpreferencecoverage\\coverage0_6_021_pw.ec","firsterrorlog":"FAILstr(e):\t\tMessage: An element could not be located on the page using the given search parameters.repr(e):\tNoSuchElementException()Traceback (most recent call last):  File \"\\testcase\\firstcases\\testcase6_021.py\", line 68, in <module>    element = getElememt(driver, \"new UiSelector().resourceId(\\\"org.wikipedia:id\/icon\\\").className(\\\"android.widget.ImageView\\\")\")  File \"\\testcase\\firstcases\\testcase6_021.py\", line 28, in getElememt    element = driver.find_element_by_android_uiautomator(str)  File \"C:\\Python27\\lib\\site-packages\\appium\\webdriver\\webdriver.py\", line 156, in find_element_by_android_uiautomator    return self.find_element(by=By.ANDROID_UIAUTOMATOR, value=uia_string)  File \"C:\\Python27\\lib\\site-packages\\selenium\\webdriver\\remote\\webdriver.py\", line 957, in find_element    'value': value})['value']  File \"C:\\Python27\\lib\\site-packages\\selenium\\webdriver\\remote\\webdriver.py\", line 314, in execute    self.error_handler.check_response(response)  File \"C:\\Python27\\lib\\site-packages\\appium\\webdriver\\errorhandler.py\", line 29, in check_response    raise wdeNoSuchElementException: Message: An element could not be located on the page using the given search parameters."},{"firstjacocotime":0.56299996,"tagname":"4_017","firstexecutionsuccess":false,"firsttestcasepath":"\\testcase\\firstcases\\testcase4_017.py","firstconsumedtime":17.928,"firstlocpath":null,"firstcoveragepath":"\\coverage\\pwpreferencecoverage\\coverage0_4_017_pw.ec","firsterrorlog":"FAILstr(e):\t\tMessage: An element could not be located on the page using the given search parameters.repr(e):\tNoSuchElementException()Traceback (most recent call last):  File \"\\testcase\\firstcases\\testcase4_017.py\", line 68, in <module>    element = getElememt(driver, \"new UiSelector().resourceId(\\\"org.wikipedia:id\/menu_overflow_button\\\").className(\\\"android.widget.TextView\\\")\")  File \"\\testcase\\firstcases\\testcase4_017.py\", line 28, in getElememt    element = driver.find_element_by_android_uiautomator(str)  File \"C:\\Python27\\lib\\site-packages\\appium\\webdriver\\webdriver.py\", line 156, in find_element_by_android_uiautomator    return self.find_element(by=By.ANDROID_UIAUTOMATOR, value=uia_string)  File \"C:\\Python27\\lib\\site-packages\\selenium\\webdriver\\remote\\webdriver.py\", line 957, in find_element    'value': value})['value']  File \"C:\\Python27\\lib\\site-packages\\selenium\\webdriver\\remote\\webdriver.py\", line 314, in execute    self.error_handler.check_response(response)  File \"C:\\Python27\\lib\\site-packages\\appium\\webdriver\\errorhandler.py\", line 29, in check_response    raise wdeNoSuchElementException: Message: An element could not be located on the page using the given search parameters."},{"firstjacocotime":0.53999996,"tagname":"6_022","firstexecutionsuccess":false,"firsttestcasepath":"\\testcase\\firstcases\\testcase6_022.py","firstconsumedtime":18.803999,"firstlocpath":null,"firstcoveragepath":"\\coverage\\pwpreferencecoverage\\coverage0_6_022_pw.ec","firsterrorlog":"FAILstr(e):\t\tMessage: An element could not be located on the page using the given search parameters.repr(e):\tNoSuchElementException()Traceback (most recent call last):  File \"\\testcase\\firstcases\\testcase6_022.py\", line 68, in <module>    element = getElememt(driver, \"new UiSelector().resourceId(\\\"org.wikipedia:id\/icon\\\").className(\\\"android.widget.ImageView\\\")\")  File \"\\testcase\\firstcases\\testcase6_022.py\", line 28, in getElememt    element = driver.find_element_by_android_uiautomator(str)  File \"C:\\Python27\\lib\\site-packages\\appium\\webdriver\\webdriver.py\", line 156, in find_element_by_android_uiautomator    return self.find_element(by=By.ANDROID_UIAUTOMATOR, value=uia_string)  File \"C:\\Python27\\lib\\site-packages\\selenium\\webdriver\\remote\\webdriver.py\", line 957, in find_element    'value': value})['value']  File \"C:\\Python27\\lib\\site-packages\\selenium\\webdriver\\remote\\webdriver.py\", line 314, in execute    self.error_handler.check_response(response)  File \"C:\\Python27\\lib\\site-packages\\appium\\webdriver\\errorhandler.py\", line 29, in check_response    raise wdeNoSuchElementException: Message: An element could not be located on the page using the given search parameters."},{"firstjacocotime":0.57299995,"tagname":"4_018","firstexecutionsuccess":false,"firsttestcasepath":"\\testcase\\firstcases\\testcase4_018.py","firstconsumedtime":13.464,"firstlocpath":null,"firstcoveragepath":"\\coverage\\pwpreferencecoverage\\coverage0_4_018_pw.ec","firsterrorlog":"FAILstr(e):\t\tMessage: An element could not be located on the page using the given search parameters.repr(e):\tNoSuchElementException()Traceback (most recent call last):  File \"\\testcase\\firstcases\\testcase4_018.py\", line 66, in <module>    element = getElememt(driver, \"new UiSelector().resourceId(\\\"org.wikipedia:id\/icon\\\").className(\\\"android.widget.ImageView\\\")\")  File \"\\testcase\\firstcases\\testcase4_018.py\", line 28, in getElememt    element = driver.find_element_by_android_uiautomator(str)  File \"C:\\Python27\\lib\\site-packages\\appium\\webdriver\\webdriver.py\", line 156, in find_element_by_android_uiautomator    return self.find_element(by=By.ANDROID_UIAUTOMATOR, value=uia_string)  File \"C:\\Python27\\lib\\site-packages\\selenium\\webdriver\\remote\\webdriver.py\", line 957, in find_element    'value': value})['value']  File \"C:\\Python27\\lib\\site-packages\\selenium\\webdriver\\remote\\webdriver.py\", line 314, in execute    self.error_handler.check_response(response)  File \"C:\\Python27\\lib\\site-packages\\appium\\webdriver\\errorhandler.py\", line 29, in check_response    raise wdeNoSuchElementException: Message: An element could not be located on the page using the given search parameters."},{"firstjacocotime":27.485,"tagname":"4_019","firstexecutionsuccess":true,"firsttestcasepath":"\\testcase\\firstcases\\testcase4_019.py","firstconsumedtime":9.467,"firstlocpath":null,"firstcoveragepath":"\\coverage\\pwpreferencecoverage\\coverage0_4_019_pw.ec","firsterrorlog":null},{"firstjacocotime":0.556,"tagname":"6_027","firstexecutionsuccess":false,"firsttestcasepath":"\\testcase\\firstcases\\testcase6_027.py","firstconsumedtime":18.479,"firstlocpath":null,"firstcoveragepath":"\\coverage\\pwpreferencecoverage\\coverage0_6_027_pw.ec","firsterrorlog":"FAILstr(e):\t\tMessage: An element could not be located on the page using the given search parameters.repr(e):\tNoSuchElementException()Traceback (most recent call last):  File \"\\testcase\\firstcases\\testcase6_027.py\", line 68, in <module>    element = getElememt(driver, \"new UiSelector().resourceId(\\\"org.wikipedia:id\/icon\\\").className(\\\"android.widget.ImageView\\\")\")  File \"\\testcase\\firstcases\\testcase6_027.py\", line 28, in getElememt    element = driver.find_element_by_android_uiautomator(str)  File \"C:\\Python27\\lib\\site-packages\\appium\\webdriver\\webdriver.py\", line 156, in find_element_by_android_uiautomator    return self.find_element(by=By.ANDROID_UIAUTOMATOR, value=uia_string)  File \"C:\\Python27\\lib\\site-packages\\selenium\\webdriver\\remote\\webdriver.py\", line 957, in find_element    'value': value})['value']  File \"C:\\Python27\\lib\\site-packages\\selenium\\webdriver\\remote\\webdriver.py\", line 314, in execute    self.error_handler.check_response(response)  File \"C:\\Python27\\lib\\site-packages\\appium\\webdriver\\errorhandler.py\", line 29, in check_response    raise wdeNoSuchElementException: Message: An element could not be located on the page using the given search parameters."},{"firstjacocotime":56.712,"tagname":"6_028","firstexecutionsuccess":true,"firsttestcasepath":"\\testcase\\firstcases\\testcase6_028.py","firstconsumedtime":13.732,"firstlocpath":null,"firstcoveragepath":"\\coverage\\pwpreferencecoverage\\coverage0_6_028_pw.ec","firsterrorlog":null},{"firstjacocotime":0.53,"tagname":"6_029","firstexecutionsuccess":false,"firsttestcasepath":"\\testcase\\firstcases\\testcase6_029.py","firstconsumedtime":13.528,"firstlocpath":null,"firstcoveragepath":"\\coverage\\pwpreferencecoverage\\coverage0_6_029_pw.ec","firsterrorlog":"FAILstr(e):\t\tMessage: An element could not be located on the page using the given search parameters.repr(e):\tNoSuchElementException()Traceback (most recent call last):  File \"\\testcase\\firstcases\\testcase6_029.py\", line 66, in <module>    element = getElememt(driver, \"new UiSelector().resourceId(\\\"org.wikipedia:id\/menu_overflow_button\\\").className(\\\"android.widget.TextView\\\")\")  File \"\\testcase\\firstcases\\testcase6_029.py\", line 28, in getElememt    element = driver.find_element_by_android_uiautomator(str)  File \"C:\\Python27\\lib\\site-packages\\appium\\webdriver\\webdriver.py\", line 156, in find_element_by_android_uiautomator    return self.find_element(by=By.ANDROID_UIAUTOMATOR, value=uia_string)  File \"C:\\Python27\\lib\\site-packages\\selenium\\webdriver\\remote\\webdriver.py\", line 957, in find_element    'value': value})['value']  File \"C:\\Python27\\lib\\site-packages\\selenium\\webdriver\\remote\\webdriver.py\", line 314, in execute    self.error_handler.check_response(response)  File \"C:\\Python27\\lib\\site-packages\\appium\\webdriver\\errorhandler.py\", line 29, in check_response    raise wdeNoSuchElementException: Message: An element could not be located on the page using the given search parameters."},{"firstjacocotime":22.097,"tagname":"4_010","firstexecutionsuccess":true,"firsttestcasepath":"\\testcase\\firstcases\\testcase4_010.py","firstconsumedtime":9.289,"firstlocpath":null,"firstcoveragepath":"\\coverage\\pwpreferencecoverage\\coverage0_4_010_pw.ec","firsterrorlog":null},{"firstjacocotime":0.50800014,"tagname":"6_023","firstexecutionsuccess":false,"firsttestcasepath":"\\testcase\\firstcases\\testcase6_023.py","firstconsumedtime":13.428,"firstlocpath":null,"firstcoveragepath":"\\coverage\\pwpreferencecoverage\\coverage0_6_023_pw.ec","firsterrorlog":"FAILstr(e):\t\tMessage: An element could not be located on the page using the given search parameters.repr(e):\tNoSuchElementException()Traceback (most recent call last):  File \"\\testcase\\firstcases\\testcase6_023.py\", line 66, in <module>    element = getElememt(driver, \"new UiSelector().resourceId(\\\"org.wikipedia:id\/menu_overflow_button\\\").className(\\\"android.widget.TextView\\\")\")  File \"\\testcase\\firstcases\\testcase6_023.py\", line 28, in getElememt    element = driver.find_element_by_android_uiautomator(str)  File \"C:\\Python27\\lib\\site-packages\\appium\\webdriver\\webdriver.py\", line 156, in find_element_by_android_uiautomator    return self.find_element(by=By.ANDROID_UIAUTOMATOR, value=uia_string)  File \"C:\\Python27\\lib\\site-packages\\selenium\\webdriver\\remote\\webdriver.py\", line 957, in find_element    'value': value})['value']  File \"C:\\Python27\\lib\\site-packages\\selenium\\webdriver\\remote\\webdriver.py\", line 314, in execute    self.error_handler.check_response(response)  File \"C:\\Python27\\lib\\site-packages\\appium\\webdriver\\errorhandler.py\", line 29, in check_response    raise wdeNoSuchElementException: Message: An element could not be located on the page using the given search parameters."},{"firstjacocotime":0.6990001,"tagname":"4_011","firstexecutionsuccess":false,"firsttestcasepath":"\\testcase\\firstcases\\testcase4_011.py","firstconsumedtime":13.397,"firstlocpath":null,"firstcoveragepath":"\\coverage\\pwpreferencecoverage\\coverage0_4_011_pw.ec","firsterrorlog":"FAILstr(e):\t\tMessage: An element could not be located on the page using the given search parameters.repr(e):\tNoSuchElementException()Traceback (most recent call last):  File \"\\testcase\\firstcases\\testcase4_011.py\", line 66, in <module>    element = getElememt(driver, \"new UiSelector().resourceId(\\\"org.wikipedia:id\/icon\\\").className(\\\"android.widget.ImageView\\\")\")  File \"\\testcase\\firstcases\\testcase4_011.py\", line 28, in getElememt    element = driver.find_element_by_android_uiautomator(str)  File \"C:\\Python27\\lib\\site-packages\\appium\\webdriver\\webdriver.py\", line 156, in find_element_by_android_uiautomator    return self.find_element(by=By.ANDROID_UIAUTOMATOR, value=uia_string)  File \"C:\\Python27\\lib\\site-packages\\selenium\\webdriver\\remote\\webdriver.py\", line 957, in find_element    'value': value})['value']  File \"C:\\Python27\\lib\\site-packages\\selenium\\webdriver\\remote\\webdriver.py\", line 314, in execute    self.error_handler.check_response(response)  File \"C:\\Python27\\lib\\site-packages\\appium\\webdriver\\errorhandler.py\", line 29, in check_response    raise wdeNoSuchElementException: Message: An element could not be located on the page using the given search parameters."},{"firstjacocotime":0.5350001,"tagname":"6_024","firstexecutionsuccess":false,"firsttestcasepath":"\\testcase\\firstcases\\testcase6_024.py","firstconsumedtime":13.496,"firstlocpath":null,"firstcoveragepath":"\\coverage\\pwpreferencecoverage\\coverage0_6_024_pw.ec","firsterrorlog":"FAILstr(e):\t\tMessage: An element could not be located on the page using the given search parameters.repr(e):\tNoSuchElementException()Traceback (most recent call last):  File \"\\testcase\\firstcases\\testcase6_024.py\", line 66, in <module>    element = getElememt(driver, \"new UiSelector().resourceId(\\\"org.wikipedia:id\/menu_overflow_button\\\").className(\\\"android.widget.TextView\\\")\")  File \"\\testcase\\firstcases\\testcase6_024.py\", line 28, in getElememt    element = driver.find_element_by_android_uiautomator(str)  File \"C:\\Python27\\lib\\site-packages\\appium\\webdriver\\webdriver.py\", line 156, in find_element_by_android_uiautomator    return self.find_element(by=By.ANDROID_UIAUTOMATOR, value=uia_string)  File \"C:\\Python27\\lib\\site-packages\\selenium\\webdriver\\remote\\webdriver.py\", line 957, in find_element    'value': value})['value']  File \"C:\\Python27\\lib\\site-packages\\selenium\\webdriver\\remote\\webdriver.py\", line 314, in execute    self.error_handler.check_response(response)  File \"C:\\Python27\\lib\\site-packages\\appium\\webdriver\\errorhandler.py\", line 29, in check_response    raise wdeNoSuchElementException: Message: An element could not be located on the page using the given search parameters."},{"firstjacocotime":0.5359998,"tagname":"4_012","firstexecutionsuccess":false,"firsttestcasepath":"\\testcase\\firstcases\\testcase4_012.py","firstconsumedtime":13.334,"firstlocpath":null,"firstcoveragepath":"\\coverage\\pwpreferencecoverage\\coverage0_4_012_pw.ec","firsterrorlog":"FAILstr(e):\t\tMessage: An element could not be located on the page using the given search parameters.repr(e):\tNoSuchElementException()Traceback (most recent call last):  File \"\\testcase\\firstcases\\testcase4_012.py\", line 66, in <module>    element = getElememt(driver, \"new UiSelector().resourceId(\\\"org.wikipedia:id\/icon\\\").className(\\\"android.widget.ImageView\\\")\")  File \"\\testcase\\firstcases\\testcase4_012.py\", line 28, in getElememt    element = driver.find_element_by_android_uiautomator(str)  File \"C:\\Python27\\lib\\site-packages\\appium\\webdriver\\webdriver.py\", line 156, in find_element_by_android_uiautomator    return self.find_element(by=By.ANDROID_UIAUTOMATOR, value=uia_string)  File \"C:\\Python27\\lib\\site-packages\\selenium\\webdriver\\remote\\webdriver.py\", line 957, in find_element    'value': value})['value']  File \"C:\\Python27\\lib\\site-packages\\selenium\\webdriver\\remote\\webdriver.py\", line 314, in execute    self.error_handler.check_response(response)  File \"C:\\Python27\\lib\\site-packages\\appium\\webdriver\\errorhandler.py\", line 29, in check_response    raise wdeNoSuchElementException: Message: An element could not be located on the page using the given search parameters."},{"firstjacocotime":0.5350001,"tagname":"6_025","firstexecutionsuccess":false,"firsttestcasepath":"\\testcase\\firstcases\\testcase6_025.py","firstconsumedtime":13.373,"firstlocpath":null,"firstcoveragepath":"\\coverage\\pwpreferencecoverage\\coverage0_6_025_pw.ec","firsterrorlog":"FAILstr(e):\t\tMessage: An element could not be located on the page using the given search parameters.repr(e):\tNoSuchElementException()Traceback (most recent call last):  File \"\\testcase\\firstcases\\testcase6_025.py\", line 66, in <module>    element = getElememt(driver, \"new UiSelector().className(\\\"android.widget.ImageView\\\").description(\\\"Search Wikipedia\\\")\")  File \"\\testcase\\firstcases\\testcase6_025.py\", line 28, in getElememt    element = driver.find_element_by_android_uiautomator(str)  File \"C:\\Python27\\lib\\site-packages\\appium\\webdriver\\webdriver.py\", line 156, in find_element_by_android_uiautomator    return self.find_element(by=By.ANDROID_UIAUTOMATOR, value=uia_string)  File \"C:\\Python27\\lib\\site-packages\\selenium\\webdriver\\remote\\webdriver.py\", line 957, in find_element    'value': value})['value']  File \"C:\\Python27\\lib\\site-packages\\selenium\\webdriver\\remote\\webdriver.py\", line 314, in execute    self.error_handler.check_response(response)  File \"C:\\Python27\\lib\\site-packages\\appium\\webdriver\\errorhandler.py\", line 29, in check_response    raise wdeNoSuchElementException: Message: An element could not be located on the page using the given search parameters."},{"firstjacocotime":0.5840001,"tagname":"4_013","firstexecutionsuccess":false,"firsttestcasepath":"\\testcase\\firstcases\\testcase4_013.py","firstconsumedtime":18.815,"firstlocpath":null,"firstcoveragepath":"\\coverage\\pwpreferencecoverage\\coverage0_4_013_pw.ec","firsterrorlog":"FAILstr(e):\t\tMessage: An element could not be located on the page using the given search parameters.repr(e):\tNoSuchElementException()Traceback (most recent call last):  File \"\\testcase\\firstcases\\testcase4_013.py\", line 68, in <module>    element = getElememt(driver, \"new UiSelector().resourceId(\\\"org.wikipedia:id\/voice_search_button\\\").className(\\\"android.widget.ImageView\\\")\")  File \"\\testcase\\firstcases\\testcase4_013.py\", line 28, in getElememt    element = driver.find_element_by_android_uiautomator(str)  File \"C:\\Python27\\lib\\site-packages\\appium\\webdriver\\webdriver.py\", line 156, in find_element_by_android_uiautomator    return self.find_element(by=By.ANDROID_UIAUTOMATOR, value=uia_string)  File \"C:\\Python27\\lib\\site-packages\\selenium\\webdriver\\remote\\webdriver.py\", line 957, in find_element    'value': value})['value']  File \"C:\\Python27\\lib\\site-packages\\selenium\\webdriver\\remote\\webdriver.py\", line 314, in execute    self.error_handler.check_response(response)  File \"C:\\Python27\\lib\\site-packages\\appium\\webdriver\\errorhandler.py\", line 29, in check_response    raise wdeNoSuchElementException: Message: An element could not be located on the page using the given search parameters."},{"firstjacocotime":0.556,"tagname":"6_026","firstexecutionsuccess":false,"firsttestcasepath":"\\testcase\\firstcases\\testcase6_026.py","firstconsumedtime":13.576,"firstlocpath":null,"firstcoveragepath":"\\coverage\\pwpreferencecoverage\\coverage0_6_026_pw.ec","firsterrorlog":"FAILstr(e):\t\tMessage: An element could not be located on the page using the given search parameters.repr(e):\tNoSuchElementException()Traceback (most recent call last):  File \"\\testcase\\firstcases\\testcase6_026.py\", line 66, in <module>    element = getElememt(driver, \"new UiSelector().className(\\\"android.widget.ImageView\\\").description(\\\"Search Wikipedia\\\")\")  File \"\\testcase\\firstcases\\testcase6_026.py\", line 28, in getElememt    element = driver.find_element_by_android_uiautomator(str)  File \"C:\\Python27\\lib\\site-packages\\appium\\webdriver\\webdriver.py\", line 156, in find_element_by_android_uiautomator    return self.find_element(by=By.ANDROID_UIAUTOMATOR, value=uia_string)  File \"C:\\Python27\\lib\\site-packages\\selenium\\webdriver\\remote\\webdriver.py\", line 957, in find_element    'value': value})['value']  File \"C:\\Python27\\lib\\site-packages\\selenium\\webdriver\\remote\\webdriver.py\", line 314, in execute    self.error_handler.check_response(response)  File \"C:\\Python27\\lib\\site-packages\\appium\\webdriver\\errorhandler.py\", line 29, in check_response    raise wdeNoSuchElementException: Message: An element could not be located on the page using the given search parameters."},{"firstjacocotime":56.211,"tagname":"3_006","firstexecutionsuccess":false,"firsttestcasepath":"\\testcase\\firstcases\\testcase3_006.py","firstconsumedtime":61.758,"firstlocpath":null,"firstcoveragepath":"\\coverage\\pwpreferencecoverage\\coverage0_3_006_pw.ec","firsterrorlog":"FAILstr(e):\t\tMessage: An element could not be located on the page using the given search parameters.repr(e):\tNoSuchElementException()Traceback (most recent call last):  File \"\\testcase\\firstcases\\testcase3_006.py\", line 92, in <module>    element = getElememt(driver, \"new UiSelector().className(\\\"android.widget.ImageView\\\").description(\\\"Add this article to a reading list\\\")\")  File \"\\testcase\\firstcases\\testcase3_006.py\", line 28, in getElememt    element = driver.find_element_by_android_uiautomator(str)  File \"C:\\Python27\\lib\\site-packages\\appium\\webdriver\\webdriver.py\", line 156, in find_element_by_android_uiautomator    return self.find_element(by=By.ANDROID_UIAUTOMATOR, value=uia_string)  File \"C:\\Python27\\lib\\site-packages\\selenium\\webdriver\\remote\\webdriver.py\", line 957, in find_element    'value': value})['value']  File \"C:\\Python27\\lib\\site-packages\\selenium\\webdriver\\remote\\webdriver.py\", line 314, in execute    self.error_handler.check_response(response)  File \"C:\\Python27\\lib\\site-packages\\appium\\webdriver\\errorhandler.py\", line 29, in check_response    raise wdeNoSuchElementException: Message: An element could not be located on the page using the given search parameters."},{"firstjacocotime":0.51600003,"tagname":"3_007","firstexecutionsuccess":false,"firsttestcasepath":"\\testcase\\firstcases\\testcase3_007.py","firstconsumedtime":13.932,"firstlocpath":null,"firstcoveragepath":"\\coverage\\pwpreferencecoverage\\coverage0_3_007_pw.ec","firsterrorlog":"FAILstr(e):\t\tMessage: An element could not be located on the page using the given search parameters.repr(e):\tNoSuchElementException()Traceback (most recent call last):  File \"\\testcase\\firstcases\\testcase3_007.py\", line 66, in <module>    element = getElememt(driver, \"new UiSelector().resourceId(\\\"org.wikipedia:id\/menu_overflow_button\\\").className(\\\"android.widget.TextView\\\")\")  File \"\\testcase\\firstcases\\testcase3_007.py\", line 28, in getElememt    element = driver.find_element_by_android_uiautomator(str)  File \"C:\\Python27\\lib\\site-packages\\appium\\webdriver\\webdriver.py\", line 156, in find_element_by_android_uiautomator    return self.find_element(by=By.ANDROID_UIAUTOMATOR, value=uia_string)  File \"C:\\Python27\\lib\\site-packages\\selenium\\webdriver\\remote\\webdriver.py\", line 957, in find_element    'value': value})['value']  File \"C:\\Python27\\lib\\site-packages\\selenium\\webdriver\\remote\\webdriver.py\", line 314, in execute    self.error_handler.check_response(response)  File \"C:\\Python27\\lib\\site-packages\\appium\\webdriver\\errorhandler.py\", line 29, in check_response    raise wdeNoSuchElementException: Message: An element could not be located on the page using the given search parameters."},{"firstjacocotime":0.5509999,"tagname":"3_004","firstexecutionsuccess":false,"firsttestcasepath":"\\testcase\\firstcases\\testcase3_004.py","firstconsumedtime":19.555,"firstlocpath":null,"firstcoveragepath":"\\coverage\\pwpreferencecoverage\\coverage0_3_004_pw.ec","firsterrorlog":"FAILstr(e):\t\tMessage: An element could not be located on the page using the given search parameters.repr(e):\tNoSuchElementException()Traceback (most recent call last):  File \"\\testcase\\firstcases\\testcase3_004.py\", line 70, in <module>    element = getElememt(driver, \"new UiSelector().resourceId(\\\"org.wikipedia:id\/icon\\\").className(\\\"android.widget.ImageView\\\")\")  File \"\\testcase\\firstcases\\testcase3_004.py\", line 28, in getElememt    element = driver.find_element_by_android_uiautomator(str)  File \"C:\\Python27\\lib\\site-packages\\appium\\webdriver\\webdriver.py\", line 156, in find_element_by_android_uiautomator    return self.find_element(by=By.ANDROID_UIAUTOMATOR, value=uia_string)  File \"C:\\Python27\\lib\\site-packages\\selenium\\webdriver\\remote\\webdriver.py\", line 957, in find_element    'value': value})['value']  File \"C:\\Python27\\lib\\site-packages\\selenium\\webdriver\\remote\\webdriver.py\", line 314, in execute    self.error_handler.check_response(response)  File \"C:\\Python27\\lib\\site-packages\\appium\\webdriver\\errorhandler.py\", line 29, in check_response    raise wdeNoSuchElementException: Message: An element could not be located on the page using the given search parameters."},{"firstjacocotime":0.5350001,"tagname":"3_005","firstexecutionsuccess":false,"firsttestcasepath":"\\testcase\\firstcases\\testcase3_005.py","firstconsumedtime":13.607,"firstlocpath":null,"firstcoveragepath":"\\coverage\\pwpreferencecoverage\\coverage0_3_005_pw.ec","firsterrorlog":"FAILstr(e):\t\tMessage: An element could not be located on the page using the given search parameters.repr(e):\tNoSuchElementException()Traceback (most recent call last):  File \"\\testcase\\firstcases\\testcase3_005.py\", line 66, in <module>    element = getElememt(driver, \"new UiSelector().resourceId(\\\"org.wikipedia:id\/icon\\\").className(\\\"android.widget.ImageView\\\")\")  File \"\\testcase\\firstcases\\testcase3_005.py\", line 28, in getElememt    element = driver.find_element_by_android_uiautomator(str)  File \"C:\\Python27\\lib\\site-packages\\appium\\webdriver\\webdriver.py\", line 156, in find_element_by_android_uiautomator    return self.find_element(by=By.ANDROID_UIAUTOMATOR, value=uia_string)  File \"C:\\Python27\\lib\\site-packages\\selenium\\webdriver\\remote\\webdriver.py\", line 957, in find_element    'value': value})['value']  File \"C:\\Python27\\lib\\site-packages\\selenium\\webdriver\\remote\\webdriver.py\", line 314, in execute    self.error_handler.check_response(response)  File \"C:\\Python27\\lib\\site-packages\\appium\\webdriver\\errorhandler.py\", line 29, in check_response    raise wdeNoSuchElementException: Message: An element could not be located on the page using the given search parameters."},{"firstjacocotime":0.54999995,"tagname":"3_008","firstexecutionsuccess":false,"firsttestcasepath":"\\testcase\\firstcases\\testcase3_008.py","firstconsumedtime":13.452,"firstlocpath":null,"firstcoveragepath":"\\coverage\\pwpreferencecoverage\\coverage0_3_008_pw.ec","firsterrorlog":"FAILstr(e):\t\tMessage: An element could not be located on the page using the given search parameters.repr(e):\tNoSuchElementException()Traceback (most recent call last):  File \"\\testcase\\firstcases\\testcase3_008.py\", line 66, in <module>    element = getElememt(driver, \"new UiSelector().resourceId(\\\"org.wikipedia:id\/icon\\\").className(\\\"android.widget.ImageView\\\")\")  File \"\\testcase\\firstcases\\testcase3_008.py\", line 28, in getElememt    element = driver.find_element_by_android_uiautomator(str)  File \"C:\\Python27\\lib\\site-packages\\appium\\webdriver\\webdriver.py\", line 156, in find_element_by_android_uiautomator    return self.find_element(by=By.ANDROID_UIAUTOMATOR, value=uia_string)  File \"C:\\Python27\\lib\\site-packages\\selenium\\webdriver\\remote\\webdriver.py\", line 957, in find_element    'value': value})['value']  File \"C:\\Python27\\lib\\site-packages\\selenium\\webdriver\\remote\\webdriver.py\", line 314, in execute    self.error_handler.check_response(response)  File \"C:\\Python27\\lib\\site-packages\\appium\\webdriver\\errorhandler.py\", line 29, in check_response    raise wdeNoSuchElementException: Message: An element could not be located on the page using the given search parameters."},{"firstjacocotime":0.51699996,"tagname":"3_009","firstexecutionsuccess":false,"firsttestcasepath":"\\testcase\\firstcases\\testcase3_009.py","firstconsumedtime":13.408,"firstlocpath":null,"firstcoveragepath":"\\coverage\\pwpreferencecoverage\\coverage0_3_009_pw.ec","firsterrorlog":"FAILstr(e):\t\tMessage: An element could not be located on the page using the given search parameters.repr(e):\tNoSuchElementException()Traceback (most recent call last):  File \"\\testcase\\firstcases\\testcase3_009.py\", line 66, in <module>    element = getElememt(driver, \"new UiSelector().resourceId(\\\"org.wikipedia:id\/icon\\\").className(\\\"android.widget.ImageView\\\")\")  File \"\\testcase\\firstcases\\testcase3_009.py\", line 28, in getElememt    element = driver.find_element_by_android_uiautomator(str)  File \"C:\\Python27\\lib\\site-packages\\appium\\webdriver\\webdriver.py\", line 156, in find_element_by_android_uiautomator    return self.find_element(by=By.ANDROID_UIAUTOMATOR, value=uia_string)  File \"C:\\Python27\\lib\\site-packages\\selenium\\webdriver\\remote\\webdriver.py\", line 957, in find_element    'value': value})['value']  File \"C:\\Python27\\lib\\site-packages\\selenium\\webdriver\\remote\\webdriver.py\", line 314, in execute    self.error_handler.check_response(response)  File \"C:\\Python27\\lib\\site-packages\\appium\\webdriver\\errorhandler.py\", line 29, in check_response    raise wdeNoSuchElementException: Message: An element could not be located on the page using the given search parameters."},{"firstjacocotime":0.572,"tagname":"3_002","firstexecutionsuccess":false,"firsttestcasepath":"\\testcase\\firstcases\\testcase3_002.py","firstconsumedtime":18.633,"firstlocpath":null,"firstcoveragepath":"\\coverage\\pwpreferencecoverage\\coverage0_3_002_pw.ec","firsterrorlog":"FAILstr(e):\t\tMessage: An element could not be located on the page using the given search parameters.repr(e):\tNoSuchElementException()Traceback (most recent call last):  File \"\\testcase\\firstcases\\testcase3_002.py\", line 68, in <module>    element = getElememt(driver, \"new UiSelector().resourceId(\\\"org.wikipedia:id\/voice_search_button\\\").className(\\\"android.widget.ImageView\\\")\")  File \"\\testcase\\firstcases\\testcase3_002.py\", line 28, in getElememt    element = driver.find_element_by_android_uiautomator(str)  File \"C:\\Python27\\lib\\site-packages\\appium\\webdriver\\webdriver.py\", line 156, in find_element_by_android_uiautomator    return self.find_element(by=By.ANDROID_UIAUTOMATOR, value=uia_string)  File \"C:\\Python27\\lib\\site-packages\\selenium\\webdriver\\remote\\webdriver.py\", line 957, in find_element    'value': value})['value']  File \"C:\\Python27\\lib\\site-packages\\selenium\\webdriver\\remote\\webdriver.py\", line 314, in execute    self.error_handler.check_response(response)  File \"C:\\Python27\\lib\\site-packages\\appium\\webdriver\\errorhandler.py\", line 29, in check_response    raise wdeNoSuchElementException: Message: An element could not be located on the page using the given search parameters."},{"firstjacocotime":0.566,"tagname":"3_003","firstexecutionsuccess":false,"firsttestcasepath":"\\testcase\\firstcases\\testcase3_003.py","firstconsumedtime":18.97,"firstlocpath":null,"firstcoveragepath":"\\coverage\\pwpreferencecoverage\\coverage0_3_003_pw.ec","firsterrorlog":"FAILstr(e):\t\tMessage: An element could not be located on the page using the given search parameters.repr(e):\tNoSuchElementException()Traceback (most recent call last):  File \"\\testcase\\firstcases\\testcase3_003.py\", line 68, in <module>    element = getElememt(driver, \"new UiSelector().resourceId(\\\"org.wikipedia:id\/voice_search_button\\\").className(\\\"android.widget.ImageView\\\")\")  File \"\\testcase\\firstcases\\testcase3_003.py\", line 28, in getElememt    element = driver.find_element_by_android_uiautomator(str)  File \"C:\\Python27\\lib\\site-packages\\appium\\webdriver\\webdriver.py\", line 156, in find_element_by_android_uiautomator    return self.find_element(by=By.ANDROID_UIAUTOMATOR, value=uia_string)  File \"C:\\Python27\\lib\\site-packages\\selenium\\webdriver\\remote\\webdriver.py\", line 957, in find_element    'value': value})['value']  File \"C:\\Python27\\lib\\site-packages\\selenium\\webdriver\\remote\\webdriver.py\", line 314, in execute    self.error_handler.check_response(response)  File \"C:\\Python27\\lib\\site-packages\\appium\\webdriver\\errorhandler.py\", line 29, in check_response    raise wdeNoSuchElementException: Message: An element could not be located on the page using the given search parameters."},{"firstjacocotime":0.5059998,"tagname":"3_000","firstexecutionsuccess":false,"firsttestcasepath":"\\testcase\\firstcases\\testcase3_000.py","firstconsumedtime":13.269,"firstlocpath":null,"firstcoveragepath":"\\coverage\\pwpreferencecoverage\\coverage0_3_000_pw.ec","firsterrorlog":"FAILstr(e):\t\tMessage: An element could not be located on the page using the given search parameters.repr(e):\tNoSuchElementException()Traceback (most recent call last):  File \"\\testcase\\firstcases\\testcase3_000.py\", line 66, in <module>    element = getElememt(driver, \"new UiSelector().resourceId(\\\"org.wikipedia:id\/icon\\\").className(\\\"android.widget.ImageView\\\")\")  File \"\\testcase\\firstcases\\testcase3_000.py\", line 28, in getElememt    element = driver.find_element_by_android_uiautomator(str)  File \"C:\\Python27\\lib\\site-packages\\appium\\webdriver\\webdriver.py\", line 156, in find_element_by_android_uiautomator    return self.find_element(by=By.ANDROID_UIAUTOMATOR, value=uia_string)  File \"C:\\Python27\\lib\\site-packages\\selenium\\webdriver\\remote\\webdriver.py\", line 957, in find_element    'value': value})['value']  File \"C:\\Python27\\lib\\site-packages\\selenium\\webdriver\\remote\\webdriver.py\", line 314, in execute    self.error_handler.check_response(response)  File \"C:\\Python27\\lib\\site-packages\\appium\\webdriver\\errorhandler.py\", line 29, in check_response    raise wdeNoSuchElementException: Message: An element could not be located on the page using the given search parameters."},{"firstjacocotime":0.53699994,"tagname":"3_001","firstexecutionsuccess":false,"firsttestcasepath":"\\testcase\\firstcases\\testcase3_001.py","firstconsumedtime":13.372,"firstlocpath":null,"firstcoveragepath":"\\coverage\\pwpreferencecoverage\\coverage0_3_001_pw.ec","firsterrorlog":"FAILstr(e):\t\tMessage: An element could not be located on the page using the given search parameters.repr(e):\tNoSuchElementException()Traceback (most recent call last):  File \"\\testcase\\firstcases\\testcase3_001.py\", line 66, in <module>    element = getElememt(driver, \"new UiSelector().resourceId(\\\"org.wikipedia:id\/menu_overflow_button\\\").className(\\\"android.widget.TextView\\\")\")  File \"\\testcase\\firstcases\\testcase3_001.py\", line 28, in getElememt    element = driver.find_element_by_android_uiautomator(str)  File \"C:\\Python27\\lib\\site-packages\\appium\\webdriver\\webdriver.py\", line 156, in find_element_by_android_uiautomator    return self.find_element(by=By.ANDROID_UIAUTOMATOR, value=uia_string)  File \"C:\\Python27\\lib\\site-packages\\selenium\\webdriver\\remote\\webdriver.py\", line 957, in find_element    'value': value})['value']  File \"C:\\Python27\\lib\\site-packages\\selenium\\webdriver\\remote\\webdriver.py\", line 314, in execute    self.error_handler.check_response(response)  File \"C:\\Python27\\lib\\site-packages\\appium\\webdriver\\errorhandler.py\", line 29, in check_response    raise wdeNoSuchElementException: Message: An element could not be located on the page using the given search parameters."},{"firstjacocotime":0.5869999,"tagname":"4_025","firstexecutionsuccess":false,"firsttestcasepath":"\\testcase\\firstcases\\testcase4_025.py","firstconsumedtime":13.438,"firstlocpath":null,"firstcoveragepath":"\\coverage\\pwpreferencecoverage\\coverage0_4_025_pw.ec","firsterrorlog":"FAILstr(e):\t\tMessage: An element could not be located on the page using the given search parameters.repr(e):\tNoSuchElementException()Traceback (most recent call last):  File \"\\testcase\\firstcases\\testcase4_025.py\", line 66, in <module>    element = getElememt(driver, \"new UiSelector().resourceId(\\\"org.wikipedia:id\/menu_overflow_button\\\").className(\\\"android.widget.TextView\\\")\")  File \"\\testcase\\firstcases\\testcase4_025.py\", line 28, in getElememt    element = driver.find_element_by_android_uiautomator(str)  File \"C:\\Python27\\lib\\site-packages\\appium\\webdriver\\webdriver.py\", line 156, in find_element_by_android_uiautomator    return self.find_element(by=By.ANDROID_UIAUTOMATOR, value=uia_string)  File \"C:\\Python27\\lib\\site-packages\\selenium\\webdriver\\remote\\webdriver.py\", line 957, in find_element    'value': value})['value']  File \"C:\\Python27\\lib\\site-packages\\selenium\\webdriver\\remote\\webdriver.py\", line 314, in execute    self.error_handler.check_response(response)  File \"C:\\Python27\\lib\\site-packages\\appium\\webdriver\\errorhandler.py\", line 29, in check_response    raise wdeNoSuchElementException: Message: An element could not be located on the page using the given search parameters."},{"firstjacocotime":40.943,"tagname":"4_026","firstexecutionsuccess":true,"firsttestcasepath":"\\testcase\\firstcases\\testcase4_026.py","firstconsumedtime":9.638,"firstlocpath":null,"firstcoveragepath":"\\coverage\\pwpreferencecoverage\\coverage0_4_026_pw.ec","firsterrorlog":null},{"firstjacocotime":0.5660002,"tagname":"4_027","firstexecutionsuccess":false,"firsttestcasepath":"\\testcase\\firstcases\\testcase4_027.py","firstconsumedtime":18.624,"firstlocpath":null,"firstcoveragepath":"\\coverage\\pwpreferencecoverage\\coverage0_4_027_pw.ec","firsterrorlog":"FAILstr(e):\t\tMessage: An element could not be located on the page using the given search parameters.repr(e):\tNoSuchElementException()Traceback (most recent call last):  File \"\\testcase\\firstcases\\testcase4_027.py\", line 68, in <module>    element = getElememt(driver, \"new UiSelector().resourceId(\\\"org.wikipedia:id\/icon\\\").className(\\\"android.widget.ImageView\\\")\")  File \"\\testcase\\firstcases\\testcase4_027.py\", line 28, in getElememt    element = driver.find_element_by_android_uiautomator(str)  File \"C:\\Python27\\lib\\site-packages\\appium\\webdriver\\webdriver.py\", line 156, in find_element_by_android_uiautomator    return self.find_element(by=By.ANDROID_UIAUTOMATOR, value=uia_string)  File \"C:\\Python27\\lib\\site-packages\\selenium\\webdriver\\remote\\webdriver.py\", line 957, in find_element    'value': value})['value']  File \"C:\\Python27\\lib\\site-packages\\selenium\\webdriver\\remote\\webdriver.py\", line 314, in execute    self.error_handler.check_response(response)  File \"C:\\Python27\\lib\\site-packages\\appium\\webdriver\\errorhandler.py\", line 29, in check_response    raise wdeNoSuchElementException: Message: An element could not be located on the page using the given search parameters."},{"firstjacocotime":0.52900004,"tagname":"6_010","firstexecutionsuccess":false,"firsttestcasepath":"\\testcase\\firstcases\\testcase6_010.py","firstconsumedtime":13.291,"firstlocpath":null,"firstcoveragepath":"\\coverage\\pwpreferencecoverage\\coverage0_6_010_pw.ec","firsterrorlog":"FAILstr(e):\t\tMessage: An element could not be located on the page using the given search parameters.repr(e):\tNoSuchElementException()Traceback (most recent call last):  File \"\\testcase\\firstcases\\testcase6_010.py\", line 66, in <module>    element = getElememt(driver, \"new UiSelector().resourceId(\\\"org.wikipedia:id\/menu_overflow_button\\\").className(\\\"android.widget.TextView\\\")\")  File \"\\testcase\\firstcases\\testcase6_010.py\", line 28, in getElememt    element = driver.find_element_by_android_uiautomator(str)  File \"C:\\Python27\\lib\\site-packages\\appium\\webdriver\\webdriver.py\", line 156, in find_element_by_android_uiautomator    return self.find_element(by=By.ANDROID_UIAUTOMATOR, value=uia_string)  File \"C:\\Python27\\lib\\site-packages\\selenium\\webdriver\\remote\\webdriver.py\", line 957, in find_element    'value': value})['value']  File \"C:\\Python27\\lib\\site-packages\\selenium\\webdriver\\remote\\webdriver.py\", line 314, in execute    self.error_handler.check_response(response)  File \"C:\\Python27\\lib\\site-packages\\appium\\webdriver\\errorhandler.py\", line 29, in check_response    raise wdeNoSuchElementException: Message: An element could not be located on the page using the given search parameters."},{"firstjacocotime":0.5410001,"tagname":"4_028","firstexecutionsuccess":false,"firsttestcasepath":"\\testcase\\firstcases\\testcase4_028.py","firstconsumedtime":13.464,"firstlocpath":null,"firstcoveragepath":"\\coverage\\pwpreferencecoverage\\coverage0_4_028_pw.ec","firsterrorlog":"FAILstr(e):\t\tMessage: An element could not be located on the page using the given search parameters.repr(e):\tNoSuchElementException()Traceback (most recent call last):  File \"\\testcase\\firstcases\\testcase4_028.py\", line 66, in <module>    element = getElememt(driver, \"new UiSelector().resourceId(\\\"org.wikipedia:id\/icon\\\").className(\\\"android.widget.ImageView\\\")\")  File \"\\testcase\\firstcases\\testcase4_028.py\", line 28, in getElememt    element = driver.find_element_by_android_uiautomator(str)  File \"C:\\Python27\\lib\\site-packages\\appium\\webdriver\\webdriver.py\", line 156, in find_element_by_android_uiautomator    return self.find_element(by=By.ANDROID_UIAUTOMATOR, value=uia_string)  File \"C:\\Python27\\lib\\site-packages\\selenium\\webdriver\\remote\\webdriver.py\", line 957, in find_element    'value': value})['value']  File \"C:\\Python27\\lib\\site-packages\\selenium\\webdriver\\remote\\webdriver.py\", line 314, in execute    self.error_handler.check_response(response)  File \"C:\\Python27\\lib\\site-packages\\appium\\webdriver\\errorhandler.py\", line 29, in check_response    raise wdeNoSuchElementException: Message: An element could not be located on the page using the given search parameters."},{"firstjacocotime":0.5209999,"tagname":"6_011","firstexecutionsuccess":false,"firsttestcasepath":"\\testcase\\firstcases\\testcase6_011.py","firstconsumedtime":19.276001,"firstlocpath":null,"firstcoveragepath":"\\coverage\\pwpreferencecoverage\\coverage0_6_011_pw.ec","firsterrorlog":"FAILstr(e):\t\tMessage: An element could not be located on the page using the given search parameters.repr(e):\tNoSuchElementException()Traceback (most recent call last):  File \"\\testcase\\firstcases\\testcase6_011.py\", line 74, in <module>    element = getElememt(driver, \"new UiSelector().resourceId(\\\"org.wikipedia:id\/icon\\\").className(\\\"android.widget.ImageView\\\")\")  File \"\\testcase\\firstcases\\testcase6_011.py\", line 28, in getElememt    element = driver.find_element_by_android_uiautomator(str)  File \"C:\\Python27\\lib\\site-packages\\appium\\webdriver\\webdriver.py\", line 156, in find_element_by_android_uiautomator    return self.find_element(by=By.ANDROID_UIAUTOMATOR, value=uia_string)  File \"C:\\Python27\\lib\\site-packages\\selenium\\webdriver\\remote\\webdriver.py\", line 957, in find_element    'value': value})['value']  File \"C:\\Python27\\lib\\site-packages\\selenium\\webdriver\\remote\\webdriver.py\", line 314, in execute    self.error_handler.check_response(response)  File \"C:\\Python27\\lib\\site-packages\\appium\\webdriver\\errorhandler.py\", line 29, in check_response    raise wdeNoSuchElementException: Message: An element could not be located on the page using the given search parameters."},{"firstjacocotime":56.121,"tagname":"4_029","firstexecutionsuccess":true,"firsttestcasepath":"\\testcase\\firstcases\\testcase4_029.py","firstconsumedtime":9.599,"firstlocpath":null,"firstcoveragepath":"\\coverage\\pwpreferencecoverage\\coverage0_4_029_pw.ec","firsterrorlog":null},{"firstjacocotime":0.546,"tagname":"6_016","firstexecutionsuccess":false,"firsttestcasepath":"\\testcase\\firstcases\\testcase6_016.py","firstconsumedtime":14.439,"firstlocpath":null,"firstcoveragepath":"\\coverage\\pwpreferencecoverage\\coverage0_6_016_pw.ec","firsterrorlog":"FAILstr(e):\t\tMessage: An element could not be located on the page using the given search parameters.repr(e):\tNoSuchElementException()Traceback (most recent call last):  File \"\\testcase\\firstcases\\testcase6_016.py\", line 66, in <module>    element = getElememt(driver, \"new UiSelector().resourceId(\\\"org.wikipedia:id\/icon\\\").className(\\\"android.widget.ImageView\\\")\")  File \"\\testcase\\firstcases\\testcase6_016.py\", line 28, in getElememt    element = driver.find_element_by_android_uiautomator(str)  File \"C:\\Python27\\lib\\site-packages\\appium\\webdriver\\webdriver.py\", line 156, in find_element_by_android_uiautomator    return self.find_element(by=By.ANDROID_UIAUTOMATOR, value=uia_string)  File \"C:\\Python27\\lib\\site-packages\\selenium\\webdriver\\remote\\webdriver.py\", line 957, in find_element    'value': value})['value']  File \"C:\\Python27\\lib\\site-packages\\selenium\\webdriver\\remote\\webdriver.py\", line 314, in execute    self.error_handler.check_response(response)  File \"C:\\Python27\\lib\\site-packages\\appium\\webdriver\\errorhandler.py\", line 29, in check_response    raise wdeNoSuchElementException: Message: An element could not be located on the page using the given search parameters."},{"firstjacocotime":0.52699995,"tagname":"6_017","firstexecutionsuccess":false,"firsttestcasepath":"\\testcase\\firstcases\\testcase6_017.py","firstconsumedtime":13.523,"firstlocpath":null,"firstcoveragepath":"\\coverage\\pwpreferencecoverage\\coverage0_6_017_pw.ec","firsterrorlog":"FAILstr(e):\t\tMessage: An element could not be located on the page using the given search parameters.repr(e):\tNoSuchElementException()Traceback (most recent call last):  File \"\\testcase\\firstcases\\testcase6_017.py\", line 66, in <module>    element = getElememt(driver, \"new UiSelector().resourceId(\\\"org.wikipedia:id\/voice_search_button\\\").className(\\\"android.widget.ImageView\\\")\")  File \"\\testcase\\firstcases\\testcase6_017.py\", line 28, in getElememt    element = driver.find_element_by_android_uiautomator(str)  File \"C:\\Python27\\lib\\site-packages\\appium\\webdriver\\webdriver.py\", line 156, in find_element_by_android_uiautomator    return self.find_element(by=By.ANDROID_UIAUTOMATOR, value=uia_string)  File \"C:\\Python27\\lib\\site-packages\\selenium\\webdriver\\remote\\webdriver.py\", line 957, in find_element    'value': value})['value']  File \"C:\\Python27\\lib\\site-packages\\selenium\\webdriver\\remote\\webdriver.py\", line 314, in execute    self.error_handler.check_response(response)  File \"C:\\Python27\\lib\\site-packages\\appium\\webdriver\\errorhandler.py\", line 29, in check_response    raise wdeNoSuchElementException: Message: An element could not be located on the page using the given search parameters."},{"firstjacocotime":0.5580001,"tagname":"6_018","firstexecutionsuccess":false,"firsttestcasepath":"\\testcase\\firstcases\\testcase6_018.py","firstconsumedtime":17.875,"firstlocpath":null,"firstcoveragepath":"\\coverage\\pwpreferencecoverage\\coverage0_6_018_pw.ec","firsterrorlog":"FAILstr(e):\t\tMessage: An element could not be located on the page using the given search parameters.repr(e):\tNoSuchElementException()Traceback (most recent call last):  File \"\\testcase\\firstcases\\testcase6_018.py\", line 68, in <module>    element = getElememt(driver, \"new UiSelector().resourceId(\\\"org.wikipedia:id\/icon\\\").className(\\\"android.widget.ImageView\\\")\")  File \"\\testcase\\firstcases\\testcase6_018.py\", line 28, in getElememt    element = driver.find_element_by_android_uiautomator(str)  File \"C:\\Python27\\lib\\site-packages\\appium\\webdriver\\webdriver.py\", line 156, in find_element_by_android_uiautomator    return self.find_element(by=By.ANDROID_UIAUTOMATOR, value=uia_string)  File \"C:\\Python27\\lib\\site-packages\\selenium\\webdriver\\remote\\webdriver.py\", line 957, in find_element    'value': value})['value']  File \"C:\\Python27\\lib\\site-packages\\selenium\\webdriver\\remote\\webdriver.py\", line 314, in execute    self.error_handler.check_response(response)  File \"C:\\Python27\\lib\\site-packages\\appium\\webdriver\\errorhandler.py\", line 29, in check_response    raise wdeNoSuchElementException: Message: An element could not be located on the page using the given search parameters."},{"firstjacocotime":44.966,"tagname":"4_020","firstexecutionsuccess":true,"firsttestcasepath":"\\testcase\\firstcases\\testcase4_020.py","firstconsumedtime":9.664,"firstlocpath":null,"firstcoveragepath":"\\coverage\\pwpreferencecoverage\\coverage0_4_020_pw.ec","firsterrorlog":null},{"firstjacocotime":0.5220001,"tagname":"6_019","firstexecutionsuccess":false,"firsttestcasepath":"\\testcase\\firstcases\\testcase6_019.py","firstconsumedtime":13.604,"firstlocpath":null,"firstcoveragepath":"\\coverage\\pwpreferencecoverage\\coverage0_6_019_pw.ec","firsterrorlog":"FAILstr(e):\t\tMessage: An element could not be located on the page using the given search parameters.repr(e):\tNoSuchElementException()Traceback (most recent call last):  File \"\\testcase\\firstcases\\testcase6_019.py\", line 66, in <module>    element = getElememt(driver, \"new UiSelector().resourceId(\\\"org.wikipedia:id\/icon\\\").className(\\\"android.widget.ImageView\\\")\")  File \"\\testcase\\firstcases\\testcase6_019.py\", line 28, in getElememt    element = driver.find_element_by_android_uiautomator(str)  File \"C:\\Python27\\lib\\site-packages\\appium\\webdriver\\webdriver.py\", line 156, in find_element_by_android_uiautomator    return self.find_element(by=By.ANDROID_UIAUTOMATOR, value=uia_string)  File \"C:\\Python27\\lib\\site-packages\\selenium\\webdriver\\remote\\webdriver.py\", line 957, in find_element    'value': value})['value']  File \"C:\\Python27\\lib\\site-packages\\selenium\\webdriver\\remote\\webdriver.py\", line 314, in execute    self.error_handler.check_response(response)  File \"C:\\Python27\\lib\\site-packages\\appium\\webdriver\\errorhandler.py\", line 29, in check_response    raise wdeNoSuchElementException: Message: An element could not be located on the page using the given search parameters."},{"firstjacocotime":0.546,"tagname":"4_021","firstexecutionsuccess":false,"firsttestcasepath":"\\testcase\\firstcases\\testcase4_021.py","firstconsumedtime":13.202,"firstlocpath":null,"firstcoveragepath":"\\coverage\\pwpreferencecoverage\\coverage0_4_021_pw.ec","firsterrorlog":"FAILstr(e):\t\tMessage: An element could not be located on the page using the given search parameters.repr(e):\tNoSuchElementException()Traceback (most recent call last):  File \"\\testcase\\firstcases\\testcase4_021.py\", line 66, in <module>    element = getElememt(driver, \"new UiSelector().resourceId(\\\"org.wikipedia:id\/icon\\\").className(\\\"android.widget.ImageView\\\")\")  File \"\\testcase\\firstcases\\testcase4_021.py\", line 28, in getElememt    element = driver.find_element_by_android_uiautomator(str)  File \"C:\\Python27\\lib\\site-packages\\appium\\webdriver\\webdriver.py\", line 156, in find_element_by_android_uiautomator    return self.find_element(by=By.ANDROID_UIAUTOMATOR, value=uia_string)  File \"C:\\Python27\\lib\\site-packages\\selenium\\webdriver\\remote\\webdriver.py\", line 957, in find_element    'value': value})['value']  File \"C:\\Python27\\lib\\site-packages\\selenium\\webdriver\\remote\\webdriver.py\", line 314, in execute    self.error_handler.check_response(response)  File \"C:\\Python27\\lib\\site-packages\\appium\\webdriver\\errorhandler.py\", line 29, in check_response    raise wdeNoSuchElementException: Message: An element could not be located on the page using the given search parameters."},{"firstjacocotime":0.54499984,"tagname":"6_012","firstexecutionsuccess":false,"firsttestcasepath":"\\testcase\\firstcases\\testcase6_012.py","firstconsumedtime":13.491,"firstlocpath":null,"firstcoveragepath":"\\coverage\\pwpreferencecoverage\\coverage0_6_012_pw.ec","firsterrorlog":"FAILstr(e):\t\tMessage: An element could not be located on the page using the given search parameters.repr(e):\tNoSuchElementException()Traceback (most recent call last):  File \"\\testcase\\firstcases\\testcase6_012.py\", line 66, in <module>    element = getElememt(driver, \"new UiSelector().resourceId(\\\"org.wikipedia:id\/icon\\\").className(\\\"android.widget.ImageView\\\")\")  File \"\\testcase\\firstcases\\testcase6_012.py\", line 28, in getElememt    element = driver.find_element_by_android_uiautomator(str)  File \"C:\\Python27\\lib\\site-packages\\appium\\webdriver\\webdriver.py\", line 156, in find_element_by_android_uiautomator    return self.find_element(by=By.ANDROID_UIAUTOMATOR, value=uia_string)  File \"C:\\Python27\\lib\\site-packages\\selenium\\webdriver\\remote\\webdriver.py\", line 957, in find_element    'value': value})['value']  File \"C:\\Python27\\lib\\site-packages\\selenium\\webdriver\\remote\\webdriver.py\", line 314, in execute    self.error_handler.check_response(response)  File \"C:\\Python27\\lib\\site-packages\\appium\\webdriver\\errorhandler.py\", line 29, in check_response    raise wdeNoSuchElementException: Message: An element could not be located on the page using the given search parameters."},{"firstjacocotime":0.5749998,"tagname":"4_022","firstexecutionsuccess":true,"firsttestcasepath":"\\testcase\\firstcases\\testcase4_022.py","firstconsumedtime":34.125,"firstlocpath":null,"firstcoveragepath":"\\coverage\\pwpreferencecoverage\\coverage0_4_022_pw.ec","firsterrorlog":null},{"firstjacocotime":0.56299996,"tagname":"6_013","firstexecutionsuccess":false,"firsttestcasepath":"\\testcase\\firstcases\\testcase6_013.py","firstconsumedtime":31.565,"firstlocpath":null,"firstcoveragepath":"\\coverage\\pwpreferencecoverage\\coverage0_6_013_pw.ec","firsterrorlog":"FAILstr(e):\t\tMessage: An element could not be located on the page using the given search parameters.repr(e):\tNoSuchElementException()Traceback (most recent call last):  File \"\\testcase\\firstcases\\testcase6_013.py\", line 70, in <module>    element = getElememt(driver, \"new UiSelector().resourceId(\\\"org.wikipedia:id\/view_static_card_icon\\\").className(\\\"android.widget.ImageView\\\")\")  File \"\\testcase\\firstcases\\testcase6_013.py\", line 28, in getElememt    element = driver.find_element_by_android_uiautomator(str)  File \"C:\\Python27\\lib\\site-packages\\appium\\webdriver\\webdriver.py\", line 156, in find_element_by_android_uiautomator    return self.find_element(by=By.ANDROID_UIAUTOMATOR, value=uia_string)  File \"C:\\Python27\\lib\\site-packages\\selenium\\webdriver\\remote\\webdriver.py\", line 957, in find_element    'value': value})['value']  File \"C:\\Python27\\lib\\site-packages\\selenium\\webdriver\\remote\\webdriver.py\", line 314, in execute    self.error_handler.check_response(response)  File \"C:\\Python27\\lib\\site-packages\\appium\\webdriver\\errorhandler.py\", line 29, in check_response    raise wdeNoSuchElementException: Message: An element could not be located on the page using the given search parameters."},{"firstjacocotime":0.53999996,"tagname":"4_023","firstexecutionsuccess":false,"firsttestcasepath":"\\testcase\\firstcases\\testcase4_023.py","firstconsumedtime":15.7300005,"firstlocpath":null,"firstcoveragepath":"\\coverage\\pwpreferencecoverage\\coverage0_4_023_pw.ec","firsterrorlog":"FAILstr(e):\t\tMessage: An element could not be located on the page using the given search parameters.repr(e):\tNoSuchElementException()Traceback (most recent call last):  File \"\\testcase\\firstcases\\testcase4_023.py\", line 66, in <module>    element = getElememt(driver, \"new UiSelector().resourceId(\\\"org.wikipedia:id\/icon\\\").className(\\\"android.widget.ImageView\\\")\")  File \"\\testcase\\firstcases\\testcase4_023.py\", line 28, in getElememt    element = driver.find_element_by_android_uiautomator(str)  File \"C:\\Python27\\lib\\site-packages\\appium\\webdriver\\webdriver.py\", line 156, in find_element_by_android_uiautomator    return self.find_element(by=By.ANDROID_UIAUTOMATOR, value=uia_string)  File \"C:\\Python27\\lib\\site-packages\\selenium\\webdriver\\remote\\webdriver.py\", line 957, in find_element    'value': value})['value']  File \"C:\\Python27\\lib\\site-packages\\selenium\\webdriver\\remote\\webdriver.py\", line 314, in execute    self.error_handler.check_response(response)  File \"C:\\Python27\\lib\\site-packages\\appium\\webdriver\\errorhandler.py\", line 29, in check_response    raise wdeNoSuchElementException: Message: An element could not be located on the page using the given search parameters."},{"firstjacocotime":0.5280001,"tagname":"6_014","firstexecutionsuccess":false,"firsttestcasepath":"\\testcase\\firstcases\\testcase6_014.py","firstconsumedtime":18.141,"firstlocpath":null,"firstcoveragepath":"\\coverage\\pwpreferencecoverage\\coverage0_6_014_pw.ec","firsterrorlog":"FAILstr(e):\t\tMessage: An element could not be located on the page using the given search parameters.repr(e):\tNoSuchElementException()Traceback (most recent call last):  File \"\\testcase\\firstcases\\testcase6_014.py\", line 68, in <module>    element = getElememt(driver, \"new UiSelector().className(\\\"android.widget.ImageView\\\").description(\\\"Search Wikipedia\\\")\")  File \"\\testcase\\firstcases\\testcase6_014.py\", line 28, in getElememt    element = driver.find_element_by_android_uiautomator(str)  File \"C:\\Python27\\lib\\site-packages\\appium\\webdriver\\webdriver.py\", line 156, in find_element_by_android_uiautomator    return self.find_element(by=By.ANDROID_UIAUTOMATOR, value=uia_string)  File \"C:\\Python27\\lib\\site-packages\\selenium\\webdriver\\remote\\webdriver.py\", line 957, in find_element    'value': value})['value']  File \"C:\\Python27\\lib\\site-packages\\selenium\\webdriver\\remote\\webdriver.py\", line 314, in execute    self.error_handler.check_response(response)  File \"C:\\Python27\\lib\\site-packages\\appium\\webdriver\\errorhandler.py\", line 29, in check_response    raise wdeNoSuchElementException: Message: An element could not be located on the page using the given search parameters."},{"firstjacocotime":0.53999996,"tagname":"4_024","firstexecutionsuccess":false,"firsttestcasepath":"\\testcase\\firstcases\\testcase4_024.py","firstconsumedtime":18.178,"firstlocpath":null,"firstcoveragepath":"\\coverage\\pwpreferencecoverage\\coverage0_4_024_pw.ec","firsterrorlog":"FAILstr(e):\t\tMessage: An element could not be located on the page using the given search parameters.repr(e):\tNoSuchElementException()Traceback (most recent call last):  File \"\\testcase\\firstcases\\testcase4_024.py\", line 68, in <module>    element = getElememt(driver, \"new UiSelector().resourceId(\\\"org.wikipedia:id\/menu_overflow_button\\\").className(\\\"android.widget.TextView\\\")\")  File \"\\testcase\\firstcases\\testcase4_024.py\", line 28, in getElememt    element = driver.find_element_by_android_uiautomator(str)  File \"C:\\Python27\\lib\\site-packages\\appium\\webdriver\\webdriver.py\", line 156, in find_element_by_android_uiautomator    return self.find_element(by=By.ANDROID_UIAUTOMATOR, value=uia_string)  File \"C:\\Python27\\lib\\site-packages\\selenium\\webdriver\\remote\\webdriver.py\", line 957, in find_element    'value': value})['value']  File \"C:\\Python27\\lib\\site-packages\\selenium\\webdriver\\remote\\webdriver.py\", line 314, in execute    self.error_handler.check_response(response)  File \"C:\\Python27\\lib\\site-packages\\appium\\webdriver\\errorhandler.py\", line 29, in check_response    raise wdeNoSuchElementException: Message: An element could not be located on the page using the given search parameters."},{"firstjacocotime":0.553,"tagname":"6_015","firstexecutionsuccess":false,"firsttestcasepath":"\\testcase\\firstcases\\testcase6_015.py","firstconsumedtime":18.714,"firstlocpath":null,"firstcoveragepath":"\\coverage\\pwpreferencecoverage\\coverage0_6_015_pw.ec","firsterrorlog":"FAILstr(e):\t\tMessage: An element could not be located on the page using the given search parameters.repr(e):\tNoSuchElementException()Traceback (most recent call last):  File \"\\testcase\\firstcases\\testcase6_015.py\", line 68, in <module>    element = getElememt(driver, \"new UiSelector().resourceId(\\\"org.wikipedia:id\/icon\\\").className(\\\"android.widget.ImageView\\\")\")  File \"\\testcase\\firstcases\\testcase6_015.py\", line 28, in getElememt    element = driver.find_element_by_android_uiautomator(str)  File \"C:\\Python27\\lib\\site-packages\\appium\\webdriver\\webdriver.py\", line 156, in find_element_by_android_uiautomator    return self.find_element(by=By.ANDROID_UIAUTOMATOR, value=uia_string)  File \"C:\\Python27\\lib\\site-packages\\selenium\\webdriver\\remote\\webdriver.py\", line 957, in find_element    'value': value})['value']  File \"C:\\Python27\\lib\\site-packages\\selenium\\webdriver\\remote\\webdriver.py\", line 314, in execute    self.error_handler.check_response(response)  File \"C:\\Python27\\lib\\site-packages\\appium\\webdriver\\errorhandler.py\", line 29, in check_response    raise wdeNoSuchElementException: Message: An element could not be located on the page using the given search parameters."},{"firstjacocotime":0.8310001,"tagname":"1_008","firstexecutionsuccess":false,"firsttestcasepath":"\\testcase\\firstcases\\testcase1_008.py","firstconsumedtime":15.231999,"firstlocpath":null,"firstcoveragepath":"\\coverage\\pwpreferencecoverage\\coverage0_1_008_pw.ec","firsterrorlog":"FAILstr(e):\t\tMessage: An element could not be located on the page using the given search parameters.repr(e):\tNoSuchElementException()Traceback (most recent call last):  File \"\\testcase\\firstcases\\testcase1_008.py\", line 66, in <module>    element = getElememt(driver, \"new UiSelector().resourceId(\\\"org.wikipedia:id\/menu_overflow_button\\\").className(\\\"android.widget.TextView\\\")\")  File \"\\testcase\\firstcases\\testcase1_008.py\", line 28, in getElememt    element = driver.find_element_by_android_uiautomator(str)  File \"C:\\Python27\\lib\\site-packages\\appium\\webdriver\\webdriver.py\", line 156, in find_element_by_android_uiautomator    return self.find_element(by=By.ANDROID_UIAUTOMATOR, value=uia_string)  File \"C:\\Python27\\lib\\site-packages\\selenium\\webdriver\\remote\\webdriver.py\", line 957, in find_element    'value': value})['value']  File \"C:\\Python27\\lib\\site-packages\\selenium\\webdriver\\remote\\webdriver.py\", line 314, in execute    self.error_handler.check_response(response)  File \"C:\\Python27\\lib\\site-packages\\appium\\webdriver\\errorhandler.py\", line 29, in check_response    raise wdeNoSuchElementException: Message: An element could not be located on the page using the given search parameters."},{"firstjacocotime":18.810999,"tagname":"1_009","firstexecutionsuccess":true,"firsttestcasepath":"\\testcase\\firstcases\\testcase1_009.py","firstconsumedtime":46.314,"firstlocpath":null,"firstcoveragepath":"\\coverage\\pwpreferencecoverage\\coverage0_1_009_pw.ec","firsterrorlog":null},{"firstjacocotime":0.704,"tagname":"1_006","firstexecutionsuccess":false,"firsttestcasepath":"\\testcase\\firstcases\\testcase1_006.py","firstconsumedtime":25.188,"firstlocpath":null,"firstcoveragepath":"\\coverage\\pwpreferencecoverage\\coverage0_1_006_pw.ec","firsterrorlog":"FAILstr(e):\t\tMessage: An element could not be located on the page using the given search parameters.repr(e):\tNoSuchElementException()Traceback (most recent call last):  File \"\\testcase\\firstcases\\testcase1_006.py\", line 70, in <module>    element = getElememt(driver, \"new UiSelector().resourceId(\\\"org.wikipedia:id\/view_static_card_icon\\\").className(\\\"android.widget.ImageView\\\")\")  File \"\\testcase\\firstcases\\testcase1_006.py\", line 28, in getElememt    element = driver.find_element_by_android_uiautomator(str)  File \"C:\\Python27\\lib\\site-packages\\appium\\webdriver\\webdriver.py\", line 156, in find_element_by_android_uiautomator    return self.find_element(by=By.ANDROID_UIAUTOMATOR, value=uia_string)  File \"C:\\Python27\\lib\\site-packages\\selenium\\webdriver\\remote\\webdriver.py\", line 957, in find_element    'value': value})['value']  File \"C:\\Python27\\lib\\site-packages\\selenium\\webdriver\\remote\\webdriver.py\", line 314, in execute    self.error_handler.check_response(response)  File \"C:\\Python27\\lib\\site-packages\\appium\\webdriver\\errorhandler.py\", line 29, in check_response    raise wdeNoSuchElementException: Message: An element could not be located on the page using the given search parameters."},{"firstjacocotime":0.928,"tagname":"1_007","firstexecutionsuccess":false,"firsttestcasepath":"\\testcase\\firstcases\\testcase1_007.py","firstconsumedtime":22.896,"firstlocpath":null,"firstcoveragepath":"\\coverage\\pwpreferencecoverage\\coverage0_1_007_pw.ec","firsterrorlog":"FAILstr(e):\t\tMessage: An element could not be located on the page using the given search parameters.repr(e):\tNoSuchElementException()Traceback (most recent call last):  File \"\\testcase\\firstcases\\testcase1_007.py\", line 69, in <module>    element = getElememt(driver, \"new UiSelector().resourceId(\\\"org.wikipedia:id\/icon\\\").className(\\\"android.widget.ImageView\\\")\")  File \"\\testcase\\firstcases\\testcase1_007.py\", line 28, in getElememt    element = driver.find_element_by_android_uiautomator(str)  File \"C:\\Python27\\lib\\site-packages\\appium\\webdriver\\webdriver.py\", line 156, in find_element_by_android_uiautomator    return self.find_element(by=By.ANDROID_UIAUTOMATOR, value=uia_string)  File \"C:\\Python27\\lib\\site-packages\\selenium\\webdriver\\remote\\webdriver.py\", line 957, in find_element    'value': value})['value']  File \"C:\\Python27\\lib\\site-packages\\selenium\\webdriver\\remote\\webdriver.py\", line 314, in execute    self.error_handler.check_response(response)  File \"C:\\Python27\\lib\\site-packages\\appium\\webdriver\\errorhandler.py\", line 29, in check_response    raise wdeNoSuchElementException: Message: An element could not be located on the page using the given search parameters."},{"firstjacocotime":57.406,"tagname":"1_004","firstexecutionsuccess":true,"firsttestcasepath":"\\testcase\\firstcases\\testcase1_004.py","firstconsumedtime":11.367001,"firstlocpath":null,"firstcoveragepath":"\\coverage\\pwpreferencecoverage\\coverage0_1_004_pw.ec","firsterrorlog":null},{"firstjacocotime":0.7180002,"tagname":"1_005","firstexecutionsuccess":false,"firsttestcasepath":"\\testcase\\firstcases\\testcase1_005.py","firstconsumedtime":14.8,"firstlocpath":null,"firstcoveragepath":"\\coverage\\pwpreferencecoverage\\coverage0_1_005_pw.ec","firsterrorlog":"FAILstr(e):\t\tMessage: An element could not be located on the page using the given search parameters.repr(e):\tNoSuchElementException()Traceback (most recent call last):  File \"\\testcase\\firstcases\\testcase1_005.py\", line 66, in <module>    element = getElememt(driver, \"new UiSelector().className(\\\"android.widget.ImageView\\\").description(\\\"Search Wikipedia\\\")\")  File \"\\testcase\\firstcases\\testcase1_005.py\", line 28, in getElememt    element = driver.find_element_by_android_uiautomator(str)  File \"C:\\Python27\\lib\\site-packages\\appium\\webdriver\\webdriver.py\", line 156, in find_element_by_android_uiautomator    return self.find_element(by=By.ANDROID_UIAUTOMATOR, value=uia_string)  File \"C:\\Python27\\lib\\site-packages\\selenium\\webdriver\\remote\\webdriver.py\", line 957, in find_element    'value': value})['value']  File \"C:\\Python27\\lib\\site-packages\\selenium\\webdriver\\remote\\webdriver.py\", line 314, in execute    self.error_handler.check_response(response)  File \"C:\\Python27\\lib\\site-packages\\appium\\webdriver\\errorhandler.py\", line 29, in check_response    raise wdeNoSuchElementException: Message: An element could not be located on the page using the given search parameters."},{"firstjacocotime":0.9069998,"tagname":"1_002","firstexecutionsuccess":false,"firsttestcasepath":"\\testcase\\firstcases\\testcase1_002.py","firstconsumedtime":19.786,"firstlocpath":null,"firstcoveragepath":"\\coverage\\pwpreferencecoverage\\coverage0_1_002_pw.ec","firsterrorlog":"FAILstr(e):\t\tMessage: An element could not be located on the page using the given search parameters.repr(e):\tNoSuchElementException()Traceback (most recent call last):  File \"\\testcase\\firstcases\\testcase1_002.py\", line 68, in <module>    element = getElememt(driver, \"new UiSelector().resourceId(\\\"org.wikipedia:id\/icon\\\").className(\\\"android.widget.ImageView\\\")\")  File \"\\testcase\\firstcases\\testcase1_002.py\", line 28, in getElememt    element = driver.find_element_by_android_uiautomator(str)  File \"C:\\Python27\\lib\\site-packages\\appium\\webdriver\\webdriver.py\", line 156, in find_element_by_android_uiautomator    return self.find_element(by=By.ANDROID_UIAUTOMATOR, value=uia_string)  File \"C:\\Python27\\lib\\site-packages\\selenium\\webdriver\\remote\\webdriver.py\", line 957, in find_element    'value': value})['value']  File \"C:\\Python27\\lib\\site-packages\\selenium\\webdriver\\remote\\webdriver.py\", line 314, in execute    self.error_handler.check_response(response)  File \"C:\\Python27\\lib\\site-packages\\appium\\webdriver\\errorhandler.py\", line 29, in check_response    raise wdeNoSuchElementException: Message: An element could not be located on the page using the given search parameters."},{"firstjacocotime":0.78799987,"tagname":"1_003","firstexecutionsuccess":false,"firsttestcasepath":"\\testcase\\firstcases\\testcase1_003.py","firstconsumedtime":19.674,"firstlocpath":null,"firstcoveragepath":"\\coverage\\pwpreferencecoverage\\coverage0_1_003_pw.ec","firsterrorlog":"FAILstr(e):\t\tMessage: An element could not be located on the page using the given search parameters.repr(e):\tNoSuchElementException()Traceback (most recent call last):  File \"\\testcase\\firstcases\\testcase1_003.py\", line 68, in <module>    element = getElememt(driver, \"new UiSelector().resourceId(\\\"org.wikipedia:id\/icon\\\").className(\\\"android.widget.ImageView\\\")\")  File \"\\testcase\\firstcases\\testcase1_003.py\", line 28, in getElememt    element = driver.find_element_by_android_uiautomator(str)  File \"C:\\Python27\\lib\\site-packages\\appium\\webdriver\\webdriver.py\", line 156, in find_element_by_android_uiautomator    return self.find_element(by=By.ANDROID_UIAUTOMATOR, value=uia_string)  File \"C:\\Python27\\lib\\site-packages\\selenium\\webdriver\\remote\\webdriver.py\", line 957, in find_element    'value': value})['value']  File \"C:\\Python27\\lib\\site-packages\\selenium\\webdriver\\remote\\webdriver.py\", line 314, in execute    self.error_handler.check_response(response)  File \"C:\\Python27\\lib\\site-packages\\appium\\webdriver\\errorhandler.py\", line 29, in check_response    raise wdeNoSuchElementException: Message: An element could not be located on the page using the given search parameters."},{"firstjacocotime":0.5439999,"tagname":"1_000","firstexecutionsuccess":false,"firsttestcasepath":"\\testcase\\firstcases\\testcase1_000.py","firstconsumedtime":18.749,"firstlocpath":null,"firstcoveragepath":"\\coverage\\pwpreferencecoverage\\coverage0_1_000_pw.ec","firsterrorlog":"FAILstr(e):\t\tMessage: An element could not be located on the page using the given search parameters.repr(e):\tNoSuchElementException()Traceback (most recent call last):  File \"\\testcase\\firstcases\\testcase1_000.py\", line 69, in <module>    element = getElememt(driver, \"new UiSelector().resourceId(\\\"org.wikipedia:id\/icon\\\").className(\\\"android.widget.ImageView\\\")\")  File \"\\testcase\\firstcases\\testcase1_000.py\", line 28, in getElememt    element = driver.find_element_by_android_uiautomator(str)  File \"C:\\Python27\\lib\\site-packages\\appium\\webdriver\\webdriver.py\", line 156, in find_element_by_android_uiautomator    return self.find_element(by=By.ANDROID_UIAUTOMATOR, value=uia_string)  File \"C:\\Python27\\lib\\site-packages\\selenium\\webdriver\\remote\\webdriver.py\", line 957, in find_element    'value': value})['value']  File \"C:\\Python27\\lib\\site-packages\\selenium\\webdriver\\remote\\webdriver.py\", line 314, in execute    self.error_handler.check_response(response)  File \"C:\\Python27\\lib\\site-packages\\appium\\webdriver\\errorhandler.py\", line 29, in check_response    raise wdeNoSuchElementException: Message: An element could not be located on the page using the given search parameters."},{"firstjacocotime":0.51,"tagname":"1_001","firstexecutionsuccess":false,"firsttestcasepath":"\\testcase\\firstcases\\testcase1_001.py","firstconsumedtime":13.318,"firstlocpath":null,"firstcoveragepath":"\\coverage\\pwpreferencecoverage\\coverage0_1_001_pw.ec","firsterrorlog":"FAILstr(e):\t\tMessage: An element could not be located on the page using the given search parameters.repr(e):\tNoSuchElementException()Traceback (most recent call last):  File \"\\testcase\\firstcases\\testcase1_001.py\", line 66, in <module>    element = getElememt(driver, \"new UiSelector().resourceId(\\\"org.wikipedia:id\/voice_search_button\\\").className(\\\"android.widget.ImageView\\\")\")  File \"\\testcase\\firstcases\\testcase1_001.py\", line 28, in getElememt    element = driver.find_element_by_android_uiautomator(str)  File \"C:\\Python27\\lib\\site-packages\\appium\\webdriver\\webdriver.py\", line 156, in find_element_by_android_uiautomator    return self.find_element(by=By.ANDROID_UIAUTOMATOR, value=uia_string)  File \"C:\\Python27\\lib\\site-packages\\selenium\\webdriver\\remote\\webdriver.py\", line 957, in find_element    'value': value})['value']  File \"C:\\Python27\\lib\\site-packages\\selenium\\webdriver\\remote\\webdriver.py\", line 314, in execute    self.error_handler.check_response(response)  File \"C:\\Python27\\lib\\site-packages\\appium\\webdriver\\errorhandler.py\", line 29, in check_response    raise wdeNoSuchElementException: Message: An element could not be located on the page using the given search parameters."}],"interestmap":[]}