{"testcasedatas":[{"firstjacocotime":10.055,"tagname":"2_027","firstexecutionsuccess":false,"firsttestcasepath":"\\testcase\\firstcases\\testcase2_027.py","firstconsumedtime":43.556,"firstlocpath":null,"firstcoveragepath":"\\coverage\\pwpreferencecoverage\\coverage2_2_027_pw.ec","firsterrorlog":"FAILstr(e):\t\tMessage: An element could not be located on the page using the given search parameters.repr(e):\tNoSuchElementException()Traceback (most recent call last):  File \"\\testcase\\firstcases\\testcase2_027.py\", line 84, in <module>    element = getElememt(driver, \"new UiSelector().className(\\\"android.widget.ImageButton\\\").description(\\\"Navigate up\\\")\")  File \"\\testcase\\firstcases\\testcase2_027.py\", line 28, in getElememt    element = driver.find_element_by_android_uiautomator(str)  File \"C:\\Python27\\lib\\site-packages\\appium\\webdriver\\webdriver.py\", line 156, in find_element_by_android_uiautomator    return self.find_element(by=By.ANDROID_UIAUTOMATOR, value=uia_string)  File \"C:\\Python27\\lib\\site-packages\\selenium\\webdriver\\remote\\webdriver.py\", line 957, in find_element    'value': value})['value']  File \"C:\\Python27\\lib\\site-packages\\selenium\\webdriver\\remote\\webdriver.py\", line 314, in execute    self.error_handler.check_response(response)  File \"C:\\Python27\\lib\\site-packages\\appium\\webdriver\\errorhandler.py\", line 29, in check_response    raise wdeNoSuchElementException: Message: An element could not be located on the page using the given search parameters."},{"firstjacocotime":12.484,"tagname":"2_028","firstexecutionsuccess":false,"firsttestcasepath":"\\testcase\\firstcases\\testcase2_028.py","firstconsumedtime":38.445,"firstlocpath":null,"firstcoveragepath":"\\coverage\\pwpreferencecoverage\\coverage2_2_028_pw.ec","firsterrorlog":"FAILstr(e):\t\tMessage: An element could not be located on the page using the given search parameters.repr(e):\tNoSuchElementException()Traceback (most recent call last):  File \"\\testcase\\firstcases\\testcase2_028.py\", line 87, in <module>    element = getElememt(driver, \"new UiSelector().className(\\\"android.widget.ImageButton\\\")\")  File \"\\testcase\\firstcases\\testcase2_028.py\", line 28, in getElememt    element = driver.find_element_by_android_uiautomator(str)  File \"C:\\Python27\\lib\\site-packages\\appium\\webdriver\\webdriver.py\", line 156, in find_element_by_android_uiautomator    return self.find_element(by=By.ANDROID_UIAUTOMATOR, value=uia_string)  File \"C:\\Python27\\lib\\site-packages\\selenium\\webdriver\\remote\\webdriver.py\", line 957, in find_element    'value': value})['value']  File \"C:\\Python27\\lib\\site-packages\\selenium\\webdriver\\remote\\webdriver.py\", line 314, in execute    self.error_handler.check_response(response)  File \"C:\\Python27\\lib\\site-packages\\appium\\webdriver\\errorhandler.py\", line 29, in check_response    raise wdeNoSuchElementException: Message: An element could not be located on the page using the given search parameters."},{"firstjacocotime":0.5839999,"tagname":"2_029","firstexecutionsuccess":false,"firsttestcasepath":"\\testcase\\firstcases\\testcase2_029.py","firstconsumedtime":62.178,"firstlocpath":null,"firstcoveragepath":"\\coverage\\pwpreferencecoverage\\coverage2_2_029_pw.ec","firsterrorlog":"FAILstr(e):\t\tMessage: An element could not be located on the page using the given search parameters.repr(e):\tNoSuchElementException()Traceback (most recent call last):  File \"\\testcase\\firstcases\\testcase2_029.py\", line 94, in <module>    element = getElememtBack(driver, \"new UiSelector().text(\\\"OK\\\")\", \"new UiSelector().className(\\\"android.widget.Button\\\")\")  File \"\\testcase\\firstcases\\testcase2_029.py\", line 47, in getElememtBack    element = driver.find_element_by_android_uiautomator(str2)  File \"C:\\Python27\\lib\\site-packages\\appium\\webdriver\\webdriver.py\", line 156, in find_element_by_android_uiautomator    return self.find_element(by=By.ANDROID_UIAUTOMATOR, value=uia_string)  File \"C:\\Python27\\lib\\site-packages\\selenium\\webdriver\\remote\\webdriver.py\", line 957, in find_element    'value': value})['value']  File \"C:\\Python27\\lib\\site-packages\\selenium\\webdriver\\remote\\webdriver.py\", line 314, in execute    self.error_handler.check_response(response)  File \"C:\\Python27\\lib\\site-packages\\appium\\webdriver\\errorhandler.py\", line 29, in check_response    raise wdeNoSuchElementException: Message: An element could not be located on the page using the given search parameters."},{"firstjacocotime":0.50900006,"tagname":"2_023","firstexecutionsuccess":true,"firsttestcasepath":"\\testcase\\firstcases\\testcase2_023.py","firstconsumedtime":58.006,"firstlocpath":null,"firstcoveragepath":"\\coverage\\pwpreferencecoverage\\coverage2_2_023_pw.ec","firsterrorlog":null},{"firstjacocotime":3.5149999,"tagname":"2_024","firstexecutionsuccess":false,"firsttestcasepath":"\\testcase\\firstcases\\testcase2_024.py","firstconsumedtime":38.427002,"firstlocpath":null,"firstcoveragepath":"\\coverage\\pwpreferencecoverage\\coverage2_2_024_pw.ec","firsterrorlog":"FAILstr(e):\t\tMessage: An element could not be located on the page using the given search parameters.repr(e):\tNoSuchElementException()Traceback (most recent call last):  File \"\\testcase\\firstcases\\testcase2_024.py\", line 76, in <module>    element = getElememt(driver, \"new UiSelector().className(\\\"android.widget.ImageView\\\").instance(13)\")  File \"\\testcase\\firstcases\\testcase2_024.py\", line 28, in getElememt    element = driver.find_element_by_android_uiautomator(str)  File \"C:\\Python27\\lib\\site-packages\\appium\\webdriver\\webdriver.py\", line 156, in find_element_by_android_uiautomator    return self.find_element(by=By.ANDROID_UIAUTOMATOR, value=uia_string)  File \"C:\\Python27\\lib\\site-packages\\selenium\\webdriver\\remote\\webdriver.py\", line 957, in find_element    'value': value})['value']  File \"C:\\Python27\\lib\\site-packages\\selenium\\webdriver\\remote\\webdriver.py\", line 314, in execute    self.error_handler.check_response(response)  File \"C:\\Python27\\lib\\site-packages\\appium\\webdriver\\errorhandler.py\", line 29, in check_response    raise wdeNoSuchElementException: Message: An element could not be located on the page using the given search parameters."},{"firstjacocotime":2.359,"tagname":"2_025","firstexecutionsuccess":false,"firsttestcasepath":"\\testcase\\firstcases\\testcase2_025.py","firstconsumedtime":45.165,"firstlocpath":null,"firstcoveragepath":"\\coverage\\pwpreferencecoverage\\coverage2_2_025_pw.ec","firsterrorlog":"FAILstr(e):\t\tMessage: An element could not be located on the page using the given search parameters.repr(e):\tNoSuchElementException()Traceback (most recent call last):  File \"\\testcase\\firstcases\\testcase2_025.py\", line 82, in <module>    element = getElememtBack(driver, \"new UiSelector().text(\\\"OK\\\")\", \"new UiSelector().className(\\\"android.widget.Button\\\").instance(1)\")  File \"\\testcase\\firstcases\\testcase2_025.py\", line 47, in getElememtBack    element = driver.find_element_by_android_uiautomator(str2)  File \"C:\\Python27\\lib\\site-packages\\appium\\webdriver\\webdriver.py\", line 156, in find_element_by_android_uiautomator    return self.find_element(by=By.ANDROID_UIAUTOMATOR, value=uia_string)  File \"C:\\Python27\\lib\\site-packages\\selenium\\webdriver\\remote\\webdriver.py\", line 957, in find_element    'value': value})['value']  File \"C:\\Python27\\lib\\site-packages\\selenium\\webdriver\\remote\\webdriver.py\", line 314, in execute    self.error_handler.check_response(response)  File \"C:\\Python27\\lib\\site-packages\\appium\\webdriver\\errorhandler.py\", line 29, in check_response    raise wdeNoSuchElementException: Message: An element could not be located on the page using the given search parameters."},{"firstjacocotime":34.134,"tagname":"2_026","firstexecutionsuccess":true,"firsttestcasepath":"\\testcase\\firstcases\\testcase2_026.py","firstconsumedtime":75.155,"firstlocpath":null,"firstcoveragepath":"\\coverage\\pwpreferencecoverage\\coverage2_2_026_pw.ec","firsterrorlog":null},{"firstjacocotime":39.945,"tagname":"2_020","firstexecutionsuccess":true,"firsttestcasepath":"\\testcase\\firstcases\\testcase2_020.py","firstconsumedtime":10.548,"firstlocpath":null,"firstcoveragepath":"\\coverage\\pwpreferencecoverage\\coverage2_2_020_pw.ec","firsterrorlog":null},{"firstjacocotime":0.5480001,"tagname":"2_021","firstexecutionsuccess":false,"firsttestcasepath":"\\testcase\\firstcases\\testcase2_021.py","firstconsumedtime":55.724,"firstlocpath":null,"firstcoveragepath":"\\coverage\\pwpreferencecoverage\\coverage2_2_021_pw.ec","firsterrorlog":"FAILstr(e):\t\tMessage: An element could not be located on the page using the given search parameters.repr(e):\tNoSuchElementException()Traceback (most recent call last):  File \"\\testcase\\firstcases\\testcase2_021.py\", line 78, in <module>    element = getElememt(driver, \"new UiSelector().resourceId(\\\"org.wikipedia:id\/icon\\\").className(\\\"android.widget.ImageView\\\")\")  File \"\\testcase\\firstcases\\testcase2_021.py\", line 28, in getElememt    element = driver.find_element_by_android_uiautomator(str)  File \"C:\\Python27\\lib\\site-packages\\appium\\webdriver\\webdriver.py\", line 156, in find_element_by_android_uiautomator    return self.find_element(by=By.ANDROID_UIAUTOMATOR, value=uia_string)  File \"C:\\Python27\\lib\\site-packages\\selenium\\webdriver\\remote\\webdriver.py\", line 957, in find_element    'value': value})['value']  File \"C:\\Python27\\lib\\site-packages\\selenium\\webdriver\\remote\\webdriver.py\", line 314, in execute    self.error_handler.check_response(response)  File \"C:\\Python27\\lib\\site-packages\\appium\\webdriver\\errorhandler.py\", line 29, in check_response    raise wdeNoSuchElementException: Message: An element could not be located on the page using the given search parameters."},{"firstjacocotime":29.243,"tagname":"2_022","firstexecutionsuccess":true,"firsttestcasepath":"\\testcase\\firstcases\\testcase2_022.py","firstconsumedtime":18.301,"firstlocpath":null,"firstcoveragepath":"\\coverage\\pwpreferencecoverage\\coverage2_2_022_pw.ec","firsterrorlog":null},{"firstjacocotime":50.334,"tagname":"2_016","firstexecutionsuccess":false,"firsttestcasepath":"\\testcase\\firstcases\\testcase2_016.py","firstconsumedtime":33.954,"firstlocpath":null,"firstcoveragepath":"\\coverage\\pwpreferencecoverage\\coverage2_2_016_pw.ec","firsterrorlog":"FAILstr(e):\t\tMessage: An element could not be located on the page using the given search parameters.repr(e):\tNoSuchElementException()Traceback (most recent call last):  File \"\\testcase\\firstcases\\testcase2_016.py\", line 79, in <module>    element = getElememt(driver, \"new UiSelector().resourceId(\\\"org.wikipedia:id\/search_empty_image\\\").className(\\\"android.widget.ImageView\\\")\")  File \"\\testcase\\firstcases\\testcase2_016.py\", line 28, in getElememt    element = driver.find_element_by_android_uiautomator(str)  File \"C:\\Python27\\lib\\site-packages\\appium\\webdriver\\webdriver.py\", line 156, in find_element_by_android_uiautomator    return self.find_element(by=By.ANDROID_UIAUTOMATOR, value=uia_string)  File \"C:\\Python27\\lib\\site-packages\\selenium\\webdriver\\remote\\webdriver.py\", line 957, in find_element    'value': value})['value']  File \"C:\\Python27\\lib\\site-packages\\selenium\\webdriver\\remote\\webdriver.py\", line 314, in execute    self.error_handler.check_response(response)  File \"C:\\Python27\\lib\\site-packages\\appium\\webdriver\\errorhandler.py\", line 29, in check_response    raise wdeNoSuchElementException: Message: An element could not be located on the page using the given search parameters."},{"firstjacocotime":24.31,"tagname":"2_017","firstexecutionsuccess":false,"firsttestcasepath":"\\testcase\\firstcases\\testcase2_017.py","firstconsumedtime":25.488,"firstlocpath":null,"firstcoveragepath":"\\coverage\\pwpreferencecoverage\\coverage2_2_017_pw.ec","firsterrorlog":"FAILstr(e):\t\tMessage: An element could not be located on the page using the given search parameters.repr(e):\tNoSuchElementException()Traceback (most recent call last):  File \"\\testcase\\firstcases\\testcase2_017.py\", line 73, in <module>    element = getElememt(driver, \"new UiSelector().className(\\\"android.widget.ImageButton\\\")\")  File \"\\testcase\\firstcases\\testcase2_017.py\", line 28, in getElememt    element = driver.find_element_by_android_uiautomator(str)  File \"C:\\Python27\\lib\\site-packages\\appium\\webdriver\\webdriver.py\", line 156, in find_element_by_android_uiautomator    return self.find_element(by=By.ANDROID_UIAUTOMATOR, value=uia_string)  File \"C:\\Python27\\lib\\site-packages\\selenium\\webdriver\\remote\\webdriver.py\", line 957, in find_element    'value': value})['value']  File \"C:\\Python27\\lib\\site-packages\\selenium\\webdriver\\remote\\webdriver.py\", line 314, in execute    self.error_handler.check_response(response)  File \"C:\\Python27\\lib\\site-packages\\appium\\webdriver\\errorhandler.py\", line 29, in check_response    raise wdeNoSuchElementException: Message: An element could not be located on the page using the given search parameters."},{"firstjacocotime":31.462,"tagname":"2_018","firstexecutionsuccess":true,"firsttestcasepath":"\\testcase\\firstcases\\testcase2_018.py","firstconsumedtime":14.146,"firstlocpath":null,"firstcoveragepath":"\\coverage\\pwpreferencecoverage\\coverage2_2_018_pw.ec","firsterrorlog":null},{"firstjacocotime":37.272,"tagname":"2_019","firstexecutionsuccess":true,"firsttestcasepath":"\\testcase\\firstcases\\testcase2_019.py","firstconsumedtime":10.102,"firstlocpath":null,"firstcoveragepath":"\\coverage\\pwpreferencecoverage\\coverage2_2_019_pw.ec","firsterrorlog":null},{"firstjacocotime":16.945,"tagname":"2_012","firstexecutionsuccess":false,"firsttestcasepath":"\\testcase\\firstcases\\testcase2_012.py","firstconsumedtime":90.017,"firstlocpath":null,"firstcoveragepath":"\\coverage\\pwpreferencecoverage\\coverage2_2_012_pw.ec","firsterrorlog":"FAILstr(e):\t\tMessage: An element could not be located on the page using the given search parameters.repr(e):\tNoSuchElementException()Traceback (most recent call last):  File \"\\testcase\\firstcases\\testcase2_012.py\", line 98, in <module>    element = getElememt(driver, \"new UiSelector().resourceId(\\\"org.wikipedia:id\/view_page_header_edit_pencil\\\").className(\\\"android.widget.ImageView\\\")\")  File \"\\testcase\\firstcases\\testcase2_012.py\", line 28, in getElememt    element = driver.find_element_by_android_uiautomator(str)  File \"C:\\Python27\\lib\\site-packages\\appium\\webdriver\\webdriver.py\", line 156, in find_element_by_android_uiautomator    return self.find_element(by=By.ANDROID_UIAUTOMATOR, value=uia_string)  File \"C:\\Python27\\lib\\site-packages\\selenium\\webdriver\\remote\\webdriver.py\", line 957, in find_element    'value': value})['value']  File \"C:\\Python27\\lib\\site-packages\\selenium\\webdriver\\remote\\webdriver.py\", line 314, in execute    self.error_handler.check_response(response)  File \"C:\\Python27\\lib\\site-packages\\appium\\webdriver\\errorhandler.py\", line 29, in check_response    raise wdeNoSuchElementException: Message: An element could not be located on the page using the given search parameters."},{"firstjacocotime":21.027,"tagname":"2_013","firstexecutionsuccess":false,"firsttestcasepath":"\\testcase\\firstcases\\testcase2_013.py","firstconsumedtime":29.989,"firstlocpath":null,"firstcoveragepath":"\\coverage\\pwpreferencecoverage\\coverage2_2_013_pw.ec","firsterrorlog":"FAILstr(e):\t\tMessage: An element could not be located on the page using the given search parameters.repr(e):\tNoSuchElementException()Traceback (most recent call last):  File \"\\testcase\\firstcases\\testcase2_013.py\", line 74, in <module>    element = getElememt(driver, \"new UiSelector().className(\\\"android.widget.ImageView\\\").description(\\\"Add this article to a reading list\\\")\")  File \"\\testcase\\firstcases\\testcase2_013.py\", line 28, in getElememt    element = driver.find_element_by_android_uiautomator(str)  File \"C:\\Python27\\lib\\site-packages\\appium\\webdriver\\webdriver.py\", line 156, in find_element_by_android_uiautomator    return self.find_element(by=By.ANDROID_UIAUTOMATOR, value=uia_string)  File \"C:\\Python27\\lib\\site-packages\\selenium\\webdriver\\remote\\webdriver.py\", line 957, in find_element    'value': value})['value']  File \"C:\\Python27\\lib\\site-packages\\selenium\\webdriver\\remote\\webdriver.py\", line 314, in execute    self.error_handler.check_response(response)  File \"C:\\Python27\\lib\\site-packages\\appium\\webdriver\\errorhandler.py\", line 29, in check_response    raise wdeNoSuchElementException: Message: An element could not be located on the page using the given search parameters."},{"firstjacocotime":39.988,"tagname":"2_014","firstexecutionsuccess":false,"firsttestcasepath":"\\testcase\\firstcases\\testcase2_014.py","firstconsumedtime":68.941,"firstlocpath":null,"firstcoveragepath":"\\coverage\\pwpreferencecoverage\\coverage2_2_014_pw.ec","firsterrorlog":"FAILstr(e):\t\tMessage: An element could not be located on the page using the given search parameters.repr(e):\tNoSuchElementException()Traceback (most recent call last):  File \"\\testcase\\firstcases\\testcase2_014.py\", line 102, in <module>    element = getElememt(driver, \"new UiSelector().resourceId(\\\"org.wikipedia:id\/recent_searches_delete_button\\\").className(\\\"android.widget.ImageView\\\")\")  File \"\\testcase\\firstcases\\testcase2_014.py\", line 28, in getElememt    element = driver.find_element_by_android_uiautomator(str)  File \"C:\\Python27\\lib\\site-packages\\appium\\webdriver\\webdriver.py\", line 156, in find_element_by_android_uiautomator    return self.find_element(by=By.ANDROID_UIAUTOMATOR, value=uia_string)  File \"C:\\Python27\\lib\\site-packages\\selenium\\webdriver\\remote\\webdriver.py\", line 957, in find_element    'value': value})['value']  File \"C:\\Python27\\lib\\site-packages\\selenium\\webdriver\\remote\\webdriver.py\", line 314, in execute    self.error_handler.check_response(response)  File \"C:\\Python27\\lib\\site-packages\\appium\\webdriver\\errorhandler.py\", line 29, in check_response    raise wdeNoSuchElementException: Message: An element could not be located on the page using the given search parameters."},{"firstjacocotime":0.53999996,"tagname":"2_015","firstexecutionsuccess":false,"firsttestcasepath":"\\testcase\\firstcases\\testcase2_015.py","firstconsumedtime":39.965,"firstlocpath":null,"firstcoveragepath":"\\coverage\\pwpreferencecoverage\\coverage2_2_015_pw.ec","firsterrorlog":"FAILstr(e):\t\tMessage: An element could not be located on the page using the given search parameters.repr(e):\tNoSuchElementException()Traceback (most recent call last):  File \"\\testcase\\firstcases\\testcase2_015.py\", line 83, in <module>    TouchAction(driver).tap(element).perform()  File \"C:\\Python27\\lib\\site-packages\\appium\\webdriver\\common\\touch_action.py\", line 94, in perform    self._driver.execute(Command.TOUCH_ACTION, params)  File \"C:\\Python27\\lib\\site-packages\\selenium\\webdriver\\remote\\webdriver.py\", line 314, in execute    self.error_handler.check_response(response)  File \"C:\\Python27\\lib\\site-packages\\appium\\webdriver\\errorhandler.py\", line 29, in check_response    raise wdeNoSuchElementException: Message: An element could not be located on the page using the given search parameters."},{"firstjacocotime":39.849,"tagname":"2_010","firstexecutionsuccess":true,"firsttestcasepath":"\\testcase\\firstcases\\testcase2_010.py","firstconsumedtime":10.328,"firstlocpath":null,"firstcoveragepath":"\\coverage\\pwpreferencecoverage\\coverage2_2_010_pw.ec","firsterrorlog":null},{"firstjacocotime":0.5940001,"tagname":"2_011","firstexecutionsuccess":false,"firsttestcasepath":"\\testcase\\firstcases\\testcase2_011.py","firstconsumedtime":43.31,"firstlocpath":null,"firstcoveragepath":"\\coverage\\pwpreferencecoverage\\coverage2_2_011_pw.ec","firsterrorlog":"FAILstr(e):\t\tMessage: An element could not be located on the page using the given search parameters.repr(e):\tNoSuchElementException()Traceback (most recent call last):  File \"\\testcase\\firstcases\\testcase2_011.py\", line 82, in <module>    element = getElememt(driver, \"new UiSelector().resourceId(\\\"org.wikipedia:id\/view_page_header_edit_pencil\\\").className(\\\"android.widget.ImageView\\\")\")  File \"\\testcase\\firstcases\\testcase2_011.py\", line 28, in getElememt    element = driver.find_element_by_android_uiautomator(str)  File \"C:\\Python27\\lib\\site-packages\\appium\\webdriver\\webdriver.py\", line 156, in find_element_by_android_uiautomator    return self.find_element(by=By.ANDROID_UIAUTOMATOR, value=uia_string)  File \"C:\\Python27\\lib\\site-packages\\selenium\\webdriver\\remote\\webdriver.py\", line 957, in find_element    'value': value})['value']  File \"C:\\Python27\\lib\\site-packages\\selenium\\webdriver\\remote\\webdriver.py\", line 314, in execute    self.error_handler.check_response(response)  File \"C:\\Python27\\lib\\site-packages\\appium\\webdriver\\errorhandler.py\", line 29, in check_response    raise wdeNoSuchElementException: Message: An element could not be located on the page using the given search parameters."},{"firstjacocotime":0.5350001,"tagname":"5_000","firstexecutionsuccess":true,"firsttestcasepath":"\\testcase\\firstcases\\testcase5_000.py","firstconsumedtime":54.106,"firstlocpath":null,"firstcoveragepath":"\\coverage\\pwpreferencecoverage\\coverage2_5_000_pw.ec","firsterrorlog":null},{"firstjacocotime":0.579,"tagname":"5_001","firstexecutionsuccess":false,"firsttestcasepath":"\\testcase\\firstcases\\testcase5_001.py","firstconsumedtime":66.979,"firstlocpath":null,"firstcoveragepath":"\\coverage\\pwpreferencecoverage\\coverage2_5_001_pw.ec","firsterrorlog":"FAILstr(e):\t\tMessage: An element could not be located on the page using the given search parameters.repr(e):\tNoSuchElementException()Traceback (most recent call last):  File \"\\testcase\\firstcases\\testcase5_001.py\", line 105, in <module>    element = getElememt(driver, \"new UiSelector().resourceId(\\\"org.wikipedia:id\/find_in_page_next\\\").className(\\\"android.widget.ImageView\\\")\")  File \"\\testcase\\firstcases\\testcase5_001.py\", line 28, in getElememt    element = driver.find_element_by_android_uiautomator(str)  File \"C:\\Python27\\lib\\site-packages\\appium\\webdriver\\webdriver.py\", line 156, in find_element_by_android_uiautomator    return self.find_element(by=By.ANDROID_UIAUTOMATOR, value=uia_string)  File \"C:\\Python27\\lib\\site-packages\\selenium\\webdriver\\remote\\webdriver.py\", line 957, in find_element    'value': value})['value']  File \"C:\\Python27\\lib\\site-packages\\selenium\\webdriver\\remote\\webdriver.py\", line 314, in execute    self.error_handler.check_response(response)  File \"C:\\Python27\\lib\\site-packages\\appium\\webdriver\\errorhandler.py\", line 29, in check_response    raise wdeNoSuchElementException: Message: An element could not be located on the page using the given search parameters."},{"firstjacocotime":41.914,"tagname":"5_008","firstexecutionsuccess":true,"firsttestcasepath":"\\testcase\\firstcases\\testcase5_008.py","firstconsumedtime":10.408,"firstlocpath":null,"firstcoveragepath":"\\coverage\\pwpreferencecoverage\\coverage2_5_008_pw.ec","firsterrorlog":null},{"firstjacocotime":46.059002,"tagname":"5_009","firstexecutionsuccess":false,"firsttestcasepath":"\\testcase\\firstcases\\testcase5_009.py","firstconsumedtime":61.334,"firstlocpath":null,"firstcoveragepath":"\\coverage\\pwpreferencecoverage\\coverage2_5_009_pw.ec","firsterrorlog":"FAILstr(e):\t\tMessage: An element could not be located on the page using the given search parameters.repr(e):\tNoSuchElementException()Traceback (most recent call last):  File \"\\testcase\\firstcases\\testcase5_009.py\", line 104, in <module>    element = getElememt(driver, \"new UiSelector().resourceId(\\\"org.wikipedia:id\/view_list_card_item_menu\\\").className(\\\"android.widget.ImageView\\\")\")  File \"\\testcase\\firstcases\\testcase5_009.py\", line 28, in getElememt    element = driver.find_element_by_android_uiautomator(str)  File \"C:\\Python27\\lib\\site-packages\\appium\\webdriver\\webdriver.py\", line 156, in find_element_by_android_uiautomator    return self.find_element(by=By.ANDROID_UIAUTOMATOR, value=uia_string)  File \"C:\\Python27\\lib\\site-packages\\selenium\\webdriver\\remote\\webdriver.py\", line 957, in find_element    'value': value})['value']  File \"C:\\Python27\\lib\\site-packages\\selenium\\webdriver\\remote\\webdriver.py\", line 314, in execute    self.error_handler.check_response(response)  File \"C:\\Python27\\lib\\site-packages\\appium\\webdriver\\errorhandler.py\", line 29, in check_response    raise wdeNoSuchElementException: Message: An element could not be located on the page using the given search parameters."},{"firstjacocotime":50.813,"tagname":"5_006","firstexecutionsuccess":true,"firsttestcasepath":"\\testcase\\firstcases\\testcase5_006.py","firstconsumedtime":28.761,"firstlocpath":null,"firstcoveragepath":"\\coverage\\pwpreferencecoverage\\coverage2_5_006_pw.ec","firsterrorlog":null},{"firstjacocotime":34.13,"tagname":"5_007","firstexecutionsuccess":true,"firsttestcasepath":"\\testcase\\firstcases\\testcase5_007.py","firstconsumedtime":14.859,"firstlocpath":null,"firstcoveragepath":"\\coverage\\pwpreferencecoverage\\coverage2_5_007_pw.ec","firsterrorlog":null},{"firstjacocotime":48.525,"tagname":"5_004","firstexecutionsuccess":true,"firsttestcasepath":"\\testcase\\firstcases\\testcase5_004.py","firstconsumedtime":58.531,"firstlocpath":null,"firstcoveragepath":"\\coverage\\pwpreferencecoverage\\coverage2_5_004_pw.ec","firsterrorlog":null},{"firstjacocotime":0.5189998,"tagname":"5_005","firstexecutionsuccess":false,"firsttestcasepath":"\\testcase\\firstcases\\testcase5_005.py","firstconsumedtime":41.822,"firstlocpath":null,"firstcoveragepath":"\\coverage\\pwpreferencecoverage\\coverage2_5_005_pw.ec","firsterrorlog":"FAILstr(e):\t\tMessage: An element could not be located on the page using the given search parameters.repr(e):\tNoSuchElementException()Traceback (most recent call last):  File \"\\testcase\\firstcases\\testcase5_005.py\", line 77, in <module>    element = getElememt(driver, \"new UiSelector().resourceId(\\\"org.wikipedia:id\/icon\\\").className(\\\"android.widget.ImageView\\\")\")  File \"\\testcase\\firstcases\\testcase5_005.py\", line 28, in getElememt    element = driver.find_element_by_android_uiautomator(str)  File \"C:\\Python27\\lib\\site-packages\\appium\\webdriver\\webdriver.py\", line 156, in find_element_by_android_uiautomator    return self.find_element(by=By.ANDROID_UIAUTOMATOR, value=uia_string)  File \"C:\\Python27\\lib\\site-packages\\selenium\\webdriver\\remote\\webdriver.py\", line 957, in find_element    'value': value})['value']  File \"C:\\Python27\\lib\\site-packages\\selenium\\webdriver\\remote\\webdriver.py\", line 314, in execute    self.error_handler.check_response(response)  File \"C:\\Python27\\lib\\site-packages\\appium\\webdriver\\errorhandler.py\", line 29, in check_response    raise wdeNoSuchElementException: Message: An element could not be located on the page using the given search parameters."},{"firstjacocotime":0.5649998,"tagname":"5_002","firstexecutionsuccess":true,"firsttestcasepath":"\\testcase\\firstcases\\testcase5_002.py","firstconsumedtime":32.557,"firstlocpath":null,"firstcoveragepath":"\\coverage\\pwpreferencecoverage\\coverage2_5_002_pw.ec","firsterrorlog":null},{"firstjacocotime":24.945,"tagname":"5_003","firstexecutionsuccess":false,"firsttestcasepath":"\\testcase\\firstcases\\testcase5_003.py","firstconsumedtime":60.001,"firstlocpath":null,"firstcoveragepath":"\\coverage\\pwpreferencecoverage\\coverage2_5_003_pw.ec","firsterrorlog":"FAILstr(e):\t\tMessage: An element could not be located on the page using the given search parameters.repr(e):\tNoSuchElementException()Traceback (most recent call last):  File \"\\testcase\\firstcases\\testcase5_003.py\", line 86, in <module>    element = getElememt(driver, \"new UiSelector().className(\\\"android.widget.ImageButton\\\").description(\\\"Navigate up\\\")\")  File \"\\testcase\\firstcases\\testcase5_003.py\", line 28, in getElememt    element = driver.find_element_by_android_uiautomator(str)  File \"C:\\Python27\\lib\\site-packages\\appium\\webdriver\\webdriver.py\", line 156, in find_element_by_android_uiautomator    return self.find_element(by=By.ANDROID_UIAUTOMATOR, value=uia_string)  File \"C:\\Python27\\lib\\site-packages\\selenium\\webdriver\\remote\\webdriver.py\", line 957, in find_element    'value': value})['value']  File \"C:\\Python27\\lib\\site-packages\\selenium\\webdriver\\remote\\webdriver.py\", line 314, in execute    self.error_handler.check_response(response)  File \"C:\\Python27\\lib\\site-packages\\appium\\webdriver\\errorhandler.py\", line 29, in check_response    raise wdeNoSuchElementException: Message: An element could not be located on the page using the given search parameters."},{"firstjacocotime":22.562,"tagname":"2_009","firstexecutionsuccess":false,"firsttestcasepath":"\\testcase\\firstcases\\testcase2_009.py","firstconsumedtime":31.259,"firstlocpath":null,"firstcoveragepath":"\\coverage\\pwpreferencecoverage\\coverage2_2_009_pw.ec","firsterrorlog":"FAILstr(e):\t\tMessage: An element could not be located on the page using the given search parameters.repr(e):\tNoSuchElementException()Traceback (most recent call last):  File \"\\testcase\\firstcases\\testcase2_009.py\", line 78, in <module>    element = getElememt(driver, \"new UiSelector().resourceId(\\\"org.wikipedia:id\/search_close_btn\\\").className(\\\"android.widget.ImageView\\\")\")  File \"\\testcase\\firstcases\\testcase2_009.py\", line 28, in getElememt    element = driver.find_element_by_android_uiautomator(str)  File \"C:\\Python27\\lib\\site-packages\\appium\\webdriver\\webdriver.py\", line 156, in find_element_by_android_uiautomator    return self.find_element(by=By.ANDROID_UIAUTOMATOR, value=uia_string)  File \"C:\\Python27\\lib\\site-packages\\selenium\\webdriver\\remote\\webdriver.py\", line 957, in find_element    'value': value})['value']  File \"C:\\Python27\\lib\\site-packages\\selenium\\webdriver\\remote\\webdriver.py\", line 314, in execute    self.error_handler.check_response(response)  File \"C:\\Python27\\lib\\site-packages\\appium\\webdriver\\errorhandler.py\", line 29, in check_response    raise wdeNoSuchElementException: Message: An element could not be located on the page using the given search parameters."},{"firstjacocotime":32.212,"tagname":"2_005","firstexecutionsuccess":false,"firsttestcasepath":"\\testcase\\firstcases\\testcase2_005.py","firstconsumedtime":20.122,"firstlocpath":null,"firstcoveragepath":"\\coverage\\pwpreferencecoverage\\coverage2_2_005_pw.ec","firsterrorlog":"FAILstr(e):\t\tMessage: An element could not be located on the page using the given search parameters.repr(e):\tNoSuchElementException()Traceback (most recent call last):  File \"\\testcase\\firstcases\\testcase2_005.py\", line 68, in <module>    element = getElememt(driver, \"new UiSelector().resourceId(\\\"org.wikipedia:id\/icon\\\").className(\\\"android.widget.ImageView\\\")\")  File \"\\testcase\\firstcases\\testcase2_005.py\", line 28, in getElememt    element = driver.find_element_by_android_uiautomator(str)  File \"C:\\Python27\\lib\\site-packages\\appium\\webdriver\\webdriver.py\", line 156, in find_element_by_android_uiautomator    return self.find_element(by=By.ANDROID_UIAUTOMATOR, value=uia_string)  File \"C:\\Python27\\lib\\site-packages\\selenium\\webdriver\\remote\\webdriver.py\", line 957, in find_element    'value': value})['value']  File \"C:\\Python27\\lib\\site-packages\\selenium\\webdriver\\remote\\webdriver.py\", line 314, in execute    self.error_handler.check_response(response)  File \"C:\\Python27\\lib\\site-packages\\appium\\webdriver\\errorhandler.py\", line 29, in check_response    raise wdeNoSuchElementException: Message: An element could not be located on the page using the given search parameters."},{"firstjacocotime":0.53,"tagname":"2_006","firstexecutionsuccess":false,"firsttestcasepath":"\\testcase\\firstcases\\testcase2_006.py","firstconsumedtime":45.133,"firstlocpath":null,"firstcoveragepath":"\\coverage\\pwpreferencecoverage\\coverage2_2_006_pw.ec","firsterrorlog":"FAILstr(e):\t\tMessage: An element could not be located on the page using the given search parameters.repr(e):\tNoSuchElementException()Traceback (most recent call last):  File \"\\testcase\\firstcases\\testcase2_006.py\", line 84, in <module>    TouchAction(driver).long_press(element).release().perform()  File \"C:\\Python27\\lib\\site-packages\\appium\\webdriver\\common\\touch_action.py\", line 94, in perform    self._driver.execute(Command.TOUCH_ACTION, params)  File \"C:\\Python27\\lib\\site-packages\\selenium\\webdriver\\remote\\webdriver.py\", line 314, in execute    self.error_handler.check_response(response)  File \"C:\\Python27\\lib\\site-packages\\appium\\webdriver\\errorhandler.py\", line 29, in check_response    raise wdeNoSuchElementException: Message: An element could not be located on the page using the given search parameters."},{"firstjacocotime":0.9489999,"tagname":"preference_pre","firstexecutionsuccess":false,"firsttestcasepath":"\\testcase\\pwpreferencecases\\PW_pre_2_log.py","firstconsumedtime":123.504,"firstlocpath":null,"firstcoveragepath":"\\coverage\\pwpreferencecoverage\\coverage2_preference_pre_pw.ec","firsterrorlog":"FAILstr(e):\t\t'NoneType' object has no attribute 'click'repr(e):\tAttributeError(\"'NoneType' object has no attribute 'click'\",)Traceback (most recent call last):  File \"\\testcase\\pwpreferencecases\\PW_pre_2_log.py\", line 127, in <module>    scrollToFindElement(driver, \"new UiSelector().text(\\\"Download only over Wi-Fi\\\")\").click()AttributeError: 'NoneType' object has no attribute 'click'"},{"firstjacocotime":48.047,"tagname":"2_007","firstexecutionsuccess":true,"firsttestcasepath":"\\testcase\\firstcases\\testcase2_007.py","firstconsumedtime":9.618,"firstlocpath":null,"firstcoveragepath":"\\coverage\\pwpreferencecoverage\\coverage2_2_007_pw.ec","firsterrorlog":null},{"firstjacocotime":43.209,"tagname":"2_008","firstexecutionsuccess":true,"firsttestcasepath":"\\testcase\\firstcases\\testcase2_008.py","firstconsumedtime":10.325,"firstlocpath":null,"firstcoveragepath":"\\coverage\\pwpreferencecoverage\\coverage2_2_008_pw.ec","firsterrorlog":null},{"firstjacocotime":0.60899997,"tagname":"2_001","firstexecutionsuccess":true,"firsttestcasepath":"\\testcase\\firstcases\\testcase2_001.py","firstconsumedtime":40.4,"firstlocpath":null,"firstcoveragepath":"\\coverage\\pwpreferencecoverage\\coverage2_2_001_pw.ec","firsterrorlog":null},{"firstjacocotime":0.55400014,"tagname":"2_002","firstexecutionsuccess":false,"firsttestcasepath":"\\testcase\\firstcases\\testcase2_002.py","firstconsumedtime":50.828,"firstlocpath":null,"firstcoveragepath":"\\coverage\\pwpreferencecoverage\\coverage2_2_002_pw.ec","firsterrorlog":"FAILstr(e):\t\tMessage: An element could not be located on the page using the given search parameters.repr(e):\tNoSuchElementException()Traceback (most recent call last):  File \"\\testcase\\firstcases\\testcase2_002.py\", line 81, in <module>    element = getElememt(driver, \"new UiSelector().resourceId(\\\"org.wikipedia:id\/view_page_header_image_placeholder\\\").className(\\\"android.widget.ImageView\\\")\")  File \"\\testcase\\firstcases\\testcase2_002.py\", line 28, in getElememt    element = driver.find_element_by_android_uiautomator(str)  File \"C:\\Python27\\lib\\site-packages\\appium\\webdriver\\webdriver.py\", line 156, in find_element_by_android_uiautomator    return self.find_element(by=By.ANDROID_UIAUTOMATOR, value=uia_string)  File \"C:\\Python27\\lib\\site-packages\\selenium\\webdriver\\remote\\webdriver.py\", line 957, in find_element    'value': value})['value']  File \"C:\\Python27\\lib\\site-packages\\selenium\\webdriver\\remote\\webdriver.py\", line 314, in execute    self.error_handler.check_response(response)  File \"C:\\Python27\\lib\\site-packages\\appium\\webdriver\\errorhandler.py\", line 29, in check_response    raise wdeNoSuchElementException: Message: An element could not be located on the page using the given search parameters."},{"firstjacocotime":0.5350001,"tagname":"2_003","firstexecutionsuccess":true,"firsttestcasepath":"\\testcase\\firstcases\\testcase2_003.py","firstconsumedtime":64.077,"firstlocpath":null,"firstcoveragepath":"\\coverage\\pwpreferencecoverage\\coverage2_2_003_pw.ec","firsterrorlog":null},{"firstjacocotime":39.474,"tagname":"2_004","firstexecutionsuccess":false,"firsttestcasepath":"\\testcase\\firstcases\\testcase2_004.py","firstconsumedtime":61.652,"firstlocpath":null,"firstcoveragepath":"\\coverage\\pwpreferencecoverage\\coverage2_2_004_pw.ec","firsterrorlog":"FAILstr(e):\t\tMessage: An element could not be located on the page using the given search parameters.repr(e):\tNoSuchElementException()Traceback (most recent call last):  File \"\\testcase\\firstcases\\testcase2_004.py\", line 92, in <module>    element = getElememt(driver, \"new UiSelector().resourceId(\\\"org.wikipedia:id\/action_mode_close_button\\\").className(\\\"android.widget.ImageView\\\")\")  File \"\\testcase\\firstcases\\testcase2_004.py\", line 28, in getElememt    element = driver.find_element_by_android_uiautomator(str)  File \"C:\\Python27\\lib\\site-packages\\appium\\webdriver\\webdriver.py\", line 156, in find_element_by_android_uiautomator    return self.find_element(by=By.ANDROID_UIAUTOMATOR, value=uia_string)  File \"C:\\Python27\\lib\\site-packages\\selenium\\webdriver\\remote\\webdriver.py\", line 957, in find_element    'value': value})['value']  File \"C:\\Python27\\lib\\site-packages\\selenium\\webdriver\\remote\\webdriver.py\", line 314, in execute    self.error_handler.check_response(response)  File \"C:\\Python27\\lib\\site-packages\\appium\\webdriver\\errorhandler.py\", line 29, in check_response    raise wdeNoSuchElementException: Message: An element could not be located on the page using the given search parameters."},{"firstjacocotime":5.7780004,"tagname":"2_000","firstexecutionsuccess":false,"firsttestcasepath":"\\testcase\\firstcases\\testcase2_000.py","firstconsumedtime":42.985,"firstlocpath":null,"firstcoveragepath":"\\coverage\\pwpreferencecoverage\\coverage2_2_000_pw.ec","firsterrorlog":"FAILstr(e):\t\tMessage: An element could not be located on the page using the given search parameters.repr(e):\tNoSuchElementException()Traceback (most recent call last):  File \"\\testcase\\firstcases\\testcase2_000.py\", line 82, in <module>    element = getElememt(driver, \"new UiSelector().resourceId(\\\"org.wikipedia:id\/random_save_button\\\").className(\\\"android.widget.ImageView\\\")\")  File \"\\testcase\\firstcases\\testcase2_000.py\", line 28, in getElememt    element = driver.find_element_by_android_uiautomator(str)  File \"C:\\Python27\\lib\\site-packages\\appium\\webdriver\\webdriver.py\", line 156, in find_element_by_android_uiautomator    return self.find_element(by=By.ANDROID_UIAUTOMATOR, value=uia_string)  File \"C:\\Python27\\lib\\site-packages\\selenium\\webdriver\\remote\\webdriver.py\", line 957, in find_element    'value': value})['value']  File \"C:\\Python27\\lib\\site-packages\\selenium\\webdriver\\remote\\webdriver.py\", line 314, in execute    self.error_handler.check_response(response)  File \"C:\\Python27\\lib\\site-packages\\appium\\webdriver\\errorhandler.py\", line 29, in check_response    raise wdeNoSuchElementException: Message: An element could not be located on the page using the given search parameters."},{"firstjacocotime":49.472,"tagname":"5_011","firstexecutionsuccess":false,"firsttestcasepath":"\\testcase\\firstcases\\testcase5_011.py","firstconsumedtime":59.812,"firstlocpath":null,"firstcoveragepath":"\\coverage\\pwpreferencecoverage\\coverage2_5_011_pw.ec","firsterrorlog":"FAILstr(e):\t\tMessage: An element could not be located on the page using the given search parameters.repr(e):\tNoSuchElementException()Traceback (most recent call last):  File \"\\testcase\\firstcases\\testcase5_011.py\", line 90, in <module>    element = getElememt(driver, \"new UiSelector().resourceId(\\\"org.wikipedia:id\/search_close_btn\\\").className(\\\"android.widget.ImageView\\\")\")  File \"\\testcase\\firstcases\\testcase5_011.py\", line 28, in getElememt    element = driver.find_element_by_android_uiautomator(str)  File \"C:\\Python27\\lib\\site-packages\\appium\\webdriver\\webdriver.py\", line 156, in find_element_by_android_uiautomator    return self.find_element(by=By.ANDROID_UIAUTOMATOR, value=uia_string)  File \"C:\\Python27\\lib\\site-packages\\selenium\\webdriver\\remote\\webdriver.py\", line 957, in find_element    'value': value})['value']  File \"C:\\Python27\\lib\\site-packages\\selenium\\webdriver\\remote\\webdriver.py\", line 314, in execute    self.error_handler.check_response(response)  File \"C:\\Python27\\lib\\site-packages\\appium\\webdriver\\errorhandler.py\", line 29, in check_response    raise wdeNoSuchElementException: Message: An element could not be located on the page using the given search parameters."},{"firstjacocotime":0.55600023,"tagname":"5_012","firstexecutionsuccess":false,"firsttestcasepath":"\\testcase\\firstcases\\testcase5_012.py","firstconsumedtime":53.072998,"firstlocpath":null,"firstcoveragepath":"\\coverage\\pwpreferencecoverage\\coverage2_5_012_pw.ec","firsterrorlog":"FAILstr(e):\t\tMessage: An element could not be located on the page using the given search parameters.repr(e):\tNoSuchElementException()Traceback (most recent call last):  File \"\\testcase\\firstcases\\testcase5_012.py\", line 82, in <module>    element = getElememt(driver, \"new UiSelector().resourceId(\\\"org.wikipedia:id\/view_page_header_edit_pencil\\\").className(\\\"android.widget.ImageView\\\")\")  File \"\\testcase\\firstcases\\testcase5_012.py\", line 28, in getElememt    element = driver.find_element_by_android_uiautomator(str)  File \"C:\\Python27\\lib\\site-packages\\appium\\webdriver\\webdriver.py\", line 156, in find_element_by_android_uiautomator    return self.find_element(by=By.ANDROID_UIAUTOMATOR, value=uia_string)  File \"C:\\Python27\\lib\\site-packages\\selenium\\webdriver\\remote\\webdriver.py\", line 957, in find_element    'value': value})['value']  File \"C:\\Python27\\lib\\site-packages\\selenium\\webdriver\\remote\\webdriver.py\", line 314, in execute    self.error_handler.check_response(response)  File \"C:\\Python27\\lib\\site-packages\\appium\\webdriver\\errorhandler.py\", line 29, in check_response    raise wdeNoSuchElementException: Message: An element could not be located on the page using the given search parameters."},{"firstjacocotime":59.397,"tagname":"5_010","firstexecutionsuccess":false,"firsttestcasepath":"\\testcase\\firstcases\\testcase5_010.py","firstconsumedtime":51.13,"firstlocpath":null,"firstcoveragepath":"\\coverage\\pwpreferencecoverage\\coverage2_5_010_pw.ec","firsterrorlog":"FAILstr(e):\t\tMessage: An element could not be located on the page using the given search parameters.repr(e):\tNoSuchElementException()Traceback (most recent call last):  File \"\\testcase\\firstcases\\testcase5_010.py\", line 81, in <module>    element = getElememt(driver, \"new UiSelector().resourceId(\\\"org.wikipedia:id\/search_empty_image\\\").className(\\\"android.widget.ImageView\\\")\")  File \"\\testcase\\firstcases\\testcase5_010.py\", line 28, in getElememt    element = driver.find_element_by_android_uiautomator(str)  File \"C:\\Python27\\lib\\site-packages\\appium\\webdriver\\webdriver.py\", line 156, in find_element_by_android_uiautomator    return self.find_element(by=By.ANDROID_UIAUTOMATOR, value=uia_string)  File \"C:\\Python27\\lib\\site-packages\\selenium\\webdriver\\remote\\webdriver.py\", line 957, in find_element    'value': value})['value']  File \"C:\\Python27\\lib\\site-packages\\selenium\\webdriver\\remote\\webdriver.py\", line 314, in execute    self.error_handler.check_response(response)  File \"C:\\Python27\\lib\\site-packages\\appium\\webdriver\\errorhandler.py\", line 29, in check_response    raise wdeNoSuchElementException: Message: An element could not be located on the page using the given search parameters."},{"firstjacocotime":55.442,"tagname":"5_019","firstexecutionsuccess":false,"firsttestcasepath":"\\testcase\\firstcases\\testcase5_019.py","firstconsumedtime":56.995,"firstlocpath":null,"firstcoveragepath":"\\coverage\\pwpreferencecoverage\\coverage2_5_019_pw.ec","firsterrorlog":"FAILstr(e):\t\tMessage: An element could not be located on the page using the given search parameters.repr(e):\tNoSuchElementException()Traceback (most recent call last):  File \"\\testcase\\firstcases\\testcase5_019.py\", line 93, in <module>    element = getElememt(driver, \"new UiSelector().resourceId(\\\"org.wikipedia:id\/menu_new_tab\\\").className(\\\"android.widget.TextView\\\")\")  File \"\\testcase\\firstcases\\testcase5_019.py\", line 28, in getElememt    element = driver.find_element_by_android_uiautomator(str)  File \"C:\\Python27\\lib\\site-packages\\appium\\webdriver\\webdriver.py\", line 156, in find_element_by_android_uiautomator    return self.find_element(by=By.ANDROID_UIAUTOMATOR, value=uia_string)  File \"C:\\Python27\\lib\\site-packages\\selenium\\webdriver\\remote\\webdriver.py\", line 957, in find_element    'value': value})['value']  File \"C:\\Python27\\lib\\site-packages\\selenium\\webdriver\\remote\\webdriver.py\", line 314, in execute    self.error_handler.check_response(response)  File \"C:\\Python27\\lib\\site-packages\\appium\\webdriver\\errorhandler.py\", line 29, in check_response    raise wdeNoSuchElementException: Message: An element could not be located on the page using the given search parameters."},{"firstjacocotime":19.57,"tagname":"5_017","firstexecutionsuccess":true,"firsttestcasepath":"\\testcase\\firstcases\\testcase5_017.py","firstconsumedtime":27.689,"firstlocpath":null,"firstcoveragepath":"\\coverage\\pwpreferencecoverage\\coverage2_5_017_pw.ec","firsterrorlog":null},{"firstjacocotime":40.511,"tagname":"5_018","firstexecutionsuccess":true,"firsttestcasepath":"\\testcase\\firstcases\\testcase5_018.py","firstconsumedtime":10.572,"firstlocpath":null,"firstcoveragepath":"\\coverage\\pwpreferencecoverage\\coverage2_5_018_pw.ec","firsterrorlog":null},{"firstjacocotime":19.03,"tagname":"5_015","firstexecutionsuccess":true,"firsttestcasepath":"\\testcase\\firstcases\\testcase5_015.py","firstconsumedtime":31.245,"firstlocpath":null,"firstcoveragepath":"\\coverage\\pwpreferencecoverage\\coverage2_5_015_pw.ec","firsterrorlog":null},{"firstjacocotime":26.419,"tagname":"5_016","firstexecutionsuccess":false,"firsttestcasepath":"\\testcase\\firstcases\\testcase5_016.py","firstconsumedtime":78.305,"firstlocpath":null,"firstcoveragepath":"\\coverage\\pwpreferencecoverage\\coverage2_5_016_pw.ec","firsterrorlog":"FAILstr(e):\t\tMessage: An element could not be located on the page using the given search parameters.repr(e):\tNoSuchElementException()Traceback (most recent call last):  File \"\\testcase\\firstcases\\testcase5_016.py\", line 100, in <module>    element = getElememt(driver, \"new UiSelector().resourceId(\\\"org.wikipedia:id\/random_save_button\\\").className(\\\"android.widget.ImageView\\\")\")  File \"\\testcase\\firstcases\\testcase5_016.py\", line 28, in getElememt    element = driver.find_element_by_android_uiautomator(str)  File \"C:\\Python27\\lib\\site-packages\\appium\\webdriver\\webdriver.py\", line 156, in find_element_by_android_uiautomator    return self.find_element(by=By.ANDROID_UIAUTOMATOR, value=uia_string)  File \"C:\\Python27\\lib\\site-packages\\selenium\\webdriver\\remote\\webdriver.py\", line 957, in find_element    'value': value})['value']  File \"C:\\Python27\\lib\\site-packages\\selenium\\webdriver\\remote\\webdriver.py\", line 314, in execute    self.error_handler.check_response(response)  File \"C:\\Python27\\lib\\site-packages\\appium\\webdriver\\errorhandler.py\", line 29, in check_response    raise wdeNoSuchElementException: Message: An element could not be located on the page using the given search parameters."},{"firstjacocotime":18.654,"tagname":"5_013","firstexecutionsuccess":false,"firsttestcasepath":"\\testcase\\firstcases\\testcase5_013.py","firstconsumedtime":27.204,"firstlocpath":null,"firstcoveragepath":"\\coverage\\pwpreferencecoverage\\coverage2_5_013_pw.ec","firsterrorlog":"FAILstr(e):\t\tMessage: An element could not be located on the page using the given search parameters.repr(e):\tNoSuchElementException()Traceback (most recent call last):  File \"\\testcase\\firstcases\\testcase5_013.py\", line 74, in <module>    element = getElememt(driver, \"new UiSelector().resourceId(\\\"org.wikipedia:id\/search_empty_image\\\").className(\\\"android.widget.ImageView\\\")\")  File \"\\testcase\\firstcases\\testcase5_013.py\", line 28, in getElememt    element = driver.find_element_by_android_uiautomator(str)  File \"C:\\Python27\\lib\\site-packages\\appium\\webdriver\\webdriver.py\", line 156, in find_element_by_android_uiautomator    return self.find_element(by=By.ANDROID_UIAUTOMATOR, value=uia_string)  File \"C:\\Python27\\lib\\site-packages\\selenium\\webdriver\\remote\\webdriver.py\", line 957, in find_element    'value': value})['value']  File \"C:\\Python27\\lib\\site-packages\\selenium\\webdriver\\remote\\webdriver.py\", line 314, in execute    self.error_handler.check_response(response)  File \"C:\\Python27\\lib\\site-packages\\appium\\webdriver\\errorhandler.py\", line 29, in check_response    raise wdeNoSuchElementException: Message: An element could not be located on the page using the given search parameters."},{"firstjacocotime":16.846,"tagname":"5_014","firstexecutionsuccess":false,"firsttestcasepath":"\\testcase\\firstcases\\testcase5_014.py","firstconsumedtime":28.578,"firstlocpath":null,"firstcoveragepath":"\\coverage\\pwpreferencecoverage\\coverage2_5_014_pw.ec","firsterrorlog":"FAILstr(e):\t\tMessage: An element could not be located on the page using the given search parameters.repr(e):\tNoSuchElementException()Traceback (most recent call last):  File \"\\testcase\\firstcases\\testcase5_014.py\", line 76, in <module>    element = getElememt(driver, \"new UiSelector().className(\\\"android.widget.ImageButton\\\").description(\\\"Navigate up\\\")\")  File \"\\testcase\\firstcases\\testcase5_014.py\", line 28, in getElememt    element = driver.find_element_by_android_uiautomator(str)  File \"C:\\Python27\\lib\\site-packages\\appium\\webdriver\\webdriver.py\", line 156, in find_element_by_android_uiautomator    return self.find_element(by=By.ANDROID_UIAUTOMATOR, value=uia_string)  File \"C:\\Python27\\lib\\site-packages\\selenium\\webdriver\\remote\\webdriver.py\", line 957, in find_element    'value': value})['value']  File \"C:\\Python27\\lib\\site-packages\\selenium\\webdriver\\remote\\webdriver.py\", line 314, in execute    self.error_handler.check_response(response)  File \"C:\\Python27\\lib\\site-packages\\appium\\webdriver\\errorhandler.py\", line 29, in check_response    raise wdeNoSuchElementException: Message: An element could not be located on the page using the given search parameters."},{"firstjacocotime":0.67199993,"tagname":"5_022","firstexecutionsuccess":false,"firsttestcasepath":"\\testcase\\firstcases\\testcase5_022.py","firstconsumedtime":50.109,"firstlocpath":null,"firstcoveragepath":"\\coverage\\pwpreferencecoverage\\coverage2_5_022_pw.ec","firsterrorlog":"FAILstr(e):\t\tMessage: An element could not be located on the page using the given search parameters.repr(e):\tNoSuchElementException()Traceback (most recent call last):  File \"\\testcase\\firstcases\\testcase5_022.py\", line 90, in <module>    element = getElememt(driver, \"new UiSelector().className(\\\"android.widget.ImageButton\\\").description(\\\"Navigate up\\\")\")  File \"\\testcase\\firstcases\\testcase5_022.py\", line 28, in getElememt    element = driver.find_element_by_android_uiautomator(str)  File \"C:\\Python27\\lib\\site-packages\\appium\\webdriver\\webdriver.py\", line 156, in find_element_by_android_uiautomator    return self.find_element(by=By.ANDROID_UIAUTOMATOR, value=uia_string)  File \"C:\\Python27\\lib\\site-packages\\selenium\\webdriver\\remote\\webdriver.py\", line 957, in find_element    'value': value})['value']  File \"C:\\Python27\\lib\\site-packages\\selenium\\webdriver\\remote\\webdriver.py\", line 314, in execute    self.error_handler.check_response(response)  File \"C:\\Python27\\lib\\site-packages\\appium\\webdriver\\errorhandler.py\", line 29, in check_response    raise wdeNoSuchElementException: Message: An element could not be located on the page using the given search parameters."},{"firstjacocotime":35.431,"tagname":"5_023","firstexecutionsuccess":true,"firsttestcasepath":"\\testcase\\firstcases\\testcase5_023.py","firstconsumedtime":11.886,"firstlocpath":null,"firstcoveragepath":"\\coverage\\pwpreferencecoverage\\coverage2_5_023_pw.ec","firsterrorlog":null},{"firstjacocotime":29.852,"tagname":"5_020","firstexecutionsuccess":false,"firsttestcasepath":"\\testcase\\firstcases\\testcase5_020.py","firstconsumedtime":23.414,"firstlocpath":null,"firstcoveragepath":"\\coverage\\pwpreferencecoverage\\coverage2_5_020_pw.ec","firsterrorlog":"FAILstr(e):\t\tMessage: An element could not be located on the page using the given search parameters.repr(e):\tNoSuchElementException()Traceback (most recent call last):  File \"\\testcase\\firstcases\\testcase5_020.py\", line 76, in <module>    element = getElememt(driver, \"new UiSelector().resourceId(\\\"org.wikipedia:id\/search_close_btn\\\").className(\\\"android.widget.ImageView\\\")\")  File \"\\testcase\\firstcases\\testcase5_020.py\", line 28, in getElememt    element = driver.find_element_by_android_uiautomator(str)  File \"C:\\Python27\\lib\\site-packages\\appium\\webdriver\\webdriver.py\", line 156, in find_element_by_android_uiautomator    return self.find_element(by=By.ANDROID_UIAUTOMATOR, value=uia_string)  File \"C:\\Python27\\lib\\site-packages\\selenium\\webdriver\\remote\\webdriver.py\", line 957, in find_element    'value': value})['value']  File \"C:\\Python27\\lib\\site-packages\\selenium\\webdriver\\remote\\webdriver.py\", line 314, in execute    self.error_handler.check_response(response)  File \"C:\\Python27\\lib\\site-packages\\appium\\webdriver\\errorhandler.py\", line 29, in check_response    raise wdeNoSuchElementException: Message: An element could not be located on the page using the given search parameters."},{"firstjacocotime":0.579,"tagname":"5_021","firstexecutionsuccess":false,"firsttestcasepath":"\\testcase\\firstcases\\testcase5_021.py","firstconsumedtime":45.855,"firstlocpath":null,"firstcoveragepath":"\\coverage\\pwpreferencecoverage\\coverage2_5_021_pw.ec","firsterrorlog":"FAILstr(e):\t\tMessage: An element could not be located on the page using the given search parameters.repr(e):\tNoSuchElementException()Traceback (most recent call last):  File \"\\testcase\\firstcases\\testcase5_021.py\", line 84, in <module>    element = getElememt(driver, \"new UiSelector().resourceId(\\\"org.wikipedia:id\/view_page_header_edit_pencil\\\").className(\\\"android.widget.ImageView\\\")\")  File \"\\testcase\\firstcases\\testcase5_021.py\", line 28, in getElememt    element = driver.find_element_by_android_uiautomator(str)  File \"C:\\Python27\\lib\\site-packages\\appium\\webdriver\\webdriver.py\", line 156, in find_element_by_android_uiautomator    return self.find_element(by=By.ANDROID_UIAUTOMATOR, value=uia_string)  File \"C:\\Python27\\lib\\site-packages\\selenium\\webdriver\\remote\\webdriver.py\", line 957, in find_element    'value': value})['value']  File \"C:\\Python27\\lib\\site-packages\\selenium\\webdriver\\remote\\webdriver.py\", line 314, in execute    self.error_handler.check_response(response)  File \"C:\\Python27\\lib\\site-packages\\appium\\webdriver\\errorhandler.py\", line 29, in check_response    raise wdeNoSuchElementException: Message: An element could not be located on the page using the given search parameters."},{"firstjacocotime":1.697,"tagname":"5_028","firstexecutionsuccess":false,"firsttestcasepath":"\\testcase\\firstcases\\testcase5_028.py","firstconsumedtime":49.713,"firstlocpath":null,"firstcoveragepath":"\\coverage\\pwpreferencecoverage\\coverage2_5_028_pw.ec","firsterrorlog":"FAILstr(e):\t\tMessage: An element could not be located on the page using the given search parameters.repr(e):\tNoSuchElementException()Traceback (most recent call last):  File \"\\testcase\\firstcases\\testcase5_028.py\", line 92, in <module>    element = getElememt(driver, \"new UiSelector().resourceId(\\\"org.wikipedia:id\/wiki_language_checkbox\\\").className(\\\"android.widget.CheckBox\\\")\")  File \"\\testcase\\firstcases\\testcase5_028.py\", line 28, in getElememt    element = driver.find_element_by_android_uiautomator(str)  File \"C:\\Python27\\lib\\site-packages\\appium\\webdriver\\webdriver.py\", line 156, in find_element_by_android_uiautomator    return self.find_element(by=By.ANDROID_UIAUTOMATOR, value=uia_string)  File \"C:\\Python27\\lib\\site-packages\\selenium\\webdriver\\remote\\webdriver.py\", line 957, in find_element    'value': value})['value']  File \"C:\\Python27\\lib\\site-packages\\selenium\\webdriver\\remote\\webdriver.py\", line 314, in execute    self.error_handler.check_response(response)  File \"C:\\Python27\\lib\\site-packages\\appium\\webdriver\\errorhandler.py\", line 29, in check_response    raise wdeNoSuchElementException: Message: An element could not be located on the page using the given search parameters."},{"firstjacocotime":35.329,"tagname":"5_029","firstexecutionsuccess":true,"firsttestcasepath":"\\testcase\\firstcases\\testcase5_029.py","firstconsumedtime":16.335,"firstlocpath":null,"firstcoveragepath":"\\coverage\\pwpreferencecoverage\\coverage2_5_029_pw.ec","firsterrorlog":null},{"firstjacocotime":27.119,"tagname":"5_026","firstexecutionsuccess":true,"firsttestcasepath":"\\testcase\\firstcases\\testcase5_026.py","firstconsumedtime":82.463,"firstlocpath":null,"firstcoveragepath":"\\coverage\\pwpreferencecoverage\\coverage2_5_026_pw.ec","firsterrorlog":null},{"firstjacocotime":5.0220003,"tagname":"5_027","firstexecutionsuccess":true,"firsttestcasepath":"\\testcase\\firstcases\\testcase5_027.py","firstconsumedtime":30.962,"firstlocpath":null,"firstcoveragepath":"\\coverage\\pwpreferencecoverage\\coverage2_5_027_pw.ec","firsterrorlog":null},{"firstjacocotime":18.501,"tagname":"5_024","firstexecutionsuccess":false,"firsttestcasepath":"\\testcase\\firstcases\\testcase5_024.py","firstconsumedtime":29.955,"firstlocpath":null,"firstcoveragepath":"\\coverage\\pwpreferencecoverage\\coverage2_5_024_pw.ec","firsterrorlog":"FAILstr(e):\t\tMessage: An element could not be located on the page using the given search parameters.repr(e):\tNoSuchElementException()Traceback (most recent call last):  File \"\\testcase\\firstcases\\testcase5_024.py\", line 77, in <module>    element = getElememt(driver, \"new UiSelector().resourceId(\\\"org.wikipedia:id\/menu_delete_selected\\\").className(\\\"android.widget.TextView\\\")\")  File \"\\testcase\\firstcases\\testcase5_024.py\", line 28, in getElememt    element = driver.find_element_by_android_uiautomator(str)  File \"C:\\Python27\\lib\\site-packages\\appium\\webdriver\\webdriver.py\", line 156, in find_element_by_android_uiautomator    return self.find_element(by=By.ANDROID_UIAUTOMATOR, value=uia_string)  File \"C:\\Python27\\lib\\site-packages\\selenium\\webdriver\\remote\\webdriver.py\", line 957, in find_element    'value': value})['value']  File \"C:\\Python27\\lib\\site-packages\\selenium\\webdriver\\remote\\webdriver.py\", line 314, in execute    self.error_handler.check_response(response)  File \"C:\\Python27\\lib\\site-packages\\appium\\webdriver\\errorhandler.py\", line 29, in check_response    raise wdeNoSuchElementException: Message: An element could not be located on the page using the given search parameters."},{"firstjacocotime":0.546,"tagname":"5_025","firstexecutionsuccess":false,"firsttestcasepath":"\\testcase\\firstcases\\testcase5_025.py","firstconsumedtime":46.451,"firstlocpath":null,"firstcoveragepath":"\\coverage\\pwpreferencecoverage\\coverage2_5_025_pw.ec","firsterrorlog":"FAILstr(e):\t\tMessage: An element could not be located on the page using the given search parameters.repr(e):\tNoSuchElementException()Traceback (most recent call last):  File \"\\testcase\\firstcases\\testcase5_025.py\", line 78, in <module>    element = getElememt(driver, \"new UiSelector().resourceId(\\\"org.wikipedia:id\/voice_search_button\\\").className(\\\"android.widget.ImageView\\\")\")  File \"\\testcase\\firstcases\\testcase5_025.py\", line 28, in getElememt    element = driver.find_element_by_android_uiautomator(str)  File \"C:\\Python27\\lib\\site-packages\\appium\\webdriver\\webdriver.py\", line 156, in find_element_by_android_uiautomator    return self.find_element(by=By.ANDROID_UIAUTOMATOR, value=uia_string)  File \"C:\\Python27\\lib\\site-packages\\selenium\\webdriver\\remote\\webdriver.py\", line 957, in find_element    'value': value})['value']  File \"C:\\Python27\\lib\\site-packages\\selenium\\webdriver\\remote\\webdriver.py\", line 314, in execute    self.error_handler.check_response(response)  File \"C:\\Python27\\lib\\site-packages\\appium\\webdriver\\errorhandler.py\", line 29, in check_response    raise wdeNoSuchElementException: Message: An element could not be located on the page using the given search parameters."},{"firstjacocotime":8.275001,"tagname":"6_000","firstexecutionsuccess":false,"firsttestcasepath":"\\testcase\\firstcases\\testcase6_000.py","firstconsumedtime":43.613,"firstlocpath":null,"firstcoveragepath":"\\coverage\\pwpreferencecoverage\\coverage2_6_000_pw.ec","firsterrorlog":"FAILstr(e):\t\tMessage: An element could not be located on the page using the given search parameters.repr(e):\tNoSuchElementException()Traceback (most recent call last):  File \"\\testcase\\firstcases\\testcase6_000.py\", line 80, in <module>    element = getElememt(driver, \"new UiSelector().resourceId(\\\"org.wikipedia:id\/find_in_page_prev\\\").className(\\\"android.widget.ImageView\\\")\")  File \"\\testcase\\firstcases\\testcase6_000.py\", line 28, in getElememt    element = driver.find_element_by_android_uiautomator(str)  File \"C:\\Python27\\lib\\site-packages\\appium\\webdriver\\webdriver.py\", line 156, in find_element_by_android_uiautomator    return self.find_element(by=By.ANDROID_UIAUTOMATOR, value=uia_string)  File \"C:\\Python27\\lib\\site-packages\\selenium\\webdriver\\remote\\webdriver.py\", line 957, in find_element    'value': value})['value']  File \"C:\\Python27\\lib\\site-packages\\selenium\\webdriver\\remote\\webdriver.py\", line 314, in execute    self.error_handler.check_response(response)  File \"C:\\Python27\\lib\\site-packages\\appium\\webdriver\\errorhandler.py\", line 29, in check_response    raise wdeNoSuchElementException: Message: An element could not be located on the page using the given search parameters."},{"firstjacocotime":2.314,"tagname":"6_005","firstexecutionsuccess":false,"firsttestcasepath":"\\testcase\\firstcases\\testcase6_005.py","firstconsumedtime":47.902,"firstlocpath":null,"firstcoveragepath":"\\coverage\\pwpreferencecoverage\\coverage2_6_005_pw.ec","firsterrorlog":"FAILstr(e):\t\tMessage: An element could not be located on the page using the given search parameters.repr(e):\tNoSuchElementException()Traceback (most recent call last):  File \"\\testcase\\firstcases\\testcase6_005.py\", line 75, in <module>    element = getElememt(driver, \"new UiSelector().className(\\\"android.widget.ImageButton\\\")\")  File \"\\testcase\\firstcases\\testcase6_005.py\", line 28, in getElememt    element = driver.find_element_by_android_uiautomator(str)  File \"C:\\Python27\\lib\\site-packages\\appium\\webdriver\\webdriver.py\", line 156, in find_element_by_android_uiautomator    return self.find_element(by=By.ANDROID_UIAUTOMATOR, value=uia_string)  File \"C:\\Python27\\lib\\site-packages\\selenium\\webdriver\\remote\\webdriver.py\", line 957, in find_element    'value': value})['value']  File \"C:\\Python27\\lib\\site-packages\\selenium\\webdriver\\remote\\webdriver.py\", line 314, in execute    self.error_handler.check_response(response)  File \"C:\\Python27\\lib\\site-packages\\appium\\webdriver\\errorhandler.py\", line 29, in check_response    raise wdeNoSuchElementException: Message: An element could not be located on the page using the given search parameters."},{"firstjacocotime":43.145,"tagname":"6_006","firstexecutionsuccess":false,"firsttestcasepath":"\\testcase\\firstcases\\testcase6_006.py","firstconsumedtime":67.828,"firstlocpath":null,"firstcoveragepath":"\\coverage\\pwpreferencecoverage\\coverage2_6_006_pw.ec","firsterrorlog":"FAILstr(e):\t\tMessage: An element could not be located on the page using the given search parameters.repr(e):\tNoSuchElementException()Traceback (most recent call last):  File \"\\testcase\\firstcases\\testcase6_006.py\", line 92, in <module>    element = getElememt(driver, \"new UiSelector().className(\\\"android.widget.ImageView\\\").description(\\\"Find in page\\\")\")  File \"\\testcase\\firstcases\\testcase6_006.py\", line 28, in getElememt    element = driver.find_element_by_android_uiautomator(str)  File \"C:\\Python27\\lib\\site-packages\\appium\\webdriver\\webdriver.py\", line 156, in find_element_by_android_uiautomator    return self.find_element(by=By.ANDROID_UIAUTOMATOR, value=uia_string)  File \"C:\\Python27\\lib\\site-packages\\selenium\\webdriver\\remote\\webdriver.py\", line 957, in find_element    'value': value})['value']  File \"C:\\Python27\\lib\\site-packages\\selenium\\webdriver\\remote\\webdriver.py\", line 314, in execute    self.error_handler.check_response(response)  File \"C:\\Python27\\lib\\site-packages\\appium\\webdriver\\errorhandler.py\", line 29, in check_response    raise wdeNoSuchElementException: Message: An element could not be located on the page using the given search parameters."},{"firstjacocotime":23.924,"tagname":"6_007","firstexecutionsuccess":true,"firsttestcasepath":"\\testcase\\firstcases\\testcase6_007.py","firstconsumedtime":23.838,"firstlocpath":null,"firstcoveragepath":"\\coverage\\pwpreferencecoverage\\coverage2_6_007_pw.ec","firsterrorlog":null},{"firstjacocotime":35.206,"tagname":"6_008","firstexecutionsuccess":true,"firsttestcasepath":"\\testcase\\firstcases\\testcase6_008.py","firstconsumedtime":14.321,"firstlocpath":null,"firstcoveragepath":"\\coverage\\pwpreferencecoverage\\coverage2_6_008_pw.ec","firsterrorlog":null},{"firstjacocotime":0.56299996,"tagname":"6_001","firstexecutionsuccess":true,"firsttestcasepath":"\\testcase\\firstcases\\testcase6_001.py","firstconsumedtime":70.368,"firstlocpath":null,"firstcoveragepath":"\\coverage\\pwpreferencecoverage\\coverage2_6_001_pw.ec","firsterrorlog":null},{"firstjacocotime":15.542,"tagname":"6_002","firstexecutionsuccess":false,"firsttestcasepath":"\\testcase\\firstcases\\testcase6_002.py","firstconsumedtime":38.078,"firstlocpath":null,"firstcoveragepath":"\\coverage\\pwpreferencecoverage\\coverage2_6_002_pw.ec","firsterrorlog":"FAILstr(e):\t\tMessage: An element could not be located on the page using the given search parameters.repr(e):\tNoSuchElementException()Traceback (most recent call last):  File \"\\testcase\\firstcases\\testcase6_002.py\", line 84, in <module>    element = getElememt(driver, \"new UiSelector().resourceId(\\\"org.wikipedia:id\/search_close_btn\\\").className(\\\"android.widget.ImageView\\\")\")  File \"\\testcase\\firstcases\\testcase6_002.py\", line 28, in getElememt    element = driver.find_element_by_android_uiautomator(str)  File \"C:\\Python27\\lib\\site-packages\\appium\\webdriver\\webdriver.py\", line 156, in find_element_by_android_uiautomator    return self.find_element(by=By.ANDROID_UIAUTOMATOR, value=uia_string)  File \"C:\\Python27\\lib\\site-packages\\selenium\\webdriver\\remote\\webdriver.py\", line 957, in find_element    'value': value})['value']  File \"C:\\Python27\\lib\\site-packages\\selenium\\webdriver\\remote\\webdriver.py\", line 314, in execute    self.error_handler.check_response(response)  File \"C:\\Python27\\lib\\site-packages\\appium\\webdriver\\errorhandler.py\", line 29, in check_response    raise wdeNoSuchElementException: Message: An element could not be located on the page using the given search parameters."},{"firstjacocotime":0.566,"tagname":"6_003","firstexecutionsuccess":true,"firsttestcasepath":"\\testcase\\firstcases\\testcase6_003.py","firstconsumedtime":67.473,"firstlocpath":null,"firstcoveragepath":"\\coverage\\pwpreferencecoverage\\coverage2_6_003_pw.ec","firsterrorlog":null},{"firstjacocotime":58.002,"tagname":"6_004","firstexecutionsuccess":true,"firsttestcasepath":"\\testcase\\firstcases\\testcase6_004.py","firstconsumedtime":35.517,"firstlocpath":null,"firstcoveragepath":"\\coverage\\pwpreferencecoverage\\coverage2_6_004_pw.ec","firsterrorlog":null},{"firstjacocotime":29.416,"tagname":"3_028","firstexecutionsuccess":true,"firsttestcasepath":"\\testcase\\firstcases\\testcase3_028.py","firstconsumedtime":14.425,"firstlocpath":null,"firstcoveragepath":"\\coverage\\pwpreferencecoverage\\coverage2_3_028_pw.ec","firsterrorlog":null},{"firstjacocotime":0.035000086,"tagname":"3_029","firstexecutionsuccess":true,"firsttestcasepath":"\\testcase\\firstcases\\testcase3_029.py","firstconsumedtime":16.333,"firstlocpath":null,"firstcoveragepath":"\\coverage\\pwpreferencecoverage\\coverage2_3_029_pw.ec","firsterrorlog":null},{"firstjacocotime":49.829998,"tagname":"3_026","firstexecutionsuccess":false,"firsttestcasepath":"\\testcase\\firstcases\\testcase3_026.py","firstconsumedtime":51.168,"firstlocpath":null,"firstcoveragepath":"\\coverage\\pwpreferencecoverage\\coverage2_3_026_pw.ec","firsterrorlog":"FAILstr(e):\t\tMessage: An element could not be located on the page using the given search parameters.repr(e):\tNoSuchElementException()Traceback (most recent call last):  File \"\\testcase\\firstcases\\testcase3_026.py\", line 82, in <module>    element = getElememt(driver, \"new UiSelector().className(\\\"android.widget.ImageView\\\").description(\\\"Add this article to a reading list\\\")\")  File \"\\testcase\\firstcases\\testcase3_026.py\", line 28, in getElememt    element = driver.find_element_by_android_uiautomator(str)  File \"C:\\Python27\\lib\\site-packages\\appium\\webdriver\\webdriver.py\", line 156, in find_element_by_android_uiautomator    return self.find_element(by=By.ANDROID_UIAUTOMATOR, value=uia_string)  File \"C:\\Python27\\lib\\site-packages\\selenium\\webdriver\\remote\\webdriver.py\", line 957, in find_element    'value': value})['value']  File \"C:\\Python27\\lib\\site-packages\\selenium\\webdriver\\remote\\webdriver.py\", line 314, in execute    self.error_handler.check_response(response)  File \"C:\\Python27\\lib\\site-packages\\appium\\webdriver\\errorhandler.py\", line 29, in check_response    raise wdeNoSuchElementException: Message: An element could not be located on the page using the given search parameters."},{"firstjacocotime":3.239,"tagname":"3_027","firstexecutionsuccess":false,"firsttestcasepath":"\\testcase\\firstcases\\testcase3_027.py","firstconsumedtime":44.413,"firstlocpath":null,"firstcoveragepath":"\\coverage\\pwpreferencecoverage\\coverage2_3_027_pw.ec","firsterrorlog":"FAILstr(e):\t\tMessage: An element could not be located on the page using the given search parameters.repr(e):\tNoSuchElementException()Traceback (most recent call last):  File \"\\testcase\\firstcases\\testcase3_027.py\", line 80, in <module>    element = getElememt(driver, \"new UiSelector().resourceId(\\\"org.wikipedia:id\/search_src_text\\\").className(\\\"android.widget.EditText\\\")\")  File \"\\testcase\\firstcases\\testcase3_027.py\", line 28, in getElememt    element = driver.find_element_by_android_uiautomator(str)  File \"C:\\Python27\\lib\\site-packages\\appium\\webdriver\\webdriver.py\", line 156, in find_element_by_android_uiautomator    return self.find_element(by=By.ANDROID_UIAUTOMATOR, value=uia_string)  File \"C:\\Python27\\lib\\site-packages\\selenium\\webdriver\\remote\\webdriver.py\", line 957, in find_element    'value': value})['value']  File \"C:\\Python27\\lib\\site-packages\\selenium\\webdriver\\remote\\webdriver.py\", line 314, in execute    self.error_handler.check_response(response)  File \"C:\\Python27\\lib\\site-packages\\appium\\webdriver\\errorhandler.py\", line 29, in check_response    raise wdeNoSuchElementException: Message: An element could not be located on the page using the given search parameters."},{"firstjacocotime":40.463,"tagname":"1_019","firstexecutionsuccess":false,"firsttestcasepath":"\\testcase\\firstcases\\testcase1_019.py","firstconsumedtime":68.1,"firstlocpath":null,"firstcoveragepath":"\\coverage\\pwpreferencecoverage\\coverage2_1_019_pw.ec","firsterrorlog":"FAILstr(e):\t\tMessage: An element could not be located on the page using the given search parameters.repr(e):\tNoSuchElementException()Traceback (most recent call last):  File \"\\testcase\\firstcases\\testcase1_019.py\", line 96, in <module>    element = getElememt(driver, \"new UiSelector().className(\\\"android.widget.ImageButton\\\")\")  File \"\\testcase\\firstcases\\testcase1_019.py\", line 28, in getElememt    element = driver.find_element_by_android_uiautomator(str)  File \"C:\\Python27\\lib\\site-packages\\appium\\webdriver\\webdriver.py\", line 156, in find_element_by_android_uiautomator    return self.find_element(by=By.ANDROID_UIAUTOMATOR, value=uia_string)  File \"C:\\Python27\\lib\\site-packages\\selenium\\webdriver\\remote\\webdriver.py\", line 957, in find_element    'value': value})['value']  File \"C:\\Python27\\lib\\site-packages\\selenium\\webdriver\\remote\\webdriver.py\", line 314, in execute    self.error_handler.check_response(response)  File \"C:\\Python27\\lib\\site-packages\\appium\\webdriver\\errorhandler.py\", line 29, in check_response    raise wdeNoSuchElementException: Message: An element could not be located on the page using the given search parameters."},{"firstjacocotime":39.614,"tagname":"6_009","firstexecutionsuccess":true,"firsttestcasepath":"\\testcase\\firstcases\\testcase6_009.py","firstconsumedtime":11.639,"firstlocpath":null,"firstcoveragepath":"\\coverage\\pwpreferencecoverage\\coverage2_6_009_pw.ec","firsterrorlog":null},{"firstjacocotime":0.63100004,"tagname":"1_017","firstexecutionsuccess":false,"firsttestcasepath":"\\testcase\\firstcases\\testcase1_017.py","firstconsumedtime":94.726,"firstlocpath":null,"firstcoveragepath":"\\coverage\\pwpreferencecoverage\\coverage2_1_017_pw.ec","firsterrorlog":"FAILstr(e):\t\tMessage: An element could not be located on the page using the given search parameters.repr(e):\tNoSuchElementException()Traceback (most recent call last):  File \"\\testcase\\firstcases\\testcase1_017.py\", line 104, in <module>    TouchAction(driver).tap(element).perform()  File \"C:\\Python27\\lib\\site-packages\\appium\\webdriver\\common\\touch_action.py\", line 94, in perform    self._driver.execute(Command.TOUCH_ACTION, params)  File \"C:\\Python27\\lib\\site-packages\\selenium\\webdriver\\remote\\webdriver.py\", line 314, in execute    self.error_handler.check_response(response)  File \"C:\\Python27\\lib\\site-packages\\appium\\webdriver\\errorhandler.py\", line 29, in check_response    raise wdeNoSuchElementException: Message: An element could not be located on the page using the given search parameters."},{"firstjacocotime":7.7990003,"tagname":"1_018","firstexecutionsuccess":false,"firsttestcasepath":"\\testcase\\firstcases\\testcase1_018.py","firstconsumedtime":58.981,"firstlocpath":null,"firstcoveragepath":"\\coverage\\pwpreferencecoverage\\coverage2_1_018_pw.ec","firsterrorlog":"FAILstr(e):\t\tMessage: An element could not be located on the page using the given search parameters.repr(e):\tNoSuchElementException()Traceback (most recent call last):  File \"\\testcase\\firstcases\\testcase1_018.py\", line 92, in <module>    element = getElememt(driver, \"new UiSelector().resourceId(\\\"org.wikipedia:id\/search_empty_image\\\").className(\\\"android.widget.ImageView\\\")\")  File \"\\testcase\\firstcases\\testcase1_018.py\", line 28, in getElememt    element = driver.find_element_by_android_uiautomator(str)  File \"C:\\Python27\\lib\\site-packages\\appium\\webdriver\\webdriver.py\", line 156, in find_element_by_android_uiautomator    return self.find_element(by=By.ANDROID_UIAUTOMATOR, value=uia_string)  File \"C:\\Python27\\lib\\site-packages\\selenium\\webdriver\\remote\\webdriver.py\", line 957, in find_element    'value': value})['value']  File \"C:\\Python27\\lib\\site-packages\\selenium\\webdriver\\remote\\webdriver.py\", line 314, in execute    self.error_handler.check_response(response)  File \"C:\\Python27\\lib\\site-packages\\appium\\webdriver\\errorhandler.py\", line 29, in check_response    raise wdeNoSuchElementException: Message: An element could not be located on the page using the given search parameters."},{"firstjacocotime":0.57299995,"tagname":"1_015","firstexecutionsuccess":false,"firsttestcasepath":"\\testcase\\firstcases\\testcase1_015.py","firstconsumedtime":49.864,"firstlocpath":null,"firstcoveragepath":"\\coverage\\pwpreferencecoverage\\coverage2_1_015_pw.ec","firsterrorlog":"FAILstr(e):\t\tMessage: An element could not be located on the page using the given search parameters.repr(e):\tNoSuchElementException()Traceback (most recent call last):  File \"\\testcase\\firstcases\\testcase1_015.py\", line 88, in <module>    element = getElememt(driver, \"new UiSelector().resourceId(\\\"org.wikipedia:id\/view_page_header_edit_pencil\\\").className(\\\"android.widget.ImageView\\\")\")  File \"\\testcase\\firstcases\\testcase1_015.py\", line 28, in getElememt    element = driver.find_element_by_android_uiautomator(str)  File \"C:\\Python27\\lib\\site-packages\\appium\\webdriver\\webdriver.py\", line 156, in find_element_by_android_uiautomator    return self.find_element(by=By.ANDROID_UIAUTOMATOR, value=uia_string)  File \"C:\\Python27\\lib\\site-packages\\selenium\\webdriver\\remote\\webdriver.py\", line 957, in find_element    'value': value})['value']  File \"C:\\Python27\\lib\\site-packages\\selenium\\webdriver\\remote\\webdriver.py\", line 314, in execute    self.error_handler.check_response(response)  File \"C:\\Python27\\lib\\site-packages\\appium\\webdriver\\errorhandler.py\", line 29, in check_response    raise wdeNoSuchElementException: Message: An element could not be located on the page using the given search parameters."},{"firstjacocotime":6.5369997,"tagname":"3_020","firstexecutionsuccess":false,"firsttestcasepath":"\\testcase\\firstcases\\testcase3_020.py","firstconsumedtime":41.207,"firstlocpath":null,"firstcoveragepath":"\\coverage\\pwpreferencecoverage\\coverage2_3_020_pw.ec","firsterrorlog":"FAILstr(e):\t\tMessage: An element could not be located on the page using the given search parameters.repr(e):\tNoSuchElementException()Traceback (most recent call last):  File \"\\testcase\\firstcases\\testcase3_020.py\", line 78, in <module>    element = getElememt(driver, \"new UiSelector().className(\\\"android.widget.ImageView\\\").description(\\\"Add this article to a reading list\\\")\")  File \"\\testcase\\firstcases\\testcase3_020.py\", line 28, in getElememt    element = driver.find_element_by_android_uiautomator(str)  File \"C:\\Python27\\lib\\site-packages\\appium\\webdriver\\webdriver.py\", line 156, in find_element_by_android_uiautomator    return self.find_element(by=By.ANDROID_UIAUTOMATOR, value=uia_string)  File \"C:\\Python27\\lib\\site-packages\\selenium\\webdriver\\remote\\webdriver.py\", line 957, in find_element    'value': value})['value']  File \"C:\\Python27\\lib\\site-packages\\selenium\\webdriver\\remote\\webdriver.py\", line 314, in execute    self.error_handler.check_response(response)  File \"C:\\Python27\\lib\\site-packages\\appium\\webdriver\\errorhandler.py\", line 29, in check_response    raise wdeNoSuchElementException: Message: An element could not be located on the page using the given search parameters."},{"firstjacocotime":46.103,"tagname":"1_016","firstexecutionsuccess":true,"firsttestcasepath":"\\testcase\\firstcases\\testcase1_016.py","firstconsumedtime":9.586,"firstlocpath":null,"firstcoveragepath":"\\coverage\\pwpreferencecoverage\\coverage2_1_016_pw.ec","firsterrorlog":null},{"firstjacocotime":0.57099986,"tagname":"3_021","firstexecutionsuccess":false,"firsttestcasepath":"\\testcase\\firstcases\\testcase3_021.py","firstconsumedtime":18.218,"firstlocpath":null,"firstcoveragepath":"\\coverage\\pwpreferencecoverage\\coverage2_3_021_pw.ec","firsterrorlog":"FAILstr(e):\t\tMessage: An element could not be located on the page using the given search parameters.repr(e):\tNoSuchElementException()Traceback (most recent call last):  File \"\\testcase\\firstcases\\testcase3_021.py\", line 68, in <module>    element = getElememt(driver, \"new UiSelector().resourceId(\\\"org.wikipedia:id\/view_static_card_icon\\\").className(\\\"android.widget.ImageView\\\")\")  File \"\\testcase\\firstcases\\testcase3_021.py\", line 28, in getElememt    element = driver.find_element_by_android_uiautomator(str)  File \"C:\\Python27\\lib\\site-packages\\appium\\webdriver\\webdriver.py\", line 156, in find_element_by_android_uiautomator    return self.find_element(by=By.ANDROID_UIAUTOMATOR, value=uia_string)  File \"C:\\Python27\\lib\\site-packages\\selenium\\webdriver\\remote\\webdriver.py\", line 957, in find_element    'value': value})['value']  File \"C:\\Python27\\lib\\site-packages\\selenium\\webdriver\\remote\\webdriver.py\", line 314, in execute    self.error_handler.check_response(response)  File \"C:\\Python27\\lib\\site-packages\\appium\\webdriver\\errorhandler.py\", line 29, in check_response    raise wdeNoSuchElementException: Message: An element could not be located on the page using the given search parameters."},{"firstjacocotime":0.53,"tagname":"1_013","firstexecutionsuccess":false,"firsttestcasepath":"\\testcase\\firstcases\\testcase1_013.py","firstconsumedtime":18.519,"firstlocpath":null,"firstcoveragepath":"\\coverage\\pwpreferencecoverage\\coverage2_1_013_pw.ec","firsterrorlog":"FAILstr(e):\t\tMessage: An element could not be located on the page using the given search parameters.repr(e):\tNoSuchElementException()Traceback (most recent call last):  File \"\\testcase\\firstcases\\testcase1_013.py\", line 68, in <module>    element = getElememt(driver, \"new UiSelector().resourceId(\\\"org.wikipedia:id\/icon\\\").className(\\\"android.widget.ImageView\\\")\")  File \"\\testcase\\firstcases\\testcase1_013.py\", line 28, in getElememt    element = driver.find_element_by_android_uiautomator(str)  File \"C:\\Python27\\lib\\site-packages\\appium\\webdriver\\webdriver.py\", line 156, in find_element_by_android_uiautomator    return self.find_element(by=By.ANDROID_UIAUTOMATOR, value=uia_string)  File \"C:\\Python27\\lib\\site-packages\\selenium\\webdriver\\remote\\webdriver.py\", line 957, in find_element    'value': value})['value']  File \"C:\\Python27\\lib\\site-packages\\selenium\\webdriver\\remote\\webdriver.py\", line 314, in execute    self.error_handler.check_response(response)  File \"C:\\Python27\\lib\\site-packages\\appium\\webdriver\\errorhandler.py\", line 29, in check_response    raise wdeNoSuchElementException: Message: An element could not be located on the page using the given search parameters."},{"firstjacocotime":50.086,"tagname":"1_014","firstexecutionsuccess":false,"firsttestcasepath":"\\testcase\\firstcases\\testcase1_014.py","firstconsumedtime":30.943,"firstlocpath":null,"firstcoveragepath":"\\coverage\\pwpreferencecoverage\\coverage2_1_014_pw.ec","firsterrorlog":"FAILstr(e):\t\tMessage: An element could not be located on the page using the given search parameters.repr(e):\tNoSuchElementException()Traceback (most recent call last):  File \"\\testcase\\firstcases\\testcase1_014.py\", line 79, in <module>    element = getElememt(driver, \"new UiSelector().resourceId(\\\"org.wikipedia:id\/voice_search_button\\\").className(\\\"android.widget.ImageView\\\")\")  File \"\\testcase\\firstcases\\testcase1_014.py\", line 28, in getElememt    element = driver.find_element_by_android_uiautomator(str)  File \"C:\\Python27\\lib\\site-packages\\appium\\webdriver\\webdriver.py\", line 156, in find_element_by_android_uiautomator    return self.find_element(by=By.ANDROID_UIAUTOMATOR, value=uia_string)  File \"C:\\Python27\\lib\\site-packages\\selenium\\webdriver\\remote\\webdriver.py\", line 957, in find_element    'value': value})['value']  File \"C:\\Python27\\lib\\site-packages\\selenium\\webdriver\\remote\\webdriver.py\", line 314, in execute    self.error_handler.check_response(response)  File \"C:\\Python27\\lib\\site-packages\\appium\\webdriver\\errorhandler.py\", line 29, in check_response    raise wdeNoSuchElementException: Message: An element could not be located on the page using the given search parameters."},{"firstjacocotime":38.564,"tagname":"1_011","firstexecutionsuccess":true,"firsttestcasepath":"\\testcase\\firstcases\\testcase1_011.py","firstconsumedtime":71.672,"firstlocpath":null,"firstcoveragepath":"\\coverage\\pwpreferencecoverage\\coverage2_1_011_pw.ec","firsterrorlog":null},{"firstjacocotime":49.589,"tagname":"3_024","firstexecutionsuccess":false,"firsttestcasepath":"\\testcase\\firstcases\\testcase3_024.py","firstconsumedtime":23.083,"firstlocpath":null,"firstcoveragepath":"\\coverage\\pwpreferencecoverage\\coverage2_3_024_pw.ec","firsterrorlog":"FAILstr(e):\t\tMessage: An element could not be located on the page using the given search parameters.repr(e):\tNoSuchElementException()Traceback (most recent call last):  File \"\\testcase\\firstcases\\testcase3_024.py\", line 71, in <module>    element = getElememt(driver, \"new UiSelector().resourceId(\\\"org.wikipedia:id\/search_close_btn\\\").className(\\\"android.widget.ImageView\\\")\")  File \"\\testcase\\firstcases\\testcase3_024.py\", line 28, in getElememt    element = driver.find_element_by_android_uiautomator(str)  File \"C:\\Python27\\lib\\site-packages\\appium\\webdriver\\webdriver.py\", line 156, in find_element_by_android_uiautomator    return self.find_element(by=By.ANDROID_UIAUTOMATOR, value=uia_string)  File \"C:\\Python27\\lib\\site-packages\\selenium\\webdriver\\remote\\webdriver.py\", line 957, in find_element    'value': value})['value']  File \"C:\\Python27\\lib\\site-packages\\selenium\\webdriver\\remote\\webdriver.py\", line 314, in execute    self.error_handler.check_response(response)  File \"C:\\Python27\\lib\\site-packages\\appium\\webdriver\\errorhandler.py\", line 29, in check_response    raise wdeNoSuchElementException: Message: An element could not be located on the page using the given search parameters."},{"firstjacocotime":26.886,"tagname":"1_012","firstexecutionsuccess":false,"firsttestcasepath":"\\testcase\\firstcases\\testcase1_012.py","firstconsumedtime":25.048,"firstlocpath":null,"firstcoveragepath":"\\coverage\\pwpreferencecoverage\\coverage2_1_012_pw.ec","firsterrorlog":"FAILstr(e):\t\tMessage: An element could not be located on the page using the given search parameters.repr(e):\tNoSuchElementException()Traceback (most recent call last):  File \"\\testcase\\firstcases\\testcase1_012.py\", line 73, in <module>    element = getElememt(driver, \"new UiSelector().resourceId(\\\"org.wikipedia:id\/search_close_btn\\\").className(\\\"android.widget.ImageView\\\")\")  File \"\\testcase\\firstcases\\testcase1_012.py\", line 28, in getElememt    element = driver.find_element_by_android_uiautomator(str)  File \"C:\\Python27\\lib\\site-packages\\appium\\webdriver\\webdriver.py\", line 156, in find_element_by_android_uiautomator    return self.find_element(by=By.ANDROID_UIAUTOMATOR, value=uia_string)  File \"C:\\Python27\\lib\\site-packages\\selenium\\webdriver\\remote\\webdriver.py\", line 957, in find_element    'value': value})['value']  File \"C:\\Python27\\lib\\site-packages\\selenium\\webdriver\\remote\\webdriver.py\", line 314, in execute    self.error_handler.check_response(response)  File \"C:\\Python27\\lib\\site-packages\\appium\\webdriver\\errorhandler.py\", line 29, in check_response    raise wdeNoSuchElementException: Message: An element could not be located on the page using the given search parameters."},{"firstjacocotime":15.444,"tagname":"3_025","firstexecutionsuccess":false,"firsttestcasepath":"\\testcase\\firstcases\\testcase3_025.py","firstconsumedtime":23.698,"firstlocpath":null,"firstcoveragepath":"\\coverage\\pwpreferencecoverage\\coverage2_3_025_pw.ec","firsterrorlog":"FAILstr(e):\t\tMessage: An element could not be located on the page using the given search parameters.repr(e):\tNoSuchElementException()Traceback (most recent call last):  File \"\\testcase\\firstcases\\testcase3_025.py\", line 72, in <module>    element = getElememt(driver, \"new UiSelector().resourceId(\\\"org.wikipedia:id\/search_close_btn\\\").className(\\\"android.widget.ImageView\\\")\")  File \"\\testcase\\firstcases\\testcase3_025.py\", line 28, in getElememt    element = driver.find_element_by_android_uiautomator(str)  File \"C:\\Python27\\lib\\site-packages\\appium\\webdriver\\webdriver.py\", line 156, in find_element_by_android_uiautomator    return self.find_element(by=By.ANDROID_UIAUTOMATOR, value=uia_string)  File \"C:\\Python27\\lib\\site-packages\\selenium\\webdriver\\remote\\webdriver.py\", line 957, in find_element    'value': value})['value']  File \"C:\\Python27\\lib\\site-packages\\selenium\\webdriver\\remote\\webdriver.py\", line 314, in execute    self.error_handler.check_response(response)  File \"C:\\Python27\\lib\\site-packages\\appium\\webdriver\\errorhandler.py\", line 29, in check_response    raise wdeNoSuchElementException: Message: An element could not be located on the page using the given search parameters."},{"firstjacocotime":11.595,"tagname":"3_022","firstexecutionsuccess":false,"firsttestcasepath":"\\testcase\\firstcases\\testcase3_022.py","firstconsumedtime":57.529,"firstlocpath":null,"firstcoveragepath":"\\coverage\\pwpreferencecoverage\\coverage2_3_022_pw.ec","firsterrorlog":"FAILstr(e):\t\tMessage: An element could not be located on the page using the given search parameters.repr(e):\tNoSuchElementException()Traceback (most recent call last):  File \"\\testcase\\firstcases\\testcase3_022.py\", line 84, in <module>    element = getElememt(driver, \"new UiSelector().resourceId(\\\"org.wikipedia:id\/find_in_page_next\\\").className(\\\"android.widget.ImageView\\\")\")  File \"\\testcase\\firstcases\\testcase3_022.py\", line 28, in getElememt    element = driver.find_element_by_android_uiautomator(str)  File \"C:\\Python27\\lib\\site-packages\\appium\\webdriver\\webdriver.py\", line 156, in find_element_by_android_uiautomator    return self.find_element(by=By.ANDROID_UIAUTOMATOR, value=uia_string)  File \"C:\\Python27\\lib\\site-packages\\selenium\\webdriver\\remote\\webdriver.py\", line 957, in find_element    'value': value})['value']  File \"C:\\Python27\\lib\\site-packages\\selenium\\webdriver\\remote\\webdriver.py\", line 314, in execute    self.error_handler.check_response(response)  File \"C:\\Python27\\lib\\site-packages\\appium\\webdriver\\errorhandler.py\", line 29, in check_response    raise wdeNoSuchElementException: Message: An element could not be located on the page using the given search parameters."},{"firstjacocotime":38.074,"tagname":"1_010","firstexecutionsuccess":false,"firsttestcasepath":"\\testcase\\firstcases\\testcase1_010.py","firstconsumedtime":74.213,"firstlocpath":null,"firstcoveragepath":"\\coverage\\pwpreferencecoverage\\coverage2_1_010_pw.ec","firsterrorlog":"FAILstr(e):\t\tMessage: An element could not be located on the page using the given search parameters.repr(e):\tNoSuchElementException()Traceback (most recent call last):  File \"\\testcase\\firstcases\\testcase1_010.py\", line 95, in <module>    element = getElememt(driver, \"new UiSelector().resourceId(\\\"org.wikipedia:id\/search_empty_image\\\").className(\\\"android.widget.ImageView\\\")\")  File \"\\testcase\\firstcases\\testcase1_010.py\", line 28, in getElememt    element = driver.find_element_by_android_uiautomator(str)  File \"C:\\Python27\\lib\\site-packages\\appium\\webdriver\\webdriver.py\", line 156, in find_element_by_android_uiautomator    return self.find_element(by=By.ANDROID_UIAUTOMATOR, value=uia_string)  File \"C:\\Python27\\lib\\site-packages\\selenium\\webdriver\\remote\\webdriver.py\", line 957, in find_element    'value': value})['value']  File \"C:\\Python27\\lib\\site-packages\\selenium\\webdriver\\remote\\webdriver.py\", line 314, in execute    self.error_handler.check_response(response)  File \"C:\\Python27\\lib\\site-packages\\appium\\webdriver\\errorhandler.py\", line 29, in check_response    raise wdeNoSuchElementException: Message: An element could not be located on the page using the given search parameters."},{"firstjacocotime":0.5730002,"tagname":"3_023","firstexecutionsuccess":false,"firsttestcasepath":"\\testcase\\firstcases\\testcase3_023.py","firstconsumedtime":43.768,"firstlocpath":null,"firstcoveragepath":"\\coverage\\pwpreferencecoverage\\coverage2_3_023_pw.ec","firsterrorlog":"FAILstr(e):\t\tMessage: An element could not be located on the page using the given search parameters.repr(e):\tNoSuchElementException()Traceback (most recent call last):  File \"\\testcase\\firstcases\\testcase3_023.py\", line 86, in <module>    element = getElememt(driver, \"new UiSelector().resourceId(\\\"org.wikipedia:id\/view_page_header_edit_pencil\\\").className(\\\"android.widget.ImageView\\\")\")  File \"\\testcase\\firstcases\\testcase3_023.py\", line 28, in getElememt    element = driver.find_element_by_android_uiautomator(str)  File \"C:\\Python27\\lib\\site-packages\\appium\\webdriver\\webdriver.py\", line 156, in find_element_by_android_uiautomator    return self.find_element(by=By.ANDROID_UIAUTOMATOR, value=uia_string)  File \"C:\\Python27\\lib\\site-packages\\selenium\\webdriver\\remote\\webdriver.py\", line 957, in find_element    'value': value})['value']  File \"C:\\Python27\\lib\\site-packages\\selenium\\webdriver\\remote\\webdriver.py\", line 314, in execute    self.error_handler.check_response(response)  File \"C:\\Python27\\lib\\site-packages\\appium\\webdriver\\errorhandler.py\", line 29, in check_response    raise wdeNoSuchElementException: Message: An element could not be located on the page using the given search parameters."},{"firstjacocotime":0.02699995,"tagname":"4_003","firstexecutionsuccess":false,"firsttestcasepath":"\\testcase\\firstcases\\testcase4_003.py","firstconsumedtime":19.052,"firstlocpath":null,"firstcoveragepath":"\\coverage\\pwpreferencecoverage\\coverage2_4_003_pw.ec","firsterrorlog":"FAILstr(e):\t\tMessage: An element could not be located on the page using the given search parameters.repr(e):\tNoSuchElementException()Traceback (most recent call last):  File \"\\testcase\\firstcases\\testcase4_003.py\", line 68, in <module>    element = getElememt(driver, \"new UiSelector().resourceId(\\\"org.wikipedia:id\/icon\\\").className(\\\"android.widget.ImageView\\\")\")  File \"\\testcase\\firstcases\\testcase4_003.py\", line 28, in getElememt    element = driver.find_element_by_android_uiautomator(str)  File \"C:\\Python27\\lib\\site-packages\\appium\\webdriver\\webdriver.py\", line 156, in find_element_by_android_uiautomator    return self.find_element(by=By.ANDROID_UIAUTOMATOR, value=uia_string)  File \"C:\\Python27\\lib\\site-packages\\selenium\\webdriver\\remote\\webdriver.py\", line 957, in find_element    'value': value})['value']  File \"C:\\Python27\\lib\\site-packages\\selenium\\webdriver\\remote\\webdriver.py\", line 314, in execute    self.error_handler.check_response(response)  File \"C:\\Python27\\lib\\site-packages\\appium\\webdriver\\errorhandler.py\", line 29, in check_response    raise wdeNoSuchElementException: Message: An element could not be located on the page using the given search parameters."},{"firstjacocotime":0.025000095,"tagname":"4_004","firstexecutionsuccess":false,"firsttestcasepath":"\\testcase\\firstcases\\testcase4_004.py","firstconsumedtime":34.091,"firstlocpath":null,"firstcoveragepath":"\\coverage\\pwpreferencecoverage\\coverage2_4_004_pw.ec","firsterrorlog":"FAILstr(e):\t\tMessage: An element could not be located on the page using the given search parameters.repr(e):\tNoSuchElementException()Traceback (most recent call last):  File \"\\testcase\\firstcases\\testcase4_004.py\", line 76, in <module>    element = getElememt(driver, \"new UiSelector().className(\\\"android.widget.ImageView\\\").description(\\\"Add this article to a reading list\\\")\")  File \"\\testcase\\firstcases\\testcase4_004.py\", line 28, in getElememt    element = driver.find_element_by_android_uiautomator(str)  File \"C:\\Python27\\lib\\site-packages\\appium\\webdriver\\webdriver.py\", line 156, in find_element_by_android_uiautomator    return self.find_element(by=By.ANDROID_UIAUTOMATOR, value=uia_string)  File \"C:\\Python27\\lib\\site-packages\\selenium\\webdriver\\remote\\webdriver.py\", line 957, in find_element    'value': value})['value']  File \"C:\\Python27\\lib\\site-packages\\selenium\\webdriver\\remote\\webdriver.py\", line 314, in execute    self.error_handler.check_response(response)  File \"C:\\Python27\\lib\\site-packages\\appium\\webdriver\\errorhandler.py\", line 29, in check_response    raise wdeNoSuchElementException: Message: An element could not be located on the page using the given search parameters."},{"firstjacocotime":10.509,"tagname":"4_005","firstexecutionsuccess":false,"firsttestcasepath":"\\testcase\\firstcases\\testcase4_005.py","firstconsumedtime":47.784,"firstlocpath":null,"firstcoveragepath":"\\coverage\\pwpreferencecoverage\\coverage2_4_005_pw.ec","firsterrorlog":"FAILstr(e):\t\tMessage: An element could not be located on the page using the given search parameters.repr(e):\tNoSuchElementException()Traceback (most recent call last):  File \"\\testcase\\firstcases\\testcase4_005.py\", line 76, in <module>    element = getElememt(driver, \"new UiSelector().resourceId(\\\"org.wikipedia:id\/search_close_btn\\\").className(\\\"android.widget.ImageView\\\")\")  File \"\\testcase\\firstcases\\testcase4_005.py\", line 28, in getElememt    element = driver.find_element_by_android_uiautomator(str)  File \"C:\\Python27\\lib\\site-packages\\appium\\webdriver\\webdriver.py\", line 156, in find_element_by_android_uiautomator    return self.find_element(by=By.ANDROID_UIAUTOMATOR, value=uia_string)  File \"C:\\Python27\\lib\\site-packages\\selenium\\webdriver\\remote\\webdriver.py\", line 957, in find_element    'value': value})['value']  File \"C:\\Python27\\lib\\site-packages\\selenium\\webdriver\\remote\\webdriver.py\", line 314, in execute    self.error_handler.check_response(response)  File \"C:\\Python27\\lib\\site-packages\\appium\\webdriver\\errorhandler.py\", line 29, in check_response    raise wdeNoSuchElementException: Message: An element could not be located on the page using the given search parameters."},{"firstjacocotime":6.158,"tagname":"4_006","firstexecutionsuccess":false,"firsttestcasepath":"\\testcase\\firstcases\\testcase4_006.py","firstconsumedtime":38.055,"firstlocpath":null,"firstcoveragepath":"\\coverage\\pwpreferencecoverage\\coverage2_4_006_pw.ec","firsterrorlog":"FAILstr(e):\t\tMessage: An element could not be located on the page using the given search parameters.repr(e):\tNoSuchElementException()Traceback (most recent call last):  File \"\\testcase\\firstcases\\testcase4_006.py\", line 78, in <module>    element = getElememt(driver, \"new UiSelector().className(\\\"android.widget.ImageButton\\\").description(\\\"Navigate up\\\")\")  File \"\\testcase\\firstcases\\testcase4_006.py\", line 28, in getElememt    element = driver.find_element_by_android_uiautomator(str)  File \"C:\\Python27\\lib\\site-packages\\appium\\webdriver\\webdriver.py\", line 156, in find_element_by_android_uiautomator    return self.find_element(by=By.ANDROID_UIAUTOMATOR, value=uia_string)  File \"C:\\Python27\\lib\\site-packages\\selenium\\webdriver\\remote\\webdriver.py\", line 957, in find_element    'value': value})['value']  File \"C:\\Python27\\lib\\site-packages\\selenium\\webdriver\\remote\\webdriver.py\", line 314, in execute    self.error_handler.check_response(response)  File \"C:\\Python27\\lib\\site-packages\\appium\\webdriver\\errorhandler.py\", line 29, in check_response    raise wdeNoSuchElementException: Message: An element could not be located on the page using the given search parameters."},{"firstjacocotime":21.602,"tagname":"4_007","firstexecutionsuccess":false,"firsttestcasepath":"\\testcase\\firstcases\\testcase4_007.py","firstconsumedtime":26.281,"firstlocpath":null,"firstcoveragepath":"\\coverage\\pwpreferencecoverage\\coverage2_4_007_pw.ec","firsterrorlog":"FAILstr(e):\t\tMessage: An element could not be located on the page using the given search parameters.repr(e):\tNoSuchElementException()Traceback (most recent call last):  File \"\\testcase\\firstcases\\testcase4_007.py\", line 74, in <module>    element = getElememt(driver, \"new UiSelector().resourceId(\\\"org.wikipedia:id\/search_empty_image\\\").className(\\\"android.widget.ImageView\\\")\")  File \"\\testcase\\firstcases\\testcase4_007.py\", line 28, in getElememt    element = driver.find_element_by_android_uiautomator(str)  File \"C:\\Python27\\lib\\site-packages\\appium\\webdriver\\webdriver.py\", line 156, in find_element_by_android_uiautomator    return self.find_element(by=By.ANDROID_UIAUTOMATOR, value=uia_string)  File \"C:\\Python27\\lib\\site-packages\\selenium\\webdriver\\remote\\webdriver.py\", line 957, in find_element    'value': value})['value']  File \"C:\\Python27\\lib\\site-packages\\selenium\\webdriver\\remote\\webdriver.py\", line 314, in execute    self.error_handler.check_response(response)  File \"C:\\Python27\\lib\\site-packages\\appium\\webdriver\\errorhandler.py\", line 29, in check_response    raise wdeNoSuchElementException: Message: An element could not be located on the page using the given search parameters."},{"firstjacocotime":32.028,"tagname":"4_008","firstexecutionsuccess":true,"firsttestcasepath":"\\testcase\\firstcases\\testcase4_008.py","firstconsumedtime":10.797,"firstlocpath":null,"firstcoveragepath":"\\coverage\\pwpreferencecoverage\\coverage2_4_008_pw.ec","firsterrorlog":null},{"firstjacocotime":0.63199997,"tagname":"4_009","firstexecutionsuccess":false,"firsttestcasepath":"\\testcase\\firstcases\\testcase4_009.py","firstconsumedtime":28.47,"firstlocpath":null,"firstcoveragepath":"\\coverage\\pwpreferencecoverage\\coverage2_4_009_pw.ec","firsterrorlog":"FAILstr(e):\t\tMessage: An element could not be located on the page using the given search parameters.repr(e):\tNoSuchElementException()Traceback (most recent call last):  File \"\\testcase\\firstcases\\testcase4_009.py\", line 74, in <module>    element = getElememt(driver, \"new UiSelector().resourceId(\\\"org.wikipedia:id\/icon\\\").className(\\\"android.widget.ImageView\\\")\")  File \"\\testcase\\firstcases\\testcase4_009.py\", line 28, in getElememt    element = driver.find_element_by_android_uiautomator(str)  File \"C:\\Python27\\lib\\site-packages\\appium\\webdriver\\webdriver.py\", line 156, in find_element_by_android_uiautomator    return self.find_element(by=By.ANDROID_UIAUTOMATOR, value=uia_string)  File \"C:\\Python27\\lib\\site-packages\\selenium\\webdriver\\remote\\webdriver.py\", line 957, in find_element    'value': value})['value']  File \"C:\\Python27\\lib\\site-packages\\selenium\\webdriver\\remote\\webdriver.py\", line 314, in execute    self.error_handler.check_response(response)  File \"C:\\Python27\\lib\\site-packages\\appium\\webdriver\\errorhandler.py\", line 29, in check_response    raise wdeNoSuchElementException: Message: An element could not be located on the page using the given search parameters."},{"firstjacocotime":0.028000116,"tagname":"4_000","firstexecutionsuccess":false,"firsttestcasepath":"\\testcase\\firstcases\\testcase4_000.py","firstconsumedtime":22.91,"firstlocpath":null,"firstcoveragepath":"\\coverage\\pwpreferencecoverage\\coverage2_4_000_pw.ec","firsterrorlog":"FAILstr(e):\t\tMessage: An element could not be located on the page using the given search parameters.repr(e):\tNoSuchElementException()Traceback (most recent call last):  File \"\\testcase\\firstcases\\testcase4_000.py\", line 70, in <module>    element = getElememt(driver, \"new UiSelector().resourceId(\\\"org.wikipedia:id\/view_static_card_icon\\\").className(\\\"android.widget.ImageView\\\")\")  File \"\\testcase\\firstcases\\testcase4_000.py\", line 28, in getElememt    element = driver.find_element_by_android_uiautomator(str)  File \"C:\\Python27\\lib\\site-packages\\appium\\webdriver\\webdriver.py\", line 156, in find_element_by_android_uiautomator    return self.find_element(by=By.ANDROID_UIAUTOMATOR, value=uia_string)  File \"C:\\Python27\\lib\\site-packages\\selenium\\webdriver\\remote\\webdriver.py\", line 957, in find_element    'value': value})['value']  File \"C:\\Python27\\lib\\site-packages\\selenium\\webdriver\\remote\\webdriver.py\", line 314, in execute    self.error_handler.check_response(response)  File \"C:\\Python27\\lib\\site-packages\\appium\\webdriver\\errorhandler.py\", line 29, in check_response    raise wdeNoSuchElementException: Message: An element could not be located on the page using the given search parameters."},{"firstjacocotime":0.038000107,"tagname":"4_001","firstexecutionsuccess":false,"firsttestcasepath":"\\testcase\\firstcases\\testcase4_001.py","firstconsumedtime":31.71,"firstlocpath":null,"firstcoveragepath":"\\coverage\\pwpreferencecoverage\\coverage2_4_001_pw.ec","firsterrorlog":"FAILstr(e):\t\tMessage: An element could not be located on the page using the given search parameters.repr(e):\tNoSuchElementException()Traceback (most recent call last):  File \"\\testcase\\firstcases\\testcase4_001.py\", line 78, in <module>    element = getElememt(driver, \"new UiSelector().resourceId(\\\"org.wikipedia:id\/voice_search_button\\\").className(\\\"android.widget.ImageView\\\")\")  File \"\\testcase\\firstcases\\testcase4_001.py\", line 28, in getElememt    element = driver.find_element_by_android_uiautomator(str)  File \"C:\\Python27\\lib\\site-packages\\appium\\webdriver\\webdriver.py\", line 156, in find_element_by_android_uiautomator    return self.find_element(by=By.ANDROID_UIAUTOMATOR, value=uia_string)  File \"C:\\Python27\\lib\\site-packages\\selenium\\webdriver\\remote\\webdriver.py\", line 957, in find_element    'value': value})['value']  File \"C:\\Python27\\lib\\site-packages\\selenium\\webdriver\\remote\\webdriver.py\", line 314, in execute    self.error_handler.check_response(response)  File \"C:\\Python27\\lib\\site-packages\\appium\\webdriver\\errorhandler.py\", line 29, in check_response    raise wdeNoSuchElementException: Message: An element could not be located on the page using the given search parameters."},{"firstjacocotime":0.02699995,"tagname":"4_002","firstexecutionsuccess":false,"firsttestcasepath":"\\testcase\\firstcases\\testcase4_002.py","firstconsumedtime":23.877,"firstlocpath":null,"firstcoveragepath":"\\coverage\\pwpreferencecoverage\\coverage2_4_002_pw.ec","firsterrorlog":"FAILstr(e):\t\tMessage: An element could not be located on the page using the given search parameters.repr(e):\tNoSuchElementException()Traceback (most recent call last):  File \"\\testcase\\firstcases\\testcase4_002.py\", line 74, in <module>    element = getElememt(driver, \"new UiSelector().resourceId(\\\"org.wikipedia:id\/icon\\\").className(\\\"android.widget.ImageView\\\")\")  File \"\\testcase\\firstcases\\testcase4_002.py\", line 28, in getElememt    element = driver.find_element_by_android_uiautomator(str)  File \"C:\\Python27\\lib\\site-packages\\appium\\webdriver\\webdriver.py\", line 156, in find_element_by_android_uiautomator    return self.find_element(by=By.ANDROID_UIAUTOMATOR, value=uia_string)  File \"C:\\Python27\\lib\\site-packages\\selenium\\webdriver\\remote\\webdriver.py\", line 957, in find_element    'value': value})['value']  File \"C:\\Python27\\lib\\site-packages\\selenium\\webdriver\\remote\\webdriver.py\", line 314, in execute    self.error_handler.check_response(response)  File \"C:\\Python27\\lib\\site-packages\\appium\\webdriver\\errorhandler.py\", line 29, in check_response    raise wdeNoSuchElementException: Message: An element could not be located on the page using the given search parameters."},{"firstjacocotime":35.01,"tagname":"3_017","firstexecutionsuccess":true,"firsttestcasepath":"\\testcase\\firstcases\\testcase3_017.py","firstconsumedtime":14.666,"firstlocpath":null,"firstcoveragepath":"\\coverage\\pwpreferencecoverage\\coverage2_3_017_pw.ec","firsterrorlog":null},{"firstjacocotime":7.142,"tagname":"3_018","firstexecutionsuccess":true,"firsttestcasepath":"\\testcase\\firstcases\\testcase3_018.py","firstconsumedtime":18.439001,"firstlocpath":null,"firstcoveragepath":"\\coverage\\pwpreferencecoverage\\coverage2_3_018_pw.ec","firsterrorlog":null},{"firstjacocotime":53.305,"tagname":"3_015","firstexecutionsuccess":false,"firsttestcasepath":"\\testcase\\firstcases\\testcase3_015.py","firstconsumedtime":53.947,"firstlocpath":null,"firstcoveragepath":"\\coverage\\pwpreferencecoverage\\coverage2_3_015_pw.ec","firsterrorlog":"FAILstr(e):\t\tMessage: An element could not be located on the page using the given search parameters.repr(e):\tNoSuchElementException()Traceback (most recent call last):  File \"\\testcase\\firstcases\\testcase3_015.py\", line 90, in <module>    element = getElememt(driver, \"new UiSelector().className(\\\"android.widget.ImageButton\\\").description(\\\"Navigate up\\\")\")  File \"\\testcase\\firstcases\\testcase3_015.py\", line 28, in getElememt    element = driver.find_element_by_android_uiautomator(str)  File \"C:\\Python27\\lib\\site-packages\\appium\\webdriver\\webdriver.py\", line 156, in find_element_by_android_uiautomator    return self.find_element(by=By.ANDROID_UIAUTOMATOR, value=uia_string)  File \"C:\\Python27\\lib\\site-packages\\selenium\\webdriver\\remote\\webdriver.py\", line 957, in find_element    'value': value})['value']  File \"C:\\Python27\\lib\\site-packages\\selenium\\webdriver\\remote\\webdriver.py\", line 314, in execute    self.error_handler.check_response(response)  File \"C:\\Python27\\lib\\site-packages\\appium\\webdriver\\errorhandler.py\", line 29, in check_response    raise wdeNoSuchElementException: Message: An element could not be located on the page using the given search parameters."},{"firstjacocotime":11.455999,"tagname":"3_016","firstexecutionsuccess":false,"firsttestcasepath":"\\testcase\\firstcases\\testcase3_016.py","firstconsumedtime":35.34,"firstlocpath":null,"firstcoveragepath":"\\coverage\\pwpreferencecoverage\\coverage2_3_016_pw.ec","firsterrorlog":"FAILstr(e):\t\tMessage: An element could not be located on the page using the given search parameters.repr(e):\tNoSuchElementException()Traceback (most recent call last):  File \"\\testcase\\firstcases\\testcase3_016.py\", line 80, in <module>    element = getElememt(driver, \"new UiSelector().resourceId(\\\"org.wikipedia:id\/search_empty_image\\\").className(\\\"android.widget.ImageView\\\")\")  File \"\\testcase\\firstcases\\testcase3_016.py\", line 28, in getElememt    element = driver.find_element_by_android_uiautomator(str)  File \"C:\\Python27\\lib\\site-packages\\appium\\webdriver\\webdriver.py\", line 156, in find_element_by_android_uiautomator    return self.find_element(by=By.ANDROID_UIAUTOMATOR, value=uia_string)  File \"C:\\Python27\\lib\\site-packages\\selenium\\webdriver\\remote\\webdriver.py\", line 957, in find_element    'value': value})['value']  File \"C:\\Python27\\lib\\site-packages\\selenium\\webdriver\\remote\\webdriver.py\", line 314, in execute    self.error_handler.check_response(response)  File \"C:\\Python27\\lib\\site-packages\\appium\\webdriver\\errorhandler.py\", line 29, in check_response    raise wdeNoSuchElementException: Message: An element could not be located on the page using the given search parameters."},{"firstjacocotime":11.5199995,"tagname":"1_028","firstexecutionsuccess":false,"firsttestcasepath":"\\testcase\\firstcases\\testcase1_028.py","firstconsumedtime":42.399,"firstlocpath":null,"firstcoveragepath":"\\coverage\\pwpreferencecoverage\\coverage2_1_028_pw.ec","firsterrorlog":"FAILstr(e):\t\tMessage: An element could not be located on the page using the given search parameters.repr(e):\tNoSuchElementException()Traceback (most recent call last):  File \"\\testcase\\firstcases\\testcase1_028.py\", line 84, in <module>    element = getElememt(driver, \"new UiSelector().className(\\\"android.widget.ImageView\\\").description(\\\"Share the article link\\\")\")  File \"\\testcase\\firstcases\\testcase1_028.py\", line 28, in getElememt    element = driver.find_element_by_android_uiautomator(str)  File \"C:\\Python27\\lib\\site-packages\\appium\\webdriver\\webdriver.py\", line 156, in find_element_by_android_uiautomator    return self.find_element(by=By.ANDROID_UIAUTOMATOR, value=uia_string)  File \"C:\\Python27\\lib\\site-packages\\selenium\\webdriver\\remote\\webdriver.py\", line 957, in find_element    'value': value})['value']  File \"C:\\Python27\\lib\\site-packages\\selenium\\webdriver\\remote\\webdriver.py\", line 314, in execute    self.error_handler.check_response(response)  File \"C:\\Python27\\lib\\site-packages\\appium\\webdriver\\errorhandler.py\", line 29, in check_response    raise wdeNoSuchElementException: Message: An element could not be located on the page using the given search parameters."},{"firstjacocotime":34.038,"tagname":"3_019","firstexecutionsuccess":true,"firsttestcasepath":"\\testcase\\firstcases\\testcase3_019.py","firstconsumedtime":12.614,"firstlocpath":null,"firstcoveragepath":"\\coverage\\pwpreferencecoverage\\coverage2_3_019_pw.ec","firsterrorlog":null},{"firstjacocotime":32.152,"tagname":"1_029","firstexecutionsuccess":false,"firsttestcasepath":"\\testcase\\firstcases\\testcase1_029.py","firstconsumedtime":80.141,"firstlocpath":null,"firstcoveragepath":"\\coverage\\pwpreferencecoverage\\coverage2_1_029_pw.ec","firsterrorlog":"FAILstr(e):\t\tMessage: An element could not be located on the page using the given search parameters.repr(e):\tNoSuchElementException()Traceback (most recent call last):  File \"\\testcase\\firstcases\\testcase1_029.py\", line 100, in <module>    element = getElememt(driver, \"new UiSelector().resourceId(\\\"org.wikipedia:id\/search_empty_image\\\").className(\\\"android.widget.ImageView\\\")\")  File \"\\testcase\\firstcases\\testcase1_029.py\", line 28, in getElememt    element = driver.find_element_by_android_uiautomator(str)  File \"C:\\Python27\\lib\\site-packages\\appium\\webdriver\\webdriver.py\", line 156, in find_element_by_android_uiautomator    return self.find_element(by=By.ANDROID_UIAUTOMATOR, value=uia_string)  File \"C:\\Python27\\lib\\site-packages\\selenium\\webdriver\\remote\\webdriver.py\", line 957, in find_element    'value': value})['value']  File \"C:\\Python27\\lib\\site-packages\\selenium\\webdriver\\remote\\webdriver.py\", line 314, in execute    self.error_handler.check_response(response)  File \"C:\\Python27\\lib\\site-packages\\appium\\webdriver\\errorhandler.py\", line 29, in check_response    raise wdeNoSuchElementException: Message: An element could not be located on the page using the given search parameters."},{"firstjacocotime":34.899,"tagname":"1_026","firstexecutionsuccess":false,"firsttestcasepath":"\\testcase\\firstcases\\testcase1_026.py","firstconsumedtime":28.218,"firstlocpath":null,"firstcoveragepath":"\\coverage\\pwpreferencecoverage\\coverage2_1_026_pw.ec","firsterrorlog":"FAILstr(e):\t\tMessage: An element could not be located on the page using the given search parameters.repr(e):\tNoSuchElementException()Traceback (most recent call last):  File \"\\testcase\\firstcases\\testcase1_026.py\", line 73, in <module>    element = getElememt(driver, \"new UiSelector().resourceId(\\\"org.wikipedia:id\/voice_search_button\\\").className(\\\"android.widget.ImageView\\\")\")  File \"\\testcase\\firstcases\\testcase1_026.py\", line 28, in getElememt    element = driver.find_element_by_android_uiautomator(str)  File \"C:\\Python27\\lib\\site-packages\\appium\\webdriver\\webdriver.py\", line 156, in find_element_by_android_uiautomator    return self.find_element(by=By.ANDROID_UIAUTOMATOR, value=uia_string)  File \"C:\\Python27\\lib\\site-packages\\selenium\\webdriver\\remote\\webdriver.py\", line 957, in find_element    'value': value})['value']  File \"C:\\Python27\\lib\\site-packages\\selenium\\webdriver\\remote\\webdriver.py\", line 314, in execute    self.error_handler.check_response(response)  File \"C:\\Python27\\lib\\site-packages\\appium\\webdriver\\errorhandler.py\", line 29, in check_response    raise wdeNoSuchElementException: Message: An element could not be located on the page using the given search parameters."},{"firstjacocotime":51.453,"tagname":"1_027","firstexecutionsuccess":false,"firsttestcasepath":"\\testcase\\firstcases\\testcase1_027.py","firstconsumedtime":58.415,"firstlocpath":null,"firstcoveragepath":"\\coverage\\pwpreferencecoverage\\coverage2_1_027_pw.ec","firsterrorlog":"FAILstr(e):\t\tMessage: An element could not be located on the page using the given search parameters.repr(e):\tNoSuchElementException()Traceback (most recent call last):  File \"\\testcase\\firstcases\\testcase1_027.py\", line 89, in <module>    element = getElememt(driver, \"new UiSelector().resourceId(\\\"org.wikipedia:id\/search_empty_image\\\").className(\\\"android.widget.ImageView\\\")\")  File \"\\testcase\\firstcases\\testcase1_027.py\", line 28, in getElememt    element = driver.find_element_by_android_uiautomator(str)  File \"C:\\Python27\\lib\\site-packages\\appium\\webdriver\\webdriver.py\", line 156, in find_element_by_android_uiautomator    return self.find_element(by=By.ANDROID_UIAUTOMATOR, value=uia_string)  File \"C:\\Python27\\lib\\site-packages\\selenium\\webdriver\\remote\\webdriver.py\", line 957, in find_element    'value': value})['value']  File \"C:\\Python27\\lib\\site-packages\\selenium\\webdriver\\remote\\webdriver.py\", line 314, in execute    self.error_handler.check_response(response)  File \"C:\\Python27\\lib\\site-packages\\appium\\webdriver\\errorhandler.py\", line 29, in check_response    raise wdeNoSuchElementException: Message: An element could not be located on the page using the given search parameters."},{"firstjacocotime":49.241,"tagname":"3_010","firstexecutionsuccess":false,"firsttestcasepath":"\\testcase\\firstcases\\testcase3_010.py","firstconsumedtime":60.538,"firstlocpath":null,"firstcoveragepath":"\\coverage\\pwpreferencecoverage\\coverage2_3_010_pw.ec","firsterrorlog":"FAILstr(e):\t\tMessage: An element could not be located on the page using the given search parameters.repr(e):\tNoSuchElementException()Traceback (most recent call last):  File \"\\testcase\\firstcases\\testcase3_010.py\", line 94, in <module>    element = getElememt(driver, \"new UiSelector().resourceId(\\\"org.wikipedia:id\/search_close_btn\\\").className(\\\"android.widget.ImageView\\\")\")  File \"\\testcase\\firstcases\\testcase3_010.py\", line 28, in getElememt    element = driver.find_element_by_android_uiautomator(str)  File \"C:\\Python27\\lib\\site-packages\\appium\\webdriver\\webdriver.py\", line 156, in find_element_by_android_uiautomator    return self.find_element(by=By.ANDROID_UIAUTOMATOR, value=uia_string)  File \"C:\\Python27\\lib\\site-packages\\selenium\\webdriver\\remote\\webdriver.py\", line 957, in find_element    'value': value})['value']  File \"C:\\Python27\\lib\\site-packages\\selenium\\webdriver\\remote\\webdriver.py\", line 314, in execute    self.error_handler.check_response(response)  File \"C:\\Python27\\lib\\site-packages\\appium\\webdriver\\errorhandler.py\", line 29, in check_response    raise wdeNoSuchElementException: Message: An element could not be located on the page using the given search parameters."},{"firstjacocotime":46.634,"tagname":"1_024","firstexecutionsuccess":true,"firsttestcasepath":"\\testcase\\firstcases\\testcase1_024.py","firstconsumedtime":10.25,"firstlocpath":null,"firstcoveragepath":"\\coverage\\pwpreferencecoverage\\coverage2_1_024_pw.ec","firsterrorlog":null},{"firstjacocotime":0.5209999,"tagname":"1_025","firstexecutionsuccess":true,"firsttestcasepath":"\\testcase\\firstcases\\testcase1_025.py","firstconsumedtime":43.957,"firstlocpath":null,"firstcoveragepath":"\\coverage\\pwpreferencecoverage\\coverage2_1_025_pw.ec","firsterrorlog":null},{"firstjacocotime":40.001,"tagname":"1_022","firstexecutionsuccess":true,"firsttestcasepath":"\\testcase\\firstcases\\testcase1_022.py","firstconsumedtime":9.335,"firstlocpath":null,"firstcoveragepath":"\\coverage\\pwpreferencecoverage\\coverage2_1_022_pw.ec","firsterrorlog":null},{"firstjacocotime":21.669,"tagname":"3_013","firstexecutionsuccess":false,"firsttestcasepath":"\\testcase\\firstcases\\testcase3_013.py","firstconsumedtime":24.218,"firstlocpath":null,"firstcoveragepath":"\\coverage\\pwpreferencecoverage\\coverage2_3_013_pw.ec","firsterrorlog":"FAILstr(e):\t\tMessage: An element could not be located on the page using the given search parameters.repr(e):\tNoSuchElementException()Traceback (most recent call last):  File \"\\testcase\\firstcases\\testcase3_013.py\", line 70, in <module>    element = getElememt(driver, \"new UiSelector().resourceId(\\\"org.wikipedia:id\/icon\\\").className(\\\"android.widget.ImageView\\\")\")  File \"\\testcase\\firstcases\\testcase3_013.py\", line 28, in getElememt    element = driver.find_element_by_android_uiautomator(str)  File \"C:\\Python27\\lib\\site-packages\\appium\\webdriver\\webdriver.py\", line 156, in find_element_by_android_uiautomator    return self.find_element(by=By.ANDROID_UIAUTOMATOR, value=uia_string)  File \"C:\\Python27\\lib\\site-packages\\selenium\\webdriver\\remote\\webdriver.py\", line 957, in find_element    'value': value})['value']  File \"C:\\Python27\\lib\\site-packages\\selenium\\webdriver\\remote\\webdriver.py\", line 314, in execute    self.error_handler.check_response(response)  File \"C:\\Python27\\lib\\site-packages\\appium\\webdriver\\errorhandler.py\", line 29, in check_response    raise wdeNoSuchElementException: Message: An element could not be located on the page using the given search parameters."},{"firstjacocotime":0.57700014,"tagname":"1_023","firstexecutionsuccess":false,"firsttestcasepath":"\\testcase\\firstcases\\testcase1_023.py","firstconsumedtime":43.012,"firstlocpath":null,"firstcoveragepath":"\\coverage\\pwpreferencecoverage\\coverage2_1_023_pw.ec","firsterrorlog":"FAILstr(e):\t\tMessage: An element could not be located on the page using the given search parameters.repr(e):\tNoSuchElementException()Traceback (most recent call last):  File \"\\testcase\\firstcases\\testcase1_023.py\", line 79, in <module>    TouchAction(driver).tap(element).perform()  File \"C:\\Python27\\lib\\site-packages\\appium\\webdriver\\common\\touch_action.py\", line 94, in perform    self._driver.execute(Command.TOUCH_ACTION, params)  File \"C:\\Python27\\lib\\site-packages\\selenium\\webdriver\\remote\\webdriver.py\", line 314, in execute    self.error_handler.check_response(response)  File \"C:\\Python27\\lib\\site-packages\\appium\\webdriver\\errorhandler.py\", line 29, in check_response    raise wdeNoSuchElementException: Message: An element could not be located on the page using the given search parameters."},{"firstjacocotime":3.3960001,"tagname":"3_014","firstexecutionsuccess":false,"firsttestcasepath":"\\testcase\\firstcases\\testcase3_014.py","firstconsumedtime":41.859,"firstlocpath":null,"firstcoveragepath":"\\coverage\\pwpreferencecoverage\\coverage2_3_014_pw.ec","firsterrorlog":"FAILstr(e):\t\tMessage: An element could not be located on the page using the given search parameters.repr(e):\tNoSuchElementException()Traceback (most recent call last):  File \"\\testcase\\firstcases\\testcase3_014.py\", line 77, in <module>    element = getElememt(driver, \"new UiSelector().className(\\\"android.widget.ImageButton\\\")\")  File \"\\testcase\\firstcases\\testcase3_014.py\", line 28, in getElememt    element = driver.find_element_by_android_uiautomator(str)  File \"C:\\Python27\\lib\\site-packages\\appium\\webdriver\\webdriver.py\", line 156, in find_element_by_android_uiautomator    return self.find_element(by=By.ANDROID_UIAUTOMATOR, value=uia_string)  File \"C:\\Python27\\lib\\site-packages\\selenium\\webdriver\\remote\\webdriver.py\", line 957, in find_element    'value': value})['value']  File \"C:\\Python27\\lib\\site-packages\\selenium\\webdriver\\remote\\webdriver.py\", line 314, in execute    self.error_handler.check_response(response)  File \"C:\\Python27\\lib\\site-packages\\appium\\webdriver\\errorhandler.py\", line 29, in check_response    raise wdeNoSuchElementException: Message: An element could not be located on the page using the given search parameters."},{"firstjacocotime":0.546,"tagname":"1_020","firstexecutionsuccess":true,"firsttestcasepath":"\\testcase\\firstcases\\testcase1_020.py","firstconsumedtime":49.707,"firstlocpath":null,"firstcoveragepath":"\\coverage\\pwpreferencecoverage\\coverage2_1_020_pw.ec","firsterrorlog":null},{"firstjacocotime":46.486,"tagname":"3_011","firstexecutionsuccess":false,"firsttestcasepath":"\\testcase\\firstcases\\testcase3_011.py","firstconsumedtime":63.158,"firstlocpath":null,"firstcoveragepath":"\\coverage\\pwpreferencecoverage\\coverage2_3_011_pw.ec","firsterrorlog":"FAILstr(e):\t\tMessage: An element could not be located on the page using the given search parameters.repr(e):\tNoSuchElementException()Traceback (most recent call last):  File \"\\testcase\\firstcases\\testcase3_011.py\", line 98, in <module>    element = getElememt(driver, \"new UiSelector().resourceId(\\\"org.wikipedia:id\/find_in_page_next\\\").className(\\\"android.widget.ImageView\\\")\")  File \"\\testcase\\firstcases\\testcase3_011.py\", line 28, in getElememt    element = driver.find_element_by_android_uiautomator(str)  File \"C:\\Python27\\lib\\site-packages\\appium\\webdriver\\webdriver.py\", line 156, in find_element_by_android_uiautomator    return self.find_element(by=By.ANDROID_UIAUTOMATOR, value=uia_string)  File \"C:\\Python27\\lib\\site-packages\\selenium\\webdriver\\remote\\webdriver.py\", line 957, in find_element    'value': value})['value']  File \"C:\\Python27\\lib\\site-packages\\selenium\\webdriver\\remote\\webdriver.py\", line 314, in execute    self.error_handler.check_response(response)  File \"C:\\Python27\\lib\\site-packages\\appium\\webdriver\\errorhandler.py\", line 29, in check_response    raise wdeNoSuchElementException: Message: An element could not be located on the page using the given search parameters."},{"firstjacocotime":58.94,"tagname":"1_021","firstexecutionsuccess":false,"firsttestcasepath":"\\testcase\\firstcases\\testcase1_021.py","firstconsumedtime":52.764,"firstlocpath":null,"firstcoveragepath":"\\coverage\\pwpreferencecoverage\\coverage2_1_021_pw.ec","firsterrorlog":"FAILstr(e):\t\tMessage: An element could not be located on the page using the given search parameters.repr(e):\tNoSuchElementException()Traceback (most recent call last):  File \"\\testcase\\firstcases\\testcase1_021.py\", line 87, in <module>    element = getElememt(driver, \"new UiSelector().resourceId(\\\"org.wikipedia:id\/view_list_card_item_image\\\").className(\\\"android.widget.ImageView\\\")\")  File \"\\testcase\\firstcases\\testcase1_021.py\", line 28, in getElememt    element = driver.find_element_by_android_uiautomator(str)  File \"C:\\Python27\\lib\\site-packages\\appium\\webdriver\\webdriver.py\", line 156, in find_element_by_android_uiautomator    return self.find_element(by=By.ANDROID_UIAUTOMATOR, value=uia_string)  File \"C:\\Python27\\lib\\site-packages\\selenium\\webdriver\\remote\\webdriver.py\", line 957, in find_element    'value': value})['value']  File \"C:\\Python27\\lib\\site-packages\\selenium\\webdriver\\remote\\webdriver.py\", line 314, in execute    self.error_handler.check_response(response)  File \"C:\\Python27\\lib\\site-packages\\appium\\webdriver\\errorhandler.py\", line 29, in check_response    raise wdeNoSuchElementException: Message: An element could not be located on the page using the given search parameters."},{"firstjacocotime":56.12,"tagname":"3_012","firstexecutionsuccess":false,"firsttestcasepath":"\\testcase\\firstcases\\testcase3_012.py","firstconsumedtime":54.1,"firstlocpath":null,"firstcoveragepath":"\\coverage\\pwpreferencecoverage\\coverage2_3_012_pw.ec","firsterrorlog":"FAILstr(e):\t\tMessage: An element could not be located on the page using the given search parameters.repr(e):\tNoSuchElementException()Traceback (most recent call last):  File \"\\testcase\\firstcases\\testcase3_012.py\", line 88, in <module>    element = getElememt(driver, \"new UiSelector().className(\\\"android.widget.ImageView\\\").instance(13)\")  File \"\\testcase\\firstcases\\testcase3_012.py\", line 28, in getElememt    element = driver.find_element_by_android_uiautomator(str)  File \"C:\\Python27\\lib\\site-packages\\appium\\webdriver\\webdriver.py\", line 156, in find_element_by_android_uiautomator    return self.find_element(by=By.ANDROID_UIAUTOMATOR, value=uia_string)  File \"C:\\Python27\\lib\\site-packages\\selenium\\webdriver\\remote\\webdriver.py\", line 957, in find_element    'value': value})['value']  File \"C:\\Python27\\lib\\site-packages\\selenium\\webdriver\\remote\\webdriver.py\", line 314, in execute    self.error_handler.check_response(response)  File \"C:\\Python27\\lib\\site-packages\\appium\\webdriver\\errorhandler.py\", line 29, in check_response    raise wdeNoSuchElementException: Message: An element could not be located on the page using the given search parameters."},{"firstjacocotime":0.54799986,"tagname":"4_014","firstexecutionsuccess":false,"firsttestcasepath":"\\testcase\\firstcases\\testcase4_014.py","firstconsumedtime":47.868,"firstlocpath":null,"firstcoveragepath":"\\coverage\\pwpreferencecoverage\\coverage2_4_014_pw.ec","firsterrorlog":"FAILstr(e):\t\tMessage: An element could not be located on the page using the given search parameters.repr(e):\tNoSuchElementException()Traceback (most recent call last):  File \"\\testcase\\firstcases\\testcase4_014.py\", line 83, in <module>    element = getElememt(driver, \"new UiSelector().resourceId(\\\"org.wikipedia:id\/icon\\\").className(\\\"android.widget.ImageView\\\")\")  File \"\\testcase\\firstcases\\testcase4_014.py\", line 28, in getElememt    element = driver.find_element_by_android_uiautomator(str)  File \"C:\\Python27\\lib\\site-packages\\appium\\webdriver\\webdriver.py\", line 156, in find_element_by_android_uiautomator    return self.find_element(by=By.ANDROID_UIAUTOMATOR, value=uia_string)  File \"C:\\Python27\\lib\\site-packages\\selenium\\webdriver\\remote\\webdriver.py\", line 957, in find_element    'value': value})['value']  File \"C:\\Python27\\lib\\site-packages\\selenium\\webdriver\\remote\\webdriver.py\", line 314, in execute    self.error_handler.check_response(response)  File \"C:\\Python27\\lib\\site-packages\\appium\\webdriver\\errorhandler.py\", line 29, in check_response    raise wdeNoSuchElementException: Message: An element could not be located on the page using the given search parameters."},{"firstjacocotime":13.066,"tagname":"4_015","firstexecutionsuccess":false,"firsttestcasepath":"\\testcase\\firstcases\\testcase4_015.py","firstconsumedtime":30.345,"firstlocpath":null,"firstcoveragepath":"\\coverage\\pwpreferencecoverage\\coverage2_4_015_pw.ec","firsterrorlog":"FAILstr(e):\t\tMessage: An element could not be located on the page using the given search parameters.repr(e):\tNoSuchElementException()Traceback (most recent call last):  File \"\\testcase\\firstcases\\testcase4_015.py\", line 72, in <module>    element = getElememt(driver, \"new UiSelector().resourceId(\\\"org.wikipedia:id\/search_empty_image\\\").className(\\\"android.widget.ImageView\\\")\")  File \"\\testcase\\firstcases\\testcase4_015.py\", line 28, in getElememt    element = driver.find_element_by_android_uiautomator(str)  File \"C:\\Python27\\lib\\site-packages\\appium\\webdriver\\webdriver.py\", line 156, in find_element_by_android_uiautomator    return self.find_element(by=By.ANDROID_UIAUTOMATOR, value=uia_string)  File \"C:\\Python27\\lib\\site-packages\\selenium\\webdriver\\remote\\webdriver.py\", line 957, in find_element    'value': value})['value']  File \"C:\\Python27\\lib\\site-packages\\selenium\\webdriver\\remote\\webdriver.py\", line 314, in execute    self.error_handler.check_response(response)  File \"C:\\Python27\\lib\\site-packages\\appium\\webdriver\\errorhandler.py\", line 29, in check_response    raise wdeNoSuchElementException: Message: An element could not be located on the page using the given search parameters."},{"firstjacocotime":33.956,"tagname":"6_020","firstexecutionsuccess":false,"firsttestcasepath":"\\testcase\\firstcases\\testcase6_020.py","firstconsumedtime":54.769,"firstlocpath":null,"firstcoveragepath":"\\coverage\\pwpreferencecoverage\\coverage2_6_020_pw.ec","firsterrorlog":"FAILstr(e):\t\tMessage: An element could not be located on the page using the given search parameters.repr(e):\tNoSuchElementException()Traceback (most recent call last):  File \"\\testcase\\firstcases\\testcase6_020.py\", line 88, in <module>    element = getElememtBack(driver, \"new UiSelector().text(\\\"OK\\\")\", \"new UiSelector().className(\\\"android.widget.Button\\\").instance(1)\")  File \"\\testcase\\firstcases\\testcase6_020.py\", line 47, in getElememtBack    element = driver.find_element_by_android_uiautomator(str2)  File \"C:\\Python27\\lib\\site-packages\\appium\\webdriver\\webdriver.py\", line 156, in find_element_by_android_uiautomator    return self.find_element(by=By.ANDROID_UIAUTOMATOR, value=uia_string)  File \"C:\\Python27\\lib\\site-packages\\selenium\\webdriver\\remote\\webdriver.py\", line 957, in find_element    'value': value})['value']  File \"C:\\Python27\\lib\\site-packages\\selenium\\webdriver\\remote\\webdriver.py\", line 314, in execute    self.error_handler.check_response(response)  File \"C:\\Python27\\lib\\site-packages\\appium\\webdriver\\errorhandler.py\", line 29, in check_response    raise wdeNoSuchElementException: Message: An element could not be located on the page using the given search parameters."},{"firstjacocotime":3.203,"tagname":"4_016","firstexecutionsuccess":false,"firsttestcasepath":"\\testcase\\firstcases\\testcase4_016.py","firstconsumedtime":39.807,"firstlocpath":null,"firstcoveragepath":"\\coverage\\pwpreferencecoverage\\coverage2_4_016_pw.ec","firsterrorlog":"FAILstr(e):\t\tMessage: An element could not be located on the page using the given search parameters.repr(e):\tNoSuchElementException()Traceback (most recent call last):  File \"\\testcase\\firstcases\\testcase4_016.py\", line 74, in <module>    element = getElememt(driver, \"new UiSelector().resourceId(\\\"org.wikipedia:id\/wiki_language_checkbox\\\").className(\\\"android.widget.CheckBox\\\")\")  File \"\\testcase\\firstcases\\testcase4_016.py\", line 28, in getElememt    element = driver.find_element_by_android_uiautomator(str)  File \"C:\\Python27\\lib\\site-packages\\appium\\webdriver\\webdriver.py\", line 156, in find_element_by_android_uiautomator    return self.find_element(by=By.ANDROID_UIAUTOMATOR, value=uia_string)  File \"C:\\Python27\\lib\\site-packages\\selenium\\webdriver\\remote\\webdriver.py\", line 957, in find_element    'value': value})['value']  File \"C:\\Python27\\lib\\site-packages\\selenium\\webdriver\\remote\\webdriver.py\", line 314, in execute    self.error_handler.check_response(response)  File \"C:\\Python27\\lib\\site-packages\\appium\\webdriver\\errorhandler.py\", line 29, in check_response    raise wdeNoSuchElementException: Message: An element could not be located on the page using the given search parameters."},{"firstjacocotime":23.914,"tagname":"6_021","firstexecutionsuccess":false,"firsttestcasepath":"\\testcase\\firstcases\\testcase6_021.py","firstconsumedtime":23.986,"firstlocpath":null,"firstcoveragepath":"\\coverage\\pwpreferencecoverage\\coverage2_6_021_pw.ec","firsterrorlog":"FAILstr(e):\t\tMessage: An element could not be located on the page using the given search parameters.repr(e):\tNoSuchElementException()Traceback (most recent call last):  File \"\\testcase\\firstcases\\testcase6_021.py\", line 70, in <module>    element = getElememt(driver, \"new UiSelector().resourceId(\\\"org.wikipedia:id\/search_close_btn\\\").className(\\\"android.widget.ImageView\\\")\")  File \"\\testcase\\firstcases\\testcase6_021.py\", line 28, in getElememt    element = driver.find_element_by_android_uiautomator(str)  File \"C:\\Python27\\lib\\site-packages\\appium\\webdriver\\webdriver.py\", line 156, in find_element_by_android_uiautomator    return self.find_element(by=By.ANDROID_UIAUTOMATOR, value=uia_string)  File \"C:\\Python27\\lib\\site-packages\\selenium\\webdriver\\remote\\webdriver.py\", line 957, in find_element    'value': value})['value']  File \"C:\\Python27\\lib\\site-packages\\selenium\\webdriver\\remote\\webdriver.py\", line 314, in execute    self.error_handler.check_response(response)  File \"C:\\Python27\\lib\\site-packages\\appium\\webdriver\\errorhandler.py\", line 29, in check_response    raise wdeNoSuchElementException: Message: An element could not be located on the page using the given search parameters."},{"firstjacocotime":26.786,"tagname":"4_017","firstexecutionsuccess":true,"firsttestcasepath":"\\testcase\\firstcases\\testcase4_017.py","firstconsumedtime":79.469,"firstlocpath":null,"firstcoveragepath":"\\coverage\\pwpreferencecoverage\\coverage2_4_017_pw.ec","firsterrorlog":null},{"firstjacocotime":0.5819998,"tagname":"6_022","firstexecutionsuccess":false,"firsttestcasepath":"\\testcase\\firstcases\\testcase6_022.py","firstconsumedtime":22.749,"firstlocpath":null,"firstcoveragepath":"\\coverage\\pwpreferencecoverage\\coverage2_6_022_pw.ec","firsterrorlog":"FAILstr(e):\t\tMessage: An element could not be located on the page using the given search parameters.repr(e):\tNoSuchElementException()Traceback (most recent call last):  File \"\\testcase\\firstcases\\testcase6_022.py\", line 69, in <module>    TouchAction(driver).tap(element).perform()  File \"C:\\Python27\\lib\\site-packages\\appium\\webdriver\\common\\touch_action.py\", line 94, in perform    self._driver.execute(Command.TOUCH_ACTION, params)  File \"C:\\Python27\\lib\\site-packages\\selenium\\webdriver\\remote\\webdriver.py\", line 314, in execute    self.error_handler.check_response(response)  File \"C:\\Python27\\lib\\site-packages\\appium\\webdriver\\errorhandler.py\", line 29, in check_response    raise wdeNoSuchElementException: Message: An element could not be located on the page using the given search parameters."},{"firstjacocotime":36.353,"tagname":"4_018","firstexecutionsuccess":true,"firsttestcasepath":"\\testcase\\firstcases\\testcase4_018.py","firstconsumedtime":11.846,"firstlocpath":null,"firstcoveragepath":"\\coverage\\pwpreferencecoverage\\coverage2_4_018_pw.ec","firsterrorlog":null},{"firstjacocotime":34.781,"tagname":"4_019","firstexecutionsuccess":true,"firsttestcasepath":"\\testcase\\firstcases\\testcase4_019.py","firstconsumedtime":10.378,"firstlocpath":null,"firstcoveragepath":"\\coverage\\pwpreferencecoverage\\coverage2_4_019_pw.ec","firsterrorlog":null},{"firstjacocotime":26.504,"tagname":"6_027","firstexecutionsuccess":false,"firsttestcasepath":"\\testcase\\firstcases\\testcase6_027.py","firstconsumedtime":22.072,"firstlocpath":null,"firstcoveragepath":"\\coverage\\pwpreferencecoverage\\coverage2_6_027_pw.ec","firsterrorlog":"FAILstr(e):\t\tMessage: An element could not be located on the page using the given search parameters.repr(e):\tNoSuchElementException()Traceback (most recent call last):  File \"\\testcase\\firstcases\\testcase6_027.py\", line 70, in <module>    element = getElememt(driver, \"new UiSelector().resourceId(\\\"org.wikipedia:id\/search_close_btn\\\").className(\\\"android.widget.ImageView\\\")\")  File \"\\testcase\\firstcases\\testcase6_027.py\", line 28, in getElememt    element = driver.find_element_by_android_uiautomator(str)  File \"C:\\Python27\\lib\\site-packages\\appium\\webdriver\\webdriver.py\", line 156, in find_element_by_android_uiautomator    return self.find_element(by=By.ANDROID_UIAUTOMATOR, value=uia_string)  File \"C:\\Python27\\lib\\site-packages\\selenium\\webdriver\\remote\\webdriver.py\", line 957, in find_element    'value': value})['value']  File \"C:\\Python27\\lib\\site-packages\\selenium\\webdriver\\remote\\webdriver.py\", line 314, in execute    self.error_handler.check_response(response)  File \"C:\\Python27\\lib\\site-packages\\appium\\webdriver\\errorhandler.py\", line 29, in check_response    raise wdeNoSuchElementException: Message: An element could not be located on the page using the given search parameters."},{"firstjacocotime":34.111,"tagname":"6_028","firstexecutionsuccess":true,"firsttestcasepath":"\\testcase\\firstcases\\testcase6_028.py","firstconsumedtime":14.55,"firstlocpath":null,"firstcoveragepath":"\\coverage\\pwpreferencecoverage\\coverage2_6_028_pw.ec","firsterrorlog":null},{"firstjacocotime":36.276,"tagname":"6_029","firstexecutionsuccess":true,"firsttestcasepath":"\\testcase\\firstcases\\testcase6_029.py","firstconsumedtime":18.045,"firstlocpath":null,"firstcoveragepath":"\\coverage\\pwpreferencecoverage\\coverage2_6_029_pw.ec","firsterrorlog":null},{"firstjacocotime":59.299,"tagname":"4_010","firstexecutionsuccess":true,"firsttestcasepath":"\\testcase\\firstcases\\testcase4_010.py","firstconsumedtime":10.5199995,"firstlocpath":null,"firstcoveragepath":"\\coverage\\pwpreferencecoverage\\coverage2_4_010_pw.ec","firsterrorlog":null},{"firstjacocotime":57.201,"tagname":"6_023","firstexecutionsuccess":false,"firsttestcasepath":"\\testcase\\firstcases\\testcase6_023.py","firstconsumedtime":22.9,"firstlocpath":null,"firstcoveragepath":"\\coverage\\pwpreferencecoverage\\coverage2_6_023_pw.ec","firsterrorlog":"FAILstr(e):\t\tMessage: An element could not be located on the page using the given search parameters.repr(e):\tNoSuchElementException()Traceback (most recent call last):  File \"\\testcase\\firstcases\\testcase6_023.py\", line 74, in <module>    element = getElememt(driver, \"new UiSelector().resourceId(\\\"org.wikipedia:id\/search_close_btn\\\").className(\\\"android.widget.ImageView\\\")\")  File \"\\testcase\\firstcases\\testcase6_023.py\", line 28, in getElememt    element = driver.find_element_by_android_uiautomator(str)  File \"C:\\Python27\\lib\\site-packages\\appium\\webdriver\\webdriver.py\", line 156, in find_element_by_android_uiautomator    return self.find_element(by=By.ANDROID_UIAUTOMATOR, value=uia_string)  File \"C:\\Python27\\lib\\site-packages\\selenium\\webdriver\\remote\\webdriver.py\", line 957, in find_element    'value': value})['value']  File \"C:\\Python27\\lib\\site-packages\\selenium\\webdriver\\remote\\webdriver.py\", line 314, in execute    self.error_handler.check_response(response)  File \"C:\\Python27\\lib\\site-packages\\appium\\webdriver\\errorhandler.py\", line 29, in check_response    raise wdeNoSuchElementException: Message: An element could not be located on the page using the given search parameters."},{"firstjacocotime":46.013,"tagname":"4_011","firstexecutionsuccess":false,"firsttestcasepath":"\\testcase\\firstcases\\testcase4_011.py","firstconsumedtime":61.788,"firstlocpath":null,"firstcoveragepath":"\\coverage\\pwpreferencecoverage\\coverage2_4_011_pw.ec","firsterrorlog":"FAILstr(e):\t\tMessage: An element could not be located on the page using the given search parameters.repr(e):\tNoSuchElementException()Traceback (most recent call last):  File \"\\testcase\\firstcases\\testcase4_011.py\", line 96, in <module>    element = getElememt(driver, \"new UiSelector().className(\\\"android.widget.ImageView\\\").instance(13)\")  File \"\\testcase\\firstcases\\testcase4_011.py\", line 28, in getElememt    element = driver.find_element_by_android_uiautomator(str)  File \"C:\\Python27\\lib\\site-packages\\appium\\webdriver\\webdriver.py\", line 156, in find_element_by_android_uiautomator    return self.find_element(by=By.ANDROID_UIAUTOMATOR, value=uia_string)  File \"C:\\Python27\\lib\\site-packages\\selenium\\webdriver\\remote\\webdriver.py\", line 957, in find_element    'value': value})['value']  File \"C:\\Python27\\lib\\site-packages\\selenium\\webdriver\\remote\\webdriver.py\", line 314, in execute    self.error_handler.check_response(response)  File \"C:\\Python27\\lib\\site-packages\\appium\\webdriver\\errorhandler.py\", line 29, in check_response    raise wdeNoSuchElementException: Message: An element could not be located on the page using the given search parameters."},{"firstjacocotime":49.847,"tagname":"6_024","firstexecutionsuccess":false,"firsttestcasepath":"\\testcase\\firstcases\\testcase6_024.py","firstconsumedtime":59.972,"firstlocpath":null,"firstcoveragepath":"\\coverage\\pwpreferencecoverage\\coverage2_6_024_pw.ec","firsterrorlog":"FAILstr(e):\t\tMessage: An element could not be located on the page using the given search parameters.repr(e):\tNoSuchElementException()Traceback (most recent call last):  File \"\\testcase\\firstcases\\testcase6_024.py\", line 92, in <module>    element = getElememt(driver, \"new UiSelector().resourceId(\\\"org.wikipedia:id\/menu_delete_selected\\\").className(\\\"android.widget.TextView\\\")\")  File \"\\testcase\\firstcases\\testcase6_024.py\", line 28, in getElememt    element = driver.find_element_by_android_uiautomator(str)  File \"C:\\Python27\\lib\\site-packages\\appium\\webdriver\\webdriver.py\", line 156, in find_element_by_android_uiautomator    return self.find_element(by=By.ANDROID_UIAUTOMATOR, value=uia_string)  File \"C:\\Python27\\lib\\site-packages\\selenium\\webdriver\\remote\\webdriver.py\", line 957, in find_element    'value': value})['value']  File \"C:\\Python27\\lib\\site-packages\\selenium\\webdriver\\remote\\webdriver.py\", line 314, in execute    self.error_handler.check_response(response)  File \"C:\\Python27\\lib\\site-packages\\appium\\webdriver\\errorhandler.py\", line 29, in check_response    raise wdeNoSuchElementException: Message: An element could not be located on the page using the given search parameters."},{"firstjacocotime":0.7119999,"tagname":"4_012","firstexecutionsuccess":false,"firsttestcasepath":"\\testcase\\firstcases\\testcase4_012.py","firstconsumedtime":61.706,"firstlocpath":null,"firstcoveragepath":"\\coverage\\pwpreferencecoverage\\coverage2_4_012_pw.ec","firsterrorlog":"FAILstr(e):\t\tMessage: An element could not be located on the page using the given search parameters.repr(e):\tNoSuchElementException()Traceback (most recent call last):  File \"\\testcase\\firstcases\\testcase4_012.py\", line 94, in <module>    TouchAction(driver).tap(element).perform()  File \"C:\\Python27\\lib\\site-packages\\appium\\webdriver\\common\\touch_action.py\", line 94, in perform    self._driver.execute(Command.TOUCH_ACTION, params)  File \"C:\\Python27\\lib\\site-packages\\selenium\\webdriver\\remote\\webdriver.py\", line 314, in execute    self.error_handler.check_response(response)  File \"C:\\Python27\\lib\\site-packages\\appium\\webdriver\\errorhandler.py\", line 29, in check_response    raise wdeNoSuchElementException: Message: An element could not be located on the page using the given search parameters."},{"firstjacocotime":32.145,"tagname":"6_025","firstexecutionsuccess":false,"firsttestcasepath":"\\testcase\\firstcases\\testcase6_025.py","firstconsumedtime":16.591,"firstlocpath":null,"firstcoveragepath":"\\coverage\\pwpreferencecoverage\\coverage2_6_025_pw.ec","firsterrorlog":"FAILstr(e):\t\tMessage: An element could not be located on the page using the given search parameters.repr(e):\tNoSuchElementException()Traceback (most recent call last):  File \"\\testcase\\firstcases\\testcase6_025.py\", line 68, in <module>    element = getElememt(driver, \"new UiSelector().resourceId(\\\"org.wikipedia:id\/search_empty_image\\\").className(\\\"android.widget.ImageView\\\")\")  File \"\\testcase\\firstcases\\testcase6_025.py\", line 28, in getElememt    element = driver.find_element_by_android_uiautomator(str)  File \"C:\\Python27\\lib\\site-packages\\appium\\webdriver\\webdriver.py\", line 156, in find_element_by_android_uiautomator    return self.find_element(by=By.ANDROID_UIAUTOMATOR, value=uia_string)  File \"C:\\Python27\\lib\\site-packages\\selenium\\webdriver\\remote\\webdriver.py\", line 957, in find_element    'value': value})['value']  File \"C:\\Python27\\lib\\site-packages\\selenium\\webdriver\\remote\\webdriver.py\", line 314, in execute    self.error_handler.check_response(response)  File \"C:\\Python27\\lib\\site-packages\\appium\\webdriver\\errorhandler.py\", line 29, in check_response    raise wdeNoSuchElementException: Message: An element could not be located on the page using the given search parameters."},{"firstjacocotime":45.898,"tagname":"4_013","firstexecutionsuccess":false,"firsttestcasepath":"\\testcase\\firstcases\\testcase4_013.py","firstconsumedtime":48.03,"firstlocpath":null,"firstcoveragepath":"\\coverage\\pwpreferencecoverage\\coverage2_4_013_pw.ec","firsterrorlog":"FAILstr(e):\t\tMessage: An element could not be located on the page using the given search parameters.repr(e):\tNoSuchElementException()Traceback (most recent call last):  File \"\\testcase\\firstcases\\testcase4_013.py\", line 88, in <module>    element = getElememt(driver, \"new UiSelector().resourceId(\\\"org.wikipedia:id\/view_list_card_item_image\\\").className(\\\"android.widget.ImageView\\\")\")  File \"\\testcase\\firstcases\\testcase4_013.py\", line 28, in getElememt    element = driver.find_element_by_android_uiautomator(str)  File \"C:\\Python27\\lib\\site-packages\\appium\\webdriver\\webdriver.py\", line 156, in find_element_by_android_uiautomator    return self.find_element(by=By.ANDROID_UIAUTOMATOR, value=uia_string)  File \"C:\\Python27\\lib\\site-packages\\selenium\\webdriver\\remote\\webdriver.py\", line 957, in find_element    'value': value})['value']  File \"C:\\Python27\\lib\\site-packages\\selenium\\webdriver\\remote\\webdriver.py\", line 314, in execute    self.error_handler.check_response(response)  File \"C:\\Python27\\lib\\site-packages\\appium\\webdriver\\errorhandler.py\", line 29, in check_response    raise wdeNoSuchElementException: Message: An element could not be located on the page using the given search parameters."},{"firstjacocotime":18.481,"tagname":"6_026","firstexecutionsuccess":false,"firsttestcasepath":"\\testcase\\firstcases\\testcase6_026.py","firstconsumedtime":29.028,"firstlocpath":null,"firstcoveragepath":"\\coverage\\pwpreferencecoverage\\coverage2_6_026_pw.ec","firsterrorlog":"FAILstr(e):\t\tMessage: An element could not be located on the page using the given search parameters.repr(e):\tNoSuchElementException()Traceback (most recent call last):  File \"\\testcase\\firstcases\\testcase6_026.py\", line 73, in <module>    element = getElememt(driver, \"new UiSelector().resourceId(\\\"org.wikipedia:id\/search_empty_image\\\").className(\\\"android.widget.ImageView\\\")\")  File \"\\testcase\\firstcases\\testcase6_026.py\", line 28, in getElememt    element = driver.find_element_by_android_uiautomator(str)  File \"C:\\Python27\\lib\\site-packages\\appium\\webdriver\\webdriver.py\", line 156, in find_element_by_android_uiautomator    return self.find_element(by=By.ANDROID_UIAUTOMATOR, value=uia_string)  File \"C:\\Python27\\lib\\site-packages\\selenium\\webdriver\\remote\\webdriver.py\", line 957, in find_element    'value': value})['value']  File \"C:\\Python27\\lib\\site-packages\\selenium\\webdriver\\remote\\webdriver.py\", line 314, in execute    self.error_handler.check_response(response)  File \"C:\\Python27\\lib\\site-packages\\appium\\webdriver\\errorhandler.py\", line 29, in check_response    raise wdeNoSuchElementException: Message: An element could not be located on the page using the given search parameters."},{"firstjacocotime":44.821,"tagname":"3_006","firstexecutionsuccess":false,"firsttestcasepath":"\\testcase\\firstcases\\testcase3_006.py","firstconsumedtime":59.886,"firstlocpath":null,"firstcoveragepath":"\\coverage\\pwpreferencecoverage\\coverage2_3_006_pw.ec","firsterrorlog":"FAILstr(e):\t\tMessage: An element could not be located on the page using the given search parameters.repr(e):\tNoSuchElementException()Traceback (most recent call last):  File \"\\testcase\\firstcases\\testcase3_006.py\", line 92, in <module>    element = getElememt(driver, \"new UiSelector().className(\\\"android.widget.ImageView\\\").description(\\\"Add this article to a reading list\\\")\")  File \"\\testcase\\firstcases\\testcase3_006.py\", line 28, in getElememt    element = driver.find_element_by_android_uiautomator(str)  File \"C:\\Python27\\lib\\site-packages\\appium\\webdriver\\webdriver.py\", line 156, in find_element_by_android_uiautomator    return self.find_element(by=By.ANDROID_UIAUTOMATOR, value=uia_string)  File \"C:\\Python27\\lib\\site-packages\\selenium\\webdriver\\remote\\webdriver.py\", line 957, in find_element    'value': value})['value']  File \"C:\\Python27\\lib\\site-packages\\selenium\\webdriver\\remote\\webdriver.py\", line 314, in execute    self.error_handler.check_response(response)  File \"C:\\Python27\\lib\\site-packages\\appium\\webdriver\\errorhandler.py\", line 29, in check_response    raise wdeNoSuchElementException: Message: An element could not be located on the page using the given search parameters."},{"firstjacocotime":0.03399992,"tagname":"3_007","firstexecutionsuccess":true,"firsttestcasepath":"\\testcase\\firstcases\\testcase3_007.py","firstconsumedtime":19.969,"firstlocpath":null,"firstcoveragepath":"\\coverage\\pwpreferencecoverage\\coverage2_3_007_pw.ec","firsterrorlog":null},{"firstjacocotime":52.676,"tagname":"3_004","firstexecutionsuccess":true,"firsttestcasepath":"\\testcase\\firstcases\\testcase3_004.py","firstconsumedtime":61.283,"firstlocpath":null,"firstcoveragepath":"\\coverage\\pwpreferencecoverage\\coverage2_3_004_pw.ec","firsterrorlog":null},{"firstjacocotime":54.353,"tagname":"3_005","firstexecutionsuccess":false,"firsttestcasepath":"\\testcase\\firstcases\\testcase3_005.py","firstconsumedtime":52.924,"firstlocpath":null,"firstcoveragepath":"\\coverage\\pwpreferencecoverage\\coverage2_3_005_pw.ec","firsterrorlog":"FAILstr(e):\t\tMessage: An element could not be located on the page using the given search parameters.repr(e):\tNoSuchElementException()Traceback (most recent call last):  File \"\\testcase\\firstcases\\testcase3_005.py\", line 87, in <module>    element = getElememt(driver, \"new UiSelector().resourceId(\\\"org.wikipedia:id\/search_empty_image\\\").className(\\\"android.widget.ImageView\\\")\")  File \"\\testcase\\firstcases\\testcase3_005.py\", line 28, in getElememt    element = driver.find_element_by_android_uiautomator(str)  File \"C:\\Python27\\lib\\site-packages\\appium\\webdriver\\webdriver.py\", line 156, in find_element_by_android_uiautomator    return self.find_element(by=By.ANDROID_UIAUTOMATOR, value=uia_string)  File \"C:\\Python27\\lib\\site-packages\\selenium\\webdriver\\remote\\webdriver.py\", line 957, in find_element    'value': value})['value']  File \"C:\\Python27\\lib\\site-packages\\selenium\\webdriver\\remote\\webdriver.py\", line 314, in execute    self.error_handler.check_response(response)  File \"C:\\Python27\\lib\\site-packages\\appium\\webdriver\\errorhandler.py\", line 29, in check_response    raise wdeNoSuchElementException: Message: An element could not be located on the page using the given search parameters."},{"firstjacocotime":46.181,"tagname":"3_008","firstexecutionsuccess":true,"firsttestcasepath":"\\testcase\\firstcases\\testcase3_008.py","firstconsumedtime":11.992001,"firstlocpath":null,"firstcoveragepath":"\\coverage\\pwpreferencecoverage\\coverage2_3_008_pw.ec","firsterrorlog":null},{"firstjacocotime":40.268,"tagname":"3_009","firstexecutionsuccess":true,"firsttestcasepath":"\\testcase\\firstcases\\testcase3_009.py","firstconsumedtime":11.926,"firstlocpath":null,"firstcoveragepath":"\\coverage\\pwpreferencecoverage\\coverage2_3_009_pw.ec","firsterrorlog":null},{"firstjacocotime":0.543,"tagname":"3_002","firstexecutionsuccess":true,"firsttestcasepath":"\\testcase\\firstcases\\testcase3_002.py","firstconsumedtime":23.97,"firstlocpath":null,"firstcoveragepath":"\\coverage\\pwpreferencecoverage\\coverage2_3_002_pw.ec","firsterrorlog":null},{"firstjacocotime":0.57800007,"tagname":"3_003","firstexecutionsuccess":true,"firsttestcasepath":"\\testcase\\firstcases\\testcase3_003.py","firstconsumedtime":66.154,"firstlocpath":null,"firstcoveragepath":"\\coverage\\pwpreferencecoverage\\coverage2_3_003_pw.ec","firsterrorlog":null},{"firstjacocotime":59.392,"tagname":"3_000","firstexecutionsuccess":false,"firsttestcasepath":"\\testcase\\firstcases\\testcase3_000.py","firstconsumedtime":35.098,"firstlocpath":null,"firstcoveragepath":"\\coverage\\pwpreferencecoverage\\coverage2_3_000_pw.ec","firsterrorlog":"FAILstr(e):\t\tMessage: An element could not be located on the page using the given search parameters.repr(e):\tNoSuchElementException()Traceback (most recent call last):  File \"\\testcase\\firstcases\\testcase3_000.py\", line 78, in <module>    element = getElememt(driver, \"new UiSelector().resourceId(\\\"org.wikipedia:id\/page_toolbar_button_search\\\").className(\\\"android.widget.ImageView\\\")\")  File \"\\testcase\\firstcases\\testcase3_000.py\", line 28, in getElememt    element = driver.find_element_by_android_uiautomator(str)  File \"C:\\Python27\\lib\\site-packages\\appium\\webdriver\\webdriver.py\", line 156, in find_element_by_android_uiautomator    return self.find_element(by=By.ANDROID_UIAUTOMATOR, value=uia_string)  File \"C:\\Python27\\lib\\site-packages\\selenium\\webdriver\\remote\\webdriver.py\", line 957, in find_element    'value': value})['value']  File \"C:\\Python27\\lib\\site-packages\\selenium\\webdriver\\remote\\webdriver.py\", line 314, in execute    self.error_handler.check_response(response)  File \"C:\\Python27\\lib\\site-packages\\appium\\webdriver\\errorhandler.py\", line 29, in check_response    raise wdeNoSuchElementException: Message: An element could not be located on the page using the given search parameters."},{"firstjacocotime":5.032,"tagname":"3_001","firstexecutionsuccess":false,"firsttestcasepath":"\\testcase\\firstcases\\testcase3_001.py","firstconsumedtime":47.683,"firstlocpath":null,"firstcoveragepath":"\\coverage\\pwpreferencecoverage\\coverage2_3_001_pw.ec","firsterrorlog":"FAILstr(e):\t\tMessage: An element could not be located on the page using the given search parameters.repr(e):\tNoSuchElementException()Traceback (most recent call last):  File \"\\testcase\\firstcases\\testcase3_001.py\", line 85, in <module>    element = getElememt(driver, \"new UiSelector().resourceId(\\\"org.wikipedia:id\/search_close_btn\\\").className(\\\"android.widget.ImageView\\\")\")  File \"\\testcase\\firstcases\\testcase3_001.py\", line 28, in getElememt    element = driver.find_element_by_android_uiautomator(str)  File \"C:\\Python27\\lib\\site-packages\\appium\\webdriver\\webdriver.py\", line 156, in find_element_by_android_uiautomator    return self.find_element(by=By.ANDROID_UIAUTOMATOR, value=uia_string)  File \"C:\\Python27\\lib\\site-packages\\selenium\\webdriver\\remote\\webdriver.py\", line 957, in find_element    'value': value})['value']  File \"C:\\Python27\\lib\\site-packages\\selenium\\webdriver\\remote\\webdriver.py\", line 314, in execute    self.error_handler.check_response(response)  File \"C:\\Python27\\lib\\site-packages\\appium\\webdriver\\errorhandler.py\", line 29, in check_response    raise wdeNoSuchElementException: Message: An element could not be located on the page using the given search parameters."},{"firstjacocotime":27.97,"tagname":"4_025","firstexecutionsuccess":false,"firsttestcasepath":"\\testcase\\firstcases\\testcase4_025.py","firstconsumedtime":20.689001,"firstlocpath":null,"firstcoveragepath":"\\coverage\\pwpreferencecoverage\\coverage2_4_025_pw.ec","firsterrorlog":"FAILstr(e):\t\tMessage: An element could not be located on the page using the given search parameters.repr(e):\tNoSuchElementException()Traceback (most recent call last):  File \"\\testcase\\firstcases\\testcase4_025.py\", line 73, in <module>    element = getElememt(driver, \"new UiSelector().className(\\\"android.widget.ImageButton\\\")\")  File \"\\testcase\\firstcases\\testcase4_025.py\", line 28, in getElememt    element = driver.find_element_by_android_uiautomator(str)  File \"C:\\Python27\\lib\\site-packages\\appium\\webdriver\\webdriver.py\", line 156, in find_element_by_android_uiautomator    return self.find_element(by=By.ANDROID_UIAUTOMATOR, value=uia_string)  File \"C:\\Python27\\lib\\site-packages\\selenium\\webdriver\\remote\\webdriver.py\", line 957, in find_element    'value': value})['value']  File \"C:\\Python27\\lib\\site-packages\\selenium\\webdriver\\remote\\webdriver.py\", line 314, in execute    self.error_handler.check_response(response)  File \"C:\\Python27\\lib\\site-packages\\appium\\webdriver\\errorhandler.py\", line 29, in check_response    raise wdeNoSuchElementException: Message: An element could not be located on the page using the given search parameters."},{"firstjacocotime":38.167,"tagname":"4_026","firstexecutionsuccess":true,"firsttestcasepath":"\\testcase\\firstcases\\testcase4_026.py","firstconsumedtime":9.686,"firstlocpath":null,"firstcoveragepath":"\\coverage\\pwpreferencecoverage\\coverage2_4_026_pw.ec","firsterrorlog":null},{"firstjacocotime":23.382,"tagname":"4_027","firstexecutionsuccess":false,"firsttestcasepath":"\\testcase\\firstcases\\testcase4_027.py","firstconsumedtime":26.112,"firstlocpath":null,"firstcoveragepath":"\\coverage\\pwpreferencecoverage\\coverage2_4_027_pw.ec","firsterrorlog":"FAILstr(e):\t\tMessage: An element could not be located on the page using the given search parameters.repr(e):\tNoSuchElementException()Traceback (most recent call last):  File \"\\testcase\\firstcases\\testcase4_027.py\", line 72, in <module>    element = getElememt(driver, \"new UiSelector().className(\\\"android.widget.ImageButton\\\").description(\\\"Navigate up\\\")\")  File \"\\testcase\\firstcases\\testcase4_027.py\", line 28, in getElememt    element = driver.find_element_by_android_uiautomator(str)  File \"C:\\Python27\\lib\\site-packages\\appium\\webdriver\\webdriver.py\", line 156, in find_element_by_android_uiautomator    return self.find_element(by=By.ANDROID_UIAUTOMATOR, value=uia_string)  File \"C:\\Python27\\lib\\site-packages\\selenium\\webdriver\\remote\\webdriver.py\", line 957, in find_element    'value': value})['value']  File \"C:\\Python27\\lib\\site-packages\\selenium\\webdriver\\remote\\webdriver.py\", line 314, in execute    self.error_handler.check_response(response)  File \"C:\\Python27\\lib\\site-packages\\appium\\webdriver\\errorhandler.py\", line 29, in check_response    raise wdeNoSuchElementException: Message: An element could not be located on the page using the given search parameters."},{"firstjacocotime":58.589,"tagname":"6_010","firstexecutionsuccess":false,"firsttestcasepath":"\\testcase\\firstcases\\testcase6_010.py","firstconsumedtime":54.91,"firstlocpath":null,"firstcoveragepath":"\\coverage\\pwpreferencecoverage\\coverage2_6_010_pw.ec","firsterrorlog":"FAILstr(e):\t\tMessage: An element could not be located on the page using the given search parameters.repr(e):\tNoSuchElementException()Traceback (most recent call last):  File \"\\testcase\\firstcases\\testcase6_010.py\", line 90, in <module>    element = getElememt(driver, \"new UiSelector().className(\\\"android.widget.ImageView\\\").instance(13)\")  File \"\\testcase\\firstcases\\testcase6_010.py\", line 28, in getElememt    element = driver.find_element_by_android_uiautomator(str)  File \"C:\\Python27\\lib\\site-packages\\appium\\webdriver\\webdriver.py\", line 156, in find_element_by_android_uiautomator    return self.find_element(by=By.ANDROID_UIAUTOMATOR, value=uia_string)  File \"C:\\Python27\\lib\\site-packages\\selenium\\webdriver\\remote\\webdriver.py\", line 957, in find_element    'value': value})['value']  File \"C:\\Python27\\lib\\site-packages\\selenium\\webdriver\\remote\\webdriver.py\", line 314, in execute    self.error_handler.check_response(response)  File \"C:\\Python27\\lib\\site-packages\\appium\\webdriver\\errorhandler.py\", line 29, in check_response    raise wdeNoSuchElementException: Message: An element could not be located on the page using the given search parameters."},{"firstjacocotime":16.784,"tagname":"4_028","firstexecutionsuccess":false,"firsttestcasepath":"\\testcase\\firstcases\\testcase4_028.py","firstconsumedtime":27.423,"firstlocpath":null,"firstcoveragepath":"\\coverage\\pwpreferencecoverage\\coverage2_4_028_pw.ec","firsterrorlog":"FAILstr(e):\t\tMessage: An element could not be located on the page using the given search parameters.repr(e):\tNoSuchElementException()Traceback (most recent call last):  File \"\\testcase\\firstcases\\testcase4_028.py\", line 76, in <module>    element = getElememt(driver, \"new UiSelector().resourceId(\\\"org.wikipedia:id\/action_mode_close_button\\\").className(\\\"android.widget.ImageView\\\")\")  File \"\\testcase\\firstcases\\testcase4_028.py\", line 28, in getElememt    element = driver.find_element_by_android_uiautomator(str)  File \"C:\\Python27\\lib\\site-packages\\appium\\webdriver\\webdriver.py\", line 156, in find_element_by_android_uiautomator    return self.find_element(by=By.ANDROID_UIAUTOMATOR, value=uia_string)  File \"C:\\Python27\\lib\\site-packages\\selenium\\webdriver\\remote\\webdriver.py\", line 957, in find_element    'value': value})['value']  File \"C:\\Python27\\lib\\site-packages\\selenium\\webdriver\\remote\\webdriver.py\", line 314, in execute    self.error_handler.check_response(response)  File \"C:\\Python27\\lib\\site-packages\\appium\\webdriver\\errorhandler.py\", line 29, in check_response    raise wdeNoSuchElementException: Message: An element could not be located on the page using the given search parameters."},{"firstjacocotime":18.283,"tagname":"6_011","firstexecutionsuccess":false,"firsttestcasepath":"\\testcase\\firstcases\\testcase6_011.py","firstconsumedtime":33.039,"firstlocpath":null,"firstcoveragepath":"\\coverage\\pwpreferencecoverage\\coverage2_6_011_pw.ec","firsterrorlog":"FAILstr(e):\t\tMessage: An element could not be located on the page using the given search parameters.repr(e):\tNoSuchElementException()Traceback (most recent call last):  File \"\\testcase\\firstcases\\testcase6_011.py\", line 85, in <module>    element = getElememt(driver, \"new UiSelector().resourceId(\\\"org.wikipedia:id\/menu_overflow_button\\\").className(\\\"android.widget.TextView\\\")\")  File \"\\testcase\\firstcases\\testcase6_011.py\", line 28, in getElememt    element = driver.find_element_by_android_uiautomator(str)  File \"C:\\Python27\\lib\\site-packages\\appium\\webdriver\\webdriver.py\", line 156, in find_element_by_android_uiautomator    return self.find_element(by=By.ANDROID_UIAUTOMATOR, value=uia_string)  File \"C:\\Python27\\lib\\site-packages\\selenium\\webdriver\\remote\\webdriver.py\", line 957, in find_element    'value': value})['value']  File \"C:\\Python27\\lib\\site-packages\\selenium\\webdriver\\remote\\webdriver.py\", line 314, in execute    self.error_handler.check_response(response)  File \"C:\\Python27\\lib\\site-packages\\appium\\webdriver\\errorhandler.py\", line 29, in check_response    raise wdeNoSuchElementException: Message: An element could not be located on the page using the given search parameters."},{"firstjacocotime":40.54,"tagname":"4_029","firstexecutionsuccess":true,"firsttestcasepath":"\\testcase\\firstcases\\testcase4_029.py","firstconsumedtime":10.208,"firstlocpath":null,"firstcoveragepath":"\\coverage\\pwpreferencecoverage\\coverage2_4_029_pw.ec","firsterrorlog":null},{"firstjacocotime":52.2,"tagname":"6_016","firstexecutionsuccess":true,"firsttestcasepath":"\\testcase\\firstcases\\testcase6_016.py","firstconsumedtime":15.984,"firstlocpath":null,"firstcoveragepath":"\\coverage\\pwpreferencecoverage\\coverage2_6_016_pw.ec","firsterrorlog":null},{"firstjacocotime":0.56500006,"tagname":"6_017","firstexecutionsuccess":false,"firsttestcasepath":"\\testcase\\firstcases\\testcase6_017.py","firstconsumedtime":23.888,"firstlocpath":null,"firstcoveragepath":"\\coverage\\pwpreferencecoverage\\coverage2_6_017_pw.ec","firsterrorlog":"FAILstr(e):\t\tMessage: An element could not be located on the page using the given search parameters.repr(e):\tNoSuchElementException()Traceback (most recent call last):  File \"\\testcase\\firstcases\\testcase6_017.py\", line 72, in <module>    element = getElememt(driver, \"new UiSelector().resourceId(\\\"org.wikipedia:id\/voice_search_button\\\").className(\\\"android.widget.ImageView\\\")\")  File \"\\testcase\\firstcases\\testcase6_017.py\", line 28, in getElememt    element = driver.find_element_by_android_uiautomator(str)  File \"C:\\Python27\\lib\\site-packages\\appium\\webdriver\\webdriver.py\", line 156, in find_element_by_android_uiautomator    return self.find_element(by=By.ANDROID_UIAUTOMATOR, value=uia_string)  File \"C:\\Python27\\lib\\site-packages\\selenium\\webdriver\\remote\\webdriver.py\", line 957, in find_element    'value': value})['value']  File \"C:\\Python27\\lib\\site-packages\\selenium\\webdriver\\remote\\webdriver.py\", line 314, in execute    self.error_handler.check_response(response)  File \"C:\\Python27\\lib\\site-packages\\appium\\webdriver\\errorhandler.py\", line 29, in check_response    raise wdeNoSuchElementException: Message: An element could not be located on the page using the given search parameters."},{"firstjacocotime":52.478,"tagname":"6_018","firstexecutionsuccess":true,"firsttestcasepath":"\\testcase\\firstcases\\testcase6_018.py","firstconsumedtime":28.602,"firstlocpath":null,"firstcoveragepath":"\\coverage\\pwpreferencecoverage\\coverage2_6_018_pw.ec","firsterrorlog":null},{"firstjacocotime":40.424,"tagname":"4_020","firstexecutionsuccess":true,"firsttestcasepath":"\\testcase\\firstcases\\testcase4_020.py","firstconsumedtime":10.8550005,"firstlocpath":null,"firstcoveragepath":"\\coverage\\pwpreferencecoverage\\coverage2_4_020_pw.ec","firsterrorlog":null},{"firstjacocotime":29.708,"tagname":"6_019","firstexecutionsuccess":true,"firsttestcasepath":"\\testcase\\firstcases\\testcase6_019.py","firstconsumedtime":20.187,"firstlocpath":null,"firstcoveragepath":"\\coverage\\pwpreferencecoverage\\coverage2_6_019_pw.ec","firsterrorlog":null},{"firstjacocotime":0.553,"tagname":"4_021","firstexecutionsuccess":true,"firsttestcasepath":"\\testcase\\firstcases\\testcase4_021.py","firstconsumedtime":70.736,"firstlocpath":null,"firstcoveragepath":"\\coverage\\pwpreferencecoverage\\coverage2_4_021_pw.ec","firsterrorlog":null},{"firstjacocotime":4.256,"tagname":"6_012","firstexecutionsuccess":false,"firsttestcasepath":"\\testcase\\firstcases\\testcase6_012.py","firstconsumedtime":46.6,"firstlocpath":null,"firstcoveragepath":"\\coverage\\pwpreferencecoverage\\coverage2_6_012_pw.ec","firsterrorlog":"FAILstr(e):\t\tMessage: An element could not be located on the page using the given search parameters.repr(e):\tNoSuchElementException()Traceback (most recent call last):  File \"\\testcase\\firstcases\\testcase6_012.py\", line 86, in <module>    element = getElememt(driver, \"new UiSelector().resourceId(\\\"org.wikipedia:id\/action_mode_close_button\\\").className(\\\"android.widget.ImageView\\\")\")  File \"\\testcase\\firstcases\\testcase6_012.py\", line 28, in getElememt    element = driver.find_element_by_android_uiautomator(str)  File \"C:\\Python27\\lib\\site-packages\\appium\\webdriver\\webdriver.py\", line 156, in find_element_by_android_uiautomator    return self.find_element(by=By.ANDROID_UIAUTOMATOR, value=uia_string)  File \"C:\\Python27\\lib\\site-packages\\selenium\\webdriver\\remote\\webdriver.py\", line 957, in find_element    'value': value})['value']  File \"C:\\Python27\\lib\\site-packages\\selenium\\webdriver\\remote\\webdriver.py\", line 314, in execute    self.error_handler.check_response(response)  File \"C:\\Python27\\lib\\site-packages\\appium\\webdriver\\errorhandler.py\", line 29, in check_response    raise wdeNoSuchElementException: Message: An element could not be located on the page using the given search parameters."},{"firstjacocotime":0.5339999,"tagname":"4_022","firstexecutionsuccess":true,"firsttestcasepath":"\\testcase\\firstcases\\testcase4_022.py","firstconsumedtime":33.274,"firstlocpath":null,"firstcoveragepath":"\\coverage\\pwpreferencecoverage\\coverage2_4_022_pw.ec","firsterrorlog":null},{"firstjacocotime":0.5990002,"tagname":"6_013","firstexecutionsuccess":true,"firsttestcasepath":"\\testcase\\firstcases\\testcase6_013.py","firstconsumedtime":36.716,"firstlocpath":null,"firstcoveragepath":"\\coverage\\pwpreferencecoverage\\coverage2_6_013_pw.ec","firsterrorlog":null},{"firstjacocotime":24.806,"tagname":"4_023","firstexecutionsuccess":false,"firsttestcasepath":"\\testcase\\firstcases\\testcase4_023.py","firstconsumedtime":72.945,"firstlocpath":null,"firstcoveragepath":"\\coverage\\pwpreferencecoverage\\coverage2_4_023_pw.ec","firsterrorlog":"FAILstr(e):\t\tMessage: An element could not be located on the page using the given search parameters.repr(e):\tNoSuchElementException()Traceback (most recent call last):  File \"\\testcase\\firstcases\\testcase4_023.py\", line 91, in <module>    element = getElememt(driver, \"new UiSelector().resourceId(\\\"org.wikipedia:id\/tab_item_close\\\").className(\\\"android.widget.ImageView\\\")\")  File \"\\testcase\\firstcases\\testcase4_023.py\", line 28, in getElememt    element = driver.find_element_by_android_uiautomator(str)  File \"C:\\Python27\\lib\\site-packages\\appium\\webdriver\\webdriver.py\", line 156, in find_element_by_android_uiautomator    return self.find_element(by=By.ANDROID_UIAUTOMATOR, value=uia_string)  File \"C:\\Python27\\lib\\site-packages\\selenium\\webdriver\\remote\\webdriver.py\", line 957, in find_element    'value': value})['value']  File \"C:\\Python27\\lib\\site-packages\\selenium\\webdriver\\remote\\webdriver.py\", line 314, in execute    self.error_handler.check_response(response)  File \"C:\\Python27\\lib\\site-packages\\appium\\webdriver\\errorhandler.py\", line 29, in check_response    raise wdeNoSuchElementException: Message: An element could not be located on the page using the given search parameters."},{"firstjacocotime":0.5359998,"tagname":"6_014","firstexecutionsuccess":false,"firsttestcasepath":"\\testcase\\firstcases\\testcase6_014.py","firstconsumedtime":21.591,"firstlocpath":null,"firstcoveragepath":"\\coverage\\pwpreferencecoverage\\coverage2_6_014_pw.ec","firsterrorlog":"FAILstr(e):\t\tMessage: An element could not be located on the page using the given search parameters.repr(e):\tNoSuchElementException()Traceback (most recent call last):  File \"\\testcase\\firstcases\\testcase6_014.py\", line 70, in <module>    element = getElememt(driver, \"new UiSelector().resourceId(\\\"org.wikipedia:id\/icon\\\").className(\\\"android.widget.ImageView\\\")\")  File \"\\testcase\\firstcases\\testcase6_014.py\", line 28, in getElememt    element = driver.find_element_by_android_uiautomator(str)  File \"C:\\Python27\\lib\\site-packages\\appium\\webdriver\\webdriver.py\", line 156, in find_element_by_android_uiautomator    return self.find_element(by=By.ANDROID_UIAUTOMATOR, value=uia_string)  File \"C:\\Python27\\lib\\site-packages\\selenium\\webdriver\\remote\\webdriver.py\", line 957, in find_element    'value': value})['value']  File \"C:\\Python27\\lib\\site-packages\\selenium\\webdriver\\remote\\webdriver.py\", line 314, in execute    self.error_handler.check_response(response)  File \"C:\\Python27\\lib\\site-packages\\appium\\webdriver\\errorhandler.py\", line 29, in check_response    raise wdeNoSuchElementException: Message: An element could not be located on the page using the given search parameters."},{"firstjacocotime":3.065,"tagname":"4_024","firstexecutionsuccess":false,"firsttestcasepath":"\\testcase\\firstcases\\testcase4_024.py","firstconsumedtime":45.132,"firstlocpath":null,"firstcoveragepath":"\\coverage\\pwpreferencecoverage\\coverage2_4_024_pw.ec","firsterrorlog":"FAILstr(e):\t\tMessage: An element could not be located on the page using the given search parameters.repr(e):\tNoSuchElementException()Traceback (most recent call last):  File \"\\testcase\\firstcases\\testcase4_024.py\", line 84, in <module>    element = getElememt(driver, \"new UiSelector().resourceId(\\\"org.wikipedia:id\/search_empty_image\\\").className(\\\"android.widget.ImageView\\\")\")  File \"\\testcase\\firstcases\\testcase4_024.py\", line 28, in getElememt    element = driver.find_element_by_android_uiautomator(str)  File \"C:\\Python27\\lib\\site-packages\\appium\\webdriver\\webdriver.py\", line 156, in find_element_by_android_uiautomator    return self.find_element(by=By.ANDROID_UIAUTOMATOR, value=uia_string)  File \"C:\\Python27\\lib\\site-packages\\selenium\\webdriver\\remote\\webdriver.py\", line 957, in find_element    'value': value})['value']  File \"C:\\Python27\\lib\\site-packages\\selenium\\webdriver\\remote\\webdriver.py\", line 314, in execute    self.error_handler.check_response(response)  File \"C:\\Python27\\lib\\site-packages\\appium\\webdriver\\errorhandler.py\", line 29, in check_response    raise wdeNoSuchElementException: Message: An element could not be located on the page using the given search parameters."},{"firstjacocotime":2.4380002,"tagname":"6_015","firstexecutionsuccess":false,"firsttestcasepath":"\\testcase\\firstcases\\testcase6_015.py","firstconsumedtime":34.062,"firstlocpath":null,"firstcoveragepath":"\\coverage\\pwpreferencecoverage\\coverage2_6_015_pw.ec","firsterrorlog":"FAILstr(e):\t\tMessage: An element could not be located on the page using the given search parameters.repr(e):\tNoSuchElementException()Traceback (most recent call last):  File \"\\testcase\\firstcases\\testcase6_015.py\", line 79, in <module>    element = getElememt(driver, \"new UiSelector().className(\\\"android.widget.ImageButton\\\").description(\\\"Navigate up\\\")\")  File \"\\testcase\\firstcases\\testcase6_015.py\", line 28, in getElememt    element = driver.find_element_by_android_uiautomator(str)  File \"C:\\Python27\\lib\\site-packages\\appium\\webdriver\\webdriver.py\", line 156, in find_element_by_android_uiautomator    return self.find_element(by=By.ANDROID_UIAUTOMATOR, value=uia_string)  File \"C:\\Python27\\lib\\site-packages\\selenium\\webdriver\\remote\\webdriver.py\", line 957, in find_element    'value': value})['value']  File \"C:\\Python27\\lib\\site-packages\\selenium\\webdriver\\remote\\webdriver.py\", line 314, in execute    self.error_handler.check_response(response)  File \"C:\\Python27\\lib\\site-packages\\appium\\webdriver\\errorhandler.py\", line 29, in check_response    raise wdeNoSuchElementException: Message: An element could not be located on the page using the given search parameters."},{"firstjacocotime":0.54200006,"tagname":"1_008","firstexecutionsuccess":true,"firsttestcasepath":"\\testcase\\firstcases\\testcase1_008.py","firstconsumedtime":31.51,"firstlocpath":null,"firstcoveragepath":"\\coverage\\pwpreferencecoverage\\coverage2_1_008_pw.ec","firsterrorlog":null},{"firstjacocotime":28.557,"tagname":"1_009","firstexecutionsuccess":true,"firsttestcasepath":"\\testcase\\firstcases\\testcase1_009.py","firstconsumedtime":40.568,"firstlocpath":null,"firstcoveragepath":"\\coverage\\pwpreferencecoverage\\coverage2_1_009_pw.ec","firsterrorlog":null},{"firstjacocotime":0.53799987,"tagname":"1_006","firstexecutionsuccess":false,"firsttestcasepath":"\\testcase\\firstcases\\testcase1_006.py","firstconsumedtime":20.175,"firstlocpath":null,"firstcoveragepath":"\\coverage\\pwpreferencecoverage\\coverage2_1_006_pw.ec","firsterrorlog":"FAILstr(e):\t\tMessage: An element could not be located on the page using the given search parameters.repr(e):\tNoSuchElementException()Traceback (most recent call last):  File \"\\testcase\\firstcases\\testcase1_006.py\", line 70, in <module>    element = getElememt(driver, \"new UiSelector().resourceId(\\\"org.wikipedia:id\/view_static_card_icon\\\").className(\\\"android.widget.ImageView\\\")\")  File \"\\testcase\\firstcases\\testcase1_006.py\", line 28, in getElememt    element = driver.find_element_by_android_uiautomator(str)  File \"C:\\Python27\\lib\\site-packages\\appium\\webdriver\\webdriver.py\", line 156, in find_element_by_android_uiautomator    return self.find_element(by=By.ANDROID_UIAUTOMATOR, value=uia_string)  File \"C:\\Python27\\lib\\site-packages\\selenium\\webdriver\\remote\\webdriver.py\", line 957, in find_element    'value': value})['value']  File \"C:\\Python27\\lib\\site-packages\\selenium\\webdriver\\remote\\webdriver.py\", line 314, in execute    self.error_handler.check_response(response)  File \"C:\\Python27\\lib\\site-packages\\appium\\webdriver\\errorhandler.py\", line 29, in check_response    raise wdeNoSuchElementException: Message: An element could not be located on the page using the given search parameters."},{"firstjacocotime":54.754,"tagname":"1_007","firstexecutionsuccess":false,"firsttestcasepath":"\\testcase\\firstcases\\testcase1_007.py","firstconsumedtime":33.447998,"firstlocpath":null,"firstcoveragepath":"\\coverage\\pwpreferencecoverage\\coverage2_1_007_pw.ec","firsterrorlog":"FAILstr(e):\t\tMessage: An element could not be located on the page using the given search parameters.repr(e):\tNoSuchElementException()Traceback (most recent call last):  File \"\\testcase\\firstcases\\testcase1_007.py\", line 83, in <module>    element = getElememt(driver, \"new UiSelector().resourceId(\\\"org.wikipedia:id\/find_in_page_prev\\\").className(\\\"android.widget.ImageView\\\")\")  File \"\\testcase\\firstcases\\testcase1_007.py\", line 28, in getElememt    element = driver.find_element_by_android_uiautomator(str)  File \"C:\\Python27\\lib\\site-packages\\appium\\webdriver\\webdriver.py\", line 156, in find_element_by_android_uiautomator    return self.find_element(by=By.ANDROID_UIAUTOMATOR, value=uia_string)  File \"C:\\Python27\\lib\\site-packages\\selenium\\webdriver\\remote\\webdriver.py\", line 957, in find_element    'value': value})['value']  File \"C:\\Python27\\lib\\site-packages\\selenium\\webdriver\\remote\\webdriver.py\", line 314, in execute    self.error_handler.check_response(response)  File \"C:\\Python27\\lib\\site-packages\\appium\\webdriver\\errorhandler.py\", line 29, in check_response    raise wdeNoSuchElementException: Message: An element could not be located on the page using the given search parameters."},{"firstjacocotime":42.853,"tagname":"1_004","firstexecutionsuccess":true,"firsttestcasepath":"\\testcase\\firstcases\\testcase1_004.py","firstconsumedtime":10.024,"firstlocpath":null,"firstcoveragepath":"\\coverage\\pwpreferencecoverage\\coverage2_1_004_pw.ec","firsterrorlog":null},{"firstjacocotime":6.2,"tagname":"1_005","firstexecutionsuccess":true,"firsttestcasepath":"\\testcase\\firstcases\\testcase1_005.py","firstconsumedtime":46.692,"firstlocpath":null,"firstcoveragepath":"\\coverage\\pwpreferencecoverage\\coverage2_1_005_pw.ec","firsterrorlog":null},{"firstjacocotime":52.492,"tagname":"1_002","firstexecutionsuccess":false,"firsttestcasepath":"\\testcase\\firstcases\\testcase1_002.py","firstconsumedtime":58.93,"firstlocpath":null,"firstcoveragepath":"\\coverage\\pwpreferencecoverage\\coverage2_1_002_pw.ec","firsterrorlog":"FAILstr(e):\t\tMessage: An element could not be located on the page using the given search parameters.repr(e):\tNoSuchElementException()Traceback (most recent call last):  File \"\\testcase\\firstcases\\testcase1_002.py\", line 89, in <module>    element = getElememt(driver, \"new UiSelector().resourceId(\\\"org.wikipedia:id\/view_page_header_image_placeholder\\\").className(\\\"android.widget.ImageView\\\")\")  File \"\\testcase\\firstcases\\testcase1_002.py\", line 28, in getElememt    element = driver.find_element_by_android_uiautomator(str)  File \"C:\\Python27\\lib\\site-packages\\appium\\webdriver\\webdriver.py\", line 156, in find_element_by_android_uiautomator    return self.find_element(by=By.ANDROID_UIAUTOMATOR, value=uia_string)  File \"C:\\Python27\\lib\\site-packages\\selenium\\webdriver\\remote\\webdriver.py\", line 957, in find_element    'value': value})['value']  File \"C:\\Python27\\lib\\site-packages\\selenium\\webdriver\\remote\\webdriver.py\", line 314, in execute    self.error_handler.check_response(response)  File \"C:\\Python27\\lib\\site-packages\\appium\\webdriver\\errorhandler.py\", line 29, in check_response    raise wdeNoSuchElementException: Message: An element could not be located on the page using the given search parameters."},{"firstjacocotime":60.063,"tagname":"1_003","firstexecutionsuccess":false,"firsttestcasepath":"\\testcase\\firstcases\\testcase1_003.py","firstconsumedtime":52.317,"firstlocpath":null,"firstcoveragepath":"\\coverage\\pwpreferencecoverage\\coverage2_1_003_pw.ec","firsterrorlog":"FAILstr(e):\t\tMessage: An element could not be located on the page using the given search parameters.repr(e):\tNoSuchElementException()Traceback (most recent call last):  File \"\\testcase\\firstcases\\testcase1_003.py\", line 87, in <module>    element = getElememt(driver, \"new UiSelector().resourceId(\\\"org.wikipedia:id\/search_empty_image\\\").className(\\\"android.widget.ImageView\\\")\")  File \"\\testcase\\firstcases\\testcase1_003.py\", line 28, in getElememt    element = driver.find_element_by_android_uiautomator(str)  File \"C:\\Python27\\lib\\site-packages\\appium\\webdriver\\webdriver.py\", line 156, in find_element_by_android_uiautomator    return self.find_element(by=By.ANDROID_UIAUTOMATOR, value=uia_string)  File \"C:\\Python27\\lib\\site-packages\\selenium\\webdriver\\remote\\webdriver.py\", line 957, in find_element    'value': value})['value']  File \"C:\\Python27\\lib\\site-packages\\selenium\\webdriver\\remote\\webdriver.py\", line 314, in execute    self.error_handler.check_response(response)  File \"C:\\Python27\\lib\\site-packages\\appium\\webdriver\\errorhandler.py\", line 29, in check_response    raise wdeNoSuchElementException: Message: An element could not be located on the page using the given search parameters."},{"firstjacocotime":60.397,"tagname":"1_000","firstexecutionsuccess":false,"firsttestcasepath":"\\testcase\\firstcases\\testcase1_000.py","firstconsumedtime":32.783,"firstlocpath":null,"firstcoveragepath":"\\coverage\\pwpreferencecoverage\\coverage2_1_000_pw.ec","firsterrorlog":"FAILstr(e):\t\tMessage: An element could not be located on the page using the given search parameters.repr(e):\tNoSuchElementException()Traceback (most recent call last):  File \"\\testcase\\firstcases\\testcase1_000.py\", line 81, in <module>    element = getElememt(driver, \"new UiSelector().resourceId(\\\"org.wikipedia:id\/search_close_btn\\\").className(\\\"android.widget.ImageView\\\")\")  File \"\\testcase\\firstcases\\testcase1_000.py\", line 28, in getElememt    element = driver.find_element_by_android_uiautomator(str)  File \"C:\\Python27\\lib\\site-packages\\appium\\webdriver\\webdriver.py\", line 156, in find_element_by_android_uiautomator    return self.find_element(by=By.ANDROID_UIAUTOMATOR, value=uia_string)  File \"C:\\Python27\\lib\\site-packages\\selenium\\webdriver\\remote\\webdriver.py\", line 957, in find_element    'value': value})['value']  File \"C:\\Python27\\lib\\site-packages\\selenium\\webdriver\\remote\\webdriver.py\", line 314, in execute    self.error_handler.check_response(response)  File \"C:\\Python27\\lib\\site-packages\\appium\\webdriver\\errorhandler.py\", line 29, in check_response    raise wdeNoSuchElementException: Message: An element could not be located on the page using the given search parameters."},{"firstjacocotime":32.236,"tagname":"1_001","firstexecutionsuccess":true,"firsttestcasepath":"\\testcase\\firstcases\\testcase1_001.py","firstconsumedtime":23.044,"firstlocpath":null,"firstcoveragepath":"\\coverage\\pwpreferencecoverage\\coverage2_1_001_pw.ec","firsterrorlog":null}],"interestmap":[]}