{"testcasedatas":[{"firstjacocotime":5.008,"tagname":"9_016","firstexecutionsuccess":true,"firsttestcasepath":"\\testcase\\firstcases\\testcase9_016.py","firstconsumedtime":7.213,"firstlocpath":"\\exeresult\\firstresult\\9_016.txt","firstcoveragepath":"\\coverage\\firstcoverage\\coverage9_016.ec","firsterrorlog":null},{"firstjacocotime":5.007,"tagname":"9_015","firstexecutionsuccess":false,"firsttestcasepath":"\\testcase\\firstcases\\testcase9_015.py","firstconsumedtime":31.157,"firstlocpath":"\\exeresult\\firstresult\\9_015.txt","firstcoveragepath":"\\coverage\\firstcoverage\\coverage9_015.ec","firsterrorlog":"FAILstr(e):\t\tMessage: An element could not be located on the page using the given search parameters.repr(e):\tNoSuchElementException()Traceback (most recent call last):  File \"\\testcase\\firstcases\\testcase9_015.py\", line 79, in <module>    element = getElememt(driver, \"new UiSelector().className(\\\"android.widget.ImageView\\\").description(\\\"More options\\\")\")  File \"\\testcase\\firstcases\\testcase9_015.py\", line 34, in getElememt    element = driver.find_element_by_android_uiautomator(str)  File \"C:\\Python27\\lib\\site-packages\\appium\\webdriver\\webdriver.py\", line 327, in find_element_by_android_uiautomator    return self.find_element(by=By.ANDROID_UIAUTOMATOR, value=uia_string)  File \"C:\\Python27\\lib\\site-packages\\appium\\webdriver\\webdriver.py\", line 219, in find_element    'value': value})['value']  File \"C:\\Python27\\lib\\site-packages\\selenium\\webdriver\\remote\\webdriver.py\", line 321, in execute    self.error_handler.check_response(response)  File \"C:\\Python27\\lib\\site-packages\\appium\\webdriver\\errorhandler.py\", line 29, in check_response    raise wdeNoSuchElementException: Message: An element could not be located on the page using the given search parameters."},{"firstjacocotime":5.0039997,"tagname":"9_014","firstexecutionsuccess":true,"firsttestcasepath":"\\testcase\\firstcases\\testcase9_014.py","firstconsumedtime":12.004,"firstlocpath":"\\exeresult\\firstresult\\9_014.txt","firstcoveragepath":"\\coverage\\firstcoverage\\coverage9_014.ec","firsterrorlog":null},{"firstjacocotime":5.008,"tagname":"9_013","firstexecutionsuccess":false,"firsttestcasepath":"\\testcase\\firstcases\\testcase9_013.py","firstconsumedtime":16.821001,"firstlocpath":"\\exeresult\\firstresult\\9_013.txt","firstcoveragepath":"\\coverage\\firstcoverage\\coverage9_013.ec","firsterrorlog":"FAILstr(e):\t\tMessage: An element could not be located on the page using the given search parameters.repr(e):\tNoSuchElementException()Traceback (most recent call last):  File \"\\testcase\\firstcases\\testcase9_013.py\", line 78, in <module>    element = getElememt(driver, \"new UiSelector().resourceId(\\\"org.isoron.uhabits:id\/checkbox\\\").className(\\\"android.widget.CheckBox\\\")\")  File \"\\testcase\\firstcases\\testcase9_013.py\", line 34, in getElememt    element = driver.find_element_by_android_uiautomator(str)  File \"C:\\Python27\\lib\\site-packages\\appium\\webdriver\\webdriver.py\", line 327, in find_element_by_android_uiautomator    return self.find_element(by=By.ANDROID_UIAUTOMATOR, value=uia_string)  File \"C:\\Python27\\lib\\site-packages\\appium\\webdriver\\webdriver.py\", line 219, in find_element    'value': value})['value']  File \"C:\\Python27\\lib\\site-packages\\selenium\\webdriver\\remote\\webdriver.py\", line 321, in execute    self.error_handler.check_response(response)  File \"C:\\Python27\\lib\\site-packages\\appium\\webdriver\\errorhandler.py\", line 29, in check_response    raise wdeNoSuchElementException: Message: An element could not be located on the page using the given search parameters."},{"firstjacocotime":5.0059996,"tagname":"2_027","firstexecutionsuccess":true,"firsttestcasepath":"\\testcase\\firstcases\\testcase2_027.py","firstconsumedtime":17.255,"firstlocpath":"\\exeresult\\firstresult\\2_027.txt","firstcoveragepath":"\\coverage\\firstcoverage\\coverage2_027.ec","firsterrorlog":null},{"firstjacocotime":5.005,"tagname":"9_012","firstexecutionsuccess":true,"firsttestcasepath":"\\testcase\\firstcases\\testcase9_012.py","firstconsumedtime":30.559,"firstlocpath":"\\exeresult\\firstresult\\9_012.txt","firstcoveragepath":"\\coverage\\firstcoverage\\coverage9_012.ec","firsterrorlog":null},{"firstjacocotime":5.004,"interestScenes":[{"branchids":"155-247","changebranchids":"155-248","interests":[{"name":"pref_feature_numerical_habits","value":"1"}]}],"tagname":"2_028","firstexecutionsuccess":true,"firsttestcasepath":"\\testcase\\firstcases\\testcase2_028.py","firstconsumedtime":19.961,"firstlocpath":"\\exeresult\\firstresult\\2_028.txt","firstcoveragepath":"\\coverage\\firstcoverage\\coverage2_028.ec","firsterrorlog":null},{"firstjacocotime":5.005,"interestScenes":[{"branchids":"155-247","changebranchids":"155-248","interests":[{"name":"pref_feature_numerical_habits","value":"1"}]}],"tagname":"9_011","firstexecutionsuccess":false,"firsttestcasepath":"\\testcase\\firstcases\\testcase9_011.py","firstconsumedtime":39.477,"firstlocpath":"\\exeresult\\firstresult\\9_011.txt","firstcoveragepath":"\\coverage\\firstcoverage\\coverage9_011.ec","firsterrorlog":"FAILstr(e):\t\tMessage: An element could not be located on the page using the given search parameters.repr(e):\tNoSuchElementException()Traceback (most recent call last):  File \"\\testcase\\firstcases\\testcase9_011.py\", line 83, in <module>    element = getElememtBack(driver, \"new UiSelector().text(\\\"Custom \u2026\\\")\", \"new UiSelector().className(\\\"android.widget.TextView\\\").instance(4)\")  File \"\\testcase\\firstcases\\testcase9_011.py\", line 53, in getElememtBack    element = driver.find_element_by_android_uiautomator(str2)  File \"C:\\Python27\\lib\\site-packages\\appium\\webdriver\\webdriver.py\", line 327, in find_element_by_android_uiautomator    return self.find_element(by=By.ANDROID_UIAUTOMATOR, value=uia_string)  File \"C:\\Python27\\lib\\site-packages\\appium\\webdriver\\webdriver.py\", line 219, in find_element    'value': value})['value']  File \"C:\\Python27\\lib\\site-packages\\selenium\\webdriver\\remote\\webdriver.py\", line 321, in execute    self.error_handler.check_response(response)  File \"C:\\Python27\\lib\\site-packages\\appium\\webdriver\\errorhandler.py\", line 29, in check_response    raise wdeNoSuchElementException: Message: An element could not be located on the page using the given search parameters."},{"firstjacocotime":5.008,"tagname":"2_029","firstexecutionsuccess":true,"firsttestcasepath":"\\testcase\\firstcases\\testcase2_029.py","firstconsumedtime":7.058,"firstlocpath":"\\exeresult\\firstresult\\2_029.txt","firstcoveragepath":"\\coverage\\firstcoverage\\coverage2_029.ec","firsterrorlog":null},{"firstjacocotime":5.008,"interestScenes":[{"branchids":"4898-7512","changebranchids":"4898-7511","interests":[{"name":"pref_pure_black","value":"1"}]}],"tagname":"9_010","firstexecutionsuccess":true,"firsttestcasepath":"\\testcase\\firstcases\\testcase9_010.py","firstconsumedtime":20.145,"firstlocpath":"\\exeresult\\firstresult\\9_010.txt","firstcoveragepath":"\\coverage\\firstcoverage\\coverage9_010.ec","firsterrorlog":null},{"firstjacocotime":5.006,"interestScenes":[{"branchids":"4898-7512","changebranchids":"4898-7511","interests":[{"name":"pref_pure_black","value":"1"}]}],"tagname":"2_023","firstexecutionsuccess":true,"firsttestcasepath":"\\testcase\\firstcases\\testcase2_023.py","firstconsumedtime":13.203,"firstlocpath":"\\exeresult\\firstresult\\2_023.txt","firstcoveragepath":"\\coverage\\firstcoverage\\coverage2_023.ec","firsterrorlog":null},{"firstjacocotime":5.006,"tagname":"2_024","firstexecutionsuccess":true,"firsttestcasepath":"\\testcase\\firstcases\\testcase2_024.py","firstconsumedtime":13.839,"firstlocpath":"\\exeresult\\firstresult\\2_024.txt","firstcoveragepath":"\\coverage\\firstcoverage\\coverage2_024.ec","firsterrorlog":null},{"firstjacocotime":5.007,"interestScenes":[{"branchids":"4898-7512","changebranchids":"4898-7511","interests":[{"name":"pref_pure_black","value":"1"}]}],"tagname":"2_025","firstexecutionsuccess":false,"firsttestcasepath":"\\testcase\\firstcases\\testcase2_025.py","firstconsumedtime":16.748,"firstlocpath":"\\exeresult\\firstresult\\2_025.txt","firstcoveragepath":"\\coverage\\firstcoverage\\coverage2_025.ec","firsterrorlog":"FAILstr(e):\t\tMessage: An element could not be located on the page using the given search parameters.repr(e):\tNoSuchElementException()Traceback (most recent call last):  File \"\\testcase\\firstcases\\testcase2_025.py\", line 76, in <module>    element = getElememt(driver, \"new UiSelector().resourceId(\\\"org.isoron.uhabits:id\/checkbox\\\").className(\\\"android.widget.CheckBox\\\")\")  File \"\\testcase\\firstcases\\testcase2_025.py\", line 34, in getElememt    element = driver.find_element_by_android_uiautomator(str)  File \"C:\\Python27\\lib\\site-packages\\appium\\webdriver\\webdriver.py\", line 327, in find_element_by_android_uiautomator    return self.find_element(by=By.ANDROID_UIAUTOMATOR, value=uia_string)  File \"C:\\Python27\\lib\\site-packages\\appium\\webdriver\\webdriver.py\", line 219, in find_element    'value': value})['value']  File \"C:\\Python27\\lib\\site-packages\\selenium\\webdriver\\remote\\webdriver.py\", line 321, in execute    self.error_handler.check_response(response)  File \"C:\\Python27\\lib\\site-packages\\appium\\webdriver\\errorhandler.py\", line 29, in check_response    raise wdeNoSuchElementException: Message: An element could not be located on the page using the given search parameters."},{"firstjacocotime":5.005,"interestScenes":[{"branchids":"4898-7512","changebranchids":"4898-7511","interests":[{"name":"pref_pure_black","value":"1"}]}],"tagname":"2_026","firstexecutionsuccess":true,"firsttestcasepath":"\\testcase\\firstcases\\testcase2_026.py","firstconsumedtime":13.412,"firstlocpath":"\\exeresult\\firstresult\\2_026.txt","firstcoveragepath":"\\coverage\\firstcoverage\\coverage2_026.ec","firsterrorlog":null},{"firstjacocotime":5.006,"interestScenes":[{"branchids":"155-247","changebranchids":"155-248","interests":[{"name":"pref_feature_numerical_habits","value":"1"}]}],"tagname":"2_020","firstexecutionsuccess":true,"firsttestcasepath":"\\testcase\\firstcases\\testcase2_020.py","firstconsumedtime":48.886,"firstlocpath":"\\exeresult\\firstresult\\2_020.txt","firstcoveragepath":"\\coverage\\firstcoverage\\coverage2_020.ec","firsterrorlog":null},{"firstjacocotime":5.007,"tagname":"2_021","firstexecutionsuccess":false,"firsttestcasepath":"\\testcase\\firstcases\\testcase2_021.py","firstconsumedtime":31.629,"firstlocpath":"\\exeresult\\firstresult\\2_021.txt","firstcoveragepath":"\\coverage\\firstcoverage\\coverage2_021.ec","firsterrorlog":"FAILstr(e):\t\tMessage: An element could not be located on the page using the given search parameters.repr(e):\tNoSuchElementException()Traceback (most recent call last):  File \"\\testcase\\firstcases\\testcase2_021.py\", line 79, in <module>    element = getElememt(driver, \"new UiSelector().resourceId(\\\"org.isoron.uhabits:id\/actionAdd\\\").className(\\\"android.widget.TextView\\\")\")  File \"\\testcase\\firstcases\\testcase2_021.py\", line 34, in getElememt    element = driver.find_element_by_android_uiautomator(str)  File \"C:\\Python27\\lib\\site-packages\\appium\\webdriver\\webdriver.py\", line 327, in find_element_by_android_uiautomator    return self.find_element(by=By.ANDROID_UIAUTOMATOR, value=uia_string)  File \"C:\\Python27\\lib\\site-packages\\appium\\webdriver\\webdriver.py\", line 219, in find_element    'value': value})['value']  File \"C:\\Python27\\lib\\site-packages\\selenium\\webdriver\\remote\\webdriver.py\", line 321, in execute    self.error_handler.check_response(response)  File \"C:\\Python27\\lib\\site-packages\\appium\\webdriver\\errorhandler.py\", line 29, in check_response    raise wdeNoSuchElementException: Message: An element could not be located on the page using the given search parameters."},{"firstjacocotime":5.005,"interestScenes":[{"branchids":"4898-7512","changebranchids":"4898-7511","interests":[{"name":"pref_pure_black","value":"1"}]}],"tagname":"2_022","firstexecutionsuccess":true,"firsttestcasepath":"\\testcase\\firstcases\\testcase2_022.py","firstconsumedtime":17.671,"firstlocpath":"\\exeresult\\firstresult\\2_022.txt","firstcoveragepath":"\\coverage\\firstcoverage\\coverage2_022.ec","firsterrorlog":null},{"firstjacocotime":5.006,"tagname":"9_019","firstexecutionsuccess":true,"firsttestcasepath":"\\testcase\\firstcases\\testcase9_019.py","firstconsumedtime":16.534,"firstlocpath":"\\exeresult\\firstresult\\9_019.txt","firstcoveragepath":"\\coverage\\firstcoverage\\coverage9_019.ec","firsterrorlog":null},{"firstjacocotime":5.006,"tagname":"9_018","firstexecutionsuccess":true,"firsttestcasepath":"\\testcase\\firstcases\\testcase9_018.py","firstconsumedtime":13.253,"firstlocpath":"\\exeresult\\firstresult\\9_018.txt","firstcoveragepath":"\\coverage\\firstcoverage\\coverage9_018.ec","firsterrorlog":null},{"firstjacocotime":5.0049996,"tagname":"9_017","firstexecutionsuccess":false,"firsttestcasepath":"\\testcase\\firstcases\\testcase9_017.py","firstconsumedtime":21.089,"firstlocpath":"\\exeresult\\firstresult\\9_017.txt","firstcoveragepath":"\\coverage\\firstcoverage\\coverage9_017.ec","firsterrorlog":"FAILstr(e):\t\tMessage: An element could not be located on the page using the given search parameters.repr(e):\tNoSuchElementException()Traceback (most recent call last):  File \"\\testcase\\firstcases\\testcase9_017.py\", line 80, in <module>    element = getElememt(driver, \"new UiSelector().resourceId(\\\"org.isoron.uhabits:id\/checkbox\\\").className(\\\"android.widget.CheckBox\\\")\")  File \"\\testcase\\firstcases\\testcase9_017.py\", line 34, in getElememt    element = driver.find_element_by_android_uiautomator(str)  File \"C:\\Python27\\lib\\site-packages\\appium\\webdriver\\webdriver.py\", line 327, in find_element_by_android_uiautomator    return self.find_element(by=By.ANDROID_UIAUTOMATOR, value=uia_string)  File \"C:\\Python27\\lib\\site-packages\\appium\\webdriver\\webdriver.py\", line 219, in find_element    'value': value})['value']  File \"C:\\Python27\\lib\\site-packages\\selenium\\webdriver\\remote\\webdriver.py\", line 321, in execute    self.error_handler.check_response(response)  File \"C:\\Python27\\lib\\site-packages\\appium\\webdriver\\errorhandler.py\", line 29, in check_response    raise wdeNoSuchElementException: Message: An element could not be located on the page using the given search parameters."},{"firstjacocotime":5.011,"tagname":"9_027","firstexecutionsuccess":true,"firsttestcasepath":"\\testcase\\firstcases\\testcase9_027.py","firstconsumedtime":12.631,"firstlocpath":"\\exeresult\\firstresult\\9_027.txt","firstcoveragepath":"\\coverage\\firstcoverage\\coverage9_027.ec","firsterrorlog":null},{"firstjacocotime":5.008,"tagname":"9_026","firstexecutionsuccess":true,"firsttestcasepath":"\\testcase\\firstcases\\testcase9_026.py","firstconsumedtime":12.148,"firstlocpath":"\\exeresult\\firstresult\\9_026.txt","firstcoveragepath":"\\coverage\\firstcoverage\\coverage9_026.ec","firsterrorlog":null},{"firstjacocotime":5.005,"interestScenes":[{"branchids":"155-247","changebranchids":"155-248","interests":[{"name":"pref_feature_numerical_habits","value":"1"}]}],"tagname":"9_025","firstexecutionsuccess":true,"firsttestcasepath":"\\testcase\\firstcases\\testcase9_025.py","firstconsumedtime":33.249,"firstlocpath":"\\exeresult\\firstresult\\9_025.txt","firstcoveragepath":"\\coverage\\firstcoverage\\coverage9_025.ec","firsterrorlog":null},{"firstjacocotime":5.005,"tagname":"10_021","firstexecutionsuccess":true,"firsttestcasepath":"\\testcase\\firstcases\\testcase10_021.py","firstconsumedtime":17.318,"firstlocpath":"\\exeresult\\firstresult\\10_021.txt","firstcoveragepath":"\\coverage\\firstcoverage\\coverage10_021.ec","firsterrorlog":null},{"firstjacocotime":5.006,"interestScenes":[{"branchids":"155-247","changebranchids":"155-248","interests":[{"name":"pref_feature_numerical_habits","value":"1"}]}],"tagname":"9_024","firstexecutionsuccess":true,"firsttestcasepath":"\\testcase\\firstcases\\testcase9_024.py","firstconsumedtime":24.718,"firstlocpath":"\\exeresult\\firstresult\\9_024.txt","firstcoveragepath":"\\coverage\\firstcoverage\\coverage9_024.ec","firsterrorlog":null},{"firstjacocotime":5.0099998,"tagname":"10_020","firstexecutionsuccess":true,"firsttestcasepath":"\\testcase\\firstcases\\testcase10_020.py","firstconsumedtime":7.007,"firstlocpath":"\\exeresult\\firstresult\\10_020.txt","firstcoveragepath":"\\coverage\\firstcoverage\\coverage10_020.ec","firsterrorlog":null},{"firstjacocotime":5.007,"interestScenes":[{"branchids":"4898-7512","changebranchids":"4898-7511","interests":[{"name":"pref_pure_black","value":"1"}]}],"tagname":"2_016","firstexecutionsuccess":false,"firsttestcasepath":"\\testcase\\firstcases\\testcase2_016.py","firstconsumedtime":37.408,"firstlocpath":"\\exeresult\\firstresult\\2_016.txt","firstcoveragepath":"\\coverage\\firstcoverage\\coverage2_016.ec","firsterrorlog":"FAILstr(e):\t\tMessage: An element could not be located on the page using the given search parameters.repr(e):\tNoSuchElementException()Traceback (most recent call last):  File \"\\testcase\\firstcases\\testcase2_016.py\", line 87, in <module>    element = getElememt(driver, \"new UiSelector().resourceId(\\\"org.isoron.uhabits:id\/action_filter\\\").className(\\\"android.widget.TextView\\\")\")  File \"\\testcase\\firstcases\\testcase2_016.py\", line 34, in getElememt    element = driver.find_element_by_android_uiautomator(str)  File \"C:\\Python27\\lib\\site-packages\\appium\\webdriver\\webdriver.py\", line 327, in find_element_by_android_uiautomator    return self.find_element(by=By.ANDROID_UIAUTOMATOR, value=uia_string)  File \"C:\\Python27\\lib\\site-packages\\appium\\webdriver\\webdriver.py\", line 219, in find_element    'value': value})['value']  File \"C:\\Python27\\lib\\site-packages\\selenium\\webdriver\\remote\\webdriver.py\", line 321, in execute    self.error_handler.check_response(response)  File \"C:\\Python27\\lib\\site-packages\\appium\\webdriver\\errorhandler.py\", line 29, in check_response    raise wdeNoSuchElementException: Message: An element could not be located on the page using the given search parameters."},{"firstjacocotime":5.0059996,"interestScenes":[{"branchids":"4898-7512","changebranchids":"4898-7511","interests":[{"name":"pref_pure_black","value":"1"}]}],"tagname":"9_023","firstexecutionsuccess":true,"firsttestcasepath":"\\testcase\\firstcases\\testcase9_023.py","firstconsumedtime":19.4,"firstlocpath":"\\exeresult\\firstresult\\9_023.txt","firstcoveragepath":"\\coverage\\firstcoverage\\coverage9_023.ec","firsterrorlog":null},{"firstjacocotime":5.005,"tagname":"2_017","firstexecutionsuccess":true,"firsttestcasepath":"\\testcase\\firstcases\\testcase2_017.py","firstconsumedtime":9.625,"firstlocpath":"\\exeresult\\firstresult\\2_017.txt","firstcoveragepath":"\\coverage\\firstcoverage\\coverage2_017.ec","firsterrorlog":null},{"firstjacocotime":5.006,"interestScenes":[{"branchids":"4898-7512","changebranchids":"4898-7511","interests":[{"name":"pref_pure_black","value":"1"}]}],"tagname":"9_022","firstexecutionsuccess":true,"firsttestcasepath":"\\testcase\\firstcases\\testcase9_022.py","firstconsumedtime":20.619,"firstlocpath":"\\exeresult\\firstresult\\9_022.txt","firstcoveragepath":"\\coverage\\firstcoverage\\coverage9_022.ec","firsterrorlog":null},{"firstjacocotime":5.0059996,"tagname":"2_018","firstexecutionsuccess":true,"firsttestcasepath":"\\testcase\\firstcases\\testcase2_018.py","firstconsumedtime":18.591,"firstlocpath":"\\exeresult\\firstresult\\2_018.txt","firstcoveragepath":"\\coverage\\firstcoverage\\coverage2_018.ec","firsterrorlog":null},{"firstjacocotime":5.005,"interestScenes":[{"branchids":"155-247","changebranchids":"155-248","interests":[{"name":"pref_feature_numerical_habits","value":"1"}]}],"tagname":"9_021","firstexecutionsuccess":true,"firsttestcasepath":"\\testcase\\firstcases\\testcase9_021.py","firstconsumedtime":20.482,"firstlocpath":"\\exeresult\\firstresult\\9_021.txt","firstcoveragepath":"\\coverage\\firstcoverage\\coverage9_021.ec","firsterrorlog":null},{"firstjacocotime":5.006,"interestScenes":[{"branchids":"155-247","changebranchids":"155-248","interests":[{"name":"pref_feature_numerical_habits","value":"1"}]}],"tagname":"2_019","firstexecutionsuccess":false,"firsttestcasepath":"\\testcase\\firstcases\\testcase2_019.py","firstconsumedtime":28.967,"firstlocpath":"\\exeresult\\firstresult\\2_019.txt","firstcoveragepath":"\\coverage\\firstcoverage\\coverage2_019.ec","firsterrorlog":"FAILstr(e):\t\tMessage: An element could not be located on the page using the given search parameters.repr(e):\tNoSuchElementException()Traceback (most recent call last):  File \"\\testcase\\firstcases\\testcase2_019.py\", line 83, in <module>    element = getElememt(driver, \"new UiSelector().resourceId(\\\"org.isoron.uhabits:id\/buttonPickColor\\\").className(\\\"android.widget.ImageButton\\\")\")  File \"\\testcase\\firstcases\\testcase2_019.py\", line 34, in getElememt    element = driver.find_element_by_android_uiautomator(str)  File \"C:\\Python27\\lib\\site-packages\\appium\\webdriver\\webdriver.py\", line 327, in find_element_by_android_uiautomator    return self.find_element(by=By.ANDROID_UIAUTOMATOR, value=uia_string)  File \"C:\\Python27\\lib\\site-packages\\appium\\webdriver\\webdriver.py\", line 219, in find_element    'value': value})['value']  File \"C:\\Python27\\lib\\site-packages\\selenium\\webdriver\\remote\\webdriver.py\", line 321, in execute    self.error_handler.check_response(response)  File \"C:\\Python27\\lib\\site-packages\\appium\\webdriver\\errorhandler.py\", line 29, in check_response    raise wdeNoSuchElementException: Message: An element could not be located on the page using the given search parameters."},{"firstjacocotime":5.0099998,"tagname":"9_020","firstexecutionsuccess":true,"firsttestcasepath":"\\testcase\\firstcases\\testcase9_020.py","firstconsumedtime":8.144,"firstlocpath":"\\exeresult\\firstresult\\9_020.txt","firstcoveragepath":"\\coverage\\firstcoverage\\coverage9_020.ec","firsterrorlog":null},{"firstjacocotime":5.007,"tagname":"2_012","firstexecutionsuccess":true,"firsttestcasepath":"\\testcase\\firstcases\\testcase2_012.py","firstconsumedtime":17.515,"firstlocpath":"\\exeresult\\firstresult\\2_012.txt","firstcoveragepath":"\\coverage\\firstcoverage\\coverage2_012.ec","firsterrorlog":null},{"firstjacocotime":5.007,"interestScenes":[{"branchids":"4898-7512","changebranchids":"4898-7511","interests":[{"name":"pref_pure_black","value":"1"}]},{"preinterests":[{"name":"pref_pure_black","value":"0"}],"branchids":"155-247","changebranchids":"155-248","interests":[{"name":"pref_feature_numerical_habits","value":"1"}]}],"tagname":"2_013","firstexecutionsuccess":true,"firsttestcasepath":"\\testcase\\firstcases\\testcase2_013.py","firstconsumedtime":24.544,"firstlocpath":"\\exeresult\\firstresult\\2_013.txt","firstcoveragepath":"\\coverage\\firstcoverage\\coverage2_013.ec","firsterrorlog":null},{"firstjacocotime":5.0059996,"tagname":"2_014","firstexecutionsuccess":true,"firsttestcasepath":"\\testcase\\firstcases\\testcase2_014.py","firstconsumedtime":13.916,"firstlocpath":"\\exeresult\\firstresult\\2_014.txt","firstcoveragepath":"\\coverage\\firstcoverage\\coverage2_014.ec","firsterrorlog":null},{"firstjacocotime":5.006,"interestScenes":[{"branchids":"4898-7512","changebranchids":"4898-7511","interests":[{"name":"pref_pure_black","value":"1"}]}],"tagname":"2_015","firstexecutionsuccess":true,"firsttestcasepath":"\\testcase\\firstcases\\testcase2_015.py","firstconsumedtime":10.921,"firstlocpath":"\\exeresult\\firstresult\\2_015.txt","firstcoveragepath":"\\coverage\\firstcoverage\\coverage2_015.ec","firsterrorlog":null},{"firstjacocotime":5.013,"interestScenes":[{"branchids":"155-247","changebranchids":"155-248","interests":[{"name":"pref_feature_numerical_habits","value":"1"}]}],"tagname":"2_010","firstexecutionsuccess":true,"firsttestcasepath":"\\testcase\\firstcases\\testcase2_010.py","firstconsumedtime":49.855,"firstlocpath":"\\exeresult\\firstresult\\2_010.txt","firstcoveragepath":"\\coverage\\firstcoverage\\coverage2_010.ec","firsterrorlog":null},{"firstjacocotime":5.008,"interestScenes":[{"branchids":"155-247","changebranchids":"155-248","interests":[{"name":"pref_feature_numerical_habits","value":"1"}]}],"tagname":"2_011","firstexecutionsuccess":true,"firsttestcasepath":"\\testcase\\firstcases\\testcase2_011.py","firstconsumedtime":20.55,"firstlocpath":"\\exeresult\\firstresult\\2_011.txt","firstcoveragepath":"\\coverage\\firstcoverage\\coverage2_011.ec","firsterrorlog":null},{"firstjacocotime":5.006,"interestScenes":[{"branchids":"4898-7512","changebranchids":"4898-7511","interests":[{"name":"pref_pure_black","value":"1"}]}],"tagname":"5_000","firstexecutionsuccess":false,"firsttestcasepath":"\\testcase\\firstcases\\testcase5_000.py","firstconsumedtime":18.053,"firstlocpath":"\\exeresult\\firstresult\\5_000.txt","firstcoveragepath":"\\coverage\\firstcoverage\\coverage5_000.ec","firsterrorlog":"FAILstr(e):\t\tMessage: An element could not be located on the page using the given search parameters.repr(e):\tNoSuchElementException()Traceback (most recent call last):  File \"\\testcase\\firstcases\\testcase5_000.py\", line 80, in <module>    element = getElememt(driver, \"new UiSelector().resourceId(\\\"org.isoron.uhabits:id\/checkbox\\\").className(\\\"android.widget.CheckBox\\\")\")  File \"\\testcase\\firstcases\\testcase5_000.py\", line 34, in getElememt    element = driver.find_element_by_android_uiautomator(str)  File \"C:\\Python27\\lib\\site-packages\\appium\\webdriver\\webdriver.py\", line 327, in find_element_by_android_uiautomator    return self.find_element(by=By.ANDROID_UIAUTOMATOR, value=uia_string)  File \"C:\\Python27\\lib\\site-packages\\appium\\webdriver\\webdriver.py\", line 219, in find_element    'value': value})['value']  File \"C:\\Python27\\lib\\site-packages\\selenium\\webdriver\\remote\\webdriver.py\", line 321, in execute    self.error_handler.check_response(response)  File \"C:\\Python27\\lib\\site-packages\\appium\\webdriver\\errorhandler.py\", line 29, in check_response    raise wdeNoSuchElementException: Message: An element could not be located on the page using the given search parameters."},{"firstjacocotime":5.006,"tagname":"5_001","firstexecutionsuccess":true,"firsttestcasepath":"\\testcase\\firstcases\\testcase5_001.py","firstconsumedtime":19.435999,"firstlocpath":"\\exeresult\\firstresult\\5_001.txt","firstcoveragepath":"\\coverage\\firstcoverage\\coverage5_001.ec","firsterrorlog":null},{"firstjacocotime":5.0099998,"interestScenes":[{"branchids":"4898-7512","changebranchids":"4898-7511","interests":[{"name":"pref_pure_black","value":"1"}]}],"tagname":"5_008","firstexecutionsuccess":true,"firsttestcasepath":"\\testcase\\firstcases\\testcase5_008.py","firstconsumedtime":20.095,"firstlocpath":"\\exeresult\\firstresult\\5_008.txt","firstcoveragepath":"\\coverage\\firstcoverage\\coverage5_008.ec","firsterrorlog":null},{"firstjacocotime":5.0049996,"interestScenes":[{"branchids":"4898-7512","changebranchids":"4898-7511","interests":[{"name":"pref_pure_black","value":"1"}]}],"tagname":"10_027","firstexecutionsuccess":false,"firsttestcasepath":"\\testcase\\firstcases\\testcase10_027.py","firstconsumedtime":30.222,"firstlocpath":"\\exeresult\\firstresult\\10_027.txt","firstcoveragepath":"\\coverage\\firstcoverage\\coverage10_027.ec","firsterrorlog":"FAILstr(e):\t\tMessage: An element could not be located on the page using the given search parameters.repr(e):\tNoSuchElementException()Traceback (most recent call last):  File \"\\testcase\\firstcases\\testcase10_027.py\", line 78, in <module>    element = getElememt(driver, \"new UiSelector().resourceId(\\\"org.isoron.uhabits:id\/action_filter\\\").className(\\\"android.widget.TextView\\\")\")  File \"\\testcase\\firstcases\\testcase10_027.py\", line 34, in getElememt    element = driver.find_element_by_android_uiautomator(str)  File \"C:\\Python27\\lib\\site-packages\\appium\\webdriver\\webdriver.py\", line 327, in find_element_by_android_uiautomator    return self.find_element(by=By.ANDROID_UIAUTOMATOR, value=uia_string)  File \"C:\\Python27\\lib\\site-packages\\appium\\webdriver\\webdriver.py\", line 219, in find_element    'value': value})['value']  File \"C:\\Python27\\lib\\site-packages\\selenium\\webdriver\\remote\\webdriver.py\", line 321, in execute    self.error_handler.check_response(response)  File \"C:\\Python27\\lib\\site-packages\\appium\\webdriver\\errorhandler.py\", line 29, in check_response    raise wdeNoSuchElementException: Message: An element could not be located on the page using the given search parameters."},{"firstjacocotime":5.007,"tagname":"5_009","firstexecutionsuccess":true,"firsttestcasepath":"\\testcase\\firstcases\\testcase5_009.py","firstconsumedtime":17.372,"firstlocpath":"\\exeresult\\firstresult\\5_009.txt","firstcoveragepath":"\\coverage\\firstcoverage\\coverage5_009.ec","firsterrorlog":null},{"firstjacocotime":5.006,"interestScenes":[{"branchids":"4898-7512","changebranchids":"4898-7511","interests":[{"name":"pref_pure_black","value":"1"}]}],"tagname":"10_026","firstexecutionsuccess":true,"firsttestcasepath":"\\testcase\\firstcases\\testcase10_026.py","firstconsumedtime":15.25,"firstlocpath":"\\exeresult\\firstresult\\10_026.txt","firstcoveragepath":"\\coverage\\firstcoverage\\coverage10_026.ec","firsterrorlog":null},{"firstjacocotime":5.006,"interestScenes":[{"branchids":"4898-7512","changebranchids":"4898-7511","interests":[{"name":"pref_pure_black","value":"1"}]}],"tagname":"5_006","firstexecutionsuccess":false,"firsttestcasepath":"\\testcase\\firstcases\\testcase5_006.py","firstconsumedtime":22.439001,"firstlocpath":"\\exeresult\\firstresult\\5_006.txt","firstcoveragepath":"\\coverage\\firstcoverage\\coverage5_006.ec","firsterrorlog":"FAILstr(e):\t\tMessage: An element could not be located on the page using the given search parameters.repr(e):\tNoSuchElementException()Traceback (most recent call last):  File \"\\testcase\\firstcases\\testcase5_006.py\", line 82, in <module>    element = getElememt(driver, \"new UiSelector().resourceId(\\\"org.isoron.uhabits:id\/submenuarrow\\\").className(\\\"android.widget.ImageView\\\")\")  File \"\\testcase\\firstcases\\testcase5_006.py\", line 34, in getElememt    element = driver.find_element_by_android_uiautomator(str)  File \"C:\\Python27\\lib\\site-packages\\appium\\webdriver\\webdriver.py\", line 327, in find_element_by_android_uiautomator    return self.find_element(by=By.ANDROID_UIAUTOMATOR, value=uia_string)  File \"C:\\Python27\\lib\\site-packages\\appium\\webdriver\\webdriver.py\", line 219, in find_element    'value': value})['value']  File \"C:\\Python27\\lib\\site-packages\\selenium\\webdriver\\remote\\webdriver.py\", line 321, in execute    self.error_handler.check_response(response)  File \"C:\\Python27\\lib\\site-packages\\appium\\webdriver\\errorhandler.py\", line 29, in check_response    raise wdeNoSuchElementException: Message: An element could not be located on the page using the given search parameters."},{"firstjacocotime":5.006,"interestScenes":[{"branchids":"4898-7512","changebranchids":"4898-7511","interests":[{"name":"pref_pure_black","value":"1"}]}],"tagname":"10_029","firstexecutionsuccess":false,"firsttestcasepath":"\\testcase\\firstcases\\testcase10_029.py","firstconsumedtime":19.004,"firstlocpath":"\\exeresult\\firstresult\\10_029.txt","firstcoveragepath":"\\coverage\\firstcoverage\\coverage10_029.ec","firsterrorlog":"FAILstr(e):\t\tMessage: An element could not be located on the page using the given search parameters.repr(e):\tNoSuchElementException()Traceback (most recent call last):  File \"\\testcase\\firstcases\\testcase10_029.py\", line 78, in <module>    element = getElememt(driver, \"new UiSelector().resourceId(\\\"org.isoron.uhabits:id\/submenuarrow\\\").className(\\\"android.widget.ImageView\\\")\")  File \"\\testcase\\firstcases\\testcase10_029.py\", line 34, in getElememt    element = driver.find_element_by_android_uiautomator(str)  File \"C:\\Python27\\lib\\site-packages\\appium\\webdriver\\webdriver.py\", line 327, in find_element_by_android_uiautomator    return self.find_element(by=By.ANDROID_UIAUTOMATOR, value=uia_string)  File \"C:\\Python27\\lib\\site-packages\\appium\\webdriver\\webdriver.py\", line 219, in find_element    'value': value})['value']  File \"C:\\Python27\\lib\\site-packages\\selenium\\webdriver\\remote\\webdriver.py\", line 321, in execute    self.error_handler.check_response(response)  File \"C:\\Python27\\lib\\site-packages\\appium\\webdriver\\errorhandler.py\", line 29, in check_response    raise wdeNoSuchElementException: Message: An element could not be located on the page using the given search parameters."},{"firstjacocotime":5.0049996,"tagname":"5_007","firstexecutionsuccess":false,"firsttestcasepath":"\\testcase\\firstcases\\testcase5_007.py","firstconsumedtime":19.298,"firstlocpath":"\\exeresult\\firstresult\\5_007.txt","firstcoveragepath":"\\coverage\\firstcoverage\\coverage5_007.ec","firsterrorlog":"FAILstr(e):\t\tMessage: An element could not be located on the page using the given search parameters.repr(e):\tNoSuchElementException()Traceback (most recent call last):  File \"\\testcase\\firstcases\\testcase5_007.py\", line 80, in <module>    element = getElememt(driver, \"new UiSelector().resourceId(\\\"org.isoron.uhabits:id\/submenuarrow\\\").className(\\\"android.widget.ImageView\\\")\")  File \"\\testcase\\firstcases\\testcase5_007.py\", line 34, in getElememt    element = driver.find_element_by_android_uiautomator(str)  File \"C:\\Python27\\lib\\site-packages\\appium\\webdriver\\webdriver.py\", line 327, in find_element_by_android_uiautomator    return self.find_element(by=By.ANDROID_UIAUTOMATOR, value=uia_string)  File \"C:\\Python27\\lib\\site-packages\\appium\\webdriver\\webdriver.py\", line 219, in find_element    'value': value})['value']  File \"C:\\Python27\\lib\\site-packages\\selenium\\webdriver\\remote\\webdriver.py\", line 321, in execute    self.error_handler.check_response(response)  File \"C:\\Python27\\lib\\site-packages\\appium\\webdriver\\errorhandler.py\", line 29, in check_response    raise wdeNoSuchElementException: Message: An element could not be located on the page using the given search parameters."},{"firstjacocotime":5.0039997,"interestScenes":[{"branchids":"4898-7512","changebranchids":"4898-7511","interests":[{"name":"pref_pure_black","value":"1"}]}],"tagname":"10_028","firstexecutionsuccess":false,"firsttestcasepath":"\\testcase\\firstcases\\testcase10_028.py","firstconsumedtime":32.9,"firstlocpath":"\\exeresult\\firstresult\\10_028.txt","firstcoveragepath":"\\coverage\\firstcoverage\\coverage10_028.ec","firsterrorlog":"FAILstr(e):\t\tMessage: An element could not be located on the page using the given search parameters.repr(e):\tNoSuchElementException()Traceback (most recent call last):  File \"\\testcase\\firstcases\\testcase10_028.py\", line 84, in <module>    element = getElememt(driver, \"new UiSelector().className(\\\"android.widget.ImageView\\\").description(\\\"More options\\\")\")  File \"\\testcase\\firstcases\\testcase10_028.py\", line 34, in getElememt    element = driver.find_element_by_android_uiautomator(str)  File \"C:\\Python27\\lib\\site-packages\\appium\\webdriver\\webdriver.py\", line 327, in find_element_by_android_uiautomator    return self.find_element(by=By.ANDROID_UIAUTOMATOR, value=uia_string)  File \"C:\\Python27\\lib\\site-packages\\appium\\webdriver\\webdriver.py\", line 219, in find_element    'value': value})['value']  File \"C:\\Python27\\lib\\site-packages\\selenium\\webdriver\\remote\\webdriver.py\", line 321, in execute    self.error_handler.check_response(response)  File \"C:\\Python27\\lib\\site-packages\\appium\\webdriver\\errorhandler.py\", line 29, in check_response    raise wdeNoSuchElementException: Message: An element could not be located on the page using the given search parameters."},{"firstjacocotime":5.008,"interestScenes":[{"branchids":"4898-7512","changebranchids":"4898-7511","interests":[{"name":"pref_pure_black","value":"1"}]}],"tagname":"5_004","firstexecutionsuccess":true,"firsttestcasepath":"\\testcase\\firstcases\\testcase5_004.py","firstconsumedtime":7.333,"firstlocpath":"\\exeresult\\firstresult\\5_004.txt","firstcoveragepath":"\\coverage\\firstcoverage\\coverage5_004.ec","firsterrorlog":null},{"firstjacocotime":5.006,"interestScenes":[{"branchids":"155-247","changebranchids":"155-248","interests":[{"name":"pref_feature_numerical_habits","value":"1"}]}],"tagname":"10_023","firstexecutionsuccess":true,"firsttestcasepath":"\\testcase\\firstcases\\testcase10_023.py","firstconsumedtime":22.726,"firstlocpath":"\\exeresult\\firstresult\\10_023.txt","firstcoveragepath":"\\coverage\\firstcoverage\\coverage10_023.ec","firsterrorlog":null},{"firstjacocotime":5.007,"interestScenes":[{"branchids":"4898-7512","changebranchids":"4898-7511","interests":[{"name":"pref_pure_black","value":"1"}]},{"preinterests":[{"name":"pref_pure_black","value":"0"}],"branchids":"155-247","changebranchids":"155-248","interests":[{"name":"pref_feature_numerical_habits","value":"1"}]}],"tagname":"5_005","firstexecutionsuccess":true,"firsttestcasepath":"\\testcase\\firstcases\\testcase5_005.py","firstconsumedtime":34.36,"firstlocpath":"\\exeresult\\firstresult\\5_005.txt","firstcoveragepath":"\\coverage\\firstcoverage\\coverage5_005.ec","firsterrorlog":null},{"firstjacocotime":5.009,"interestScenes":[{"branchids":"4898-7512","changebranchids":"4898-7511","interests":[{"name":"pref_pure_black","value":"1"}]}],"tagname":"10_022","firstexecutionsuccess":false,"firsttestcasepath":"\\testcase\\firstcases\\testcase10_022.py","firstconsumedtime":16.477,"firstlocpath":"\\exeresult\\firstresult\\10_022.txt","firstcoveragepath":"\\coverage\\firstcoverage\\coverage10_022.ec","firsterrorlog":"FAILstr(e):\t\tMessage: An element could not be located on the page using the given search parameters.repr(e):\tNoSuchElementException()Traceback (most recent call last):  File \"\\testcase\\firstcases\\testcase10_022.py\", line 76, in <module>    element = getElememt(driver, \"new UiSelector().resourceId(\\\"org.isoron.uhabits:id\/checkbox\\\").className(\\\"android.widget.CheckBox\\\")\")  File \"\\testcase\\firstcases\\testcase10_022.py\", line 34, in getElememt    element = driver.find_element_by_android_uiautomator(str)  File \"C:\\Python27\\lib\\site-packages\\appium\\webdriver\\webdriver.py\", line 327, in find_element_by_android_uiautomator    return self.find_element(by=By.ANDROID_UIAUTOMATOR, value=uia_string)  File \"C:\\Python27\\lib\\site-packages\\appium\\webdriver\\webdriver.py\", line 219, in find_element    'value': value})['value']  File \"C:\\Python27\\lib\\site-packages\\selenium\\webdriver\\remote\\webdriver.py\", line 321, in execute    self.error_handler.check_response(response)  File \"C:\\Python27\\lib\\site-packages\\appium\\webdriver\\errorhandler.py\", line 29, in check_response    raise wdeNoSuchElementException: Message: An element could not be located on the page using the given search parameters."},{"firstjacocotime":5.006,"interestScenes":[{"branchids":"155-247","changebranchids":"155-248","interests":[{"name":"pref_feature_numerical_habits","value":"1"}]}],"tagname":"5_002","firstexecutionsuccess":true,"firsttestcasepath":"\\testcase\\firstcases\\testcase5_002.py","firstconsumedtime":24.041,"firstlocpath":"\\exeresult\\firstresult\\5_002.txt","firstcoveragepath":"\\coverage\\firstcoverage\\coverage5_002.ec","firsterrorlog":null},{"firstjacocotime":5.007,"tagname":"9_029","firstexecutionsuccess":true,"firsttestcasepath":"\\testcase\\firstcases\\testcase9_029.py","firstconsumedtime":9.765,"firstlocpath":"\\exeresult\\firstresult\\9_029.txt","firstcoveragepath":"\\coverage\\firstcoverage\\coverage9_029.ec","firsterrorlog":null},{"firstjacocotime":5.007,"interestScenes":[{"branchids":"4898-7512","changebranchids":"4898-7511","interests":[{"name":"pref_pure_black","value":"1"}]},{"preinterests":[{"name":"pref_pure_black","value":"0"}],"branchids":"155-247","changebranchids":"155-248","interests":[{"name":"pref_feature_numerical_habits","value":"1"}]}],"tagname":"10_025","firstexecutionsuccess":true,"firsttestcasepath":"\\testcase\\firstcases\\testcase10_025.py","firstconsumedtime":27.023,"firstlocpath":"\\exeresult\\firstresult\\10_025.txt","firstcoveragepath":"\\coverage\\firstcoverage\\coverage10_025.ec","firsterrorlog":null},{"firstjacocotime":5.006,"interestScenes":[{"branchids":"4898-7512","changebranchids":"4898-7511","interests":[{"name":"pref_pure_black","value":"1"}]}],"tagname":"5_003","firstexecutionsuccess":true,"firsttestcasepath":"\\testcase\\firstcases\\testcase5_003.py","firstconsumedtime":13.304,"firstlocpath":"\\exeresult\\firstresult\\5_003.txt","firstcoveragepath":"\\coverage\\firstcoverage\\coverage5_003.ec","firsterrorlog":null},{"firstjacocotime":5.008,"tagname":"9_028","firstexecutionsuccess":true,"firsttestcasepath":"\\testcase\\firstcases\\testcase9_028.py","firstconsumedtime":7.177,"firstlocpath":"\\exeresult\\firstresult\\9_028.txt","firstcoveragepath":"\\coverage\\firstcoverage\\coverage9_028.ec","firsterrorlog":null},{"firstjacocotime":5.006,"interestScenes":[{"branchids":"4898-7512","changebranchids":"4898-7511","interests":[{"name":"pref_pure_black","value":"1"}]},{"preinterests":[{"name":"pref_pure_black","value":"0"}],"branchids":"155-247","changebranchids":"155-248","interests":[{"name":"pref_feature_numerical_habits","value":"1"}]}],"tagname":"10_024","firstexecutionsuccess":true,"firsttestcasepath":"\\testcase\\firstcases\\testcase10_024.py","firstconsumedtime":30.733,"firstlocpath":"\\exeresult\\firstresult\\10_024.txt","firstcoveragepath":"\\coverage\\firstcoverage\\coverage10_024.ec","firsterrorlog":null},{"firstjacocotime":5.004,"tagname":"2_009","firstexecutionsuccess":false,"firsttestcasepath":"\\testcase\\firstcases\\testcase2_009.py","firstconsumedtime":16.264,"firstlocpath":"\\exeresult\\firstresult\\2_009.txt","firstcoveragepath":"\\coverage\\firstcoverage\\coverage2_009.ec","firsterrorlog":"FAILstr(e):\t\tMessage: An element could not be located on the page using the given search parameters.repr(e):\tNoSuchElementException()Traceback (most recent call last):  File \"\\testcase\\firstcases\\testcase2_009.py\", line 76, in <module>    element = getElememt(driver, \"new UiSelector().resourceId(\\\"org.isoron.uhabits:id\/submenuarrow\\\").className(\\\"android.widget.ImageView\\\")\")  File \"\\testcase\\firstcases\\testcase2_009.py\", line 34, in getElememt    element = driver.find_element_by_android_uiautomator(str)  File \"C:\\Python27\\lib\\site-packages\\appium\\webdriver\\webdriver.py\", line 327, in find_element_by_android_uiautomator    return self.find_element(by=By.ANDROID_UIAUTOMATOR, value=uia_string)  File \"C:\\Python27\\lib\\site-packages\\appium\\webdriver\\webdriver.py\", line 219, in find_element    'value': value})['value']  File \"C:\\Python27\\lib\\site-packages\\selenium\\webdriver\\remote\\webdriver.py\", line 321, in execute    self.error_handler.check_response(response)  File \"C:\\Python27\\lib\\site-packages\\appium\\webdriver\\errorhandler.py\", line 29, in check_response    raise wdeNoSuchElementException: Message: An element could not be located on the page using the given search parameters."},{"firstjacocotime":5.007,"tagname":"10_010","firstexecutionsuccess":true,"firsttestcasepath":"\\testcase\\firstcases\\testcase10_010.py","firstconsumedtime":21.373001,"firstlocpath":"\\exeresult\\firstresult\\10_010.txt","firstcoveragepath":"\\coverage\\firstcoverage\\coverage10_010.ec","firsterrorlog":null},{"firstjacocotime":5.007,"interestScenes":[{"branchids":"4898-7512","changebranchids":"4898-7511","interests":[{"name":"pref_pure_black","value":"1"}]},{"preinterests":[{"name":"pref_pure_black","value":"0"}],"branchids":"155-247","changebranchids":"155-248","interests":[{"name":"pref_feature_numerical_habits","value":"1"}]}],"tagname":"2_005","firstexecutionsuccess":true,"firsttestcasepath":"\\testcase\\firstcases\\testcase2_005.py","firstconsumedtime":21.044,"firstlocpath":"\\exeresult\\firstresult\\2_005.txt","firstcoveragepath":"\\coverage\\firstcoverage\\coverage2_005.ec","firsterrorlog":null},{"firstjacocotime":5.0220003,"interestScenes":[{"branchids":"4898-7512","changebranchids":"4898-7511","interests":[{"name":"pref_pure_black","value":"1"}]}],"tagname":"2_006","firstexecutionsuccess":true,"firsttestcasepath":"\\testcase\\firstcases\\testcase2_006.py","firstconsumedtime":6.8710003,"firstlocpath":"\\exeresult\\firstresult\\2_006.txt","firstcoveragepath":"\\coverage\\firstcoverage\\coverage2_006.ec","firsterrorlog":null},{"firstjacocotime":5.005,"interestScenes":[{"branchids":"4898-7512","changebranchids":"4898-7511","interests":[{"name":"pref_pure_black","value":"1"}]}],"tagname":"2_007","firstexecutionsuccess":false,"firsttestcasepath":"\\testcase\\firstcases\\testcase2_007.py","firstconsumedtime":28.058,"firstlocpath":"\\exeresult\\firstresult\\2_007.txt","firstcoveragepath":"\\coverage\\firstcoverage\\coverage2_007.ec","firsterrorlog":"FAILstr(e):\t\tMessage: UiSelector[TEXT=OK]repr(e):\tNoSuchElementException()Traceback (most recent call last):  File \"\\testcase\\firstcases\\testcase2_007.py\", line 79, in <module>    TouchAction(driver).tap(element).perform()  File \"C:\\Python27\\lib\\site-packages\\appium\\webdriver\\common\\touch_action.py\", line 96, in perform    self._driver.execute(Command.TOUCH_ACTION, params)  File \"C:\\Python27\\lib\\site-packages\\selenium\\webdriver\\remote\\webdriver.py\", line 321, in execute    self.error_handler.check_response(response)  File \"C:\\Python27\\lib\\site-packages\\appium\\webdriver\\errorhandler.py\", line 29, in check_response    raise wdeNoSuchElementException: Message: UiSelector[TEXT=OK]"},{"firstjacocotime":5.008,"tagname":"2_008","firstexecutionsuccess":true,"firsttestcasepath":"\\testcase\\firstcases\\testcase2_008.py","firstconsumedtime":21.542,"firstlocpath":"\\exeresult\\firstresult\\2_008.txt","firstcoveragepath":"\\coverage\\firstcoverage\\coverage2_008.ec","firsterrorlog":null},{"firstjacocotime":5.0039997,"tagname":"2_001","firstexecutionsuccess":false,"firsttestcasepath":"\\testcase\\firstcases\\testcase2_001.py","firstconsumedtime":31.711,"firstlocpath":"\\exeresult\\firstresult\\2_001.txt","firstcoveragepath":"\\coverage\\firstcoverage\\coverage2_001.ec","firsterrorlog":"FAILstr(e):\t\tMessage: An element could not be located on the page using the given search parameters.repr(e):\tNoSuchElementException()Traceback (most recent call last):  File \"\\testcase\\firstcases\\testcase2_001.py\", line 80, in <module>    element = getElememt(driver, \"new UiSelector().className(\\\"android.widget.ImageView\\\").description(\\\"More options\\\")\")  File \"\\testcase\\firstcases\\testcase2_001.py\", line 34, in getElememt    element = driver.find_element_by_android_uiautomator(str)  File \"C:\\Python27\\lib\\site-packages\\appium\\webdriver\\webdriver.py\", line 327, in find_element_by_android_uiautomator    return self.find_element(by=By.ANDROID_UIAUTOMATOR, value=uia_string)  File \"C:\\Python27\\lib\\site-packages\\appium\\webdriver\\webdriver.py\", line 219, in find_element    'value': value})['value']  File \"C:\\Python27\\lib\\site-packages\\selenium\\webdriver\\remote\\webdriver.py\", line 321, in execute    self.error_handler.check_response(response)  File \"C:\\Python27\\lib\\site-packages\\appium\\webdriver\\errorhandler.py\", line 29, in check_response    raise wdeNoSuchElementException: Message: An element could not be located on the page using the given search parameters."},{"firstjacocotime":5.009,"tagname":"2_002","firstexecutionsuccess":true,"firsttestcasepath":"\\testcase\\firstcases\\testcase2_002.py","firstconsumedtime":7.1629996,"firstlocpath":"\\exeresult\\firstresult\\2_002.txt","firstcoveragepath":"\\coverage\\firstcoverage\\coverage2_002.ec","firsterrorlog":null},{"firstjacocotime":5.007,"interestScenes":[{"branchids":"155-247","changebranchids":"155-248","interests":[{"name":"pref_feature_numerical_habits","value":"1"}]}],"tagname":"2_003","firstexecutionsuccess":true,"firsttestcasepath":"\\testcase\\firstcases\\testcase2_003.py","firstconsumedtime":33.565,"firstlocpath":"\\exeresult\\firstresult\\2_003.txt","firstcoveragepath":"\\coverage\\firstcoverage\\coverage2_003.ec","firsterrorlog":null},{"firstjacocotime":5.008,"interestScenes":[{"branchids":"4898-7512","changebranchids":"4898-7511","interests":[{"name":"pref_pure_black","value":"1"}]},{"preinterests":[{"name":"pref_pure_black","value":"0"}],"branchids":"155-247","changebranchids":"155-248","interests":[{"name":"pref_feature_numerical_habits","value":"1"}]}],"tagname":"2_004","firstexecutionsuccess":true,"firsttestcasepath":"\\testcase\\firstcases\\testcase2_004.py","firstconsumedtime":21.261,"firstlocpath":"\\exeresult\\firstresult\\2_004.txt","firstcoveragepath":"\\coverage\\firstcoverage\\coverage2_004.ec","firsterrorlog":null},{"firstjacocotime":5.006,"tagname":"2_000","firstexecutionsuccess":true,"firsttestcasepath":"\\testcase\\firstcases\\testcase2_000.py","firstconsumedtime":10.962,"firstlocpath":"\\exeresult\\firstresult\\2_000.txt","firstcoveragepath":"\\coverage\\firstcoverage\\coverage2_000.ec","firsterrorlog":null},{"firstjacocotime":5.0059996,"interestScenes":[{"branchids":"4898-7512","changebranchids":"4898-7511","interests":[{"name":"pref_pure_black","value":"1"}]},{"preinterests":[{"name":"pref_pure_black","value":"0"}],"branchids":"155-247","changebranchids":"155-248","interests":[{"name":"pref_feature_numerical_habits","value":"1"}]}],"tagname":"5_011","firstexecutionsuccess":false,"firsttestcasepath":"\\testcase\\firstcases\\testcase5_011.py","firstconsumedtime":20.803,"firstlocpath":"\\exeresult\\firstresult\\5_011.txt","firstcoveragepath":"\\coverage\\firstcoverage\\coverage5_011.ec","firsterrorlog":"FAILstr(e):\t\tMessage: An element could not be located on the page using the given search parameters.repr(e):\tNoSuchElementException()Traceback (most recent call last):  File \"\\testcase\\firstcases\\testcase5_011.py\", line 84, in <module>    element = getElememt(driver, \"new UiSelector().resourceId(\\\"org.isoron.uhabits:id\/numerator\\\").className(\\\"android.widget.EditText\\\")\")  File \"\\testcase\\firstcases\\testcase5_011.py\", line 34, in getElememt    element = driver.find_element_by_android_uiautomator(str)  File \"C:\\Python27\\lib\\site-packages\\appium\\webdriver\\webdriver.py\", line 327, in find_element_by_android_uiautomator    return self.find_element(by=By.ANDROID_UIAUTOMATOR, value=uia_string)  File \"C:\\Python27\\lib\\site-packages\\appium\\webdriver\\webdriver.py\", line 219, in find_element    'value': value})['value']  File \"C:\\Python27\\lib\\site-packages\\selenium\\webdriver\\remote\\webdriver.py\", line 321, in execute    self.error_handler.check_response(response)  File \"C:\\Python27\\lib\\site-packages\\appium\\webdriver\\errorhandler.py\", line 29, in check_response    raise wdeNoSuchElementException: Message: An element could not be located on the page using the given search parameters."},{"firstjacocotime":5.0039997,"interestScenes":[{"branchids":"4898-7512","changebranchids":"4898-7511","interests":[{"name":"pref_pure_black","value":"1"}]}],"tagname":"5_012","firstexecutionsuccess":false,"firsttestcasepath":"\\testcase\\firstcases\\testcase5_012.py","firstconsumedtime":31.136,"firstlocpath":"\\exeresult\\firstresult\\5_012.txt","firstcoveragepath":"\\coverage\\firstcoverage\\coverage5_012.ec","firsterrorlog":"FAILstr(e):\t\tMessage: An element could not be located on the page using the given search parameters.repr(e):\tNoSuchElementException()Traceback (most recent call last):  File \"\\testcase\\firstcases\\testcase5_012.py\", line 78, in <module>    element = getElememt(driver, \"new UiSelector().resourceId(\\\"org.isoron.uhabits:id\/action_filter\\\").className(\\\"android.widget.TextView\\\")\")  File \"\\testcase\\firstcases\\testcase5_012.py\", line 34, in getElememt    element = driver.find_element_by_android_uiautomator(str)  File \"C:\\Python27\\lib\\site-packages\\appium\\webdriver\\webdriver.py\", line 327, in find_element_by_android_uiautomator    return self.find_element(by=By.ANDROID_UIAUTOMATOR, value=uia_string)  File \"C:\\Python27\\lib\\site-packages\\appium\\webdriver\\webdriver.py\", line 219, in find_element    'value': value})['value']  File \"C:\\Python27\\lib\\site-packages\\selenium\\webdriver\\remote\\webdriver.py\", line 321, in execute    self.error_handler.check_response(response)  File \"C:\\Python27\\lib\\site-packages\\appium\\webdriver\\errorhandler.py\", line 29, in check_response    raise wdeNoSuchElementException: Message: An element could not be located on the page using the given search parameters."},{"firstjacocotime":5.006,"interestScenes":[{"branchids":"4898-7512","changebranchids":"4898-7511","interests":[{"name":"pref_pure_black","value":"1"}]}],"tagname":"5_010","firstexecutionsuccess":true,"firsttestcasepath":"\\testcase\\firstcases\\testcase5_010.py","firstconsumedtime":8.062,"firstlocpath":"\\exeresult\\firstresult\\5_010.txt","firstcoveragepath":"\\coverage\\firstcoverage\\coverage5_010.ec","firsterrorlog":null},{"firstjacocotime":5.009,"tagname":"10_019","firstexecutionsuccess":true,"firsttestcasepath":"\\testcase\\firstcases\\testcase10_019.py","firstconsumedtime":7.1530004,"firstlocpath":"\\exeresult\\firstresult\\10_019.txt","firstcoveragepath":"\\coverage\\firstcoverage\\coverage10_019.ec","firsterrorlog":null},{"firstjacocotime":5.005,"tagname":"5_019","firstexecutionsuccess":true,"firsttestcasepath":"\\testcase\\firstcases\\testcase5_019.py","firstconsumedtime":17.181,"firstlocpath":"\\exeresult\\firstresult\\5_019.txt","firstcoveragepath":"\\coverage\\firstcoverage\\coverage5_019.ec","firsterrorlog":null},{"firstjacocotime":5.008,"interestScenes":[{"branchids":"4898-7512","changebranchids":"4898-7511","interests":[{"name":"pref_pure_black","value":"1"}]}],"tagname":"10_016","firstexecutionsuccess":true,"firsttestcasepath":"\\testcase\\firstcases\\testcase10_016.py","firstconsumedtime":11.094,"firstlocpath":"\\exeresult\\firstresult\\10_016.txt","firstcoveragepath":"\\coverage\\firstcoverage\\coverage10_016.ec","firsterrorlog":null},{"firstjacocotime":5.006,"interestScenes":[{"branchids":"4898-7512","changebranchids":"4898-7511","interests":[{"name":"pref_pure_black","value":"1"}]},{"preinterests":[{"name":"pref_pure_black","value":"0"}],"branchids":"155-247","changebranchids":"155-248","interests":[{"name":"pref_feature_numerical_habits","value":"1"}]}],"tagname":"10_015","firstexecutionsuccess":true,"firsttestcasepath":"\\testcase\\firstcases\\testcase10_015.py","firstconsumedtime":16.216,"firstlocpath":"\\exeresult\\firstresult\\10_015.txt","firstcoveragepath":"\\coverage\\firstcoverage\\coverage10_015.ec","firsterrorlog":null},{"firstjacocotime":5.009,"interestScenes":[{"branchids":"4898-7512","changebranchids":"4898-7511","interests":[{"name":"pref_pure_black","value":"1"}]}],"tagname":"5_017","firstexecutionsuccess":true,"firsttestcasepath":"\\testcase\\firstcases\\testcase5_017.py","firstconsumedtime":26.579,"firstlocpath":"\\exeresult\\firstresult\\5_017.txt","firstcoveragepath":"\\coverage\\firstcoverage\\coverage5_017.ec","firsterrorlog":null},{"firstjacocotime":5.006,"tagname":"10_018","firstexecutionsuccess":false,"firsttestcasepath":"\\testcase\\firstcases\\testcase10_018.py","firstconsumedtime":32.994,"firstlocpath":"\\exeresult\\firstresult\\10_018.txt","firstcoveragepath":"\\coverage\\firstcoverage\\coverage10_018.ec","firsterrorlog":"FAILstr(e):\t\tMessage: An element could not be located on the page using the given search parameters.repr(e):\tNoSuchElementException()Traceback (most recent call last):  File \"\\testcase\\firstcases\\testcase10_018.py\", line 86, in <module>    element = getElememt(driver, \"new UiSelector().resourceId(\\\"org.isoron.uhabits:id\/submenuarrow\\\").className(\\\"android.widget.ImageView\\\")\")  File \"\\testcase\\firstcases\\testcase10_018.py\", line 34, in getElememt    element = driver.find_element_by_android_uiautomator(str)  File \"C:\\Python27\\lib\\site-packages\\appium\\webdriver\\webdriver.py\", line 327, in find_element_by_android_uiautomator    return self.find_element(by=By.ANDROID_UIAUTOMATOR, value=uia_string)  File \"C:\\Python27\\lib\\site-packages\\appium\\webdriver\\webdriver.py\", line 219, in find_element    'value': value})['value']  File \"C:\\Python27\\lib\\site-packages\\selenium\\webdriver\\remote\\webdriver.py\", line 321, in execute    self.error_handler.check_response(response)  File \"C:\\Python27\\lib\\site-packages\\appium\\webdriver\\errorhandler.py\", line 29, in check_response    raise wdeNoSuchElementException: Message: An element could not be located on the page using the given search parameters."},{"firstjacocotime":5.005,"tagname":"5_018","firstexecutionsuccess":true,"firsttestcasepath":"\\testcase\\firstcases\\testcase5_018.py","firstconsumedtime":17.001,"firstlocpath":"\\exeresult\\firstresult\\5_018.txt","firstcoveragepath":"\\coverage\\firstcoverage\\coverage5_018.ec","firsterrorlog":null},{"firstjacocotime":5.006,"interestScenes":[{"branchids":"155-247","changebranchids":"155-248","interests":[{"name":"pref_feature_numerical_habits","value":"1"}]}],"tagname":"10_017","firstexecutionsuccess":true,"firsttestcasepath":"\\testcase\\firstcases\\testcase10_017.py","firstconsumedtime":26.965,"firstlocpath":"\\exeresult\\firstresult\\10_017.txt","firstcoveragepath":"\\coverage\\firstcoverage\\coverage10_017.ec","firsterrorlog":null},{"firstjacocotime":5.0109997,"tagname":"5_015","firstexecutionsuccess":true,"firsttestcasepath":"\\testcase\\firstcases\\testcase5_015.py","firstconsumedtime":7.1349998,"firstlocpath":"\\exeresult\\firstresult\\5_015.txt","firstcoveragepath":"\\coverage\\firstcoverage\\coverage5_015.ec","firsterrorlog":null},{"firstjacocotime":5.0059996,"tagname":"10_012","firstexecutionsuccess":true,"firsttestcasepath":"\\testcase\\firstcases\\testcase10_012.py","firstconsumedtime":18.728,"firstlocpath":"\\exeresult\\firstresult\\10_012.txt","firstcoveragepath":"\\coverage\\firstcoverage\\coverage10_012.ec","firsterrorlog":null},{"firstjacocotime":5.009,"interestScenes":[{"branchids":"4898-7512","changebranchids":"4898-7511","interests":[{"name":"pref_pure_black","value":"1"}]},{"preinterests":[{"name":"pref_pure_black","value":"0"}],"branchids":"155-247","changebranchids":"155-248","interests":[{"name":"pref_feature_numerical_habits","value":"1"}]}],"tagname":"5_016","firstexecutionsuccess":true,"firsttestcasepath":"\\testcase\\firstcases\\testcase5_016.py","firstconsumedtime":20.688,"firstlocpath":"\\exeresult\\firstresult\\5_016.txt","firstcoveragepath":"\\coverage\\firstcoverage\\coverage5_016.ec","firsterrorlog":null},{"firstjacocotime":5.006,"interestScenes":[{"branchids":"4898-7512","changebranchids":"4898-7511","interests":[{"name":"pref_pure_black","value":"1"}]}],"tagname":"10_011","firstexecutionsuccess":true,"firsttestcasepath":"\\testcase\\firstcases\\testcase10_011.py","firstconsumedtime":19.13,"firstlocpath":"\\exeresult\\firstresult\\10_011.txt","firstcoveragepath":"\\coverage\\firstcoverage\\coverage10_011.ec","firsterrorlog":null},{"firstjacocotime":5.009,"interestScenes":[{"branchids":"4898-7512","changebranchids":"4898-7511","interests":[{"name":"pref_pure_black","value":"1"}]}],"tagname":"5_013","firstexecutionsuccess":true,"firsttestcasepath":"\\testcase\\firstcases\\testcase5_013.py","firstconsumedtime":17.598999,"firstlocpath":"\\exeresult\\firstresult\\5_013.txt","firstcoveragepath":"\\coverage\\firstcoverage\\coverage5_013.ec","firsterrorlog":null},{"firstjacocotime":5.006,"interestScenes":[{"branchids":"4898-7512","changebranchids":"4898-7511","interests":[{"name":"pref_pure_black","value":"1"}]},{"preinterests":[{"name":"pref_pure_black","value":"0"}],"branchids":"155-247","changebranchids":"155-248","interests":[{"name":"pref_feature_numerical_habits","value":"1"}]}],"tagname":"10_014","firstexecutionsuccess":true,"firsttestcasepath":"\\testcase\\firstcases\\testcase10_014.py","firstconsumedtime":26.542,"firstlocpath":"\\exeresult\\firstresult\\10_014.txt","firstcoveragepath":"\\coverage\\firstcoverage\\coverage10_014.ec","firsterrorlog":null},{"firstjacocotime":5.008,"tagname":"5_014","firstexecutionsuccess":true,"firsttestcasepath":"\\testcase\\firstcases\\testcase5_014.py","firstconsumedtime":10.471,"firstlocpath":"\\exeresult\\firstresult\\5_014.txt","firstcoveragepath":"\\coverage\\firstcoverage\\coverage5_014.ec","firsterrorlog":null},{"firstjacocotime":5.0049996,"tagname":"10_013","firstexecutionsuccess":true,"firsttestcasepath":"\\testcase\\firstcases\\testcase10_013.py","firstconsumedtime":10.908,"firstlocpath":"\\exeresult\\firstresult\\10_013.txt","firstcoveragepath":"\\coverage\\firstcoverage\\coverage10_013.ec","firsterrorlog":null},{"firstjacocotime":5.0049996,"interestScenes":[{"branchids":"4898-7512","changebranchids":"4898-7511","interests":[{"name":"pref_pure_black","value":"1"}]}],"tagname":"9_005","firstexecutionsuccess":true,"firsttestcasepath":"\\testcase\\firstcases\\testcase9_005.py","firstconsumedtime":17.668,"firstlocpath":"\\exeresult\\firstresult\\9_005.txt","firstcoveragepath":"\\coverage\\firstcoverage\\coverage9_005.ec","firsterrorlog":null},{"firstjacocotime":5.006,"interestScenes":[{"branchids":"4898-7512","changebranchids":"4898-7511","interests":[{"name":"pref_pure_black","value":"1"}]}],"tagname":"9_004","firstexecutionsuccess":true,"firsttestcasepath":"\\testcase\\firstcases\\testcase9_004.py","firstconsumedtime":16.26,"firstlocpath":"\\exeresult\\firstresult\\9_004.txt","firstcoveragepath":"\\coverage\\firstcoverage\\coverage9_004.ec","firsterrorlog":null},{"firstjacocotime":5.008,"interestScenes":[{"branchids":"155-247","changebranchids":"155-248","interests":[{"name":"pref_feature_numerical_habits","value":"1"}]}],"tagname":"9_003","firstexecutionsuccess":false,"firsttestcasepath":"\\testcase\\firstcases\\testcase9_003.py","firstconsumedtime":24.111,"firstlocpath":"\\exeresult\\firstresult\\9_003.txt","firstcoveragepath":"\\coverage\\firstcoverage\\coverage9_003.ec","firsterrorlog":"FAILstr(e):\t\tMessage: An element could not be located on the page using the given search parameters.repr(e):\tNoSuchElementException()Traceback (most recent call last):  File \"\\testcase\\firstcases\\testcase9_003.py\", line 85, in <module>    element = getElememtBack(driver, \"new UiSelector().text(\\\"Custom \u2026\\\")\", \"new UiSelector().className(\\\"android.widget.TextView\\\").instance(4)\")  File \"\\testcase\\firstcases\\testcase9_003.py\", line 53, in getElememtBack    element = driver.find_element_by_android_uiautomator(str2)  File \"C:\\Python27\\lib\\site-packages\\appium\\webdriver\\webdriver.py\", line 327, in find_element_by_android_uiautomator    return self.find_element(by=By.ANDROID_UIAUTOMATOR, value=uia_string)  File \"C:\\Python27\\lib\\site-packages\\appium\\webdriver\\webdriver.py\", line 219, in find_element    'value': value})['value']  File \"C:\\Python27\\lib\\site-packages\\selenium\\webdriver\\remote\\webdriver.py\", line 321, in execute    self.error_handler.check_response(response)  File \"C:\\Python27\\lib\\site-packages\\appium\\webdriver\\errorhandler.py\", line 29, in check_response    raise wdeNoSuchElementException: Message: An element could not be located on the page using the given search parameters."},{"firstjacocotime":5.0049996,"interestScenes":[{"branchids":"155-247","changebranchids":"155-248","interests":[{"name":"pref_feature_numerical_habits","value":"1"}]}],"tagname":"9_002","firstexecutionsuccess":false,"firsttestcasepath":"\\testcase\\firstcases\\testcase9_002.py","firstconsumedtime":26.673,"firstlocpath":"\\exeresult\\firstresult\\9_002.txt","firstcoveragepath":"\\coverage\\firstcoverage\\coverage9_002.ec","firsterrorlog":"FAILstr(e):\t\tMessage: An element could not be located on the page using the given search parameters.repr(e):\tNoSuchElementException()Traceback (most recent call last):  File \"\\testcase\\firstcases\\testcase9_002.py\", line 85, in <module>    element = getElememt(driver, \"new UiSelector().resourceId(\\\"org.isoron.uhabits:id\/numerator\\\").className(\\\"android.widget.EditText\\\")\")  File \"\\testcase\\firstcases\\testcase9_002.py\", line 34, in getElememt    element = driver.find_element_by_android_uiautomator(str)  File \"C:\\Python27\\lib\\site-packages\\appium\\webdriver\\webdriver.py\", line 327, in find_element_by_android_uiautomator    return self.find_element(by=By.ANDROID_UIAUTOMATOR, value=uia_string)  File \"C:\\Python27\\lib\\site-packages\\appium\\webdriver\\webdriver.py\", line 219, in find_element    'value': value})['value']  File \"C:\\Python27\\lib\\site-packages\\selenium\\webdriver\\remote\\webdriver.py\", line 321, in execute    self.error_handler.check_response(response)  File \"C:\\Python27\\lib\\site-packages\\appium\\webdriver\\errorhandler.py\", line 29, in check_response    raise wdeNoSuchElementException: Message: An element could not be located on the page using the given search parameters."},{"firstjacocotime":5.007,"tagname":"9_001","firstexecutionsuccess":true,"firsttestcasepath":"\\testcase\\firstcases\\testcase9_001.py","firstconsumedtime":9.845,"firstlocpath":"\\exeresult\\firstresult\\9_001.txt","firstcoveragepath":"\\coverage\\firstcoverage\\coverage9_001.ec","firsterrorlog":null},{"firstjacocotime":5.005,"tagname":"9_000","firstexecutionsuccess":true,"firsttestcasepath":"\\testcase\\firstcases\\testcase9_000.py","firstconsumedtime":13.33,"firstlocpath":"\\exeresult\\firstresult\\9_000.txt","firstcoveragepath":"\\coverage\\firstcoverage\\coverage9_000.ec","firsterrorlog":null},{"firstjacocotime":5.009,"tagname":"5_022","firstexecutionsuccess":true,"firsttestcasepath":"\\testcase\\firstcases\\testcase5_022.py","firstconsumedtime":6.923,"firstlocpath":"\\exeresult\\firstresult\\5_022.txt","firstcoveragepath":"\\coverage\\firstcoverage\\coverage5_022.ec","firsterrorlog":null},{"firstjacocotime":5.007,"interestScenes":[{"branchids":"4898-7512","changebranchids":"4898-7511","interests":[{"name":"pref_pure_black","value":"1"}]}],"tagname":"5_023","firstexecutionsuccess":true,"firsttestcasepath":"\\testcase\\firstcases\\testcase5_023.py","firstconsumedtime":7.159,"firstlocpath":"\\exeresult\\firstresult\\5_023.txt","firstcoveragepath":"\\coverage\\firstcoverage\\coverage5_023.ec","firsterrorlog":null},{"firstjacocotime":5.009,"interestScenes":[{"branchids":"4898-7512","changebranchids":"4898-7511","interests":[{"name":"pref_pure_black","value":"1"}]},{"preinterests":[{"name":"pref_pure_black","value":"0"}],"branchids":"155-247","changebranchids":"155-248","interests":[{"name":"pref_feature_numerical_habits","value":"1"}]}],"tagname":"5_020","firstexecutionsuccess":true,"firsttestcasepath":"\\testcase\\firstcases\\testcase5_020.py","firstconsumedtime":32.696,"firstlocpath":"\\exeresult\\firstresult\\5_020.txt","firstcoveragepath":"\\coverage\\firstcoverage\\coverage5_020.ec","firsterrorlog":null},{"firstjacocotime":5.006,"interestScenes":[{"branchids":"155-247","changebranchids":"155-248","interests":[{"name":"pref_feature_numerical_habits","value":"1"}]}],"tagname":"5_021","firstexecutionsuccess":true,"firsttestcasepath":"\\testcase\\firstcases\\testcase5_021.py","firstconsumedtime":55.686,"firstlocpath":"\\exeresult\\firstresult\\5_021.txt","firstcoveragepath":"\\coverage\\firstcoverage\\coverage5_021.ec","firsterrorlog":null},{"firstjacocotime":5.009,"interestScenes":[{"branchids":"4898-7512","changebranchids":"4898-7511","interests":[{"name":"pref_pure_black","value":"1"}]}],"tagname":"10_009","firstexecutionsuccess":true,"firsttestcasepath":"\\testcase\\firstcases\\testcase10_009.py","firstconsumedtime":11.650001,"firstlocpath":"\\exeresult\\firstresult\\10_009.txt","firstcoveragepath":"\\coverage\\firstcoverage\\coverage10_009.ec","firsterrorlog":null},{"firstjacocotime":5.006,"interestScenes":[{"branchids":"4898-7512","changebranchids":"4898-7511","interests":[{"name":"pref_pure_black","value":"1"}]}],"tagname":"10_008","firstexecutionsuccess":true,"firsttestcasepath":"\\testcase\\firstcases\\testcase10_008.py","firstconsumedtime":8.156,"firstlocpath":"\\exeresult\\firstresult\\10_008.txt","firstcoveragepath":"\\coverage\\firstcoverage\\coverage10_008.ec","firsterrorlog":null},{"firstjacocotime":5.006,"interestScenes":[{"branchids":"4898-7512","changebranchids":"4898-7511","interests":[{"name":"pref_pure_black","value":"1"}]}],"tagname":"10_005","firstexecutionsuccess":true,"firsttestcasepath":"\\testcase\\firstcases\\testcase10_005.py","firstconsumedtime":30.765999,"firstlocpath":"\\exeresult\\firstresult\\10_005.txt","firstcoveragepath":"\\coverage\\firstcoverage\\coverage10_005.ec","firsterrorlog":null},{"firstjacocotime":5.006,"tagname":"10_004","firstexecutionsuccess":true,"firsttestcasepath":"\\testcase\\firstcases\\testcase10_004.py","firstconsumedtime":11.271,"firstlocpath":"\\exeresult\\firstresult\\10_004.txt","firstcoveragepath":"\\coverage\\firstcoverage\\coverage10_004.ec","firsterrorlog":null},{"firstjacocotime":5.0049996,"interestScenes":[{"branchids":"4898-7512","changebranchids":"4898-7511","interests":[{"name":"pref_pure_black","value":"1"}]}],"tagname":"5_028","firstexecutionsuccess":false,"firsttestcasepath":"\\testcase\\firstcases\\testcase5_028.py","firstconsumedtime":31.861,"firstlocpath":"\\exeresult\\firstresult\\5_028.txt","firstcoveragepath":"\\coverage\\firstcoverage\\coverage5_028.ec","firsterrorlog":"FAILstr(e):\t\tMessage: An element could not be located on the page using the given search parameters.repr(e):\tNoSuchElementException()Traceback (most recent call last):  File \"\\testcase\\firstcases\\testcase5_028.py\", line 80, in <module>    element = getElememt(driver, \"new UiSelector().className(\\\"android.widget.ImageView\\\").description(\\\"More options\\\")\")  File \"\\testcase\\firstcases\\testcase5_028.py\", line 34, in getElememt    element = driver.find_element_by_android_uiautomator(str)  File \"C:\\Python27\\lib\\site-packages\\appium\\webdriver\\webdriver.py\", line 327, in find_element_by_android_uiautomator    return self.find_element(by=By.ANDROID_UIAUTOMATOR, value=uia_string)  File \"C:\\Python27\\lib\\site-packages\\appium\\webdriver\\webdriver.py\", line 219, in find_element    'value': value})['value']  File \"C:\\Python27\\lib\\site-packages\\selenium\\webdriver\\remote\\webdriver.py\", line 321, in execute    self.error_handler.check_response(response)  File \"C:\\Python27\\lib\\site-packages\\appium\\webdriver\\errorhandler.py\", line 29, in check_response    raise wdeNoSuchElementException: Message: An element could not be located on the page using the given search parameters."},{"firstjacocotime":5.006,"interestScenes":[{"branchids":"4898-7512","changebranchids":"4898-7511","interests":[{"name":"pref_pure_black","value":"1"}]}],"tagname":"10_007","firstexecutionsuccess":true,"firsttestcasepath":"\\testcase\\firstcases\\testcase10_007.py","firstconsumedtime":8.323,"firstlocpath":"\\exeresult\\firstresult\\10_007.txt","firstcoveragepath":"\\coverage\\firstcoverage\\coverage10_007.ec","firsterrorlog":null},{"firstjacocotime":5.007,"tagname":"5_029","firstexecutionsuccess":true,"firsttestcasepath":"\\testcase\\firstcases\\testcase5_029.py","firstconsumedtime":17.71,"firstlocpath":"\\exeresult\\firstresult\\5_029.txt","firstcoveragepath":"\\coverage\\firstcoverage\\coverage5_029.ec","firsterrorlog":null},{"firstjacocotime":5.006,"interestScenes":[{"branchids":"4898-7512","changebranchids":"4898-7511","interests":[{"name":"pref_pure_black","value":"1"}]}],"tagname":"10_006","firstexecutionsuccess":true,"firsttestcasepath":"\\testcase\\firstcases\\testcase10_006.py","firstconsumedtime":13.606,"firstlocpath":"\\exeresult\\firstresult\\10_006.txt","firstcoveragepath":"\\coverage\\firstcoverage\\coverage10_006.ec","firsterrorlog":null},{"firstjacocotime":5.0049996,"interestScenes":[{"branchids":"4898-7512","changebranchids":"4898-7511","interests":[{"name":"pref_pure_black","value":"1"}]}],"tagname":"5_026","firstexecutionsuccess":true,"firsttestcasepath":"\\testcase\\firstcases\\testcase5_026.py","firstconsumedtime":9.627,"firstlocpath":"\\exeresult\\firstresult\\5_026.txt","firstcoveragepath":"\\coverage\\firstcoverage\\coverage5_026.ec","firsterrorlog":null},{"firstjacocotime":5.006,"tagname":"9_009","firstexecutionsuccess":true,"firsttestcasepath":"\\testcase\\firstcases\\testcase9_009.py","firstconsumedtime":8.517,"firstlocpath":"\\exeresult\\firstresult\\9_009.txt","firstcoveragepath":"\\coverage\\firstcoverage\\coverage9_009.ec","firsterrorlog":null},{"firstjacocotime":5.007,"interestScenes":[{"branchids":"155-247","changebranchids":"155-248","interests":[{"name":"pref_feature_numerical_habits","value":"1"}]}],"tagname":"10_001","firstexecutionsuccess":false,"firsttestcasepath":"\\testcase\\firstcases\\testcase10_001.py","firstconsumedtime":36.147,"firstlocpath":"\\exeresult\\firstresult\\10_001.txt","firstcoveragepath":"\\coverage\\firstcoverage\\coverage10_001.ec","firsterrorlog":"FAILstr(e):\t\tMessage: An element could not be located on the page using the given search parameters.repr(e):\tNoSuchElementException()Traceback (most recent call last):  File \"\\testcase\\firstcases\\testcase10_001.py\", line 86, in <module>    element = getElememt(driver, \"new UiSelector().resourceId(\\\"org.isoron.uhabits:id\/numerator\\\").className(\\\"android.widget.EditText\\\")\")  File \"\\testcase\\firstcases\\testcase10_001.py\", line 34, in getElememt    element = driver.find_element_by_android_uiautomator(str)  File \"C:\\Python27\\lib\\site-packages\\appium\\webdriver\\webdriver.py\", line 327, in find_element_by_android_uiautomator    return self.find_element(by=By.ANDROID_UIAUTOMATOR, value=uia_string)  File \"C:\\Python27\\lib\\site-packages\\appium\\webdriver\\webdriver.py\", line 219, in find_element    'value': value})['value']  File \"C:\\Python27\\lib\\site-packages\\selenium\\webdriver\\remote\\webdriver.py\", line 321, in execute    self.error_handler.check_response(response)  File \"C:\\Python27\\lib\\site-packages\\appium\\webdriver\\errorhandler.py\", line 29, in check_response    raise wdeNoSuchElementException: Message: An element could not be located on the page using the given search parameters."},{"firstjacocotime":5.007,"tagname":"5_027","firstexecutionsuccess":true,"firsttestcasepath":"\\testcase\\firstcases\\testcase5_027.py","firstconsumedtime":12.297,"firstlocpath":"\\exeresult\\firstresult\\5_027.txt","firstcoveragepath":"\\coverage\\firstcoverage\\coverage5_027.ec","firsterrorlog":null},{"firstjacocotime":5.008,"interestScenes":[{"branchids":"4898-7512","changebranchids":"4898-7511","interests":[{"name":"pref_pure_black","value":"1"}]}],"tagname":"9_008","firstexecutionsuccess":true,"firsttestcasepath":"\\testcase\\firstcases\\testcase9_008.py","firstconsumedtime":16.044,"firstlocpath":"\\exeresult\\firstresult\\9_008.txt","firstcoveragepath":"\\coverage\\firstcoverage\\coverage9_008.ec","firsterrorlog":null},{"firstjacocotime":5.005,"interestScenes":[{"branchids":"4898-7512","changebranchids":"4898-7511","interests":[{"name":"pref_pure_black","value":"1"}]}],"tagname":"10_000","firstexecutionsuccess":true,"firsttestcasepath":"\\testcase\\firstcases\\testcase10_000.py","firstconsumedtime":19.711,"firstlocpath":"\\exeresult\\firstresult\\10_000.txt","firstcoveragepath":"\\coverage\\firstcoverage\\coverage10_000.ec","firsterrorlog":null},{"firstjacocotime":5.006,"interestScenes":[{"branchids":"155-247","changebranchids":"155-248","interests":[{"name":"pref_feature_numerical_habits","value":"1"}]}],"tagname":"5_024","firstexecutionsuccess":true,"firsttestcasepath":"\\testcase\\firstcases\\testcase5_024.py","firstconsumedtime":49.835,"firstlocpath":"\\exeresult\\firstresult\\5_024.txt","firstcoveragepath":"\\coverage\\firstcoverage\\coverage5_024.ec","firsterrorlog":null},{"firstjacocotime":5.009,"interestScenes":[{"branchids":"4898-7512","changebranchids":"4898-7511","interests":[{"name":"pref_pure_black","value":"1"}]}],"tagname":"9_007","firstexecutionsuccess":true,"firsttestcasepath":"\\testcase\\firstcases\\testcase9_007.py","firstconsumedtime":20.546,"firstlocpath":"\\exeresult\\firstresult\\9_007.txt","firstcoveragepath":"\\coverage\\firstcoverage\\coverage9_007.ec","firsterrorlog":null},{"firstjacocotime":5.005,"interestScenes":[{"branchids":"155-247","changebranchids":"155-248","interests":[{"name":"pref_feature_numerical_habits","value":"1"}]}],"tagname":"10_003","firstexecutionsuccess":true,"firsttestcasepath":"\\testcase\\firstcases\\testcase10_003.py","firstconsumedtime":16.833,"firstlocpath":"\\exeresult\\firstresult\\10_003.txt","firstcoveragepath":"\\coverage\\firstcoverage\\coverage10_003.ec","firsterrorlog":null},{"firstjacocotime":5.008,"interestScenes":[{"branchids":"4898-7512","changebranchids":"4898-7511","interests":[{"name":"pref_pure_black","value":"1"}]}],"tagname":"5_025","firstexecutionsuccess":true,"firsttestcasepath":"\\testcase\\firstcases\\testcase5_025.py","firstconsumedtime":7.228,"firstlocpath":"\\exeresult\\firstresult\\5_025.txt","firstcoveragepath":"\\coverage\\firstcoverage\\coverage5_025.ec","firsterrorlog":null},{"firstjacocotime":5.0049996,"interestScenes":[{"branchids":"4898-7512","changebranchids":"4898-7511","interests":[{"name":"pref_pure_black","value":"1"}]},{"preinterests":[{"name":"pref_pure_black","value":"0"}],"branchids":"155-247","changebranchids":"155-248","interests":[{"name":"pref_feature_numerical_habits","value":"1"}]}],"tagname":"9_006","firstexecutionsuccess":false,"firsttestcasepath":"\\testcase\\firstcases\\testcase9_006.py","firstconsumedtime":26.342,"firstlocpath":"\\exeresult\\firstresult\\9_006.txt","firstcoveragepath":"\\coverage\\firstcoverage\\coverage9_006.ec","firsterrorlog":"FAILstr(e):\t\tMessage: An element could not be located on the page using the given search parameters.repr(e):\tNoSuchElementException()Traceback (most recent call last):  File \"\\testcase\\firstcases\\testcase9_006.py\", line 77, in <module>    element = getElememtBack(driver, \"new UiSelector().text(\\\"8:00 AM\\\")\", \"new UiSelector().className(\\\"android.widget.TextView\\\").instance(4)\")  File \"\\testcase\\firstcases\\testcase9_006.py\", line 53, in getElememtBack    element = driver.find_element_by_android_uiautomator(str2)  File \"C:\\Python27\\lib\\site-packages\\appium\\webdriver\\webdriver.py\", line 327, in find_element_by_android_uiautomator    return self.find_element(by=By.ANDROID_UIAUTOMATOR, value=uia_string)  File \"C:\\Python27\\lib\\site-packages\\appium\\webdriver\\webdriver.py\", line 219, in find_element    'value': value})['value']  File \"C:\\Python27\\lib\\site-packages\\selenium\\webdriver\\remote\\webdriver.py\", line 321, in execute    self.error_handler.check_response(response)  File \"C:\\Python27\\lib\\site-packages\\appium\\webdriver\\errorhandler.py\", line 29, in check_response    raise wdeNoSuchElementException: Message: An element could not be located on the page using the given search parameters."},{"firstjacocotime":5.006,"interestScenes":[{"branchids":"155-247","changebranchids":"155-248","interests":[{"name":"pref_feature_numerical_habits","value":"1"}]}],"tagname":"10_002","firstexecutionsuccess":true,"firsttestcasepath":"\\testcase\\firstcases\\testcase10_002.py","firstconsumedtime":33.672,"firstlocpath":"\\exeresult\\firstresult\\10_002.txt","firstcoveragepath":"\\coverage\\firstcoverage\\coverage10_002.ec","firsterrorlog":null},{"firstjacocotime":5.009,"interestScenes":[{"branchids":"4898-7512","changebranchids":"4898-7511","interests":[{"name":"pref_pure_black","value":"1"}]}],"tagname":"8_011","firstexecutionsuccess":true,"firsttestcasepath":"\\testcase\\firstcases\\testcase8_011.py","firstconsumedtime":6.875,"firstlocpath":"\\exeresult\\firstresult\\8_011.txt","firstcoveragepath":"\\coverage\\firstcoverage\\coverage8_011.ec","firsterrorlog":null},{"firstjacocotime":5.009,"interestScenes":[{"branchids":"4898-7512","changebranchids":"4898-7511","interests":[{"name":"pref_pure_black","value":"1"}]}],"tagname":"8_010","firstexecutionsuccess":true,"firsttestcasepath":"\\testcase\\firstcases\\testcase8_010.py","firstconsumedtime":17.991,"firstlocpath":"\\exeresult\\firstresult\\8_010.txt","firstcoveragepath":"\\coverage\\firstcoverage\\coverage8_010.ec","firsterrorlog":null},{"firstjacocotime":5.005,"tagname":"8_013","firstexecutionsuccess":true,"firsttestcasepath":"\\testcase\\firstcases\\testcase8_013.py","firstconsumedtime":10.548,"firstlocpath":"\\exeresult\\firstresult\\8_013.txt","firstcoveragepath":"\\coverage\\firstcoverage\\coverage8_013.ec","firsterrorlog":null},{"firstjacocotime":5.005,"interestScenes":[{"branchids":"4898-7512","changebranchids":"4898-7511","interests":[{"name":"pref_pure_black","value":"1"}]}],"tagname":"8_012","firstexecutionsuccess":true,"firsttestcasepath":"\\testcase\\firstcases\\testcase8_012.py","firstconsumedtime":13.108,"firstlocpath":"\\exeresult\\firstresult\\8_012.txt","firstcoveragepath":"\\coverage\\firstcoverage\\coverage8_012.ec","firsterrorlog":null},{"firstjacocotime":5.008,"tagname":"8_015","firstexecutionsuccess":false,"firsttestcasepath":"\\testcase\\firstcases\\testcase8_015.py","firstconsumedtime":32.301,"firstlocpath":"\\exeresult\\firstresult\\8_015.txt","firstcoveragepath":"\\coverage\\firstcoverage\\coverage8_015.ec","firsterrorlog":"FAILstr(e):\t\tMessage: An element could not be located on the page using the given search parameters.repr(e):\tNoSuchElementException()Traceback (most recent call last):  File \"\\testcase\\firstcases\\testcase8_015.py\", line 79, in <module>    element = getElememt(driver, \"new UiSelector().resourceId(\\\"org.isoron.uhabits:id\/actionAdd\\\").className(\\\"android.widget.TextView\\\")\")  File \"\\testcase\\firstcases\\testcase8_015.py\", line 34, in getElememt    element = driver.find_element_by_android_uiautomator(str)  File \"C:\\Python27\\lib\\site-packages\\appium\\webdriver\\webdriver.py\", line 327, in find_element_by_android_uiautomator    return self.find_element(by=By.ANDROID_UIAUTOMATOR, value=uia_string)  File \"C:\\Python27\\lib\\site-packages\\appium\\webdriver\\webdriver.py\", line 219, in find_element    'value': value})['value']  File \"C:\\Python27\\lib\\site-packages\\selenium\\webdriver\\remote\\webdriver.py\", line 321, in execute    self.error_handler.check_response(response)  File \"C:\\Python27\\lib\\site-packages\\appium\\webdriver\\errorhandler.py\", line 29, in check_response    raise wdeNoSuchElementException: Message: An element could not be located on the page using the given search parameters."},{"firstjacocotime":5.007,"interestScenes":[{"branchids":"155-247","changebranchids":"155-248","interests":[{"name":"pref_feature_numerical_habits","value":"1"}]}],"tagname":"8_014","firstexecutionsuccess":true,"firsttestcasepath":"\\testcase\\firstcases\\testcase8_014.py","firstconsumedtime":33.306,"firstlocpath":"\\exeresult\\firstresult\\8_014.txt","firstcoveragepath":"\\coverage\\firstcoverage\\coverage8_014.ec","firsterrorlog":null},{"firstjacocotime":5.006,"interestScenes":[{"branchids":"4898-7512","changebranchids":"4898-7511","interests":[{"name":"pref_pure_black","value":"1"}]},{"preinterests":[{"name":"pref_pure_black","value":"0"}],"branchids":"155-247","changebranchids":"155-248","interests":[{"name":"pref_feature_numerical_habits","value":"1"}]}],"tagname":"8_017","firstexecutionsuccess":true,"firsttestcasepath":"\\testcase\\firstcases\\testcase8_017.py","firstconsumedtime":21.461,"firstlocpath":"\\exeresult\\firstresult\\8_017.txt","firstcoveragepath":"\\coverage\\firstcoverage\\coverage8_017.ec","firsterrorlog":null},{"firstjacocotime":5.008,"tagname":"8_016","firstexecutionsuccess":true,"firsttestcasepath":"\\testcase\\firstcases\\testcase8_016.py","firstconsumedtime":12.004,"firstlocpath":"\\exeresult\\firstresult\\8_016.txt","firstcoveragepath":"\\coverage\\firstcoverage\\coverage8_016.ec","firsterrorlog":null},{"firstjacocotime":5.008,"tagname":"3_028","firstexecutionsuccess":true,"firsttestcasepath":"\\testcase\\firstcases\\testcase3_028.py","firstconsumedtime":11.6189995,"firstlocpath":"\\exeresult\\firstresult\\3_028.txt","firstcoveragepath":"\\coverage\\firstcoverage\\coverage3_028.ec","firsterrorlog":null},{"firstjacocotime":5.005,"interestScenes":[{"branchids":"4898-7512","changebranchids":"4898-7511","interests":[{"name":"pref_pure_black","value":"1"}]}],"tagname":"8_019","firstexecutionsuccess":false,"firsttestcasepath":"\\testcase\\firstcases\\testcase8_019.py","firstconsumedtime":31.722,"firstlocpath":"\\exeresult\\firstresult\\8_019.txt","firstcoveragepath":"\\coverage\\firstcoverage\\coverage8_019.ec","firsterrorlog":"FAILstr(e):\t\tMessage: An element could not be located on the page using the given search parameters.repr(e):\tNoSuchElementException()Traceback (most recent call last):  File \"\\testcase\\firstcases\\testcase8_019.py\", line 80, in <module>    element = getElememt(driver, \"new UiSelector().resourceId(\\\"org.isoron.uhabits:id\/action_filter\\\").className(\\\"android.widget.TextView\\\")\")  File \"\\testcase\\firstcases\\testcase8_019.py\", line 34, in getElememt    element = driver.find_element_by_android_uiautomator(str)  File \"C:\\Python27\\lib\\site-packages\\appium\\webdriver\\webdriver.py\", line 327, in find_element_by_android_uiautomator    return self.find_element(by=By.ANDROID_UIAUTOMATOR, value=uia_string)  File \"C:\\Python27\\lib\\site-packages\\appium\\webdriver\\webdriver.py\", line 219, in find_element    'value': value})['value']  File \"C:\\Python27\\lib\\site-packages\\selenium\\webdriver\\remote\\webdriver.py\", line 321, in execute    self.error_handler.check_response(response)  File \"C:\\Python27\\lib\\site-packages\\appium\\webdriver\\errorhandler.py\", line 29, in check_response    raise wdeNoSuchElementException: Message: An element could not be located on the page using the given search parameters."},{"firstjacocotime":5.007,"interestScenes":[{"branchids":"155-247","changebranchids":"155-248","interests":[{"name":"pref_feature_numerical_habits","value":"1"}]}],"tagname":"3_029","firstexecutionsuccess":false,"firsttestcasepath":"\\testcase\\firstcases\\testcase3_029.py","firstconsumedtime":22.267,"firstlocpath":"\\exeresult\\firstresult\\3_029.txt","firstcoveragepath":"\\coverage\\firstcoverage\\coverage3_029.ec","firsterrorlog":"FAILstr(e):\t\tMessage: An element could not be located on the page using the given search parameters.repr(e):\tNoSuchElementException()Traceback (most recent call last):  File \"\\testcase\\firstcases\\testcase3_029.py\", line 81, in <module>    element = getElememtBack(driver, \"new UiSelector().text(\\\"Custom \u2026\\\")\", \"new UiSelector().className(\\\"android.widget.TextView\\\").instance(4)\")  File \"\\testcase\\firstcases\\testcase3_029.py\", line 53, in getElememtBack    element = driver.find_element_by_android_uiautomator(str2)  File \"C:\\Python27\\lib\\site-packages\\appium\\webdriver\\webdriver.py\", line 327, in find_element_by_android_uiautomator    return self.find_element(by=By.ANDROID_UIAUTOMATOR, value=uia_string)  File \"C:\\Python27\\lib\\site-packages\\appium\\webdriver\\webdriver.py\", line 219, in find_element    'value': value})['value']  File \"C:\\Python27\\lib\\site-packages\\selenium\\webdriver\\remote\\webdriver.py\", line 321, in execute    self.error_handler.check_response(response)  File \"C:\\Python27\\lib\\site-packages\\appium\\webdriver\\errorhandler.py\", line 29, in check_response    raise wdeNoSuchElementException: Message: An element could not be located on the page using the given search parameters."},{"firstjacocotime":5.008,"interestScenes":[{"branchids":"4898-7512","changebranchids":"4898-7511","interests":[{"name":"pref_pure_black","value":"1"}]}],"tagname":"8_018","firstexecutionsuccess":true,"firsttestcasepath":"\\testcase\\firstcases\\testcase8_018.py","firstconsumedtime":10.083,"firstlocpath":"\\exeresult\\firstresult\\8_018.txt","firstcoveragepath":"\\coverage\\firstcoverage\\coverage8_018.ec","firsterrorlog":null},{"firstjacocotime":5.0049996,"interestScenes":[{"branchids":"4898-7512","changebranchids":"4898-7511","interests":[{"name":"pref_pure_black","value":"1"}]}],"tagname":"3_026","firstexecutionsuccess":false,"firsttestcasepath":"\\testcase\\firstcases\\testcase3_026.py","firstconsumedtime":18.047,"firstlocpath":"\\exeresult\\firstresult\\3_026.txt","firstcoveragepath":"\\coverage\\firstcoverage\\coverage3_026.ec","firsterrorlog":"FAILstr(e):\t\tMessage: An element could not be located on the page using the given search parameters.repr(e):\tNoSuchElementException()Traceback (most recent call last):  File \"\\testcase\\firstcases\\testcase3_026.py\", line 80, in <module>    element = getElememt(driver, \"new UiSelector().resourceId(\\\"org.isoron.uhabits:id\/submenuarrow\\\").className(\\\"android.widget.ImageView\\\")\")  File \"\\testcase\\firstcases\\testcase3_026.py\", line 34, in getElememt    element = driver.find_element_by_android_uiautomator(str)  File \"C:\\Python27\\lib\\site-packages\\appium\\webdriver\\webdriver.py\", line 327, in find_element_by_android_uiautomator    return self.find_element(by=By.ANDROID_UIAUTOMATOR, value=uia_string)  File \"C:\\Python27\\lib\\site-packages\\appium\\webdriver\\webdriver.py\", line 219, in find_element    'value': value})['value']  File \"C:\\Python27\\lib\\site-packages\\selenium\\webdriver\\remote\\webdriver.py\", line 321, in execute    self.error_handler.check_response(response)  File \"C:\\Python27\\lib\\site-packages\\appium\\webdriver\\errorhandler.py\", line 29, in check_response    raise wdeNoSuchElementException: Message: An element could not be located on the page using the given search parameters."},{"firstjacocotime":5.0049996,"tagname":"3_027","firstexecutionsuccess":true,"firsttestcasepath":"\\testcase\\firstcases\\testcase3_027.py","firstconsumedtime":18.254,"firstlocpath":"\\exeresult\\firstresult\\3_027.txt","firstcoveragepath":"\\coverage\\firstcoverage\\coverage3_027.ec","firsterrorlog":null},{"firstjacocotime":5.006,"interestScenes":[{"branchids":"4898-7512","changebranchids":"4898-7511","interests":[{"name":"pref_pure_black","value":"1"}]}],"tagname":"3_020","firstexecutionsuccess":true,"firsttestcasepath":"\\testcase\\firstcases\\testcase3_020.py","firstconsumedtime":19.162,"firstlocpath":"\\exeresult\\firstresult\\3_020.txt","firstcoveragepath":"\\coverage\\firstcoverage\\coverage3_020.ec","firsterrorlog":null},{"firstjacocotime":5.006,"interestScenes":[{"branchids":"4898-7512","changebranchids":"4898-7511","interests":[{"name":"pref_pure_black","value":"1"}]},{"preinterests":[{"name":"pref_pure_black","value":"0"}],"branchids":"155-247","changebranchids":"155-248","interests":[{"name":"pref_feature_numerical_habits","value":"1"}]}],"tagname":"3_021","firstexecutionsuccess":true,"firsttestcasepath":"\\testcase\\firstcases\\testcase3_021.py","firstconsumedtime":29.268,"firstlocpath":"\\exeresult\\firstresult\\3_021.txt","firstcoveragepath":"\\coverage\\firstcoverage\\coverage3_021.ec","firsterrorlog":null},{"firstjacocotime":5.007,"interestScenes":[{"branchids":"4898-7512","changebranchids":"4898-7511","interests":[{"name":"pref_pure_black","value":"1"}]}],"tagname":"3_024","firstexecutionsuccess":true,"firsttestcasepath":"\\testcase\\firstcases\\testcase3_024.py","firstconsumedtime":21.504,"firstlocpath":"\\exeresult\\firstresult\\3_024.txt","firstcoveragepath":"\\coverage\\firstcoverage\\coverage3_024.ec","firsterrorlog":null},{"firstjacocotime":5.008,"interestScenes":[{"branchids":"4898-7512","changebranchids":"4898-7511","interests":[{"name":"pref_pure_black","value":"1"}]}],"tagname":"3_025","firstexecutionsuccess":true,"firsttestcasepath":"\\testcase\\firstcases\\testcase3_025.py","firstconsumedtime":6.8100004,"firstlocpath":"\\exeresult\\firstresult\\3_025.txt","firstcoveragepath":"\\coverage\\firstcoverage\\coverage3_025.ec","firsterrorlog":null},{"firstjacocotime":5.0059996,"interestScenes":[{"branchids":"155-247","changebranchids":"155-248","interests":[{"name":"pref_feature_numerical_habits","value":"1"}]}],"tagname":"3_022","firstexecutionsuccess":true,"firsttestcasepath":"\\testcase\\firstcases\\testcase3_022.py","firstconsumedtime":22.072,"firstlocpath":"\\exeresult\\firstresult\\3_022.txt","firstcoveragepath":"\\coverage\\firstcoverage\\coverage3_022.ec","firsterrorlog":null},{"firstjacocotime":5.005,"tagname":"3_023","firstexecutionsuccess":true,"firsttestcasepath":"\\testcase\\firstcases\\testcase3_023.py","firstconsumedtime":14.054,"firstlocpath":"\\exeresult\\firstresult\\3_023.txt","firstcoveragepath":"\\coverage\\firstcoverage\\coverage3_023.ec","firsterrorlog":null},{"firstjacocotime":5.005,"tagname":"4_003","firstexecutionsuccess":false,"firsttestcasepath":"\\testcase\\firstcases\\testcase4_003.py","firstconsumedtime":32.521,"firstlocpath":"\\exeresult\\firstresult\\4_003.txt","firstcoveragepath":"\\coverage\\firstcoverage\\coverage4_003.ec","firsterrorlog":"FAILstr(e):\t\tMessage: An element could not be located on the page using the given search parameters.repr(e):\tNoSuchElementException()Traceback (most recent call last):  File \"\\testcase\\firstcases\\testcase4_003.py\", line 82, in <module>    element = getElememt(driver, \"new UiSelector().className(\\\"android.widget.ImageView\\\").description(\\\"More options\\\")\")  File \"\\testcase\\firstcases\\testcase4_003.py\", line 34, in getElememt    element = driver.find_element_by_android_uiautomator(str)  File \"C:\\Python27\\lib\\site-packages\\appium\\webdriver\\webdriver.py\", line 327, in find_element_by_android_uiautomator    return self.find_element(by=By.ANDROID_UIAUTOMATOR, value=uia_string)  File \"C:\\Python27\\lib\\site-packages\\appium\\webdriver\\webdriver.py\", line 219, in find_element    'value': value})['value']  File \"C:\\Python27\\lib\\site-packages\\selenium\\webdriver\\remote\\webdriver.py\", line 321, in execute    self.error_handler.check_response(response)  File \"C:\\Python27\\lib\\site-packages\\appium\\webdriver\\errorhandler.py\", line 29, in check_response    raise wdeNoSuchElementException: Message: An element could not be located on the page using the given search parameters."},{"firstjacocotime":5.0049996,"interestScenes":[{"branchids":"4898-7512","changebranchids":"4898-7511","interests":[{"name":"pref_pure_black","value":"1"}]},{"preinterests":[{"name":"pref_pure_black","value":"0"}],"branchids":"155-247","changebranchids":"155-248","interests":[{"name":"pref_feature_numerical_habits","value":"1"}]}],"tagname":"4_004","firstexecutionsuccess":true,"firsttestcasepath":"\\testcase\\firstcases\\testcase4_004.py","firstconsumedtime":20.833,"firstlocpath":"\\exeresult\\firstresult\\4_004.txt","firstcoveragepath":"\\coverage\\firstcoverage\\coverage4_004.ec","firsterrorlog":null},{"firstjacocotime":5.007,"interestScenes":[{"branchids":"155-247","changebranchids":"155-248","interests":[{"name":"pref_feature_numerical_habits","value":"1"}]}],"tagname":"4_005","firstexecutionsuccess":true,"firsttestcasepath":"\\testcase\\firstcases\\testcase4_005.py","firstconsumedtime":24.932,"firstlocpath":"\\exeresult\\firstresult\\4_005.txt","firstcoveragepath":"\\coverage\\firstcoverage\\coverage4_005.ec","firsterrorlog":null},{"firstjacocotime":5.0039997,"interestScenes":[{"branchids":"4898-7512","changebranchids":"4898-7511","interests":[{"name":"pref_pure_black","value":"1"}]}],"tagname":"4_006","firstexecutionsuccess":true,"firsttestcasepath":"\\testcase\\firstcases\\testcase4_006.py","firstconsumedtime":18.275,"firstlocpath":"\\exeresult\\firstresult\\4_006.txt","firstcoveragepath":"\\coverage\\firstcoverage\\coverage4_006.ec","firsterrorlog":null},{"firstjacocotime":5.007,"interestScenes":[{"branchids":"4898-7512","changebranchids":"4898-7511","interests":[{"name":"pref_pure_black","value":"1"}]}],"tagname":"4_007","firstexecutionsuccess":false,"firsttestcasepath":"\\testcase\\firstcases\\testcase4_007.py","firstconsumedtime":18.701,"firstlocpath":"\\exeresult\\firstresult\\4_007.txt","firstcoveragepath":"\\coverage\\firstcoverage\\coverage4_007.ec","firsterrorlog":"FAILstr(e):\t\tMessage: An element could not be located on the page using the given search parameters.repr(e):\tNoSuchElementException()Traceback (most recent call last):  File \"\\testcase\\firstcases\\testcase4_007.py\", line 76, in <module>    element = getElememt(driver, \"new UiSelector().resourceId(\\\"org.isoron.uhabits:id\/checkbox\\\").className(\\\"android.widget.CheckBox\\\")\")  File \"\\testcase\\firstcases\\testcase4_007.py\", line 34, in getElememt    element = driver.find_element_by_android_uiautomator(str)  File \"C:\\Python27\\lib\\site-packages\\appium\\webdriver\\webdriver.py\", line 327, in find_element_by_android_uiautomator    return self.find_element(by=By.ANDROID_UIAUTOMATOR, value=uia_string)  File \"C:\\Python27\\lib\\site-packages\\appium\\webdriver\\webdriver.py\", line 219, in find_element    'value': value})['value']  File \"C:\\Python27\\lib\\site-packages\\selenium\\webdriver\\remote\\webdriver.py\", line 321, in execute    self.error_handler.check_response(response)  File \"C:\\Python27\\lib\\site-packages\\appium\\webdriver\\errorhandler.py\", line 29, in check_response    raise wdeNoSuchElementException: Message: An element could not be located on the page using the given search parameters."},{"firstjacocotime":5.008,"interestScenes":[{"branchids":"4898-7512","changebranchids":"4898-7511","interests":[{"name":"pref_pure_black","value":"1"}]},{"preinterests":[{"name":"pref_pure_black","value":"0"}],"branchids":"155-247","changebranchids":"155-248","interests":[{"name":"pref_feature_numerical_habits","value":"1"}]}],"tagname":"4_008","firstexecutionsuccess":true,"firsttestcasepath":"\\testcase\\firstcases\\testcase4_008.py","firstconsumedtime":26.64,"firstlocpath":"\\exeresult\\firstresult\\4_008.txt","firstcoveragepath":"\\coverage\\firstcoverage\\coverage4_008.ec","firsterrorlog":null},{"firstjacocotime":5.006,"interestScenes":[{"branchids":"155-247","changebranchids":"155-248","interests":[{"name":"pref_feature_numerical_habits","value":"1"}]}],"tagname":"4_009","firstexecutionsuccess":true,"firsttestcasepath":"\\testcase\\firstcases\\testcase4_009.py","firstconsumedtime":29.108,"firstlocpath":"\\exeresult\\firstresult\\4_009.txt","firstcoveragepath":"\\coverage\\firstcoverage\\coverage4_009.ec","firsterrorlog":null},{"firstjacocotime":5.005,"interestScenes":[{"branchids":"4898-7512","changebranchids":"4898-7511","interests":[{"name":"pref_pure_black","value":"1"}]}],"tagname":"8_020","firstexecutionsuccess":false,"firsttestcasepath":"\\testcase\\firstcases\\testcase8_020.py","firstconsumedtime":19.178999,"firstlocpath":"\\exeresult\\firstresult\\8_020.txt","firstcoveragepath":"\\coverage\\firstcoverage\\coverage8_020.ec","firsterrorlog":"FAILstr(e):\t\tMessage: An element could not be located on the page using the given search parameters.repr(e):\tNoSuchElementException()Traceback (most recent call last):  File \"\\testcase\\firstcases\\testcase8_020.py\", line 76, in <module>    element = getElememt(driver, \"new UiSelector().resourceId(\\\"org.isoron.uhabits:id\/checkbox\\\").className(\\\"android.widget.CheckBox\\\")\")  File \"\\testcase\\firstcases\\testcase8_020.py\", line 34, in getElememt    element = driver.find_element_by_android_uiautomator(str)  File \"C:\\Python27\\lib\\site-packages\\appium\\webdriver\\webdriver.py\", line 327, in find_element_by_android_uiautomator    return self.find_element(by=By.ANDROID_UIAUTOMATOR, value=uia_string)  File \"C:\\Python27\\lib\\site-packages\\appium\\webdriver\\webdriver.py\", line 219, in find_element    'value': value})['value']  File \"C:\\Python27\\lib\\site-packages\\selenium\\webdriver\\remote\\webdriver.py\", line 321, in execute    self.error_handler.check_response(response)  File \"C:\\Python27\\lib\\site-packages\\appium\\webdriver\\errorhandler.py\", line 29, in check_response    raise wdeNoSuchElementException: Message: An element could not be located on the page using the given search parameters."},{"firstjacocotime":5.007,"tagname":"8_022","firstexecutionsuccess":true,"firsttestcasepath":"\\testcase\\firstcases\\testcase8_022.py","firstconsumedtime":17.091,"firstlocpath":"\\exeresult\\firstresult\\8_022.txt","firstcoveragepath":"\\coverage\\firstcoverage\\coverage8_022.ec","firsterrorlog":null},{"firstjacocotime":5.006,"tagname":"8_021","firstexecutionsuccess":true,"firsttestcasepath":"\\testcase\\firstcases\\testcase8_021.py","firstconsumedtime":13.951,"firstlocpath":"\\exeresult\\firstresult\\8_021.txt","firstcoveragepath":"\\coverage\\firstcoverage\\coverage8_021.ec","firsterrorlog":null},{"firstjacocotime":5.005,"tagname":"8_024","firstexecutionsuccess":false,"firsttestcasepath":"\\testcase\\firstcases\\testcase8_024.py","firstconsumedtime":15.954,"firstlocpath":"\\exeresult\\firstresult\\8_024.txt","firstcoveragepath":"\\coverage\\firstcoverage\\coverage8_024.ec","firsterrorlog":"FAILstr(e):\t\tMessage: An element could not be located on the page using the given search parameters.repr(e):\tNoSuchElementException()Traceback (most recent call last):  File \"\\testcase\\firstcases\\testcase8_024.py\", line 76, in <module>    element = getElememt(driver, \"new UiSelector().resourceId(\\\"org.isoron.uhabits:id\/checkbox\\\").className(\\\"android.widget.CheckBox\\\")\")  File \"\\testcase\\firstcases\\testcase8_024.py\", line 34, in getElememt    element = driver.find_element_by_android_uiautomator(str)  File \"C:\\Python27\\lib\\site-packages\\appium\\webdriver\\webdriver.py\", line 327, in find_element_by_android_uiautomator    return self.find_element(by=By.ANDROID_UIAUTOMATOR, value=uia_string)  File \"C:\\Python27\\lib\\site-packages\\appium\\webdriver\\webdriver.py\", line 219, in find_element    'value': value})['value']  File \"C:\\Python27\\lib\\site-packages\\selenium\\webdriver\\remote\\webdriver.py\", line 321, in execute    self.error_handler.check_response(response)  File \"C:\\Python27\\lib\\site-packages\\appium\\webdriver\\errorhandler.py\", line 29, in check_response    raise wdeNoSuchElementException: Message: An element could not be located on the page using the given search parameters."},{"firstjacocotime":5.006,"interestScenes":[{"branchids":"155-247","changebranchids":"155-248","interests":[{"name":"pref_feature_numerical_habits","value":"1"}]}],"tagname":"8_023","firstexecutionsuccess":true,"firsttestcasepath":"\\testcase\\firstcases\\testcase8_023.py","firstconsumedtime":22.729,"firstlocpath":"\\exeresult\\firstresult\\8_023.txt","firstcoveragepath":"\\coverage\\firstcoverage\\coverage8_023.ec","firsterrorlog":null},{"firstjacocotime":5.011,"tagname":"8_026","firstexecutionsuccess":false,"firsttestcasepath":"\\testcase\\firstcases\\testcase8_026.py","firstconsumedtime":11.497,"firstlocpath":"\\exeresult\\firstresult\\8_026.txt","firstcoveragepath":"\\coverage\\firstcoverage\\coverage8_026.ec","firsterrorlog":"FAILstr(e):\t\tMessage: An unknown server-side error occurred while processing the command. Original error: The swipe did not complete successfullyrepr(e):\tWebDriverException()Traceback (most recent call last):  File \"\\testcase\\firstcases\\testcase8_026.py\", line 74, in <module>    swipe(driver, 0.5, 0.2, 0.5, 0.8)  File \"\\testcase\\firstcases\\testcase8_026.py\", line 65, in swipe    end_y=int(height * endyper), duration=2000)  File \"C:\\Python27\\lib\\site-packages\\appium\\webdriver\\webdriver.py\", line 548, in swipe    action.perform()  File \"C:\\Python27\\lib\\site-packages\\appium\\webdriver\\common\\touch_action.py\", line 96, in perform    self._driver.execute(Command.TOUCH_ACTION, params)  File \"C:\\Python27\\lib\\site-packages\\selenium\\webdriver\\remote\\webdriver.py\", line 321, in execute    self.error_handler.check_response(response)  File \"C:\\Python27\\lib\\site-packages\\appium\\webdriver\\errorhandler.py\", line 29, in check_response    raise wdeWebDriverException: Message: An unknown server-side error occurred while processing the command. Original error: The swipe did not complete successfully"},{"firstjacocotime":5.008,"tagname":"4_000","firstexecutionsuccess":true,"firsttestcasepath":"\\testcase\\firstcases\\testcase4_000.py","firstconsumedtime":7.0699997,"firstlocpath":"\\exeresult\\firstresult\\4_000.txt","firstcoveragepath":"\\coverage\\firstcoverage\\coverage4_000.ec","firsterrorlog":null},{"firstjacocotime":5.0039997,"interestScenes":[{"branchids":"155-247","changebranchids":"155-248","interests":[{"name":"pref_feature_numerical_habits","value":"1"}]}],"tagname":"8_025","firstexecutionsuccess":false,"firsttestcasepath":"\\testcase\\firstcases\\testcase8_025.py","firstconsumedtime":28.829,"firstlocpath":"\\exeresult\\firstresult\\8_025.txt","firstcoveragepath":"\\coverage\\firstcoverage\\coverage8_025.ec","firsterrorlog":"FAILstr(e):\t\tMessage: An element could not be located on the page using the given search parameters.repr(e):\tNoSuchElementException()Traceback (most recent call last):  File \"\\testcase\\firstcases\\testcase8_025.py\", line 81, in <module>    element = getElememtBack(driver, \"new UiSelector().text(\\\"8:00 AM\\\")\", \"new UiSelector().className(\\\"android.widget.TextView\\\").instance(4)\")  File \"\\testcase\\firstcases\\testcase8_025.py\", line 53, in getElememtBack    element = driver.find_element_by_android_uiautomator(str2)  File \"C:\\Python27\\lib\\site-packages\\appium\\webdriver\\webdriver.py\", line 327, in find_element_by_android_uiautomator    return self.find_element(by=By.ANDROID_UIAUTOMATOR, value=uia_string)  File \"C:\\Python27\\lib\\site-packages\\appium\\webdriver\\webdriver.py\", line 219, in find_element    'value': value})['value']  File \"C:\\Python27\\lib\\site-packages\\selenium\\webdriver\\remote\\webdriver.py\", line 321, in execute    self.error_handler.check_response(response)  File \"C:\\Python27\\lib\\site-packages\\appium\\webdriver\\errorhandler.py\", line 29, in check_response    raise wdeNoSuchElementException: Message: An element could not be located on the page using the given search parameters."},{"firstjacocotime":5.006,"interestScenes":[{"branchids":"4898-7512","changebranchids":"4898-7511","interests":[{"name":"pref_pure_black","value":"1"}]}],"tagname":"4_001","firstexecutionsuccess":true,"firsttestcasepath":"\\testcase\\firstcases\\testcase4_001.py","firstconsumedtime":15.852,"firstlocpath":"\\exeresult\\firstresult\\4_001.txt","firstcoveragepath":"\\coverage\\firstcoverage\\coverage4_001.ec","firsterrorlog":null},{"firstjacocotime":5.0119996,"tagname":"8_028","firstexecutionsuccess":true,"firsttestcasepath":"\\testcase\\firstcases\\testcase8_028.py","firstconsumedtime":6.9680004,"firstlocpath":"\\exeresult\\firstresult\\8_028.txt","firstcoveragepath":"\\coverage\\firstcoverage\\coverage8_028.ec","firsterrorlog":null},{"firstjacocotime":5.013,"tagname":"4_002","firstexecutionsuccess":true,"firsttestcasepath":"\\testcase\\firstcases\\testcase4_002.py","firstconsumedtime":11.962,"firstlocpath":"\\exeresult\\firstresult\\4_002.txt","firstcoveragepath":"\\coverage\\firstcoverage\\coverage4_002.ec","firsterrorlog":null},{"firstjacocotime":5.007,"tagname":"8_027","firstexecutionsuccess":true,"firsttestcasepath":"\\testcase\\firstcases\\testcase8_027.py","firstconsumedtime":6.545,"firstlocpath":"\\exeresult\\firstresult\\8_027.txt","firstcoveragepath":"\\coverage\\firstcoverage\\coverage8_027.ec","firsterrorlog":null},{"firstjacocotime":5.007,"interestScenes":[{"branchids":"155-247","changebranchids":"155-248","interests":[{"name":"pref_feature_numerical_habits","value":"1"}]}],"tagname":"3_017","firstexecutionsuccess":true,"firsttestcasepath":"\\testcase\\firstcases\\testcase3_017.py","firstconsumedtime":36.005,"firstlocpath":"\\exeresult\\firstresult\\3_017.txt","firstcoveragepath":"\\coverage\\firstcoverage\\coverage3_017.ec","firsterrorlog":null},{"firstjacocotime":5.006,"tagname":"3_018","firstexecutionsuccess":true,"firsttestcasepath":"\\testcase\\firstcases\\testcase3_018.py","firstconsumedtime":16.26,"firstlocpath":"\\exeresult\\firstresult\\3_018.txt","firstcoveragepath":"\\coverage\\firstcoverage\\coverage3_018.ec","firsterrorlog":null},{"firstjacocotime":5.008,"tagname":"8_029","firstexecutionsuccess":true,"firsttestcasepath":"\\testcase\\firstcases\\testcase8_029.py","firstconsumedtime":7.021,"firstlocpath":"\\exeresult\\firstresult\\8_029.txt","firstcoveragepath":"\\coverage\\firstcoverage\\coverage8_029.ec","firsterrorlog":null},{"firstjacocotime":5.005,"tagname":"3_015","firstexecutionsuccess":false,"firsttestcasepath":"\\testcase\\firstcases\\testcase3_015.py","firstconsumedtime":32.007,"firstlocpath":"\\exeresult\\firstresult\\3_015.txt","firstcoveragepath":"\\coverage\\firstcoverage\\coverage3_015.ec","firsterrorlog":"FAILstr(e):\t\tMessage: An element could not be located on the page using the given search parameters.repr(e):\tNoSuchElementException()Traceback (most recent call last):  File \"\\testcase\\firstcases\\testcase3_015.py\", line 82, in <module>    element = getElememtBack(driver, \"new UiSelector().text(\\\"OK\\\")\", \"new UiSelector().className(\\\"android.widget.Button\\\")\")  File \"\\testcase\\firstcases\\testcase3_015.py\", line 53, in getElememtBack    element = driver.find_element_by_android_uiautomator(str2)  File \"C:\\Python27\\lib\\site-packages\\appium\\webdriver\\webdriver.py\", line 327, in find_element_by_android_uiautomator    return self.find_element(by=By.ANDROID_UIAUTOMATOR, value=uia_string)  File \"C:\\Python27\\lib\\site-packages\\appium\\webdriver\\webdriver.py\", line 219, in find_element    'value': value})['value']  File \"C:\\Python27\\lib\\site-packages\\selenium\\webdriver\\remote\\webdriver.py\", line 321, in execute    self.error_handler.check_response(response)  File \"C:\\Python27\\lib\\site-packages\\appium\\webdriver\\errorhandler.py\", line 29, in check_response    raise wdeNoSuchElementException: Message: An element could not be located on the page using the given search parameters."},{"firstjacocotime":5.007,"tagname":"3_016","firstexecutionsuccess":true,"firsttestcasepath":"\\testcase\\firstcases\\testcase3_016.py","firstconsumedtime":6.795,"firstlocpath":"\\exeresult\\firstresult\\3_016.txt","firstcoveragepath":"\\coverage\\firstcoverage\\coverage3_016.ec","firsterrorlog":null},{"firstjacocotime":5.005,"interestScenes":[{"branchids":"155-247","changebranchids":"155-248","interests":[{"name":"pref_feature_numerical_habits","value":"1"}]}],"tagname":"3_019","firstexecutionsuccess":true,"firsttestcasepath":"\\testcase\\firstcases\\testcase3_019.py","firstconsumedtime":19.963,"firstlocpath":"\\exeresult\\firstresult\\3_019.txt","firstcoveragepath":"\\coverage\\firstcoverage\\coverage3_019.ec","firsterrorlog":null},{"firstjacocotime":5.006,"interestScenes":[{"branchids":"155-247","changebranchids":"155-248","interests":[{"name":"pref_feature_numerical_habits","value":"1"}]}],"tagname":"3_010","firstexecutionsuccess":true,"firsttestcasepath":"\\testcase\\firstcases\\testcase3_010.py","firstconsumedtime":24.465,"firstlocpath":"\\exeresult\\firstresult\\3_010.txt","firstcoveragepath":"\\coverage\\firstcoverage\\coverage3_010.ec","firsterrorlog":null},{"firstjacocotime":5.0039997,"interestScenes":[{"branchids":"155-247","changebranchids":"155-248","interests":[{"name":"pref_feature_numerical_habits","value":"1"}]}],"tagname":"3_013","firstexecutionsuccess":true,"firsttestcasepath":"\\testcase\\firstcases\\testcase3_013.py","firstconsumedtime":38.367,"firstlocpath":"\\exeresult\\firstresult\\3_013.txt","firstcoveragepath":"\\coverage\\firstcoverage\\coverage3_013.ec","firsterrorlog":null},{"firstjacocotime":5.0039997,"interestScenes":[{"branchids":"4898-7512","changebranchids":"4898-7511","interests":[{"name":"pref_pure_black","value":"1"}]}],"tagname":"3_014","firstexecutionsuccess":false,"firsttestcasepath":"\\testcase\\firstcases\\testcase3_014.py","firstconsumedtime":16.567,"firstlocpath":"\\exeresult\\firstresult\\3_014.txt","firstcoveragepath":"\\coverage\\firstcoverage\\coverage3_014.ec","firsterrorlog":"FAILstr(e):\t\tMessage: An element could not be located on the page using the given search parameters.repr(e):\tNoSuchElementException()Traceback (most recent call last):  File \"\\testcase\\firstcases\\testcase3_014.py\", line 76, in <module>    element = getElememt(driver, \"new UiSelector().resourceId(\\\"org.isoron.uhabits:id\/checkbox\\\").className(\\\"android.widget.CheckBox\\\")\")  File \"\\testcase\\firstcases\\testcase3_014.py\", line 34, in getElememt    element = driver.find_element_by_android_uiautomator(str)  File \"C:\\Python27\\lib\\site-packages\\appium\\webdriver\\webdriver.py\", line 327, in find_element_by_android_uiautomator    return self.find_element(by=By.ANDROID_UIAUTOMATOR, value=uia_string)  File \"C:\\Python27\\lib\\site-packages\\appium\\webdriver\\webdriver.py\", line 219, in find_element    'value': value})['value']  File \"C:\\Python27\\lib\\site-packages\\selenium\\webdriver\\remote\\webdriver.py\", line 321, in execute    self.error_handler.check_response(response)  File \"C:\\Python27\\lib\\site-packages\\appium\\webdriver\\errorhandler.py\", line 29, in check_response    raise wdeNoSuchElementException: Message: An element could not be located on the page using the given search parameters."},{"firstjacocotime":5.0039997,"tagname":"3_011","firstexecutionsuccess":false,"firsttestcasepath":"\\testcase\\firstcases\\testcase3_011.py","firstconsumedtime":30.24,"firstlocpath":"\\exeresult\\firstresult\\3_011.txt","firstcoveragepath":"\\coverage\\firstcoverage\\coverage3_011.ec","firsterrorlog":"FAILstr(e):\t\tMessage: An element could not be located on the page using the given search parameters.repr(e):\tNoSuchElementException()Traceback (most recent call last):  File \"\\testcase\\firstcases\\testcase3_011.py\", line 78, in <module>    element = getElememt(driver, \"new UiSelector().className(\\\"android.widget.ImageView\\\").description(\\\"More options\\\")\")  File \"\\testcase\\firstcases\\testcase3_011.py\", line 34, in getElememt    element = driver.find_element_by_android_uiautomator(str)  File \"C:\\Python27\\lib\\site-packages\\appium\\webdriver\\webdriver.py\", line 327, in find_element_by_android_uiautomator    return self.find_element(by=By.ANDROID_UIAUTOMATOR, value=uia_string)  File \"C:\\Python27\\lib\\site-packages\\appium\\webdriver\\webdriver.py\", line 219, in find_element    'value': value})['value']  File \"C:\\Python27\\lib\\site-packages\\selenium\\webdriver\\remote\\webdriver.py\", line 321, in execute    self.error_handler.check_response(response)  File \"C:\\Python27\\lib\\site-packages\\appium\\webdriver\\errorhandler.py\", line 29, in check_response    raise wdeNoSuchElementException: Message: An element could not be located on the page using the given search parameters."},{"firstjacocotime":5.007,"tagname":"3_012","firstexecutionsuccess":true,"firsttestcasepath":"\\testcase\\firstcases\\testcase3_012.py","firstconsumedtime":9.868,"firstlocpath":"\\exeresult\\firstresult\\3_012.txt","firstcoveragepath":"\\coverage\\firstcoverage\\coverage3_012.ec","firsterrorlog":null},{"firstjacocotime":5.0099998,"tagname":"4_014","firstexecutionsuccess":true,"firsttestcasepath":"\\testcase\\firstcases\\testcase4_014.py","firstconsumedtime":7.547,"firstlocpath":"\\exeresult\\firstresult\\4_014.txt","firstcoveragepath":"\\coverage\\firstcoverage\\coverage4_014.ec","firsterrorlog":null},{"firstjacocotime":5.006,"tagname":"4_015","firstexecutionsuccess":true,"firsttestcasepath":"\\testcase\\firstcases\\testcase4_015.py","firstconsumedtime":9.966,"firstlocpath":"\\exeresult\\firstresult\\4_015.txt","firstcoveragepath":"\\coverage\\firstcoverage\\coverage4_015.ec","firsterrorlog":null},{"firstjacocotime":5.006,"tagname":"4_016","firstexecutionsuccess":true,"firsttestcasepath":"\\testcase\\firstcases\\testcase4_016.py","firstconsumedtime":27.092,"firstlocpath":"\\exeresult\\firstresult\\4_016.txt","firstcoveragepath":"\\coverage\\firstcoverage\\coverage4_016.ec","firsterrorlog":null},{"firstjacocotime":5.006,"tagname":"4_017","firstexecutionsuccess":true,"firsttestcasepath":"\\testcase\\firstcases\\testcase4_017.py","firstconsumedtime":26.442,"firstlocpath":"\\exeresult\\firstresult\\4_017.txt","firstcoveragepath":"\\coverage\\firstcoverage\\coverage4_017.ec","firsterrorlog":null},{"firstjacocotime":5.005,"interestScenes":[{"branchids":"4898-7512","changebranchids":"4898-7511","interests":[{"name":"pref_pure_black","value":"1"}]},{"preinterests":[{"name":"pref_pure_black","value":"0"}],"branchids":"155-247","changebranchids":"155-248","interests":[{"name":"pref_feature_numerical_habits","value":"1"}]}],"tagname":"4_018","firstexecutionsuccess":true,"firsttestcasepath":"\\testcase\\firstcases\\testcase4_018.py","firstconsumedtime":21.806,"firstlocpath":"\\exeresult\\firstresult\\4_018.txt","firstcoveragepath":"\\coverage\\firstcoverage\\coverage4_018.ec","firsterrorlog":null},{"firstjacocotime":5.0049996,"interestScenes":[{"branchids":"155-247","changebranchids":"155-248","interests":[{"name":"pref_feature_numerical_habits","value":"1"}]}],"tagname":"4_019","firstexecutionsuccess":false,"firsttestcasepath":"\\testcase\\firstcases\\testcase4_019.py","firstconsumedtime":33.804,"firstlocpath":"\\exeresult\\firstresult\\4_019.txt","firstcoveragepath":"\\coverage\\firstcoverage\\coverage4_019.ec","firsterrorlog":"FAILstr(e):\t\tMessage: An element could not be located on the page using the given search parameters.repr(e):\tNoSuchElementException()Traceback (most recent call last):  File \"\\testcase\\firstcases\\testcase4_019.py\", line 87, in <module>    element = getElememt(driver, \"new UiSelector().resourceId(\\\"org.isoron.uhabits:id\/numerator\\\").className(\\\"android.widget.EditText\\\")\")  File \"\\testcase\\firstcases\\testcase4_019.py\", line 34, in getElememt    element = driver.find_element_by_android_uiautomator(str)  File \"C:\\Python27\\lib\\site-packages\\appium\\webdriver\\webdriver.py\", line 327, in find_element_by_android_uiautomator    return self.find_element(by=By.ANDROID_UIAUTOMATOR, value=uia_string)  File \"C:\\Python27\\lib\\site-packages\\appium\\webdriver\\webdriver.py\", line 219, in find_element    'value': value})['value']  File \"C:\\Python27\\lib\\site-packages\\selenium\\webdriver\\remote\\webdriver.py\", line 321, in execute    self.error_handler.check_response(response)  File \"C:\\Python27\\lib\\site-packages\\appium\\webdriver\\errorhandler.py\", line 29, in check_response    raise wdeNoSuchElementException: Message: An element could not be located on the page using the given search parameters."},{"firstjacocotime":5.006,"tagname":"4_010","firstexecutionsuccess":true,"firsttestcasepath":"\\testcase\\firstcases\\testcase4_010.py","firstconsumedtime":11.696,"firstlocpath":"\\exeresult\\firstresult\\4_010.txt","firstcoveragepath":"\\coverage\\firstcoverage\\coverage4_010.ec","firsterrorlog":null},{"firstjacocotime":5.0049996,"interestScenes":[{"branchids":"155-247","changebranchids":"155-248","interests":[{"name":"pref_feature_numerical_habits","value":"1"}]}],"tagname":"4_011","firstexecutionsuccess":true,"firsttestcasepath":"\\testcase\\firstcases\\testcase4_011.py","firstconsumedtime":35.986,"firstlocpath":"\\exeresult\\firstresult\\4_011.txt","firstcoveragepath":"\\coverage\\firstcoverage\\coverage4_011.ec","firsterrorlog":null},{"firstjacocotime":5.005,"tagname":"4_012","firstexecutionsuccess":false,"firsttestcasepath":"\\testcase\\firstcases\\testcase4_012.py","firstconsumedtime":31.536,"firstlocpath":"\\exeresult\\firstresult\\4_012.txt","firstcoveragepath":"\\coverage\\firstcoverage\\coverage4_012.ec","firsterrorlog":"FAILstr(e):\t\tMessage: An element could not be located on the page using the given search parameters.repr(e):\tNoSuchElementException()Traceback (most recent call last):  File \"\\testcase\\firstcases\\testcase4_012.py\", line 80, in <module>    element = getElememt(driver, \"new UiSelector().resourceId(\\\"org.isoron.uhabits:id\/action_filter\\\").className(\\\"android.widget.TextView\\\")\")  File \"\\testcase\\firstcases\\testcase4_012.py\", line 34, in getElememt    element = driver.find_element_by_android_uiautomator(str)  File \"C:\\Python27\\lib\\site-packages\\appium\\webdriver\\webdriver.py\", line 327, in find_element_by_android_uiautomator    return self.find_element(by=By.ANDROID_UIAUTOMATOR, value=uia_string)  File \"C:\\Python27\\lib\\site-packages\\appium\\webdriver\\webdriver.py\", line 219, in find_element    'value': value})['value']  File \"C:\\Python27\\lib\\site-packages\\selenium\\webdriver\\remote\\webdriver.py\", line 321, in execute    self.error_handler.check_response(response)  File \"C:\\Python27\\lib\\site-packages\\appium\\webdriver\\errorhandler.py\", line 29, in check_response    raise wdeNoSuchElementException: Message: An element could not be located on the page using the given search parameters."},{"firstjacocotime":5.007,"tagname":"4_013","firstexecutionsuccess":true,"firsttestcasepath":"\\testcase\\firstcases\\testcase4_013.py","firstconsumedtime":10.499001,"firstlocpath":"\\exeresult\\firstresult\\4_013.txt","firstcoveragepath":"\\coverage\\firstcoverage\\coverage4_013.ec","firsterrorlog":null},{"firstjacocotime":5.006,"interestScenes":[{"branchids":"155-247","changebranchids":"155-248","interests":[{"name":"pref_feature_numerical_habits","value":"1"}]}],"tagname":"3_006","firstexecutionsuccess":true,"firsttestcasepath":"\\testcase\\firstcases\\testcase3_006.py","firstconsumedtime":34.985,"firstlocpath":"\\exeresult\\firstresult\\3_006.txt","firstcoveragepath":"\\coverage\\firstcoverage\\coverage3_006.ec","firsterrorlog":null},{"firstjacocotime":5.005,"tagname":"3_007","firstexecutionsuccess":false,"firsttestcasepath":"\\testcase\\firstcases\\testcase3_007.py","firstconsumedtime":21.592,"firstlocpath":"\\exeresult\\firstresult\\3_007.txt","firstcoveragepath":"\\coverage\\firstcoverage\\coverage3_007.ec","firsterrorlog":"FAILstr(e):\t\tMessage: An element could not be located on the page using the given search parameters.repr(e):\tNoSuchElementException()Traceback (most recent call last):  File \"\\testcase\\firstcases\\testcase3_007.py\", line 86, in <module>    element = getElememt(driver, \"new UiSelector().resourceId(\\\"org.isoron.uhabits:id\/checkbox\\\").className(\\\"android.widget.CheckBox\\\")\")  File \"\\testcase\\firstcases\\testcase3_007.py\", line 34, in getElememt    element = driver.find_element_by_android_uiautomator(str)  File \"C:\\Python27\\lib\\site-packages\\appium\\webdriver\\webdriver.py\", line 327, in find_element_by_android_uiautomator    return self.find_element(by=By.ANDROID_UIAUTOMATOR, value=uia_string)  File \"C:\\Python27\\lib\\site-packages\\appium\\webdriver\\webdriver.py\", line 219, in find_element    'value': value})['value']  File \"C:\\Python27\\lib\\site-packages\\selenium\\webdriver\\remote\\webdriver.py\", line 321, in execute    self.error_handler.check_response(response)  File \"C:\\Python27\\lib\\site-packages\\appium\\webdriver\\errorhandler.py\", line 29, in check_response    raise wdeNoSuchElementException: Message: An element could not be located on the page using the given search parameters."},{"firstjacocotime":5.006,"interestScenes":[{"branchids":"4898-7512","changebranchids":"4898-7511","interests":[{"name":"pref_pure_black","value":"1"}]}],"tagname":"3_004","firstexecutionsuccess":true,"firsttestcasepath":"\\testcase\\firstcases\\testcase3_004.py","firstconsumedtime":15.397,"firstlocpath":"\\exeresult\\firstresult\\3_004.txt","firstcoveragepath":"\\coverage\\firstcoverage\\coverage3_004.ec","firsterrorlog":null},{"firstjacocotime":5.0039997,"interestScenes":[{"branchids":"155-247","changebranchids":"155-248","interests":[{"name":"pref_feature_numerical_habits","value":"1"}]}],"tagname":"3_005","firstexecutionsuccess":true,"firsttestcasepath":"\\testcase\\firstcases\\testcase3_005.py","firstconsumedtime":30.042,"firstlocpath":"\\exeresult\\firstresult\\3_005.txt","firstcoveragepath":"\\coverage\\firstcoverage\\coverage3_005.ec","firsterrorlog":null},{"firstjacocotime":5.006,"interestScenes":[{"branchids":"4898-7512","changebranchids":"4898-7511","interests":[{"name":"pref_pure_black","value":"1"}]}],"tagname":"3_008","firstexecutionsuccess":true,"firsttestcasepath":"\\testcase\\firstcases\\testcase3_008.py","firstconsumedtime":19.112,"firstlocpath":"\\exeresult\\firstresult\\3_008.txt","firstcoveragepath":"\\coverage\\firstcoverage\\coverage3_008.ec","firsterrorlog":null},{"firstjacocotime":5.004,"tagname":"3_009","firstexecutionsuccess":false,"firsttestcasepath":"\\testcase\\firstcases\\testcase3_009.py","firstconsumedtime":30.04,"firstlocpath":"\\exeresult\\firstresult\\3_009.txt","firstcoveragepath":"\\coverage\\firstcoverage\\coverage3_009.ec","firsterrorlog":"FAILstr(e):\t\tMessage: An element could not be located on the page using the given search parameters.repr(e):\tNoSuchElementException()Traceback (most recent call last):  File \"\\testcase\\firstcases\\testcase3_009.py\", line 78, in <module>    element = getElememt(driver, \"new UiSelector().resourceId(\\\"org.isoron.uhabits:id\/action_filter\\\").className(\\\"android.widget.TextView\\\")\")  File \"\\testcase\\firstcases\\testcase3_009.py\", line 34, in getElememt    element = driver.find_element_by_android_uiautomator(str)  File \"C:\\Python27\\lib\\site-packages\\appium\\webdriver\\webdriver.py\", line 327, in find_element_by_android_uiautomator    return self.find_element(by=By.ANDROID_UIAUTOMATOR, value=uia_string)  File \"C:\\Python27\\lib\\site-packages\\appium\\webdriver\\webdriver.py\", line 219, in find_element    'value': value})['value']  File \"C:\\Python27\\lib\\site-packages\\selenium\\webdriver\\remote\\webdriver.py\", line 321, in execute    self.error_handler.check_response(response)  File \"C:\\Python27\\lib\\site-packages\\appium\\webdriver\\errorhandler.py\", line 29, in check_response    raise wdeNoSuchElementException: Message: An element could not be located on the page using the given search parameters."},{"firstjacocotime":5.0059996,"tagname":"3_002","firstexecutionsuccess":true,"firsttestcasepath":"\\testcase\\firstcases\\testcase3_002.py","firstconsumedtime":6.979,"firstlocpath":"\\exeresult\\firstresult\\3_002.txt","firstcoveragepath":"\\coverage\\firstcoverage\\coverage3_002.ec","firsterrorlog":null},{"firstjacocotime":5.006,"interestScenes":[{"branchids":"4898-7512","changebranchids":"4898-7511","interests":[{"name":"pref_pure_black","value":"1"}]}],"tagname":"3_003","firstexecutionsuccess":true,"firsttestcasepath":"\\testcase\\firstcases\\testcase3_003.py","firstconsumedtime":15.051,"firstlocpath":"\\exeresult\\firstresult\\3_003.txt","firstcoveragepath":"\\coverage\\firstcoverage\\coverage3_003.ec","firsterrorlog":null},{"firstjacocotime":5.0109997,"tagname":"3_000","firstexecutionsuccess":true,"firsttestcasepath":"\\testcase\\firstcases\\testcase3_000.py","firstconsumedtime":7.032,"firstlocpath":"\\exeresult\\firstresult\\3_000.txt","firstcoveragepath":"\\coverage\\firstcoverage\\coverage3_000.ec","firsterrorlog":null},{"firstjacocotime":5.0059996,"interestScenes":[{"branchids":"155-247","changebranchids":"155-248","interests":[{"name":"pref_feature_numerical_habits","value":"1"}]}],"tagname":"3_001","firstexecutionsuccess":true,"firsttestcasepath":"\\testcase\\firstcases\\testcase3_001.py","firstconsumedtime":17.199,"firstlocpath":"\\exeresult\\firstresult\\3_001.txt","firstcoveragepath":"\\coverage\\firstcoverage\\coverage3_001.ec","firsterrorlog":null},{"firstjacocotime":5.008,"tagname":"4_025","firstexecutionsuccess":true,"firsttestcasepath":"\\testcase\\firstcases\\testcase4_025.py","firstconsumedtime":7.229,"firstlocpath":"\\exeresult\\firstresult\\4_025.txt","firstcoveragepath":"\\coverage\\firstcoverage\\coverage4_025.ec","firsterrorlog":null},{"firstjacocotime":5.006,"interestScenes":[{"branchids":"4898-7512","changebranchids":"4898-7511","interests":[{"name":"pref_pure_black","value":"1"}]}],"tagname":"4_026","firstexecutionsuccess":true,"firsttestcasepath":"\\testcase\\firstcases\\testcase4_026.py","firstconsumedtime":23.069,"firstlocpath":"\\exeresult\\firstresult\\4_026.txt","firstcoveragepath":"\\coverage\\firstcoverage\\coverage4_026.ec","firsterrorlog":null},{"firstjacocotime":5.007,"tagname":"4_027","firstexecutionsuccess":true,"firsttestcasepath":"\\testcase\\firstcases\\testcase4_027.py","firstconsumedtime":20.746,"firstlocpath":"\\exeresult\\firstresult\\4_027.txt","firstcoveragepath":"\\coverage\\firstcoverage\\coverage4_027.ec","firsterrorlog":null},{"firstjacocotime":5.006,"interestScenes":[{"branchids":"4898-7512","changebranchids":"4898-7511","interests":[{"name":"pref_pure_black","value":"1"}]}],"tagname":"4_028","firstexecutionsuccess":false,"firsttestcasepath":"\\testcase\\firstcases\\testcase4_028.py","firstconsumedtime":21.976,"firstlocpath":"\\exeresult\\firstresult\\4_028.txt","firstcoveragepath":"\\coverage\\firstcoverage\\coverage4_028.ec","firsterrorlog":"FAILstr(e):\t\tMessage: An element could not be located on the page using the given search parameters.repr(e):\tNoSuchElementException()Traceback (most recent call last):  File \"\\testcase\\firstcases\\testcase4_028.py\", line 80, in <module>    element = getElememt(driver, \"new UiSelector().resourceId(\\\"org.isoron.uhabits:id\/submenuarrow\\\").className(\\\"android.widget.ImageView\\\")\")  File \"\\testcase\\firstcases\\testcase4_028.py\", line 34, in getElememt    element = driver.find_element_by_android_uiautomator(str)  File \"C:\\Python27\\lib\\site-packages\\appium\\webdriver\\webdriver.py\", line 327, in find_element_by_android_uiautomator    return self.find_element(by=By.ANDROID_UIAUTOMATOR, value=uia_string)  File \"C:\\Python27\\lib\\site-packages\\appium\\webdriver\\webdriver.py\", line 219, in find_element    'value': value})['value']  File \"C:\\Python27\\lib\\site-packages\\selenium\\webdriver\\remote\\webdriver.py\", line 321, in execute    self.error_handler.check_response(response)  File \"C:\\Python27\\lib\\site-packages\\appium\\webdriver\\errorhandler.py\", line 29, in check_response    raise wdeNoSuchElementException: Message: An element could not be located on the page using the given search parameters."},{"firstjacocotime":5.006,"interestScenes":[{"branchids":"4898-7512","changebranchids":"4898-7511","interests":[{"name":"pref_pure_black","value":"1"}]}],"tagname":"4_029","firstexecutionsuccess":true,"firsttestcasepath":"\\testcase\\firstcases\\testcase4_029.py","firstconsumedtime":20.162,"firstlocpath":"\\exeresult\\firstresult\\4_029.txt","firstcoveragepath":"\\coverage\\firstcoverage\\coverage4_029.ec","firsterrorlog":null},{"firstjacocotime":5.007,"tagname":"8_000","firstexecutionsuccess":true,"firsttestcasepath":"\\testcase\\firstcases\\testcase8_000.py","firstconsumedtime":10.582,"firstlocpath":"\\exeresult\\firstresult\\8_000.txt","firstcoveragepath":"\\coverage\\firstcoverage\\coverage8_000.ec","firsterrorlog":null},{"firstjacocotime":5.005,"interestScenes":[{"branchids":"4898-7512","changebranchids":"4898-7511","interests":[{"name":"pref_pure_black","value":"1"}]}],"tagname":"8_002","firstexecutionsuccess":false,"firsttestcasepath":"\\testcase\\firstcases\\testcase8_002.py","firstconsumedtime":17.129,"firstlocpath":"\\exeresult\\firstresult\\8_002.txt","firstcoveragepath":"\\coverage\\firstcoverage\\coverage8_002.ec","firsterrorlog":"FAILstr(e):\t\tMessage: An element could not be located on the page using the given search parameters.repr(e):\tNoSuchElementException()Traceback (most recent call last):  File \"\\testcase\\firstcases\\testcase8_002.py\", line 76, in <module>    element = getElememt(driver, \"new UiSelector().resourceId(\\\"org.isoron.uhabits:id\/checkbox\\\").className(\\\"android.widget.CheckBox\\\")\")  File \"\\testcase\\firstcases\\testcase8_002.py\", line 34, in getElememt    element = driver.find_element_by_android_uiautomator(str)  File \"C:\\Python27\\lib\\site-packages\\appium\\webdriver\\webdriver.py\", line 327, in find_element_by_android_uiautomator    return self.find_element(by=By.ANDROID_UIAUTOMATOR, value=uia_string)  File \"C:\\Python27\\lib\\site-packages\\appium\\webdriver\\webdriver.py\", line 219, in find_element    'value': value})['value']  File \"C:\\Python27\\lib\\site-packages\\selenium\\webdriver\\remote\\webdriver.py\", line 321, in execute    self.error_handler.check_response(response)  File \"C:\\Python27\\lib\\site-packages\\appium\\webdriver\\errorhandler.py\", line 29, in check_response    raise wdeNoSuchElementException: Message: An element could not be located on the page using the given search parameters."},{"firstjacocotime":5.004,"interestScenes":[{"branchids":"4898-7512","changebranchids":"4898-7511","interests":[{"name":"pref_pure_black","value":"1"}]}],"tagname":"4_020","firstexecutionsuccess":false,"firsttestcasepath":"\\testcase\\firstcases\\testcase4_020.py","firstconsumedtime":16.863,"firstlocpath":"\\exeresult\\firstresult\\4_020.txt","firstcoveragepath":"\\coverage\\firstcoverage\\coverage4_020.ec","firsterrorlog":"FAILstr(e):\t\tMessage: An element could not be located on the page using the given search parameters.repr(e):\tNoSuchElementException()Traceback (most recent call last):  File \"\\testcase\\firstcases\\testcase4_020.py\", line 76, in <module>    element = getElememt(driver, \"new UiSelector().resourceId(\\\"org.isoron.uhabits:id\/checkbox\\\").className(\\\"android.widget.CheckBox\\\")\")  File \"\\testcase\\firstcases\\testcase4_020.py\", line 34, in getElememt    element = driver.find_element_by_android_uiautomator(str)  File \"C:\\Python27\\lib\\site-packages\\appium\\webdriver\\webdriver.py\", line 327, in find_element_by_android_uiautomator    return self.find_element(by=By.ANDROID_UIAUTOMATOR, value=uia_string)  File \"C:\\Python27\\lib\\site-packages\\appium\\webdriver\\webdriver.py\", line 219, in find_element    'value': value})['value']  File \"C:\\Python27\\lib\\site-packages\\selenium\\webdriver\\remote\\webdriver.py\", line 321, in execute    self.error_handler.check_response(response)  File \"C:\\Python27\\lib\\site-packages\\appium\\webdriver\\errorhandler.py\", line 29, in check_response    raise wdeNoSuchElementException: Message: An element could not be located on the page using the given search parameters."},{"firstjacocotime":5.007,"interestScenes":[{"branchids":"4898-7512","changebranchids":"4898-7511","interests":[{"name":"pref_pure_black","value":"1"}]}],"tagname":"8_001","firstexecutionsuccess":false,"firsttestcasepath":"\\testcase\\firstcases\\testcase8_001.py","firstconsumedtime":17.902,"firstlocpath":"\\exeresult\\firstresult\\8_001.txt","firstcoveragepath":"\\coverage\\firstcoverage\\coverage8_001.ec","firsterrorlog":"FAILstr(e):\t\tMessage: An element could not be located on the page using the given search parameters.repr(e):\tNoSuchElementException()Traceback (most recent call last):  File \"\\testcase\\firstcases\\testcase8_001.py\", line 78, in <module>    element = getElememt(driver, \"new UiSelector().resourceId(\\\"org.isoron.uhabits:id\/checkbox\\\").className(\\\"android.widget.CheckBox\\\")\")  File \"\\testcase\\firstcases\\testcase8_001.py\", line 34, in getElememt    element = driver.find_element_by_android_uiautomator(str)  File \"C:\\Python27\\lib\\site-packages\\appium\\webdriver\\webdriver.py\", line 327, in find_element_by_android_uiautomator    return self.find_element(by=By.ANDROID_UIAUTOMATOR, value=uia_string)  File \"C:\\Python27\\lib\\site-packages\\appium\\webdriver\\webdriver.py\", line 219, in find_element    'value': value})['value']  File \"C:\\Python27\\lib\\site-packages\\selenium\\webdriver\\remote\\webdriver.py\", line 321, in execute    self.error_handler.check_response(response)  File \"C:\\Python27\\lib\\site-packages\\appium\\webdriver\\errorhandler.py\", line 29, in check_response    raise wdeNoSuchElementException: Message: An element could not be located on the page using the given search parameters."},{"firstjacocotime":5.011,"tagname":"4_021","firstexecutionsuccess":true,"firsttestcasepath":"\\testcase\\firstcases\\testcase4_021.py","firstconsumedtime":7.218,"firstlocpath":"\\exeresult\\firstresult\\4_021.txt","firstcoveragepath":"\\coverage\\firstcoverage\\coverage4_021.ec","firsterrorlog":null},{"firstjacocotime":5.007,"interestScenes":[{"branchids":"4898-7512","changebranchids":"4898-7511","interests":[{"name":"pref_pure_black","value":"1"}]}],"tagname":"8_004","firstexecutionsuccess":true,"firsttestcasepath":"\\testcase\\firstcases\\testcase8_004.py","firstconsumedtime":15.436,"firstlocpath":"\\exeresult\\firstresult\\8_004.txt","firstcoveragepath":"\\coverage\\firstcoverage\\coverage8_004.ec","firsterrorlog":null},{"firstjacocotime":5.0059996,"interestScenes":[{"branchids":"155-247","changebranchids":"155-248","interests":[{"name":"pref_feature_numerical_habits","value":"1"}]}],"tagname":"4_022","firstexecutionsuccess":true,"firsttestcasepath":"\\testcase\\firstcases\\testcase4_022.py","firstconsumedtime":34.001,"firstlocpath":"\\exeresult\\firstresult\\4_022.txt","firstcoveragepath":"\\coverage\\firstcoverage\\coverage4_022.ec","firsterrorlog":null},{"firstjacocotime":5.007,"interestScenes":[{"branchids":"4898-7512","changebranchids":"4898-7511","interests":[{"name":"pref_pure_black","value":"1"}]},{"preinterests":[{"name":"pref_pure_black","value":"0"}],"branchids":"155-247","changebranchids":"155-248","interests":[{"name":"pref_feature_numerical_habits","value":"1"}]}],"tagname":"8_003","firstexecutionsuccess":true,"firsttestcasepath":"\\testcase\\firstcases\\testcase8_003.py","firstconsumedtime":22.049,"firstlocpath":"\\exeresult\\firstresult\\8_003.txt","firstcoveragepath":"\\coverage\\firstcoverage\\coverage8_003.ec","firsterrorlog":null},{"firstjacocotime":5.0059996,"tagname":"4_023","firstexecutionsuccess":true,"firsttestcasepath":"\\testcase\\firstcases\\testcase4_023.py","firstconsumedtime":16.557,"firstlocpath":"\\exeresult\\firstresult\\4_023.txt","firstcoveragepath":"\\coverage\\firstcoverage\\coverage4_023.ec","firsterrorlog":null},{"firstjacocotime":5.007,"interestScenes":[{"branchids":"155-247","changebranchids":"155-248","interests":[{"name":"pref_feature_numerical_habits","value":"1"}]}],"tagname":"8_006","firstexecutionsuccess":true,"firsttestcasepath":"\\testcase\\firstcases\\testcase8_006.py","firstconsumedtime":27.986,"firstlocpath":"\\exeresult\\firstresult\\8_006.txt","firstcoveragepath":"\\coverage\\firstcoverage\\coverage8_006.ec","firsterrorlog":null},{"firstjacocotime":5.009,"tagname":"4_024","firstexecutionsuccess":true,"firsttestcasepath":"\\testcase\\firstcases\\testcase4_024.py","firstconsumedtime":7.003,"firstlocpath":"\\exeresult\\firstresult\\4_024.txt","firstcoveragepath":"\\coverage\\firstcoverage\\coverage4_024.ec","firsterrorlog":null},{"firstjacocotime":5.007,"interestScenes":[{"branchids":"155-247","changebranchids":"155-248","interests":[{"name":"pref_feature_numerical_habits","value":"1"}]}],"tagname":"8_005","firstexecutionsuccess":false,"firsttestcasepath":"\\testcase\\firstcases\\testcase8_005.py","firstconsumedtime":18.255,"firstlocpath":"\\exeresult\\firstresult\\8_005.txt","firstcoveragepath":"\\coverage\\firstcoverage\\coverage8_005.ec","firsterrorlog":"FAILstr(e):\t\tMessage: An element could not be located on the page using the given search parameters.repr(e):\tNoSuchElementException()Traceback (most recent call last):  File \"\\testcase\\firstcases\\testcase8_005.py\", line 75, in <module>    element = getElememtBack(driver, \"new UiSelector().text(\\\"Custom \u2026\\\")\", \"new UiSelector().className(\\\"android.widget.TextView\\\").instance(4)\")  File \"\\testcase\\firstcases\\testcase8_005.py\", line 53, in getElememtBack    element = driver.find_element_by_android_uiautomator(str2)  File \"C:\\Python27\\lib\\site-packages\\appium\\webdriver\\webdriver.py\", line 327, in find_element_by_android_uiautomator    return self.find_element(by=By.ANDROID_UIAUTOMATOR, value=uia_string)  File \"C:\\Python27\\lib\\site-packages\\appium\\webdriver\\webdriver.py\", line 219, in find_element    'value': value})['value']  File \"C:\\Python27\\lib\\site-packages\\selenium\\webdriver\\remote\\webdriver.py\", line 321, in execute    self.error_handler.check_response(response)  File \"C:\\Python27\\lib\\site-packages\\appium\\webdriver\\errorhandler.py\", line 29, in check_response    raise wdeNoSuchElementException: Message: An element could not be located on the page using the given search parameters."},{"firstjacocotime":5.006,"tagname":"8_008","firstexecutionsuccess":true,"firsttestcasepath":"\\testcase\\firstcases\\testcase8_008.py","firstconsumedtime":15.981999,"firstlocpath":"\\exeresult\\firstresult\\8_008.txt","firstcoveragepath":"\\coverage\\firstcoverage\\coverage8_008.ec","firsterrorlog":null},{"firstjacocotime":5.007,"tagname":"8_007","firstexecutionsuccess":true,"firsttestcasepath":"\\testcase\\firstcases\\testcase8_007.py","firstconsumedtime":9.374001,"firstlocpath":"\\exeresult\\firstresult\\8_007.txt","firstcoveragepath":"\\coverage\\firstcoverage\\coverage8_007.ec","firsterrorlog":null},{"firstjacocotime":5.0049996,"tagname":"8_009","firstexecutionsuccess":true,"firsttestcasepath":"\\testcase\\firstcases\\testcase8_009.py","firstconsumedtime":22.79,"firstlocpath":"\\exeresult\\firstresult\\8_009.txt","firstcoveragepath":"\\coverage\\firstcoverage\\coverage8_009.ec","firsterrorlog":null},{"firstjacocotime":5.006,"tagname":"7_008","firstexecutionsuccess":true,"firsttestcasepath":"\\testcase\\firstcases\\testcase7_008.py","firstconsumedtime":21.399,"firstlocpath":"\\exeresult\\firstresult\\7_008.txt","firstcoveragepath":"\\coverage\\firstcoverage\\coverage7_008.ec","firsterrorlog":null},{"firstjacocotime":5.008,"interestScenes":[{"branchids":"4898-7512","changebranchids":"4898-7511","interests":[{"name":"pref_pure_black","value":"1"}]}],"tagname":"7_009","firstexecutionsuccess":true,"firsttestcasepath":"\\testcase\\firstcases\\testcase7_009.py","firstconsumedtime":18.89,"firstlocpath":"\\exeresult\\firstresult\\7_009.txt","firstcoveragepath":"\\coverage\\firstcoverage\\coverage7_009.ec","firsterrorlog":null},{"firstjacocotime":5.007,"interestScenes":[{"branchids":"4898-7512","changebranchids":"4898-7511","interests":[{"name":"pref_pure_black","value":"1"}]},{"preinterests":[{"name":"pref_pure_black","value":"0"}],"branchids":"155-247","changebranchids":"155-248","interests":[{"name":"pref_feature_numerical_habits","value":"1"}]}],"tagname":"7_002","firstexecutionsuccess":true,"firsttestcasepath":"\\testcase\\firstcases\\testcase7_002.py","firstconsumedtime":24.415,"firstlocpath":"\\exeresult\\firstresult\\7_002.txt","firstcoveragepath":"\\coverage\\firstcoverage\\coverage7_002.ec","firsterrorlog":null},{"firstjacocotime":5.006,"interestScenes":[{"branchids":"4898-7512","changebranchids":"4898-7511","interests":[{"name":"pref_pure_black","value":"1"}]}],"tagname":"7_003","firstexecutionsuccess":true,"firsttestcasepath":"\\testcase\\firstcases\\testcase7_003.py","firstconsumedtime":11.889,"firstlocpath":"\\exeresult\\firstresult\\7_003.txt","firstcoveragepath":"\\coverage\\firstcoverage\\coverage7_003.ec","firsterrorlog":null},{"firstjacocotime":5.007,"interestScenes":[{"branchids":"4898-7512","changebranchids":"4898-7511","interests":[{"name":"pref_pure_black","value":"1"}]}],"tagname":"7_000","firstexecutionsuccess":true,"firsttestcasepath":"\\testcase\\firstcases\\testcase7_000.py","firstconsumedtime":8.158,"firstlocpath":"\\exeresult\\firstresult\\7_000.txt","firstcoveragepath":"\\coverage\\firstcoverage\\coverage7_000.ec","firsterrorlog":null},{"firstjacocotime":5.006,"tagname":"7_001","firstexecutionsuccess":true,"firsttestcasepath":"\\testcase\\firstcases\\testcase7_001.py","firstconsumedtime":12.029,"firstlocpath":"\\exeresult\\firstresult\\7_001.txt","firstcoveragepath":"\\coverage\\firstcoverage\\coverage7_001.ec","firsterrorlog":null},{"firstjacocotime":5.007,"interestScenes":[{"branchids":"4898-7512","changebranchids":"4898-7511","interests":[{"name":"pref_pure_black","value":"1"}]}],"tagname":"7_006","firstexecutionsuccess":true,"firsttestcasepath":"\\testcase\\firstcases\\testcase7_006.py","firstconsumedtime":7.045,"firstlocpath":"\\exeresult\\firstresult\\7_006.txt","firstcoveragepath":"\\coverage\\firstcoverage\\coverage7_006.ec","firsterrorlog":null},{"firstjacocotime":5.007,"tagname":"7_007","firstexecutionsuccess":false,"firsttestcasepath":"\\testcase\\firstcases\\testcase7_007.py","firstconsumedtime":30.686,"firstlocpath":"\\exeresult\\firstresult\\7_007.txt","firstcoveragepath":"\\coverage\\firstcoverage\\coverage7_007.ec","firsterrorlog":"FAILstr(e):\t\tMessage: An element could not be located on the page using the given search parameters.repr(e):\tNoSuchElementException()Traceback (most recent call last):  File \"\\testcase\\firstcases\\testcase7_007.py\", line 78, in <module>    element = getElememt(driver, \"new UiSelector().resourceId(\\\"org.isoron.uhabits:id\/actionAdd\\\").className(\\\"android.widget.TextView\\\")\")  File \"\\testcase\\firstcases\\testcase7_007.py\", line 34, in getElememt    element = driver.find_element_by_android_uiautomator(str)  File \"C:\\Python27\\lib\\site-packages\\appium\\webdriver\\webdriver.py\", line 327, in find_element_by_android_uiautomator    return self.find_element(by=By.ANDROID_UIAUTOMATOR, value=uia_string)  File \"C:\\Python27\\lib\\site-packages\\appium\\webdriver\\webdriver.py\", line 219, in find_element    'value': value})['value']  File \"C:\\Python27\\lib\\site-packages\\selenium\\webdriver\\remote\\webdriver.py\", line 321, in execute    self.error_handler.check_response(response)  File \"C:\\Python27\\lib\\site-packages\\appium\\webdriver\\errorhandler.py\", line 29, in check_response    raise wdeNoSuchElementException: Message: An element could not be located on the page using the given search parameters."},{"firstjacocotime":5.009,"tagname":"7_004","firstexecutionsuccess":true,"firsttestcasepath":"\\testcase\\firstcases\\testcase7_004.py","firstconsumedtime":6.856,"firstlocpath":"\\exeresult\\firstresult\\7_004.txt","firstcoveragepath":"\\coverage\\firstcoverage\\coverage7_004.ec","firsterrorlog":null},{"firstjacocotime":5.006,"interestScenes":[{"branchids":"4898-7512","changebranchids":"4898-7511","interests":[{"name":"pref_pure_black","value":"1"}]},{"preinterests":[{"name":"pref_pure_black","value":"0"}],"branchids":"155-247","changebranchids":"155-248","interests":[{"name":"pref_feature_numerical_habits","value":"1"}]}],"tagname":"7_005","firstexecutionsuccess":true,"firsttestcasepath":"\\testcase\\firstcases\\testcase7_005.py","firstconsumedtime":67.977,"firstlocpath":"\\exeresult\\firstresult\\7_005.txt","firstcoveragepath":"\\coverage\\firstcoverage\\coverage7_005.ec","firsterrorlog":null},{"firstjacocotime":5.006,"tagname":"7_020","firstexecutionsuccess":true,"firsttestcasepath":"\\testcase\\firstcases\\testcase7_020.py","firstconsumedtime":13.061,"firstlocpath":"\\exeresult\\firstresult\\7_020.txt","firstcoveragepath":"\\coverage\\firstcoverage\\coverage7_020.ec","firsterrorlog":null},{"firstjacocotime":5.0049996,"tagname":"7_021","firstexecutionsuccess":true,"firsttestcasepath":"\\testcase\\firstcases\\testcase7_021.py","firstconsumedtime":17.864,"firstlocpath":"\\exeresult\\firstresult\\7_021.txt","firstcoveragepath":"\\coverage\\firstcoverage\\coverage7_021.ec","firsterrorlog":null},{"firstjacocotime":5.007,"tagname":"7_024","firstexecutionsuccess":true,"firsttestcasepath":"\\testcase\\firstcases\\testcase7_024.py","firstconsumedtime":19.832,"firstlocpath":"\\exeresult\\firstresult\\7_024.txt","firstcoveragepath":"\\coverage\\firstcoverage\\coverage7_024.ec","firsterrorlog":null},{"firstjacocotime":5.009,"interestScenes":[{"branchids":"155-247","changebranchids":"155-248","interests":[{"name":"pref_feature_numerical_habits","value":"1"}]}],"tagname":"7_025","firstexecutionsuccess":true,"firsttestcasepath":"\\testcase\\firstcases\\testcase7_025.py","firstconsumedtime":21.435,"firstlocpath":"\\exeresult\\firstresult\\7_025.txt","firstcoveragepath":"\\coverage\\firstcoverage\\coverage7_025.ec","firsterrorlog":null},{"firstjacocotime":5.007,"interestScenes":[{"branchids":"155-247","changebranchids":"155-248","interests":[{"name":"pref_feature_numerical_habits","value":"1"}]}],"tagname":"7_022","firstexecutionsuccess":true,"firsttestcasepath":"\\testcase\\firstcases\\testcase7_022.py","firstconsumedtime":27.226,"firstlocpath":"\\exeresult\\firstresult\\7_022.txt","firstcoveragepath":"\\coverage\\firstcoverage\\coverage7_022.ec","firsterrorlog":null},{"firstjacocotime":5.006,"interestScenes":[{"branchids":"155-247","changebranchids":"155-248","interests":[{"name":"pref_feature_numerical_habits","value":"1"}]}],"tagname":"7_023","firstexecutionsuccess":true,"firsttestcasepath":"\\testcase\\firstcases\\testcase7_023.py","firstconsumedtime":25.081,"firstlocpath":"\\exeresult\\firstresult\\7_023.txt","firstcoveragepath":"\\coverage\\firstcoverage\\coverage7_023.ec","firsterrorlog":null},{"firstjacocotime":5.005,"interestScenes":[{"branchids":"4898-7512","changebranchids":"4898-7511","interests":[{"name":"pref_pure_black","value":"1"}]}],"tagname":"7_028","firstexecutionsuccess":true,"firsttestcasepath":"\\testcase\\firstcases\\testcase7_028.py","firstconsumedtime":21.883,"firstlocpath":"\\exeresult\\firstresult\\7_028.txt","firstcoveragepath":"\\coverage\\firstcoverage\\coverage7_028.ec","firsterrorlog":null},{"firstjacocotime":5.0059996,"tagname":"7_029","firstexecutionsuccess":false,"firsttestcasepath":"\\testcase\\firstcases\\testcase7_029.py","firstconsumedtime":35.517002,"firstlocpath":"\\exeresult\\firstresult\\7_029.txt","firstcoveragepath":"\\coverage\\firstcoverage\\coverage7_029.ec","firsterrorlog":"FAILstr(e):\t\tMessage: UiSelector[TEXT=OK]repr(e):\tNoSuchElementException()Traceback (most recent call last):  File \"\\testcase\\firstcases\\testcase7_029.py\", line 89, in <module>    TouchAction(driver).tap(element).perform()  File \"C:\\Python27\\lib\\site-packages\\appium\\webdriver\\common\\touch_action.py\", line 96, in perform    self._driver.execute(Command.TOUCH_ACTION, params)  File \"C:\\Python27\\lib\\site-packages\\selenium\\webdriver\\remote\\webdriver.py\", line 321, in execute    self.error_handler.check_response(response)  File \"C:\\Python27\\lib\\site-packages\\appium\\webdriver\\errorhandler.py\", line 29, in check_response    raise wdeNoSuchElementException: Message: UiSelector[TEXT=OK]"},{"firstjacocotime":5.009,"tagname":"7_026","firstexecutionsuccess":true,"firsttestcasepath":"\\testcase\\firstcases\\testcase7_026.py","firstconsumedtime":6.9379997,"firstlocpath":"\\exeresult\\firstresult\\7_026.txt","firstcoveragepath":"\\coverage\\firstcoverage\\coverage7_026.ec","firsterrorlog":null},{"firstjacocotime":5.0099998,"tagname":"7_027","firstexecutionsuccess":true,"firsttestcasepath":"\\testcase\\firstcases\\testcase7_027.py","firstconsumedtime":7.124,"firstlocpath":"\\exeresult\\firstresult\\7_027.txt","firstcoveragepath":"\\coverage\\firstcoverage\\coverage7_027.ec","firsterrorlog":null},{"firstjacocotime":5.006,"tagname":"7_019","firstexecutionsuccess":false,"firsttestcasepath":"\\testcase\\firstcases\\testcase7_019.py","firstconsumedtime":25.868,"firstlocpath":"\\exeresult\\firstresult\\7_019.txt","firstcoveragepath":"\\coverage\\firstcoverage\\coverage7_019.ec","firsterrorlog":"FAILstr(e):\t\tMessage: An element could not be located on the page using the given search parameters.repr(e):\tNoSuchElementException()Traceback (most recent call last):  File \"\\testcase\\firstcases\\testcase7_019.py\", line 88, in <module>    element = getElememt(driver, \"new UiSelector().resourceId(\\\"org.isoron.uhabits:id\/checkbox\\\").className(\\\"android.widget.CheckBox\\\")\")  File \"\\testcase\\firstcases\\testcase7_019.py\", line 34, in getElememt    element = driver.find_element_by_android_uiautomator(str)  File \"C:\\Python27\\lib\\site-packages\\appium\\webdriver\\webdriver.py\", line 327, in find_element_by_android_uiautomator    return self.find_element(by=By.ANDROID_UIAUTOMATOR, value=uia_string)  File \"C:\\Python27\\lib\\site-packages\\appium\\webdriver\\webdriver.py\", line 219, in find_element    'value': value})['value']  File \"C:\\Python27\\lib\\site-packages\\selenium\\webdriver\\remote\\webdriver.py\", line 321, in execute    self.error_handler.check_response(response)  File \"C:\\Python27\\lib\\site-packages\\appium\\webdriver\\errorhandler.py\", line 29, in check_response    raise wdeNoSuchElementException: Message: An element could not be located on the page using the given search parameters."},{"firstjacocotime":5.006,"tagname":"7_010","firstexecutionsuccess":true,"firsttestcasepath":"\\testcase\\firstcases\\testcase7_010.py","firstconsumedtime":9.794,"firstlocpath":"\\exeresult\\firstresult\\7_010.txt","firstcoveragepath":"\\coverage\\firstcoverage\\coverage7_010.ec","firsterrorlog":null},{"firstjacocotime":5.0049996,"interestScenes":[{"branchids":"4898-7512","changebranchids":"4898-7511","interests":[{"name":"pref_pure_black","value":"1"}]},{"preinterests":[{"name":"pref_pure_black","value":"0"}],"branchids":"155-247","changebranchids":"155-248","interests":[{"name":"pref_feature_numerical_habits","value":"1"}]}],"tagname":"7_013","firstexecutionsuccess":true,"firsttestcasepath":"\\testcase\\firstcases\\testcase7_013.py","firstconsumedtime":23.676,"firstlocpath":"\\exeresult\\firstresult\\7_013.txt","firstcoveragepath":"\\coverage\\firstcoverage\\coverage7_013.ec","firsterrorlog":null},{"firstjacocotime":5.0099998,"tagname":"7_014","firstexecutionsuccess":true,"firsttestcasepath":"\\testcase\\firstcases\\testcase7_014.py","firstconsumedtime":6.907,"firstlocpath":"\\exeresult\\firstresult\\7_014.txt","firstcoveragepath":"\\coverage\\firstcoverage\\coverage7_014.ec","firsterrorlog":null},{"firstjacocotime":5.006,"interestScenes":[{"branchids":"4898-7512","changebranchids":"4898-7511","interests":[{"name":"pref_pure_black","value":"1"}]}],"tagname":"7_011","firstexecutionsuccess":false,"firsttestcasepath":"\\testcase\\firstcases\\testcase7_011.py","firstconsumedtime":16.907,"firstlocpath":"\\exeresult\\firstresult\\7_011.txt","firstcoveragepath":"\\coverage\\firstcoverage\\coverage7_011.ec","firsterrorlog":"FAILstr(e):\t\tMessage: An element could not be located on the page using the given search parameters.repr(e):\tNoSuchElementException()Traceback (most recent call last):  File \"\\testcase\\firstcases\\testcase7_011.py\", line 76, in <module>    element = getElememt(driver, \"new UiSelector().resourceId(\\\"org.isoron.uhabits:id\/checkbox\\\").className(\\\"android.widget.CheckBox\\\")\")  File \"\\testcase\\firstcases\\testcase7_011.py\", line 34, in getElememt    element = driver.find_element_by_android_uiautomator(str)  File \"C:\\Python27\\lib\\site-packages\\appium\\webdriver\\webdriver.py\", line 327, in find_element_by_android_uiautomator    return self.find_element(by=By.ANDROID_UIAUTOMATOR, value=uia_string)  File \"C:\\Python27\\lib\\site-packages\\appium\\webdriver\\webdriver.py\", line 219, in find_element    'value': value})['value']  File \"C:\\Python27\\lib\\site-packages\\selenium\\webdriver\\remote\\webdriver.py\", line 321, in execute    self.error_handler.check_response(response)  File \"C:\\Python27\\lib\\site-packages\\appium\\webdriver\\errorhandler.py\", line 29, in check_response    raise wdeNoSuchElementException: Message: An element could not be located on the page using the given search parameters."},{"firstjacocotime":5.006,"interestScenes":[{"branchids":"155-247","changebranchids":"155-248","interests":[{"name":"pref_feature_numerical_habits","value":"1"}]}],"tagname":"7_012","firstexecutionsuccess":true,"firsttestcasepath":"\\testcase\\firstcases\\testcase7_012.py","firstconsumedtime":40.642,"firstlocpath":"\\exeresult\\firstresult\\7_012.txt","firstcoveragepath":"\\coverage\\firstcoverage\\coverage7_012.ec","firsterrorlog":null},{"firstjacocotime":5.007,"interestScenes":[{"branchids":"4898-7512","changebranchids":"4898-7511","interests":[{"name":"pref_pure_black","value":"1"}]}],"tagname":"7_017","firstexecutionsuccess":true,"firsttestcasepath":"\\testcase\\firstcases\\testcase7_017.py","firstconsumedtime":21.978,"firstlocpath":"\\exeresult\\firstresult\\7_017.txt","firstcoveragepath":"\\coverage\\firstcoverage\\coverage7_017.ec","firsterrorlog":null},{"firstjacocotime":5.005,"interestScenes":[{"branchids":"4898-7512","changebranchids":"4898-7511","interests":[{"name":"pref_pure_black","value":"1"}]}],"tagname":"7_018","firstexecutionsuccess":true,"firsttestcasepath":"\\testcase\\firstcases\\testcase7_018.py","firstconsumedtime":30.777,"firstlocpath":"\\exeresult\\firstresult\\7_018.txt","firstcoveragepath":"\\coverage\\firstcoverage\\coverage7_018.ec","firsterrorlog":null},{"firstjacocotime":5.004,"interestScenes":[{"branchids":"155-247","changebranchids":"155-248","interests":[{"name":"pref_feature_numerical_habits","value":"1"}]}],"tagname":"7_015","firstexecutionsuccess":false,"firsttestcasepath":"\\testcase\\firstcases\\testcase7_015.py","firstconsumedtime":47.464,"firstlocpath":"\\exeresult\\firstresult\\7_015.txt","firstcoveragepath":"\\coverage\\firstcoverage\\coverage7_015.ec","firsterrorlog":"FAILstr(e):\t\tMessage: An element could not be located on the page using the given search parameters.repr(e):\tNoSuchElementException()Traceback (most recent call last):  File \"\\testcase\\firstcases\\testcase7_015.py\", line 89, in <module>    element = getElememtBack(driver, \"new UiSelector().text(\\\"8:00 AM\\\")\", \"new UiSelector().className(\\\"android.widget.TextView\\\").instance(4)\")  File \"\\testcase\\firstcases\\testcase7_015.py\", line 53, in getElememtBack    element = driver.find_element_by_android_uiautomator(str2)  File \"C:\\Python27\\lib\\site-packages\\appium\\webdriver\\webdriver.py\", line 327, in find_element_by_android_uiautomator    return self.find_element(by=By.ANDROID_UIAUTOMATOR, value=uia_string)  File \"C:\\Python27\\lib\\site-packages\\appium\\webdriver\\webdriver.py\", line 219, in find_element    'value': value})['value']  File \"C:\\Python27\\lib\\site-packages\\selenium\\webdriver\\remote\\webdriver.py\", line 321, in execute    self.error_handler.check_response(response)  File \"C:\\Python27\\lib\\site-packages\\appium\\webdriver\\errorhandler.py\", line 29, in check_response    raise wdeNoSuchElementException: Message: An element could not be located on the page using the given search parameters."},{"firstjacocotime":5.007,"tagname":"7_016","firstexecutionsuccess":true,"firsttestcasepath":"\\testcase\\firstcases\\testcase7_016.py","firstconsumedtime":6.725,"firstlocpath":"\\exeresult\\firstresult\\7_016.txt","firstcoveragepath":"\\coverage\\firstcoverage\\coverage7_016.ec","firsterrorlog":null},{"firstjacocotime":5.0049996,"interestScenes":[{"branchids":"155-247","changebranchids":"155-248","interests":[{"name":"pref_feature_numerical_habits","value":"1"}]}],"tagname":"6_000","firstexecutionsuccess":false,"firsttestcasepath":"\\testcase\\firstcases\\testcase6_000.py","firstconsumedtime":32.333,"firstlocpath":"\\exeresult\\firstresult\\6_000.txt","firstcoveragepath":"\\coverage\\firstcoverage\\coverage6_000.ec","firsterrorlog":"FAILstr(e):\t\tMessage: An element could not be located on the page using the given search parameters.repr(e):\tNoSuchElementException()Traceback (most recent call last):  File \"\\testcase\\firstcases\\testcase6_000.py\", line 81, in <module>    element = getElememt(driver, \"new UiSelector().resourceId(\\\"org.isoron.uhabits:id\/numerator\\\").className(\\\"android.widget.EditText\\\")\")  File \"\\testcase\\firstcases\\testcase6_000.py\", line 34, in getElememt    element = driver.find_element_by_android_uiautomator(str)  File \"C:\\Python27\\lib\\site-packages\\appium\\webdriver\\webdriver.py\", line 327, in find_element_by_android_uiautomator    return self.find_element(by=By.ANDROID_UIAUTOMATOR, value=uia_string)  File \"C:\\Python27\\lib\\site-packages\\appium\\webdriver\\webdriver.py\", line 219, in find_element    'value': value})['value']  File \"C:\\Python27\\lib\\site-packages\\selenium\\webdriver\\remote\\webdriver.py\", line 321, in execute    self.error_handler.check_response(response)  File \"C:\\Python27\\lib\\site-packages\\appium\\webdriver\\errorhandler.py\", line 29, in check_response    raise wdeNoSuchElementException: Message: An element could not be located on the page using the given search parameters."},{"firstjacocotime":5.007,"tagname":"6_005","firstexecutionsuccess":true,"firsttestcasepath":"\\testcase\\firstcases\\testcase6_005.py","firstconsumedtime":6.952,"firstlocpath":"\\exeresult\\firstresult\\6_005.txt","firstcoveragepath":"\\coverage\\firstcoverage\\coverage6_005.ec","firsterrorlog":null},{"firstjacocotime":5.006,"tagname":"6_006","firstexecutionsuccess":false,"firsttestcasepath":"\\testcase\\firstcases\\testcase6_006.py","firstconsumedtime":34.57,"firstlocpath":"\\exeresult\\firstresult\\6_006.txt","firstcoveragepath":"\\coverage\\firstcoverage\\coverage6_006.ec","firsterrorlog":"FAILstr(e):\t\tMessage: An element could not be located on the page using the given search parameters.repr(e):\tNoSuchElementException()Traceback (most recent call last):  File \"\\testcase\\firstcases\\testcase6_006.py\", line 78, in <module>    element = getElememt(driver, \"new UiSelector().className(\\\"android.widget.ImageView\\\").description(\\\"More options\\\")\")  File \"\\testcase\\firstcases\\testcase6_006.py\", line 34, in getElememt    element = driver.find_element_by_android_uiautomator(str)  File \"C:\\Python27\\lib\\site-packages\\appium\\webdriver\\webdriver.py\", line 327, in find_element_by_android_uiautomator    return self.find_element(by=By.ANDROID_UIAUTOMATOR, value=uia_string)  File \"C:\\Python27\\lib\\site-packages\\appium\\webdriver\\webdriver.py\", line 219, in find_element    'value': value})['value']  File \"C:\\Python27\\lib\\site-packages\\selenium\\webdriver\\remote\\webdriver.py\", line 321, in execute    self.error_handler.check_response(response)  File \"C:\\Python27\\lib\\site-packages\\appium\\webdriver\\errorhandler.py\", line 29, in check_response    raise wdeNoSuchElementException: Message: An element could not be located on the page using the given search parameters."},{"firstjacocotime":5.005,"tagname":"6_007","firstexecutionsuccess":false,"firsttestcasepath":"\\testcase\\firstcases\\testcase6_007.py","firstconsumedtime":32.804,"firstlocpath":"\\exeresult\\firstresult\\6_007.txt","firstcoveragepath":"\\coverage\\firstcoverage\\coverage6_007.ec","firsterrorlog":"FAILstr(e):\t\tMessage: UiSelector[TEXT=OK]repr(e):\tNoSuchElementException()Traceback (most recent call last):  File \"\\testcase\\firstcases\\testcase6_007.py\", line 83, in <module>    TouchAction(driver).tap(element).perform()  File \"C:\\Python27\\lib\\site-packages\\appium\\webdriver\\common\\touch_action.py\", line 96, in perform    self._driver.execute(Command.TOUCH_ACTION, params)  File \"C:\\Python27\\lib\\site-packages\\selenium\\webdriver\\remote\\webdriver.py\", line 321, in execute    self.error_handler.check_response(response)  File \"C:\\Python27\\lib\\site-packages\\appium\\webdriver\\errorhandler.py\", line 29, in check_response    raise wdeNoSuchElementException: Message: UiSelector[TEXT=OK]"},{"firstjacocotime":5.005,"tagname":"6_008","firstexecutionsuccess":true,"firsttestcasepath":"\\testcase\\firstcases\\testcase6_008.py","firstconsumedtime":22.276001,"firstlocpath":"\\exeresult\\firstresult\\6_008.txt","firstcoveragepath":"\\coverage\\firstcoverage\\coverage6_008.ec","firsterrorlog":null},{"firstjacocotime":5.009,"interestScenes":[{"branchids":"155-247","changebranchids":"155-248","interests":[{"name":"pref_feature_numerical_habits","value":"1"}]}],"tagname":"6_001","firstexecutionsuccess":false,"firsttestcasepath":"\\testcase\\firstcases\\testcase6_001.py","firstconsumedtime":33.086,"firstlocpath":"\\exeresult\\firstresult\\6_001.txt","firstcoveragepath":"\\coverage\\firstcoverage\\coverage6_001.ec","firsterrorlog":"FAILstr(e):\t\tMessage: An element could not be located on the page using the given search parameters.repr(e):\tNoSuchElementException()Traceback (most recent call last):  File \"\\testcase\\firstcases\\testcase6_001.py\", line 82, in <module>    element = getElememtBack(driver, \"new UiSelector().text(\\\"Custom \u2026\\\")\", \"new UiSelector().className(\\\"android.widget.TextView\\\").instance(4)\")  File \"\\testcase\\firstcases\\testcase6_001.py\", line 53, in getElememtBack    element = driver.find_element_by_android_uiautomator(str2)  File \"C:\\Python27\\lib\\site-packages\\appium\\webdriver\\webdriver.py\", line 327, in find_element_by_android_uiautomator    return self.find_element(by=By.ANDROID_UIAUTOMATOR, value=uia_string)  File \"C:\\Python27\\lib\\site-packages\\appium\\webdriver\\webdriver.py\", line 219, in find_element    'value': value})['value']  File \"C:\\Python27\\lib\\site-packages\\selenium\\webdriver\\remote\\webdriver.py\", line 321, in execute    self.error_handler.check_response(response)  File \"C:\\Python27\\lib\\site-packages\\appium\\webdriver\\errorhandler.py\", line 29, in check_response    raise wdeNoSuchElementException: Message: An element could not be located on the page using the given search parameters."},{"firstjacocotime":5.0099998,"tagname":"6_002","firstexecutionsuccess":true,"firsttestcasepath":"\\testcase\\firstcases\\testcase6_002.py","firstconsumedtime":7.3970003,"firstlocpath":"\\exeresult\\firstresult\\6_002.txt","firstcoveragepath":"\\coverage\\firstcoverage\\coverage6_002.ec","firsterrorlog":null},{"firstjacocotime":5.0099998,"tagname":"6_003","firstexecutionsuccess":true,"firsttestcasepath":"\\testcase\\firstcases\\testcase6_003.py","firstconsumedtime":10.079,"firstlocpath":"\\exeresult\\firstresult\\6_003.txt","firstcoveragepath":"\\coverage\\firstcoverage\\coverage6_003.ec","firsterrorlog":null},{"firstjacocotime":5.009,"tagname":"6_004","firstexecutionsuccess":true,"firsttestcasepath":"\\testcase\\firstcases\\testcase6_004.py","firstconsumedtime":9.846,"firstlocpath":"\\exeresult\\firstresult\\6_004.txt","firstcoveragepath":"\\coverage\\firstcoverage\\coverage6_004.ec","firsterrorlog":null},{"firstjacocotime":5.008,"interestScenes":[{"branchids":"4898-7512","changebranchids":"4898-7511","interests":[{"name":"pref_pure_black","value":"1"}]}],"tagname":"1_019","firstexecutionsuccess":true,"firsttestcasepath":"\\testcase\\firstcases\\testcase1_019.py","firstconsumedtime":17.626,"firstlocpath":"\\exeresult\\firstresult\\1_019.txt","firstcoveragepath":"\\coverage\\firstcoverage\\coverage1_019.ec","firsterrorlog":null},{"firstjacocotime":5.006,"tagname":"6_009","firstexecutionsuccess":false,"firsttestcasepath":"\\testcase\\firstcases\\testcase6_009.py","firstconsumedtime":29.488,"firstlocpath":"\\exeresult\\firstresult\\6_009.txt","firstcoveragepath":"\\coverage\\firstcoverage\\coverage6_009.ec","firsterrorlog":"FAILstr(e):\t\tMessage: An element could not be located on the page using the given search parameters.repr(e):\tNoSuchElementException()Traceback (most recent call last):  File \"\\testcase\\firstcases\\testcase6_009.py\", line 78, in <module>    element = getElememt(driver, \"new UiSelector().className(\\\"android.widget.ImageView\\\").description(\\\"More options\\\")\")  File \"\\testcase\\firstcases\\testcase6_009.py\", line 34, in getElememt    element = driver.find_element_by_android_uiautomator(str)  File \"C:\\Python27\\lib\\site-packages\\appium\\webdriver\\webdriver.py\", line 327, in find_element_by_android_uiautomator    return self.find_element(by=By.ANDROID_UIAUTOMATOR, value=uia_string)  File \"C:\\Python27\\lib\\site-packages\\appium\\webdriver\\webdriver.py\", line 219, in find_element    'value': value})['value']  File \"C:\\Python27\\lib\\site-packages\\selenium\\webdriver\\remote\\webdriver.py\", line 321, in execute    self.error_handler.check_response(response)  File \"C:\\Python27\\lib\\site-packages\\appium\\webdriver\\errorhandler.py\", line 29, in check_response    raise wdeNoSuchElementException: Message: An element could not be located on the page using the given search parameters."},{"firstjacocotime":5.007,"interestScenes":[{"branchids":"4898-7512","changebranchids":"4898-7511","interests":[{"name":"pref_pure_black","value":"1"}]}],"tagname":"1_017","firstexecutionsuccess":true,"firsttestcasepath":"\\testcase\\firstcases\\testcase1_017.py","firstconsumedtime":18.729,"firstlocpath":"\\exeresult\\firstresult\\1_017.txt","firstcoveragepath":"\\coverage\\firstcoverage\\coverage1_017.ec","firsterrorlog":null},{"firstjacocotime":5.0059996,"interestScenes":[{"branchids":"4898-7512","changebranchids":"4898-7511","interests":[{"name":"pref_pure_black","value":"1"}]}],"tagname":"1_018","firstexecutionsuccess":true,"firsttestcasepath":"\\testcase\\firstcases\\testcase1_018.py","firstconsumedtime":21.89,"firstlocpath":"\\exeresult\\firstresult\\1_018.txt","firstcoveragepath":"\\coverage\\firstcoverage\\coverage1_018.ec","firsterrorlog":null},{"firstjacocotime":5.008,"interestScenes":[{"branchids":"4898-7512","changebranchids":"4898-7511","interests":[{"name":"pref_pure_black","value":"1"}]},{"preinterests":[{"name":"pref_pure_black","value":"0"}],"branchids":"155-247","changebranchids":"155-248","interests":[{"name":"pref_feature_numerical_habits","value":"1"}]}],"tagname":"1_015","firstexecutionsuccess":true,"firsttestcasepath":"\\testcase\\firstcases\\testcase1_015.py","firstconsumedtime":27.169,"firstlocpath":"\\exeresult\\firstresult\\1_015.txt","firstcoveragepath":"\\coverage\\firstcoverage\\coverage1_015.ec","firsterrorlog":null},{"firstjacocotime":5.006,"tagname":"1_016","firstexecutionsuccess":true,"firsttestcasepath":"\\testcase\\firstcases\\testcase1_016.py","firstconsumedtime":6.9370003,"firstlocpath":"\\exeresult\\firstresult\\1_016.txt","firstcoveragepath":"\\coverage\\firstcoverage\\coverage1_016.ec","firsterrorlog":null},{"firstjacocotime":5.008,"tagname":"1_013","firstexecutionsuccess":true,"firsttestcasepath":"\\testcase\\firstcases\\testcase1_013.py","firstconsumedtime":12.461,"firstlocpath":"\\exeresult\\firstresult\\1_013.txt","firstcoveragepath":"\\coverage\\firstcoverage\\coverage1_013.ec","firsterrorlog":null},{"firstjacocotime":5.006,"interestScenes":[{"branchids":"155-247","changebranchids":"155-248","interests":[{"name":"pref_feature_numerical_habits","value":"1"}]}],"tagname":"1_014","firstexecutionsuccess":true,"firsttestcasepath":"\\testcase\\firstcases\\testcase1_014.py","firstconsumedtime":25.376999,"firstlocpath":"\\exeresult\\firstresult\\1_014.txt","firstcoveragepath":"\\coverage\\firstcoverage\\coverage1_014.ec","firsterrorlog":null},{"firstjacocotime":5.009,"interestScenes":[{"branchids":"155-247","changebranchids":"155-248","interests":[{"name":"pref_feature_numerical_habits","value":"1"}]}],"tagname":"1_011","firstexecutionsuccess":false,"firsttestcasepath":"\\testcase\\firstcases\\testcase1_011.py","firstconsumedtime":44.072998,"firstlocpath":"\\exeresult\\firstresult\\1_011.txt","firstcoveragepath":"\\coverage\\firstcoverage\\coverage1_011.ec","firsterrorlog":"FAILstr(e):\t\tMessage: An element could not be located on the page using the given search parameters.repr(e):\tNoSuchElementException()Traceback (most recent call last):  File \"\\testcase\\firstcases\\testcase1_011.py\", line 89, in <module>    element = getElememt(driver, \"new UiSelector().resourceId(\\\"org.isoron.uhabits:id\/numerator\\\").className(\\\"android.widget.EditText\\\")\")  File \"\\testcase\\firstcases\\testcase1_011.py\", line 34, in getElememt    element = driver.find_element_by_android_uiautomator(str)  File \"C:\\Python27\\lib\\site-packages\\appium\\webdriver\\webdriver.py\", line 327, in find_element_by_android_uiautomator    return self.find_element(by=By.ANDROID_UIAUTOMATOR, value=uia_string)  File \"C:\\Python27\\lib\\site-packages\\appium\\webdriver\\webdriver.py\", line 219, in find_element    'value': value})['value']  File \"C:\\Python27\\lib\\site-packages\\selenium\\webdriver\\remote\\webdriver.py\", line 321, in execute    self.error_handler.check_response(response)  File \"C:\\Python27\\lib\\site-packages\\appium\\webdriver\\errorhandler.py\", line 29, in check_response    raise wdeNoSuchElementException: Message: An element could not be located on the page using the given search parameters."},{"firstjacocotime":5.006,"tagname":"1_012","firstexecutionsuccess":true,"firsttestcasepath":"\\testcase\\firstcases\\testcase1_012.py","firstconsumedtime":9.109,"firstlocpath":"\\exeresult\\firstresult\\1_012.txt","firstcoveragepath":"\\coverage\\firstcoverage\\coverage1_012.ec","firsterrorlog":null},{"firstjacocotime":5.006,"interestScenes":[{"branchids":"4898-7512","changebranchids":"4898-7511","interests":[{"name":"pref_pure_black","value":"1"}]}],"tagname":"1_010","firstexecutionsuccess":false,"firsttestcasepath":"\\testcase\\firstcases\\testcase1_010.py","firstconsumedtime":16.546999,"firstlocpath":"\\exeresult\\firstresult\\1_010.txt","firstcoveragepath":"\\coverage\\firstcoverage\\coverage1_010.ec","firsterrorlog":"FAILstr(e):\t\tMessage: An element could not be located on the page using the given search parameters.repr(e):\tNoSuchElementException()Traceback (most recent call last):  File \"\\testcase\\firstcases\\testcase1_010.py\", line 76, in <module>    element = getElememt(driver, \"new UiSelector().resourceId(\\\"org.isoron.uhabits:id\/checkbox\\\").className(\\\"android.widget.CheckBox\\\")\")  File \"\\testcase\\firstcases\\testcase1_010.py\", line 34, in getElememt    element = driver.find_element_by_android_uiautomator(str)  File \"C:\\Python27\\lib\\site-packages\\appium\\webdriver\\webdriver.py\", line 327, in find_element_by_android_uiautomator    return self.find_element(by=By.ANDROID_UIAUTOMATOR, value=uia_string)  File \"C:\\Python27\\lib\\site-packages\\appium\\webdriver\\webdriver.py\", line 219, in find_element    'value': value})['value']  File \"C:\\Python27\\lib\\site-packages\\selenium\\webdriver\\remote\\webdriver.py\", line 321, in execute    self.error_handler.check_response(response)  File \"C:\\Python27\\lib\\site-packages\\appium\\webdriver\\errorhandler.py\", line 29, in check_response    raise wdeNoSuchElementException: Message: An element could not be located on the page using the given search parameters."},{"firstjacocotime":5.008,"tagname":"1_028","firstexecutionsuccess":true,"firsttestcasepath":"\\testcase\\firstcases\\testcase1_028.py","firstconsumedtime":20.743,"firstlocpath":"\\exeresult\\firstresult\\1_028.txt","firstcoveragepath":"\\coverage\\firstcoverage\\coverage1_028.ec","firsterrorlog":null},{"firstjacocotime":5.005,"tagname":"1_029","firstexecutionsuccess":false,"firsttestcasepath":"\\testcase\\firstcases\\testcase1_029.py","firstconsumedtime":31.325,"firstlocpath":"\\exeresult\\firstresult\\1_029.txt","firstcoveragepath":"\\coverage\\firstcoverage\\coverage1_029.ec","firsterrorlog":"FAILstr(e):\t\tMessage: An element could not be located on the page using the given search parameters.repr(e):\tNoSuchElementException()Traceback (most recent call last):  File \"\\testcase\\firstcases\\testcase1_029.py\", line 78, in <module>    element = getElememt(driver, \"new UiSelector().resourceId(\\\"org.isoron.uhabits:id\/action_filter\\\").className(\\\"android.widget.TextView\\\")\")  File \"\\testcase\\firstcases\\testcase1_029.py\", line 34, in getElememt    element = driver.find_element_by_android_uiautomator(str)  File \"C:\\Python27\\lib\\site-packages\\appium\\webdriver\\webdriver.py\", line 327, in find_element_by_android_uiautomator    return self.find_element(by=By.ANDROID_UIAUTOMATOR, value=uia_string)  File \"C:\\Python27\\lib\\site-packages\\appium\\webdriver\\webdriver.py\", line 219, in find_element    'value': value})['value']  File \"C:\\Python27\\lib\\site-packages\\selenium\\webdriver\\remote\\webdriver.py\", line 321, in execute    self.error_handler.check_response(response)  File \"C:\\Python27\\lib\\site-packages\\appium\\webdriver\\errorhandler.py\", line 29, in check_response    raise wdeNoSuchElementException: Message: An element could not be located on the page using the given search parameters."},{"firstjacocotime":5.013,"tagname":"1_026","firstexecutionsuccess":true,"firsttestcasepath":"\\testcase\\firstcases\\testcase1_026.py","firstconsumedtime":7.327,"firstlocpath":"\\exeresult\\firstresult\\1_026.txt","firstcoveragepath":"\\coverage\\firstcoverage\\coverage1_026.ec","firsterrorlog":null},{"firstjacocotime":5.007,"interestScenes":[{"branchids":"4898-7512","changebranchids":"4898-7511","interests":[{"name":"pref_pure_black","value":"1"}]}],"tagname":"1_027","firstexecutionsuccess":true,"firsttestcasepath":"\\testcase\\firstcases\\testcase1_027.py","firstconsumedtime":17.996,"firstlocpath":"\\exeresult\\firstresult\\1_027.txt","firstcoveragepath":"\\coverage\\firstcoverage\\coverage1_027.ec","firsterrorlog":null},{"firstjacocotime":5.0099998,"tagname":"1_024","firstexecutionsuccess":true,"firsttestcasepath":"\\testcase\\firstcases\\testcase1_024.py","firstconsumedtime":6.658,"firstlocpath":"\\exeresult\\firstresult\\1_024.txt","firstcoveragepath":"\\coverage\\firstcoverage\\coverage1_024.ec","firsterrorlog":null},{"firstjacocotime":5.008,"tagname":"1_025","firstexecutionsuccess":true,"firsttestcasepath":"\\testcase\\firstcases\\testcase1_025.py","firstconsumedtime":10.807,"firstlocpath":"\\exeresult\\firstresult\\1_025.txt","firstcoveragepath":"\\coverage\\firstcoverage\\coverage1_025.ec","firsterrorlog":null},{"firstjacocotime":5.0049996,"interestScenes":[{"branchids":"4898-7512","changebranchids":"4898-7511","interests":[{"name":"pref_pure_black","value":"1"}]},{"preinterests":[{"name":"pref_pure_black","value":"0"}],"branchids":"155-247","changebranchids":"155-248","interests":[{"name":"pref_feature_numerical_habits","value":"1"}]}],"tagname":"1_022","firstexecutionsuccess":true,"firsttestcasepath":"\\testcase\\firstcases\\testcase1_022.py","firstconsumedtime":58.251,"firstlocpath":"\\exeresult\\firstresult\\1_022.txt","firstcoveragepath":"\\coverage\\firstcoverage\\coverage1_022.ec","firsterrorlog":null},{"firstjacocotime":5.005,"interestScenes":[{"branchids":"4898-7512","changebranchids":"4898-7511","interests":[{"name":"pref_pure_black","value":"1"}]}],"tagname":"1_023","firstexecutionsuccess":true,"firsttestcasepath":"\\testcase\\firstcases\\testcase1_023.py","firstconsumedtime":16.302,"firstlocpath":"\\exeresult\\firstresult\\1_023.txt","firstcoveragepath":"\\coverage\\firstcoverage\\coverage1_023.ec","firsterrorlog":null},{"firstjacocotime":5.007,"interestScenes":[{"branchids":"4898-7512","changebranchids":"4898-7511","interests":[{"name":"pref_pure_black","value":"1"}]}],"tagname":"1_020","firstexecutionsuccess":false,"firsttestcasepath":"\\testcase\\firstcases\\testcase1_020.py","firstconsumedtime":35.364998,"firstlocpath":"\\exeresult\\firstresult\\1_020.txt","firstcoveragepath":"\\coverage\\firstcoverage\\coverage1_020.ec","firsterrorlog":"FAILstr(e):\t\tMessage: An element could not be located on the page using the given search parameters.repr(e):\tNoSuchElementException()Traceback (most recent call last):  File \"\\testcase\\firstcases\\testcase1_020.py\", line 78, in <module>    element = getElememt(driver, \"new UiSelector().className(\\\"android.widget.ImageView\\\").description(\\\"More options\\\")\")  File \"\\testcase\\firstcases\\testcase1_020.py\", line 34, in getElememt    element = driver.find_element_by_android_uiautomator(str)  File \"C:\\Python27\\lib\\site-packages\\appium\\webdriver\\webdriver.py\", line 327, in find_element_by_android_uiautomator    return self.find_element(by=By.ANDROID_UIAUTOMATOR, value=uia_string)  File \"C:\\Python27\\lib\\site-packages\\appium\\webdriver\\webdriver.py\", line 219, in find_element    'value': value})['value']  File \"C:\\Python27\\lib\\site-packages\\selenium\\webdriver\\remote\\webdriver.py\", line 321, in execute    self.error_handler.check_response(response)  File \"C:\\Python27\\lib\\site-packages\\appium\\webdriver\\errorhandler.py\", line 29, in check_response    raise wdeNoSuchElementException: Message: An element could not be located on the page using the given search parameters."},{"firstjacocotime":5.006,"interestScenes":[{"branchids":"155-247","changebranchids":"155-248","interests":[{"name":"pref_feature_numerical_habits","value":"1"}]}],"tagname":"1_021","firstexecutionsuccess":true,"firsttestcasepath":"\\testcase\\firstcases\\testcase1_021.py","firstconsumedtime":33.251,"firstlocpath":"\\exeresult\\firstresult\\1_021.txt","firstcoveragepath":"\\coverage\\firstcoverage\\coverage1_021.ec","firsterrorlog":null},{"firstjacocotime":5.007,"tagname":"6_020","firstexecutionsuccess":false,"firsttestcasepath":"\\testcase\\firstcases\\testcase6_020.py","firstconsumedtime":21.318,"firstlocpath":"\\exeresult\\firstresult\\6_020.txt","firstcoveragepath":"\\coverage\\firstcoverage\\coverage6_020.ec","firsterrorlog":"FAILstr(e):\t\tMessage: An element could not be located on the page using the given search parameters.repr(e):\tNoSuchElementException()Traceback (most recent call last):  File \"\\testcase\\firstcases\\testcase6_020.py\", line 81, in <module>    element = getElememt(driver, \"new UiSelector().resourceId(\\\"org.isoron.uhabits:id\/checkbox\\\").className(\\\"android.widget.CheckBox\\\")\")  File \"\\testcase\\firstcases\\testcase6_020.py\", line 34, in getElememt    element = driver.find_element_by_android_uiautomator(str)  File \"C:\\Python27\\lib\\site-packages\\appium\\webdriver\\webdriver.py\", line 327, in find_element_by_android_uiautomator    return self.find_element(by=By.ANDROID_UIAUTOMATOR, value=uia_string)  File \"C:\\Python27\\lib\\site-packages\\appium\\webdriver\\webdriver.py\", line 219, in find_element    'value': value})['value']  File \"C:\\Python27\\lib\\site-packages\\selenium\\webdriver\\remote\\webdriver.py\", line 321, in execute    self.error_handler.check_response(response)  File \"C:\\Python27\\lib\\site-packages\\appium\\webdriver\\errorhandler.py\", line 29, in check_response    raise wdeNoSuchElementException: Message: An element could not be located on the page using the given search parameters."},{"firstjacocotime":5.007,"tagname":"6_021","firstexecutionsuccess":true,"firsttestcasepath":"\\testcase\\firstcases\\testcase6_021.py","firstconsumedtime":10.500999,"firstlocpath":"\\exeresult\\firstresult\\6_021.txt","firstcoveragepath":"\\coverage\\firstcoverage\\coverage6_021.ec","firsterrorlog":null},{"firstjacocotime":5.008,"interestScenes":[{"branchids":"155-247","changebranchids":"155-248","interests":[{"name":"pref_feature_numerical_habits","value":"1"}]}],"tagname":"6_022","firstexecutionsuccess":false,"firsttestcasepath":"\\testcase\\firstcases\\testcase6_022.py","firstconsumedtime":20.293,"firstlocpath":"\\exeresult\\firstresult\\6_022.txt","firstcoveragepath":"\\coverage\\firstcoverage\\coverage6_022.ec","firsterrorlog":"FAILstr(e):\t\tMessage: An element could not be located on the page using the given search parameters.repr(e):\tNoSuchElementException()Traceback (most recent call last):  File \"\\testcase\\firstcases\\testcase6_022.py\", line 86, in <module>    element = getElememt(driver, \"new UiSelector().resourceId(\\\"org.isoron.uhabits:id\/numerator\\\").className(\\\"android.widget.EditText\\\")\")  File \"\\testcase\\firstcases\\testcase6_022.py\", line 34, in getElememt    element = driver.find_element_by_android_uiautomator(str)  File \"C:\\Python27\\lib\\site-packages\\appium\\webdriver\\webdriver.py\", line 327, in find_element_by_android_uiautomator    return self.find_element(by=By.ANDROID_UIAUTOMATOR, value=uia_string)  File \"C:\\Python27\\lib\\site-packages\\appium\\webdriver\\webdriver.py\", line 219, in find_element    'value': value})['value']  File \"C:\\Python27\\lib\\site-packages\\selenium\\webdriver\\remote\\webdriver.py\", line 321, in execute    self.error_handler.check_response(response)  File \"C:\\Python27\\lib\\site-packages\\appium\\webdriver\\errorhandler.py\", line 29, in check_response    raise wdeNoSuchElementException: Message: An element could not be located on the page using the given search parameters."},{"firstjacocotime":5.005,"interestScenes":[{"branchids":"4898-7512","changebranchids":"4898-7511","interests":[{"name":"pref_pure_black","value":"1"}]}],"tagname":"6_027","firstexecutionsuccess":false,"firsttestcasepath":"\\testcase\\firstcases\\testcase6_027.py","firstconsumedtime":16.687,"firstlocpath":"\\exeresult\\firstresult\\6_027.txt","firstcoveragepath":"\\coverage\\firstcoverage\\coverage6_027.ec","firsterrorlog":"FAILstr(e):\t\tMessage: An element could not be located on the page using the given search parameters.repr(e):\tNoSuchElementException()Traceback (most recent call last):  File \"\\testcase\\firstcases\\testcase6_027.py\", line 76, in <module>    element = getElememt(driver, \"new UiSelector().resourceId(\\\"org.isoron.uhabits:id\/checkbox\\\").className(\\\"android.widget.CheckBox\\\")\")  File \"\\testcase\\firstcases\\testcase6_027.py\", line 34, in getElememt    element = driver.find_element_by_android_uiautomator(str)  File \"C:\\Python27\\lib\\site-packages\\appium\\webdriver\\webdriver.py\", line 327, in find_element_by_android_uiautomator    return self.find_element(by=By.ANDROID_UIAUTOMATOR, value=uia_string)  File \"C:\\Python27\\lib\\site-packages\\appium\\webdriver\\webdriver.py\", line 219, in find_element    'value': value})['value']  File \"C:\\Python27\\lib\\site-packages\\selenium\\webdriver\\remote\\webdriver.py\", line 321, in execute    self.error_handler.check_response(response)  File \"C:\\Python27\\lib\\site-packages\\appium\\webdriver\\errorhandler.py\", line 29, in check_response    raise wdeNoSuchElementException: Message: An element could not be located on the page using the given search parameters."},{"firstjacocotime":5.009,"interestScenes":[{"branchids":"4898-7512","changebranchids":"4898-7511","interests":[{"name":"pref_pure_black","value":"1"}]}],"tagname":"6_028","firstexecutionsuccess":true,"firsttestcasepath":"\\testcase\\firstcases\\testcase6_028.py","firstconsumedtime":18.586,"firstlocpath":"\\exeresult\\firstresult\\6_028.txt","firstcoveragepath":"\\coverage\\firstcoverage\\coverage6_028.ec","firsterrorlog":null},{"firstjacocotime":5.0049996,"tagname":"6_029","firstexecutionsuccess":true,"firsttestcasepath":"\\testcase\\firstcases\\testcase6_029.py","firstconsumedtime":21.575,"firstlocpath":"\\exeresult\\firstresult\\6_029.txt","firstcoveragepath":"\\coverage\\firstcoverage\\coverage6_029.ec","firsterrorlog":null},{"firstjacocotime":5.006,"interestScenes":[{"branchids":"155-247","changebranchids":"155-248","interests":[{"name":"pref_feature_numerical_habits","value":"1"}]}],"tagname":"6_023","firstexecutionsuccess":true,"firsttestcasepath":"\\testcase\\firstcases\\testcase6_023.py","firstconsumedtime":52.431,"firstlocpath":"\\exeresult\\firstresult\\6_023.txt","firstcoveragepath":"\\coverage\\firstcoverage\\coverage6_023.ec","firsterrorlog":null},{"firstjacocotime":5.007,"interestScenes":[{"branchids":"4898-7512","changebranchids":"4898-7511","interests":[{"name":"pref_pure_black","value":"1"}]},{"preinterests":[{"name":"pref_pure_black","value":"0"}],"branchids":"155-247","changebranchids":"155-248","interests":[{"name":"pref_feature_numerical_habits","value":"1"}]}],"tagname":"6_024","firstexecutionsuccess":true,"firsttestcasepath":"\\testcase\\firstcases\\testcase6_024.py","firstconsumedtime":27.112,"firstlocpath":"\\exeresult\\firstresult\\6_024.txt","firstcoveragepath":"\\coverage\\firstcoverage\\coverage6_024.ec","firsterrorlog":null},{"firstjacocotime":5.006,"interestScenes":[{"branchids":"4898-7512","changebranchids":"4898-7511","interests":[{"name":"pref_pure_black","value":"1"}]}],"tagname":"6_025","firstexecutionsuccess":true,"firsttestcasepath":"\\testcase\\firstcases\\testcase6_025.py","firstconsumedtime":16.633,"firstlocpath":"\\exeresult\\firstresult\\6_025.txt","firstcoveragepath":"\\coverage\\firstcoverage\\coverage6_025.ec","firsterrorlog":null},{"firstjacocotime":5.0109997,"tagname":"6_026","firstexecutionsuccess":true,"firsttestcasepath":"\\testcase\\firstcases\\testcase6_026.py","firstconsumedtime":7.05,"firstlocpath":"\\exeresult\\firstresult\\6_026.txt","firstcoveragepath":"\\coverage\\firstcoverage\\coverage6_026.ec","firsterrorlog":null},{"firstjacocotime":5.005,"interestScenes":[{"branchids":"155-247","changebranchids":"155-248","interests":[{"name":"pref_feature_numerical_habits","value":"1"}]}],"tagname":"6_010","firstexecutionsuccess":true,"firsttestcasepath":"\\testcase\\firstcases\\testcase6_010.py","firstconsumedtime":22.454,"firstlocpath":"\\exeresult\\firstresult\\6_010.txt","firstcoveragepath":"\\coverage\\firstcoverage\\coverage6_010.ec","firsterrorlog":null},{"firstjacocotime":5.0059996,"tagname":"6_011","firstexecutionsuccess":true,"firsttestcasepath":"\\testcase\\firstcases\\testcase6_011.py","firstconsumedtime":9.663,"firstlocpath":"\\exeresult\\firstresult\\6_011.txt","firstcoveragepath":"\\coverage\\firstcoverage\\coverage6_011.ec","firsterrorlog":null},{"firstjacocotime":5.006,"interestScenes":[{"branchids":"155-247","changebranchids":"155-248","interests":[{"name":"pref_feature_numerical_habits","value":"1"}]}],"tagname":"6_016","firstexecutionsuccess":true,"firsttestcasepath":"\\testcase\\firstcases\\testcase6_016.py","firstconsumedtime":34.728,"firstlocpath":"\\exeresult\\firstresult\\6_016.txt","firstcoveragepath":"\\coverage\\firstcoverage\\coverage6_016.ec","firsterrorlog":null},{"firstjacocotime":5.0049996,"interestScenes":[{"branchids":"4898-7512","changebranchids":"4898-7511","interests":[{"name":"pref_pure_black","value":"1"}]}],"tagname":"6_017","firstexecutionsuccess":true,"firsttestcasepath":"\\testcase\\firstcases\\testcase6_017.py","firstconsumedtime":22.718,"firstlocpath":"\\exeresult\\firstresult\\6_017.txt","firstcoveragepath":"\\coverage\\firstcoverage\\coverage6_017.ec","firsterrorlog":null},{"firstjacocotime":5.005,"interestScenes":[{"branchids":"155-247","changebranchids":"155-248","interests":[{"name":"pref_feature_numerical_habits","value":"1"}]}],"tagname":"6_018","firstexecutionsuccess":false,"firsttestcasepath":"\\testcase\\firstcases\\testcase6_018.py","firstconsumedtime":48.971,"firstlocpath":"\\exeresult\\firstresult\\6_018.txt","firstcoveragepath":"\\coverage\\firstcoverage\\coverage6_018.ec","firsterrorlog":"FAILstr(e):\t\tMessage: An element could not be located on the page using the given search parameters.repr(e):\tNoSuchElementException()Traceback (most recent call last):  File \"\\testcase\\firstcases\\testcase6_018.py\", line 87, in <module>    element = getElememtBack(driver, \"new UiSelector().text(\\\"8:00 AM\\\")\", \"new UiSelector().className(\\\"android.widget.TextView\\\").instance(4)\")  File \"\\testcase\\firstcases\\testcase6_018.py\", line 53, in getElememtBack    element = driver.find_element_by_android_uiautomator(str2)  File \"C:\\Python27\\lib\\site-packages\\appium\\webdriver\\webdriver.py\", line 327, in find_element_by_android_uiautomator    return self.find_element(by=By.ANDROID_UIAUTOMATOR, value=uia_string)  File \"C:\\Python27\\lib\\site-packages\\appium\\webdriver\\webdriver.py\", line 219, in find_element    'value': value})['value']  File \"C:\\Python27\\lib\\site-packages\\selenium\\webdriver\\remote\\webdriver.py\", line 321, in execute    self.error_handler.check_response(response)  File \"C:\\Python27\\lib\\site-packages\\appium\\webdriver\\errorhandler.py\", line 29, in check_response    raise wdeNoSuchElementException: Message: An element could not be located on the page using the given search parameters."},{"firstjacocotime":5.006,"tagname":"6_019","firstexecutionsuccess":false,"firsttestcasepath":"\\testcase\\firstcases\\testcase6_019.py","firstconsumedtime":21.868,"firstlocpath":"\\exeresult\\firstresult\\6_019.txt","firstcoveragepath":"\\coverage\\firstcoverage\\coverage6_019.ec","firsterrorlog":"FAILstr(e):\t\tMessage: An element could not be located on the page using the given search parameters.repr(e):\tNoSuchElementException()Traceback (most recent call last):  File \"\\testcase\\firstcases\\testcase6_019.py\", line 83, in <module>    element = getElememt(driver, \"new UiSelector().resourceId(\\\"org.isoron.uhabits:id\/checkbox\\\").className(\\\"android.widget.CheckBox\\\")\")  File \"\\testcase\\firstcases\\testcase6_019.py\", line 34, in getElememt    element = driver.find_element_by_android_uiautomator(str)  File \"C:\\Python27\\lib\\site-packages\\appium\\webdriver\\webdriver.py\", line 327, in find_element_by_android_uiautomator    return self.find_element(by=By.ANDROID_UIAUTOMATOR, value=uia_string)  File \"C:\\Python27\\lib\\site-packages\\appium\\webdriver\\webdriver.py\", line 219, in find_element    'value': value})['value']  File \"C:\\Python27\\lib\\site-packages\\selenium\\webdriver\\remote\\webdriver.py\", line 321, in execute    self.error_handler.check_response(response)  File \"C:\\Python27\\lib\\site-packages\\appium\\webdriver\\errorhandler.py\", line 29, in check_response    raise wdeNoSuchElementException: Message: An element could not be located on the page using the given search parameters."},{"firstjacocotime":5.0059996,"tagname":"6_012","firstexecutionsuccess":true,"firsttestcasepath":"\\testcase\\firstcases\\testcase6_012.py","firstconsumedtime":7.015,"firstlocpath":"\\exeresult\\firstresult\\6_012.txt","firstcoveragepath":"\\coverage\\firstcoverage\\coverage6_012.ec","firsterrorlog":null},{"firstjacocotime":5.005,"tagname":"6_013","firstexecutionsuccess":true,"firsttestcasepath":"\\testcase\\firstcases\\testcase6_013.py","firstconsumedtime":17.151001,"firstlocpath":"\\exeresult\\firstresult\\6_013.txt","firstcoveragepath":"\\coverage\\firstcoverage\\coverage6_013.ec","firsterrorlog":null},{"firstjacocotime":5.0039997,"interestScenes":[{"branchids":"4898-7512","changebranchids":"4898-7511","interests":[{"name":"pref_pure_black","value":"1"}]}],"tagname":"6_014","firstexecutionsuccess":false,"firsttestcasepath":"\\testcase\\firstcases\\testcase6_014.py","firstconsumedtime":31.066,"firstlocpath":"\\exeresult\\firstresult\\6_014.txt","firstcoveragepath":"\\coverage\\firstcoverage\\coverage6_014.ec","firsterrorlog":"FAILstr(e):\t\tMessage: An element could not be located on the page using the given search parameters.repr(e):\tNoSuchElementException()Traceback (most recent call last):  File \"\\testcase\\firstcases\\testcase6_014.py\", line 80, in <module>    element = getElememtBack(driver, \"new UiSelector().text(\\\"OK\\\")\", \"new UiSelector().className(\\\"android.widget.Button\\\")\")  File \"\\testcase\\firstcases\\testcase6_014.py\", line 53, in getElememtBack    element = driver.find_element_by_android_uiautomator(str2)  File \"C:\\Python27\\lib\\site-packages\\appium\\webdriver\\webdriver.py\", line 327, in find_element_by_android_uiautomator    return self.find_element(by=By.ANDROID_UIAUTOMATOR, value=uia_string)  File \"C:\\Python27\\lib\\site-packages\\appium\\webdriver\\webdriver.py\", line 219, in find_element    'value': value})['value']  File \"C:\\Python27\\lib\\site-packages\\selenium\\webdriver\\remote\\webdriver.py\", line 321, in execute    self.error_handler.check_response(response)  File \"C:\\Python27\\lib\\site-packages\\appium\\webdriver\\errorhandler.py\", line 29, in check_response    raise wdeNoSuchElementException: Message: An element could not be located on the page using the given search parameters."},{"firstjacocotime":5.008,"tagname":"6_015","firstexecutionsuccess":true,"firsttestcasepath":"\\testcase\\firstcases\\testcase6_015.py","firstconsumedtime":7.013,"firstlocpath":"\\exeresult\\firstresult\\6_015.txt","firstcoveragepath":"\\coverage\\firstcoverage\\coverage6_015.ec","firsterrorlog":null},{"firstjacocotime":5.007,"interestScenes":[{"branchids":"4898-7512","changebranchids":"4898-7511","interests":[{"name":"pref_pure_black","value":"1"}]}],"tagname":"1_008","firstexecutionsuccess":true,"firsttestcasepath":"\\testcase\\firstcases\\testcase1_008.py","firstconsumedtime":19.426,"firstlocpath":"\\exeresult\\firstresult\\1_008.txt","firstcoveragepath":"\\coverage\\firstcoverage\\coverage1_008.ec","firsterrorlog":null},{"firstjacocotime":5.0039997,"interestScenes":[{"branchids":"4898-7512","changebranchids":"4898-7511","interests":[{"name":"pref_pure_black","value":"1"}]}],"tagname":"1_009","firstexecutionsuccess":false,"firsttestcasepath":"\\testcase\\firstcases\\testcase1_009.py","firstconsumedtime":16.044,"firstlocpath":"\\exeresult\\firstresult\\1_009.txt","firstcoveragepath":"\\coverage\\firstcoverage\\coverage1_009.ec","firsterrorlog":"FAILstr(e):\t\tMessage: An element could not be located on the page using the given search parameters.repr(e):\tNoSuchElementException()Traceback (most recent call last):  File \"\\testcase\\firstcases\\testcase1_009.py\", line 76, in <module>    element = getElememt(driver, \"new UiSelector().resourceId(\\\"org.isoron.uhabits:id\/submenuarrow\\\").className(\\\"android.widget.ImageView\\\")\")  File \"\\testcase\\firstcases\\testcase1_009.py\", line 34, in getElememt    element = driver.find_element_by_android_uiautomator(str)  File \"C:\\Python27\\lib\\site-packages\\appium\\webdriver\\webdriver.py\", line 327, in find_element_by_android_uiautomator    return self.find_element(by=By.ANDROID_UIAUTOMATOR, value=uia_string)  File \"C:\\Python27\\lib\\site-packages\\appium\\webdriver\\webdriver.py\", line 219, in find_element    'value': value})['value']  File \"C:\\Python27\\lib\\site-packages\\selenium\\webdriver\\remote\\webdriver.py\", line 321, in execute    self.error_handler.check_response(response)  File \"C:\\Python27\\lib\\site-packages\\appium\\webdriver\\errorhandler.py\", line 29, in check_response    raise wdeNoSuchElementException: Message: An element could not be located on the page using the given search parameters."},{"firstjacocotime":5.008,"tagname":"1_006","firstexecutionsuccess":true,"firsttestcasepath":"\\testcase\\firstcases\\testcase1_006.py","firstconsumedtime":7.2390003,"firstlocpath":"\\exeresult\\firstresult\\1_006.txt","firstcoveragepath":"\\coverage\\firstcoverage\\coverage1_006.ec","firsterrorlog":null},{"firstjacocotime":5.006,"tagname":"1_007","firstexecutionsuccess":true,"firsttestcasepath":"\\testcase\\firstcases\\testcase1_007.py","firstconsumedtime":11.347,"firstlocpath":"\\exeresult\\firstresult\\1_007.txt","firstcoveragepath":"\\coverage\\firstcoverage\\coverage1_007.ec","firsterrorlog":null},{"firstjacocotime":5.0049996,"interestScenes":[{"branchids":"155-247","changebranchids":"155-248","interests":[{"name":"pref_feature_numerical_habits","value":"1"}]}],"tagname":"1_004","firstexecutionsuccess":false,"firsttestcasepath":"\\testcase\\firstcases\\testcase1_004.py","firstconsumedtime":30.425,"firstlocpath":"\\exeresult\\firstresult\\1_004.txt","firstcoveragepath":"\\coverage\\firstcoverage\\coverage1_004.ec","firsterrorlog":"FAILstr(e):\t\tMessage: An element could not be located on the page using the given search parameters.repr(e):\tNoSuchElementException()Traceback (most recent call last):  File \"\\testcase\\firstcases\\testcase1_004.py\", line 87, in <module>    element = getElememt(driver, \"new UiSelector().resourceId(\\\"org.isoron.uhabits:id\/tvDescription\\\").className(\\\"android.widget.EditText\\\")\")  File \"\\testcase\\firstcases\\testcase1_004.py\", line 34, in getElememt    element = driver.find_element_by_android_uiautomator(str)  File \"C:\\Python27\\lib\\site-packages\\appium\\webdriver\\webdriver.py\", line 327, in find_element_by_android_uiautomator    return self.find_element(by=By.ANDROID_UIAUTOMATOR, value=uia_string)  File \"C:\\Python27\\lib\\site-packages\\appium\\webdriver\\webdriver.py\", line 219, in find_element    'value': value})['value']  File \"C:\\Python27\\lib\\site-packages\\selenium\\webdriver\\remote\\webdriver.py\", line 321, in execute    self.error_handler.check_response(response)  File \"C:\\Python27\\lib\\site-packages\\appium\\webdriver\\errorhandler.py\", line 29, in check_response    raise wdeNoSuchElementException: Message: An element could not be located on the page using the given search parameters."},{"firstjacocotime":5.008,"tagname":"1_005","firstexecutionsuccess":true,"firsttestcasepath":"\\testcase\\firstcases\\testcase1_005.py","firstconsumedtime":6.826,"firstlocpath":"\\exeresult\\firstresult\\1_005.txt","firstcoveragepath":"\\coverage\\firstcoverage\\coverage1_005.ec","firsterrorlog":null},{"firstjacocotime":5.0039997,"interestScenes":[{"branchids":"155-247","changebranchids":"155-248","interests":[{"name":"pref_feature_numerical_habits","value":"1"}]}],"tagname":"1_002","firstexecutionsuccess":true,"firsttestcasepath":"\\testcase\\firstcases\\testcase1_002.py","firstconsumedtime":29.114,"firstlocpath":"\\exeresult\\firstresult\\1_002.txt","firstcoveragepath":"\\coverage\\firstcoverage\\coverage1_002.ec","firsterrorlog":null},{"firstjacocotime":5.0099998,"tagname":"1_003","firstexecutionsuccess":true,"firsttestcasepath":"\\testcase\\firstcases\\testcase1_003.py","firstconsumedtime":9.932,"firstlocpath":"\\exeresult\\firstresult\\1_003.txt","firstcoveragepath":"\\coverage\\firstcoverage\\coverage1_003.ec","firsterrorlog":null},{"firstjacocotime":5.0039997,"tagname":"1_000","firstexecutionsuccess":false,"firsttestcasepath":"\\testcase\\firstcases\\testcase1_000.py","firstconsumedtime":34.015,"firstlocpath":"\\exeresult\\firstresult\\1_000.txt","firstcoveragepath":"\\coverage\\firstcoverage\\coverage1_000.ec","firsterrorlog":"FAILstr(e):\t\tMessage: An element could not be located on the page using the given search parameters.repr(e):\tNoSuchElementException()Traceback (most recent call last):  File \"\\testcase\\firstcases\\testcase1_000.py\", line 82, in <module>    element = getElememt(driver, \"new UiSelector().resourceId(\\\"org.isoron.uhabits:id\/action_filter\\\").className(\\\"android.widget.TextView\\\")\")  File \"\\testcase\\firstcases\\testcase1_000.py\", line 34, in getElememt    element = driver.find_element_by_android_uiautomator(str)  File \"C:\\Python27\\lib\\site-packages\\appium\\webdriver\\webdriver.py\", line 327, in find_element_by_android_uiautomator    return self.find_element(by=By.ANDROID_UIAUTOMATOR, value=uia_string)  File \"C:\\Python27\\lib\\site-packages\\appium\\webdriver\\webdriver.py\", line 219, in find_element    'value': value})['value']  File \"C:\\Python27\\lib\\site-packages\\selenium\\webdriver\\remote\\webdriver.py\", line 321, in execute    self.error_handler.check_response(response)  File \"C:\\Python27\\lib\\site-packages\\appium\\webdriver\\errorhandler.py\", line 29, in check_response    raise wdeNoSuchElementException: Message: An element could not be located on the page using the given search parameters."},{"firstjacocotime":5.0049996,"interestScenes":[{"branchids":"155-247","changebranchids":"155-248","interests":[{"name":"pref_feature_numerical_habits","value":"1"}]}],"tagname":"1_001","firstexecutionsuccess":true,"firsttestcasepath":"\\testcase\\firstcases\\testcase1_001.py","firstconsumedtime":35.232,"firstlocpath":"\\exeresult\\firstresult\\1_001.txt","firstcoveragepath":"\\coverage\\firstcoverage\\coverage1_001.ec","firsterrorlog":null}],"interestmap":[{"generaltype":"preference","isadapted":false,"preferencesteps":["Use pure black in night mode"],"innertype":"checkbox","catalog":"Interface","name":"pref_pure_black","index":2,"activityname":"org.isoron.uhabits.activities.settings.SettingsActivity","type":"boolean"},{"generaltype":"preference","isadapted":false,"preferencesteps":["Enable numerical habits"],"innertype":"checkbox","catalog":"Development","name":"pref_feature_numerical_habits","index":17,"activityname":"org.isoron.uhabits.activities.settings.SettingsActivity","type":"boolean"}]}