NO.0 Scene:
discovered in ineration NO. 0
origin branch is: 3202-6562 ,target branch is: 3202-6563
interests are:
goBack_checkbox      1    31     General
discovered tags are : 7_008 7_009 2_027 2_029 2_024 2_022 7_002 7_003 7_000 7_001 7_006 7_007 7_005 2_017 2_018 2_013 2_014 2_015 2_011 5_000 5_001 5_008 5_006 5_007 5_004 5_005 5_002 5_003 2_005 2_007 2_008 2_001 2_003 5_012 5_010 7_021 7_024 7_025 5_017 7_022 7_023 7_028 5_016 7_029 7_026 7_027 7_019 5_022 5_020 5_021 7_010 7_014 5_028 7_011 5_029 7_012 5_026 7_017 5_024 5_025 7_016 6_000 6_006 6_007 6_008 6_002 6_003 6_004 3_029 6_009 1_017 3_020 1_015 1_013 1_011 3_025 3_022 1_010 4_003 4_007 4_008 4_009 4_000 4_002 3_017 3_018 3_016 1_024 3_013 1_022 3_011 1_021 4_014 4_015 6_020 6_021 6_022 6_027 6_029 4_010 6_023 4_011 4_012 6_025 4_013 6_026 3_006 3_009 3_002 3_003 3_001 4_025 4_027 6_010 4_029 6_017 4_020 6_019 4_022 6_013 4_023 6_014 6_015 1_008 1_009 1_006 1_007 1_005 1_002 1_003 1_000 1_001 
--------------------------------
NO.1 Scene:
discovered in ineration NO. 0
origin branch is: 2947-6125 ,target branch is: 2947-6126
interests are:
showPermissions      1    41     Advanced
discovered tags are : 7_008 7_009 2_023 2_021 2_022 7_002 7_003 7_000 7_001 7_007 7_004 7_005 2_016 2_017 2_012 2_014 2_015 2_010 2_011 5_000 5_001 5_002 5_003 2_009 2_005 2_006 2_007 2_008 2_001 2_002 2_003 2_004 7_020 7_024 7_025 7_023 7_028 7_026 7_027 7_019 5_022 5_023 5_021 7_010 7_013 7_014 5_028 7_011 5_029 7_012 5_026 7_017 5_027 7_018 5_024 7_015 5_025 7_016 6_000 6_006 6_001 6_002 3_028 3_029 3_026 3_027 3_020 3_021 3_024 3_022 3_023 4_003 4_004 4_005 4_006 4_007 4_008 4_009 4_002 3_018 3_019 4_015 6_020 4_016 6_021 4_017 6_022 4_018 4_019 6_027 6_028 4_010 6_023 4_011 6_024 4_012 6_025 4_013 3_002 3_003 3_001 4_029 6_017 6_018 4_020 6_019 4_023 6_014 1_002 1_003 1_000 1_001 
--------------------------------
NO.2 Scene:
discovered in ineration NO. 0
origin branch is: 4195-8303 ,target branch is: 4195-8304
interests are:
typeablepaths      1    39     Miscellaneous
discovered tags are : 4_007 6_015 
--------------------------------
NO.3 Scene:
discovered in ineration NO. 0
origin branch is: 2965-6168 ,target branch is: 2965-6169
interests are:
showThumbs      0    27     General
discovered tags are : 3_005 3_008 3_013 5_005 
--------------------------------
NO.4 Scene:
discovered in ineration NO. 0
origin branch is: 4337-8520 ,target branch is: 4337-8519
interests are:
savepaths      0    26     General
discovered tags are : 7_008 2_027 2_026 2_020 7_002 7_003 7_000 7_001 7_006 7_007 7_004 7_005 2_016 2_017 2_018 2_019 2_012 2_013 2_014 2_015 2_010 2_011 5_000 5_001 5_008 5_009 5_007 5_004 5_005 5_002 5_003 2_009 2_006 2_007 2_008 2_001 2_002 2_003 2_004 2_000 5_012 5_010 7_020 5_019 7_024 7_025 5_017 7_022 5_018 7_023 5_015 7_028 7_029 5_013 7_026 5_014 7_027 7_019 5_022 5_020 5_021 7_010 7_013 7_014 5_028 7_011 5_029 7_012 5_026 7_017 5_027 7_018 5_024 7_015 5_025 7_016 6_000 6_005 6_006 6_007 6_001 6_002 6_003 6_004 3_028 3_029 3_026 3_027 1_019 6_009 1_017 1_015 1_016 1_013 1_014 1_011 3_025 1_012 3_022 4_003 4_004 4_006 4_007 4_008 4_009 4_000 4_001 4_002 3_018 3_016 1_028 1_029 3_010 1_024 1_025 1_022 1_023 1_020 3_012 1_021 4_014 4_015 6_020 6_021 4_017 6_022 4_018 4_019 6_027 6_028 6_029 4_010 6_023 4_011 6_024 4_012 6_025 4_013 6_026 3_006 3_005 3_008 3_003 4_025 4_027 6_010 4_028 6_011 4_029 6_016 6_017 6_018 6_019 4_021 6_012 4_022 6_013 4_023 6_014 6_015 1_008 1_009 1_006 1_007 1_004 1_005 1_002 1_003 1_000 1_001 
--------------------------------
NO.5 Scene:
discovered in ineration NO. 0
origin branch is: 2911-6053 ,target branch is: 2911-6054
interests are:
enableMarqueeFilename      0    33     General
discovered tags are : 2_027 2_028 2_029 2_023 2_024 2_025 2_026 2_020 2_021 2_022 2_016 2_017 2_018 2_019 2_012 2_013 2_014 2_015 2_010 2_011 5_000 5_001 5_008 5_009 5_006 5_007 5_004 5_005 5_002 5_003 2_009 2_005 2_006 2_007 2_008 2_001 2_002 2_003 2_004 2_000 5_011 5_012 5_010 5_019 5_017 5_018 5_015 5_016 5_013 5_014 5_022 5_023 5_020 5_021 5_028 5_029 5_026 5_027 5_024 5_025 3_028 3_029 3_026 3_027 3_020 3_021 3_024 3_025 3_022 3_023 4_003 4_004 4_005 4_006 4_007 4_008 4_009 4_000 4_001 4_002 3_017 3_018 3_015 3_016 3_019 3_010 3_013 3_014 3_011 3_012 4_014 4_015 4_016 4_017 4_018 4_019 4_010 4_011 4_012 4_013 3_006 3_007 3_004 3_005 3_008 3_009 3_002 3_003 3_000 3_001 4_025 4_026 4_027 4_028 4_029 4_020 4_021 4_022 4_023 4_024 7_008 7_009 7_002 7_003 7_000 7_001 7_006 7_007 7_004 7_005 7_020 7_021 7_024 7_025 7_022 7_023 7_028 7_029 7_026 7_027 7_019 7_010 7_013 7_014 7_011 7_012 7_017 7_018 7_015 7_016 6_000 6_005 6_006 6_007 6_008 6_001 6_002 6_003 6_004 1_019 6_009 1_017 1_018 1_015 1_016 1_013 1_014 1_011 1_012 1_010 1_028 1_029 1_027 1_024 1_025 1_022 1_023 1_020 1_021 6_020 6_021 6_022 6_027 6_028 6_029 6_023 6_024 6_025 6_026 6_010 6_011 6_016 6_017 6_018 6_019 6_012 6_013 6_014 6_015 1_008 1_009 1_006 1_007 1_004 1_005 1_002 1_003 1_000 1_001 
--------------------------------
NO.6 Scene:
discovered in ineration NO. 0
origin branch is: 3997-8025 ,target branch is: 3997-8026
interests are:
texteditor_newstack      1    40     Miscellaneous
discovered tags are : 1_029 2_020 5_005 
--------------------------------
NO.7 Scene:
discovered in ineration NO. 0
origin branch is: 7866-15701 ,target branch is: 7866-15702
interests are:
texteditor_newstack      1    40     Miscellaneous
discovered tags are : 4_025 
--------------------------------
NO.8 Scene:
discovered in ineration NO. 0
origin branch is: 6321-12787 ,target branch is: 6321-12788
interests are:
showThumbs      0    27     General
discovered tags are : 7_008 7_009 2_026 2_020 2_021 7_002 7_003 7_000 7_006 7_004 2_016 2_012 2_014 2_015 2_010 2_011 5_000 5_007 5_005 5_002 5_003 2_007 2_008 2_002 2_003 2_004 5_012 5_010 7_024 7_025 5_017 5_018 7_023 7_028 7_029 7_026 7_019 5_022 5_021 7_010 5_028 7_011 5_029 7_012 5_026 7_017 5_027 7_018 5_024 7_015 5_025 6_000 6_005 6_006 6_002 6_003 6_004 3_028 3_029 3_026 1_015 1_016 1_013 1_014 1_011 3_025 1_010 4_003 4_005 4_007 4_008 4_000 4_001 4_002 3_017 3_018 3_015 3_019 1_029 3_010 1_027 1_025 3_014 3_011 1_020 3_012 4_015 6_020 6_022 4_018 6_027 6_028 4_010 6_023 4_011 6_024 6_025 4_013 3_004 3_003 3_001 4_025 4_027 6_010 4_028 4_029 6_016 6_018 6_019 4_021 4_022 6_013 4_023 6_014 6_015 1_008 1_009 1_002 1_000 
--------------------------------
NO.9 Scene:
discovered in ineration NO. 0
origin branch is: 2948-6127 ,target branch is: 2948-6128
interests are:
showLastModified      0    29     General
discovered tags are : 7_008 7_009 2_023 2_021 2_022 7_002 7_003 7_000 7_001 7_007 7_004 7_005 2_016 2_017 2_012 2_014 2_015 2_010 2_011 5_000 5_001 5_002 5_003 2_009 2_005 2_006 2_007 2_008 2_001 2_002 2_003 2_004 7_020 7_024 7_025 7_023 7_028 7_026 7_027 7_019 5_022 5_023 5_021 7_010 7_013 7_014 5_028 7_011 5_029 7_012 5_026 7_017 5_027 7_018 5_024 7_015 5_025 7_016 6_000 6_006 6_001 6_002 3_028 3_029 3_026 3_027 3_020 3_021 3_024 3_022 3_023 4_003 4_004 4_005 4_006 4_007 4_008 4_009 4_002 3_018 3_019 4_015 6_020 4_016 6_021 4_017 6_022 4_018 4_019 6_027 6_028 4_010 6_023 4_011 6_024 4_012 6_025 4_013 3_002 3_003 3_001 4_029 6_017 6_018 4_020 6_019 4_023 6_014 1_002 1_003 1_000 1_001 
--------------------------------
NO.10 Scene:
discovered in ineration NO. 0
origin branch is: 6387-12886 ,target branch is: 6387-12887
interests are:
rootmode      1    42     Advanced
discovered tags are : 2_027 2_028 2_029 2_023 2_024 2_025 2_026 2_020 2_021 2_022 2_016 2_017 2_018 2_019 2_012 2_013 2_014 2_015 2_010 2_011 5_000 5_001 5_008 5_009 5_006 5_007 5_004 5_005 5_002 5_003 2_009 2_005 2_006 2_007 2_008 2_001 2_002 2_003 2_004 2_000 5_011 5_012 5_010 5_019 5_017 5_018 5_015 5_016 5_013 5_014 5_022 5_023 5_020 5_021 5_028 5_029 5_026 5_027 5_024 5_025 3_028 3_029 3_026 3_027 3_020 3_021 3_024 3_025 3_022 3_023 4_003 4_004 4_005 4_006 4_007 4_008 4_009 4_000 4_001 4_002 3_017 3_018 3_015 3_016 3_019 3_010 3_013 3_014 3_011 3_012 4_014 4_015 4_016 4_017 4_018 4_019 4_010 4_011 4_012 4_013 3_006 3_007 3_004 3_005 3_008 3_009 3_002 3_003 3_000 3_001 4_025 4_026 4_027 4_028 4_029 4_020 4_021 4_022 4_023 4_024 7_008 7_009 7_002 7_003 7_000 7_001 7_006 7_007 7_004 7_005 7_020 7_021 7_024 7_025 7_022 7_023 7_028 7_029 7_026 7_027 7_019 7_010 7_013 7_014 7_011 7_012 7_017 7_018 7_015 7_016 6_000 6_005 6_006 6_007 6_008 6_001 6_002 6_003 6_004 1_019 6_009 1_017 1_018 1_015 1_016 1_013 1_014 1_011 1_012 1_010 1_028 1_029 1_026 1_027 1_024 1_025 1_022 1_023 1_020 1_021 6_020 6_021 6_022 6_027 6_028 6_029 6_023 6_024 6_025 6_026 6_010 6_011 6_016 6_017 6_018 6_019 6_012 6_013 6_014 6_015 1_008 1_009 1_006 1_007 1_004 1_005 1_002 1_003 1_000 1_001 
--------------------------------
NO.11 Scene:
discovered in ineration NO. 0
origin branch is: 2285-4979 ,target branch is: 2285-4978
interests are:
showDividers      0    19     Interface
discovered tags are : 7_008 7_009 6_006 2_020 6_002 6_004 3_029 3_026 3_020 7_002 7_003 7_001 1_014 7_006 1_011 3_025 7_007 7_004 2_012 2_013 2_014 2_010 2_011 4_002 5_002 5_003 4_014 6_020 6_022 2_007 2_008 6_027 6_028 2_003 6_029 4_010 6_023 4_011 6_025 4_013 6_026 7_020 7_024 7_025 5_017 7_022 7_026 7_027 7_019 6_010 4_028 6_017 6_018 4_021 6_013 4_023 6_014 5_022 5_021 7_010 1_009 5_028 7_011 1_002 5_029 5_026 1_000 7_015 7_016 
--------------------------------
NO.12 Scene:
discovered in ineration NO. 0
origin branch is: 5748-11467 ,target branch is: 5748-11466
interests are:
sidebar_folders_enable      0    22     Sidebar
discovered tags are : 2_027 2_029 2_023 2_024 2_025 2_026 2_020 2_021 2_022 2_016 2_017 2_018 2_019 2_012 2_013 2_014 2_015 2_010 2_011 5_000 5_001 5_008 5_009 5_006 5_007 5_004 5_005 5_002 5_003 2_009 2_005 2_006 2_007 2_008 2_001 2_002 2_003 2_004 2_000 5_011 5_012 5_010 5_019 5_017 5_018 5_015 5_016 5_013 5_014 5_022 5_023 5_020 5_021 5_028 5_029 5_026 5_027 5_024 5_025 3_028 3_029 3_026 3_027 3_020 3_021 3_025 3_022 3_023 4_003 4_004 4_005 4_006 4_007 4_008 4_009 4_000 4_001 4_002 3_017 3_018 3_015 3_016 3_019 3_010 3_013 3_014 3_011 3_012 4_014 4_015 4_017 4_018 4_019 4_010 4_011 4_012 4_013 3_006 3_007 3_004 3_005 3_008 3_002 3_003 3_000 3_001 4_025 4_026 4_027 4_028 4_029 4_021 4_022 4_023 4_024 7_008 7_009 7_002 7_003 7_000 7_001 7_006 7_007 7_004 7_005 7_020 7_021 7_024 7_025 7_022 7_023 7_028 7_029 7_026 7_027 7_019 7_010 7_013 7_014 7_011 7_012 7_017 7_018 7_015 7_016 6_000 6_005 6_006 6_007 6_001 6_002 6_003 6_004 1_019 6_009 1_017 1_018 1_015 1_016 1_013 1_014 1_011 1_012 1_010 1_028 1_029 1_026 1_027 1_024 1_025 1_022 1_023 1_020 1_021 6_020 6_021 6_022 6_027 6_028 6_029 6_023 6_024 6_025 6_026 6_010 6_011 6_016 6_017 6_018 6_019 6_012 6_013 6_014 6_015 1_008 1_009 1_006 1_007 1_004 1_005 1_002 1_003 1_000 1_001 
--------------------------------
NO.13 Scene:
discovered in ineration NO. 0
origin branch is: 396-926 ,target branch is: 396-923
interests are:
theme      1    16     Interface
discovered tags are : 2_027 2_028 2_029 2_023 2_024 2_025 2_026 2_020 2_021 2_022 2_016 2_017 2_018 2_019 2_012 2_013 2_014 2_015 2_010 2_011 5_000 5_001 5_008 5_009 5_006 5_007 5_004 5_005 5_002 5_003 2_009 2_005 2_006 2_007 2_008 2_001 2_002 2_003 2_004 2_000 5_011 5_012 5_010 5_019 5_017 5_018 5_015 5_016 5_013 5_014 5_022 5_023 5_020 5_021 5_028 5_029 5_026 5_027 5_024 5_025 3_028 3_029 3_026 3_027 3_020 3_021 3_024 3_025 3_022 3_023 4_003 4_004 4_005 4_006 4_007 4_008 4_009 4_000 4_001 4_002 3_017 3_018 3_015 3_016 3_019 3_010 3_013 3_014 3_011 3_012 4_014 4_015 4_016 4_017 4_018 4_019 4_010 4_011 4_012 4_013 3_006 3_007 3_004 3_005 3_008 3_009 3_002 3_003 3_000 3_001 4_025 4_026 4_027 4_028 4_029 4_020 4_021 4_022 4_023 4_024 7_008 7_009 7_002 7_003 7_000 7_001 7_006 7_007 7_004 7_005 7_020 7_021 7_024 7_025 7_022 7_023 7_028 7_029 7_026 7_027 7_019 7_010 7_013 7_014 7_011 7_012 7_017 7_018 7_015 7_016 6_000 6_005 6_006 6_007 6_008 6_001 6_002 6_003 6_004 1_019 6_009 1_017 1_018 1_015 1_016 1_013 1_014 1_011 1_012 1_010 1_028 1_029 1_026 1_027 1_024 1_025 1_022 1_023 1_020 1_021 6_020 6_021 6_022 6_027 6_028 6_029 6_023 6_024 6_025 6_026 6_010 6_011 6_016 6_017 6_018 6_019 6_012 6_013 6_014 6_015 1_008 1_009 1_006 1_007 1_004 1_005 1_002 1_003 1_000 1_001 
--------------------------------
NO.14 Scene:
discovered in ineration NO. 0
origin branch is: 2943-6117 ,target branch is: 2943-6118
interests are:
showThumbs      0    27     General
discovered tags are : 4_015 4_005 4_016 4_017 4_018 4_029 4_019 6_006 4_020 4_010 5_000 5_022 5_001 5_023 5_021 7_003 
--------------------------------
NO.15 Scene:
discovered in ineration NO. 0
origin branch is: 396-926 ,target branch is: 396-924
interests are:
theme      2    16     Interface
discovered tags are : 2_027 2_028 2_029 2_023 2_024 2_025 2_026 2_020 2_021 2_022 2_016 2_017 2_018 2_019 2_012 2_013 2_014 2_015 2_010 2_011 5_000 5_001 5_008 5_009 5_006 5_007 5_004 5_005 5_002 5_003 2_009 2_005 2_006 2_007 2_008 2_001 2_002 2_003 2_004 2_000 5_011 5_012 5_010 5_019 5_017 5_018 5_015 5_016 5_013 5_014 5_022 5_023 5_020 5_021 5_028 5_029 5_026 5_027 5_024 5_025 3_028 3_029 3_026 3_027 3_020 3_021 3_024 3_025 3_022 3_023 4_003 4_004 4_005 4_006 4_007 4_008 4_009 4_000 4_001 4_002 3_017 3_018 3_015 3_016 3_019 3_010 3_013 3_014 3_011 3_012 4_014 4_015 4_016 4_017 4_018 4_019 4_010 4_011 4_012 4_013 3_006 3_007 3_004 3_005 3_008 3_009 3_002 3_003 3_000 3_001 4_025 4_026 4_027 4_028 4_029 4_020 4_021 4_022 4_023 4_024 7_008 7_009 7_002 7_003 7_000 7_001 7_006 7_007 7_004 7_005 7_020 7_021 7_024 7_025 7_022 7_023 7_028 7_029 7_026 7_027 7_019 7_010 7_013 7_014 7_011 7_012 7_017 7_018 7_015 7_016 6_000 6_005 6_006 6_007 6_008 6_001 6_002 6_003 6_004 1_019 6_009 1_017 1_018 1_015 1_016 1_013 1_014 1_011 1_012 1_010 1_028 1_029 1_026 1_027 1_024 1_025 1_022 1_023 1_020 1_021 6_020 6_021 6_022 6_027 6_028 6_029 6_023 6_024 6_025 6_026 6_010 6_011 6_016 6_017 6_018 6_019 6_012 6_013 6_014 6_015 1_008 1_009 1_006 1_007 1_004 1_005 1_002 1_003 1_000 1_001 
--------------------------------
NO.16 Scene:
discovered in ineration NO. 0
origin branch is: 4710-9295 ,target branch is: 4710-9296
interests are:
rootmode      1    42     Advanced
discovered tags are : 7_008 2_027 2_026 2_020 2_021 7_002 7_003 7_000 7_006 7_004 2_016 2_018 2_012 2_014 2_010 2_011 5_000 5_004 5_005 5_002 5_003 2_007 2_002 2_003 5_012 5_010 7_020 7_024 7_025 5_017 7_022 5_018 7_023 7_028 7_029 7_026 7_027 5_022 5_021 7_010 5_028 7_011 5_029 5_026 7_017 5_027 7_018 5_024 7_015 5_025 7_016 6_000 6_005 6_006 6_002 6_003 6_004 3_028 3_029 3_026 3_020 1_015 1_016 1_013 1_014 1_011 3_025 3_023 4_003 4_005 4_007 4_008 4_009 4_000 4_001 4_002 3_017 3_018 3_016 3_019 3_010 1_025 3_014 3_011 3_012 4_014 4_015 6_027 6_028 6_029 4_010 6_023 4_011 6_024 4_012 6_025 3_003 3_001 4_025 4_027 6_010 4_028 4_029 6_016 6_018 4_021 6_012 4_022 6_013 4_023 6_014 6_015 1_008 1_009 1_006 1_002 1_000 
--------------------------------
NO.17 Scene:
discovered in ineration NO. 0
origin branch is: 2752-5784 ,target branch is: 2752-5783
interests are:
showThumbs      0    27     General
discovered tags are : 7_008 7_009 2_023 2_021 2_022 7_002 7_003 7_000 7_001 7_006 7_007 7_004 7_005 2_016 2_017 2_012 2_013 2_014 2_015 2_010 2_011 5_000 5_001 5_002 2_009 2_005 2_006 2_007 2_008 2_001 2_002 2_003 2_004 7_020 7_021 7_024 7_025 7_022 7_023 7_028 7_029 7_026 7_027 7_019 5_022 5_023 5_021 7_010 7_013 7_014 5_028 7_011 5_029 7_012 5_026 7_017 5_027 7_018 5_024 7_015 5_025 7_016 6_000 6_001 6_002 3_028 3_029 3_026 3_027 3_020 3_021 3_024 3_025 3_022 3_023 4_003 4_004 4_005 4_006 4_007 4_008 4_009 4_002 3_018 3_019 4_014 4_015 6_020 4_016 6_021 4_017 6_022 4_018 4_019 6_027 6_028 6_029 4_010 6_023 4_011 6_024 4_012 6_025 4_013 6_026 3_002 3_003 3_001 4_029 6_017 6_018 4_020 6_019 4_023 1_002 1_003 1_000 1_001 
--------------------------------
NO.18 Scene:
discovered in ineration NO. 0
origin branch is: 6381-12876 ,target branch is: 6381-12877
interests are:
rootmode      1    42     Advanced
discovered tags are : 7_021 1_006 2_012 5_009 1_024 5_007 1_003 1_022 3_022 
--------------------------------
NO.19 Scene:
discovered in ineration NO. 0
origin branch is: 3103-6404 ,target branch is: 3103-6403
interests are:
enableMarqueeFilename      0    33     General
discovered tags are : 2_027 2_028 2_029 2_023 2_024 2_025 2_026 2_020 2_021 2_022 2_016 2_017 2_018 2_019 2_012 2_013 2_014 2_015 2_010 2_011 5_000 5_001 5_008 5_009 5_006 5_007 5_004 5_005 5_002 5_003 2_009 2_005 2_006 2_007 2_008 2_001 2_002 2_003 2_004 2_000 5_011 5_012 5_010 5_019 5_017 5_018 5_015 5_016 5_013 5_014 5_022 5_023 5_020 5_021 5_028 5_029 5_026 5_027 5_024 5_025 3_028 3_029 3_026 3_027 3_020 3_021 3_024 3_025 3_022 3_023 4_003 4_004 4_005 4_006 4_007 4_008 4_009 4_000 4_001 4_002 3_017 3_018 3_015 3_016 3_019 3_010 3_013 3_014 3_012 4_014 4_015 4_016 4_017 4_018 4_019 4_010 4_011 4_012 4_013 3_006 3_007 3_004 3_005 3_008 3_009 3_002 3_003 3_000 3_001 4_025 4_026 4_027 4_028 4_029 4_020 4_021 4_022 4_023 4_024 7_008 7_009 7_002 7_003 7_000 7_001 7_006 7_007 7_004 7_005 7_020 7_021 7_024 7_025 7_022 7_023 7_028 7_029 7_026 7_027 7_019 7_010 7_013 7_014 7_011 7_012 7_017 7_018 7_015 7_016 6_000 6_005 6_006 6_007 6_008 6_001 6_002 6_003 6_004 1_019 6_009 1_017 1_018 1_015 1_016 1_013 1_014 1_011 1_012 1_010 1_028 1_029 1_026 1_027 1_024 1_025 1_022 1_023 1_020 1_021 6_020 6_021 6_022 6_027 6_028 6_029 6_023 6_024 6_025 6_026 6_010 6_011 6_016 6_017 6_018 6_019 6_012 6_013 6_014 6_015 1_008 1_009 1_006 1_007 1_004 1_005 1_002 1_003 1_000 1_001 
--------------------------------
NO.20 Scene:
discovered in ineration NO. 0
origin branch is: 7694-15364 ,target branch is: 7694-15363
interests are:
showHidden      1    28     General
discovered tags are : 6_010 2_017 3_021 2_014 1_002 7_026 1_020 1_021 
--------------------------------
NO.21 Scene:
discovered in ineration NO. 0
origin branch is: 2978-6195 ,target branch is: 2978-6194
interests are:
showLastModified      0    29     General
discovered tags are : 2_027 2_028 2_029 2_023 2_024 2_025 2_026 2_020 2_018 5_008 5_009 5_006 5_007 5_004 5_005 5_002 5_003 2_001 2_000 5_011 5_010 7_020 5_019 7_025 7_022 5_018 7_023 5_015 5_013 7_026 5_014 7_027 7_019 5_020 5_021 7_011 7_017 6_005 6_006 6_007 6_008 6_002 6_003 6_004 3_029 1_019 6_009 1_017 1_018 1_015 1_016 1_013 1_012 1_010 4_000 4_001 4_002 3_017 3_018 3_016 1_028 1_029 3_010 1_027 1_024 1_025 3_013 1_022 3_011 1_020 3_007 3_004 3_005 3_008 3_009 3_003 3_000 3_001 4_025 4_026 4_027 6_010 4_028 4_029 6_016 6_017 4_020 4_021 6_012 4_022 6_013 4_023 6_014 6_015 1_008 1_009 1_006 1_007 1_004 1_005 1_003 
--------------------------------
NO.22 Scene:
discovered in ineration NO. 0
origin branch is: 2931-6093 ,target branch is: 2931-6094
interests are:
circularimages      0    18     Interface
discovered tags are : 4_014 4_015 4_005 4_016 4_017 4_018 4_029 4_019 6_006 4_020 4_010 4_023 5_000 5_022 5_001 5_023 5_021 7_003 5_002 
--------------------------------
NO.23 Scene:
discovered in ineration NO. 0
origin branch is: 2950-6132 ,target branch is: 2950-6131
interests are:
showFileSize      0    30     General
discovered tags are : 7_008 7_009 2_023 2_021 2_022 7_002 7_003 7_000 7_001 7_007 7_004 7_005 2_016 2_017 2_012 2_014 2_015 2_010 2_011 5_000 5_001 5_002 5_003 2_009 2_005 2_006 2_007 2_008 2_001 2_002 2_003 2_004 7_020 7_024 7_025 7_023 7_028 7_026 7_027 7_019 5_022 5_023 5_021 7_010 7_013 7_014 5_028 7_011 5_029 7_012 5_026 7_017 5_027 7_018 5_024 7_015 5_025 7_016 6_000 6_006 6_001 6_002 3_028 3_029 3_026 3_027 3_020 3_021 3_024 3_022 3_023 4_003 4_004 4_005 4_006 4_007 4_008 4_009 4_002 3_018 3_019 4_015 6_020 4_016 6_021 4_017 6_022 4_018 4_019 6_027 6_028 4_010 6_023 4_011 6_024 4_012 6_025 4_013 3_002 3_003 3_001 4_029 6_017 6_018 4_020 6_019 4_023 6_014 1_002 1_003 1_000 1_001 
--------------------------------
NO.24 Scene:
discovered in ineration NO. 0
origin branch is: 396-926 ,target branch is: 396-925
interests are:
theme      3    16     Interface
discovered tags are : 2_027 2_028 2_029 2_023 2_024 2_025 2_026 2_020 2_021 2_022 2_016 2_017 2_018 2_019 2_012 2_013 2_014 2_015 2_010 2_011 5_000 5_001 5_008 5_009 5_006 5_007 5_004 5_005 5_002 5_003 2_009 2_005 2_006 2_007 2_008 2_001 2_002 2_003 2_004 2_000 5_011 5_012 5_010 5_019 5_017 5_018 5_015 5_016 5_013 5_014 5_022 5_023 5_020 5_021 5_028 5_029 5_026 5_027 5_024 5_025 3_028 3_029 3_026 3_027 3_020 3_021 3_024 3_025 3_022 3_023 4_003 4_004 4_005 4_006 4_007 4_008 4_009 4_000 4_001 4_002 3_017 3_018 3_015 3_016 3_019 3_010 3_013 3_014 3_011 3_012 4_014 4_015 4_016 4_017 4_018 4_019 4_010 4_011 4_012 4_013 3_006 3_007 3_004 3_005 3_008 3_009 3_002 3_003 3_000 3_001 4_025 4_026 4_027 4_028 4_029 4_020 4_021 4_022 4_023 4_024 7_008 7_009 7_002 7_003 7_000 7_001 7_006 7_007 7_004 7_005 7_020 7_021 7_024 7_025 7_022 7_023 7_028 7_029 7_026 7_027 7_019 7_010 7_013 7_014 7_011 7_012 7_017 7_018 7_015 7_016 6_000 6_005 6_006 6_007 6_008 6_001 6_002 6_003 6_004 1_019 6_009 1_017 1_018 1_015 1_016 1_013 1_014 1_011 1_012 1_010 1_028 1_029 1_026 1_027 1_024 1_025 1_022 1_023 1_020 1_021 6_020 6_021 6_022 6_027 6_028 6_029 6_023 6_024 6_025 6_026 6_010 6_011 6_016 6_017 6_018 6_019 6_012 6_013 6_014 6_015 1_008 1_009 1_006 1_007 1_004 1_005 1_002 1_003 1_000 1_001 
--------------------------------
NO.25 Scene:
discovered in ineration NO. 0
origin branch is: 3950-7933 ,target branch is: 3950-7934
interests are:
texteditor_newstack      1    40     Miscellaneous
discovered tags are : 4_025 
--------------------------------
NO.26 Scene:
discovered in ineration NO. 0
origin branch is: 2939-6109 ,target branch is: 2939-6110
interests are:
showThumbs      0    27     General
discovered tags are : 4_017 
--------------------------------
NO.27 Scene:
discovered in ineration NO. 0
origin branch is: 6445-12997 ,target branch is: 6445-12998
interests are:
rootmode      1    42     Advanced
discovered tags are : 7_021 
--------------------------------
NO.28 Scene:
discovered in ineration NO. 0
origin branch is: 1931-4442 ,target branch is: 1931-4443
interests are:
intelliHideToolbar      0    21     Interface
discovered tags are : 2_027 2_028 2_029 2_023 2_024 2_025 2_026 2_020 2_021 2_022 2_016 2_017 2_018 2_019 2_012 2_013 2_014 2_015 2_010 2_011 5_000 5_001 5_008 5_009 5_006 5_007 5_004 5_005 5_002 5_003 2_009 2_005 2_006 2_007 2_008 2_001 2_002 2_003 2_004 2_000 5_011 5_012 5_010 5_019 5_017 5_018 5_015 5_016 5_013 5_014 5_022 5_023 5_020 5_021 5_028 5_029 5_026 5_027 5_024 5_025 3_028 3_029 3_026 3_027 3_020 3_021 3_024 3_025 3_022 3_023 4_003 4_004 4_005 4_006 4_007 4_008 4_009 4_000 4_001 4_002 3_017 3_018 3_015 3_016 3_019 3_010 3_013 3_014 3_011 3_012 4_014 4_015 4_016 4_017 4_018 4_019 4_010 4_011 4_012 4_013 3_006 3_007 3_004 3_005 3_008 3_009 3_002 3_003 3_000 3_001 4_025 4_026 4_027 4_028 4_029 4_020 4_021 4_022 4_023 4_024 7_008 7_009 7_002 7_003 7_000 7_001 7_006 7_007 7_004 7_005 7_020 7_021 7_024 7_025 7_022 7_023 7_028 7_029 7_026 7_027 7_019 7_010 7_013 7_014 7_011 7_012 7_017 7_018 7_015 7_016 6_000 6_005 6_006 6_007 6_008 6_001 6_002 6_003 6_004 1_019 6_009 1_017 1_018 1_015 1_016 1_013 1_014 1_011 1_012 1_010 1_028 1_029 1_026 1_027 1_024 1_025 1_022 1_023 1_020 1_021 6_020 6_021 6_022 6_027 6_028 6_029 6_023 6_024 6_025 6_026 6_010 6_011 6_016 6_017 6_018 6_019 6_012 6_013 6_014 6_015 1_008 1_009 1_006 1_007 1_004 1_005 1_002 1_003 1_000 1_001 
--------------------------------
NO.29 Scene:
discovered in ineration NO. 0
origin branch is: 2961-6152 ,target branch is: 2961-6153
interests are:
circularimages      0    18     Interface
discovered tags are : 2_027 2_028 2_029 2_023 2_024 2_025 2_026 2_020 2_017 2_018 5_008 5_009 5_006 5_007 5_004 5_005 5_002 5_003 2_001 2_000 5_011 5_010 7_020 5_019 7_025 7_022 5_018 7_023 5_015 5_016 5_013 7_026 5_014 7_027 7_019 5_020 5_021 7_011 7_017 7_015 6_005 6_006 6_007 6_008 6_002 6_003 6_004 3_029 1_019 6_009 1_017 1_018 1_015 1_016 1_013 1_012 1_010 4_000 4_001 4_002 3_017 3_018 3_015 3_016 1_028 1_029 3_010 1_027 1_024 1_025 3_013 1_022 3_011 1_020 1_021 3_007 3_004 3_005 3_008 3_009 3_003 3_000 3_001 4_025 4_026 4_027 6_010 4_028 4_029 6_016 6_017 4_020 4_021 6_012 4_022 6_013 4_023 6_014 6_015 1_008 1_009 1_006 1_007 1_004 1_005 1_003 
--------------------------------
NO.30 Scene:
discovered in ineration NO. 0
origin branch is: 2980-6198 ,target branch is: 2980-6199
interests are:
showPermissions      1    41     Advanced
discovered tags are : 2_027 2_028 2_029 2_023 2_024 2_025 2_026 2_020 2_018 5_008 5_009 5_006 5_007 5_004 5_005 5_002 5_003 2_001 2_000 5_011 5_010 7_020 5_019 7_025 7_022 5_018 7_023 5_015 5_013 7_026 5_014 7_027 7_019 5_020 5_021 7_011 7_017 6_005 6_006 6_007 6_008 6_002 6_003 6_004 3_029 1_019 6_009 1_017 1_018 1_015 1_016 1_013 1_012 1_010 4_000 4_001 4_002 3_017 3_018 3_016 1_028 1_029 3_010 1_027 1_024 1_025 3_013 1_022 3_011 1_020 3_007 3_004 3_005 3_008 3_009 3_003 3_000 3_001 4_025 4_027 6_010 4_028 4_029 6_016 6_017 4_020 4_021 6_012 4_022 6_013 4_023 6_014 6_015 1_008 1_009 1_006 1_007 1_004 1_005 1_003 
--------------------------------
NO.31 Scene:
discovered in ineration NO. 0
origin branch is: 2677-5641 ,target branch is: 2677-5642
interests are:
circularimages      0    18     Interface
discovered tags are : 4_025 4_027 4_029 4_021 4_022 4_023 4_024 3_005 3_008 5_008 5_006 5_007 3_013 5_005 5_002 5_013 5_003 
--------------------------------
NO.32 Scene:
discovered in ineration NO. 0
origin branch is: 6901-13926 ,target branch is: 6901-13927
interests are:
showHidden      1    28     General
discovered tags are : 6_000 6_007 6_008 2_020 6_002 6_004 3_029 3_027 3_020 7_002 1_015 7_003 1_016 7_000 1_013 7_001 1_012 3_022 4_003 4_005 2_016 4_007 2_017 4_008 2_018 4_009 2_012 2_013 4_000 4_001 2_011 4_002 5_000 3_017 5_001 3_018 3_019 5_009 3_010 5_006 1_024 5_007 1_025 5_004 5_005 5_002 3_011 1_020 5_003 4_015 4_017 4_019 2_007 2_001 6_027 6_028 2_003 4_010 6_023 4_011 3_004 7_024 7_025 7_022 3_003 7_026 3_001 7_027 7_019 4_029 6_017 6_018 4_020 6_019 4_021 4_023 6_014 6_015 5_022 5_020 5_021 1_008 7_010 7_014 7_011 1_002 1_003 5_026 7_017 1_000 7_018 5_024 5_025 
--------------------------------
NO.33 Scene:
discovered in ineration NO. 0
origin branch is: 3141-6471 ,target branch is: 3141-6472
interests are:
goBack_checkbox      1    31     General
discovered tags are : 4_007 4_002 
--------------------------------
NO.34 Scene:
discovered in ineration NO. 0
origin branch is: 2954-6138 ,target branch is: 2954-6139
interests are:
showThumbs      0    27     General
discovered tags are : 4_025 4_027 4_029 4_022 4_024 3_005 3_008 5_006 5_007 3_013 5_005 5_002 5_013 5_003 
--------------------------------
NO.35 Scene:
discovered in ineration NO. 0
origin branch is: 5751-11473 ,target branch is: 5751-11472
interests are:
sidebar_quickaccess_enable      0    24     Sidebar
discovered tags are : 2_027 2_029 2_023 2_024 2_025 2_026 2_020 2_021 2_022 2_016 2_017 2_018 2_019 2_012 2_013 2_014 2_015 2_010 2_011 5_000 5_001 5_008 5_009 5_006 5_007 5_004 5_005 5_002 5_003 2_009 2_005 2_006 2_007 2_008 2_001 2_002 2_003 2_004 2_000 5_011 5_012 5_010 5_019 5_017 5_018 5_015 5_016 5_013 5_014 5_022 5_023 5_020 5_021 5_028 5_029 5_026 5_027 5_024 5_025 3_028 3_029 3_026 3_027 3_020 3_021 3_025 3_022 3_023 4_003 4_004 4_005 4_006 4_007 4_008 4_009 4_000 4_001 4_002 3_017 3_018 3_015 3_016 3_019 3_010 3_013 3_014 3_011 3_012 4_014 4_015 4_017 4_018 4_019 4_010 4_011 4_012 4_013 3_006 3_007 3_004 3_005 3_008 3_002 3_003 3_000 3_001 4_025 4_026 4_027 4_028 4_029 4_021 4_022 4_023 4_024 7_008 7_009 7_002 7_003 7_000 7_001 7_006 7_007 7_004 7_005 7_020 7_021 7_024 7_025 7_022 7_023 7_028 7_029 7_026 7_027 7_019 7_010 7_013 7_014 7_011 7_012 7_017 7_018 7_015 7_016 6_000 6_005 6_006 6_007 6_001 6_002 6_003 6_004 1_019 6_009 1_017 1_018 1_015 1_016 1_013 1_014 1_011 1_012 1_010 1_028 1_029 1_026 1_024 1_025 1_022 1_023 1_020 1_021 6_020 6_021 6_022 6_027 6_028 6_029 6_023 6_024 6_025 6_026 6_010 6_011 6_016 6_017 6_018 6_019 6_012 6_013 6_014 6_015 1_008 1_009 1_006 1_007 1_004 1_005 1_002 1_003 1_000 1_001 
--------------------------------
NO.36 Scene:
discovered in ineration NO. 0
origin branch is: 3750-7498 ,target branch is: 3750-7499
interests are:
rootmode      1    42     Advanced
discovered tags are : 7_008 7_009 2_020 2_021 7_002 7_003 7_000 7_001 7_006 7_007 7_004 7_005 2_016 2_018 2_012 2_014 2_015 2_010 2_011 5_000 5_007 5_005 5_002 5_003 2_005 2_007 2_008 2_002 2_003 2_004 7_020 7_024 7_025 5_018 7_023 7_029 7_026 7_019 5_022 5_021 7_010 5_028 7_011 5_029 5_026 7_017 5_027 7_018 5_024 7_015 5_025 6_000 6_005 6_006 6_007 6_002 6_004 3_028 3_029 3_026 3_020 1_015 3_021 1_016 1_013 3_025 1_012 4_003 4_004 4_005 4_007 4_008 4_009 4_000 4_001 4_002 3_017 3_018 3_015 3_019 1_029 1_026 3_010 1_027 1_024 1_025 3_011 1_020 3_012 1_021 4_015 6_020 4_016 6_022 4_018 6_027 6_028 6_029 4_010 6_023 6_024 6_025 4_013 6_026 3_004 3_003 3_001 4_025 4_027 6_010 4_028 6_011 4_029 6_016 6_018 4_020 6_019 4_021 6_012 4_022 6_013 4_023 6_014 6_015 1_008 1_007 1_004 1_005 1_002 1_000 
--------------------------------
NO.37 Scene:
discovered in ineration NO. 0
origin branch is: 2930-6091 ,target branch is: 2930-6092
interests are:
showThumbs      0    27     General
discovered tags are : 4_014 4_015 4_005 4_016 4_017 4_018 4_029 4_019 6_006 4_020 4_010 4_023 5_000 5_022 5_001 5_023 5_021 7_003 5_002 
--------------------------------
NO.38 Scene:
discovered in ineration NO. 0
origin branch is: 2964-6166 ,target branch is: 2964-6167
interests are:
showThumbs      0    27     General
discovered tags are : 4_025 4_027 3_005 4_029 3_008 5_006 5_007 5_005 4_022 5_002 5_013 
--------------------------------
NO.39 Scene:
discovered in ineration NO. 0
origin branch is: 2755-5789 ,target branch is: 2755-5790
interests are:
circularimages      0    18     Interface
discovered tags are : 7_008 7_009 2_023 2_021 2_022 7_002 7_003 7_000 7_001 7_006 7_007 7_004 7_005 2_016 2_017 2_012 2_013 2_014 2_015 2_010 2_011 5_000 5_001 5_002 2_009 2_005 2_006 2_007 2_008 2_002 2_003 2_004 7_020 7_021 7_024 7_025 7_022 7_023 7_028 7_029 7_026 7_027 7_019 5_022 5_023 5_021 7_010 7_013 7_014 5_028 7_011 5_029 7_012 5_026 7_017 5_027 7_018 5_024 7_015 5_025 7_016 6_000 6_001 6_002 3_028 3_029 3_026 3_027 3_020 3_021 3_024 3_025 3_022 3_023 4_003 4_004 4_005 4_006 4_007 4_008 4_009 4_002 3_018 3_019 4_014 4_015 6_020 4_016 6_021 4_017 6_022 4_018 4_019 6_027 6_028 6_029 4_010 6_023 4_011 6_024 4_012 6_025 4_013 6_026 3_002 3_003 3_001 4_029 6_017 6_018 4_020 6_019 4_023 1_002 1_003 1_000 1_001 
--------------------------------
NO.40 Scene:
discovered in ineration NO. 0
origin branch is: 2944-6119 ,target branch is: 2944-6120
interests are:
coloriseIcons      0    1     Color
discovered tags are : 7_008 7_009 2_023 2_021 2_022 7_002 7_003 7_000 7_001 7_007 7_004 7_005 2_016 2_017 2_012 2_014 2_015 2_010 2_011 5_000 5_001 5_002 5_003 2_009 2_005 2_006 2_007 2_008 2_001 2_002 2_003 2_004 7_020 7_024 7_025 7_023 7_028 7_026 7_027 7_019 5_022 5_023 5_021 7_010 7_013 7_014 5_028 7_011 5_029 7_012 5_026 7_017 5_027 7_018 5_024 7_015 5_025 7_016 6_000 6_006 6_001 6_002 3_028 3_029 3_026 3_027 3_020 3_021 3_024 3_022 3_023 4_003 4_004 4_005 4_006 4_007 4_008 4_009 4_002 3_018 3_019 4_015 6_020 4_016 6_021 4_017 6_022 4_018 4_019 6_027 6_028 4_010 6_023 4_011 6_024 4_012 6_025 4_013 3_002 3_003 3_001 4_029 6_017 6_018 4_020 6_019 4_023 6_014 1_002 1_003 1_000 1_001 
--------------------------------
NO.41 Scene:
discovered in ineration NO. 0
origin branch is: 6492-13079 ,target branch is: 6492-13080
interests are:
rootmode      1    42     Advanced
discovered tags are : 2_027 2_029 2_023 2_024 2_025 2_026 2_020 2_021 2_022 2_016 2_017 2_018 2_019 2_012 2_013 2_014 2_015 2_010 2_011 5_000 5_001 5_008 5_009 5_006 5_007 5_004 5_005 5_002 5_003 2_009 2_005 2_006 2_007 2_008 2_001 2_002 2_003 2_004 2_000 5_011 5_012 5_010 5_019 5_017 5_018 5_015 5_016 5_013 5_014 5_022 5_023 5_020 5_021 5_028 5_029 5_026 5_027 5_024 5_025 3_028 3_029 3_026 3_027 3_020 3_021 3_025 3_022 3_023 4_003 4_004 4_005 4_006 4_007 4_008 4_009 4_000 4_001 4_002 3_017 3_018 3_015 3_016 3_019 3_010 3_013 3_014 3_011 3_012 4_014 4_015 4_017 4_018 4_019 4_010 4_011 4_012 4_013 3_006 3_007 3_004 3_005 3_008 3_002 3_003 3_000 3_001 4_025 4_026 4_027 4_028 4_029 4_021 4_022 4_023 4_024 7_008 7_009 7_002 7_003 7_000 7_001 7_006 7_007 7_004 7_005 7_020 7_021 7_024 7_025 7_022 7_023 7_028 7_029 7_026 7_027 7_019 7_010 7_013 7_014 7_011 7_012 7_017 7_018 7_015 7_016 6_000 6_005 6_006 6_007 6_001 6_002 6_003 6_004 1_019 6_009 1_017 1_018 1_015 1_016 1_013 1_014 1_011 1_012 1_010 1_028 1_029 1_026 1_027 1_024 1_025 1_022 1_023 1_020 1_021 6_020 6_021 6_022 6_027 6_028 6_029 6_023 6_024 6_025 6_026 6_010 6_011 6_016 6_017 6_018 6_019 6_012 6_013 6_014 6_015 1_008 1_009 1_006 1_007 1_004 1_005 1_002 1_003 1_000 1_001 
--------------------------------
NO.42 Scene:
discovered in ineration NO. 0
origin branch is: 2648-5606 ,target branch is: 2648-5605
interests are:
showHeaders      0    20     Interface
discovered tags are : 7_008 7_009 6_005 6_006 6_007 2_026 6_008 6_002 6_004 3_029 6_009 3_020 7_003 7_000 7_001 7_006 3_025 7_007 3_022 4_007 2_017 4_009 2_013 2_014 4_000 2_011 4_002 5_000 3_017 3_018 1_025 5_004 3_013 1_023 5_002 3_011 5_003 4_014 6_020 6_022 2_008 2_001 6_027 2_003 6_029 4_010 6_023 6_025 4_013 6_026 7_024 7_025 7_022 5_016 3_003 7_029 7_026 3_001 7_027 4_025 7_019 6_010 4_029 6_016 6_017 4_020 4_023 6_014 6_015 5_022 5_020 5_021 1_008 7_010 7_014 5_028 7_011 5_026 7_017 1_000 5_025 
--------------------------------
index.1,  interestcase 6_006 start:
tagetlogs are:[4337-8519, 2978-6194, 2950-6131, 6492-13080, 3202-6563, 2961-6153, 2930-6092, 2648-5605, 6387-12887, 396-923, 2285-4978, 2947-6126, 4710-9296, 2943-6118, 3750-7499, 2948-6128, 6321-12788, 2944-6120, 3103-6403, 1931-4443, 2980-6199, 2931-6094, 2911-6054]
current preference, name:coloriseIcons, value:0
current preference, name:theme, value:1
current preference, name:circularimages, value:0
current preference, name:showDividers, value:0
current preference, name:showHeaders, value:0
current preference, name:intelliHideToolbar, value:0
current preference, name:savepaths, value:0
current preference, name:showThumbs, value:0
current preference, name:showLastModified, value:0
current preference, name:showFileSize, value:0
current preference, name:goBack_checkbox, value:1
current preference, name:enableMarqueeFilename, value:0
current preference, name:showPermissions, value:1
current preference, name:rootmode, value:1
cmd:[python, C:\Users\yifeiLu\Documents\TestingProjectHome\AmazeFileManager\testcase\interestcases\testcase0_1_6_006.py]

OK

consumed time: 97.7400000095 s

jacoco time: 5.00500011444 s

FAIL

str(e):		Message: An element could not be located on the page using the given search parameters.



repr(e):	NoSuchElementException()

Traceback (most recent call last):

  File "C:\Users\yifeiLu\Documents\TestingProjectHome\AmazeFileManager\testcase\interestcases\testcase0_1_6_006.py", line 276, in <module>

    element = getElememtBack(driver, "new UiSelector().text(\"Quick access\")", "new UiSelector().className(\"android.widget.CheckedTextView\").instance(6)")

  File "C:\Users\yifeiLu\Documents\TestingProjectHome\AmazeFileManager\testcase\interestcases\testcase0_1_6_006.py", line 53, in getElememtBack

    element = driver.find_element_by_android_uiautomator(str2)

  File "C:\Python27\lib\site-packages\appium\webdriver\webdriver.py", line 327, in find_element_by_android_uiautomator

    return self.find_element(by=By.ANDROID_UIAUTOMATOR, value=uia_string)

  File "C:\Python27\lib\site-packages\appium\webdriver\webdriver.py", line 219, in find_element

    'value': value})['value']

  File "C:\Python27\lib\site-packages\selenium\webdriver\remote\webdriver.py", line 321, in execute

    self.error_handler.check_response(response)

  File "C:\Python27\lib\site-packages\appium\webdriver\errorhandler.py", line 29, in check_response

    raise wde

NoSuchElementException: Message: An element could not be located on the page using the given search parameters.





consumed time: 29.4160001278 s

jacoco time: 5.0039999485 s

covered targets are: [4337-8519, 2950-6131, 6492-13080, 3202-6563, 2648-5605, 6387-12887, 396-923, 2285-4978, 2947-6126, 4710-9296, 3750-7499, 2948-6128, 6321-12788, 2944-6120, 3103-6403, 1931-4443, 2911-6054]
uncovered targets are: [2978-6194, 2961-6153, 2930-6092, 2943-6118, 2980-6199, 2931-6094]
interestcase 0_1_6_006 end

index.2,  interestcase 5_005 start:
tagetlogs are:[2978-6194, 2961-6153, 6901-13927, 396-924, 3997-8026, 2954-6139, 2964-6167, 2677-5642, 2965-6169, 2980-6199]
current preference, name:theme, value:2
current preference, name:circularimages, value:0
current preference, name:showThumbs, value:0
current preference, name:showHidden, value:1
current preference, name:showLastModified, value:0
current preference, name:texteditor_newstack, value:1
current preference, name:showPermissions, value:1
cmd:[python, C:\Users\yifeiLu\Documents\TestingProjectHome\AmazeFileManager\testcase\interestcases\testcase0_2_5_005.py]

OK

consumed time: 66.2200000286 s

jacoco time: 5.0039999485 s

FAIL

str(e):		Message: An element could not be located on the page using the given search parameters.



repr(e):	NoSuchElementException()

Traceback (most recent call last):

  File "C:\Users\yifeiLu\Documents\TestingProjectHome\AmazeFileManager\testcase\interestcases\testcase0_2_5_005.py", line 267, in <module>

    element = getElememtBack(driver, "new UiSelector().text(\"Quick access\")", "new UiSelector().className(\"android.widget.CheckedTextView\").instance(6)")

  File "C:\Users\yifeiLu\Documents\TestingProjectHome\AmazeFileManager\testcase\interestcases\testcase0_2_5_005.py", line 53, in getElememtBack

    element = driver.find_element_by_android_uiautomator(str2)

  File "C:\Python27\lib\site-packages\appium\webdriver\webdriver.py", line 327, in find_element_by_android_uiautomator

    return self.find_element(by=By.ANDROID_UIAUTOMATOR, value=uia_string)

  File "C:\Python27\lib\site-packages\appium\webdriver\webdriver.py", line 219, in find_element

    'value': value})['value']

  File "C:\Python27\lib\site-packages\selenium\webdriver\remote\webdriver.py", line 321, in execute

    self.error_handler.check_response(response)

  File "C:\Python27\lib\site-packages\appium\webdriver\errorhandler.py", line 29, in check_response

    raise wde

NoSuchElementException: Message: An element could not be located on the page using the given search parameters.





consumed time: 36.6950001717 s

jacoco time: 5.00300002098 s

covered targets are: [6901-13927, 396-924]
uncovered targets are: [2978-6194, 2961-6153, 3997-8026, 2954-6139, 2964-6167, 2677-5642, 2965-6169, 2980-6199]
interestcase 0_2_5_005 end

index.3,  interestcase 7_021 start:
tagetlogs are:[6381-12877, 2755-5790, 396-925, 6445-12998, 2752-5783]
current preference, name:theme, value:3
current preference, name:circularimages, value:0
current preference, name:showThumbs, value:0
current preference, name:rootmode, value:1
cmd:[python, C:\Users\yifeiLu\Documents\TestingProjectHome\AmazeFileManager\testcase\interestcases\testcase0_3_7_021.py]

FAIL

str(e):		Message: An unknown server-side error occurred while processing the command. Original error: The swipe did not complete successfully



repr(e):	WebDriverException()

Traceback (most recent call last):

  File "C:\Users\yifeiLu\Documents\TestingProjectHome\AmazeFileManager\testcase\interestcases\testcase0_3_7_021.py", line 222, in <module>

    scrollToClickElement(driver, "new UiSelector().text(\"Root Explorer\")")

  File "C:\Users\yifeiLu\Documents\TestingProjectHome\AmazeFileManager\testcase\interestcases\testcase0_3_7_021.py", line 98, in scrollToClickElement

    element = scrollToFindElement(driver, str)

  File "C:\Users\yifeiLu\Documents\TestingProjectHome\AmazeFileManager\testcase\interestcases\testcase0_3_7_021.py", line 92, in scrollToFindElement

    swipe(driver, 0.5, 0.2, 0.5, 0.55)

  File "C:\Users\yifeiLu\Documents\TestingProjectHome\AmazeFileManager\testcase\interestcases\testcase0_3_7_021.py", line 65, in swipe

    end_y=int(height * endyper), duration=1000)

  File "C:\Python27\lib\site-packages\appium\webdriver\webdriver.py", line 548, in swipe

    action.perform()

  File "C:\Python27\lib\site-packages\appium\webdriver\common\touch_action.py", line 96, in perform

    self._driver.execute(Command.TOUCH_ACTION, params)

  File "C:\Python27\lib\site-packages\selenium\webdriver\remote\webdriver.py", line 321, in execute

    self.error_handler.check_response(response)

  File "C:\Python27\lib\site-packages\appium\webdriver\errorhandler.py", line 29, in check_response

    raise wde

WebDriverException: Message: An unknown server-side error occurred while processing the command. Original error: The swipe did not complete successfully





consumed time: 45.1229999065 s

jacoco time: 5.00500011444 s

OK

consumed time: 28.9309999943 s

jacoco time: 5.00500011444 s

covered targets are: [6381-12877, 396-925, 6445-12998, 2752-5783]
uncovered targets are: [2755-5790]
interestcase 0_3_7_021 end

index.4,  interestcase 4_029 start:
tagetlogs are:[2978-6194, 2961-6153, 2930-6092, 5751-11472, 2755-5790, 2954-6139, 2943-6118, 2964-6167, 2677-5642, 2980-6199, 2931-6094, 5748-11466]
current preference, name:circularimages, value:0
current preference, name:sidebar_folders_enable, value:0
current preference, name:sidebar_quickaccess_enable, value:0
current preference, name:showThumbs, value:0
current preference, name:showLastModified, value:0
current preference, name:showPermissions, value:1
cmd:[python, C:\Users\yifeiLu\Documents\TestingProjectHome\AmazeFileManager\testcase\interestcases\testcase0_4_4_029.py]

OK

consumed time: 63.4240000248 s

jacoco time: 5.00699996948 s

FAIL

str(e):		Message: An element could not be located on the page using the given search parameters.



repr(e):	NoSuchElementException()

Traceback (most recent call last):

  File "C:\Users\yifeiLu\Documents\TestingProjectHome\AmazeFileManager\testcase\interestcases\testcase0_4_4_029.py", line 268, in <module>

    element = getElememt(driver, "new UiSelector().resourceId(\"com.amaze.filemanager:id/search_close_btn\").className(\"android.widget.ImageView\")")

  File "C:\Users\yifeiLu\Documents\TestingProjectHome\AmazeFileManager\testcase\interestcases\testcase0_4_4_029.py", line 34, in getElememt

    element = driver.find_element_by_android_uiautomator(str)

  File "C:\Python27\lib\site-packages\appium\webdriver\webdriver.py", line 327, in find_element_by_android_uiautomator

    return self.find_element(by=By.ANDROID_UIAUTOMATOR, value=uia_string)

  File "C:\Python27\lib\site-packages\appium\webdriver\webdriver.py", line 219, in find_element

    'value': value})['value']

  File "C:\Python27\lib\site-packages\selenium\webdriver\remote\webdriver.py", line 321, in execute

    self.error_handler.check_response(response)

  File "C:\Python27\lib\site-packages\appium\webdriver\errorhandler.py", line 29, in check_response

    raise wde

NoSuchElementException: Message: An element could not be located on the page using the given search parameters.





consumed time: 45.1619999409 s

jacoco time: 5.0039999485 s

covered targets are: [2978-6194, 2961-6153, 5751-11472, 2980-6199, 5748-11466]
uncovered targets are: [2930-6092, 2755-5790, 2954-6139, 2943-6118, 2964-6167, 2677-5642, 2931-6094]
interestcase 0_4_4_029 end

index.5,  interestcase 4_017 start:
tagetlogs are:[2930-6092, 2939-6110, 2755-5790, 2943-6118, 2931-6094]
current preference, name:circularimages, value:0
current preference, name:showThumbs, value:0
cmd:[python, C:\Users\yifeiLu\Documents\TestingProjectHome\AmazeFileManager\testcase\interestcases\testcase0_5_4_017.py]

OK

consumed time: 30.2090001106 s

jacoco time: 5.0039999485 s

FAIL

str(e):		Message: An element could not be located on the page using the given search parameters.



repr(e):	NoSuchElementException()

Traceback (most recent call last):

  File "C:\Users\yifeiLu\Documents\TestingProjectHome\AmazeFileManager\testcase\interestcases\testcase0_5_4_017.py", line 255, in <module>

    element = getElememtBack(driver, "new UiSelector().text(\"sdcard\")", "new UiSelector().className(\"android.widget.TextView\").instance(13)")

  File "C:\Users\yifeiLu\Documents\TestingProjectHome\AmazeFileManager\testcase\interestcases\testcase0_5_4_017.py", line 53, in getElememtBack

    element = driver.find_element_by_android_uiautomator(str2)

  File "C:\Python27\lib\site-packages\appium\webdriver\webdriver.py", line 327, in find_element_by_android_uiautomator

    return self.find_element(by=By.ANDROID_UIAUTOMATOR, value=uia_string)

  File "C:\Python27\lib\site-packages\appium\webdriver\webdriver.py", line 219, in find_element

    'value': value})['value']

  File "C:\Python27\lib\site-packages\selenium\webdriver\remote\webdriver.py", line 321, in execute

    self.error_handler.check_response(response)

  File "C:\Python27\lib\site-packages\appium\webdriver\errorhandler.py", line 29, in check_response

    raise wde

NoSuchElementException: Message: An element could not be located on the page using the given search parameters.





consumed time: 50.7840001583 s

jacoco time: 5.00600004196 s

covered targets are: []
uncovered targets are: [2930-6092, 2939-6110, 2755-5790, 2943-6118, 2931-6094]
target: 2930-6092 uncovered, added to then retrial list!
target: 2939-6110 uncovered, added to then retrial list!
target: 2755-5790 uncovered, added to then retrial list!
target: 2943-6118 uncovered, added to then retrial list!
target: 2931-6094 uncovered, added to then retrial list!
interestcase 0_5_4_017 end

index.6,  interestcase 2_014 start:
tagetlogs are:[7694-15363]
current preference, name:showHidden, value:1
cmd:[python, C:\Users\yifeiLu\Documents\TestingProjectHome\AmazeFileManager\testcase\interestcases\testcase0_6_2_014.py]

OK

consumed time: 26.6859998703 s

jacoco time: 5.00500011444 s

FAIL

str(e):		Message: An element could not be located on the page using the given search parameters.



repr(e):	NoSuchElementException()

Traceback (most recent call last):

  File "C:\Users\yifeiLu\Documents\TestingProjectHome\AmazeFileManager\testcase\interestcases\testcase0_6_2_014.py", line 246, in <module>

    element = getElememt(driver, "new UiSelector().resourceId(\"com.amaze.filemanager:id/fab_expand_menu_button\").className(\"android.widget.ImageButton\")")

  File "C:\Users\yifeiLu\Documents\TestingProjectHome\AmazeFileManager\testcase\interestcases\testcase0_6_2_014.py", line 34, in getElememt

    element = driver.find_element_by_android_uiautomator(str)

  File "C:\Python27\lib\site-packages\appium\webdriver\webdriver.py", line 327, in find_element_by_android_uiautomator

    return self.find_element(by=By.ANDROID_UIAUTOMATOR, value=uia_string)

  File "C:\Python27\lib\site-packages\appium\webdriver\webdriver.py", line 219, in find_element

    'value': value})['value']

  File "C:\Python27\lib\site-packages\selenium\webdriver\remote\webdriver.py", line 321, in execute

    self.error_handler.check_response(response)

  File "C:\Python27\lib\site-packages\appium\webdriver\errorhandler.py", line 29, in check_response

    raise wde

NoSuchElementException: Message: An element could not be located on the page using the given search parameters.





consumed time: 48.493999958 s

jacoco time: 5.00300002098 s

covered targets are: []
uncovered targets are: [7694-15363]
target: 7694-15363 uncovered, added to then retrial list!
interestcase 0_6_2_014 end

index.7,  interestcase 4_025 start:
tagetlogs are:[7866-15702, 2954-6139, 3950-7934, 2964-6167, 2677-5642]
current preference, name:circularimages, value:0
current preference, name:showThumbs, value:0
current preference, name:texteditor_newstack, value:1
cmd:[python, C:\Users\yifeiLu\Documents\TestingProjectHome\AmazeFileManager\testcase\interestcases\testcase0_7_4_025.py]

OK

consumed time: 50.2100000381 s

jacoco time: 5.0039999485 s

FAIL

str(e):		Message: An element could not be located on the page using the given search parameters.



repr(e):	NoSuchElementException()

Traceback (most recent call last):

  File "C:\Users\yifeiLu\Documents\TestingProjectHome\AmazeFileManager\testcase\interestcases\testcase0_7_4_025.py", line 248, in <module>

    element = getElememt(driver, "new UiSelector().resourceId(\"com.amaze.filemanager:id/img_view_back\").className(\"android.widget.ImageView\")")

  File "C:\Users\yifeiLu\Documents\TestingProjectHome\AmazeFileManager\testcase\interestcases\testcase0_7_4_025.py", line 34, in getElememt

    element = driver.find_element_by_android_uiautomator(str)

  File "C:\Python27\lib\site-packages\appium\webdriver\webdriver.py", line 327, in find_element_by_android_uiautomator

    return self.find_element(by=By.ANDROID_UIAUTOMATOR, value=uia_string)

  File "C:\Python27\lib\site-packages\appium\webdriver\webdriver.py", line 219, in find_element

    'value': value})['value']

  File "C:\Python27\lib\site-packages\selenium\webdriver\remote\webdriver.py", line 321, in execute

    self.error_handler.check_response(response)

  File "C:\Python27\lib\site-packages\appium\webdriver\errorhandler.py", line 29, in check_response

    raise wde

NoSuchElementException: Message: An element could not be located on the page using the given search parameters.





consumed time: 27.736000061 s

jacoco time: 5.00500011444 s

covered targets are: []
uncovered targets are: [7866-15702, 2954-6139, 3950-7934, 2964-6167, 2677-5642]
target: 7866-15702 uncovered, added to then retrial list!
target: 2954-6139 uncovered, added to then retrial list!
target: 3950-7934 uncovered, added to then retrial list!
target: 2964-6167 uncovered, added to then retrial list!
target: 2677-5642 uncovered, added to then retrial list!
interestcase 0_7_4_025 end

index.8,  interestcase 5_005 start:
tagetlogs are:[3997-8026, 2965-6169]
current preference, name:showThumbs, value:0
current preference, name:texteditor_newstack, value:1
cmd:[python, C:\Users\yifeiLu\Documents\TestingProjectHome\AmazeFileManager\testcase\interestcases\testcase0_8_5_005.py]

OK

consumed time: 38.3250000477 s

jacoco time: 5.0039999485 s

FAIL

str(e):		Message: An unknown server-side error occurred while processing the command. Original error: The swipe did not complete successfully



repr(e):	WebDriverException()

Traceback (most recent call last):

  File "C:\Users\yifeiLu\Documents\TestingProjectHome\AmazeFileManager\testcase\interestcases\testcase0_8_5_005.py", line 248, in <module>

    swipe(driver, 0.5, 0.8, 0.5, 0.2)

  File "C:\Users\yifeiLu\Documents\TestingProjectHome\AmazeFileManager\testcase\interestcases\testcase0_8_5_005.py", line 65, in swipe

    end_y=int(height * endyper), duration=1000)

  File "C:\Python27\lib\site-packages\appium\webdriver\webdriver.py", line 548, in swipe

    action.perform()

  File "C:\Python27\lib\site-packages\appium\webdriver\common\touch_action.py", line 96, in perform

    self._driver.execute(Command.TOUCH_ACTION, params)

  File "C:\Python27\lib\site-packages\selenium\webdriver\remote\webdriver.py", line 321, in execute

    self.error_handler.check_response(response)

  File "C:\Python27\lib\site-packages\appium\webdriver\errorhandler.py", line 29, in check_response

    raise wde

WebDriverException: Message: An unknown server-side error occurred while processing the command. Original error: The swipe did not complete successfully





consumed time: 33.6430001259 s

jacoco time: 5.00499987602 s

covered targets are: []
uncovered targets are: [3997-8026, 2965-6169]
target: 3997-8026 uncovered, added to then retrial list!
target: 2965-6169 uncovered, added to then retrial list!
interestcase 0_8_5_005 end

index.9,  interestcase 4_007 start:
tagetlogs are:[4195-8304, 3141-6472]
current preference, name:goBack_checkbox, value:1
current preference, name:typeablepaths, value:1
cmd:[python, C:\Users\yifeiLu\Documents\TestingProjectHome\AmazeFileManager\testcase\interestcases\testcase0_9_4_007.py]

OK

consumed time: 41.8170001507 s

jacoco time: 5.00499987602 s

OK

consumed time: 86.9560000896 s

jacoco time: 5.00699996948 s

covered targets are: []
uncovered targets are: [4195-8304, 3141-6472]
target: 4195-8304 uncovered, added to then retrial list!
target: 3141-6472 uncovered, added to then retrial list!
interestcase 0_9_4_007 end

index.10,  interestcase 4_002 start:
tagetlogs are:[3141-6472]
current preference, name:coloriseIcons, value:1
current preference, name:theme, value:0
current preference, name:circularimages, value:1
current preference, name:showDividers, value:1
current preference, name:showHeaders, value:1
current preference, name:intelliHideToolbar, value:1
current preference, name:sidebar_folders_enable, value:1
current preference, name:sidebar_quickaccess_enable, value:1
current preference, name:savepaths, value:1
current preference, name:showThumbs, value:1
current preference, name:showHidden, value:0
current preference, name:showLastModified, value:1
current preference, name:showFileSize, value:1
current preference, name:goBack_checkbox, value:0
current preference, name:enableMarqueeFilename, value:1
current preference, name:showPermissions, value:0
current preference, name:rootmode, value:0
cmd:[python, C:\Users\yifeiLu\Documents\TestingProjectHome\AmazeFileManager\testcase\interestcases\testcase0_10_4_002.py]

OK

consumed time: 97.7279999256 s

jacoco time: 5.00600004196 s

FAIL

str(e):		Message: An element could not be located on the page using the given search parameters.



repr(e):	NoSuchElementException()

Traceback (most recent call last):

  File "C:\Users\yifeiLu\Documents\TestingProjectHome\AmazeFileManager\testcase\interestcases\testcase0_10_4_002.py", line 292, in <module>

    element = getElememt(driver, "new UiSelector().className(\"android.widget.ImageView\").description(\"More options\")")

  File "C:\Users\yifeiLu\Documents\TestingProjectHome\AmazeFileManager\testcase\interestcases\testcase0_10_4_002.py", line 34, in getElememt

    element = driver.find_element_by_android_uiautomator(str)

  File "C:\Python27\lib\site-packages\appium\webdriver\webdriver.py", line 327, in find_element_by_android_uiautomator

    return self.find_element(by=By.ANDROID_UIAUTOMATOR, value=uia_string)

  File "C:\Python27\lib\site-packages\appium\webdriver\webdriver.py", line 219, in find_element

    'value': value})['value']

  File "C:\Python27\lib\site-packages\selenium\webdriver\remote\webdriver.py", line 321, in execute

    self.error_handler.check_response(response)

  File "C:\Python27\lib\site-packages\appium\webdriver\errorhandler.py", line 29, in check_response

    raise wde

NoSuchElementException: Message: An element could not be located on the page using the given search parameters.





consumed time: 68.2679998875 s

jacoco time: 5.00300002098 s

covered targets are: []
uncovered targets are: [3141-6472]
loclog: 3141-6472 uncovered after retrial, deleted!
interestcase 0_10_4_002 end

index.11,  interestcase 6_015 start:
tagetlogs are:[4195-8304]
current preference, name:theme, value:0
current preference, name:circularimages, value:1
current preference, name:showHeaders, value:1
current preference, name:intelliHideToolbar, value:1
current preference, name:sidebar_folders_enable, value:1
current preference, name:sidebar_quickaccess_enable, value:1
current preference, name:savepaths, value:1
current preference, name:showThumbs, value:1
current preference, name:showHidden, value:0
current preference, name:showLastModified, value:1
current preference, name:goBack_checkbox, value:0
current preference, name:enableMarqueeFilename, value:1
current preference, name:typeablepaths, value:1
current preference, name:showPermissions, value:0
current preference, name:rootmode, value:0
cmd:[python, C:\Users\yifeiLu\Documents\TestingProjectHome\AmazeFileManager\testcase\interestcases\testcase0_11_6_015.py]

OK

consumed time: 101.661000013 s

jacoco time: 5.00899982452 s

OK

consumed time: 54.4880001545 s

jacoco time: 5.0039999485 s

covered targets are: [4195-8304]
uncovered targets are: []
target: 4195-8304 covered after retrial!
interestcase 0_11_6_015 end

index.12,  interestcase 5_005 start:
tagetlogs are:[2965-6169]
current preference, name:theme, value:0
current preference, name:circularimages, value:1
current preference, name:intelliHideToolbar, value:1
current preference, name:sidebar_folders_enable, value:1
current preference, name:sidebar_quickaccess_enable, value:1
current preference, name:savepaths, value:1
current preference, name:showThumbs, value:1
current preference, name:showHidden, value:0
current preference, name:showLastModified, value:1
current preference, name:goBack_checkbox, value:0
current preference, name:enableMarqueeFilename, value:1
current preference, name:showPermissions, value:0
current preference, name:rootmode, value:0
cmd:[python, C:\Users\yifeiLu\Documents\TestingProjectHome\AmazeFileManager\testcase\interestcases\testcase0_12_5_005.py]

OK

consumed time: 91.8440001011 s

jacoco time: 5.00499987602 s

FAIL

str(e):		Message: An element could not be located on the page using the given search parameters.



repr(e):	NoSuchElementException()

Traceback (most recent call last):

  File "C:\Users\yifeiLu\Documents\TestingProjectHome\AmazeFileManager\testcase\interestcases\testcase0_12_5_005.py", line 274, in <module>

    element = getElememt(driver, "new UiSelector().className(\"android.widget.ImageButton\").description(\"Navigate up\")")

  File "C:\Users\yifeiLu\Documents\TestingProjectHome\AmazeFileManager\testcase\interestcases\testcase0_12_5_005.py", line 34, in getElememt

    element = driver.find_element_by_android_uiautomator(str)

  File "C:\Python27\lib\site-packages\appium\webdriver\webdriver.py", line 327, in find_element_by_android_uiautomator

    return self.find_element(by=By.ANDROID_UIAUTOMATOR, value=uia_string)

  File "C:\Python27\lib\site-packages\appium\webdriver\webdriver.py", line 219, in find_element

    'value': value})['value']

  File "C:\Python27\lib\site-packages\selenium\webdriver\remote\webdriver.py", line 321, in execute

    self.error_handler.check_response(response)

  File "C:\Python27\lib\site-packages\appium\webdriver\errorhandler.py", line 29, in check_response

    raise wde

NoSuchElementException: Message: An element could not be located on the page using the given search parameters.





consumed time: 30.7949998379 s

jacoco time: 5.00400018692 s

covered targets are: []
uncovered targets are: [2965-6169]
loclog: 2965-6169 uncovered after retrial, deleted!
interestcase 0_12_5_005 end

index.13,  interestcase 1_029 start:
tagetlogs are:[3997-8026]
current preference, name:theme, value:0
current preference, name:circularimages, value:1
current preference, name:intelliHideToolbar, value:1
current preference, name:sidebar_folders_enable, value:1
current preference, name:sidebar_quickaccess_enable, value:1
current preference, name:savepaths, value:1
current preference, name:showLastModified, value:1
current preference, name:enableMarqueeFilename, value:1
current preference, name:texteditor_newstack, value:1
current preference, name:showPermissions, value:0
current preference, name:rootmode, value:0
cmd:[python, C:\Users\yifeiLu\Documents\TestingProjectHome\AmazeFileManager\testcase\interestcases\testcase0_13_1_029.py]

OK

consumed time: 84.8129999638 s

jacoco time: 5.00899982452 s

FAIL

str(e):		Message: An element could not be located on the page using the given search parameters.



repr(e):	NoSuchElementException()

Traceback (most recent call last):

  File "C:\Users\yifeiLu\Documents\TestingProjectHome\AmazeFileManager\testcase\interestcases\testcase0_13_1_029.py", line 267, in <module>

    element = getElememt(driver, "new UiSelector().className(\"android.widget.ImageView\").description(\"More options\")")

  File "C:\Users\yifeiLu\Documents\TestingProjectHome\AmazeFileManager\testcase\interestcases\testcase0_13_1_029.py", line 34, in getElememt

    element = driver.find_element_by_android_uiautomator(str)

  File "C:\Python27\lib\site-packages\appium\webdriver\webdriver.py", line 327, in find_element_by_android_uiautomator

    return self.find_element(by=By.ANDROID_UIAUTOMATOR, value=uia_string)

  File "C:\Python27\lib\site-packages\appium\webdriver\webdriver.py", line 219, in find_element

    'value': value})['value']

  File "C:\Python27\lib\site-packages\selenium\webdriver\remote\webdriver.py", line 321, in execute

    self.error_handler.check_response(response)

  File "C:\Python27\lib\site-packages\appium\webdriver\errorhandler.py", line 29, in check_response

    raise wde

NoSuchElementException: Message: An element could not be located on the page using the given search parameters.





consumed time: 34.0490000248 s

jacoco time: 5.0039999485 s

covered targets are: []
uncovered targets are: [3997-8026]
loclog: 3997-8026 uncovered after retrial, deleted!
interestcase 0_13_1_029 end

index.14,  interestcase 5_005 start:
tagetlogs are:[2677-5642]
current preference, name:theme, value:0
current preference, name:circularimages, value:1
current preference, name:intelliHideToolbar, value:1
current preference, name:sidebar_folders_enable, value:1
current preference, name:sidebar_quickaccess_enable, value:1
current preference, name:savepaths, value:1
current preference, name:showThumbs, value:1
current preference, name:showHidden, value:0
current preference, name:showLastModified, value:1
current preference, name:goBack_checkbox, value:0
current preference, name:enableMarqueeFilename, value:1
current preference, name:showPermissions, value:0
current preference, name:rootmode, value:0
cmd:[python, C:\Users\yifeiLu\Documents\TestingProjectHome\AmazeFileManager\testcase\interestcases\testcase0_14_5_005.py]

OK

consumed time: 90.7550001144 s

jacoco time: 5.00499987602 s

FAIL

str(e):		Message: An element could not be located on the page using the given search parameters.



repr(e):	NoSuchElementException()

Traceback (most recent call last):

  File "C:\Users\yifeiLu\Documents\TestingProjectHome\AmazeFileManager\testcase\interestcases\testcase0_14_5_005.py", line 274, in <module>

    element = getElememt(driver, "new UiSelector().className(\"android.widget.ImageButton\").description(\"Navigate up\")")

  File "C:\Users\yifeiLu\Documents\TestingProjectHome\AmazeFileManager\testcase\interestcases\testcase0_14_5_005.py", line 34, in getElememt

    element = driver.find_element_by_android_uiautomator(str)

  File "C:\Python27\lib\site-packages\appium\webdriver\webdriver.py", line 327, in find_element_by_android_uiautomator

    return self.find_element(by=By.ANDROID_UIAUTOMATOR, value=uia_string)

  File "C:\Python27\lib\site-packages\appium\webdriver\webdriver.py", line 219, in find_element

    'value': value})['value']

  File "C:\Python27\lib\site-packages\selenium\webdriver\remote\webdriver.py", line 321, in execute

    self.error_handler.check_response(response)

  File "C:\Python27\lib\site-packages\appium\webdriver\errorhandler.py", line 29, in check_response

    raise wde

NoSuchElementException: Message: An element could not be located on the page using the given search parameters.





consumed time: 29.1890001297 s

jacoco time: 5.0039999485 s

covered targets are: []
uncovered targets are: [2677-5642]
loclog: 2677-5642 uncovered after retrial, deleted!
interestcase 0_14_5_005 end

index.15,  interestcase 5_005 start:
tagetlogs are:[2964-6167]
current preference, name:theme, value:0
current preference, name:circularimages, value:1
current preference, name:intelliHideToolbar, value:1
current preference, name:sidebar_folders_enable, value:1
current preference, name:sidebar_quickaccess_enable, value:1
current preference, name:savepaths, value:1
current preference, name:showThumbs, value:1
current preference, name:showHidden, value:0
current preference, name:showLastModified, value:1
current preference, name:goBack_checkbox, value:0
current preference, name:enableMarqueeFilename, value:1
current preference, name:showPermissions, value:0
current preference, name:rootmode, value:0
cmd:[python, C:\Users\yifeiLu\Documents\TestingProjectHome\AmazeFileManager\testcase\interestcases\testcase0_15_5_005.py]

OK

consumed time: 94.7820000648 s

jacoco time: 5.0039999485 s

FAIL

str(e):		Message: An element could not be located on the page using the given search parameters.



repr(e):	NoSuchElementException()

Traceback (most recent call last):

  File "C:\Users\yifeiLu\Documents\TestingProjectHome\AmazeFileManager\testcase\interestcases\testcase0_15_5_005.py", line 274, in <module>

    element = getElememt(driver, "new UiSelector().className(\"android.widget.ImageButton\").description(\"Navigate up\")")

  File "C:\Users\yifeiLu\Documents\TestingProjectHome\AmazeFileManager\testcase\interestcases\testcase0_15_5_005.py", line 34, in getElememt

    element = driver.find_element_by_android_uiautomator(str)

  File "C:\Python27\lib\site-packages\appium\webdriver\webdriver.py", line 327, in find_element_by_android_uiautomator

    return self.find_element(by=By.ANDROID_UIAUTOMATOR, value=uia_string)

  File "C:\Python27\lib\site-packages\appium\webdriver\webdriver.py", line 219, in find_element

    'value': value})['value']

  File "C:\Python27\lib\site-packages\selenium\webdriver\remote\webdriver.py", line 321, in execute

    self.error_handler.check_response(response)

  File "C:\Python27\lib\site-packages\appium\webdriver\errorhandler.py", line 29, in check_response

    raise wde

NoSuchElementException: Message: An element could not be located on the page using the given search parameters.





consumed time: 33.1380000114 s

jacoco time: 5.0039999485 s

covered targets are: []
uncovered targets are: [2964-6167]
loclog: 2964-6167 uncovered after retrial, deleted!
interestcase 0_15_5_005 end

index.16,  interestcase 4_025 start:
tagetlogs are:[3950-7934]
current preference, name:theme, value:0
current preference, name:circularimages, value:1
current preference, name:showHeaders, value:1
current preference, name:intelliHideToolbar, value:1
current preference, name:sidebar_folders_enable, value:1
current preference, name:sidebar_quickaccess_enable, value:1
current preference, name:savepaths, value:1
current preference, name:showThumbs, value:1
current preference, name:showLastModified, value:1
current preference, name:goBack_checkbox, value:0
current preference, name:enableMarqueeFilename, value:1
current preference, name:texteditor_newstack, value:1
current preference, name:showPermissions, value:0
current preference, name:rootmode, value:0
cmd:[python, C:\Users\yifeiLu\Documents\TestingProjectHome\AmazeFileManager\testcase\interestcases\testcase0_16_4_025.py]

OK

consumed time: 92.1059999466 s

jacoco time: 5.00300002098 s

FAIL

str(e):		Message: An element could not be located on the page using the given search parameters.



repr(e):	NoSuchElementException()

Traceback (most recent call last):

  File "C:\Users\yifeiLu\Documents\TestingProjectHome\AmazeFileManager\testcase\interestcases\testcase0_16_4_025.py", line 270, in <module>

    element = getElememt(driver, "new UiSelector().resourceId(\"com.amaze.filemanager:id/img_view_back\").className(\"android.widget.ImageView\")")

  File "C:\Users\yifeiLu\Documents\TestingProjectHome\AmazeFileManager\testcase\interestcases\testcase0_16_4_025.py", line 34, in getElememt

    element = driver.find_element_by_android_uiautomator(str)

  File "C:\Python27\lib\site-packages\appium\webdriver\webdriver.py", line 327, in find_element_by_android_uiautomator

    return self.find_element(by=By.ANDROID_UIAUTOMATOR, value=uia_string)

  File "C:\Python27\lib\site-packages\appium\webdriver\webdriver.py", line 219, in find_element

    'value': value})['value']

  File "C:\Python27\lib\site-packages\selenium\webdriver\remote\webdriver.py", line 321, in execute

    self.error_handler.check_response(response)

  File "C:\Python27\lib\site-packages\appium\webdriver\errorhandler.py", line 29, in check_response

    raise wde

NoSuchElementException: Message: An element could not be located on the page using the given search parameters.





consumed time: 29.0920000076 s

jacoco time: 5.00500011444 s

covered targets are: []
uncovered targets are: [3950-7934]
loclog: 3950-7934 uncovered after retrial, deleted!
interestcase 0_16_4_025 end

index.17,  interestcase 5_005 start:
tagetlogs are:[2954-6139]
current preference, name:theme, value:0
current preference, name:circularimages, value:1
current preference, name:intelliHideToolbar, value:1
current preference, name:sidebar_folders_enable, value:1
current preference, name:sidebar_quickaccess_enable, value:1
current preference, name:savepaths, value:1
current preference, name:showThumbs, value:1
current preference, name:showHidden, value:0
current preference, name:showLastModified, value:1
current preference, name:goBack_checkbox, value:0
current preference, name:enableMarqueeFilename, value:1
current preference, name:showPermissions, value:0
current preference, name:rootmode, value:0
cmd:[python, C:\Users\yifeiLu\Documents\TestingProjectHome\AmazeFileManager\testcase\interestcases\testcase0_17_5_005.py]

OK

consumed time: 95.864000082 s

jacoco time: 5.0039999485 s

FAIL

str(e):		Message: An element could not be located on the page using the given search parameters.



repr(e):	NoSuchElementException()

Traceback (most recent call last):

  File "C:\Users\yifeiLu\Documents\TestingProjectHome\AmazeFileManager\testcase\interestcases\testcase0_17_5_005.py", line 274, in <module>

    element = getElememt(driver, "new UiSelector().className(\"android.widget.ImageButton\").description(\"Navigate up\")")

  File "C:\Users\yifeiLu\Documents\TestingProjectHome\AmazeFileManager\testcase\interestcases\testcase0_17_5_005.py", line 34, in getElememt

    element = driver.find_element_by_android_uiautomator(str)

  File "C:\Python27\lib\site-packages\appium\webdriver\webdriver.py", line 327, in find_element_by_android_uiautomator

    return self.find_element(by=By.ANDROID_UIAUTOMATOR, value=uia_string)

  File "C:\Python27\lib\site-packages\appium\webdriver\webdriver.py", line 219, in find_element

    'value': value})['value']

  File "C:\Python27\lib\site-packages\selenium\webdriver\remote\webdriver.py", line 321, in execute

    self.error_handler.check_response(response)

  File "C:\Python27\lib\site-packages\appium\webdriver\errorhandler.py", line 29, in check_response

    raise wde

NoSuchElementException: Message: An element could not be located on the page using the given search parameters.





consumed time: 31.1069998741 s

jacoco time: 5.00500011444 s

covered targets are: []
uncovered targets are: [2954-6139]
loclog: 2954-6139 uncovered after retrial, deleted!
interestcase 0_17_5_005 end

index.18,  interestcase 4_025 start:
tagetlogs are:[7866-15702]
current preference, name:theme, value:0
current preference, name:circularimages, value:1
current preference, name:showHeaders, value:1
current preference, name:intelliHideToolbar, value:1
current preference, name:sidebar_folders_enable, value:1
current preference, name:sidebar_quickaccess_enable, value:1
current preference, name:savepaths, value:1
current preference, name:showThumbs, value:1
current preference, name:showLastModified, value:1
current preference, name:goBack_checkbox, value:0
current preference, name:enableMarqueeFilename, value:1
current preference, name:texteditor_newstack, value:0
current preference, name:showPermissions, value:0
current preference, name:rootmode, value:0
cmd:[python, C:\Users\yifeiLu\Documents\TestingProjectHome\AmazeFileManager\testcase\interestcases\testcase0_18_4_025.py]

OK

consumed time: 100.417000055 s

jacoco time: 5.007999897 s

FAIL

str(e):		Message: An element could not be located on the page using the given search parameters.



repr(e):	NoSuchElementException()

Traceback (most recent call last):

  File "C:\Users\yifeiLu\Documents\TestingProjectHome\AmazeFileManager\testcase\interestcases\testcase0_18_4_025.py", line 270, in <module>

    element = getElememt(driver, "new UiSelector().resourceId(\"com.amaze.filemanager:id/img_view_back\").className(\"android.widget.ImageView\")")

  File "C:\Users\yifeiLu\Documents\TestingProjectHome\AmazeFileManager\testcase\interestcases\testcase0_18_4_025.py", line 34, in getElememt

    element = driver.find_element_by_android_uiautomator(str)

  File "C:\Python27\lib\site-packages\appium\webdriver\webdriver.py", line 327, in find_element_by_android_uiautomator

    return self.find_element(by=By.ANDROID_UIAUTOMATOR, value=uia_string)

  File "C:\Python27\lib\site-packages\appium\webdriver\webdriver.py", line 219, in find_element

    'value': value})['value']

  File "C:\Python27\lib\site-packages\selenium\webdriver\remote\webdriver.py", line 321, in execute

    self.error_handler.check_response(response)

  File "C:\Python27\lib\site-packages\appium\webdriver\errorhandler.py", line 29, in check_response

    raise wde

NoSuchElementException: Message: An element could not be located on the page using the given search parameters.





consumed time: 26.4140000343 s

jacoco time: 5.00500011444 s

covered targets are: []
uncovered targets are: [7866-15702]
loclog: 7866-15702 uncovered after retrial, deleted!
interestcase 0_18_4_025 end

index.19,  interestcase 1_021 start:
tagetlogs are:[7694-15363]
current preference, name:theme, value:0
current preference, name:circularimages, value:1
current preference, name:intelliHideToolbar, value:1
current preference, name:sidebar_folders_enable, value:1
current preference, name:sidebar_quickaccess_enable, value:1
current preference, name:savepaths, value:1
current preference, name:showHidden, value:1
current preference, name:goBack_checkbox, value:0
current preference, name:enableMarqueeFilename, value:1
current preference, name:rootmode, value:0
cmd:[python, C:\Users\yifeiLu\Documents\TestingProjectHome\AmazeFileManager\testcase\interestcases\testcase0_19_1_021.py]

OK

consumed time: 94.1670000553 s

jacoco time: 5.00499987602 s

FAIL

str(e):		Message: An element could not be located on the page using the given search parameters.



repr(e):	NoSuchElementException()

Traceback (most recent call last):

  File "C:\Users\yifeiLu\Documents\TestingProjectHome\AmazeFileManager\testcase\interestcases\testcase0_19_1_021.py", line 280, in <module>

    element = getElememt(driver, "new UiSelector().resourceId(\"com.amaze.filemanager:id/img_view_back\").className(\"android.widget.ImageView\")")

  File "C:\Users\yifeiLu\Documents\TestingProjectHome\AmazeFileManager\testcase\interestcases\testcase0_19_1_021.py", line 34, in getElememt

    element = driver.find_element_by_android_uiautomator(str)

  File "C:\Python27\lib\site-packages\appium\webdriver\webdriver.py", line 327, in find_element_by_android_uiautomator

    return self.find_element(by=By.ANDROID_UIAUTOMATOR, value=uia_string)

  File "C:\Python27\lib\site-packages\appium\webdriver\webdriver.py", line 219, in find_element

    'value': value})['value']

  File "C:\Python27\lib\site-packages\selenium\webdriver\remote\webdriver.py", line 321, in execute

    self.error_handler.check_response(response)

  File "C:\Python27\lib\site-packages\appium\webdriver\errorhandler.py", line 29, in check_response

    raise wde

NoSuchElementException: Message: An element could not be located on the page using the given search parameters.





consumed time: 47.4450001717 s

jacoco time: 5.00599980354 s

covered targets are: [7694-15363]
uncovered targets are: []
target: 7694-15363 covered after retrial!
interestcase 0_19_1_021 end

index.20,  interestcase 6_006 start:
tagetlogs are:[2931-6094]
current preference, name:coloriseIcons, value:1
current preference, name:theme, value:0
current preference, name:circularimages, value:1
current preference, name:showDividers, value:1
current preference, name:showHeaders, value:1
current preference, name:intelliHideToolbar, value:1
current preference, name:sidebar_folders_enable, value:1
current preference, name:sidebar_quickaccess_enable, value:1
current preference, name:savepaths, value:1
current preference, name:showThumbs, value:1
current preference, name:showHidden, value:0
current preference, name:showLastModified, value:1
current preference, name:showFileSize, value:1
current preference, name:goBack_checkbox, value:0
current preference, name:enableMarqueeFilename, value:1
current preference, name:showPermissions, value:0
current preference, name:rootmode, value:0
cmd:[python, C:\Users\yifeiLu\Documents\TestingProjectHome\AmazeFileManager\testcase\interestcases\testcase0_20_6_006.py]

OK

consumed time: 120.171000004 s

jacoco time: 5.00600004196 s

OK

consumed time: 42.6909999847 s

jacoco time: 5.00999999046 s

covered targets are: []
uncovered targets are: [2931-6094]
loclog: 2931-6094 uncovered after retrial, deleted!
interestcase 0_20_6_006 end

index.21,  interestcase 6_006 start:
tagetlogs are:[2943-6118]
current preference, name:coloriseIcons, value:1
current preference, name:theme, value:0
current preference, name:circularimages, value:1
current preference, name:showDividers, value:1
current preference, name:showHeaders, value:1
current preference, name:intelliHideToolbar, value:1
current preference, name:sidebar_folders_enable, value:1
current preference, name:sidebar_quickaccess_enable, value:1
current preference, name:savepaths, value:1
current preference, name:showThumbs, value:1
current preference, name:showHidden, value:0
current preference, name:showLastModified, value:1
current preference, name:showFileSize, value:1
current preference, name:goBack_checkbox, value:0
current preference, name:enableMarqueeFilename, value:1
current preference, name:showPermissions, value:0
current preference, name:rootmode, value:0
cmd:[python, C:\Users\yifeiLu\Documents\TestingProjectHome\AmazeFileManager\testcase\interestcases\testcase0_21_6_006.py]

OK

consumed time: 127.111999989 s

jacoco time: 5.00999999046 s

OK

consumed time: 47.0759999752 s

jacoco time: 5.00400018692 s

covered targets are: []
uncovered targets are: [2943-6118]
loclog: 2943-6118 uncovered after retrial, deleted!
interestcase 0_21_6_006 end

index.22,  interestcase 3_018 start:
tagetlogs are:[2755-5790]
current preference, name:coloriseIcons, value:1
current preference, name:theme, value:0
current preference, name:circularimages, value:1
current preference, name:showHeaders, value:1
current preference, name:intelliHideToolbar, value:1
current preference, name:sidebar_folders_enable, value:1
current preference, name:sidebar_quickaccess_enable, value:1
current preference, name:savepaths, value:1
current preference, name:showThumbs, value:1
current preference, name:showHidden, value:0
current preference, name:showLastModified, value:1
current preference, name:showFileSize, value:1
current preference, name:goBack_checkbox, value:0
current preference, name:enableMarqueeFilename, value:1
current preference, name:showPermissions, value:0
current preference, name:rootmode, value:0
cmd:[python, C:\Users\yifeiLu\Documents\TestingProjectHome\AmazeFileManager\testcase\interestcases\testcase0_22_3_018.py]

OK

consumed time: 117.431999922 s

jacoco time: 5.0110001564 s

FAIL

str(e):		Message: UiSelector[CLASS=android.widget.ImageButton, DESCRIPTION=Navigate up]



repr(e):	NoSuchElementException()

Traceback (most recent call last):

  File "C:\Users\yifeiLu\Documents\TestingProjectHome\AmazeFileManager\testcase\interestcases\testcase0_22_3_018.py", line 292, in <module>

    TouchAction(driver).tap(element).perform()

  File "C:\Python27\lib\site-packages\appium\webdriver\common\touch_action.py", line 96, in perform

    self._driver.execute(Command.TOUCH_ACTION, params)

  File "C:\Python27\lib\site-packages\selenium\webdriver\remote\webdriver.py", line 321, in execute

    self.error_handler.check_response(response)

  File "C:\Python27\lib\site-packages\appium\webdriver\errorhandler.py", line 29, in check_response

    raise wde

NoSuchElementException: Message: UiSelector[CLASS=android.widget.ImageButton, DESCRIPTION=Navigate up]





consumed time: 66.9539999962 s

jacoco time: 5.00300002098 s

covered targets are: []
uncovered targets are: [2755-5790]
loclog: 2755-5790 uncovered after retrial, deleted!
interestcase 0_22_3_018 end

index.23,  interestcase 4_017 start:
tagetlogs are:[2939-6110]
current preference, name:coloriseIcons, value:1
current preference, name:theme, value:0
current preference, name:circularimages, value:1
current preference, name:intelliHideToolbar, value:1
current preference, name:sidebar_folders_enable, value:1
current preference, name:sidebar_quickaccess_enable, value:1
current preference, name:savepaths, value:1
current preference, name:showThumbs, value:1
current preference, name:showHidden, value:0
current preference, name:showLastModified, value:1
current preference, name:showFileSize, value:1
current preference, name:enableMarqueeFilename, value:1
current preference, name:showPermissions, value:0
current preference, name:rootmode, value:0
cmd:[python, C:\Users\yifeiLu\Documents\TestingProjectHome\AmazeFileManager\testcase\interestcases\testcase0_23_4_017.py]

OK

consumed time: 103.615999937 s

jacoco time: 5.0039999485 s

FAIL

str(e):		Message: An element could not be located on the page using the given search parameters.



repr(e):	NoSuchElementException()

Traceback (most recent call last):

  File "C:\Users\yifeiLu\Documents\TestingProjectHome\AmazeFileManager\testcase\interestcases\testcase0_23_4_017.py", line 274, in <module>

    element = getElememt(driver, "new UiSelector().className(\"android.widget.ImageButton\").description(\"Navigate up\")")

  File "C:\Users\yifeiLu\Documents\TestingProjectHome\AmazeFileManager\testcase\interestcases\testcase0_23_4_017.py", line 34, in getElememt

    element = driver.find_element_by_android_uiautomator(str)

  File "C:\Python27\lib\site-packages\appium\webdriver\webdriver.py", line 327, in find_element_by_android_uiautomator

    return self.find_element(by=By.ANDROID_UIAUTOMATOR, value=uia_string)

  File "C:\Python27\lib\site-packages\appium\webdriver\webdriver.py", line 219, in find_element

    'value': value})['value']

  File "C:\Python27\lib\site-packages\selenium\webdriver\remote\webdriver.py", line 321, in execute

    self.error_handler.check_response(response)

  File "C:\Python27\lib\site-packages\appium\webdriver\errorhandler.py", line 29, in check_response

    raise wde

NoSuchElementException: Message: An element could not be located on the page using the given search parameters.





consumed time: 40.0550000668 s

jacoco time: 5.0039999485 s

covered targets are: []
uncovered targets are: [2939-6110]
loclog: 2939-6110 uncovered after retrial, deleted!
interestcase 0_23_4_017 end

index.24,  interestcase 6_006 start:
tagetlogs are:[2930-6092]
current preference, name:coloriseIcons, value:1
current preference, name:theme, value:0
current preference, name:circularimages, value:1
current preference, name:showDividers, value:1
current preference, name:showHeaders, value:1
current preference, name:intelliHideToolbar, value:1
current preference, name:sidebar_folders_enable, value:1
current preference, name:sidebar_quickaccess_enable, value:1
current preference, name:savepaths, value:1
current preference, name:showThumbs, value:1
current preference, name:showHidden, value:0
current preference, name:showLastModified, value:1
current preference, name:showFileSize, value:1
current preference, name:goBack_checkbox, value:0
current preference, name:enableMarqueeFilename, value:1
current preference, name:showPermissions, value:0
current preference, name:rootmode, value:0
cmd:[python, C:\Users\yifeiLu\Documents\TestingProjectHome\AmazeFileManager\testcase\interestcases\testcase0_24_6_006.py]

OK

consumed time: 117.203999996 s

jacoco time: 5.00599980354 s

FAIL

str(e):		Message: An element could not be located on the page using the given search parameters.



repr(e):	NoSuchElementException()

Traceback (most recent call last):

  File "C:\Users\yifeiLu\Documents\TestingProjectHome\AmazeFileManager\testcase\interestcases\testcase0_24_6_006.py", line 284, in <module>

    element = getElememt(driver, "new UiSelector().resourceId(\"com.amaze.filemanager:id/home\").className(\"android.widget.TextView\")")

  File "C:\Users\yifeiLu\Documents\TestingProjectHome\AmazeFileManager\testcase\interestcases\testcase0_24_6_006.py", line 34, in getElememt

    element = driver.find_element_by_android_uiautomator(str)

  File "C:\Python27\lib\site-packages\appium\webdriver\webdriver.py", line 327, in find_element_by_android_uiautomator

    return self.find_element(by=By.ANDROID_UIAUTOMATOR, value=uia_string)

  File "C:\Python27\lib\site-packages\appium\webdriver\webdriver.py", line 219, in find_element

    'value': value})['value']

  File "C:\Python27\lib\site-packages\selenium\webdriver\remote\webdriver.py", line 321, in execute

    self.error_handler.check_response(response)

  File "C:\Python27\lib\site-packages\appium\webdriver\errorhandler.py", line 29, in check_response

    raise wde

NoSuchElementException: Message: An element could not be located on the page using the given search parameters.





consumed time: 73.4750001431 s

jacoco time: 5.00600004196 s

covered targets are: []
uncovered targets are: [2930-6092]
loclog: 2930-6092 uncovered after retrial, deleted!
interestcase 0_24_6_006 end

NO.0 Scene:
discovered in ineration NO. 1
origin branch is: 918-1956 ,target branch is: 918-1955
interests are:
ass_mobiledata      0    -1     null
discovered tags are : 0_5_4_017 
--------------------------------
NO.1 Scene:
discovered in ineration NO. 1
origin branch is: 911-1938 ,target branch is: 911-1937
interests are:
ass_mobiledata      0    -1     null
discovered tags are : 0_5_4_017 
--------------------------------
NO.2 Scene:
discovered in ineration NO. 1
origin branch is: 5413-10869 ,target branch is: 5413-10870
interests are:
crypt_fingerprint      1    37     Security
discovered tags are : 0_2_5_005 0_10_4_002 0_16_4_025 0_14_5_005 0_1_6_006 0_13_1_029 0_22_3_018 0_20_6_006 0_21_6_006 0_17_5_005 0_11_6_015 0_12_5_005 0_23_4_017 0_24_6_006 0_19_1_021 0_18_4_025 0_3_7_021 0_15_5_005 
--------------------------------
index.1,  interestcase 0_24_6_006 start:
tagetlogs are:[5413-10870]
current preference, name:coloriseIcons, value:1
current preference, name:theme, value:0
current preference, name:circularimages, value:1
current preference, name:showDividers, value:1
current preference, name:showHeaders, value:1
current preference, name:intelliHideToolbar, value:1
current preference, name:sidebar_folders_enable, value:1
current preference, name:sidebar_quickaccess_enable, value:1
current preference, name:savepaths, value:1
current preference, name:showThumbs, value:1
current preference, name:showHidden, value:0
current preference, name:showLastModified, value:1
current preference, name:showFileSize, value:1
current preference, name:goBack_checkbox, value:0
current preference, name:enableMarqueeFilename, value:1
current preference, name:crypt_fingerprint, value:1
current preference, name:showPermissions, value:0
current preference, name:rootmode, value:0
cmd:[python, C:\Users\yifeiLu\Documents\TestingProjectHome\AmazeFileManager\testcase\interestcases\testcase1_1_0_24_6_006.py]

OK

consumed time: 121.068000078 s

jacoco time: 5.00699996948 s

OK

consumed time: 60.4279999733 s

jacoco time: 5.0039999485 s

covered targets are: []
uncovered targets are: [5413-10870]
loclog: 5413-10870 uncovered after retrial, deleted!
interestcase 1_1_0_24_6_006 end

index.2,  interestcase 0_5_4_017 start:
tagetlogs are:[911-1937]
current preference, name:circularimages, value:0
current preference, name:showThumbs, value:0
current systemservice, name: ass_mobiledata, value: 0
cmd:[python, C:\Users\yifeiLu\Documents\TestingProjectHome\AmazeFileManager\testcase\interestcases\testcase1_2_0_5_4_017.py]

OK

consumed time: 25.003000021 s

jacoco time: 5.0039999485 s

FAIL

str(e):		Message: An element could not be located on the page using the given search parameters.



repr(e):	NoSuchElementException()

Traceback (most recent call last):

  File "C:\Users\yifeiLu\Documents\TestingProjectHome\AmazeFileManager\testcase\interestcases\testcase1_2_0_5_4_017.py", line 249, in <module>

    element = getElememt(driver, "new UiSelector().className(\"android.widget.ImageButton\").description(\"Navigate up\")")

  File "C:\Users\yifeiLu\Documents\TestingProjectHome\AmazeFileManager\testcase\interestcases\testcase1_2_0_5_4_017.py", line 34, in getElememt

    element = driver.find_element_by_android_uiautomator(str)

  File "C:\Python27\lib\site-packages\appium\webdriver\webdriver.py", line 327, in find_element_by_android_uiautomator

    return self.find_element(by=By.ANDROID_UIAUTOMATOR, value=uia_string)

  File "C:\Python27\lib\site-packages\appium\webdriver\webdriver.py", line 219, in find_element

    'value': value})['value']

  File "C:\Python27\lib\site-packages\selenium\webdriver\remote\webdriver.py", line 321, in execute

    self.error_handler.check_response(response)

  File "C:\Python27\lib\site-packages\appium\webdriver\errorhandler.py", line 29, in check_response

    raise wde

NoSuchElementException: Message: An element could not be located on the page using the given search parameters.





consumed time: 41.0230000019 s

jacoco time: 5.0039999485 s

covered targets are: []
uncovered targets are: [911-1937]
loclog: 911-1937 uncovered after retrial, deleted!
interestcase 1_2_0_5_4_017 end

index.3,  interestcase 0_5_4_017 start:
tagetlogs are:[918-1955]
current preference, name:circularimages, value:0
current preference, name:showThumbs, value:0
current systemservice, name: ass_mobiledata, value: 0
cmd:[python, C:\Users\yifeiLu\Documents\TestingProjectHome\AmazeFileManager\testcase\interestcases\testcase1_3_0_5_4_017.py]

OK

consumed time: 28.2200000286 s

jacoco time: 5.01099991798 s

FAIL

str(e):		Message: An element could not be located on the page using the given search parameters.



repr(e):	NoSuchElementException()

Traceback (most recent call last):

  File "C:\Users\yifeiLu\Documents\TestingProjectHome\AmazeFileManager\testcase\interestcases\testcase1_3_0_5_4_017.py", line 249, in <module>

    element = getElememt(driver, "new UiSelector().className(\"android.widget.ImageButton\").description(\"Navigate up\")")

  File "C:\Users\yifeiLu\Documents\TestingProjectHome\AmazeFileManager\testcase\interestcases\testcase1_3_0_5_4_017.py", line 34, in getElememt

    element = driver.find_element_by_android_uiautomator(str)

  File "C:\Python27\lib\site-packages\appium\webdriver\webdriver.py", line 327, in find_element_by_android_uiautomator

    return self.find_element(by=By.ANDROID_UIAUTOMATOR, value=uia_string)

  File "C:\Python27\lib\site-packages\appium\webdriver\webdriver.py", line 219, in find_element

    'value': value})['value']

  File "C:\Python27\lib\site-packages\selenium\webdriver\remote\webdriver.py", line 321, in execute

    self.error_handler.check_response(response)

  File "C:\Python27\lib\site-packages\appium\webdriver\errorhandler.py", line 29, in check_response

    raise wde

NoSuchElementException: Message: An element could not be located on the page using the given search parameters.





consumed time: 36.5610001087 s

jacoco time: 5.0039999485 s

covered targets are: []
uncovered targets are: [918-1955]
loclog: 918-1955 uncovered after retrial, deleted!
interestcase 1_3_0_5_4_017 end

