{"testcasedatas":[{"firstjacocotime":5.003,"tagname":"2_027","firstexecutionsuccess":false,"firsttestcasepath":"\\calenderNotification\\testcase\\firstcases\\testcase2_027.py","firstconsumedtime":27.574,"firstlocpath":"\\calenderNotification\\testcase\\firstcases\\exeresult\\2_027.txt","firstcoveragepath":"\\calenderNotification\\testcase\\firstcases\\coverage\\coverage2_027.ec","firsterrorlog":"FAILstr(e):\t\tMessage: An element could not be located on the page using the given search parameters.repr(e):\tNoSuchElementException()Traceback (most recent call last):  File \"C:\\Users\\yifeiLu\\Documents\\TestingProjectHome\\calenderNotification\\testcase\\firstcases\\testcase2_027.py\", line 210, in <module>    element = getElememtBack(driver, \"new UiSelector().text(\\\"Report any bugs or suggestions directly to github:\\\")\", \"new UiSelector().className(\\\"android.widget.TextView\\\").instance(1)\")  File \"C:\\Users\\yifeiLu\\Documents\\TestingProjectHome\\calenderNotification\\testcase\\firstcases\\testcase2_027.py\", line 53, in getElememtBack    element = driver.find_element_by_android_uiautomator(str2)  File \"C:\\Python27\\lib\\site-packages\\appium\\webdriver\\webdriver.py\", line 327, in find_element_by_android_uiautomator    return self.find_element(by=By.ANDROID_UIAUTOMATOR, value=uia_string)  File \"C:\\Python27\\lib\\site-packages\\appium\\webdriver\\webdriver.py\", line 219, in find_element    'value': value})['value']  File \"C:\\Python27\\lib\\site-packages\\selenium\\webdriver\\remote\\webdriver.py\", line 321, in execute    self.error_handler.check_response(response)  File \"C:\\Python27\\lib\\site-packages\\appium\\webdriver\\errorhandler.py\", line 29, in check_response    raise wdeNoSuchElementException: Message: An element could not be located on the page using the given search parameters."},{"firstjacocotime":5.0049996,"tagname":"2_028","firstexecutionsuccess":true,"firsttestcasepath":"\\calenderNotification\\testcase\\firstcases\\testcase2_028.py","firstconsumedtime":83.799,"firstlocpath":"\\calenderNotification\\testcase\\firstcases\\exeresult\\2_028.txt","firstcoveragepath":"\\calenderNotification\\testcase\\firstcases\\coverage\\coverage2_028.ec","firsterrorlog":null},{"firstjacocotime":5.002,"tagname":"2_029","firstexecutionsuccess":false,"firsttestcasepath":"\\calenderNotification\\testcase\\firstcases\\testcase2_029.py","firstconsumedtime":63.736,"firstlocpath":"\\calenderNotification\\testcase\\firstcases\\exeresult\\2_029.txt","firstcoveragepath":"\\calenderNotification\\testcase\\firstcases\\coverage\\coverage2_029.ec","firsterrorlog":"FAILstr(e):\t\tMessage: An element could not be located on the page using the given search parameters.repr(e):\tNoSuchElementException()Traceback (most recent call last):  File \"C:\\Users\\yifeiLu\\Documents\\TestingProjectHome\\calenderNotification\\testcase\\firstcases\\testcase2_029.py\", line 232, in <module>    element = getElememtBack(driver, \"new UiSelector().text(\\\"15 minutes\\\")\", \"new UiSelector().className(\\\"android.widget.TextView\\\").instance(6)\")  File \"C:\\Users\\yifeiLu\\Documents\\TestingProjectHome\\calenderNotification\\testcase\\firstcases\\testcase2_029.py\", line 53, in getElememtBack    element = driver.find_element_by_android_uiautomator(str2)  File \"C:\\Python27\\lib\\site-packages\\appium\\webdriver\\webdriver.py\", line 327, in find_element_by_android_uiautomator    return self.find_element(by=By.ANDROID_UIAUTOMATOR, value=uia_string)  File \"C:\\Python27\\lib\\site-packages\\appium\\webdriver\\webdriver.py\", line 219, in find_element    'value': value})['value']  File \"C:\\Python27\\lib\\site-packages\\selenium\\webdriver\\remote\\webdriver.py\", line 321, in execute    self.error_handler.check_response(response)  File \"C:\\Python27\\lib\\site-packages\\appium\\webdriver\\errorhandler.py\", line 29, in check_response    raise wdeNoSuchElementException: Message: An element could not be located on the page using the given search parameters."},{"firstjacocotime":5.0039997,"tagname":"2_023","firstexecutionsuccess":false,"firsttestcasepath":"\\calenderNotification\\testcase\\firstcases\\testcase2_023.py","firstconsumedtime":37.904,"firstlocpath":"\\calenderNotification\\testcase\\firstcases\\exeresult\\2_023.txt","firstcoveragepath":"\\calenderNotification\\testcase\\firstcases\\coverage\\coverage2_023.ec","firsterrorlog":"FAILstr(e):\t\tMessage: An element could not be located on the page using the given search parameters.repr(e):\tNoSuchElementException()Traceback (most recent call last):  File \"C:\\Users\\yifeiLu\\Documents\\TestingProjectHome\\calenderNotification\\testcase\\firstcases\\testcase2_023.py\", line 218, in <module>    element = getElememt(driver, \"new UiSelector().resourceId(\\\"com.github.quarck.calnotify:id\/card_view_event_name\\\").className(\\\"android.widget.TextView\\\")\")  File \"C:\\Users\\yifeiLu\\Documents\\TestingProjectHome\\calenderNotification\\testcase\\firstcases\\testcase2_023.py\", line 34, in getElememt    element = driver.find_element_by_android_uiautomator(str)  File \"C:\\Python27\\lib\\site-packages\\appium\\webdriver\\webdriver.py\", line 327, in find_element_by_android_uiautomator    return self.find_element(by=By.ANDROID_UIAUTOMATOR, value=uia_string)  File \"C:\\Python27\\lib\\site-packages\\appium\\webdriver\\webdriver.py\", line 219, in find_element    'value': value})['value']  File \"C:\\Python27\\lib\\site-packages\\selenium\\webdriver\\remote\\webdriver.py\", line 321, in execute    self.error_handler.check_response(response)  File \"C:\\Python27\\lib\\site-packages\\appium\\webdriver\\errorhandler.py\", line 29, in check_response    raise wdeNoSuchElementException: Message: An element could not be located on the page using the given search parameters."},{"firstjacocotime":5.003,"tagname":"2_024","firstexecutionsuccess":false,"firsttestcasepath":"\\calenderNotification\\testcase\\firstcases\\testcase2_024.py","firstconsumedtime":41.981,"firstlocpath":"\\calenderNotification\\testcase\\firstcases\\exeresult\\2_024.txt","firstcoveragepath":"\\calenderNotification\\testcase\\firstcases\\coverage\\coverage2_024.ec","firsterrorlog":"FAILstr(e):\t\tMessage: An element could not be located on the page using the given search parameters.repr(e):\tNoSuchElementException()Traceback (most recent call last):  File \"C:\\Users\\yifeiLu\\Documents\\TestingProjectHome\\calenderNotification\\testcase\\firstcases\\testcase2_024.py\", line 226, in <module>    element = getElememtBack(driver, \"new UiSelector().text(\\\"6:30 AM\\\")\", \"new UiSelector().className(\\\"android.widget.Button\\\").instance(4)\")  File \"C:\\Users\\yifeiLu\\Documents\\TestingProjectHome\\calenderNotification\\testcase\\firstcases\\testcase2_024.py\", line 53, in getElememtBack    element = driver.find_element_by_android_uiautomator(str2)  File \"C:\\Python27\\lib\\site-packages\\appium\\webdriver\\webdriver.py\", line 327, in find_element_by_android_uiautomator    return self.find_element(by=By.ANDROID_UIAUTOMATOR, value=uia_string)  File \"C:\\Python27\\lib\\site-packages\\appium\\webdriver\\webdriver.py\", line 219, in find_element    'value': value})['value']  File \"C:\\Python27\\lib\\site-packages\\selenium\\webdriver\\remote\\webdriver.py\", line 321, in execute    self.error_handler.check_response(response)  File \"C:\\Python27\\lib\\site-packages\\appium\\webdriver\\errorhandler.py\", line 29, in check_response    raise wdeNoSuchElementException: Message: An element could not be located on the page using the given search parameters."},{"firstjacocotime":5.0039997,"tagname":"2_025","firstexecutionsuccess":false,"firsttestcasepath":"\\calenderNotification\\testcase\\firstcases\\testcase2_025.py","firstconsumedtime":26.308,"firstlocpath":"\\calenderNotification\\testcase\\firstcases\\exeresult\\2_025.txt","firstcoveragepath":"\\calenderNotification\\testcase\\firstcases\\coverage\\coverage2_025.ec","firsterrorlog":"FAILstr(e):\t\tMessage: An element could not be located on the page using the given search parameters.repr(e):\tNoSuchElementException()Traceback (most recent call last):  File \"C:\\Users\\yifeiLu\\Documents\\TestingProjectHome\\calenderNotification\\testcase\\firstcases\\testcase2_025.py\", line 211, in <module>    element = getElememtBack(driver, \"new UiSelector().text(\\\"OK\\\")\", \"new UiSelector().className(\\\"android.widget.Button\\\")\")  File \"C:\\Users\\yifeiLu\\Documents\\TestingProjectHome\\calenderNotification\\testcase\\firstcases\\testcase2_025.py\", line 53, in getElememtBack    element = driver.find_element_by_android_uiautomator(str2)  File \"C:\\Python27\\lib\\site-packages\\appium\\webdriver\\webdriver.py\", line 327, in find_element_by_android_uiautomator    return self.find_element(by=By.ANDROID_UIAUTOMATOR, value=uia_string)  File \"C:\\Python27\\lib\\site-packages\\appium\\webdriver\\webdriver.py\", line 219, in find_element    'value': value})['value']  File \"C:\\Python27\\lib\\site-packages\\selenium\\webdriver\\remote\\webdriver.py\", line 321, in execute    self.error_handler.check_response(response)  File \"C:\\Python27\\lib\\site-packages\\appium\\webdriver\\errorhandler.py\", line 29, in check_response    raise wdeNoSuchElementException: Message: An element could not be located on the page using the given search parameters."},{"firstjacocotime":5.003,"tagname":"2_026","firstexecutionsuccess":true,"firsttestcasepath":"\\calenderNotification\\testcase\\firstcases\\testcase2_026.py","firstconsumedtime":26.405,"firstlocpath":"\\calenderNotification\\testcase\\firstcases\\exeresult\\2_026.txt","firstcoveragepath":"\\calenderNotification\\testcase\\firstcases\\coverage\\coverage2_026.ec","firsterrorlog":null},{"firstjacocotime":5.0039997,"tagname":"2_020","firstexecutionsuccess":true,"firsttestcasepath":"\\calenderNotification\\testcase\\firstcases\\testcase2_020.py","firstconsumedtime":17.139,"firstlocpath":"\\calenderNotification\\testcase\\firstcases\\exeresult\\2_020.txt","firstcoveragepath":"\\calenderNotification\\testcase\\firstcases\\coverage\\coverage2_020.ec","firsterrorlog":null},{"firstjacocotime":5.0039997,"tagname":"2_021","firstexecutionsuccess":false,"firsttestcasepath":"\\calenderNotification\\testcase\\firstcases\\testcase2_021.py","firstconsumedtime":21.765,"firstlocpath":"\\calenderNotification\\testcase\\firstcases\\exeresult\\2_021.txt","firstcoveragepath":"\\calenderNotification\\testcase\\firstcases\\coverage\\coverage2_021.ec","firsterrorlog":"FAILstr(e):\t\tMessage: An element could not be located on the page using the given search parameters.repr(e):\tNoSuchElementException()Traceback (most recent call last):  File \"C:\\Users\\yifeiLu\\Documents\\TestingProjectHome\\calenderNotification\\testcase\\firstcases\\testcase2_021.py\", line 204, in <module>    element = getElememtBack(driver, \"new UiSelector().text(\\\"01\\\")\", \"new UiSelector().className(\\\"android.widget.Button\\\").instance(3)\")  File \"C:\\Users\\yifeiLu\\Documents\\TestingProjectHome\\calenderNotification\\testcase\\firstcases\\testcase2_021.py\", line 53, in getElememtBack    element = driver.find_element_by_android_uiautomator(str2)  File \"C:\\Python27\\lib\\site-packages\\appium\\webdriver\\webdriver.py\", line 327, in find_element_by_android_uiautomator    return self.find_element(by=By.ANDROID_UIAUTOMATOR, value=uia_string)  File \"C:\\Python27\\lib\\site-packages\\appium\\webdriver\\webdriver.py\", line 219, in find_element    'value': value})['value']  File \"C:\\Python27\\lib\\site-packages\\selenium\\webdriver\\remote\\webdriver.py\", line 321, in execute    self.error_handler.check_response(response)  File \"C:\\Python27\\lib\\site-packages\\appium\\webdriver\\errorhandler.py\", line 29, in check_response    raise wdeNoSuchElementException: Message: An element could not be located on the page using the given search parameters."},{"firstjacocotime":5.002,"tagname":"2_022","firstexecutionsuccess":false,"firsttestcasepath":"\\calenderNotification\\testcase\\firstcases\\testcase2_022.py","firstconsumedtime":41.765,"firstlocpath":"\\calenderNotification\\testcase\\firstcases\\exeresult\\2_022.txt","firstcoveragepath":"\\calenderNotification\\testcase\\firstcases\\coverage\\coverage2_022.ec","firsterrorlog":"FAILstr(e):\t\tMessage: An element could not be located on the page using the given search parameters.repr(e):\tNoSuchElementException()Traceback (most recent call last):  File \"C:\\Users\\yifeiLu\\Documents\\TestingProjectHome\\calenderNotification\\testcase\\firstcases\\testcase2_022.py\", line 221, in <module>    element = getElememtBack(driver, \"new UiSelector().text(\\\"28\\\")\", \"new UiSelector().className(\\\"android.widget.Button\\\").instance(3)\")  File \"C:\\Users\\yifeiLu\\Documents\\TestingProjectHome\\calenderNotification\\testcase\\firstcases\\testcase2_022.py\", line 53, in getElememtBack    element = driver.find_element_by_android_uiautomator(str2)  File \"C:\\Python27\\lib\\site-packages\\appium\\webdriver\\webdriver.py\", line 327, in find_element_by_android_uiautomator    return self.find_element(by=By.ANDROID_UIAUTOMATOR, value=uia_string)  File \"C:\\Python27\\lib\\site-packages\\appium\\webdriver\\webdriver.py\", line 219, in find_element    'value': value})['value']  File \"C:\\Python27\\lib\\site-packages\\selenium\\webdriver\\remote\\webdriver.py\", line 321, in execute    self.error_handler.check_response(response)  File \"C:\\Python27\\lib\\site-packages\\appium\\webdriver\\errorhandler.py\", line 29, in check_response    raise wdeNoSuchElementException: Message: An element could not be located on the page using the given search parameters."},{"firstjacocotime":5.0039997,"tagname":"2_016","firstexecutionsuccess":true,"firsttestcasepath":"\\calenderNotification\\testcase\\firstcases\\testcase2_016.py","firstconsumedtime":20.735,"firstlocpath":"\\calenderNotification\\testcase\\firstcases\\exeresult\\2_016.txt","firstcoveragepath":"\\calenderNotification\\testcase\\firstcases\\coverage\\coverage2_016.ec","firsterrorlog":null},{"firstjacocotime":5.002,"tagname":"2_017","firstexecutionsuccess":false,"firsttestcasepath":"\\calenderNotification\\testcase\\firstcases\\testcase2_017.py","firstconsumedtime":28.042,"firstlocpath":"\\calenderNotification\\testcase\\firstcases\\exeresult\\2_017.txt","firstcoveragepath":"\\calenderNotification\\testcase\\firstcases\\coverage\\coverage2_017.ec","firsterrorlog":"FAILstr(e):\t\tMessage: An element could not be located on the page using the given search parameters.repr(e):\tNoSuchElementException()Traceback (most recent call last):  File \"C:\\Users\\yifeiLu\\Documents\\TestingProjectHome\\calenderNotification\\testcase\\firstcases\\testcase2_017.py\", line 212, in <module>    element = getElememt(driver, \"new UiSelector().className(\\\"android.widget.ImageButton\\\").description(\\\"Navigate up\\\")\")  File \"C:\\Users\\yifeiLu\\Documents\\TestingProjectHome\\calenderNotification\\testcase\\firstcases\\testcase2_017.py\", line 34, in getElememt    element = driver.find_element_by_android_uiautomator(str)  File \"C:\\Python27\\lib\\site-packages\\appium\\webdriver\\webdriver.py\", line 327, in find_element_by_android_uiautomator    return self.find_element(by=By.ANDROID_UIAUTOMATOR, value=uia_string)  File \"C:\\Python27\\lib\\site-packages\\appium\\webdriver\\webdriver.py\", line 219, in find_element    'value': value})['value']  File \"C:\\Python27\\lib\\site-packages\\selenium\\webdriver\\remote\\webdriver.py\", line 321, in execute    self.error_handler.check_response(response)  File \"C:\\Python27\\lib\\site-packages\\appium\\webdriver\\errorhandler.py\", line 29, in check_response    raise wdeNoSuchElementException: Message: An element could not be located on the page using the given search parameters."},{"firstjacocotime":5.004,"tagname":"2_018","firstexecutionsuccess":false,"firsttestcasepath":"\\calenderNotification\\testcase\\firstcases\\testcase2_018.py","firstconsumedtime":31.222,"firstlocpath":"\\calenderNotification\\testcase\\firstcases\\exeresult\\2_018.txt","firstcoveragepath":"\\calenderNotification\\testcase\\firstcases\\coverage\\coverage2_018.ec","firsterrorlog":"FAILstr(e):\t\tMessage: An element could not be located on the page using the given search parameters.repr(e):\tNoSuchElementException()Traceback (most recent call last):  File \"C:\\Users\\yifeiLu\\Documents\\TestingProjectHome\\calenderNotification\\testcase\\firstcases\\testcase2_018.py\", line 212, in <module>    element = getElememtBack(driver, \"new UiSelector().text(\\\"Jan\\\")\", \"new UiSelector().className(\\\"android.widget.Button\\\")\")  File \"C:\\Users\\yifeiLu\\Documents\\TestingProjectHome\\calenderNotification\\testcase\\firstcases\\testcase2_018.py\", line 53, in getElememtBack    element = driver.find_element_by_android_uiautomator(str2)  File \"C:\\Python27\\lib\\site-packages\\appium\\webdriver\\webdriver.py\", line 327, in find_element_by_android_uiautomator    return self.find_element(by=By.ANDROID_UIAUTOMATOR, value=uia_string)  File \"C:\\Python27\\lib\\site-packages\\appium\\webdriver\\webdriver.py\", line 219, in find_element    'value': value})['value']  File \"C:\\Python27\\lib\\site-packages\\selenium\\webdriver\\remote\\webdriver.py\", line 321, in execute    self.error_handler.check_response(response)  File \"C:\\Python27\\lib\\site-packages\\appium\\webdriver\\errorhandler.py\", line 29, in check_response    raise wdeNoSuchElementException: Message: An element could not be located on the page using the given search parameters."},{"firstjacocotime":5.004,"tagname":"2_019","firstexecutionsuccess":false,"firsttestcasepath":"\\calenderNotification\\testcase\\firstcases\\testcase2_019.py","firstconsumedtime":24.415,"firstlocpath":"\\calenderNotification\\testcase\\firstcases\\exeresult\\2_019.txt","firstcoveragepath":"\\calenderNotification\\testcase\\firstcases\\coverage\\coverage2_019.ec","firsterrorlog":"FAILstr(e):\t\tMessage: An element could not be located on the page using the given search parameters.repr(e):\tNoSuchElementException()Traceback (most recent call last):  File \"C:\\Users\\yifeiLu\\Documents\\TestingProjectHome\\calenderNotification\\testcase\\firstcases\\testcase2_019.py\", line 204, in <module>    element = getElememtBack(driver, \"new UiSelector().text(\\\"Jan\\\")\", \"new UiSelector().className(\\\"android.widget.Button\\\").instance(1)\")  File \"C:\\Users\\yifeiLu\\Documents\\TestingProjectHome\\calenderNotification\\testcase\\firstcases\\testcase2_019.py\", line 53, in getElememtBack    element = driver.find_element_by_android_uiautomator(str2)  File \"C:\\Python27\\lib\\site-packages\\appium\\webdriver\\webdriver.py\", line 327, in find_element_by_android_uiautomator    return self.find_element(by=By.ANDROID_UIAUTOMATOR, value=uia_string)  File \"C:\\Python27\\lib\\site-packages\\appium\\webdriver\\webdriver.py\", line 219, in find_element    'value': value})['value']  File \"C:\\Python27\\lib\\site-packages\\selenium\\webdriver\\remote\\webdriver.py\", line 321, in execute    self.error_handler.check_response(response)  File \"C:\\Python27\\lib\\site-packages\\appium\\webdriver\\errorhandler.py\", line 29, in check_response    raise wdeNoSuchElementException: Message: An element could not be located on the page using the given search parameters."},{"firstjacocotime":5.004,"tagname":"2_012","firstexecutionsuccess":false,"firsttestcasepath":"\\calenderNotification\\testcase\\firstcases\\testcase2_012.py","firstconsumedtime":20.727,"firstlocpath":"\\calenderNotification\\testcase\\firstcases\\exeresult\\2_012.txt","firstcoveragepath":"\\calenderNotification\\testcase\\firstcases\\coverage\\coverage2_012.ec","firsterrorlog":"FAILstr(e):\t\tMessage: An element could not be located on the page using the given search parameters.repr(e):\tNoSuchElementException()Traceback (most recent call last):  File \"C:\\Users\\yifeiLu\\Documents\\TestingProjectHome\\calenderNotification\\testcase\\firstcases\\testcase2_012.py\", line 204, in <module>    element = getElememtBack(driver, \"new UiSelector().text(\\\"Feb\\\")\", \"new UiSelector().className(\\\"android.widget.Button\\\")\")  File \"C:\\Users\\yifeiLu\\Documents\\TestingProjectHome\\calenderNotification\\testcase\\firstcases\\testcase2_012.py\", line 53, in getElememtBack    element = driver.find_element_by_android_uiautomator(str2)  File \"C:\\Python27\\lib\\site-packages\\appium\\webdriver\\webdriver.py\", line 327, in find_element_by_android_uiautomator    return self.find_element(by=By.ANDROID_UIAUTOMATOR, value=uia_string)  File \"C:\\Python27\\lib\\site-packages\\appium\\webdriver\\webdriver.py\", line 219, in find_element    'value': value})['value']  File \"C:\\Python27\\lib\\site-packages\\selenium\\webdriver\\remote\\webdriver.py\", line 321, in execute    self.error_handler.check_response(response)  File \"C:\\Python27\\lib\\site-packages\\appium\\webdriver\\errorhandler.py\", line 29, in check_response    raise wdeNoSuchElementException: Message: An element could not be located on the page using the given search parameters."},{"firstjacocotime":5.002,"tagname":"2_013","firstexecutionsuccess":false,"firsttestcasepath":"\\calenderNotification\\testcase\\firstcases\\testcase2_013.py","firstconsumedtime":21.073,"firstlocpath":"\\calenderNotification\\testcase\\firstcases\\exeresult\\2_013.txt","firstcoveragepath":"\\calenderNotification\\testcase\\firstcases\\coverage\\coverage2_013.ec","firsterrorlog":"FAILstr(e):\t\tMessage: An element could not be located on the page using the given search parameters.repr(e):\tNoSuchElementException()Traceback (most recent call last):  File \"C:\\Users\\yifeiLu\\Documents\\TestingProjectHome\\calenderNotification\\testcase\\firstcases\\testcase2_013.py\", line 204, in <module>    element = getElememtBack(driver, \"new UiSelector().text(\\\"Apr\\\")\", \"new UiSelector().className(\\\"android.widget.Button\\\").instance(1)\")  File \"C:\\Users\\yifeiLu\\Documents\\TestingProjectHome\\calenderNotification\\testcase\\firstcases\\testcase2_013.py\", line 53, in getElememtBack    element = driver.find_element_by_android_uiautomator(str2)  File \"C:\\Python27\\lib\\site-packages\\appium\\webdriver\\webdriver.py\", line 327, in find_element_by_android_uiautomator    return self.find_element(by=By.ANDROID_UIAUTOMATOR, value=uia_string)  File \"C:\\Python27\\lib\\site-packages\\appium\\webdriver\\webdriver.py\", line 219, in find_element    'value': value})['value']  File \"C:\\Python27\\lib\\site-packages\\selenium\\webdriver\\remote\\webdriver.py\", line 321, in execute    self.error_handler.check_response(response)  File \"C:\\Python27\\lib\\site-packages\\appium\\webdriver\\errorhandler.py\", line 29, in check_response    raise wdeNoSuchElementException: Message: An element could not be located on the page using the given search parameters."},{"firstjacocotime":5.003,"tagname":"2_014","firstexecutionsuccess":true,"firsttestcasepath":"\\calenderNotification\\testcase\\firstcases\\testcase2_014.py","firstconsumedtime":27.206,"firstlocpath":"\\calenderNotification\\testcase\\firstcases\\exeresult\\2_014.txt","firstcoveragepath":"\\calenderNotification\\testcase\\firstcases\\coverage\\coverage2_014.ec","firsterrorlog":null},{"firstjacocotime":5.003,"tagname":"2_015","firstexecutionsuccess":false,"firsttestcasepath":"\\calenderNotification\\testcase\\firstcases\\testcase2_015.py","firstconsumedtime":41.63,"firstlocpath":"\\calenderNotification\\testcase\\firstcases\\exeresult\\2_015.txt","firstcoveragepath":"\\calenderNotification\\testcase\\firstcases\\coverage\\coverage2_015.ec","firsterrorlog":"FAILstr(e):\t\tMessage: An element could not be located on the page using the given search parameters.repr(e):\tNoSuchElementException()Traceback (most recent call last):  File \"C:\\Users\\yifeiLu\\Documents\\TestingProjectHome\\calenderNotification\\testcase\\firstcases\\testcase2_015.py\", line 217, in <module>    element = getElememtBack(driver, \"new UiSelector().text(\\\"4 hours\\\")\", \"new UiSelector().className(\\\"android.widget.TextView\\\").instance(11)\")  File \"C:\\Users\\yifeiLu\\Documents\\TestingProjectHome\\calenderNotification\\testcase\\firstcases\\testcase2_015.py\", line 53, in getElememtBack    element = driver.find_element_by_android_uiautomator(str2)  File \"C:\\Python27\\lib\\site-packages\\appium\\webdriver\\webdriver.py\", line 327, in find_element_by_android_uiautomator    return self.find_element(by=By.ANDROID_UIAUTOMATOR, value=uia_string)  File \"C:\\Python27\\lib\\site-packages\\appium\\webdriver\\webdriver.py\", line 219, in find_element    'value': value})['value']  File \"C:\\Python27\\lib\\site-packages\\selenium\\webdriver\\remote\\webdriver.py\", line 321, in execute    self.error_handler.check_response(response)  File \"C:\\Python27\\lib\\site-packages\\appium\\webdriver\\errorhandler.py\", line 29, in check_response    raise wdeNoSuchElementException: Message: An element could not be located on the page using the given search parameters."},{"firstjacocotime":5.003,"tagname":"2_010","firstexecutionsuccess":false,"firsttestcasepath":"\\calenderNotification\\testcase\\firstcases\\testcase2_010.py","firstconsumedtime":21.921,"firstlocpath":"\\calenderNotification\\testcase\\firstcases\\exeresult\\2_010.txt","firstcoveragepath":"\\calenderNotification\\testcase\\firstcases\\coverage\\coverage2_010.ec","firsterrorlog":"FAILstr(e):\t\tMessage: An element could not be located on the page using the given search parameters.repr(e):\tNoSuchElementException()Traceback (most recent call last):  File \"C:\\Users\\yifeiLu\\Documents\\TestingProjectHome\\calenderNotification\\testcase\\firstcases\\testcase2_010.py\", line 204, in <module>    element = getElememtBack(driver, \"new UiSelector().text(\\\"2019\\\")\", \"new UiSelector().className(\\\"android.widget.Button\\\").instance(5)\")  File \"C:\\Users\\yifeiLu\\Documents\\TestingProjectHome\\calenderNotification\\testcase\\firstcases\\testcase2_010.py\", line 53, in getElememtBack    element = driver.find_element_by_android_uiautomator(str2)  File \"C:\\Python27\\lib\\site-packages\\appium\\webdriver\\webdriver.py\", line 327, in find_element_by_android_uiautomator    return self.find_element(by=By.ANDROID_UIAUTOMATOR, value=uia_string)  File \"C:\\Python27\\lib\\site-packages\\appium\\webdriver\\webdriver.py\", line 219, in find_element    'value': value})['value']  File \"C:\\Python27\\lib\\site-packages\\selenium\\webdriver\\remote\\webdriver.py\", line 321, in execute    self.error_handler.check_response(response)  File \"C:\\Python27\\lib\\site-packages\\appium\\webdriver\\errorhandler.py\", line 29, in check_response    raise wdeNoSuchElementException: Message: An element could not be located on the page using the given search parameters."},{"firstjacocotime":5.0039997,"tagname":"2_011","firstexecutionsuccess":true,"firsttestcasepath":"\\calenderNotification\\testcase\\firstcases\\testcase2_011.py","firstconsumedtime":61.061,"firstlocpath":"\\calenderNotification\\testcase\\firstcases\\exeresult\\2_011.txt","firstcoveragepath":"\\calenderNotification\\testcase\\firstcases\\coverage\\coverage2_011.ec","firsterrorlog":null},{"firstjacocotime":5.003,"tagname":"5_000","firstexecutionsuccess":false,"firsttestcasepath":"\\calenderNotification\\testcase\\firstcases\\testcase5_000.py","firstconsumedtime":45.697,"firstlocpath":"\\calenderNotification\\testcase\\firstcases\\exeresult\\5_000.txt","firstcoveragepath":"\\calenderNotification\\testcase\\firstcases\\coverage\\coverage5_000.ec","firsterrorlog":"FAILstr(e):\t\tMessage: An element could not be located on the page using the given search parameters.repr(e):\tNoSuchElementException()Traceback (most recent call last):  File \"C:\\Users\\yifeiLu\\Documents\\TestingProjectHome\\calenderNotification\\testcase\\firstcases\\testcase5_000.py\", line 233, in <module>    element = getElememtBack(driver, \"new UiSelector().text(\\\"Until specific time and date\\\")\", \"new UiSelector().className(\\\"android.widget.TextView\\\").instance(15)\")  File \"C:\\Users\\yifeiLu\\Documents\\TestingProjectHome\\calenderNotification\\testcase\\firstcases\\testcase5_000.py\", line 53, in getElememtBack    element = driver.find_element_by_android_uiautomator(str2)  File \"C:\\Python27\\lib\\site-packages\\appium\\webdriver\\webdriver.py\", line 327, in find_element_by_android_uiautomator    return self.find_element(by=By.ANDROID_UIAUTOMATOR, value=uia_string)  File \"C:\\Python27\\lib\\site-packages\\appium\\webdriver\\webdriver.py\", line 219, in find_element    'value': value})['value']  File \"C:\\Python27\\lib\\site-packages\\selenium\\webdriver\\remote\\webdriver.py\", line 321, in execute    self.error_handler.check_response(response)  File \"C:\\Python27\\lib\\site-packages\\appium\\webdriver\\errorhandler.py\", line 29, in check_response    raise wdeNoSuchElementException: Message: An element could not be located on the page using the given search parameters."},{"firstjacocotime":5.002,"tagname":"5_001","firstexecutionsuccess":true,"firsttestcasepath":"\\calenderNotification\\testcase\\firstcases\\testcase5_001.py","firstconsumedtime":31.476,"firstlocpath":"\\calenderNotification\\testcase\\firstcases\\exeresult\\5_001.txt","firstcoveragepath":"\\calenderNotification\\testcase\\firstcases\\coverage\\coverage5_001.ec","firsterrorlog":null},{"firstjacocotime":5.002,"tagname":"5_008","firstexecutionsuccess":false,"firsttestcasepath":"\\calenderNotification\\testcase\\firstcases\\testcase5_008.py","firstconsumedtime":60.606,"firstlocpath":"\\calenderNotification\\testcase\\firstcases\\exeresult\\5_008.txt","firstcoveragepath":"\\calenderNotification\\testcase\\firstcases\\coverage\\coverage5_008.ec","firsterrorlog":"FAILstr(e):\t\tMessage: An element could not be located on the page using the given search parameters.repr(e):\tNoSuchElementException()Traceback (most recent call last):  File \"C:\\Users\\yifeiLu\\Documents\\TestingProjectHome\\calenderNotification\\testcase\\firstcases\\testcase5_008.py\", line 238, in <module>    element = getElememtBack(driver, \"new UiSelector().text(\\\"OK\\\")\", \"new UiSelector().className(\\\"android.widget.Button\\\").instance(1)\")  File \"C:\\Users\\yifeiLu\\Documents\\TestingProjectHome\\calenderNotification\\testcase\\firstcases\\testcase5_008.py\", line 53, in getElememtBack    element = driver.find_element_by_android_uiautomator(str2)  File \"C:\\Python27\\lib\\site-packages\\appium\\webdriver\\webdriver.py\", line 327, in find_element_by_android_uiautomator    return self.find_element(by=By.ANDROID_UIAUTOMATOR, value=uia_string)  File \"C:\\Python27\\lib\\site-packages\\appium\\webdriver\\webdriver.py\", line 219, in find_element    'value': value})['value']  File \"C:\\Python27\\lib\\site-packages\\selenium\\webdriver\\remote\\webdriver.py\", line 321, in execute    self.error_handler.check_response(response)  File \"C:\\Python27\\lib\\site-packages\\appium\\webdriver\\errorhandler.py\", line 29, in check_response    raise wdeNoSuchElementException: Message: An element could not be located on the page using the given search parameters."},{"firstjacocotime":5.003,"tagname":"5_009","firstexecutionsuccess":false,"firsttestcasepath":"\\calenderNotification\\testcase\\firstcases\\testcase5_009.py","firstconsumedtime":17.844,"firstlocpath":"\\calenderNotification\\testcase\\firstcases\\exeresult\\5_009.txt","firstcoveragepath":"\\calenderNotification\\testcase\\firstcases\\coverage\\coverage5_009.ec","firsterrorlog":"FAILstr(e):\t\tMessage: An element could not be located on the page using the given search parameters.repr(e):\tNoSuchElementException()Traceback (most recent call last):  File \"C:\\Users\\yifeiLu\\Documents\\TestingProjectHome\\calenderNotification\\testcase\\firstcases\\testcase5_009.py\", line 204, in <module>    element = getElememt(driver, \"new UiSelector().resourceId(\\\"android:id\/numberpicker_input\\\").className(\\\"android.widget.EditText\\\")\")  File \"C:\\Users\\yifeiLu\\Documents\\TestingProjectHome\\calenderNotification\\testcase\\firstcases\\testcase5_009.py\", line 34, in getElememt    element = driver.find_element_by_android_uiautomator(str)  File \"C:\\Python27\\lib\\site-packages\\appium\\webdriver\\webdriver.py\", line 327, in find_element_by_android_uiautomator    return self.find_element(by=By.ANDROID_UIAUTOMATOR, value=uia_string)  File \"C:\\Python27\\lib\\site-packages\\appium\\webdriver\\webdriver.py\", line 219, in find_element    'value': value})['value']  File \"C:\\Python27\\lib\\site-packages\\selenium\\webdriver\\remote\\webdriver.py\", line 321, in execute    self.error_handler.check_response(response)  File \"C:\\Python27\\lib\\site-packages\\appium\\webdriver\\errorhandler.py\", line 29, in check_response    raise wdeNoSuchElementException: Message: An element could not be located on the page using the given search parameters."},{"firstjacocotime":5.003,"tagname":"5_006","firstexecutionsuccess":true,"firsttestcasepath":"\\calenderNotification\\testcase\\firstcases\\testcase5_006.py","firstconsumedtime":85.595,"firstlocpath":"\\calenderNotification\\testcase\\firstcases\\exeresult\\5_006.txt","firstcoveragepath":"\\calenderNotification\\testcase\\firstcases\\coverage\\coverage5_006.ec","firsterrorlog":null},{"firstjacocotime":5.003,"tagname":"5_007","firstexecutionsuccess":true,"firsttestcasepath":"\\calenderNotification\\testcase\\firstcases\\testcase5_007.py","firstconsumedtime":60.919,"firstlocpath":"\\calenderNotification\\testcase\\firstcases\\exeresult\\5_007.txt","firstcoveragepath":"\\calenderNotification\\testcase\\firstcases\\coverage\\coverage5_007.ec","firsterrorlog":null},{"firstjacocotime":5.004,"tagname":"5_004","firstexecutionsuccess":true,"firsttestcasepath":"\\calenderNotification\\testcase\\firstcases\\testcase5_004.py","firstconsumedtime":16.352,"firstlocpath":"\\calenderNotification\\testcase\\firstcases\\exeresult\\5_004.txt","firstcoveragepath":"\\calenderNotification\\testcase\\firstcases\\coverage\\coverage5_004.ec","firsterrorlog":null},{"firstjacocotime":5.0039997,"tagname":"5_005","firstexecutionsuccess":true,"firsttestcasepath":"\\calenderNotification\\testcase\\firstcases\\testcase5_005.py","firstconsumedtime":73.606,"firstlocpath":"\\calenderNotification\\testcase\\firstcases\\exeresult\\5_005.txt","firstcoveragepath":"\\calenderNotification\\testcase\\firstcases\\coverage\\coverage5_005.ec","firsterrorlog":null},{"firstjacocotime":5.0039997,"tagname":"5_002","firstexecutionsuccess":true,"firsttestcasepath":"\\calenderNotification\\testcase\\firstcases\\testcase5_002.py","firstconsumedtime":33.395,"firstlocpath":"\\calenderNotification\\testcase\\firstcases\\exeresult\\5_002.txt","firstcoveragepath":"\\calenderNotification\\testcase\\firstcases\\coverage\\coverage5_002.ec","firsterrorlog":null},{"firstjacocotime":5.0039997,"tagname":"5_003","firstexecutionsuccess":true,"firsttestcasepath":"\\calenderNotification\\testcase\\firstcases\\testcase5_003.py","firstconsumedtime":58.633,"firstlocpath":"\\calenderNotification\\testcase\\firstcases\\exeresult\\5_003.txt","firstcoveragepath":"\\calenderNotification\\testcase\\firstcases\\coverage\\coverage5_003.ec","firsterrorlog":null},{"firstjacocotime":5.0039997,"tagname":"2_009","firstexecutionsuccess":true,"firsttestcasepath":"\\calenderNotification\\testcase\\firstcases\\testcase2_009.py","firstconsumedtime":37.761,"firstlocpath":"\\calenderNotification\\testcase\\firstcases\\exeresult\\2_009.txt","firstcoveragepath":"\\calenderNotification\\testcase\\firstcases\\coverage\\coverage2_009.ec","firsterrorlog":null},{"firstjacocotime":5.0039997,"tagname":"2_005","firstexecutionsuccess":false,"firsttestcasepath":"\\calenderNotification\\testcase\\firstcases\\testcase2_005.py","firstconsumedtime":23.812,"firstlocpath":"\\calenderNotification\\testcase\\firstcases\\exeresult\\2_005.txt","firstcoveragepath":"\\calenderNotification\\testcase\\firstcases\\coverage\\coverage2_005.ec","firsterrorlog":"FAILstr(e):\t\tMessage: An element could not be located on the page using the given search parameters.repr(e):\tNoSuchElementException()Traceback (most recent call last):  File \"C:\\Users\\yifeiLu\\Documents\\TestingProjectHome\\calenderNotification\\testcase\\firstcases\\testcase2_005.py\", line 206, in <module>    element = getElememtBack(driver, \"new UiSelector().text(\\\"For a custom period\\\")\", \"new UiSelector().className(\\\"android.widget.TextView\\\").instance(15)\")  File \"C:\\Users\\yifeiLu\\Documents\\TestingProjectHome\\calenderNotification\\testcase\\firstcases\\testcase2_005.py\", line 53, in getElememtBack    element = driver.find_element_by_android_uiautomator(str2)  File \"C:\\Python27\\lib\\site-packages\\appium\\webdriver\\webdriver.py\", line 327, in find_element_by_android_uiautomator    return self.find_element(by=By.ANDROID_UIAUTOMATOR, value=uia_string)  File \"C:\\Python27\\lib\\site-packages\\appium\\webdriver\\webdriver.py\", line 219, in find_element    'value': value})['value']  File \"C:\\Python27\\lib\\site-packages\\selenium\\webdriver\\remote\\webdriver.py\", line 321, in execute    self.error_handler.check_response(response)  File \"C:\\Python27\\lib\\site-packages\\appium\\webdriver\\errorhandler.py\", line 29, in check_response    raise wdeNoSuchElementException: Message: An element could not be located on the page using the given search parameters."},{"firstjacocotime":5.002,"tagname":"2_006","firstexecutionsuccess":false,"firsttestcasepath":"\\calenderNotification\\testcase\\firstcases\\testcase2_006.py","firstconsumedtime":56.711,"firstlocpath":"\\calenderNotification\\testcase\\firstcases\\exeresult\\2_006.txt","firstcoveragepath":"\\calenderNotification\\testcase\\firstcases\\coverage\\coverage2_006.ec","firsterrorlog":"FAILstr(e):\t\tMessage: An element could not be located on the page using the given search parameters.repr(e):\tNoSuchElementException()Traceback (most recent call last):  File \"C:\\Users\\yifeiLu\\Documents\\TestingProjectHome\\calenderNotification\\testcase\\firstcases\\testcase2_006.py\", line 224, in <module>    element = getElememt(driver, \"new UiSelector().resourceId(\\\"com.github.quarck.calnotify:id\/card_view_event_name\\\").className(\\\"android.widget.TextView\\\")\")  File \"C:\\Users\\yifeiLu\\Documents\\TestingProjectHome\\calenderNotification\\testcase\\firstcases\\testcase2_006.py\", line 34, in getElememt    element = driver.find_element_by_android_uiautomator(str)  File \"C:\\Python27\\lib\\site-packages\\appium\\webdriver\\webdriver.py\", line 327, in find_element_by_android_uiautomator    return self.find_element(by=By.ANDROID_UIAUTOMATOR, value=uia_string)  File \"C:\\Python27\\lib\\site-packages\\appium\\webdriver\\webdriver.py\", line 219, in find_element    'value': value})['value']  File \"C:\\Python27\\lib\\site-packages\\selenium\\webdriver\\remote\\webdriver.py\", line 321, in execute    self.error_handler.check_response(response)  File \"C:\\Python27\\lib\\site-packages\\appium\\webdriver\\errorhandler.py\", line 29, in check_response    raise wdeNoSuchElementException: Message: An element could not be located on the page using the given search parameters."},{"firstjacocotime":5.0039997,"tagname":"2_007","firstexecutionsuccess":false,"firsttestcasepath":"\\calenderNotification\\testcase\\firstcases\\testcase2_007.py","firstconsumedtime":23.999,"firstlocpath":"\\calenderNotification\\testcase\\firstcases\\exeresult\\2_007.txt","firstcoveragepath":"\\calenderNotification\\testcase\\firstcases\\coverage\\coverage2_007.ec","firsterrorlog":"FAILstr(e):\t\tMessage: An element could not be located on the page using the given search parameters.repr(e):\tNoSuchElementException()Traceback (most recent call last):  File \"C:\\Users\\yifeiLu\\Documents\\TestingProjectHome\\calenderNotification\\testcase\\firstcases\\testcase2_007.py\", line 208, in <module>    element = getElememtBack(driver, \"new UiSelector().text(\\\"10:30 PM\\\")\", \"new UiSelector().className(\\\"android.widget.Button\\\").instance(4)\")  File \"C:\\Users\\yifeiLu\\Documents\\TestingProjectHome\\calenderNotification\\testcase\\firstcases\\testcase2_007.py\", line 53, in getElememtBack    element = driver.find_element_by_android_uiautomator(str2)  File \"C:\\Python27\\lib\\site-packages\\appium\\webdriver\\webdriver.py\", line 327, in find_element_by_android_uiautomator    return self.find_element(by=By.ANDROID_UIAUTOMATOR, value=uia_string)  File \"C:\\Python27\\lib\\site-packages\\appium\\webdriver\\webdriver.py\", line 219, in find_element    'value': value})['value']  File \"C:\\Python27\\lib\\site-packages\\selenium\\webdriver\\remote\\webdriver.py\", line 321, in execute    self.error_handler.check_response(response)  File \"C:\\Python27\\lib\\site-packages\\appium\\webdriver\\errorhandler.py\", line 29, in check_response    raise wdeNoSuchElementException: Message: An element could not be located on the page using the given search parameters."},{"firstjacocotime":5.003,"tagname":"2_008","firstexecutionsuccess":true,"firsttestcasepath":"\\calenderNotification\\testcase\\firstcases\\testcase2_008.py","firstconsumedtime":17.041,"firstlocpath":"\\calenderNotification\\testcase\\firstcases\\exeresult\\2_008.txt","firstcoveragepath":"\\calenderNotification\\testcase\\firstcases\\coverage\\coverage2_008.ec","firsterrorlog":null},{"firstjacocotime":5.0039997,"tagname":"2_001","firstexecutionsuccess":false,"firsttestcasepath":"\\calenderNotification\\testcase\\firstcases\\testcase2_001.py","firstconsumedtime":24.809,"firstlocpath":"\\calenderNotification\\testcase\\firstcases\\exeresult\\2_001.txt","firstcoveragepath":"\\calenderNotification\\testcase\\firstcases\\coverage\\coverage2_001.ec","firsterrorlog":"FAILstr(e):\t\tMessage: An element could not be located on the page using the given search parameters.repr(e):\tNoSuchElementException()Traceback (most recent call last):  File \"C:\\Users\\yifeiLu\\Documents\\TestingProjectHome\\calenderNotification\\testcase\\firstcases\\testcase2_001.py\", line 208, in <module>    element = getElememtBack(driver, \"new UiSelector().text(\\\"OK\\\")\", \"new UiSelector().className(\\\"android.widget.Button\\\").instance(1)\")  File \"C:\\Users\\yifeiLu\\Documents\\TestingProjectHome\\calenderNotification\\testcase\\firstcases\\testcase2_001.py\", line 53, in getElememtBack    element = driver.find_element_by_android_uiautomator(str2)  File \"C:\\Python27\\lib\\site-packages\\appium\\webdriver\\webdriver.py\", line 327, in find_element_by_android_uiautomator    return self.find_element(by=By.ANDROID_UIAUTOMATOR, value=uia_string)  File \"C:\\Python27\\lib\\site-packages\\appium\\webdriver\\webdriver.py\", line 219, in find_element    'value': value})['value']  File \"C:\\Python27\\lib\\site-packages\\selenium\\webdriver\\remote\\webdriver.py\", line 321, in execute    self.error_handler.check_response(response)  File \"C:\\Python27\\lib\\site-packages\\appium\\webdriver\\errorhandler.py\", line 29, in check_response    raise wdeNoSuchElementException: Message: An element could not be located on the page using the given search parameters."},{"firstjacocotime":5.0039997,"tagname":"2_002","firstexecutionsuccess":true,"firsttestcasepath":"\\calenderNotification\\testcase\\firstcases\\testcase2_002.py","firstconsumedtime":21.402,"firstlocpath":"\\calenderNotification\\testcase\\firstcases\\exeresult\\2_002.txt","firstcoveragepath":"\\calenderNotification\\testcase\\firstcases\\coverage\\coverage2_002.ec","firsterrorlog":null},{"firstjacocotime":5.0039997,"tagname":"2_003","firstexecutionsuccess":true,"firsttestcasepath":"\\calenderNotification\\testcase\\firstcases\\testcase2_003.py","firstconsumedtime":68.82,"firstlocpath":"\\calenderNotification\\testcase\\firstcases\\exeresult\\2_003.txt","firstcoveragepath":"\\calenderNotification\\testcase\\firstcases\\coverage\\coverage2_003.ec","firsterrorlog":null},{"firstjacocotime":5.003,"tagname":"2_004","firstexecutionsuccess":true,"firsttestcasepath":"\\calenderNotification\\testcase\\firstcases\\testcase2_004.py","firstconsumedtime":15.514,"firstlocpath":"\\calenderNotification\\testcase\\firstcases\\exeresult\\2_004.txt","firstcoveragepath":"\\calenderNotification\\testcase\\firstcases\\coverage\\coverage2_004.ec","firsterrorlog":null},{"firstjacocotime":5.0049996,"tagname":"2_000","firstexecutionsuccess":true,"firsttestcasepath":"\\calenderNotification\\testcase\\firstcases\\testcase2_000.py","firstconsumedtime":82.675,"firstlocpath":"\\calenderNotification\\testcase\\firstcases\\exeresult\\2_000.txt","firstcoveragepath":"\\calenderNotification\\testcase\\firstcases\\coverage\\coverage2_000.ec","firsterrorlog":null},{"firstjacocotime":5.0039997,"tagname":"5_011","firstexecutionsuccess":true,"firsttestcasepath":"\\calenderNotification\\testcase\\firstcases\\testcase5_011.py","firstconsumedtime":10.818,"firstlocpath":"\\calenderNotification\\testcase\\firstcases\\exeresult\\5_011.txt","firstcoveragepath":"\\calenderNotification\\testcase\\firstcases\\coverage\\coverage5_011.ec","firsterrorlog":null},{"firstjacocotime":5.003,"tagname":"5_012","firstexecutionsuccess":false,"firsttestcasepath":"\\calenderNotification\\testcase\\firstcases\\testcase5_012.py","firstconsumedtime":32.423,"firstlocpath":"\\calenderNotification\\testcase\\firstcases\\exeresult\\5_012.txt","firstcoveragepath":"\\calenderNotification\\testcase\\firstcases\\coverage\\coverage5_012.ec","firsterrorlog":"FAILstr(e):\t\tMessage: An element could not be located on the page using the given search parameters.repr(e):\tNoSuchElementException()Traceback (most recent call last):  File \"C:\\Users\\yifeiLu\\Documents\\TestingProjectHome\\calenderNotification\\testcase\\firstcases\\testcase5_012.py\", line 219, in <module>    element = getElememt(driver, \"new UiSelector().resourceId(\\\"com.github.quarck.calnotify:id\/floating_edit_button\\\").className(\\\"android.widget.ImageButton\\\")\")  File \"C:\\Users\\yifeiLu\\Documents\\TestingProjectHome\\calenderNotification\\testcase\\firstcases\\testcase5_012.py\", line 34, in getElememt    element = driver.find_element_by_android_uiautomator(str)  File \"C:\\Python27\\lib\\site-packages\\appium\\webdriver\\webdriver.py\", line 327, in find_element_by_android_uiautomator    return self.find_element(by=By.ANDROID_UIAUTOMATOR, value=uia_string)  File \"C:\\Python27\\lib\\site-packages\\appium\\webdriver\\webdriver.py\", line 219, in find_element    'value': value})['value']  File \"C:\\Python27\\lib\\site-packages\\selenium\\webdriver\\remote\\webdriver.py\", line 321, in execute    self.error_handler.check_response(response)  File \"C:\\Python27\\lib\\site-packages\\appium\\webdriver\\errorhandler.py\", line 29, in check_response    raise wdeNoSuchElementException: Message: An element could not be located on the page using the given search parameters."},{"firstjacocotime":5.003,"tagname":"5_010","firstexecutionsuccess":false,"firsttestcasepath":"\\calenderNotification\\testcase\\firstcases\\testcase5_010.py","firstconsumedtime":25.376,"firstlocpath":"\\calenderNotification\\testcase\\firstcases\\exeresult\\5_010.txt","firstcoveragepath":"\\calenderNotification\\testcase\\firstcases\\coverage\\coverage5_010.ec","firsterrorlog":"FAILstr(e):\t\tMessage: An element could not be located on the page using the given search parameters.repr(e):\tNoSuchElementException()Traceback (most recent call last):  File \"C:\\Users\\yifeiLu\\Documents\\TestingProjectHome\\calenderNotification\\testcase\\firstcases\\testcase5_010.py\", line 210, in <module>    element = getElememt(driver, \"new UiSelector().resourceId(\\\"com.github.quarck.calnotify:id\/snooze_view_menu\\\").className(\\\"android.widget.ImageView\\\")\")  File \"C:\\Users\\yifeiLu\\Documents\\TestingProjectHome\\calenderNotification\\testcase\\firstcases\\testcase5_010.py\", line 34, in getElememt    element = driver.find_element_by_android_uiautomator(str)  File \"C:\\Python27\\lib\\site-packages\\appium\\webdriver\\webdriver.py\", line 327, in find_element_by_android_uiautomator    return self.find_element(by=By.ANDROID_UIAUTOMATOR, value=uia_string)  File \"C:\\Python27\\lib\\site-packages\\appium\\webdriver\\webdriver.py\", line 219, in find_element    'value': value})['value']  File \"C:\\Python27\\lib\\site-packages\\selenium\\webdriver\\remote\\webdriver.py\", line 321, in execute    self.error_handler.check_response(response)  File \"C:\\Python27\\lib\\site-packages\\appium\\webdriver\\errorhandler.py\", line 29, in check_response    raise wdeNoSuchElementException: Message: An element could not be located on the page using the given search parameters."},{"firstjacocotime":5.003,"tagname":"5_019","firstexecutionsuccess":true,"firsttestcasepath":"\\calenderNotification\\testcase\\firstcases\\testcase5_019.py","firstconsumedtime":10.899,"firstlocpath":"\\calenderNotification\\testcase\\firstcases\\exeresult\\5_019.txt","firstcoveragepath":"\\calenderNotification\\testcase\\firstcases\\coverage\\coverage5_019.ec","firsterrorlog":null},{"firstjacocotime":5.003,"tagname":"5_017","firstexecutionsuccess":false,"firsttestcasepath":"\\calenderNotification\\testcase\\firstcases\\testcase5_017.py","firstconsumedtime":20.126999,"firstlocpath":"\\calenderNotification\\testcase\\firstcases\\exeresult\\5_017.txt","firstcoveragepath":"\\calenderNotification\\testcase\\firstcases\\coverage\\coverage5_017.ec","firsterrorlog":"FAILstr(e):\t\tMessage: An element could not be located on the page using the given search parameters.repr(e):\tNoSuchElementException()Traceback (most recent call last):  File \"C:\\Users\\yifeiLu\\Documents\\TestingProjectHome\\calenderNotification\\testcase\\firstcases\\testcase5_017.py\", line 208, in <module>    element = getElememtBack(driver, \"new UiSelector().text(\\\"Cancel\\\")\", \"new UiSelector().className(\\\"android.widget.Button\\\")\")  File \"C:\\Users\\yifeiLu\\Documents\\TestingProjectHome\\calenderNotification\\testcase\\firstcases\\testcase5_017.py\", line 53, in getElememtBack    element = driver.find_element_by_android_uiautomator(str2)  File \"C:\\Python27\\lib\\site-packages\\appium\\webdriver\\webdriver.py\", line 327, in find_element_by_android_uiautomator    return self.find_element(by=By.ANDROID_UIAUTOMATOR, value=uia_string)  File \"C:\\Python27\\lib\\site-packages\\appium\\webdriver\\webdriver.py\", line 219, in find_element    'value': value})['value']  File \"C:\\Python27\\lib\\site-packages\\selenium\\webdriver\\remote\\webdriver.py\", line 321, in execute    self.error_handler.check_response(response)  File \"C:\\Python27\\lib\\site-packages\\appium\\webdriver\\errorhandler.py\", line 29, in check_response    raise wdeNoSuchElementException: Message: An element could not be located on the page using the given search parameters."},{"firstjacocotime":5.003,"tagname":"5_018","firstexecutionsuccess":true,"firsttestcasepath":"\\calenderNotification\\testcase\\firstcases\\testcase5_018.py","firstconsumedtime":72.736,"firstlocpath":"\\calenderNotification\\testcase\\firstcases\\exeresult\\5_018.txt","firstcoveragepath":"\\calenderNotification\\testcase\\firstcases\\coverage\\coverage5_018.ec","firsterrorlog":null},{"firstjacocotime":5.005,"tagname":"5_015","firstexecutionsuccess":true,"firsttestcasepath":"\\calenderNotification\\testcase\\firstcases\\testcase5_015.py","firstconsumedtime":82.636,"firstlocpath":"\\calenderNotification\\testcase\\firstcases\\exeresult\\5_015.txt","firstcoveragepath":"\\calenderNotification\\testcase\\firstcases\\coverage\\coverage5_015.ec","firsterrorlog":null},{"firstjacocotime":5.003,"tagname":"5_016","firstexecutionsuccess":false,"firsttestcasepath":"\\calenderNotification\\testcase\\firstcases\\testcase5_016.py","firstconsumedtime":20.731,"firstlocpath":"\\calenderNotification\\testcase\\firstcases\\exeresult\\5_016.txt","firstcoveragepath":"\\calenderNotification\\testcase\\firstcases\\coverage\\coverage5_016.ec","firsterrorlog":"FAILstr(e):\t\tMessage: An element could not be located on the page using the given search parameters.repr(e):\tNoSuchElementException()Traceback (most recent call last):  File \"C:\\Users\\yifeiLu\\Documents\\TestingProjectHome\\calenderNotification\\testcase\\firstcases\\testcase5_016.py\", line 206, in <module>    element = getElememt(driver, \"new UiSelector().className(\\\"android.widget.ImageView\\\").description(\\\"navigate back\\\")\")  File \"C:\\Users\\yifeiLu\\Documents\\TestingProjectHome\\calenderNotification\\testcase\\firstcases\\testcase5_016.py\", line 34, in getElememt    element = driver.find_element_by_android_uiautomator(str)  File \"C:\\Python27\\lib\\site-packages\\appium\\webdriver\\webdriver.py\", line 327, in find_element_by_android_uiautomator    return self.find_element(by=By.ANDROID_UIAUTOMATOR, value=uia_string)  File \"C:\\Python27\\lib\\site-packages\\appium\\webdriver\\webdriver.py\", line 219, in find_element    'value': value})['value']  File \"C:\\Python27\\lib\\site-packages\\selenium\\webdriver\\remote\\webdriver.py\", line 321, in execute    self.error_handler.check_response(response)  File \"C:\\Python27\\lib\\site-packages\\appium\\webdriver\\errorhandler.py\", line 29, in check_response    raise wdeNoSuchElementException: Message: An element could not be located on the page using the given search parameters."},{"firstjacocotime":5.0039997,"tagname":"5_013","firstexecutionsuccess":true,"firsttestcasepath":"\\calenderNotification\\testcase\\firstcases\\testcase5_013.py","firstconsumedtime":18.527,"firstlocpath":"\\calenderNotification\\testcase\\firstcases\\exeresult\\5_013.txt","firstcoveragepath":"\\calenderNotification\\testcase\\firstcases\\coverage\\coverage5_013.ec","firsterrorlog":null},{"firstjacocotime":5.003,"tagname":"5_014","firstexecutionsuccess":true,"firsttestcasepath":"\\calenderNotification\\testcase\\firstcases\\testcase5_014.py","firstconsumedtime":61.939,"firstlocpath":"\\calenderNotification\\testcase\\firstcases\\exeresult\\5_014.txt","firstcoveragepath":"\\calenderNotification\\testcase\\firstcases\\coverage\\coverage5_014.ec","firsterrorlog":null},{"firstjacocotime":5.0039997,"tagname":"5_022","firstexecutionsuccess":false,"firsttestcasepath":"\\calenderNotification\\testcase\\firstcases\\testcase5_022.py","firstconsumedtime":15.562,"firstlocpath":"\\calenderNotification\\testcase\\firstcases\\exeresult\\5_022.txt","firstcoveragepath":"\\calenderNotification\\testcase\\firstcases\\coverage\\coverage5_022.ec","firsterrorlog":"FAILstr(e):\t\tMessage: An element could not be located on the page using the given search parameters.repr(e):\tNoSuchElementException()Traceback (most recent call last):  File \"C:\\Users\\yifeiLu\\Documents\\TestingProjectHome\\calenderNotification\\testcase\\firstcases\\testcase5_022.py\", line 204, in <module>    element = getElememt(driver, \"new UiSelector().resourceId(\\\"com.github.quarck.calnotify:id\/imageview_is_alarm_indicator\\\").className(\\\"android.widget.ImageView\\\")\")  File \"C:\\Users\\yifeiLu\\Documents\\TestingProjectHome\\calenderNotification\\testcase\\firstcases\\testcase5_022.py\", line 34, in getElememt    element = driver.find_element_by_android_uiautomator(str)  File \"C:\\Python27\\lib\\site-packages\\appium\\webdriver\\webdriver.py\", line 327, in find_element_by_android_uiautomator    return self.find_element(by=By.ANDROID_UIAUTOMATOR, value=uia_string)  File \"C:\\Python27\\lib\\site-packages\\appium\\webdriver\\webdriver.py\", line 219, in find_element    'value': value})['value']  File \"C:\\Python27\\lib\\site-packages\\selenium\\webdriver\\remote\\webdriver.py\", line 321, in execute    self.error_handler.check_response(response)  File \"C:\\Python27\\lib\\site-packages\\appium\\webdriver\\errorhandler.py\", line 29, in check_response    raise wdeNoSuchElementException: Message: An element could not be located on the page using the given search parameters."},{"firstjacocotime":5.003,"tagname":"5_023","firstexecutionsuccess":false,"firsttestcasepath":"\\calenderNotification\\testcase\\firstcases\\testcase5_023.py","firstconsumedtime":36.447,"firstlocpath":"\\calenderNotification\\testcase\\firstcases\\exeresult\\5_023.txt","firstcoveragepath":"\\calenderNotification\\testcase\\firstcases\\coverage\\coverage5_023.ec","firsterrorlog":"FAILstr(e):\t\tMessage: An element could not be located on the page using the given search parameters.repr(e):\tNoSuchElementException()Traceback (most recent call last):  File \"C:\\Users\\yifeiLu\\Documents\\TestingProjectHome\\calenderNotification\\testcase\\firstcases\\testcase5_023.py\", line 224, in <module>    element = getElememtBack(driver, \"new UiSelector().text(\\\"Thursday\\\")\", \"new UiSelector().className(\\\"android.widget.CheckedTextView\\\").instance(3)\")  File \"C:\\Users\\yifeiLu\\Documents\\TestingProjectHome\\calenderNotification\\testcase\\firstcases\\testcase5_023.py\", line 53, in getElememtBack    element = driver.find_element_by_android_uiautomator(str2)  File \"C:\\Python27\\lib\\site-packages\\appium\\webdriver\\webdriver.py\", line 327, in find_element_by_android_uiautomator    return self.find_element(by=By.ANDROID_UIAUTOMATOR, value=uia_string)  File \"C:\\Python27\\lib\\site-packages\\appium\\webdriver\\webdriver.py\", line 219, in find_element    'value': value})['value']  File \"C:\\Python27\\lib\\site-packages\\selenium\\webdriver\\remote\\webdriver.py\", line 321, in execute    self.error_handler.check_response(response)  File \"C:\\Python27\\lib\\site-packages\\appium\\webdriver\\errorhandler.py\", line 29, in check_response    raise wdeNoSuchElementException: Message: An element could not be located on the page using the given search parameters."},{"firstjacocotime":5.003,"tagname":"5_020","firstexecutionsuccess":true,"firsttestcasepath":"\\calenderNotification\\testcase\\firstcases\\testcase5_020.py","firstconsumedtime":63.653,"firstlocpath":"\\calenderNotification\\testcase\\firstcases\\exeresult\\5_020.txt","firstcoveragepath":"\\calenderNotification\\testcase\\firstcases\\coverage\\coverage5_020.ec","firsterrorlog":null},{"firstjacocotime":5.002,"tagname":"5_021","firstexecutionsuccess":true,"firsttestcasepath":"\\calenderNotification\\testcase\\firstcases\\testcase5_021.py","firstconsumedtime":14.511,"firstlocpath":"\\calenderNotification\\testcase\\firstcases\\exeresult\\5_021.txt","firstcoveragepath":"\\calenderNotification\\testcase\\firstcases\\coverage\\coverage5_021.ec","firsterrorlog":null},{"firstjacocotime":5.003,"tagname":"5_028","firstexecutionsuccess":false,"firsttestcasepath":"\\calenderNotification\\testcase\\firstcases\\testcase5_028.py","firstconsumedtime":19.692,"firstlocpath":"\\calenderNotification\\testcase\\firstcases\\exeresult\\5_028.txt","firstcoveragepath":"\\calenderNotification\\testcase\\firstcases\\coverage\\coverage5_028.ec","firsterrorlog":"FAILstr(e):\t\tMessage: An element could not be located on the page using the given search parameters.repr(e):\tNoSuchElementException()Traceback (most recent call last):  File \"C:\\Users\\yifeiLu\\Documents\\TestingProjectHome\\calenderNotification\\testcase\\firstcases\\testcase5_028.py\", line 204, in <module>    element = getElememtBack(driver, \"new UiSelector().text(\\\"29\\\")\", \"new UiSelector().className(\\\"android.widget.Button\\\").instance(2)\")  File \"C:\\Users\\yifeiLu\\Documents\\TestingProjectHome\\calenderNotification\\testcase\\firstcases\\testcase5_028.py\", line 53, in getElememtBack    element = driver.find_element_by_android_uiautomator(str2)  File \"C:\\Python27\\lib\\site-packages\\appium\\webdriver\\webdriver.py\", line 327, in find_element_by_android_uiautomator    return self.find_element(by=By.ANDROID_UIAUTOMATOR, value=uia_string)  File \"C:\\Python27\\lib\\site-packages\\appium\\webdriver\\webdriver.py\", line 219, in find_element    'value': value})['value']  File \"C:\\Python27\\lib\\site-packages\\selenium\\webdriver\\remote\\webdriver.py\", line 321, in execute    self.error_handler.check_response(response)  File \"C:\\Python27\\lib\\site-packages\\appium\\webdriver\\errorhandler.py\", line 29, in check_response    raise wdeNoSuchElementException: Message: An element could not be located on the page using the given search parameters."},{"firstjacocotime":5.004,"tagname":"5_029","firstexecutionsuccess":true,"firsttestcasepath":"\\calenderNotification\\testcase\\firstcases\\testcase5_029.py","firstconsumedtime":27.726,"firstlocpath":"\\calenderNotification\\testcase\\firstcases\\exeresult\\5_029.txt","firstcoveragepath":"\\calenderNotification\\testcase\\firstcases\\coverage\\coverage5_029.ec","firsterrorlog":null},{"firstjacocotime":5.003,"tagname":"5_026","firstexecutionsuccess":true,"firsttestcasepath":"\\calenderNotification\\testcase\\firstcases\\testcase5_026.py","firstconsumedtime":86.488,"firstlocpath":"\\calenderNotification\\testcase\\firstcases\\exeresult\\5_026.txt","firstcoveragepath":"\\calenderNotification\\testcase\\firstcases\\coverage\\coverage5_026.ec","firsterrorlog":null},{"firstjacocotime":5.002,"tagname":"5_027","firstexecutionsuccess":true,"firsttestcasepath":"\\calenderNotification\\testcase\\firstcases\\testcase5_027.py","firstconsumedtime":62.765,"firstlocpath":"\\calenderNotification\\testcase\\firstcases\\exeresult\\5_027.txt","firstcoveragepath":"\\calenderNotification\\testcase\\firstcases\\coverage\\coverage5_027.ec","firsterrorlog":null},{"firstjacocotime":5.002,"tagname":"5_024","firstexecutionsuccess":false,"firsttestcasepath":"\\calenderNotification\\testcase\\firstcases\\testcase5_024.py","firstconsumedtime":56.803,"firstlocpath":"\\calenderNotification\\testcase\\firstcases\\exeresult\\5_024.txt","firstcoveragepath":"\\calenderNotification\\testcase\\firstcases\\coverage\\coverage5_024.ec","firsterrorlog":"FAILstr(e):\t\tMessage: An element could not be located on the page using the given search parameters.repr(e):\tNoSuchElementException()Traceback (most recent call last):  File \"C:\\Users\\yifeiLu\\Documents\\TestingProjectHome\\calenderNotification\\testcase\\firstcases\\testcase5_024.py\", line 229, in <module>    element = getElememt(driver, \"new UiSelector().resourceId(\\\"android:id\/numberpicker_input\\\").className(\\\"android.widget.EditText\\\")\")  File \"C:\\Users\\yifeiLu\\Documents\\TestingProjectHome\\calenderNotification\\testcase\\firstcases\\testcase5_024.py\", line 34, in getElememt    element = driver.find_element_by_android_uiautomator(str)  File \"C:\\Python27\\lib\\site-packages\\appium\\webdriver\\webdriver.py\", line 327, in find_element_by_android_uiautomator    return self.find_element(by=By.ANDROID_UIAUTOMATOR, value=uia_string)  File \"C:\\Python27\\lib\\site-packages\\appium\\webdriver\\webdriver.py\", line 219, in find_element    'value': value})['value']  File \"C:\\Python27\\lib\\site-packages\\selenium\\webdriver\\remote\\webdriver.py\", line 321, in execute    self.error_handler.check_response(response)  File \"C:\\Python27\\lib\\site-packages\\appium\\webdriver\\errorhandler.py\", line 29, in check_response    raise wdeNoSuchElementException: Message: An element could not be located on the page using the given search parameters."},{"firstjacocotime":5.002,"tagname":"5_025","firstexecutionsuccess":true,"firsttestcasepath":"\\calenderNotification\\testcase\\firstcases\\testcase5_025.py","firstconsumedtime":75.247,"firstlocpath":"\\calenderNotification\\testcase\\firstcases\\exeresult\\5_025.txt","firstcoveragepath":"\\calenderNotification\\testcase\\firstcases\\coverage\\coverage5_025.ec","firsterrorlog":null},{"firstjacocotime":5.003,"tagname":"8_011","firstexecutionsuccess":false,"firsttestcasepath":"\\calenderNotification\\testcase\\firstcases\\testcase8_011.py","firstconsumedtime":21.222,"firstlocpath":"\\calenderNotification\\testcase\\firstcases\\exeresult\\8_011.txt","firstcoveragepath":"\\calenderNotification\\testcase\\firstcases\\coverage\\coverage8_011.ec","firsterrorlog":"FAILstr(e):\t\tMessage: An element could not be located on the page using the given search parameters.repr(e):\tNoSuchElementException()Traceback (most recent call last):  File \"C:\\Users\\yifeiLu\\Documents\\TestingProjectHome\\calenderNotification\\testcase\\firstcases\\testcase8_011.py\", line 208, in <module>    element = getElememtBack(driver, \"new UiSelector().text(\\\"OK\\\")\", \"new UiSelector().className(\\\"android.widget.Button\\\").instance(1)\")  File \"C:\\Users\\yifeiLu\\Documents\\TestingProjectHome\\calenderNotification\\testcase\\firstcases\\testcase8_011.py\", line 53, in getElememtBack    element = driver.find_element_by_android_uiautomator(str2)  File \"C:\\Python27\\lib\\site-packages\\appium\\webdriver\\webdriver.py\", line 327, in find_element_by_android_uiautomator    return self.find_element(by=By.ANDROID_UIAUTOMATOR, value=uia_string)  File \"C:\\Python27\\lib\\site-packages\\appium\\webdriver\\webdriver.py\", line 219, in find_element    'value': value})['value']  File \"C:\\Python27\\lib\\site-packages\\selenium\\webdriver\\remote\\webdriver.py\", line 321, in execute    self.error_handler.check_response(response)  File \"C:\\Python27\\lib\\site-packages\\appium\\webdriver\\errorhandler.py\", line 29, in check_response    raise wdeNoSuchElementException: Message: An element could not be located on the page using the given search parameters."},{"firstjacocotime":5.0039997,"tagname":"8_010","firstexecutionsuccess":false,"firsttestcasepath":"\\calenderNotification\\testcase\\firstcases\\testcase8_010.py","firstconsumedtime":23.117,"firstlocpath":"\\calenderNotification\\testcase\\firstcases\\exeresult\\8_010.txt","firstcoveragepath":"\\calenderNotification\\testcase\\firstcases\\coverage\\coverage8_010.ec","firsterrorlog":"FAILstr(e):\t\tMessage: An element could not be located on the page using the given search parameters.repr(e):\tNoSuchElementException()Traceback (most recent call last):  File \"C:\\Users\\yifeiLu\\Documents\\TestingProjectHome\\calenderNotification\\testcase\\firstcases\\testcase8_010.py\", line 204, in <module>    element = getElememtBack(driver, \"new UiSelector().text(\\\"28\\\")\", \"new UiSelector().className(\\\"android.widget.Button\\\").instance(2)\")  File \"C:\\Users\\yifeiLu\\Documents\\TestingProjectHome\\calenderNotification\\testcase\\firstcases\\testcase8_010.py\", line 53, in getElememtBack    element = driver.find_element_by_android_uiautomator(str2)  File \"C:\\Python27\\lib\\site-packages\\appium\\webdriver\\webdriver.py\", line 327, in find_element_by_android_uiautomator    return self.find_element(by=By.ANDROID_UIAUTOMATOR, value=uia_string)  File \"C:\\Python27\\lib\\site-packages\\appium\\webdriver\\webdriver.py\", line 219, in find_element    'value': value})['value']  File \"C:\\Python27\\lib\\site-packages\\selenium\\webdriver\\remote\\webdriver.py\", line 321, in execute    self.error_handler.check_response(response)  File \"C:\\Python27\\lib\\site-packages\\appium\\webdriver\\errorhandler.py\", line 29, in check_response    raise wdeNoSuchElementException: Message: An element could not be located on the page using the given search parameters."},{"firstjacocotime":5.0059996,"tagname":"8_013","firstexecutionsuccess":true,"firsttestcasepath":"\\calenderNotification\\testcase\\firstcases\\testcase8_013.py","firstconsumedtime":59.567,"firstlocpath":"\\calenderNotification\\testcase\\firstcases\\exeresult\\8_013.txt","firstcoveragepath":"\\calenderNotification\\testcase\\firstcases\\coverage\\coverage8_013.ec","firsterrorlog":null},{"firstjacocotime":5.005,"tagname":"8_012","firstexecutionsuccess":false,"firsttestcasepath":"\\calenderNotification\\testcase\\firstcases\\testcase8_012.py","firstconsumedtime":23.53,"firstlocpath":"\\calenderNotification\\testcase\\firstcases\\exeresult\\8_012.txt","firstcoveragepath":"\\calenderNotification\\testcase\\firstcases\\coverage\\coverage8_012.ec","firsterrorlog":"FAILstr(e):\t\tMessage: An element could not be located on the page using the given search parameters.repr(e):\tNoSuchElementException()Traceback (most recent call last):  File \"C:\\Users\\yifeiLu\\Documents\\TestingProjectHome\\calenderNotification\\testcase\\firstcases\\testcase8_012.py\", line 208, in <module>    element = getElememtBack(driver, \"new UiSelector().text(\\\"1:57 AM\\\")\", \"new UiSelector().className(\\\"android.widget.Button\\\").instance(2)\")  File \"C:\\Users\\yifeiLu\\Documents\\TestingProjectHome\\calenderNotification\\testcase\\firstcases\\testcase8_012.py\", line 53, in getElememtBack    element = driver.find_element_by_android_uiautomator(str2)  File \"C:\\Python27\\lib\\site-packages\\appium\\webdriver\\webdriver.py\", line 327, in find_element_by_android_uiautomator    return self.find_element(by=By.ANDROID_UIAUTOMATOR, value=uia_string)  File \"C:\\Python27\\lib\\site-packages\\appium\\webdriver\\webdriver.py\", line 219, in find_element    'value': value})['value']  File \"C:\\Python27\\lib\\site-packages\\selenium\\webdriver\\remote\\webdriver.py\", line 321, in execute    self.error_handler.check_response(response)  File \"C:\\Python27\\lib\\site-packages\\appium\\webdriver\\errorhandler.py\", line 29, in check_response    raise wdeNoSuchElementException: Message: An element could not be located on the page using the given search parameters."},{"firstjacocotime":5.004,"tagname":"8_015","firstexecutionsuccess":true,"firsttestcasepath":"\\calenderNotification\\testcase\\firstcases\\testcase8_015.py","firstconsumedtime":57.559,"firstlocpath":"\\calenderNotification\\testcase\\firstcases\\exeresult\\8_015.txt","firstcoveragepath":"\\calenderNotification\\testcase\\firstcases\\coverage\\coverage8_015.ec","firsterrorlog":null},{"firstjacocotime":5.0049996,"tagname":"8_014","firstexecutionsuccess":true,"firsttestcasepath":"\\calenderNotification\\testcase\\firstcases\\testcase8_014.py","firstconsumedtime":56.355,"firstlocpath":"\\calenderNotification\\testcase\\firstcases\\exeresult\\8_014.txt","firstcoveragepath":"\\calenderNotification\\testcase\\firstcases\\coverage\\coverage8_014.ec","firsterrorlog":null},{"firstjacocotime":5.005,"tagname":"8_017","firstexecutionsuccess":true,"firsttestcasepath":"\\calenderNotification\\testcase\\firstcases\\testcase8_017.py","firstconsumedtime":44.836,"firstlocpath":"\\calenderNotification\\testcase\\firstcases\\exeresult\\8_017.txt","firstcoveragepath":"\\calenderNotification\\testcase\\firstcases\\coverage\\coverage8_017.ec","firsterrorlog":null},{"firstjacocotime":5.003,"tagname":"8_016","firstexecutionsuccess":true,"firsttestcasepath":"\\calenderNotification\\testcase\\firstcases\\testcase8_016.py","firstconsumedtime":89.136,"firstlocpath":"\\calenderNotification\\testcase\\firstcases\\exeresult\\8_016.txt","firstcoveragepath":"\\calenderNotification\\testcase\\firstcases\\coverage\\coverage8_016.ec","firsterrorlog":null},{"firstjacocotime":5.003,"tagname":"3_028","firstexecutionsuccess":false,"firsttestcasepath":"\\calenderNotification\\testcase\\firstcases\\testcase3_028.py","firstconsumedtime":43.406,"firstlocpath":"\\calenderNotification\\testcase\\firstcases\\exeresult\\3_028.txt","firstcoveragepath":"\\calenderNotification\\testcase\\firstcases\\coverage\\coverage3_028.ec","firsterrorlog":"FAILstr(e):\t\tMessage: An element could not be located on the page using the given search parameters.repr(e):\tNoSuchElementException()Traceback (most recent call last):  File \"C:\\Users\\yifeiLu\\Documents\\TestingProjectHome\\calenderNotification\\testcase\\firstcases\\testcase3_028.py\", line 218, in <module>    element = getElememtBack(driver, \"new UiSelector().text(\\\"2021\\\")\", \"new UiSelector().className(\\\"android.widget.Button\\\").instance(5)\")  File \"C:\\Users\\yifeiLu\\Documents\\TestingProjectHome\\calenderNotification\\testcase\\firstcases\\testcase3_028.py\", line 53, in getElememtBack    element = driver.find_element_by_android_uiautomator(str2)  File \"C:\\Python27\\lib\\site-packages\\appium\\webdriver\\webdriver.py\", line 327, in find_element_by_android_uiautomator    return self.find_element(by=By.ANDROID_UIAUTOMATOR, value=uia_string)  File \"C:\\Python27\\lib\\site-packages\\appium\\webdriver\\webdriver.py\", line 219, in find_element    'value': value})['value']  File \"C:\\Python27\\lib\\site-packages\\selenium\\webdriver\\remote\\webdriver.py\", line 321, in execute    self.error_handler.check_response(response)  File \"C:\\Python27\\lib\\site-packages\\appium\\webdriver\\errorhandler.py\", line 29, in check_response    raise wdeNoSuchElementException: Message: An element could not be located on the page using the given search parameters."},{"firstjacocotime":5.005,"tagname":"8_019","firstexecutionsuccess":true,"firsttestcasepath":"\\calenderNotification\\testcase\\firstcases\\testcase8_019.py","firstconsumedtime":16.829,"firstlocpath":"\\calenderNotification\\testcase\\firstcases\\exeresult\\8_019.txt","firstcoveragepath":"\\calenderNotification\\testcase\\firstcases\\coverage\\coverage8_019.ec","firsterrorlog":null},{"firstjacocotime":5.0039997,"tagname":"3_029","firstexecutionsuccess":true,"firsttestcasepath":"\\calenderNotification\\testcase\\firstcases\\testcase3_029.py","firstconsumedtime":53.604,"firstlocpath":"\\calenderNotification\\testcase\\firstcases\\exeresult\\3_029.txt","firstcoveragepath":"\\calenderNotification\\testcase\\firstcases\\coverage\\coverage3_029.ec","firsterrorlog":null},{"firstjacocotime":5.0049996,"tagname":"8_018","firstexecutionsuccess":true,"firsttestcasepath":"\\calenderNotification\\testcase\\firstcases\\testcase8_018.py","firstconsumedtime":44.788,"firstlocpath":"\\calenderNotification\\testcase\\firstcases\\exeresult\\8_018.txt","firstcoveragepath":"\\calenderNotification\\testcase\\firstcases\\coverage\\coverage8_018.ec","firsterrorlog":null},{"firstjacocotime":5.003,"tagname":"3_026","firstexecutionsuccess":true,"firsttestcasepath":"\\calenderNotification\\testcase\\firstcases\\testcase3_026.py","firstconsumedtime":55.144,"firstlocpath":"\\calenderNotification\\testcase\\firstcases\\exeresult\\3_026.txt","firstcoveragepath":"\\calenderNotification\\testcase\\firstcases\\coverage\\coverage3_026.ec","firsterrorlog":null},{"firstjacocotime":5.0039997,"tagname":"3_027","firstexecutionsuccess":true,"firsttestcasepath":"\\calenderNotification\\testcase\\firstcases\\testcase3_027.py","firstconsumedtime":30.539,"firstlocpath":"\\calenderNotification\\testcase\\firstcases\\exeresult\\3_027.txt","firstcoveragepath":"\\calenderNotification\\testcase\\firstcases\\coverage\\coverage3_027.ec","firsterrorlog":null},{"firstjacocotime":5.0039997,"tagname":"3_020","firstexecutionsuccess":true,"firsttestcasepath":"\\calenderNotification\\testcase\\firstcases\\testcase3_020.py","firstconsumedtime":17.206,"firstlocpath":"\\calenderNotification\\testcase\\firstcases\\exeresult\\3_020.txt","firstcoveragepath":"\\calenderNotification\\testcase\\firstcases\\coverage\\coverage3_020.ec","firsterrorlog":null},{"firstjacocotime":5.0039997,"tagname":"3_021","firstexecutionsuccess":true,"firsttestcasepath":"\\calenderNotification\\testcase\\firstcases\\testcase3_021.py","firstconsumedtime":24.654,"firstlocpath":"\\calenderNotification\\testcase\\firstcases\\exeresult\\3_021.txt","firstcoveragepath":"\\calenderNotification\\testcase\\firstcases\\coverage\\coverage3_021.ec","firsterrorlog":null},{"firstjacocotime":5.003,"tagname":"3_024","firstexecutionsuccess":true,"firsttestcasepath":"\\calenderNotification\\testcase\\firstcases\\testcase3_024.py","firstconsumedtime":77.808,"firstlocpath":"\\calenderNotification\\testcase\\firstcases\\exeresult\\3_024.txt","firstcoveragepath":"\\calenderNotification\\testcase\\firstcases\\coverage\\coverage3_024.ec","firsterrorlog":null},{"firstjacocotime":5.002,"tagname":"3_025","firstexecutionsuccess":false,"firsttestcasepath":"\\calenderNotification\\testcase\\firstcases\\testcase3_025.py","firstconsumedtime":46.446,"firstlocpath":"\\calenderNotification\\testcase\\firstcases\\exeresult\\3_025.txt","firstcoveragepath":"\\calenderNotification\\testcase\\firstcases\\coverage\\coverage3_025.ec","firsterrorlog":"FAILstr(e):\t\tMessage: An element could not be located on the page using the given search parameters.repr(e):\tNoSuchElementException()Traceback (most recent call last):  File \"C:\\Users\\yifeiLu\\Documents\\TestingProjectHome\\calenderNotification\\testcase\\firstcases\\testcase3_025.py\", line 225, in <module>    element = getElememtBack(driver, \"new UiSelector().text(\\\"Until specific time and date\\\")\", \"new UiSelector().className(\\\"android.widget.TextView\\\").instance(15)\")  File \"C:\\Users\\yifeiLu\\Documents\\TestingProjectHome\\calenderNotification\\testcase\\firstcases\\testcase3_025.py\", line 53, in getElememtBack    element = driver.find_element_by_android_uiautomator(str2)  File \"C:\\Python27\\lib\\site-packages\\appium\\webdriver\\webdriver.py\", line 327, in find_element_by_android_uiautomator    return self.find_element(by=By.ANDROID_UIAUTOMATOR, value=uia_string)  File \"C:\\Python27\\lib\\site-packages\\appium\\webdriver\\webdriver.py\", line 219, in find_element    'value': value})['value']  File \"C:\\Python27\\lib\\site-packages\\selenium\\webdriver\\remote\\webdriver.py\", line 321, in execute    self.error_handler.check_response(response)  File \"C:\\Python27\\lib\\site-packages\\appium\\webdriver\\errorhandler.py\", line 29, in check_response    raise wdeNoSuchElementException: Message: An element could not be located on the page using the given search parameters."},{"firstjacocotime":5.0039997,"tagname":"3_022","firstexecutionsuccess":false,"firsttestcasepath":"\\calenderNotification\\testcase\\firstcases\\testcase3_022.py","firstconsumedtime":19.18,"firstlocpath":"\\calenderNotification\\testcase\\firstcases\\exeresult\\3_022.txt","firstcoveragepath":"\\calenderNotification\\testcase\\firstcases\\coverage\\coverage3_022.ec","firsterrorlog":"FAILstr(e):\t\tMessage: An element could not be located on the page using the given search parameters.repr(e):\tNoSuchElementException()Traceback (most recent call last):  File \"C:\\Users\\yifeiLu\\Documents\\TestingProjectHome\\calenderNotification\\testcase\\firstcases\\testcase3_022.py\", line 204, in <module>    element = getElememtBack(driver, \"new UiSelector().text(\\\"2019\\\")\", \"new UiSelector().className(\\\"android.widget.Button\\\").instance(5)\")  File \"C:\\Users\\yifeiLu\\Documents\\TestingProjectHome\\calenderNotification\\testcase\\firstcases\\testcase3_022.py\", line 53, in getElememtBack    element = driver.find_element_by_android_uiautomator(str2)  File \"C:\\Python27\\lib\\site-packages\\appium\\webdriver\\webdriver.py\", line 327, in find_element_by_android_uiautomator    return self.find_element(by=By.ANDROID_UIAUTOMATOR, value=uia_string)  File \"C:\\Python27\\lib\\site-packages\\appium\\webdriver\\webdriver.py\", line 219, in find_element    'value': value})['value']  File \"C:\\Python27\\lib\\site-packages\\selenium\\webdriver\\remote\\webdriver.py\", line 321, in execute    self.error_handler.check_response(response)  File \"C:\\Python27\\lib\\site-packages\\appium\\webdriver\\errorhandler.py\", line 29, in check_response    raise wdeNoSuchElementException: Message: An element could not be located on the page using the given search parameters."},{"firstjacocotime":5.0039997,"tagname":"3_023","firstexecutionsuccess":true,"firsttestcasepath":"\\calenderNotification\\testcase\\firstcases\\testcase3_023.py","firstconsumedtime":46.31,"firstlocpath":"\\calenderNotification\\testcase\\firstcases\\exeresult\\3_023.txt","firstcoveragepath":"\\calenderNotification\\testcase\\firstcases\\coverage\\coverage3_023.ec","firsterrorlog":null},{"firstjacocotime":5.003,"tagname":"4_003","firstexecutionsuccess":false,"firsttestcasepath":"\\calenderNotification\\testcase\\firstcases\\testcase4_003.py","firstconsumedtime":21.405,"firstlocpath":"\\calenderNotification\\testcase\\firstcases\\exeresult\\4_003.txt","firstcoveragepath":"\\calenderNotification\\testcase\\firstcases\\coverage\\coverage4_003.ec","firsterrorlog":"FAILstr(e):\t\tMessage: An element could not be located on the page using the given search parameters.repr(e):\tNoSuchElementException()Traceback (most recent call last):  File \"C:\\Users\\yifeiLu\\Documents\\TestingProjectHome\\calenderNotification\\testcase\\firstcases\\testcase4_003.py\", line 208, in <module>    element = getElememt(driver, \"new UiSelector().className(\\\"android.widget.ImageButton\\\").description(\\\"Navigate up\\\")\")  File \"C:\\Users\\yifeiLu\\Documents\\TestingProjectHome\\calenderNotification\\testcase\\firstcases\\testcase4_003.py\", line 34, in getElememt    element = driver.find_element_by_android_uiautomator(str)  File \"C:\\Python27\\lib\\site-packages\\appium\\webdriver\\webdriver.py\", line 327, in find_element_by_android_uiautomator    return self.find_element(by=By.ANDROID_UIAUTOMATOR, value=uia_string)  File \"C:\\Python27\\lib\\site-packages\\appium\\webdriver\\webdriver.py\", line 219, in find_element    'value': value})['value']  File \"C:\\Python27\\lib\\site-packages\\selenium\\webdriver\\remote\\webdriver.py\", line 321, in execute    self.error_handler.check_response(response)  File \"C:\\Python27\\lib\\site-packages\\appium\\webdriver\\errorhandler.py\", line 29, in check_response    raise wdeNoSuchElementException: Message: An element could not be located on the page using the given search parameters."},{"firstjacocotime":5.003,"tagname":"4_004","firstexecutionsuccess":false,"firsttestcasepath":"\\calenderNotification\\testcase\\firstcases\\testcase4_004.py","firstconsumedtime":19.905,"firstlocpath":"\\calenderNotification\\testcase\\firstcases\\exeresult\\4_004.txt","firstcoveragepath":"\\calenderNotification\\testcase\\firstcases\\coverage\\coverage4_004.ec","firsterrorlog":"FAILstr(e):\t\tMessage: An element could not be located on the page using the given search parameters.repr(e):\tNoSuchElementException()Traceback (most recent call last):  File \"C:\\Users\\yifeiLu\\Documents\\TestingProjectHome\\calenderNotification\\testcase\\firstcases\\testcase4_004.py\", line 204, in <module>    element = getElememtBack(driver, \"new UiSelector().text(\\\"2017\\\")\", \"new UiSelector().className(\\\"android.widget.Button\\\").instance(4)\")  File \"C:\\Users\\yifeiLu\\Documents\\TestingProjectHome\\calenderNotification\\testcase\\firstcases\\testcase4_004.py\", line 53, in getElememtBack    element = driver.find_element_by_android_uiautomator(str2)  File \"C:\\Python27\\lib\\site-packages\\appium\\webdriver\\webdriver.py\", line 327, in find_element_by_android_uiautomator    return self.find_element(by=By.ANDROID_UIAUTOMATOR, value=uia_string)  File \"C:\\Python27\\lib\\site-packages\\appium\\webdriver\\webdriver.py\", line 219, in find_element    'value': value})['value']  File \"C:\\Python27\\lib\\site-packages\\selenium\\webdriver\\remote\\webdriver.py\", line 321, in execute    self.error_handler.check_response(response)  File \"C:\\Python27\\lib\\site-packages\\appium\\webdriver\\errorhandler.py\", line 29, in check_response    raise wdeNoSuchElementException: Message: An element could not be located on the page using the given search parameters."},{"firstjacocotime":5.002,"tagname":"4_005","firstexecutionsuccess":true,"firsttestcasepath":"\\calenderNotification\\testcase\\firstcases\\testcase4_005.py","firstconsumedtime":9.572,"firstlocpath":"\\calenderNotification\\testcase\\firstcases\\exeresult\\4_005.txt","firstcoveragepath":"\\calenderNotification\\testcase\\firstcases\\coverage\\coverage4_005.ec","firsterrorlog":null},{"firstjacocotime":5.004,"tagname":"4_006","firstexecutionsuccess":false,"firsttestcasepath":"\\calenderNotification\\testcase\\firstcases\\testcase4_006.py","firstconsumedtime":31.821,"firstlocpath":"\\calenderNotification\\testcase\\firstcases\\exeresult\\4_006.txt","firstcoveragepath":"\\calenderNotification\\testcase\\firstcases\\coverage\\coverage4_006.ec","firsterrorlog":"FAILstr(e):\t\tMessage: An element could not be located on the page using the given search parameters.repr(e):\tNoSuchElementException()Traceback (most recent call last):  File \"C:\\Users\\yifeiLu\\Documents\\TestingProjectHome\\calenderNotification\\testcase\\firstcases\\testcase4_006.py\", line 208, in <module>    element = getElememtBack(driver, \"new UiSelector().text(\\\"1 hour\\\")\", \"new UiSelector().className(\\\"android.widget.TextView\\\").instance(7)\")  File \"C:\\Users\\yifeiLu\\Documents\\TestingProjectHome\\calenderNotification\\testcase\\firstcases\\testcase4_006.py\", line 53, in getElememtBack    element = driver.find_element_by_android_uiautomator(str2)  File \"C:\\Python27\\lib\\site-packages\\appium\\webdriver\\webdriver.py\", line 327, in find_element_by_android_uiautomator    return self.find_element(by=By.ANDROID_UIAUTOMATOR, value=uia_string)  File \"C:\\Python27\\lib\\site-packages\\appium\\webdriver\\webdriver.py\", line 219, in find_element    'value': value})['value']  File \"C:\\Python27\\lib\\site-packages\\selenium\\webdriver\\remote\\webdriver.py\", line 321, in execute    self.error_handler.check_response(response)  File \"C:\\Python27\\lib\\site-packages\\appium\\webdriver\\errorhandler.py\", line 29, in check_response    raise wdeNoSuchElementException: Message: An element could not be located on the page using the given search parameters."},{"firstjacocotime":5.005,"tagname":"4_007","firstexecutionsuccess":true,"firsttestcasepath":"\\calenderNotification\\testcase\\firstcases\\testcase4_007.py","firstconsumedtime":11.521,"firstlocpath":"\\calenderNotification\\testcase\\firstcases\\exeresult\\4_007.txt","firstcoveragepath":"\\calenderNotification\\testcase\\firstcases\\coverage\\coverage4_007.ec","firsterrorlog":null},{"firstjacocotime":5.005,"tagname":"4_008","firstexecutionsuccess":true,"firsttestcasepath":"\\calenderNotification\\testcase\\firstcases\\testcase4_008.py","firstconsumedtime":31.203,"firstlocpath":"\\calenderNotification\\testcase\\firstcases\\exeresult\\4_008.txt","firstcoveragepath":"\\calenderNotification\\testcase\\firstcases\\coverage\\coverage4_008.ec","firsterrorlog":null},{"firstjacocotime":5.003,"tagname":"4_009","firstexecutionsuccess":true,"firsttestcasepath":"\\calenderNotification\\testcase\\firstcases\\testcase4_009.py","firstconsumedtime":67.039,"firstlocpath":"\\calenderNotification\\testcase\\firstcases\\exeresult\\4_009.txt","firstcoveragepath":"\\calenderNotification\\testcase\\firstcases\\coverage\\coverage4_009.ec","firsterrorlog":null},{"firstjacocotime":5.005,"tagname":"8_020","firstexecutionsuccess":true,"firsttestcasepath":"\\calenderNotification\\testcase\\firstcases\\testcase8_020.py","firstconsumedtime":54.779,"firstlocpath":"\\calenderNotification\\testcase\\firstcases\\exeresult\\8_020.txt","firstcoveragepath":"\\calenderNotification\\testcase\\firstcases\\coverage\\coverage8_020.ec","firsterrorlog":null},{"firstjacocotime":5.004,"tagname":"8_022","firstexecutionsuccess":true,"firsttestcasepath":"\\calenderNotification\\testcase\\firstcases\\testcase8_022.py","firstconsumedtime":10.993,"firstlocpath":"\\calenderNotification\\testcase\\firstcases\\exeresult\\8_022.txt","firstcoveragepath":"\\calenderNotification\\testcase\\firstcases\\coverage\\coverage8_022.ec","firsterrorlog":null},{"firstjacocotime":5.003,"tagname":"8_021","firstexecutionsuccess":false,"firsttestcasepath":"\\calenderNotification\\testcase\\firstcases\\testcase8_021.py","firstconsumedtime":23.715,"firstlocpath":"\\calenderNotification\\testcase\\firstcases\\exeresult\\8_021.txt","firstcoveragepath":"\\calenderNotification\\testcase\\firstcases\\coverage\\coverage8_021.ec","firsterrorlog":"FAILstr(e):\t\tMessage: An element could not be located on the page using the given search parameters.repr(e):\tNoSuchElementException()Traceback (most recent call last):  File \"C:\\Users\\yifeiLu\\Documents\\TestingProjectHome\\calenderNotification\\testcase\\firstcases\\testcase8_021.py\", line 208, in <module>    element = getElememtBack(driver, \"new UiSelector().text(\\\"28\\\")\", \"new UiSelector().className(\\\"android.widget.Button\\\").instance(2)\")  File \"C:\\Users\\yifeiLu\\Documents\\TestingProjectHome\\calenderNotification\\testcase\\firstcases\\testcase8_021.py\", line 53, in getElememtBack    element = driver.find_element_by_android_uiautomator(str2)  File \"C:\\Python27\\lib\\site-packages\\appium\\webdriver\\webdriver.py\", line 327, in find_element_by_android_uiautomator    return self.find_element(by=By.ANDROID_UIAUTOMATOR, value=uia_string)  File \"C:\\Python27\\lib\\site-packages\\appium\\webdriver\\webdriver.py\", line 219, in find_element    'value': value})['value']  File \"C:\\Python27\\lib\\site-packages\\selenium\\webdriver\\remote\\webdriver.py\", line 321, in execute    self.error_handler.check_response(response)  File \"C:\\Python27\\lib\\site-packages\\appium\\webdriver\\errorhandler.py\", line 29, in check_response    raise wdeNoSuchElementException: Message: An element could not be located on the page using the given search parameters."},{"firstjacocotime":5.004,"tagname":"8_024","firstexecutionsuccess":true,"firsttestcasepath":"\\calenderNotification\\testcase\\firstcases\\testcase8_024.py","firstconsumedtime":90.783,"firstlocpath":"\\calenderNotification\\testcase\\firstcases\\exeresult\\8_024.txt","firstcoveragepath":"\\calenderNotification\\testcase\\firstcases\\coverage\\coverage8_024.ec","firsterrorlog":null},{"firstjacocotime":5.005,"tagname":"8_023","firstexecutionsuccess":true,"firsttestcasepath":"\\calenderNotification\\testcase\\firstcases\\testcase8_023.py","firstconsumedtime":20.808,"firstlocpath":"\\calenderNotification\\testcase\\firstcases\\exeresult\\8_023.txt","firstcoveragepath":"\\calenderNotification\\testcase\\firstcases\\coverage\\coverage8_023.ec","firsterrorlog":null},{"firstjacocotime":5.005,"tagname":"8_026","firstexecutionsuccess":true,"firsttestcasepath":"\\calenderNotification\\testcase\\firstcases\\testcase8_026.py","firstconsumedtime":46.357,"firstlocpath":"\\calenderNotification\\testcase\\firstcases\\exeresult\\8_026.txt","firstcoveragepath":"\\calenderNotification\\testcase\\firstcases\\coverage\\coverage8_026.ec","firsterrorlog":null},{"firstjacocotime":5.003,"tagname":"4_000","firstexecutionsuccess":false,"firsttestcasepath":"\\calenderNotification\\testcase\\firstcases\\testcase4_000.py","firstconsumedtime":17.984,"firstlocpath":"\\calenderNotification\\testcase\\firstcases\\exeresult\\4_000.txt","firstcoveragepath":"\\calenderNotification\\testcase\\firstcases\\coverage\\coverage4_000.ec","firsterrorlog":"FAILstr(e):\t\tMessage: An element could not be located on the page using the given search parameters.repr(e):\tNoSuchElementException()Traceback (most recent call last):  File \"C:\\Users\\yifeiLu\\Documents\\TestingProjectHome\\calenderNotification\\testcase\\firstcases\\testcase4_000.py\", line 204, in <module>    element = getElememt(driver, \"new UiSelector().resourceId(\\\"android:id\/numberpicker_input\\\").className(\\\"android.widget.EditText\\\")\")  File \"C:\\Users\\yifeiLu\\Documents\\TestingProjectHome\\calenderNotification\\testcase\\firstcases\\testcase4_000.py\", line 34, in getElememt    element = driver.find_element_by_android_uiautomator(str)  File \"C:\\Python27\\lib\\site-packages\\appium\\webdriver\\webdriver.py\", line 327, in find_element_by_android_uiautomator    return self.find_element(by=By.ANDROID_UIAUTOMATOR, value=uia_string)  File \"C:\\Python27\\lib\\site-packages\\appium\\webdriver\\webdriver.py\", line 219, in find_element    'value': value})['value']  File \"C:\\Python27\\lib\\site-packages\\selenium\\webdriver\\remote\\webdriver.py\", line 321, in execute    self.error_handler.check_response(response)  File \"C:\\Python27\\lib\\site-packages\\appium\\webdriver\\errorhandler.py\", line 29, in check_response    raise wdeNoSuchElementException: Message: An element could not be located on the page using the given search parameters."},{"firstjacocotime":5.005,"tagname":"8_025","firstexecutionsuccess":true,"firsttestcasepath":"\\calenderNotification\\testcase\\firstcases\\testcase8_025.py","firstconsumedtime":63.13,"firstlocpath":"\\calenderNotification\\testcase\\firstcases\\exeresult\\8_025.txt","firstcoveragepath":"\\calenderNotification\\testcase\\firstcases\\coverage\\coverage8_025.ec","firsterrorlog":null},{"firstjacocotime":5.003,"tagname":"4_001","firstexecutionsuccess":true,"firsttestcasepath":"\\calenderNotification\\testcase\\firstcases\\testcase4_001.py","firstconsumedtime":17.07,"firstlocpath":"\\calenderNotification\\testcase\\firstcases\\exeresult\\4_001.txt","firstcoveragepath":"\\calenderNotification\\testcase\\firstcases\\coverage\\coverage4_001.ec","firsterrorlog":null},{"firstjacocotime":5.003,"tagname":"8_028","firstexecutionsuccess":false,"firsttestcasepath":"\\calenderNotification\\testcase\\firstcases\\testcase8_028.py","firstconsumedtime":31.207,"firstlocpath":"\\calenderNotification\\testcase\\firstcases\\exeresult\\8_028.txt","firstcoveragepath":"\\calenderNotification\\testcase\\firstcases\\coverage\\coverage8_028.ec","firsterrorlog":"FAILstr(e):\t\tMessage: An element could not be located on the page using the given search parameters.repr(e):\tNoSuchElementException()Traceback (most recent call last):  File \"C:\\Users\\yifeiLu\\Documents\\TestingProjectHome\\calenderNotification\\testcase\\firstcases\\testcase8_028.py\", line 215, in <module>    element = getElememt(driver, \"new UiSelector().resourceId(\\\"com.github.quarck.calnotify:id\/snooze_view_menu\\\").className(\\\"android.widget.ImageView\\\")\")  File \"C:\\Users\\yifeiLu\\Documents\\TestingProjectHome\\calenderNotification\\testcase\\firstcases\\testcase8_028.py\", line 34, in getElememt    element = driver.find_element_by_android_uiautomator(str)  File \"C:\\Python27\\lib\\site-packages\\appium\\webdriver\\webdriver.py\", line 327, in find_element_by_android_uiautomator    return self.find_element(by=By.ANDROID_UIAUTOMATOR, value=uia_string)  File \"C:\\Python27\\lib\\site-packages\\appium\\webdriver\\webdriver.py\", line 219, in find_element    'value': value})['value']  File \"C:\\Python27\\lib\\site-packages\\selenium\\webdriver\\remote\\webdriver.py\", line 321, in execute    self.error_handler.check_response(response)  File \"C:\\Python27\\lib\\site-packages\\appium\\webdriver\\errorhandler.py\", line 29, in check_response    raise wdeNoSuchElementException: Message: An element could not be located on the page using the given search parameters."},{"firstjacocotime":5.0039997,"tagname":"4_002","firstexecutionsuccess":true,"firsttestcasepath":"\\calenderNotification\\testcase\\firstcases\\testcase4_002.py","firstconsumedtime":65.228,"firstlocpath":"\\calenderNotification\\testcase\\firstcases\\exeresult\\4_002.txt","firstcoveragepath":"\\calenderNotification\\testcase\\firstcases\\coverage\\coverage4_002.ec","firsterrorlog":null},{"firstjacocotime":5.004,"tagname":"8_027","firstexecutionsuccess":false,"firsttestcasepath":"\\calenderNotification\\testcase\\firstcases\\testcase8_027.py","firstconsumedtime":24.96,"firstlocpath":"\\calenderNotification\\testcase\\firstcases\\exeresult\\8_027.txt","firstcoveragepath":"\\calenderNotification\\testcase\\firstcases\\coverage\\coverage8_027.ec","firsterrorlog":"FAILstr(e):\t\tMessage: An element could not be located on the page using the given search parameters.repr(e):\tNoSuchElementException()Traceback (most recent call last):  File \"C:\\Users\\yifeiLu\\Documents\\TestingProjectHome\\calenderNotification\\testcase\\firstcases\\testcase8_027.py\", line 214, in <module>    element = getElememtBack(driver, \"new UiSelector().text(\\\"Cancel\\\")\", \"new UiSelector().className(\\\"android.widget.Button\\\")\")  File \"C:\\Users\\yifeiLu\\Documents\\TestingProjectHome\\calenderNotification\\testcase\\firstcases\\testcase8_027.py\", line 53, in getElememtBack    element = driver.find_element_by_android_uiautomator(str2)  File \"C:\\Python27\\lib\\site-packages\\appium\\webdriver\\webdriver.py\", line 327, in find_element_by_android_uiautomator    return self.find_element(by=By.ANDROID_UIAUTOMATOR, value=uia_string)  File \"C:\\Python27\\lib\\site-packages\\appium\\webdriver\\webdriver.py\", line 219, in find_element    'value': value})['value']  File \"C:\\Python27\\lib\\site-packages\\selenium\\webdriver\\remote\\webdriver.py\", line 321, in execute    self.error_handler.check_response(response)  File \"C:\\Python27\\lib\\site-packages\\appium\\webdriver\\errorhandler.py\", line 29, in check_response    raise wdeNoSuchElementException: Message: An element could not be located on the page using the given search parameters."},{"firstjacocotime":5.003,"tagname":"3_017","firstexecutionsuccess":true,"firsttestcasepath":"\\calenderNotification\\testcase\\firstcases\\testcase3_017.py","firstconsumedtime":57.612,"firstlocpath":"\\calenderNotification\\testcase\\firstcases\\exeresult\\3_017.txt","firstcoveragepath":"\\calenderNotification\\testcase\\firstcases\\coverage\\coverage3_017.ec","firsterrorlog":null},{"firstjacocotime":5.003,"tagname":"3_018","firstexecutionsuccess":true,"firsttestcasepath":"\\calenderNotification\\testcase\\firstcases\\testcase3_018.py","firstconsumedtime":15.641,"firstlocpath":"\\calenderNotification\\testcase\\firstcases\\exeresult\\3_018.txt","firstcoveragepath":"\\calenderNotification\\testcase\\firstcases\\coverage\\coverage3_018.ec","firsterrorlog":null},{"firstjacocotime":5.0039997,"tagname":"8_029","firstexecutionsuccess":true,"firsttestcasepath":"\\calenderNotification\\testcase\\firstcases\\testcase8_029.py","firstconsumedtime":90.002,"firstlocpath":"\\calenderNotification\\testcase\\firstcases\\exeresult\\8_029.txt","firstcoveragepath":"\\calenderNotification\\testcase\\firstcases\\coverage\\coverage8_029.ec","firsterrorlog":null},{"firstjacocotime":5.003,"tagname":"3_015","firstexecutionsuccess":true,"firsttestcasepath":"\\calenderNotification\\testcase\\firstcases\\testcase3_015.py","firstconsumedtime":17.001,"firstlocpath":"\\calenderNotification\\testcase\\firstcases\\exeresult\\3_015.txt","firstcoveragepath":"\\calenderNotification\\testcase\\firstcases\\coverage\\coverage3_015.ec","firsterrorlog":null},{"firstjacocotime":5.003,"tagname":"3_016","firstexecutionsuccess":true,"firsttestcasepath":"\\calenderNotification\\testcase\\firstcases\\testcase3_016.py","firstconsumedtime":13.57,"firstlocpath":"\\calenderNotification\\testcase\\firstcases\\exeresult\\3_016.txt","firstcoveragepath":"\\calenderNotification\\testcase\\firstcases\\coverage\\coverage3_016.ec","firsterrorlog":null},{"firstjacocotime":5.003,"tagname":"3_019","firstexecutionsuccess":true,"firsttestcasepath":"\\calenderNotification\\testcase\\firstcases\\testcase3_019.py","firstconsumedtime":74.112,"firstlocpath":"\\calenderNotification\\testcase\\firstcases\\exeresult\\3_019.txt","firstcoveragepath":"\\calenderNotification\\testcase\\firstcases\\coverage\\coverage3_019.ec","firsterrorlog":null},{"firstjacocotime":5.003,"tagname":"3_010","firstexecutionsuccess":true,"firsttestcasepath":"\\calenderNotification\\testcase\\firstcases\\testcase3_010.py","firstconsumedtime":29.531,"firstlocpath":"\\calenderNotification\\testcase\\firstcases\\exeresult\\3_010.txt","firstcoveragepath":"\\calenderNotification\\testcase\\firstcases\\coverage\\coverage3_010.ec","firsterrorlog":null},{"firstjacocotime":5.003,"tagname":"3_013","firstexecutionsuccess":false,"firsttestcasepath":"\\calenderNotification\\testcase\\firstcases\\testcase3_013.py","firstconsumedtime":55.413,"firstlocpath":"\\calenderNotification\\testcase\\firstcases\\exeresult\\3_013.txt","firstcoveragepath":"\\calenderNotification\\testcase\\firstcases\\coverage\\coverage3_013.ec","firsterrorlog":"FAILstr(e):\t\tMessage: An element could not be located on the page using the given search parameters.repr(e):\tNoSuchElementException()Traceback (most recent call last):  File \"C:\\Users\\yifeiLu\\Documents\\TestingProjectHome\\calenderNotification\\testcase\\firstcases\\testcase3_013.py\", line 226, in <module>    element = getElememtBack(driver, \"new UiSelector().text(\\\"Jan\\\")\", \"new UiSelector().className(\\\"android.widget.Button\\\").instance(1)\")  File \"C:\\Users\\yifeiLu\\Documents\\TestingProjectHome\\calenderNotification\\testcase\\firstcases\\testcase3_013.py\", line 53, in getElememtBack    element = driver.find_element_by_android_uiautomator(str2)  File \"C:\\Python27\\lib\\site-packages\\appium\\webdriver\\webdriver.py\", line 327, in find_element_by_android_uiautomator    return self.find_element(by=By.ANDROID_UIAUTOMATOR, value=uia_string)  File \"C:\\Python27\\lib\\site-packages\\appium\\webdriver\\webdriver.py\", line 219, in find_element    'value': value})['value']  File \"C:\\Python27\\lib\\site-packages\\selenium\\webdriver\\remote\\webdriver.py\", line 321, in execute    self.error_handler.check_response(response)  File \"C:\\Python27\\lib\\site-packages\\appium\\webdriver\\errorhandler.py\", line 29, in check_response    raise wdeNoSuchElementException: Message: An element could not be located on the page using the given search parameters."},{"firstjacocotime":5.002,"tagname":"3_014","firstexecutionsuccess":false,"firsttestcasepath":"\\calenderNotification\\testcase\\firstcases\\testcase3_014.py","firstconsumedtime":20.133,"firstlocpath":"\\calenderNotification\\testcase\\firstcases\\exeresult\\3_014.txt","firstcoveragepath":"\\calenderNotification\\testcase\\firstcases\\coverage\\coverage3_014.ec","firsterrorlog":"FAILstr(e):\t\tMessage: An element could not be located on the page using the given search parameters.repr(e):\tNoSuchElementException()Traceback (most recent call last):  File \"C:\\Users\\yifeiLu\\Documents\\TestingProjectHome\\calenderNotification\\testcase\\firstcases\\testcase3_014.py\", line 204, in <module>    element = getElememtBack(driver, \"new UiSelector().text(\\\"Jan\\\")\", \"new UiSelector().className(\\\"android.widget.Button\\\")\")  File \"C:\\Users\\yifeiLu\\Documents\\TestingProjectHome\\calenderNotification\\testcase\\firstcases\\testcase3_014.py\", line 53, in getElememtBack    element = driver.find_element_by_android_uiautomator(str2)  File \"C:\\Python27\\lib\\site-packages\\appium\\webdriver\\webdriver.py\", line 327, in find_element_by_android_uiautomator    return self.find_element(by=By.ANDROID_UIAUTOMATOR, value=uia_string)  File \"C:\\Python27\\lib\\site-packages\\appium\\webdriver\\webdriver.py\", line 219, in find_element    'value': value})['value']  File \"C:\\Python27\\lib\\site-packages\\selenium\\webdriver\\remote\\webdriver.py\", line 321, in execute    self.error_handler.check_response(response)  File \"C:\\Python27\\lib\\site-packages\\appium\\webdriver\\errorhandler.py\", line 29, in check_response    raise wdeNoSuchElementException: Message: An element could not be located on the page using the given search parameters."},{"firstjacocotime":5.0039997,"tagname":"3_011","firstexecutionsuccess":true,"firsttestcasepath":"\\calenderNotification\\testcase\\firstcases\\testcase3_011.py","firstconsumedtime":15.375999,"firstlocpath":"\\calenderNotification\\testcase\\firstcases\\exeresult\\3_011.txt","firstcoveragepath":"\\calenderNotification\\testcase\\firstcases\\coverage\\coverage3_011.ec","firsterrorlog":null},{"firstjacocotime":5.003,"tagname":"3_012","firstexecutionsuccess":false,"firsttestcasepath":"\\calenderNotification\\testcase\\firstcases\\testcase3_012.py","firstconsumedtime":32.411,"firstlocpath":"\\calenderNotification\\testcase\\firstcases\\exeresult\\3_012.txt","firstcoveragepath":"\\calenderNotification\\testcase\\firstcases\\coverage\\coverage3_012.ec","firsterrorlog":"FAILstr(e):\t\tMessage: An element could not be located on the page using the given search parameters.repr(e):\tNoSuchElementException()Traceback (most recent call last):  File \"C:\\Users\\yifeiLu\\Documents\\TestingProjectHome\\calenderNotification\\testcase\\firstcases\\testcase3_012.py\", line 222, in <module>    element = getElememtBack(driver, \"new UiSelector().text(\\\"2018\\\")\", \"new UiSelector().className(\\\"android.widget.Button\\\").instance(5)\")  File \"C:\\Users\\yifeiLu\\Documents\\TestingProjectHome\\calenderNotification\\testcase\\firstcases\\testcase3_012.py\", line 53, in getElememtBack    element = driver.find_element_by_android_uiautomator(str2)  File \"C:\\Python27\\lib\\site-packages\\appium\\webdriver\\webdriver.py\", line 327, in find_element_by_android_uiautomator    return self.find_element(by=By.ANDROID_UIAUTOMATOR, value=uia_string)  File \"C:\\Python27\\lib\\site-packages\\appium\\webdriver\\webdriver.py\", line 219, in find_element    'value': value})['value']  File \"C:\\Python27\\lib\\site-packages\\selenium\\webdriver\\remote\\webdriver.py\", line 321, in execute    self.error_handler.check_response(response)  File \"C:\\Python27\\lib\\site-packages\\appium\\webdriver\\errorhandler.py\", line 29, in check_response    raise wdeNoSuchElementException: Message: An element could not be located on the page using the given search parameters."},{"firstjacocotime":5.003,"tagname":"4_014","firstexecutionsuccess":true,"firsttestcasepath":"\\calenderNotification\\testcase\\firstcases\\testcase4_014.py","firstconsumedtime":78.15,"firstlocpath":"\\calenderNotification\\testcase\\firstcases\\exeresult\\4_014.txt","firstcoveragepath":"\\calenderNotification\\testcase\\firstcases\\coverage\\coverage4_014.ec","firsterrorlog":null},{"firstjacocotime":5.003,"tagname":"4_015","firstexecutionsuccess":false,"firsttestcasepath":"\\calenderNotification\\testcase\\firstcases\\testcase4_015.py","firstconsumedtime":30.34,"firstlocpath":"\\calenderNotification\\testcase\\firstcases\\exeresult\\4_015.txt","firstcoveragepath":"\\calenderNotification\\testcase\\firstcases\\coverage\\coverage4_015.ec","firsterrorlog":"FAILstr(e):\t\tMessage: An element could not be located on the page using the given search parameters.repr(e):\tNoSuchElementException()Traceback (most recent call last):  File \"C:\\Users\\yifeiLu\\Documents\\TestingProjectHome\\calenderNotification\\testcase\\firstcases\\testcase4_015.py\", line 212, in <module>    element = getElememtBack(driver, \"new UiSelector().text(\\\"4 hours\\\")\", \"new UiSelector().className(\\\"android.widget.TextView\\\").instance(10)\")  File \"C:\\Users\\yifeiLu\\Documents\\TestingProjectHome\\calenderNotification\\testcase\\firstcases\\testcase4_015.py\", line 53, in getElememtBack    element = driver.find_element_by_android_uiautomator(str2)  File \"C:\\Python27\\lib\\site-packages\\appium\\webdriver\\webdriver.py\", line 327, in find_element_by_android_uiautomator    return self.find_element(by=By.ANDROID_UIAUTOMATOR, value=uia_string)  File \"C:\\Python27\\lib\\site-packages\\appium\\webdriver\\webdriver.py\", line 219, in find_element    'value': value})['value']  File \"C:\\Python27\\lib\\site-packages\\selenium\\webdriver\\remote\\webdriver.py\", line 321, in execute    self.error_handler.check_response(response)  File \"C:\\Python27\\lib\\site-packages\\appium\\webdriver\\errorhandler.py\", line 29, in check_response    raise wdeNoSuchElementException: Message: An element could not be located on the page using the given search parameters."},{"firstjacocotime":5.002,"tagname":"4_016","firstexecutionsuccess":false,"firsttestcasepath":"\\calenderNotification\\testcase\\firstcases\\testcase4_016.py","firstconsumedtime":38.945,"firstlocpath":"\\calenderNotification\\testcase\\firstcases\\exeresult\\4_016.txt","firstcoveragepath":"\\calenderNotification\\testcase\\firstcases\\coverage\\coverage4_016.ec","firsterrorlog":"FAILstr(e):\t\tMessage: An element could not be located on the page using the given search parameters.repr(e):\tNoSuchElementException()Traceback (most recent call last):  File \"C:\\Users\\yifeiLu\\Documents\\TestingProjectHome\\calenderNotification\\testcase\\firstcases\\testcase4_016.py\", line 230, in <module>    element = getElememtBack(driver, \"new UiSelector().text(\\\"Cancel\\\")\", \"new UiSelector().className(\\\"android.widget.Button\\\")\")  File \"C:\\Users\\yifeiLu\\Documents\\TestingProjectHome\\calenderNotification\\testcase\\firstcases\\testcase4_016.py\", line 53, in getElememtBack    element = driver.find_element_by_android_uiautomator(str2)  File \"C:\\Python27\\lib\\site-packages\\appium\\webdriver\\webdriver.py\", line 327, in find_element_by_android_uiautomator    return self.find_element(by=By.ANDROID_UIAUTOMATOR, value=uia_string)  File \"C:\\Python27\\lib\\site-packages\\appium\\webdriver\\webdriver.py\", line 219, in find_element    'value': value})['value']  File \"C:\\Python27\\lib\\site-packages\\selenium\\webdriver\\remote\\webdriver.py\", line 321, in execute    self.error_handler.check_response(response)  File \"C:\\Python27\\lib\\site-packages\\appium\\webdriver\\errorhandler.py\", line 29, in check_response    raise wdeNoSuchElementException: Message: An element could not be located on the page using the given search parameters."},{"firstjacocotime":5.0039997,"tagname":"4_017","firstexecutionsuccess":false,"firsttestcasepath":"\\calenderNotification\\testcase\\firstcases\\testcase4_017.py","firstconsumedtime":23.137,"firstlocpath":"\\calenderNotification\\testcase\\firstcases\\exeresult\\4_017.txt","firstcoveragepath":"\\calenderNotification\\testcase\\firstcases\\coverage\\coverage4_017.ec","firsterrorlog":"FAILstr(e):\t\tMessage: An element could not be located on the page using the given search parameters.repr(e):\tNoSuchElementException()Traceback (most recent call last):  File \"C:\\Users\\yifeiLu\\Documents\\TestingProjectHome\\calenderNotification\\testcase\\firstcases\\testcase4_017.py\", line 204, in <module>    element = getElememtBack(driver, \"new UiSelector().text(\\\"Mar\\\")\", \"new UiSelector().className(\\\"android.widget.Button\\\").instance(1)\")  File \"C:\\Users\\yifeiLu\\Documents\\TestingProjectHome\\calenderNotification\\testcase\\firstcases\\testcase4_017.py\", line 53, in getElememtBack    element = driver.find_element_by_android_uiautomator(str2)  File \"C:\\Python27\\lib\\site-packages\\appium\\webdriver\\webdriver.py\", line 327, in find_element_by_android_uiautomator    return self.find_element(by=By.ANDROID_UIAUTOMATOR, value=uia_string)  File \"C:\\Python27\\lib\\site-packages\\appium\\webdriver\\webdriver.py\", line 219, in find_element    'value': value})['value']  File \"C:\\Python27\\lib\\site-packages\\selenium\\webdriver\\remote\\webdriver.py\", line 321, in execute    self.error_handler.check_response(response)  File \"C:\\Python27\\lib\\site-packages\\appium\\webdriver\\errorhandler.py\", line 29, in check_response    raise wdeNoSuchElementException: Message: An element could not be located on the page using the given search parameters."},{"firstjacocotime":5.002,"tagname":"4_018","firstexecutionsuccess":false,"firsttestcasepath":"\\calenderNotification\\testcase\\firstcases\\testcase4_018.py","firstconsumedtime":82.317,"firstlocpath":"\\calenderNotification\\testcase\\firstcases\\exeresult\\4_018.txt","firstcoveragepath":"\\calenderNotification\\testcase\\firstcases\\coverage\\coverage4_018.ec","firsterrorlog":"FAILstr(e):\t\tMessage: An element could not be located on the page using the given search parameters.repr(e):\tNoSuchElementException()Traceback (most recent call last):  File \"C:\\Users\\yifeiLu\\Documents\\TestingProjectHome\\calenderNotification\\testcase\\firstcases\\testcase4_018.py\", line 236, in <module>    element = getElememtBack(driver, \"new UiSelector().text(\\\"Feb\\\")\", \"new UiSelector().className(\\\"android.widget.Button\\\")\")  File \"C:\\Users\\yifeiLu\\Documents\\TestingProjectHome\\calenderNotification\\testcase\\firstcases\\testcase4_018.py\", line 53, in getElememtBack    element = driver.find_element_by_android_uiautomator(str2)  File \"C:\\Python27\\lib\\site-packages\\appium\\webdriver\\webdriver.py\", line 327, in find_element_by_android_uiautomator    return self.find_element(by=By.ANDROID_UIAUTOMATOR, value=uia_string)  File \"C:\\Python27\\lib\\site-packages\\appium\\webdriver\\webdriver.py\", line 219, in find_element    'value': value})['value']  File \"C:\\Python27\\lib\\site-packages\\selenium\\webdriver\\remote\\webdriver.py\", line 321, in execute    self.error_handler.check_response(response)  File \"C:\\Python27\\lib\\site-packages\\appium\\webdriver\\errorhandler.py\", line 29, in check_response    raise wdeNoSuchElementException: Message: An element could not be located on the page using the given search parameters."},{"firstjacocotime":5.004,"tagname":"4_019","firstexecutionsuccess":true,"firsttestcasepath":"\\calenderNotification\\testcase\\firstcases\\testcase4_019.py","firstconsumedtime":82.715,"firstlocpath":"\\calenderNotification\\testcase\\firstcases\\exeresult\\4_019.txt","firstcoveragepath":"\\calenderNotification\\testcase\\firstcases\\coverage\\coverage4_019.ec","firsterrorlog":null},{"firstjacocotime":5.003,"tagname":"4_010","firstexecutionsuccess":true,"firsttestcasepath":"\\calenderNotification\\testcase\\firstcases\\testcase4_010.py","firstconsumedtime":18.513,"firstlocpath":"\\calenderNotification\\testcase\\firstcases\\exeresult\\4_010.txt","firstcoveragepath":"\\calenderNotification\\testcase\\firstcases\\coverage\\coverage4_010.ec","firsterrorlog":null},{"firstjacocotime":5.003,"tagname":"4_011","firstexecutionsuccess":true,"firsttestcasepath":"\\calenderNotification\\testcase\\firstcases\\testcase4_011.py","firstconsumedtime":38.171,"firstlocpath":"\\calenderNotification\\testcase\\firstcases\\exeresult\\4_011.txt","firstcoveragepath":"\\calenderNotification\\testcase\\firstcases\\coverage\\coverage4_011.ec","firsterrorlog":null},{"firstjacocotime":5.003,"tagname":"4_012","firstexecutionsuccess":true,"firsttestcasepath":"\\calenderNotification\\testcase\\firstcases\\testcase4_012.py","firstconsumedtime":25.668001,"firstlocpath":"\\calenderNotification\\testcase\\firstcases\\exeresult\\4_012.txt","firstcoveragepath":"\\calenderNotification\\testcase\\firstcases\\coverage\\coverage4_012.ec","firsterrorlog":null},{"firstjacocotime":5.003,"tagname":"4_013","firstexecutionsuccess":false,"firsttestcasepath":"\\calenderNotification\\testcase\\firstcases\\testcase4_013.py","firstconsumedtime":50.053,"firstlocpath":"\\calenderNotification\\testcase\\firstcases\\exeresult\\4_013.txt","firstcoveragepath":"\\calenderNotification\\testcase\\firstcases\\coverage\\coverage4_013.ec","firsterrorlog":"FAILstr(e):\t\tMessage: UiSelector[CLASS=android.widget.ImageButton, RESOURCE_ID=com.github.quarck.calnotify:id\/action_btn_add_event]repr(e):\tNoSuchElementException()Traceback (most recent call last):  File \"C:\\Users\\yifeiLu\\Documents\\TestingProjectHome\\calenderNotification\\testcase\\firstcases\\testcase4_013.py\", line 223, in <module>    TouchAction(driver).tap(element).perform()  File \"C:\\Python27\\lib\\site-packages\\appium\\webdriver\\common\\touch_action.py\", line 96, in perform    self._driver.execute(Command.TOUCH_ACTION, params)  File \"C:\\Python27\\lib\\site-packages\\selenium\\webdriver\\remote\\webdriver.py\", line 321, in execute    self.error_handler.check_response(response)  File \"C:\\Python27\\lib\\site-packages\\appium\\webdriver\\errorhandler.py\", line 29, in check_response    raise wdeNoSuchElementException: Message: UiSelector[CLASS=android.widget.ImageButton, RESOURCE_ID=com.github.quarck.calnotify:id\/action_btn_add_event]"},{"firstjacocotime":5.003,"tagname":"3_006","firstexecutionsuccess":false,"firsttestcasepath":"\\calenderNotification\\testcase\\firstcases\\testcase3_006.py","firstconsumedtime":46.442,"firstlocpath":"\\calenderNotification\\testcase\\firstcases\\exeresult\\3_006.txt","firstcoveragepath":"\\calenderNotification\\testcase\\firstcases\\coverage\\coverage3_006.ec","firsterrorlog":"FAILstr(e):\t\tMessage: An element could not be located on the page using the given search parameters.repr(e):\tNoSuchElementException()Traceback (most recent call last):  File \"C:\\Users\\yifeiLu\\Documents\\TestingProjectHome\\calenderNotification\\testcase\\firstcases\\testcase3_006.py\", line 220, in <module>    element = getElememt(driver, \"new UiSelector().resourceId(\\\"android:id\/numberpicker_input\\\").className(\\\"android.widget.EditText\\\")\")  File \"C:\\Users\\yifeiLu\\Documents\\TestingProjectHome\\calenderNotification\\testcase\\firstcases\\testcase3_006.py\", line 34, in getElememt    element = driver.find_element_by_android_uiautomator(str)  File \"C:\\Python27\\lib\\site-packages\\appium\\webdriver\\webdriver.py\", line 327, in find_element_by_android_uiautomator    return self.find_element(by=By.ANDROID_UIAUTOMATOR, value=uia_string)  File \"C:\\Python27\\lib\\site-packages\\appium\\webdriver\\webdriver.py\", line 219, in find_element    'value': value})['value']  File \"C:\\Python27\\lib\\site-packages\\selenium\\webdriver\\remote\\webdriver.py\", line 321, in execute    self.error_handler.check_response(response)  File \"C:\\Python27\\lib\\site-packages\\appium\\webdriver\\errorhandler.py\", line 29, in check_response    raise wdeNoSuchElementException: Message: An element could not be located on the page using the given search parameters."},{"firstjacocotime":5.003,"tagname":"3_007","firstexecutionsuccess":true,"firsttestcasepath":"\\calenderNotification\\testcase\\firstcases\\testcase3_007.py","firstconsumedtime":65.753,"firstlocpath":"\\calenderNotification\\testcase\\firstcases\\exeresult\\3_007.txt","firstcoveragepath":"\\calenderNotification\\testcase\\firstcases\\coverage\\coverage3_007.ec","firsterrorlog":null},{"firstjacocotime":5.003,"tagname":"3_004","firstexecutionsuccess":false,"firsttestcasepath":"\\calenderNotification\\testcase\\firstcases\\testcase3_004.py","firstconsumedtime":35.0,"firstlocpath":"\\calenderNotification\\testcase\\firstcases\\exeresult\\3_004.txt","firstcoveragepath":"\\calenderNotification\\testcase\\firstcases\\coverage\\coverage3_004.ec","firsterrorlog":"FAILstr(e):\t\tMessage: An element could not be located on the page using the given search parameters.repr(e):\tNoSuchElementException()Traceback (most recent call last):  File \"C:\\Users\\yifeiLu\\Documents\\TestingProjectHome\\calenderNotification\\testcase\\firstcases\\testcase3_004.py\", line 216, in <module>    element = getElememtBack(driver, \"new UiSelector().text(\\\"For a custom period\\\")\", \"new UiSelector().className(\\\"android.widget.TextView\\\").instance(14)\")  File \"C:\\Users\\yifeiLu\\Documents\\TestingProjectHome\\calenderNotification\\testcase\\firstcases\\testcase3_004.py\", line 53, in getElememtBack    element = driver.find_element_by_android_uiautomator(str2)  File \"C:\\Python27\\lib\\site-packages\\appium\\webdriver\\webdriver.py\", line 327, in find_element_by_android_uiautomator    return self.find_element(by=By.ANDROID_UIAUTOMATOR, value=uia_string)  File \"C:\\Python27\\lib\\site-packages\\appium\\webdriver\\webdriver.py\", line 219, in find_element    'value': value})['value']  File \"C:\\Python27\\lib\\site-packages\\selenium\\webdriver\\remote\\webdriver.py\", line 321, in execute    self.error_handler.check_response(response)  File \"C:\\Python27\\lib\\site-packages\\appium\\webdriver\\errorhandler.py\", line 29, in check_response    raise wdeNoSuchElementException: Message: An element could not be located on the page using the given search parameters."},{"firstjacocotime":5.0039997,"tagname":"3_005","firstexecutionsuccess":false,"firsttestcasepath":"\\calenderNotification\\testcase\\firstcases\\testcase3_005.py","firstconsumedtime":25.853,"firstlocpath":"\\calenderNotification\\testcase\\firstcases\\exeresult\\3_005.txt","firstcoveragepath":"\\calenderNotification\\testcase\\firstcases\\coverage\\coverage3_005.ec","firsterrorlog":"FAILstr(e):\t\tMessage: An element could not be located on the page using the given search parameters.repr(e):\tNoSuchElementException()Traceback (most recent call last):  File \"C:\\Users\\yifeiLu\\Documents\\TestingProjectHome\\calenderNotification\\testcase\\firstcases\\testcase3_005.py\", line 210, in <module>    element = getElememtBack(driver, \"new UiSelector().text(\\\"Until specific time and date\\\")\", \"new UiSelector().className(\\\"android.widget.TextView\\\").instance(14)\")  File \"C:\\Users\\yifeiLu\\Documents\\TestingProjectHome\\calenderNotification\\testcase\\firstcases\\testcase3_005.py\", line 53, in getElememtBack    element = driver.find_element_by_android_uiautomator(str2)  File \"C:\\Python27\\lib\\site-packages\\appium\\webdriver\\webdriver.py\", line 327, in find_element_by_android_uiautomator    return self.find_element(by=By.ANDROID_UIAUTOMATOR, value=uia_string)  File \"C:\\Python27\\lib\\site-packages\\appium\\webdriver\\webdriver.py\", line 219, in find_element    'value': value})['value']  File \"C:\\Python27\\lib\\site-packages\\selenium\\webdriver\\remote\\webdriver.py\", line 321, in execute    self.error_handler.check_response(response)  File \"C:\\Python27\\lib\\site-packages\\appium\\webdriver\\errorhandler.py\", line 29, in check_response    raise wdeNoSuchElementException: Message: An element could not be located on the page using the given search parameters."},{"firstjacocotime":5.0039997,"tagname":"3_008","firstexecutionsuccess":true,"firsttestcasepath":"\\calenderNotification\\testcase\\firstcases\\testcase3_008.py","firstconsumedtime":12.901,"firstlocpath":"\\calenderNotification\\testcase\\firstcases\\exeresult\\3_008.txt","firstcoveragepath":"\\calenderNotification\\testcase\\firstcases\\coverage\\coverage3_008.ec","firsterrorlog":null},{"firstjacocotime":5.003,"tagname":"3_009","firstexecutionsuccess":true,"firsttestcasepath":"\\calenderNotification\\testcase\\firstcases\\testcase3_009.py","firstconsumedtime":59.589,"firstlocpath":"\\calenderNotification\\testcase\\firstcases\\exeresult\\3_009.txt","firstcoveragepath":"\\calenderNotification\\testcase\\firstcases\\coverage\\coverage3_009.ec","firsterrorlog":null},{"firstjacocotime":5.003,"tagname":"3_002","firstexecutionsuccess":false,"firsttestcasepath":"\\calenderNotification\\testcase\\firstcases\\testcase3_002.py","firstconsumedtime":23.957,"firstlocpath":"\\calenderNotification\\testcase\\firstcases\\exeresult\\3_002.txt","firstcoveragepath":"\\calenderNotification\\testcase\\firstcases\\coverage\\coverage3_002.ec","firsterrorlog":"FAILstr(e):\t\tMessage: An element could not be located on the page using the given search parameters.repr(e):\tNoSuchElementException()Traceback (most recent call last):  File \"C:\\Users\\yifeiLu\\Documents\\TestingProjectHome\\calenderNotification\\testcase\\firstcases\\testcase3_002.py\", line 212, in <module>    element = getElememtBack(driver, \"new UiSelector().text(\\\"OK\\\")\", \"new UiSelector().className(\\\"android.widget.Button\\\").instance(1)\")  File \"C:\\Users\\yifeiLu\\Documents\\TestingProjectHome\\calenderNotification\\testcase\\firstcases\\testcase3_002.py\", line 53, in getElememtBack    element = driver.find_element_by_android_uiautomator(str2)  File \"C:\\Python27\\lib\\site-packages\\appium\\webdriver\\webdriver.py\", line 327, in find_element_by_android_uiautomator    return self.find_element(by=By.ANDROID_UIAUTOMATOR, value=uia_string)  File \"C:\\Python27\\lib\\site-packages\\appium\\webdriver\\webdriver.py\", line 219, in find_element    'value': value})['value']  File \"C:\\Python27\\lib\\site-packages\\selenium\\webdriver\\remote\\webdriver.py\", line 321, in execute    self.error_handler.check_response(response)  File \"C:\\Python27\\lib\\site-packages\\appium\\webdriver\\errorhandler.py\", line 29, in check_response    raise wdeNoSuchElementException: Message: An element could not be located on the page using the given search parameters."},{"firstjacocotime":5.003,"tagname":"3_003","firstexecutionsuccess":true,"firsttestcasepath":"\\calenderNotification\\testcase\\firstcases\\testcase3_003.py","firstconsumedtime":60.766,"firstlocpath":"\\calenderNotification\\testcase\\firstcases\\exeresult\\3_003.txt","firstcoveragepath":"\\calenderNotification\\testcase\\firstcases\\coverage\\coverage3_003.ec","firsterrorlog":null},{"firstjacocotime":5.002,"tagname":"3_000","firstexecutionsuccess":false,"firsttestcasepath":"\\calenderNotification\\testcase\\firstcases\\testcase3_000.py","firstconsumedtime":46.822998,"firstlocpath":"\\calenderNotification\\testcase\\firstcases\\exeresult\\3_000.txt","firstcoveragepath":"\\calenderNotification\\testcase\\firstcases\\coverage\\coverage3_000.ec","firsterrorlog":"FAILstr(e):\t\tMessage: An element could not be located on the page using the given search parameters.repr(e):\tNoSuchElementException()Traceback (most recent call last):  File \"C:\\Users\\yifeiLu\\Documents\\TestingProjectHome\\calenderNotification\\testcase\\firstcases\\testcase3_000.py\", line 224, in <module>    element = getElememt(driver, \"new UiSelector().className(\\\"android.widget.ImageButton\\\").description(\\\"Navigate up\\\")\")  File \"C:\\Users\\yifeiLu\\Documents\\TestingProjectHome\\calenderNotification\\testcase\\firstcases\\testcase3_000.py\", line 34, in getElememt    element = driver.find_element_by_android_uiautomator(str)  File \"C:\\Python27\\lib\\site-packages\\appium\\webdriver\\webdriver.py\", line 327, in find_element_by_android_uiautomator    return self.find_element(by=By.ANDROID_UIAUTOMATOR, value=uia_string)  File \"C:\\Python27\\lib\\site-packages\\appium\\webdriver\\webdriver.py\", line 219, in find_element    'value': value})['value']  File \"C:\\Python27\\lib\\site-packages\\selenium\\webdriver\\remote\\webdriver.py\", line 321, in execute    self.error_handler.check_response(response)  File \"C:\\Python27\\lib\\site-packages\\appium\\webdriver\\errorhandler.py\", line 29, in check_response    raise wdeNoSuchElementException: Message: An element could not be located on the page using the given search parameters."},{"firstjacocotime":5.003,"tagname":"3_001","firstexecutionsuccess":false,"firsttestcasepath":"\\calenderNotification\\testcase\\firstcases\\testcase3_001.py","firstconsumedtime":49.795002,"firstlocpath":"\\calenderNotification\\testcase\\firstcases\\exeresult\\3_001.txt","firstcoveragepath":"\\calenderNotification\\testcase\\firstcases\\coverage\\coverage3_001.ec","firsterrorlog":"FAILstr(e):\t\tMessage: An element could not be located on the page using the given search parameters.repr(e):\tNoSuchElementException()Traceback (most recent call last):  File \"C:\\Users\\yifeiLu\\Documents\\TestingProjectHome\\calenderNotification\\testcase\\firstcases\\testcase3_001.py\", line 230, in <module>    element = getElememtBack(driver, \"new UiSelector().text(\\\"Cancel\\\")\", \"new UiSelector().className(\\\"android.widget.Button\\\")\")  File \"C:\\Users\\yifeiLu\\Documents\\TestingProjectHome\\calenderNotification\\testcase\\firstcases\\testcase3_001.py\", line 53, in getElememtBack    element = driver.find_element_by_android_uiautomator(str2)  File \"C:\\Python27\\lib\\site-packages\\appium\\webdriver\\webdriver.py\", line 327, in find_element_by_android_uiautomator    return self.find_element(by=By.ANDROID_UIAUTOMATOR, value=uia_string)  File \"C:\\Python27\\lib\\site-packages\\appium\\webdriver\\webdriver.py\", line 219, in find_element    'value': value})['value']  File \"C:\\Python27\\lib\\site-packages\\selenium\\webdriver\\remote\\webdriver.py\", line 321, in execute    self.error_handler.check_response(response)  File \"C:\\Python27\\lib\\site-packages\\appium\\webdriver\\errorhandler.py\", line 29, in check_response    raise wdeNoSuchElementException: Message: An element could not be located on the page using the given search parameters."},{"firstjacocotime":5.004,"tagname":"4_025","firstexecutionsuccess":false,"firsttestcasepath":"\\calenderNotification\\testcase\\firstcases\\testcase4_025.py","firstconsumedtime":59.157,"firstlocpath":"\\calenderNotification\\testcase\\firstcases\\exeresult\\4_025.txt","firstcoveragepath":"\\calenderNotification\\testcase\\firstcases\\coverage\\coverage4_025.ec","firsterrorlog":"FAILstr(e):\t\tMessage: An element could not be located on the page using the given search parameters.repr(e):\tNoSuchElementException()Traceback (most recent call last):  File \"C:\\Users\\yifeiLu\\Documents\\TestingProjectHome\\calenderNotification\\testcase\\firstcases\\testcase4_025.py\", line 232, in <module>    element = getElememtBack(driver, \"new UiSelector().text(\\\"Oct\\\")\", \"new UiSelector().className(\\\"android.widget.Button\\\").instance(1)\")  File \"C:\\Users\\yifeiLu\\Documents\\TestingProjectHome\\calenderNotification\\testcase\\firstcases\\testcase4_025.py\", line 53, in getElememtBack    element = driver.find_element_by_android_uiautomator(str2)  File \"C:\\Python27\\lib\\site-packages\\appium\\webdriver\\webdriver.py\", line 327, in find_element_by_android_uiautomator    return self.find_element(by=By.ANDROID_UIAUTOMATOR, value=uia_string)  File \"C:\\Python27\\lib\\site-packages\\appium\\webdriver\\webdriver.py\", line 219, in find_element    'value': value})['value']  File \"C:\\Python27\\lib\\site-packages\\selenium\\webdriver\\remote\\webdriver.py\", line 321, in execute    self.error_handler.check_response(response)  File \"C:\\Python27\\lib\\site-packages\\appium\\webdriver\\errorhandler.py\", line 29, in check_response    raise wdeNoSuchElementException: Message: An element could not be located on the page using the given search parameters."},{"firstjacocotime":5.0049996,"tagname":"4_026","firstexecutionsuccess":true,"firsttestcasepath":"\\calenderNotification\\testcase\\firstcases\\testcase4_026.py","firstconsumedtime":47.983,"firstlocpath":"\\calenderNotification\\testcase\\firstcases\\exeresult\\4_026.txt","firstcoveragepath":"\\calenderNotification\\testcase\\firstcases\\coverage\\coverage4_026.ec","firsterrorlog":null},{"firstjacocotime":5.003,"tagname":"4_027","firstexecutionsuccess":true,"firsttestcasepath":"\\calenderNotification\\testcase\\firstcases\\testcase4_027.py","firstconsumedtime":80.935,"firstlocpath":"\\calenderNotification\\testcase\\firstcases\\exeresult\\4_027.txt","firstcoveragepath":"\\calenderNotification\\testcase\\firstcases\\coverage\\coverage4_027.ec","firsterrorlog":null},{"firstjacocotime":5.003,"tagname":"4_028","firstexecutionsuccess":false,"firsttestcasepath":"\\calenderNotification\\testcase\\firstcases\\testcase4_028.py","firstconsumedtime":39.91,"firstlocpath":"\\calenderNotification\\testcase\\firstcases\\exeresult\\4_028.txt","firstcoveragepath":"\\calenderNotification\\testcase\\firstcases\\coverage\\coverage4_028.ec","firsterrorlog":"FAILstr(e):\t\tMessage: An element could not be located on the page using the given search parameters.repr(e):\tNoSuchElementException()Traceback (most recent call last):  File \"C:\\Users\\yifeiLu\\Documents\\TestingProjectHome\\calenderNotification\\testcase\\firstcases\\testcase4_028.py\", line 226, in <module>    element = getElememt(driver, \"new UiSelector().className(\\\"android.widget.ImageButton\\\").instance(2)\")  File \"C:\\Users\\yifeiLu\\Documents\\TestingProjectHome\\calenderNotification\\testcase\\firstcases\\testcase4_028.py\", line 34, in getElememt    element = driver.find_element_by_android_uiautomator(str)  File \"C:\\Python27\\lib\\site-packages\\appium\\webdriver\\webdriver.py\", line 327, in find_element_by_android_uiautomator    return self.find_element(by=By.ANDROID_UIAUTOMATOR, value=uia_string)  File \"C:\\Python27\\lib\\site-packages\\appium\\webdriver\\webdriver.py\", line 219, in find_element    'value': value})['value']  File \"C:\\Python27\\lib\\site-packages\\selenium\\webdriver\\remote\\webdriver.py\", line 321, in execute    self.error_handler.check_response(response)  File \"C:\\Python27\\lib\\site-packages\\appium\\webdriver\\errorhandler.py\", line 29, in check_response    raise wdeNoSuchElementException: Message: An element could not be located on the page using the given search parameters."},{"firstjacocotime":5.004,"tagname":"4_029","firstexecutionsuccess":true,"firsttestcasepath":"\\calenderNotification\\testcase\\firstcases\\testcase4_029.py","firstconsumedtime":74.753,"firstlocpath":"\\calenderNotification\\testcase\\firstcases\\exeresult\\4_029.txt","firstcoveragepath":"\\calenderNotification\\testcase\\firstcases\\coverage\\coverage4_029.ec","firsterrorlog":null},{"firstjacocotime":5.0049996,"tagname":"8_000","firstexecutionsuccess":true,"firsttestcasepath":"\\calenderNotification\\testcase\\firstcases\\testcase8_000.py","firstconsumedtime":15.752,"firstlocpath":"\\calenderNotification\\testcase\\firstcases\\exeresult\\8_000.txt","firstcoveragepath":"\\calenderNotification\\testcase\\firstcases\\coverage\\coverage8_000.ec","firsterrorlog":null},{"firstjacocotime":5.0039997,"tagname":"8_002","firstexecutionsuccess":true,"firsttestcasepath":"\\calenderNotification\\testcase\\firstcases\\testcase8_002.py","firstconsumedtime":67.794,"firstlocpath":"\\calenderNotification\\testcase\\firstcases\\exeresult\\8_002.txt","firstcoveragepath":"\\calenderNotification\\testcase\\firstcases\\coverage\\coverage8_002.ec","firsterrorlog":null},{"firstjacocotime":5.004,"tagname":"4_020","firstexecutionsuccess":false,"firsttestcasepath":"\\calenderNotification\\testcase\\firstcases\\testcase4_020.py","firstconsumedtime":27.668,"firstlocpath":"\\calenderNotification\\testcase\\firstcases\\exeresult\\4_020.txt","firstcoveragepath":"\\calenderNotification\\testcase\\firstcases\\coverage\\coverage4_020.ec","firsterrorlog":"FAILstr(e):\t\tMessage: UiSelector[CLASS=android.widget.ImageView, RESOURCE_ID=com.github.quarck.calnotify:id\/imageview_is_muted_indicator]repr(e):\tNoSuchElementException()Traceback (most recent call last):  File \"C:\\Users\\yifeiLu\\Documents\\TestingProjectHome\\calenderNotification\\testcase\\firstcases\\testcase4_020.py\", line 212, in <module>    TouchAction(driver).tap(element).perform()  File \"C:\\Python27\\lib\\site-packages\\appium\\webdriver\\common\\touch_action.py\", line 96, in perform    self._driver.execute(Command.TOUCH_ACTION, params)  File \"C:\\Python27\\lib\\site-packages\\selenium\\webdriver\\remote\\webdriver.py\", line 321, in execute    self.error_handler.check_response(response)  File \"C:\\Python27\\lib\\site-packages\\appium\\webdriver\\errorhandler.py\", line 29, in check_response    raise wdeNoSuchElementException: Message: UiSelector[CLASS=android.widget.ImageView, RESOURCE_ID=com.github.quarck.calnotify:id\/imageview_is_muted_indicator]"},{"firstjacocotime":5.0039997,"tagname":"8_001","firstexecutionsuccess":true,"firsttestcasepath":"\\calenderNotification\\testcase\\firstcases\\testcase8_001.py","firstconsumedtime":76.169,"firstlocpath":"\\calenderNotification\\testcase\\firstcases\\exeresult\\8_001.txt","firstcoveragepath":"\\calenderNotification\\testcase\\firstcases\\coverage\\coverage8_001.ec","firsterrorlog":null},{"firstjacocotime":5.0039997,"tagname":"4_021","firstexecutionsuccess":true,"firsttestcasepath":"\\calenderNotification\\testcase\\firstcases\\testcase4_021.py","firstconsumedtime":64.574,"firstlocpath":"\\calenderNotification\\testcase\\firstcases\\exeresult\\4_021.txt","firstcoveragepath":"\\calenderNotification\\testcase\\firstcases\\coverage\\coverage4_021.ec","firsterrorlog":null},{"firstjacocotime":5.005,"tagname":"8_004","firstexecutionsuccess":false,"firsttestcasepath":"\\calenderNotification\\testcase\\firstcases\\testcase8_004.py","firstconsumedtime":19.978,"firstlocpath":"\\calenderNotification\\testcase\\firstcases\\exeresult\\8_004.txt","firstcoveragepath":"\\calenderNotification\\testcase\\firstcases\\coverage\\coverage8_004.ec","firsterrorlog":"FAILstr(e):\t\tMessage: An element could not be located on the page using the given search parameters.repr(e):\tNoSuchElementException()Traceback (most recent call last):  File \"C:\\Users\\yifeiLu\\Documents\\TestingProjectHome\\calenderNotification\\testcase\\firstcases\\testcase8_004.py\", line 208, in <module>    element = getElememtBack(driver, \"new UiSelector().text(\\\"OK\\\")\", \"new UiSelector().className(\\\"android.widget.Button\\\").instance(1)\")  File \"C:\\Users\\yifeiLu\\Documents\\TestingProjectHome\\calenderNotification\\testcase\\firstcases\\testcase8_004.py\", line 53, in getElememtBack    element = driver.find_element_by_android_uiautomator(str2)  File \"C:\\Python27\\lib\\site-packages\\appium\\webdriver\\webdriver.py\", line 327, in find_element_by_android_uiautomator    return self.find_element(by=By.ANDROID_UIAUTOMATOR, value=uia_string)  File \"C:\\Python27\\lib\\site-packages\\appium\\webdriver\\webdriver.py\", line 219, in find_element    'value': value})['value']  File \"C:\\Python27\\lib\\site-packages\\selenium\\webdriver\\remote\\webdriver.py\", line 321, in execute    self.error_handler.check_response(response)  File \"C:\\Python27\\lib\\site-packages\\appium\\webdriver\\errorhandler.py\", line 29, in check_response    raise wdeNoSuchElementException: Message: An element could not be located on the page using the given search parameters."},{"firstjacocotime":5.003,"tagname":"4_022","firstexecutionsuccess":true,"firsttestcasepath":"\\calenderNotification\\testcase\\firstcases\\testcase4_022.py","firstconsumedtime":22.562,"firstlocpath":"\\calenderNotification\\testcase\\firstcases\\exeresult\\4_022.txt","firstcoveragepath":"\\calenderNotification\\testcase\\firstcases\\coverage\\coverage4_022.ec","firsterrorlog":null},{"firstjacocotime":5.0049996,"tagname":"8_003","firstexecutionsuccess":false,"firsttestcasepath":"\\calenderNotification\\testcase\\firstcases\\testcase8_003.py","firstconsumedtime":36.415,"firstlocpath":"\\calenderNotification\\testcase\\firstcases\\exeresult\\8_003.txt","firstcoveragepath":"\\calenderNotification\\testcase\\firstcases\\coverage\\coverage8_003.ec","firsterrorlog":"FAILstr(e):\t\tMessage: An element could not be located on the page using the given search parameters.repr(e):\tNoSuchElementException()Traceback (most recent call last):  File \"C:\\Users\\yifeiLu\\Documents\\TestingProjectHome\\calenderNotification\\testcase\\firstcases\\testcase8_003.py\", line 218, in <module>    element = getElememtBack(driver, \"new UiSelector().text(\\\"For a custom period\\\")\", \"new UiSelector().className(\\\"android.widget.TextView\\\").instance(15)\")  File \"C:\\Users\\yifeiLu\\Documents\\TestingProjectHome\\calenderNotification\\testcase\\firstcases\\testcase8_003.py\", line 53, in getElememtBack    element = driver.find_element_by_android_uiautomator(str2)  File \"C:\\Python27\\lib\\site-packages\\appium\\webdriver\\webdriver.py\", line 327, in find_element_by_android_uiautomator    return self.find_element(by=By.ANDROID_UIAUTOMATOR, value=uia_string)  File \"C:\\Python27\\lib\\site-packages\\appium\\webdriver\\webdriver.py\", line 219, in find_element    'value': value})['value']  File \"C:\\Python27\\lib\\site-packages\\selenium\\webdriver\\remote\\webdriver.py\", line 321, in execute    self.error_handler.check_response(response)  File \"C:\\Python27\\lib\\site-packages\\appium\\webdriver\\errorhandler.py\", line 29, in check_response    raise wdeNoSuchElementException: Message: An element could not be located on the page using the given search parameters."},{"firstjacocotime":5.0039997,"tagname":"4_023","firstexecutionsuccess":true,"firsttestcasepath":"\\calenderNotification\\testcase\\firstcases\\testcase4_023.py","firstconsumedtime":61.948,"firstlocpath":"\\calenderNotification\\testcase\\firstcases\\exeresult\\4_023.txt","firstcoveragepath":"\\calenderNotification\\testcase\\firstcases\\coverage\\coverage4_023.ec","firsterrorlog":null},{"firstjacocotime":5.008,"tagname":"8_006","firstexecutionsuccess":true,"firsttestcasepath":"\\calenderNotification\\testcase\\firstcases\\testcase8_006.py","firstconsumedtime":15.8550005,"firstlocpath":"\\calenderNotification\\testcase\\firstcases\\exeresult\\8_006.txt","firstcoveragepath":"\\calenderNotification\\testcase\\firstcases\\coverage\\coverage8_006.ec","firsterrorlog":null},{"firstjacocotime":5.003,"tagname":"4_024","firstexecutionsuccess":true,"firsttestcasepath":"\\calenderNotification\\testcase\\firstcases\\testcase4_024.py","firstconsumedtime":55.07,"firstlocpath":"\\calenderNotification\\testcase\\firstcases\\exeresult\\4_024.txt","firstcoveragepath":"\\calenderNotification\\testcase\\firstcases\\coverage\\coverage4_024.ec","firsterrorlog":null},{"firstjacocotime":5.003,"tagname":"8_005","firstexecutionsuccess":true,"firsttestcasepath":"\\calenderNotification\\testcase\\firstcases\\testcase8_005.py","firstconsumedtime":28.376,"firstlocpath":"\\calenderNotification\\testcase\\firstcases\\exeresult\\8_005.txt","firstcoveragepath":"\\calenderNotification\\testcase\\firstcases\\coverage\\coverage8_005.ec","firsterrorlog":null},{"firstjacocotime":5.0039997,"tagname":"8_008","firstexecutionsuccess":true,"firsttestcasepath":"\\calenderNotification\\testcase\\firstcases\\testcase8_008.py","firstconsumedtime":79.302,"firstlocpath":"\\calenderNotification\\testcase\\firstcases\\exeresult\\8_008.txt","firstcoveragepath":"\\calenderNotification\\testcase\\firstcases\\coverage\\coverage8_008.ec","firsterrorlog":null},{"firstjacocotime":5.005,"tagname":"8_007","firstexecutionsuccess":true,"firsttestcasepath":"\\calenderNotification\\testcase\\firstcases\\testcase8_007.py","firstconsumedtime":77.039,"firstlocpath":"\\calenderNotification\\testcase\\firstcases\\exeresult\\8_007.txt","firstcoveragepath":"\\calenderNotification\\testcase\\firstcases\\coverage\\coverage8_007.ec","firsterrorlog":null},{"firstjacocotime":5.003,"tagname":"8_009","firstexecutionsuccess":true,"firsttestcasepath":"\\calenderNotification\\testcase\\firstcases\\testcase8_009.py","firstconsumedtime":16.675,"firstlocpath":"\\calenderNotification\\testcase\\firstcases\\exeresult\\8_009.txt","firstcoveragepath":"\\calenderNotification\\testcase\\firstcases\\coverage\\coverage8_009.ec","firsterrorlog":null},{"firstjacocotime":5.0039997,"tagname":"7_008","firstexecutionsuccess":true,"firsttestcasepath":"\\calenderNotification\\testcase\\firstcases\\testcase7_008.py","firstconsumedtime":65.666,"firstlocpath":"\\calenderNotification\\testcase\\firstcases\\exeresult\\7_008.txt","firstcoveragepath":"\\calenderNotification\\testcase\\firstcases\\coverage\\coverage7_008.ec","firsterrorlog":null},{"firstjacocotime":5.0039997,"tagname":"7_009","firstexecutionsuccess":false,"firsttestcasepath":"\\calenderNotification\\testcase\\firstcases\\testcase7_009.py","firstconsumedtime":17.591,"firstlocpath":"\\calenderNotification\\testcase\\firstcases\\exeresult\\7_009.txt","firstcoveragepath":"\\calenderNotification\\testcase\\firstcases\\coverage\\coverage7_009.ec","firsterrorlog":"FAILstr(e):\t\tMessage: An element could not be located on the page using the given search parameters.repr(e):\tNoSuchElementException()Traceback (most recent call last):  File \"C:\\Users\\yifeiLu\\Documents\\TestingProjectHome\\calenderNotification\\testcase\\firstcases\\testcase7_009.py\", line 204, in <module>    element = getElememtBack(driver, \"new UiSelector().text(\\\"12 #mute #task #alarm\\\")\", \"new UiSelector().className(\\\"android.widget.TextView\\\").instance(8)\")  File \"C:\\Users\\yifeiLu\\Documents\\TestingProjectHome\\calenderNotification\\testcase\\firstcases\\testcase7_009.py\", line 53, in getElememtBack    element = driver.find_element_by_android_uiautomator(str2)  File \"C:\\Python27\\lib\\site-packages\\appium\\webdriver\\webdriver.py\", line 327, in find_element_by_android_uiautomator    return self.find_element(by=By.ANDROID_UIAUTOMATOR, value=uia_string)  File \"C:\\Python27\\lib\\site-packages\\appium\\webdriver\\webdriver.py\", line 219, in find_element    'value': value})['value']  File \"C:\\Python27\\lib\\site-packages\\selenium\\webdriver\\remote\\webdriver.py\", line 321, in execute    self.error_handler.check_response(response)  File \"C:\\Python27\\lib\\site-packages\\appium\\webdriver\\errorhandler.py\", line 29, in check_response    raise wdeNoSuchElementException: Message: An element could not be located on the page using the given search parameters."},{"firstjacocotime":5.0049996,"tagname":"7_002","firstexecutionsuccess":false,"firsttestcasepath":"\\calenderNotification\\testcase\\firstcases\\testcase7_002.py","firstconsumedtime":22.594,"firstlocpath":"\\calenderNotification\\testcase\\firstcases\\exeresult\\7_002.txt","firstcoveragepath":"\\calenderNotification\\testcase\\firstcases\\coverage\\coverage7_002.ec","firsterrorlog":"FAILstr(e):\t\tMessage: An element could not be located on the page using the given search parameters.repr(e):\tNoSuchElementException()Traceback (most recent call last):  File \"C:\\Users\\yifeiLu\\Documents\\TestingProjectHome\\calenderNotification\\testcase\\firstcases\\testcase7_002.py\", line 210, in <module>    element = getElememt(driver, \"new UiSelector().className(\\\"android.widget.ImageView\\\").description(\\\"navigate back\\\")\")  File \"C:\\Users\\yifeiLu\\Documents\\TestingProjectHome\\calenderNotification\\testcase\\firstcases\\testcase7_002.py\", line 34, in getElememt    element = driver.find_element_by_android_uiautomator(str)  File \"C:\\Python27\\lib\\site-packages\\appium\\webdriver\\webdriver.py\", line 327, in find_element_by_android_uiautomator    return self.find_element(by=By.ANDROID_UIAUTOMATOR, value=uia_string)  File \"C:\\Python27\\lib\\site-packages\\appium\\webdriver\\webdriver.py\", line 219, in find_element    'value': value})['value']  File \"C:\\Python27\\lib\\site-packages\\selenium\\webdriver\\remote\\webdriver.py\", line 321, in execute    self.error_handler.check_response(response)  File \"C:\\Python27\\lib\\site-packages\\appium\\webdriver\\errorhandler.py\", line 29, in check_response    raise wdeNoSuchElementException: Message: An element could not be located on the page using the given search parameters."},{"firstjacocotime":5.004,"tagname":"7_003","firstexecutionsuccess":false,"firsttestcasepath":"\\calenderNotification\\testcase\\firstcases\\testcase7_003.py","firstconsumedtime":28.432,"firstlocpath":"\\calenderNotification\\testcase\\firstcases\\exeresult\\7_003.txt","firstcoveragepath":"\\calenderNotification\\testcase\\firstcases\\coverage\\coverage7_003.ec","firsterrorlog":"FAILstr(e):\t\tMessage: An element could not be located on the page using the given search parameters.repr(e):\tNoSuchElementException()Traceback (most recent call last):  File \"C:\\Users\\yifeiLu\\Documents\\TestingProjectHome\\calenderNotification\\testcase\\firstcases\\testcase7_003.py\", line 211, in <module>    element = getElememtBack(driver, \"new UiSelector().text(\\\"Sep\\\")\", \"new UiSelector().className(\\\"android.widget.Button\\\")\")  File \"C:\\Users\\yifeiLu\\Documents\\TestingProjectHome\\calenderNotification\\testcase\\firstcases\\testcase7_003.py\", line 53, in getElememtBack    element = driver.find_element_by_android_uiautomator(str2)  File \"C:\\Python27\\lib\\site-packages\\appium\\webdriver\\webdriver.py\", line 327, in find_element_by_android_uiautomator    return self.find_element(by=By.ANDROID_UIAUTOMATOR, value=uia_string)  File \"C:\\Python27\\lib\\site-packages\\appium\\webdriver\\webdriver.py\", line 219, in find_element    'value': value})['value']  File \"C:\\Python27\\lib\\site-packages\\selenium\\webdriver\\remote\\webdriver.py\", line 321, in execute    self.error_handler.check_response(response)  File \"C:\\Python27\\lib\\site-packages\\appium\\webdriver\\errorhandler.py\", line 29, in check_response    raise wdeNoSuchElementException: Message: An element could not be located on the page using the given search parameters."},{"firstjacocotime":5.0039997,"tagname":"7_000","firstexecutionsuccess":false,"firsttestcasepath":"\\calenderNotification\\testcase\\firstcases\\testcase7_000.py","firstconsumedtime":19.48,"firstlocpath":"\\calenderNotification\\testcase\\firstcases\\exeresult\\7_000.txt","firstcoveragepath":"\\calenderNotification\\testcase\\firstcases\\coverage\\coverage7_000.ec","firsterrorlog":"FAILstr(e):\t\tMessage: An element could not be located on the page using the given search parameters.repr(e):\tNoSuchElementException()Traceback (most recent call last):  File \"C:\\Users\\yifeiLu\\Documents\\TestingProjectHome\\calenderNotification\\testcase\\firstcases\\testcase7_000.py\", line 204, in <module>    element = getElememtBack(driver, \"new UiSelector().text(\\\"6 hours\\\")\", \"new UiSelector().className(\\\"android.widget.TextView\\\").instance(8)\")  File \"C:\\Users\\yifeiLu\\Documents\\TestingProjectHome\\calenderNotification\\testcase\\firstcases\\testcase7_000.py\", line 53, in getElememtBack    element = driver.find_element_by_android_uiautomator(str2)  File \"C:\\Python27\\lib\\site-packages\\appium\\webdriver\\webdriver.py\", line 327, in find_element_by_android_uiautomator    return self.find_element(by=By.ANDROID_UIAUTOMATOR, value=uia_string)  File \"C:\\Python27\\lib\\site-packages\\appium\\webdriver\\webdriver.py\", line 219, in find_element    'value': value})['value']  File \"C:\\Python27\\lib\\site-packages\\selenium\\webdriver\\remote\\webdriver.py\", line 321, in execute    self.error_handler.check_response(response)  File \"C:\\Python27\\lib\\site-packages\\appium\\webdriver\\errorhandler.py\", line 29, in check_response    raise wdeNoSuchElementException: Message: An element could not be located on the page using the given search parameters."},{"firstjacocotime":5.005,"tagname":"7_001","firstexecutionsuccess":true,"firsttestcasepath":"\\calenderNotification\\testcase\\firstcases\\testcase7_001.py","firstconsumedtime":55.268,"firstlocpath":"\\calenderNotification\\testcase\\firstcases\\exeresult\\7_001.txt","firstcoveragepath":"\\calenderNotification\\testcase\\firstcases\\coverage\\coverage7_001.ec","firsterrorlog":null},{"firstjacocotime":5.0049996,"tagname":"7_006","firstexecutionsuccess":true,"firsttestcasepath":"\\calenderNotification\\testcase\\firstcases\\testcase7_006.py","firstconsumedtime":18.657,"firstlocpath":"\\calenderNotification\\testcase\\firstcases\\exeresult\\7_006.txt","firstcoveragepath":"\\calenderNotification\\testcase\\firstcases\\coverage\\coverage7_006.ec","firsterrorlog":null},{"firstjacocotime":5.0039997,"tagname":"7_007","firstexecutionsuccess":true,"firsttestcasepath":"\\calenderNotification\\testcase\\firstcases\\testcase7_007.py","firstconsumedtime":67.085,"firstlocpath":"\\calenderNotification\\testcase\\firstcases\\exeresult\\7_007.txt","firstcoveragepath":"\\calenderNotification\\testcase\\firstcases\\coverage\\coverage7_007.ec","firsterrorlog":null},{"firstjacocotime":5.005,"tagname":"7_004","firstexecutionsuccess":true,"firsttestcasepath":"\\calenderNotification\\testcase\\firstcases\\testcase7_004.py","firstconsumedtime":17.755,"firstlocpath":"\\calenderNotification\\testcase\\firstcases\\exeresult\\7_004.txt","firstcoveragepath":"\\calenderNotification\\testcase\\firstcases\\coverage\\coverage7_004.ec","firsterrorlog":null},{"firstjacocotime":5.0039997,"tagname":"7_005","firstexecutionsuccess":true,"firsttestcasepath":"\\calenderNotification\\testcase\\firstcases\\testcase7_005.py","firstconsumedtime":71.340004,"firstlocpath":"\\calenderNotification\\testcase\\firstcases\\exeresult\\7_005.txt","firstcoveragepath":"\\calenderNotification\\testcase\\firstcases\\coverage\\coverage7_005.ec","firsterrorlog":null},{"firstjacocotime":5.0049996,"tagname":"7_020","firstexecutionsuccess":true,"firsttestcasepath":"\\calenderNotification\\testcase\\firstcases\\testcase7_020.py","firstconsumedtime":29.489,"firstlocpath":"\\calenderNotification\\testcase\\firstcases\\exeresult\\7_020.txt","firstcoveragepath":"\\calenderNotification\\testcase\\firstcases\\coverage\\coverage7_020.ec","firsterrorlog":null},{"firstjacocotime":5.004,"tagname":"7_021","firstexecutionsuccess":true,"firsttestcasepath":"\\calenderNotification\\testcase\\firstcases\\testcase7_021.py","firstconsumedtime":16.560999,"firstlocpath":"\\calenderNotification\\testcase\\firstcases\\exeresult\\7_021.txt","firstcoveragepath":"\\calenderNotification\\testcase\\firstcases\\coverage\\coverage7_021.ec","firsterrorlog":null},{"firstjacocotime":5.0039997,"tagname":"7_024","firstexecutionsuccess":false,"firsttestcasepath":"\\calenderNotification\\testcase\\firstcases\\testcase7_024.py","firstconsumedtime":25.521,"firstlocpath":"\\calenderNotification\\testcase\\firstcases\\exeresult\\7_024.txt","firstcoveragepath":"\\calenderNotification\\testcase\\firstcases\\coverage\\coverage7_024.ec","firsterrorlog":"FAILstr(e):\t\tMessage: An element could not be located on the page using the given search parameters.repr(e):\tNoSuchElementException()Traceback (most recent call last):  File \"C:\\Users\\yifeiLu\\Documents\\TestingProjectHome\\calenderNotification\\testcase\\firstcases\\testcase7_024.py\", line 212, in <module>    element = getElememtBack(driver, \"new UiSelector().text(\\\"5:00\u20136:30 AM\\\")\", \"new UiSelector().className(\\\"android.widget.TextView\\\").instance(6)\")  File \"C:\\Users\\yifeiLu\\Documents\\TestingProjectHome\\calenderNotification\\testcase\\firstcases\\testcase7_024.py\", line 53, in getElememtBack    element = driver.find_element_by_android_uiautomator(str2)  File \"C:\\Python27\\lib\\site-packages\\appium\\webdriver\\webdriver.py\", line 327, in find_element_by_android_uiautomator    return self.find_element(by=By.ANDROID_UIAUTOMATOR, value=uia_string)  File \"C:\\Python27\\lib\\site-packages\\appium\\webdriver\\webdriver.py\", line 219, in find_element    'value': value})['value']  File \"C:\\Python27\\lib\\site-packages\\selenium\\webdriver\\remote\\webdriver.py\", line 321, in execute    self.error_handler.check_response(response)  File \"C:\\Python27\\lib\\site-packages\\appium\\webdriver\\errorhandler.py\", line 29, in check_response    raise wdeNoSuchElementException: Message: An element could not be located on the page using the given search parameters."},{"firstjacocotime":5.0039997,"tagname":"7_025","firstexecutionsuccess":false,"firsttestcasepath":"\\calenderNotification\\testcase\\firstcases\\testcase7_025.py","firstconsumedtime":35.678,"firstlocpath":"\\calenderNotification\\testcase\\firstcases\\exeresult\\7_025.txt","firstcoveragepath":"\\calenderNotification\\testcase\\firstcases\\coverage\\coverage7_025.ec","firsterrorlog":"FAILstr(e):\t\tMessage: An element could not be located on the page using the given search parameters.repr(e):\tNoSuchElementException()Traceback (most recent call last):  File \"C:\\Users\\yifeiLu\\Documents\\TestingProjectHome\\calenderNotification\\testcase\\firstcases\\testcase7_025.py\", line 223, in <module>    element = getElememt(driver, \"new UiSelector().className(\\\"android.widget.ImageButton\\\").description(\\\"Navigate up\\\")\")  File \"C:\\Users\\yifeiLu\\Documents\\TestingProjectHome\\calenderNotification\\testcase\\firstcases\\testcase7_025.py\", line 34, in getElememt    element = driver.find_element_by_android_uiautomator(str)  File \"C:\\Python27\\lib\\site-packages\\appium\\webdriver\\webdriver.py\", line 327, in find_element_by_android_uiautomator    return self.find_element(by=By.ANDROID_UIAUTOMATOR, value=uia_string)  File \"C:\\Python27\\lib\\site-packages\\appium\\webdriver\\webdriver.py\", line 219, in find_element    'value': value})['value']  File \"C:\\Python27\\lib\\site-packages\\selenium\\webdriver\\remote\\webdriver.py\", line 321, in execute    self.error_handler.check_response(response)  File \"C:\\Python27\\lib\\site-packages\\appium\\webdriver\\errorhandler.py\", line 29, in check_response    raise wdeNoSuchElementException: Message: An element could not be located on the page using the given search parameters."},{"firstjacocotime":5.0039997,"tagname":"7_022","firstexecutionsuccess":false,"firsttestcasepath":"\\calenderNotification\\testcase\\firstcases\\testcase7_022.py","firstconsumedtime":28.832,"firstlocpath":"\\calenderNotification\\testcase\\firstcases\\exeresult\\7_022.txt","firstcoveragepath":"\\calenderNotification\\testcase\\firstcases\\coverage\\coverage7_022.ec","firsterrorlog":"FAILstr(e):\t\tMessage: An element could not be located on the page using the given search parameters.repr(e):\tNoSuchElementException()Traceback (most recent call last):  File \"C:\\Users\\yifeiLu\\Documents\\TestingProjectHome\\calenderNotification\\testcase\\firstcases\\testcase7_022.py\", line 215, in <module>    element = getElememtBack(driver, \"new UiSelector().text(\\\"OK\\\")\", \"new UiSelector().className(\\\"android.widget.Button\\\").instance(1)\")  File \"C:\\Users\\yifeiLu\\Documents\\TestingProjectHome\\calenderNotification\\testcase\\firstcases\\testcase7_022.py\", line 53, in getElememtBack    element = driver.find_element_by_android_uiautomator(str2)  File \"C:\\Python27\\lib\\site-packages\\appium\\webdriver\\webdriver.py\", line 327, in find_element_by_android_uiautomator    return self.find_element(by=By.ANDROID_UIAUTOMATOR, value=uia_string)  File \"C:\\Python27\\lib\\site-packages\\appium\\webdriver\\webdriver.py\", line 219, in find_element    'value': value})['value']  File \"C:\\Python27\\lib\\site-packages\\selenium\\webdriver\\remote\\webdriver.py\", line 321, in execute    self.error_handler.check_response(response)  File \"C:\\Python27\\lib\\site-packages\\appium\\webdriver\\errorhandler.py\", line 29, in check_response    raise wdeNoSuchElementException: Message: An element could not be located on the page using the given search parameters."},{"firstjacocotime":5.005,"tagname":"7_023","firstexecutionsuccess":true,"firsttestcasepath":"\\calenderNotification\\testcase\\firstcases\\testcase7_023.py","firstconsumedtime":49.828,"firstlocpath":"\\calenderNotification\\testcase\\firstcases\\exeresult\\7_023.txt","firstcoveragepath":"\\calenderNotification\\testcase\\firstcases\\coverage\\coverage7_023.ec","firsterrorlog":null},{"firstjacocotime":5.0049996,"tagname":"7_028","firstexecutionsuccess":false,"firsttestcasepath":"\\calenderNotification\\testcase\\firstcases\\testcase7_028.py","firstconsumedtime":15.349999,"firstlocpath":"\\calenderNotification\\testcase\\firstcases\\exeresult\\7_028.txt","firstcoveragepath":"\\calenderNotification\\testcase\\firstcases\\coverage\\coverage7_028.ec","firsterrorlog":"FAILstr(e):\t\tMessage: An element could not be located on the page using the given search parameters.repr(e):\tNoSuchElementException()Traceback (most recent call last):  File \"C:\\Users\\yifeiLu\\Documents\\TestingProjectHome\\calenderNotification\\testcase\\firstcases\\testcase7_028.py\", line 204, in <module>    element = getElememt(driver, \"new UiSelector().resourceId(\\\"com.github.quarck.calnotify:id\/imageview_is_alarm_indicator\\\").className(\\\"android.widget.ImageView\\\")\")  File \"C:\\Users\\yifeiLu\\Documents\\TestingProjectHome\\calenderNotification\\testcase\\firstcases\\testcase7_028.py\", line 34, in getElememt    element = driver.find_element_by_android_uiautomator(str)  File \"C:\\Python27\\lib\\site-packages\\appium\\webdriver\\webdriver.py\", line 327, in find_element_by_android_uiautomator    return self.find_element(by=By.ANDROID_UIAUTOMATOR, value=uia_string)  File \"C:\\Python27\\lib\\site-packages\\appium\\webdriver\\webdriver.py\", line 219, in find_element    'value': value})['value']  File \"C:\\Python27\\lib\\site-packages\\selenium\\webdriver\\remote\\webdriver.py\", line 321, in execute    self.error_handler.check_response(response)  File \"C:\\Python27\\lib\\site-packages\\appium\\webdriver\\errorhandler.py\", line 29, in check_response    raise wdeNoSuchElementException: Message: An element could not be located on the page using the given search parameters."},{"firstjacocotime":5.0039997,"tagname":"7_029","firstexecutionsuccess":false,"firsttestcasepath":"\\calenderNotification\\testcase\\firstcases\\testcase7_029.py","firstconsumedtime":23.557,"firstlocpath":"\\calenderNotification\\testcase\\firstcases\\exeresult\\7_029.txt","firstcoveragepath":"\\calenderNotification\\testcase\\firstcases\\coverage\\coverage7_029.ec","firsterrorlog":"FAILstr(e):\t\tMessage: An element could not be located on the page using the given search parameters.repr(e):\tNoSuchElementException()Traceback (most recent call last):  File \"C:\\Users\\yifeiLu\\Documents\\TestingProjectHome\\calenderNotification\\testcase\\firstcases\\testcase7_029.py\", line 206, in <module>    element = getElememtBack(driver, \"new UiSelector().text(\\\"1 hour\\\")\", \"new UiSelector().className(\\\"android.widget.TextView\\\").instance(9)\")  File \"C:\\Users\\yifeiLu\\Documents\\TestingProjectHome\\calenderNotification\\testcase\\firstcases\\testcase7_029.py\", line 53, in getElememtBack    element = driver.find_element_by_android_uiautomator(str2)  File \"C:\\Python27\\lib\\site-packages\\appium\\webdriver\\webdriver.py\", line 327, in find_element_by_android_uiautomator    return self.find_element(by=By.ANDROID_UIAUTOMATOR, value=uia_string)  File \"C:\\Python27\\lib\\site-packages\\appium\\webdriver\\webdriver.py\", line 219, in find_element    'value': value})['value']  File \"C:\\Python27\\lib\\site-packages\\selenium\\webdriver\\remote\\webdriver.py\", line 321, in execute    self.error_handler.check_response(response)  File \"C:\\Python27\\lib\\site-packages\\appium\\webdriver\\errorhandler.py\", line 29, in check_response    raise wdeNoSuchElementException: Message: An element could not be located on the page using the given search parameters."},{"firstjacocotime":5.0039997,"tagname":"7_026","firstexecutionsuccess":false,"firsttestcasepath":"\\calenderNotification\\testcase\\firstcases\\testcase7_026.py","firstconsumedtime":15.646,"firstlocpath":"\\calenderNotification\\testcase\\firstcases\\exeresult\\7_026.txt","firstcoveragepath":"\\calenderNotification\\testcase\\firstcases\\coverage\\coverage7_026.ec","firsterrorlog":"FAILstr(e):\t\tMessage: An element could not be located on the page using the given search parameters.repr(e):\tNoSuchElementException()Traceback (most recent call last):  File \"C:\\Users\\yifeiLu\\Documents\\TestingProjectHome\\calenderNotification\\testcase\\firstcases\\testcase7_026.py\", line 204, in <module>    element = getElememt(driver, \"new UiSelector().resourceId(\\\"com.github.quarck.calnotify:id\/imageview_is_alarm_indicator\\\").className(\\\"android.widget.ImageView\\\")\")  File \"C:\\Users\\yifeiLu\\Documents\\TestingProjectHome\\calenderNotification\\testcase\\firstcases\\testcase7_026.py\", line 34, in getElememt    element = driver.find_element_by_android_uiautomator(str)  File \"C:\\Python27\\lib\\site-packages\\appium\\webdriver\\webdriver.py\", line 327, in find_element_by_android_uiautomator    return self.find_element(by=By.ANDROID_UIAUTOMATOR, value=uia_string)  File \"C:\\Python27\\lib\\site-packages\\appium\\webdriver\\webdriver.py\", line 219, in find_element    'value': value})['value']  File \"C:\\Python27\\lib\\site-packages\\selenium\\webdriver\\remote\\webdriver.py\", line 321, in execute    self.error_handler.check_response(response)  File \"C:\\Python27\\lib\\site-packages\\appium\\webdriver\\errorhandler.py\", line 29, in check_response    raise wdeNoSuchElementException: Message: An element could not be located on the page using the given search parameters."},{"firstjacocotime":5.005,"tagname":"7_027","firstexecutionsuccess":false,"firsttestcasepath":"\\calenderNotification\\testcase\\firstcases\\testcase7_027.py","firstconsumedtime":18.302,"firstlocpath":"\\calenderNotification\\testcase\\firstcases\\exeresult\\7_027.txt","firstcoveragepath":"\\calenderNotification\\testcase\\firstcases\\coverage\\coverage7_027.ec","firsterrorlog":"FAILstr(e):\t\tMessage: An element could not be located on the page using the given search parameters.repr(e):\tNoSuchElementException()Traceback (most recent call last):  File \"C:\\Users\\yifeiLu\\Documents\\TestingProjectHome\\calenderNotification\\testcase\\firstcases\\testcase7_027.py\", line 204, in <module>    element = getElememt(driver, \"new UiSelector().resourceId(\\\"android:id\/numberpicker_input\\\").className(\\\"android.widget.EditText\\\")\")  File \"C:\\Users\\yifeiLu\\Documents\\TestingProjectHome\\calenderNotification\\testcase\\firstcases\\testcase7_027.py\", line 34, in getElememt    element = driver.find_element_by_android_uiautomator(str)  File \"C:\\Python27\\lib\\site-packages\\appium\\webdriver\\webdriver.py\", line 327, in find_element_by_android_uiautomator    return self.find_element(by=By.ANDROID_UIAUTOMATOR, value=uia_string)  File \"C:\\Python27\\lib\\site-packages\\appium\\webdriver\\webdriver.py\", line 219, in find_element    'value': value})['value']  File \"C:\\Python27\\lib\\site-packages\\selenium\\webdriver\\remote\\webdriver.py\", line 321, in execute    self.error_handler.check_response(response)  File \"C:\\Python27\\lib\\site-packages\\appium\\webdriver\\errorhandler.py\", line 29, in check_response    raise wdeNoSuchElementException: Message: An element could not be located on the page using the given search parameters."},{"firstjacocotime":5.0039997,"tagname":"7_019","firstexecutionsuccess":false,"firsttestcasepath":"\\calenderNotification\\testcase\\firstcases\\testcase7_019.py","firstconsumedtime":33.624,"firstlocpath":"\\calenderNotification\\testcase\\firstcases\\exeresult\\7_019.txt","firstcoveragepath":"\\calenderNotification\\testcase\\firstcases\\coverage\\coverage7_019.ec","firsterrorlog":"FAILstr(e):\t\tMessage: An element could not be located on the page using the given search parameters.repr(e):\tNoSuchElementException()Traceback (most recent call last):  File \"C:\\Users\\yifeiLu\\Documents\\TestingProjectHome\\calenderNotification\\testcase\\firstcases\\testcase7_019.py\", line 218, in <module>    element = getElememtBack(driver, \"new UiSelector().text(\\\"Nov\\\")\", \"new UiSelector().className(\\\"android.widget.Button\\\").instance(1)\")  File \"C:\\Users\\yifeiLu\\Documents\\TestingProjectHome\\calenderNotification\\testcase\\firstcases\\testcase7_019.py\", line 53, in getElememtBack    element = driver.find_element_by_android_uiautomator(str2)  File \"C:\\Python27\\lib\\site-packages\\appium\\webdriver\\webdriver.py\", line 327, in find_element_by_android_uiautomator    return self.find_element(by=By.ANDROID_UIAUTOMATOR, value=uia_string)  File \"C:\\Python27\\lib\\site-packages\\appium\\webdriver\\webdriver.py\", line 219, in find_element    'value': value})['value']  File \"C:\\Python27\\lib\\site-packages\\selenium\\webdriver\\remote\\webdriver.py\", line 321, in execute    self.error_handler.check_response(response)  File \"C:\\Python27\\lib\\site-packages\\appium\\webdriver\\errorhandler.py\", line 29, in check_response    raise wdeNoSuchElementException: Message: An element could not be located on the page using the given search parameters."},{"firstjacocotime":5.0039997,"tagname":"7_010","firstexecutionsuccess":false,"firsttestcasepath":"\\calenderNotification\\testcase\\firstcases\\testcase7_010.py","firstconsumedtime":19.848,"firstlocpath":"\\calenderNotification\\testcase\\firstcases\\exeresult\\7_010.txt","firstcoveragepath":"\\calenderNotification\\testcase\\firstcases\\coverage\\coverage7_010.ec","firsterrorlog":"FAILstr(e):\t\tMessage: An element could not be located on the page using the given search parameters.repr(e):\tNoSuchElementException()Traceback (most recent call last):  File \"C:\\Users\\yifeiLu\\Documents\\TestingProjectHome\\calenderNotification\\testcase\\firstcases\\testcase7_010.py\", line 204, in <module>    element = getElememtBack(driver, \"new UiSelector().text(\\\"Jan\\\")\", \"new UiSelector().className(\\\"android.widget.Button\\\").instance(1)\")  File \"C:\\Users\\yifeiLu\\Documents\\TestingProjectHome\\calenderNotification\\testcase\\firstcases\\testcase7_010.py\", line 53, in getElememtBack    element = driver.find_element_by_android_uiautomator(str2)  File \"C:\\Python27\\lib\\site-packages\\appium\\webdriver\\webdriver.py\", line 327, in find_element_by_android_uiautomator    return self.find_element(by=By.ANDROID_UIAUTOMATOR, value=uia_string)  File \"C:\\Python27\\lib\\site-packages\\appium\\webdriver\\webdriver.py\", line 219, in find_element    'value': value})['value']  File \"C:\\Python27\\lib\\site-packages\\selenium\\webdriver\\remote\\webdriver.py\", line 321, in execute    self.error_handler.check_response(response)  File \"C:\\Python27\\lib\\site-packages\\appium\\webdriver\\errorhandler.py\", line 29, in check_response    raise wdeNoSuchElementException: Message: An element could not be located on the page using the given search parameters."},{"firstjacocotime":5.005,"tagname":"7_013","firstexecutionsuccess":true,"firsttestcasepath":"\\calenderNotification\\testcase\\firstcases\\testcase7_013.py","firstconsumedtime":76.725,"firstlocpath":"\\calenderNotification\\testcase\\firstcases\\exeresult\\7_013.txt","firstcoveragepath":"\\calenderNotification\\testcase\\firstcases\\coverage\\coverage7_013.ec","firsterrorlog":null},{"firstjacocotime":5.0039997,"tagname":"7_014","firstexecutionsuccess":true,"firsttestcasepath":"\\calenderNotification\\testcase\\firstcases\\testcase7_014.py","firstconsumedtime":10.754,"firstlocpath":"\\calenderNotification\\testcase\\firstcases\\exeresult\\7_014.txt","firstcoveragepath":"\\calenderNotification\\testcase\\firstcases\\coverage\\coverage7_014.ec","firsterrorlog":null},{"firstjacocotime":5.0039997,"tagname":"7_011","firstexecutionsuccess":false,"firsttestcasepath":"\\calenderNotification\\testcase\\firstcases\\testcase7_011.py","firstconsumedtime":15.207,"firstlocpath":"\\calenderNotification\\testcase\\firstcases\\exeresult\\7_011.txt","firstcoveragepath":"\\calenderNotification\\testcase\\firstcases\\coverage\\coverage7_011.ec","firsterrorlog":"FAILstr(e):\t\tMessage: An element could not be located on the page using the given search parameters.repr(e):\tNoSuchElementException()Traceback (most recent call last):  File \"C:\\Users\\yifeiLu\\Documents\\TestingProjectHome\\calenderNotification\\testcase\\firstcases\\testcase7_011.py\", line 204, in <module>    element = getElememt(driver, \"new UiSelector().resourceId(\\\"com.github.quarck.calnotify:id\/imageview_is_alarm_indicator\\\").className(\\\"android.widget.ImageView\\\")\")  File \"C:\\Users\\yifeiLu\\Documents\\TestingProjectHome\\calenderNotification\\testcase\\firstcases\\testcase7_011.py\", line 34, in getElememt    element = driver.find_element_by_android_uiautomator(str)  File \"C:\\Python27\\lib\\site-packages\\appium\\webdriver\\webdriver.py\", line 327, in find_element_by_android_uiautomator    return self.find_element(by=By.ANDROID_UIAUTOMATOR, value=uia_string)  File \"C:\\Python27\\lib\\site-packages\\appium\\webdriver\\webdriver.py\", line 219, in find_element    'value': value})['value']  File \"C:\\Python27\\lib\\site-packages\\selenium\\webdriver\\remote\\webdriver.py\", line 321, in execute    self.error_handler.check_response(response)  File \"C:\\Python27\\lib\\site-packages\\appium\\webdriver\\errorhandler.py\", line 29, in check_response    raise wdeNoSuchElementException: Message: An element could not be located on the page using the given search parameters."},{"firstjacocotime":5.003,"tagname":"7_012","firstexecutionsuccess":true,"firsttestcasepath":"\\calenderNotification\\testcase\\firstcases\\testcase7_012.py","firstconsumedtime":101.772,"firstlocpath":"\\calenderNotification\\testcase\\firstcases\\exeresult\\7_012.txt","firstcoveragepath":"\\calenderNotification\\testcase\\firstcases\\coverage\\coverage7_012.ec","firsterrorlog":null},{"firstjacocotime":5.0049996,"tagname":"7_017","firstexecutionsuccess":true,"firsttestcasepath":"\\calenderNotification\\testcase\\firstcases\\testcase7_017.py","firstconsumedtime":46.081,"firstlocpath":"\\calenderNotification\\testcase\\firstcases\\exeresult\\7_017.txt","firstcoveragepath":"\\calenderNotification\\testcase\\firstcases\\coverage\\coverage7_017.ec","firsterrorlog":null},{"firstjacocotime":5.005,"tagname":"7_018","firstexecutionsuccess":true,"firsttestcasepath":"\\calenderNotification\\testcase\\firstcases\\testcase7_018.py","firstconsumedtime":47.411,"firstlocpath":"\\calenderNotification\\testcase\\firstcases\\exeresult\\7_018.txt","firstcoveragepath":"\\calenderNotification\\testcase\\firstcases\\coverage\\coverage7_018.ec","firsterrorlog":null},{"firstjacocotime":5.006,"tagname":"7_015","firstexecutionsuccess":true,"firsttestcasepath":"\\calenderNotification\\testcase\\firstcases\\testcase7_015.py","firstconsumedtime":10.57,"firstlocpath":"\\calenderNotification\\testcase\\firstcases\\exeresult\\7_015.txt","firstcoveragepath":"\\calenderNotification\\testcase\\firstcases\\coverage\\coverage7_015.ec","firsterrorlog":null},{"firstjacocotime":5.0039997,"tagname":"7_016","firstexecutionsuccess":true,"firsttestcasepath":"\\calenderNotification\\testcase\\firstcases\\testcase7_016.py","firstconsumedtime":10.533,"firstlocpath":"\\calenderNotification\\testcase\\firstcases\\exeresult\\7_016.txt","firstcoveragepath":"\\calenderNotification\\testcase\\firstcases\\coverage\\coverage7_016.ec","firsterrorlog":null},{"firstjacocotime":5.003,"tagname":"6_000","firstexecutionsuccess":false,"firsttestcasepath":"\\calenderNotification\\testcase\\firstcases\\testcase6_000.py","firstconsumedtime":21.587,"firstlocpath":"\\calenderNotification\\testcase\\firstcases\\exeresult\\6_000.txt","firstcoveragepath":"\\calenderNotification\\testcase\\firstcases\\coverage\\coverage6_000.ec","firsterrorlog":"FAILstr(e):\t\tMessage: An element could not be located on the page using the given search parameters.repr(e):\tNoSuchElementException()Traceback (most recent call last):  File \"C:\\Users\\yifeiLu\\Documents\\TestingProjectHome\\calenderNotification\\testcase\\firstcases\\testcase6_000.py\", line 207, in <module>    element = getElememtBack(driver, \"new UiSelector().text(\\\"OK\\\")\", \"new UiSelector().className(\\\"android.widget.Button\\\").instance(1)\")  File \"C:\\Users\\yifeiLu\\Documents\\TestingProjectHome\\calenderNotification\\testcase\\firstcases\\testcase6_000.py\", line 53, in getElememtBack    element = driver.find_element_by_android_uiautomator(str2)  File \"C:\\Python27\\lib\\site-packages\\appium\\webdriver\\webdriver.py\", line 327, in find_element_by_android_uiautomator    return self.find_element(by=By.ANDROID_UIAUTOMATOR, value=uia_string)  File \"C:\\Python27\\lib\\site-packages\\appium\\webdriver\\webdriver.py\", line 219, in find_element    'value': value})['value']  File \"C:\\Python27\\lib\\site-packages\\selenium\\webdriver\\remote\\webdriver.py\", line 321, in execute    self.error_handler.check_response(response)  File \"C:\\Python27\\lib\\site-packages\\appium\\webdriver\\errorhandler.py\", line 29, in check_response    raise wdeNoSuchElementException: Message: An element could not be located on the page using the given search parameters."},{"firstjacocotime":5.003,"tagname":"6_005","firstexecutionsuccess":true,"firsttestcasepath":"\\calenderNotification\\testcase\\firstcases\\testcase6_005.py","firstconsumedtime":64.059,"firstlocpath":"\\calenderNotification\\testcase\\firstcases\\exeresult\\6_005.txt","firstcoveragepath":"\\calenderNotification\\testcase\\firstcases\\coverage\\coverage6_005.ec","firsterrorlog":null},{"firstjacocotime":5.0039997,"tagname":"6_006","firstexecutionsuccess":true,"firsttestcasepath":"\\calenderNotification\\testcase\\firstcases\\testcase6_006.py","firstconsumedtime":76.122,"firstlocpath":"\\calenderNotification\\testcase\\firstcases\\exeresult\\6_006.txt","firstcoveragepath":"\\calenderNotification\\testcase\\firstcases\\coverage\\coverage6_006.ec","firsterrorlog":null},{"firstjacocotime":5.003,"tagname":"6_007","firstexecutionsuccess":true,"firsttestcasepath":"\\calenderNotification\\testcase\\firstcases\\testcase6_007.py","firstconsumedtime":84.315,"firstlocpath":"\\calenderNotification\\testcase\\firstcases\\exeresult\\6_007.txt","firstcoveragepath":"\\calenderNotification\\testcase\\firstcases\\coverage\\coverage6_007.ec","firsterrorlog":null},{"firstjacocotime":5.0039997,"tagname":"6_008","firstexecutionsuccess":true,"firsttestcasepath":"\\calenderNotification\\testcase\\firstcases\\testcase6_008.py","firstconsumedtime":86.798,"firstlocpath":"\\calenderNotification\\testcase\\firstcases\\exeresult\\6_008.txt","firstcoveragepath":"\\calenderNotification\\testcase\\firstcases\\coverage\\coverage6_008.ec","firsterrorlog":null},{"firstjacocotime":5.0039997,"tagname":"6_001","firstexecutionsuccess":false,"firsttestcasepath":"\\calenderNotification\\testcase\\firstcases\\testcase6_001.py","firstconsumedtime":29.213,"firstlocpath":"\\calenderNotification\\testcase\\firstcases\\exeresult\\6_001.txt","firstcoveragepath":"\\calenderNotification\\testcase\\firstcases\\coverage\\coverage6_001.ec","firsterrorlog":"FAILstr(e):\t\tMessage: An element could not be located on the page using the given search parameters.repr(e):\tNoSuchElementException()Traceback (most recent call last):  File \"C:\\Users\\yifeiLu\\Documents\\TestingProjectHome\\calenderNotification\\testcase\\firstcases\\testcase6_001.py\", line 212, in <module>    element = getElememtBack(driver, \"new UiSelector().text(\\\"1 day\\\")\", \"new UiSelector().className(\\\"android.widget.TextView\\\").instance(12)\")  File \"C:\\Users\\yifeiLu\\Documents\\TestingProjectHome\\calenderNotification\\testcase\\firstcases\\testcase6_001.py\", line 53, in getElememtBack    element = driver.find_element_by_android_uiautomator(str2)  File \"C:\\Python27\\lib\\site-packages\\appium\\webdriver\\webdriver.py\", line 327, in find_element_by_android_uiautomator    return self.find_element(by=By.ANDROID_UIAUTOMATOR, value=uia_string)  File \"C:\\Python27\\lib\\site-packages\\appium\\webdriver\\webdriver.py\", line 219, in find_element    'value': value})['value']  File \"C:\\Python27\\lib\\site-packages\\selenium\\webdriver\\remote\\webdriver.py\", line 321, in execute    self.error_handler.check_response(response)  File \"C:\\Python27\\lib\\site-packages\\appium\\webdriver\\errorhandler.py\", line 29, in check_response    raise wdeNoSuchElementException: Message: An element could not be located on the page using the given search parameters."},{"firstjacocotime":5.004,"tagname":"6_002","firstexecutionsuccess":false,"firsttestcasepath":"\\calenderNotification\\testcase\\firstcases\\testcase6_002.py","firstconsumedtime":44.799,"firstlocpath":"\\calenderNotification\\testcase\\firstcases\\exeresult\\6_002.txt","firstcoveragepath":"\\calenderNotification\\testcase\\firstcases\\coverage\\coverage6_002.ec","firsterrorlog":"FAILstr(e):\t\tMessage: An element could not be located on the page using the given search parameters.repr(e):\tNoSuchElementException()Traceback (most recent call last):  File \"C:\\Users\\yifeiLu\\Documents\\TestingProjectHome\\calenderNotification\\testcase\\firstcases\\testcase6_002.py\", line 222, in <module>    element = getElememtBack(driver, \"new UiSelector().text(\\\"2020\\\")\", \"new UiSelector().className(\\\"android.widget.Button\\\").instance(4)\")  File \"C:\\Users\\yifeiLu\\Documents\\TestingProjectHome\\calenderNotification\\testcase\\firstcases\\testcase6_002.py\", line 53, in getElememtBack    element = driver.find_element_by_android_uiautomator(str2)  File \"C:\\Python27\\lib\\site-packages\\appium\\webdriver\\webdriver.py\", line 327, in find_element_by_android_uiautomator    return self.find_element(by=By.ANDROID_UIAUTOMATOR, value=uia_string)  File \"C:\\Python27\\lib\\site-packages\\appium\\webdriver\\webdriver.py\", line 219, in find_element    'value': value})['value']  File \"C:\\Python27\\lib\\site-packages\\selenium\\webdriver\\remote\\webdriver.py\", line 321, in execute    self.error_handler.check_response(response)  File \"C:\\Python27\\lib\\site-packages\\appium\\webdriver\\errorhandler.py\", line 29, in check_response    raise wdeNoSuchElementException: Message: An element could not be located on the page using the given search parameters."},{"firstjacocotime":5.003,"tagname":"6_003","firstexecutionsuccess":true,"firsttestcasepath":"\\calenderNotification\\testcase\\firstcases\\testcase6_003.py","firstconsumedtime":30.383,"firstlocpath":"\\calenderNotification\\testcase\\firstcases\\exeresult\\6_003.txt","firstcoveragepath":"\\calenderNotification\\testcase\\firstcases\\coverage\\coverage6_003.ec","firsterrorlog":null},{"firstjacocotime":5.003,"tagname":"6_004","firstexecutionsuccess":true,"firsttestcasepath":"\\calenderNotification\\testcase\\firstcases\\testcase6_004.py","firstconsumedtime":18.979,"firstlocpath":"\\calenderNotification\\testcase\\firstcases\\exeresult\\6_004.txt","firstcoveragepath":"\\calenderNotification\\testcase\\firstcases\\coverage\\coverage6_004.ec","firsterrorlog":null},{"firstjacocotime":5.0039997,"tagname":"1_019","firstexecutionsuccess":false,"firsttestcasepath":"\\calenderNotification\\testcase\\firstcases\\testcase1_019.py","firstconsumedtime":31.995,"firstlocpath":"\\calenderNotification\\testcase\\firstcases\\exeresult\\1_019.txt","firstcoveragepath":"\\calenderNotification\\testcase\\firstcases\\coverage\\coverage1_019.ec","firsterrorlog":"FAILstr(e):\t\tMessage: An element could not be located on the page using the given search parameters.repr(e):\tNoSuchElementException()Traceback (most recent call last):  File \"C:\\Users\\yifeiLu\\Documents\\TestingProjectHome\\calenderNotification\\testcase\\firstcases\\testcase1_019.py\", line 211, in <module>    element = getElememtBack(driver, \"new UiSelector().text(\\\"Snoozed until 6:34 AM\\\")\", \"new UiSelector().className(\\\"android.widget.TextView\\\").instance(4)\")  File \"C:\\Users\\yifeiLu\\Documents\\TestingProjectHome\\calenderNotification\\testcase\\firstcases\\testcase1_019.py\", line 53, in getElememtBack    element = driver.find_element_by_android_uiautomator(str2)  File \"C:\\Python27\\lib\\site-packages\\appium\\webdriver\\webdriver.py\", line 327, in find_element_by_android_uiautomator    return self.find_element(by=By.ANDROID_UIAUTOMATOR, value=uia_string)  File \"C:\\Python27\\lib\\site-packages\\appium\\webdriver\\webdriver.py\", line 219, in find_element    'value': value})['value']  File \"C:\\Python27\\lib\\site-packages\\selenium\\webdriver\\remote\\webdriver.py\", line 321, in execute    self.error_handler.check_response(response)  File \"C:\\Python27\\lib\\site-packages\\appium\\webdriver\\errorhandler.py\", line 29, in check_response    raise wdeNoSuchElementException: Message: An element could not be located on the page using the given search parameters."},{"firstjacocotime":5.0039997,"tagname":"6_009","firstexecutionsuccess":true,"firsttestcasepath":"\\calenderNotification\\testcase\\firstcases\\testcase6_009.py","firstconsumedtime":43.14,"firstlocpath":"\\calenderNotification\\testcase\\firstcases\\exeresult\\6_009.txt","firstcoveragepath":"\\calenderNotification\\testcase\\firstcases\\coverage\\coverage6_009.ec","firsterrorlog":null},{"firstjacocotime":5.004,"tagname":"1_017","firstexecutionsuccess":true,"firsttestcasepath":"\\calenderNotification\\testcase\\firstcases\\testcase1_017.py","firstconsumedtime":49.201,"firstlocpath":"\\calenderNotification\\testcase\\firstcases\\exeresult\\1_017.txt","firstcoveragepath":"\\calenderNotification\\testcase\\firstcases\\coverage\\coverage1_017.ec","firsterrorlog":null},{"firstjacocotime":5.002,"tagname":"1_018","firstexecutionsuccess":false,"firsttestcasepath":"\\calenderNotification\\testcase\\firstcases\\testcase1_018.py","firstconsumedtime":26.267,"firstlocpath":"\\calenderNotification\\testcase\\firstcases\\exeresult\\1_018.txt","firstcoveragepath":"\\calenderNotification\\testcase\\firstcases\\coverage\\coverage1_018.ec","firsterrorlog":"FAILstr(e):\t\tMessage: An element could not be located on the page using the given search parameters.repr(e):\tNoSuchElementException()Traceback (most recent call last):  File \"C:\\Users\\yifeiLu\\Documents\\TestingProjectHome\\calenderNotification\\testcase\\firstcases\\testcase1_018.py\", line 209, in <module>    element = getElememtBack(driver, \"new UiSelector().text(\\\"26\\\")\", \"new UiSelector().className(\\\"android.widget.Button\\\").instance(2)\")  File \"C:\\Users\\yifeiLu\\Documents\\TestingProjectHome\\calenderNotification\\testcase\\firstcases\\testcase1_018.py\", line 53, in getElememtBack    element = driver.find_element_by_android_uiautomator(str2)  File \"C:\\Python27\\lib\\site-packages\\appium\\webdriver\\webdriver.py\", line 327, in find_element_by_android_uiautomator    return self.find_element(by=By.ANDROID_UIAUTOMATOR, value=uia_string)  File \"C:\\Python27\\lib\\site-packages\\appium\\webdriver\\webdriver.py\", line 219, in find_element    'value': value})['value']  File \"C:\\Python27\\lib\\site-packages\\selenium\\webdriver\\remote\\webdriver.py\", line 321, in execute    self.error_handler.check_response(response)  File \"C:\\Python27\\lib\\site-packages\\appium\\webdriver\\errorhandler.py\", line 29, in check_response    raise wdeNoSuchElementException: Message: An element could not be located on the page using the given search parameters."},{"firstjacocotime":5.003,"tagname":"1_015","firstexecutionsuccess":false,"firsttestcasepath":"\\calenderNotification\\testcase\\firstcases\\testcase1_015.py","firstconsumedtime":19.718,"firstlocpath":"\\calenderNotification\\testcase\\firstcases\\exeresult\\1_015.txt","firstcoveragepath":"\\calenderNotification\\testcase\\firstcases\\coverage\\coverage1_015.ec","firsterrorlog":"FAILstr(e):\t\tMessage: An element could not be located on the page using the given search parameters.repr(e):\tNoSuchElementException()Traceback (most recent call last):  File \"C:\\Users\\yifeiLu\\Documents\\TestingProjectHome\\calenderNotification\\testcase\\firstcases\\testcase1_015.py\", line 204, in <module>    element = getElememtBack(driver, \"new UiSelector().text(\\\"Nov\\\")\", \"new UiSelector().className(\\\"android.widget.Button\\\").instance(1)\")  File \"C:\\Users\\yifeiLu\\Documents\\TestingProjectHome\\calenderNotification\\testcase\\firstcases\\testcase1_015.py\", line 53, in getElememtBack    element = driver.find_element_by_android_uiautomator(str2)  File \"C:\\Python27\\lib\\site-packages\\appium\\webdriver\\webdriver.py\", line 327, in find_element_by_android_uiautomator    return self.find_element(by=By.ANDROID_UIAUTOMATOR, value=uia_string)  File \"C:\\Python27\\lib\\site-packages\\appium\\webdriver\\webdriver.py\", line 219, in find_element    'value': value})['value']  File \"C:\\Python27\\lib\\site-packages\\selenium\\webdriver\\remote\\webdriver.py\", line 321, in execute    self.error_handler.check_response(response)  File \"C:\\Python27\\lib\\site-packages\\appium\\webdriver\\errorhandler.py\", line 29, in check_response    raise wdeNoSuchElementException: Message: An element could not be located on the page using the given search parameters."},{"firstjacocotime":5.0039997,"tagname":"1_016","firstexecutionsuccess":false,"firsttestcasepath":"\\calenderNotification\\testcase\\firstcases\\testcase1_016.py","firstconsumedtime":33.774,"firstlocpath":"\\calenderNotification\\testcase\\firstcases\\exeresult\\1_016.txt","firstcoveragepath":"\\calenderNotification\\testcase\\firstcases\\coverage\\coverage1_016.ec","firsterrorlog":"FAILstr(e):\t\tMessage: An element could not be located on the page using the given search parameters.repr(e):\tNoSuchElementException()Traceback (most recent call last):  File \"C:\\Users\\yifeiLu\\Documents\\TestingProjectHome\\calenderNotification\\testcase\\firstcases\\testcase1_016.py\", line 216, in <module>    element = getElememtBack(driver, \"new UiSelector().text(\\\"5:00 AM\\\")\", \"new UiSelector().className(\\\"android.widget.Button\\\").instance(2)\")  File \"C:\\Users\\yifeiLu\\Documents\\TestingProjectHome\\calenderNotification\\testcase\\firstcases\\testcase1_016.py\", line 53, in getElememtBack    element = driver.find_element_by_android_uiautomator(str2)  File \"C:\\Python27\\lib\\site-packages\\appium\\webdriver\\webdriver.py\", line 327, in find_element_by_android_uiautomator    return self.find_element(by=By.ANDROID_UIAUTOMATOR, value=uia_string)  File \"C:\\Python27\\lib\\site-packages\\appium\\webdriver\\webdriver.py\", line 219, in find_element    'value': value})['value']  File \"C:\\Python27\\lib\\site-packages\\selenium\\webdriver\\remote\\webdriver.py\", line 321, in execute    self.error_handler.check_response(response)  File \"C:\\Python27\\lib\\site-packages\\appium\\webdriver\\errorhandler.py\", line 29, in check_response    raise wdeNoSuchElementException: Message: An element could not be located on the page using the given search parameters."},{"firstjacocotime":5.003,"tagname":"1_013","firstexecutionsuccess":false,"firsttestcasepath":"\\calenderNotification\\testcase\\firstcases\\testcase1_013.py","firstconsumedtime":51.485,"firstlocpath":"\\calenderNotification\\testcase\\firstcases\\exeresult\\1_013.txt","firstcoveragepath":"\\calenderNotification\\testcase\\firstcases\\coverage\\coverage1_013.ec","firsterrorlog":"FAILstr(e):\t\tMessage: An element could not be located on the page using the given search parameters.repr(e):\tNoSuchElementException()Traceback (most recent call last):  File \"C:\\Users\\yifeiLu\\Documents\\TestingProjectHome\\calenderNotification\\testcase\\firstcases\\testcase1_013.py\", line 231, in <module>    element = getElememtBack(driver, \"new UiSelector().text(\\\"16\\\")\", \"new UiSelector().className(\\\"android.widget.Button\\\")\")  File \"C:\\Users\\yifeiLu\\Documents\\TestingProjectHome\\calenderNotification\\testcase\\firstcases\\testcase1_013.py\", line 53, in getElememtBack    element = driver.find_element_by_android_uiautomator(str2)  File \"C:\\Python27\\lib\\site-packages\\appium\\webdriver\\webdriver.py\", line 327, in find_element_by_android_uiautomator    return self.find_element(by=By.ANDROID_UIAUTOMATOR, value=uia_string)  File \"C:\\Python27\\lib\\site-packages\\appium\\webdriver\\webdriver.py\", line 219, in find_element    'value': value})['value']  File \"C:\\Python27\\lib\\site-packages\\selenium\\webdriver\\remote\\webdriver.py\", line 321, in execute    self.error_handler.check_response(response)  File \"C:\\Python27\\lib\\site-packages\\appium\\webdriver\\errorhandler.py\", line 29, in check_response    raise wdeNoSuchElementException: Message: An element could not be located on the page using the given search parameters."},{"firstjacocotime":5.0039997,"tagname":"1_014","firstexecutionsuccess":false,"firsttestcasepath":"\\calenderNotification\\testcase\\firstcases\\testcase1_014.py","firstconsumedtime":41.45,"firstlocpath":"\\calenderNotification\\testcase\\firstcases\\exeresult\\1_014.txt","firstcoveragepath":"\\calenderNotification\\testcase\\firstcases\\coverage\\coverage1_014.ec","firsterrorlog":"FAILstr(e):\t\tMessage: An element could not be located on the page using the given search parameters.repr(e):\tNoSuchElementException()Traceback (most recent call last):  File \"C:\\Users\\yifeiLu\\Documents\\TestingProjectHome\\calenderNotification\\testcase\\firstcases\\testcase1_014.py\", line 221, in <module>    element = getElememt(driver, \"new UiSelector().resourceId(\\\"com.github.quarck.calnotify:id\/event_note\\\").className(\\\"android.widget.EditText\\\")\")  File \"C:\\Users\\yifeiLu\\Documents\\TestingProjectHome\\calenderNotification\\testcase\\firstcases\\testcase1_014.py\", line 34, in getElememt    element = driver.find_element_by_android_uiautomator(str)  File \"C:\\Python27\\lib\\site-packages\\appium\\webdriver\\webdriver.py\", line 327, in find_element_by_android_uiautomator    return self.find_element(by=By.ANDROID_UIAUTOMATOR, value=uia_string)  File \"C:\\Python27\\lib\\site-packages\\appium\\webdriver\\webdriver.py\", line 219, in find_element    'value': value})['value']  File \"C:\\Python27\\lib\\site-packages\\selenium\\webdriver\\remote\\webdriver.py\", line 321, in execute    self.error_handler.check_response(response)  File \"C:\\Python27\\lib\\site-packages\\appium\\webdriver\\errorhandler.py\", line 29, in check_response    raise wdeNoSuchElementException: Message: An element could not be located on the page using the given search parameters."},{"firstjacocotime":5.003,"tagname":"1_011","firstexecutionsuccess":false,"firsttestcasepath":"\\calenderNotification\\testcase\\firstcases\\testcase1_011.py","firstconsumedtime":19.615,"firstlocpath":"\\calenderNotification\\testcase\\firstcases\\exeresult\\1_011.txt","firstcoveragepath":"\\calenderNotification\\testcase\\firstcases\\coverage\\coverage1_011.ec","firsterrorlog":"FAILstr(e):\t\tMessage: An element could not be located on the page using the given search parameters.repr(e):\tNoSuchElementException()Traceback (most recent call last):  File \"C:\\Users\\yifeiLu\\Documents\\TestingProjectHome\\calenderNotification\\testcase\\firstcases\\testcase1_011.py\", line 204, in <module>    element = getElememtBack(driver, \"new UiSelector().text(\\\"2019\\\")\", \"new UiSelector().className(\\\"android.widget.Button\\\").instance(4)\")  File \"C:\\Users\\yifeiLu\\Documents\\TestingProjectHome\\calenderNotification\\testcase\\firstcases\\testcase1_011.py\", line 53, in getElememtBack    element = driver.find_element_by_android_uiautomator(str2)  File \"C:\\Python27\\lib\\site-packages\\appium\\webdriver\\webdriver.py\", line 327, in find_element_by_android_uiautomator    return self.find_element(by=By.ANDROID_UIAUTOMATOR, value=uia_string)  File \"C:\\Python27\\lib\\site-packages\\appium\\webdriver\\webdriver.py\", line 219, in find_element    'value': value})['value']  File \"C:\\Python27\\lib\\site-packages\\selenium\\webdriver\\remote\\webdriver.py\", line 321, in execute    self.error_handler.check_response(response)  File \"C:\\Python27\\lib\\site-packages\\appium\\webdriver\\errorhandler.py\", line 29, in check_response    raise wdeNoSuchElementException: Message: An element could not be located on the page using the given search parameters."},{"firstjacocotime":5.004,"tagname":"1_012","firstexecutionsuccess":false,"firsttestcasepath":"\\calenderNotification\\testcase\\firstcases\\testcase1_012.py","firstconsumedtime":20.119,"firstlocpath":"\\calenderNotification\\testcase\\firstcases\\exeresult\\1_012.txt","firstcoveragepath":"\\calenderNotification\\testcase\\firstcases\\coverage\\coverage1_012.ec","firsterrorlog":"FAILstr(e):\t\tMessage: An element could not be located on the page using the given search parameters.repr(e):\tNoSuchElementException()Traceback (most recent call last):  File \"C:\\Users\\yifeiLu\\Documents\\TestingProjectHome\\calenderNotification\\testcase\\firstcases\\testcase1_012.py\", line 204, in <module>    element = getElememtBack(driver, \"new UiSelector().text(\\\"2018\\\")\", \"new UiSelector().className(\\\"android.widget.Button\\\").instance(4)\")  File \"C:\\Users\\yifeiLu\\Documents\\TestingProjectHome\\calenderNotification\\testcase\\firstcases\\testcase1_012.py\", line 53, in getElememtBack    element = driver.find_element_by_android_uiautomator(str2)  File \"C:\\Python27\\lib\\site-packages\\appium\\webdriver\\webdriver.py\", line 327, in find_element_by_android_uiautomator    return self.find_element(by=By.ANDROID_UIAUTOMATOR, value=uia_string)  File \"C:\\Python27\\lib\\site-packages\\appium\\webdriver\\webdriver.py\", line 219, in find_element    'value': value})['value']  File \"C:\\Python27\\lib\\site-packages\\selenium\\webdriver\\remote\\webdriver.py\", line 321, in execute    self.error_handler.check_response(response)  File \"C:\\Python27\\lib\\site-packages\\appium\\webdriver\\errorhandler.py\", line 29, in check_response    raise wdeNoSuchElementException: Message: An element could not be located on the page using the given search parameters."},{"firstjacocotime":5.003,"tagname":"1_010","firstexecutionsuccess":true,"firsttestcasepath":"\\calenderNotification\\testcase\\firstcases\\testcase1_010.py","firstconsumedtime":60.746,"firstlocpath":"\\calenderNotification\\testcase\\firstcases\\exeresult\\1_010.txt","firstcoveragepath":"\\calenderNotification\\testcase\\firstcases\\coverage\\coverage1_010.ec","firsterrorlog":null},{"firstjacocotime":5.003,"tagname":"1_028","firstexecutionsuccess":true,"firsttestcasepath":"\\calenderNotification\\testcase\\firstcases\\testcase1_028.py","firstconsumedtime":16.486,"firstlocpath":"\\calenderNotification\\testcase\\firstcases\\exeresult\\1_028.txt","firstcoveragepath":"\\calenderNotification\\testcase\\firstcases\\coverage\\coverage1_028.ec","firsterrorlog":null},{"firstjacocotime":5.003,"tagname":"1_029","firstexecutionsuccess":false,"firsttestcasepath":"\\calenderNotification\\testcase\\firstcases\\testcase1_029.py","firstconsumedtime":21.416,"firstlocpath":"\\calenderNotification\\testcase\\firstcases\\exeresult\\1_029.txt","firstcoveragepath":"\\calenderNotification\\testcase\\firstcases\\coverage\\coverage1_029.ec","firsterrorlog":"FAILstr(e):\t\tMessage: An element could not be located on the page using the given search parameters.repr(e):\tNoSuchElementException()Traceback (most recent call last):  File \"C:\\Users\\yifeiLu\\Documents\\TestingProjectHome\\calenderNotification\\testcase\\firstcases\\testcase1_029.py\", line 206, in <module>    element = getElememt(driver, \"new UiSelector().resourceId(\\\"com.github.quarck.calnotify:id\/snooze_view_menu\\\").className(\\\"android.widget.ImageView\\\")\")  File \"C:\\Users\\yifeiLu\\Documents\\TestingProjectHome\\calenderNotification\\testcase\\firstcases\\testcase1_029.py\", line 34, in getElememt    element = driver.find_element_by_android_uiautomator(str)  File \"C:\\Python27\\lib\\site-packages\\appium\\webdriver\\webdriver.py\", line 327, in find_element_by_android_uiautomator    return self.find_element(by=By.ANDROID_UIAUTOMATOR, value=uia_string)  File \"C:\\Python27\\lib\\site-packages\\appium\\webdriver\\webdriver.py\", line 219, in find_element    'value': value})['value']  File \"C:\\Python27\\lib\\site-packages\\selenium\\webdriver\\remote\\webdriver.py\", line 321, in execute    self.error_handler.check_response(response)  File \"C:\\Python27\\lib\\site-packages\\appium\\webdriver\\errorhandler.py\", line 29, in check_response    raise wdeNoSuchElementException: Message: An element could not be located on the page using the given search parameters."},{"firstjacocotime":5.004,"tagname":"1_026","firstexecutionsuccess":true,"firsttestcasepath":"\\calenderNotification\\testcase\\firstcases\\testcase1_026.py","firstconsumedtime":60.773,"firstlocpath":"\\calenderNotification\\testcase\\firstcases\\exeresult\\1_026.txt","firstcoveragepath":"\\calenderNotification\\testcase\\firstcases\\coverage\\coverage1_026.ec","firsterrorlog":null},{"firstjacocotime":5.003,"tagname":"1_027","firstexecutionsuccess":false,"firsttestcasepath":"\\calenderNotification\\testcase\\firstcases\\testcase1_027.py","firstconsumedtime":19.569,"firstlocpath":"\\calenderNotification\\testcase\\firstcases\\exeresult\\1_027.txt","firstcoveragepath":"\\calenderNotification\\testcase\\firstcases\\coverage\\coverage1_027.ec","firsterrorlog":"FAILstr(e):\t\tMessage: An element could not be located on the page using the given search parameters.repr(e):\tNoSuchElementException()Traceback (most recent call last):  File \"C:\\Users\\yifeiLu\\Documents\\TestingProjectHome\\calenderNotification\\testcase\\firstcases\\testcase1_027.py\", line 204, in <module>    element = getElememtBack(driver, \"new UiSelector().text(\\\"Jan\\\")\", \"new UiSelector().className(\\\"android.widget.Button\\\")\")  File \"C:\\Users\\yifeiLu\\Documents\\TestingProjectHome\\calenderNotification\\testcase\\firstcases\\testcase1_027.py\", line 53, in getElememtBack    element = driver.find_element_by_android_uiautomator(str2)  File \"C:\\Python27\\lib\\site-packages\\appium\\webdriver\\webdriver.py\", line 327, in find_element_by_android_uiautomator    return self.find_element(by=By.ANDROID_UIAUTOMATOR, value=uia_string)  File \"C:\\Python27\\lib\\site-packages\\appium\\webdriver\\webdriver.py\", line 219, in find_element    'value': value})['value']  File \"C:\\Python27\\lib\\site-packages\\selenium\\webdriver\\remote\\webdriver.py\", line 321, in execute    self.error_handler.check_response(response)  File \"C:\\Python27\\lib\\site-packages\\appium\\webdriver\\errorhandler.py\", line 29, in check_response    raise wdeNoSuchElementException: Message: An element could not be located on the page using the given search parameters."},{"firstjacocotime":5.002,"tagname":"1_024","firstexecutionsuccess":false,"firsttestcasepath":"\\calenderNotification\\testcase\\firstcases\\testcase1_024.py","firstconsumedtime":45.579998,"firstlocpath":"\\calenderNotification\\testcase\\firstcases\\exeresult\\1_024.txt","firstcoveragepath":"\\calenderNotification\\testcase\\firstcases\\coverage\\coverage1_024.ec","firsterrorlog":"FAILstr(e):\t\tMessage: An element could not be located on the page using the given search parameters.repr(e):\tNoSuchElementException()Traceback (most recent call last):  File \"C:\\Users\\yifeiLu\\Documents\\TestingProjectHome\\calenderNotification\\testcase\\firstcases\\testcase1_024.py\", line 226, in <module>    element = getElememt(driver, \"new UiSelector().resourceId(\\\"com.github.quarck.calnotify:id\/snooze_view_menu\\\").className(\\\"android.widget.ImageView\\\")\")  File \"C:\\Users\\yifeiLu\\Documents\\TestingProjectHome\\calenderNotification\\testcase\\firstcases\\testcase1_024.py\", line 34, in getElememt    element = driver.find_element_by_android_uiautomator(str)  File \"C:\\Python27\\lib\\site-packages\\appium\\webdriver\\webdriver.py\", line 327, in find_element_by_android_uiautomator    return self.find_element(by=By.ANDROID_UIAUTOMATOR, value=uia_string)  File \"C:\\Python27\\lib\\site-packages\\appium\\webdriver\\webdriver.py\", line 219, in find_element    'value': value})['value']  File \"C:\\Python27\\lib\\site-packages\\selenium\\webdriver\\remote\\webdriver.py\", line 321, in execute    self.error_handler.check_response(response)  File \"C:\\Python27\\lib\\site-packages\\appium\\webdriver\\errorhandler.py\", line 29, in check_response    raise wdeNoSuchElementException: Message: An element could not be located on the page using the given search parameters."},{"firstjacocotime":5.003,"tagname":"1_025","firstexecutionsuccess":false,"firsttestcasepath":"\\calenderNotification\\testcase\\firstcases\\testcase1_025.py","firstconsumedtime":17.828001,"firstlocpath":"\\calenderNotification\\testcase\\firstcases\\exeresult\\1_025.txt","firstcoveragepath":"\\calenderNotification\\testcase\\firstcases\\coverage\\coverage1_025.ec","firsterrorlog":"FAILstr(e):\t\tMessage: An element could not be located on the page using the given search parameters.repr(e):\tNoSuchElementException()Traceback (most recent call last):  File \"C:\\Users\\yifeiLu\\Documents\\TestingProjectHome\\calenderNotification\\testcase\\firstcases\\testcase1_025.py\", line 204, in <module>    element = getElememt(driver, \"new UiSelector().resourceId(\\\"android:id\/numberpicker_input\\\").className(\\\"android.widget.EditText\\\")\")  File \"C:\\Users\\yifeiLu\\Documents\\TestingProjectHome\\calenderNotification\\testcase\\firstcases\\testcase1_025.py\", line 34, in getElememt    element = driver.find_element_by_android_uiautomator(str)  File \"C:\\Python27\\lib\\site-packages\\appium\\webdriver\\webdriver.py\", line 327, in find_element_by_android_uiautomator    return self.find_element(by=By.ANDROID_UIAUTOMATOR, value=uia_string)  File \"C:\\Python27\\lib\\site-packages\\appium\\webdriver\\webdriver.py\", line 219, in find_element    'value': value})['value']  File \"C:\\Python27\\lib\\site-packages\\selenium\\webdriver\\remote\\webdriver.py\", line 321, in execute    self.error_handler.check_response(response)  File \"C:\\Python27\\lib\\site-packages\\appium\\webdriver\\errorhandler.py\", line 29, in check_response    raise wdeNoSuchElementException: Message: An element could not be located on the page using the given search parameters."},{"firstjacocotime":5.003,"tagname":"1_022","firstexecutionsuccess":false,"firsttestcasepath":"\\calenderNotification\\testcase\\firstcases\\testcase1_022.py","firstconsumedtime":27.248001,"firstlocpath":"\\calenderNotification\\testcase\\firstcases\\exeresult\\1_022.txt","firstcoveragepath":"\\calenderNotification\\testcase\\firstcases\\coverage\\coverage1_022.ec","firsterrorlog":"FAILstr(e):\t\tMessage: An element could not be located on the page using the given search parameters.repr(e):\tNoSuchElementException()Traceback (most recent call last):  File \"C:\\Users\\yifeiLu\\Documents\\TestingProjectHome\\calenderNotification\\testcase\\firstcases\\testcase1_022.py\", line 214, in <module>    element = getElememt(driver, \"new UiSelector().resourceId(\\\"com.github.quarck.calnotify:id\/event_location\\\").className(\\\"android.widget.EditText\\\")\")  File \"C:\\Users\\yifeiLu\\Documents\\TestingProjectHome\\calenderNotification\\testcase\\firstcases\\testcase1_022.py\", line 34, in getElememt    element = driver.find_element_by_android_uiautomator(str)  File \"C:\\Python27\\lib\\site-packages\\appium\\webdriver\\webdriver.py\", line 327, in find_element_by_android_uiautomator    return self.find_element(by=By.ANDROID_UIAUTOMATOR, value=uia_string)  File \"C:\\Python27\\lib\\site-packages\\appium\\webdriver\\webdriver.py\", line 219, in find_element    'value': value})['value']  File \"C:\\Python27\\lib\\site-packages\\selenium\\webdriver\\remote\\webdriver.py\", line 321, in execute    self.error_handler.check_response(response)  File \"C:\\Python27\\lib\\site-packages\\appium\\webdriver\\errorhandler.py\", line 29, in check_response    raise wdeNoSuchElementException: Message: An element could not be located on the page using the given search parameters."},{"firstjacocotime":5.003,"tagname":"1_023","firstexecutionsuccess":true,"firsttestcasepath":"\\calenderNotification\\testcase\\firstcases\\testcase1_023.py","firstconsumedtime":78.258,"firstlocpath":"\\calenderNotification\\testcase\\firstcases\\exeresult\\1_023.txt","firstcoveragepath":"\\calenderNotification\\testcase\\firstcases\\coverage\\coverage1_023.ec","firsterrorlog":null},{"firstjacocotime":5.004,"tagname":"1_020","firstexecutionsuccess":true,"firsttestcasepath":"\\calenderNotification\\testcase\\firstcases\\testcase1_020.py","firstconsumedtime":85.17,"firstlocpath":"\\calenderNotification\\testcase\\firstcases\\exeresult\\1_020.txt","firstcoveragepath":"\\calenderNotification\\testcase\\firstcases\\coverage\\coverage1_020.ec","firsterrorlog":null},{"firstjacocotime":5.003,"tagname":"1_021","firstexecutionsuccess":false,"firsttestcasepath":"\\calenderNotification\\testcase\\firstcases\\testcase1_021.py","firstconsumedtime":50.14,"firstlocpath":"\\calenderNotification\\testcase\\firstcases\\exeresult\\1_021.txt","firstcoveragepath":"\\calenderNotification\\testcase\\firstcases\\coverage\\coverage1_021.ec","firsterrorlog":"FAILstr(e):\t\tMessage: An element could not be located on the page using the given search parameters.repr(e):\tNoSuchElementException()Traceback (most recent call last):  File \"C:\\Users\\yifeiLu\\Documents\\TestingProjectHome\\calenderNotification\\testcase\\firstcases\\testcase1_021.py\", line 228, in <module>    element = getElememtBack(driver, \"new UiSelector().text(\\\"1 hour\\\")\", \"new UiSelector().className(\\\"android.widget.TextView\\\").instance(7)\")  File \"C:\\Users\\yifeiLu\\Documents\\TestingProjectHome\\calenderNotification\\testcase\\firstcases\\testcase1_021.py\", line 53, in getElememtBack    element = driver.find_element_by_android_uiautomator(str2)  File \"C:\\Python27\\lib\\site-packages\\appium\\webdriver\\webdriver.py\", line 327, in find_element_by_android_uiautomator    return self.find_element(by=By.ANDROID_UIAUTOMATOR, value=uia_string)  File \"C:\\Python27\\lib\\site-packages\\appium\\webdriver\\webdriver.py\", line 219, in find_element    'value': value})['value']  File \"C:\\Python27\\lib\\site-packages\\selenium\\webdriver\\remote\\webdriver.py\", line 321, in execute    self.error_handler.check_response(response)  File \"C:\\Python27\\lib\\site-packages\\appium\\webdriver\\errorhandler.py\", line 29, in check_response    raise wdeNoSuchElementException: Message: An element could not be located on the page using the given search parameters."},{"firstjacocotime":5.0039997,"tagname":"6_020","firstexecutionsuccess":false,"firsttestcasepath":"\\calenderNotification\\testcase\\firstcases\\testcase6_020.py","firstconsumedtime":22.949,"firstlocpath":"\\calenderNotification\\testcase\\firstcases\\exeresult\\6_020.txt","firstcoveragepath":"\\calenderNotification\\testcase\\firstcases\\coverage\\coverage6_020.ec","firsterrorlog":"FAILstr(e):\t\tMessage: An element could not be located on the page using the given search parameters.repr(e):\tNoSuchElementException()Traceback (most recent call last):  File \"C:\\Users\\yifeiLu\\Documents\\TestingProjectHome\\calenderNotification\\testcase\\firstcases\\testcase6_020.py\", line 210, in <module>    element = getElememtBack(driver, \"new UiSelector().text(\\\"Cancel\\\")\", \"new UiSelector().className(\\\"android.widget.Button\\\")\")  File \"C:\\Users\\yifeiLu\\Documents\\TestingProjectHome\\calenderNotification\\testcase\\firstcases\\testcase6_020.py\", line 53, in getElememtBack    element = driver.find_element_by_android_uiautomator(str2)  File \"C:\\Python27\\lib\\site-packages\\appium\\webdriver\\webdriver.py\", line 327, in find_element_by_android_uiautomator    return self.find_element(by=By.ANDROID_UIAUTOMATOR, value=uia_string)  File \"C:\\Python27\\lib\\site-packages\\appium\\webdriver\\webdriver.py\", line 219, in find_element    'value': value})['value']  File \"C:\\Python27\\lib\\site-packages\\selenium\\webdriver\\remote\\webdriver.py\", line 321, in execute    self.error_handler.check_response(response)  File \"C:\\Python27\\lib\\site-packages\\appium\\webdriver\\errorhandler.py\", line 29, in check_response    raise wdeNoSuchElementException: Message: An element could not be located on the page using the given search parameters."},{"firstjacocotime":5.005,"tagname":"6_021","firstexecutionsuccess":true,"firsttestcasepath":"\\calenderNotification\\testcase\\firstcases\\testcase6_021.py","firstconsumedtime":47.015,"firstlocpath":"\\calenderNotification\\testcase\\firstcases\\exeresult\\6_021.txt","firstcoveragepath":"\\calenderNotification\\testcase\\firstcases\\coverage\\coverage6_021.ec","firsterrorlog":null},{"firstjacocotime":5.0039997,"tagname":"6_022","firstexecutionsuccess":false,"firsttestcasepath":"\\calenderNotification\\testcase\\firstcases\\testcase6_022.py","firstconsumedtime":23.597,"firstlocpath":"\\calenderNotification\\testcase\\firstcases\\exeresult\\6_022.txt","firstcoveragepath":"\\calenderNotification\\testcase\\firstcases\\coverage\\coverage6_022.ec","firsterrorlog":"FAILstr(e):\t\tMessage: An element could not be located on the page using the given search parameters.repr(e):\tNoSuchElementException()Traceback (most recent call last):  File \"C:\\Users\\yifeiLu\\Documents\\TestingProjectHome\\calenderNotification\\testcase\\firstcases\\testcase6_022.py\", line 206, in <module>    element = getElememt(driver, \"new UiSelector().resourceId(\\\"com.github.quarck.calnotify:id\/floating_edit_button\\\").className(\\\"android.widget.ImageButton\\\")\")  File \"C:\\Users\\yifeiLu\\Documents\\TestingProjectHome\\calenderNotification\\testcase\\firstcases\\testcase6_022.py\", line 34, in getElememt    element = driver.find_element_by_android_uiautomator(str)  File \"C:\\Python27\\lib\\site-packages\\appium\\webdriver\\webdriver.py\", line 327, in find_element_by_android_uiautomator    return self.find_element(by=By.ANDROID_UIAUTOMATOR, value=uia_string)  File \"C:\\Python27\\lib\\site-packages\\appium\\webdriver\\webdriver.py\", line 219, in find_element    'value': value})['value']  File \"C:\\Python27\\lib\\site-packages\\selenium\\webdriver\\remote\\webdriver.py\", line 321, in execute    self.error_handler.check_response(response)  File \"C:\\Python27\\lib\\site-packages\\appium\\webdriver\\errorhandler.py\", line 29, in check_response    raise wdeNoSuchElementException: Message: An element could not be located on the page using the given search parameters."},{"firstjacocotime":5.003,"tagname":"6_027","firstexecutionsuccess":true,"firsttestcasepath":"\\calenderNotification\\testcase\\firstcases\\testcase6_027.py","firstconsumedtime":70.038,"firstlocpath":"\\calenderNotification\\testcase\\firstcases\\exeresult\\6_027.txt","firstcoveragepath":"\\calenderNotification\\testcase\\firstcases\\coverage\\coverage6_027.ec","firsterrorlog":null},{"firstjacocotime":5.003,"tagname":"6_028","firstexecutionsuccess":true,"firsttestcasepath":"\\calenderNotification\\testcase\\firstcases\\testcase6_028.py","firstconsumedtime":18.608,"firstlocpath":"\\calenderNotification\\testcase\\firstcases\\exeresult\\6_028.txt","firstcoveragepath":"\\calenderNotification\\testcase\\firstcases\\coverage\\coverage6_028.ec","firsterrorlog":null},{"firstjacocotime":5.003,"tagname":"6_029","firstexecutionsuccess":true,"firsttestcasepath":"\\calenderNotification\\testcase\\firstcases\\testcase6_029.py","firstconsumedtime":46.65,"firstlocpath":"\\calenderNotification\\testcase\\firstcases\\exeresult\\6_029.txt","firstcoveragepath":"\\calenderNotification\\testcase\\firstcases\\coverage\\coverage6_029.ec","firsterrorlog":null},{"firstjacocotime":5.0049996,"tagname":"6_023","firstexecutionsuccess":false,"firsttestcasepath":"\\calenderNotification\\testcase\\firstcases\\testcase6_023.py","firstconsumedtime":25.419,"firstlocpath":"\\calenderNotification\\testcase\\firstcases\\exeresult\\6_023.txt","firstcoveragepath":"\\calenderNotification\\testcase\\firstcases\\coverage\\coverage6_023.ec","firsterrorlog":"FAILstr(e):\t\tMessage: An element could not be located on the page using the given search parameters.repr(e):\tNoSuchElementException()Traceback (most recent call last):  File \"C:\\Users\\yifeiLu\\Documents\\TestingProjectHome\\calenderNotification\\testcase\\firstcases\\testcase6_023.py\", line 212, in <module>    element = getElememt(driver, \"new UiSelector().resourceId(\\\"com.github.quarck.calnotify:id\/snooze_view_menu\\\").className(\\\"android.widget.ImageView\\\")\")  File \"C:\\Users\\yifeiLu\\Documents\\TestingProjectHome\\calenderNotification\\testcase\\firstcases\\testcase6_023.py\", line 34, in getElememt    element = driver.find_element_by_android_uiautomator(str)  File \"C:\\Python27\\lib\\site-packages\\appium\\webdriver\\webdriver.py\", line 327, in find_element_by_android_uiautomator    return self.find_element(by=By.ANDROID_UIAUTOMATOR, value=uia_string)  File \"C:\\Python27\\lib\\site-packages\\appium\\webdriver\\webdriver.py\", line 219, in find_element    'value': value})['value']  File \"C:\\Python27\\lib\\site-packages\\selenium\\webdriver\\remote\\webdriver.py\", line 321, in execute    self.error_handler.check_response(response)  File \"C:\\Python27\\lib\\site-packages\\appium\\webdriver\\errorhandler.py\", line 29, in check_response    raise wdeNoSuchElementException: Message: An element could not be located on the page using the given search parameters."},{"firstjacocotime":5.005,"tagname":"6_024","firstexecutionsuccess":true,"firsttestcasepath":"\\calenderNotification\\testcase\\firstcases\\testcase6_024.py","firstconsumedtime":16.611,"firstlocpath":"\\calenderNotification\\testcase\\firstcases\\exeresult\\6_024.txt","firstcoveragepath":"\\calenderNotification\\testcase\\firstcases\\coverage\\coverage6_024.ec","firsterrorlog":null},{"firstjacocotime":5.004,"tagname":"6_025","firstexecutionsuccess":false,"firsttestcasepath":"\\calenderNotification\\testcase\\firstcases\\testcase6_025.py","firstconsumedtime":19.779,"firstlocpath":"\\calenderNotification\\testcase\\firstcases\\exeresult\\6_025.txt","firstcoveragepath":"\\calenderNotification\\testcase\\firstcases\\coverage\\coverage6_025.ec","firsterrorlog":"FAILstr(e):\t\tMessage: An element could not be located on the page using the given search parameters.repr(e):\tNoSuchElementException()Traceback (most recent call last):  File \"C:\\Users\\yifeiLu\\Documents\\TestingProjectHome\\calenderNotification\\testcase\\firstcases\\testcase6_025.py\", line 204, in <module>    element = getElememtBack(driver, \"new UiSelector().text(\\\"Mar\\\")\", \"new UiSelector().className(\\\"android.widget.Button\\\").instance(1)\")  File \"C:\\Users\\yifeiLu\\Documents\\TestingProjectHome\\calenderNotification\\testcase\\firstcases\\testcase6_025.py\", line 53, in getElememtBack    element = driver.find_element_by_android_uiautomator(str2)  File \"C:\\Python27\\lib\\site-packages\\appium\\webdriver\\webdriver.py\", line 327, in find_element_by_android_uiautomator    return self.find_element(by=By.ANDROID_UIAUTOMATOR, value=uia_string)  File \"C:\\Python27\\lib\\site-packages\\appium\\webdriver\\webdriver.py\", line 219, in find_element    'value': value})['value']  File \"C:\\Python27\\lib\\site-packages\\selenium\\webdriver\\remote\\webdriver.py\", line 321, in execute    self.error_handler.check_response(response)  File \"C:\\Python27\\lib\\site-packages\\appium\\webdriver\\errorhandler.py\", line 29, in check_response    raise wdeNoSuchElementException: Message: An element could not be located on the page using the given search parameters."},{"firstjacocotime":5.0039997,"tagname":"6_026","firstexecutionsuccess":false,"firsttestcasepath":"\\calenderNotification\\testcase\\firstcases\\testcase6_026.py","firstconsumedtime":21.865,"firstlocpath":"\\calenderNotification\\testcase\\firstcases\\exeresult\\6_026.txt","firstcoveragepath":"\\calenderNotification\\testcase\\firstcases\\coverage\\coverage6_026.ec","firsterrorlog":"FAILstr(e):\t\tMessage: An element could not be located on the page using the given search parameters.repr(e):\tNoSuchElementException()Traceback (most recent call last):  File \"C:\\Users\\yifeiLu\\Documents\\TestingProjectHome\\calenderNotification\\testcase\\firstcases\\testcase6_026.py\", line 212, in <module>    element = getElememt(driver, \"new UiSelector().resourceId(\\\"com.github.quarck.calnotify:id\/imageview_is_alarm_indicator\\\").className(\\\"android.widget.ImageView\\\")\")  File \"C:\\Users\\yifeiLu\\Documents\\TestingProjectHome\\calenderNotification\\testcase\\firstcases\\testcase6_026.py\", line 34, in getElememt    element = driver.find_element_by_android_uiautomator(str)  File \"C:\\Python27\\lib\\site-packages\\appium\\webdriver\\webdriver.py\", line 327, in find_element_by_android_uiautomator    return self.find_element(by=By.ANDROID_UIAUTOMATOR, value=uia_string)  File \"C:\\Python27\\lib\\site-packages\\appium\\webdriver\\webdriver.py\", line 219, in find_element    'value': value})['value']  File \"C:\\Python27\\lib\\site-packages\\selenium\\webdriver\\remote\\webdriver.py\", line 321, in execute    self.error_handler.check_response(response)  File \"C:\\Python27\\lib\\site-packages\\appium\\webdriver\\errorhandler.py\", line 29, in check_response    raise wdeNoSuchElementException: Message: An element could not be located on the page using the given search parameters."},{"firstjacocotime":5.003,"tagname":"6_010","firstexecutionsuccess":true,"firsttestcasepath":"\\calenderNotification\\testcase\\firstcases\\testcase6_010.py","firstconsumedtime":20.862,"firstlocpath":"\\calenderNotification\\testcase\\firstcases\\exeresult\\6_010.txt","firstcoveragepath":"\\calenderNotification\\testcase\\firstcases\\coverage\\coverage6_010.ec","firsterrorlog":null},{"firstjacocotime":5.005,"tagname":"6_011","firstexecutionsuccess":false,"firsttestcasepath":"\\calenderNotification\\testcase\\firstcases\\testcase6_011.py","firstconsumedtime":18.175,"firstlocpath":"\\calenderNotification\\testcase\\firstcases\\exeresult\\6_011.txt","firstcoveragepath":"\\calenderNotification\\testcase\\firstcases\\coverage\\coverage6_011.ec","firsterrorlog":"FAILstr(e):\t\tMessage: An element could not be located on the page using the given search parameters.repr(e):\tNoSuchElementException()Traceback (most recent call last):  File \"C:\\Users\\yifeiLu\\Documents\\TestingProjectHome\\calenderNotification\\testcase\\firstcases\\testcase6_011.py\", line 204, in <module>    element = getElememtBack(driver, \"new UiSelector().text(\\\"12 #mute #task #alarm\\\")\", \"new UiSelector().className(\\\"android.widget.TextView\\\").instance(8)\")  File \"C:\\Users\\yifeiLu\\Documents\\TestingProjectHome\\calenderNotification\\testcase\\firstcases\\testcase6_011.py\", line 53, in getElememtBack    element = driver.find_element_by_android_uiautomator(str2)  File \"C:\\Python27\\lib\\site-packages\\appium\\webdriver\\webdriver.py\", line 327, in find_element_by_android_uiautomator    return self.find_element(by=By.ANDROID_UIAUTOMATOR, value=uia_string)  File \"C:\\Python27\\lib\\site-packages\\appium\\webdriver\\webdriver.py\", line 219, in find_element    'value': value})['value']  File \"C:\\Python27\\lib\\site-packages\\selenium\\webdriver\\remote\\webdriver.py\", line 321, in execute    self.error_handler.check_response(response)  File \"C:\\Python27\\lib\\site-packages\\appium\\webdriver\\errorhandler.py\", line 29, in check_response    raise wdeNoSuchElementException: Message: An element could not be located on the page using the given search parameters."},{"firstjacocotime":5.0039997,"tagname":"6_016","firstexecutionsuccess":false,"firsttestcasepath":"\\calenderNotification\\testcase\\firstcases\\testcase6_016.py","firstconsumedtime":23.915,"firstlocpath":"\\calenderNotification\\testcase\\firstcases\\exeresult\\6_016.txt","firstcoveragepath":"\\calenderNotification\\testcase\\firstcases\\coverage\\coverage6_016.ec","firsterrorlog":"FAILstr(e):\t\tMessage: An element could not be located on the page using the given search parameters.repr(e):\tNoSuchElementException()Traceback (most recent call last):  File \"C:\\Users\\yifeiLu\\Documents\\TestingProjectHome\\calenderNotification\\testcase\\firstcases\\testcase6_016.py\", line 208, in <module>    element = getElememtBack(driver, \"new UiSelector().text(\\\"Wed, Nov 20, 2019\\\")\", \"new UiSelector().className(\\\"android.widget.Button\\\").instance(3)\")  File \"C:\\Users\\yifeiLu\\Documents\\TestingProjectHome\\calenderNotification\\testcase\\firstcases\\testcase6_016.py\", line 53, in getElememtBack    element = driver.find_element_by_android_uiautomator(str2)  File \"C:\\Python27\\lib\\site-packages\\appium\\webdriver\\webdriver.py\", line 327, in find_element_by_android_uiautomator    return self.find_element(by=By.ANDROID_UIAUTOMATOR, value=uia_string)  File \"C:\\Python27\\lib\\site-packages\\appium\\webdriver\\webdriver.py\", line 219, in find_element    'value': value})['value']  File \"C:\\Python27\\lib\\site-packages\\selenium\\webdriver\\remote\\webdriver.py\", line 321, in execute    self.error_handler.check_response(response)  File \"C:\\Python27\\lib\\site-packages\\appium\\webdriver\\errorhandler.py\", line 29, in check_response    raise wdeNoSuchElementException: Message: An element could not be located on the page using the given search parameters."},{"firstjacocotime":5.005,"tagname":"6_017","firstexecutionsuccess":true,"firsttestcasepath":"\\calenderNotification\\testcase\\firstcases\\testcase6_017.py","firstconsumedtime":62.683,"firstlocpath":"\\calenderNotification\\testcase\\firstcases\\exeresult\\6_017.txt","firstcoveragepath":"\\calenderNotification\\testcase\\firstcases\\coverage\\coverage6_017.ec","firsterrorlog":null},{"firstjacocotime":5.0039997,"tagname":"6_018","firstexecutionsuccess":false,"firsttestcasepath":"\\calenderNotification\\testcase\\firstcases\\testcase6_018.py","firstconsumedtime":30.001999,"firstlocpath":"\\calenderNotification\\testcase\\firstcases\\exeresult\\6_018.txt","firstcoveragepath":"\\calenderNotification\\testcase\\firstcases\\coverage\\coverage6_018.ec","firsterrorlog":"FAILstr(e):\t\tMessage: An element could not be located on the page using the given search parameters.repr(e):\tNoSuchElementException()Traceback (most recent call last):  File \"C:\\Users\\yifeiLu\\Documents\\TestingProjectHome\\calenderNotification\\testcase\\firstcases\\testcase6_018.py\", line 216, in <module>    element = getElememtBack(driver, \"new UiSelector().text(\\\"Snoozed until 6:32 AM\\\")\", \"new UiSelector().className(\\\"android.widget.TextView\\\").instance(8)\")  File \"C:\\Users\\yifeiLu\\Documents\\TestingProjectHome\\calenderNotification\\testcase\\firstcases\\testcase6_018.py\", line 53, in getElememtBack    element = driver.find_element_by_android_uiautomator(str2)  File \"C:\\Python27\\lib\\site-packages\\appium\\webdriver\\webdriver.py\", line 327, in find_element_by_android_uiautomator    return self.find_element(by=By.ANDROID_UIAUTOMATOR, value=uia_string)  File \"C:\\Python27\\lib\\site-packages\\appium\\webdriver\\webdriver.py\", line 219, in find_element    'value': value})['value']  File \"C:\\Python27\\lib\\site-packages\\selenium\\webdriver\\remote\\webdriver.py\", line 321, in execute    self.error_handler.check_response(response)  File \"C:\\Python27\\lib\\site-packages\\appium\\webdriver\\errorhandler.py\", line 29, in check_response    raise wdeNoSuchElementException: Message: An element could not be located on the page using the given search parameters."},{"firstjacocotime":5.003,"tagname":"6_019","firstexecutionsuccess":false,"firsttestcasepath":"\\calenderNotification\\testcase\\firstcases\\testcase6_019.py","firstconsumedtime":28.697,"firstlocpath":"\\calenderNotification\\testcase\\firstcases\\exeresult\\6_019.txt","firstcoveragepath":"\\calenderNotification\\testcase\\firstcases\\coverage\\coverage6_019.ec","firsterrorlog":"FAILstr(e):\t\tMessage: An element could not be located on the page using the given search parameters.repr(e):\tNoSuchElementException()Traceback (most recent call last):  File \"C:\\Users\\yifeiLu\\Documents\\TestingProjectHome\\calenderNotification\\testcase\\firstcases\\testcase6_019.py\", line 208, in <module>    element = getElememtBack(driver, \"new UiSelector().text(\\\"4 hours\\\")\", \"new UiSelector().className(\\\"android.widget.TextView\\\").instance(9)\")  File \"C:\\Users\\yifeiLu\\Documents\\TestingProjectHome\\calenderNotification\\testcase\\firstcases\\testcase6_019.py\", line 53, in getElememtBack    element = driver.find_element_by_android_uiautomator(str2)  File \"C:\\Python27\\lib\\site-packages\\appium\\webdriver\\webdriver.py\", line 327, in find_element_by_android_uiautomator    return self.find_element(by=By.ANDROID_UIAUTOMATOR, value=uia_string)  File \"C:\\Python27\\lib\\site-packages\\appium\\webdriver\\webdriver.py\", line 219, in find_element    'value': value})['value']  File \"C:\\Python27\\lib\\site-packages\\selenium\\webdriver\\remote\\webdriver.py\", line 321, in execute    self.error_handler.check_response(response)  File \"C:\\Python27\\lib\\site-packages\\appium\\webdriver\\errorhandler.py\", line 29, in check_response    raise wdeNoSuchElementException: Message: An element could not be located on the page using the given search parameters."},{"firstjacocotime":5.003,"tagname":"6_012","firstexecutionsuccess":true,"firsttestcasepath":"\\calenderNotification\\testcase\\firstcases\\testcase6_012.py","firstconsumedtime":85.172,"firstlocpath":"\\calenderNotification\\testcase\\firstcases\\exeresult\\6_012.txt","firstcoveragepath":"\\calenderNotification\\testcase\\firstcases\\coverage\\coverage6_012.ec","firsterrorlog":null},{"firstjacocotime":5.0039997,"tagname":"6_013","firstexecutionsuccess":false,"firsttestcasepath":"\\calenderNotification\\testcase\\firstcases\\testcase6_013.py","firstconsumedtime":23.818,"firstlocpath":"\\calenderNotification\\testcase\\firstcases\\exeresult\\6_013.txt","firstcoveragepath":"\\calenderNotification\\testcase\\firstcases\\coverage\\coverage6_013.ec","firsterrorlog":"FAILstr(e):\t\tMessage: An element could not be located on the page using the given search parameters.repr(e):\tNoSuchElementException()Traceback (most recent call last):  File \"C:\\Users\\yifeiLu\\Documents\\TestingProjectHome\\calenderNotification\\testcase\\firstcases\\testcase6_013.py\", line 206, in <module>    element = getElememtBack(driver, \"new UiSelector().text(\\\"4 hours\\\")\", \"new UiSelector().className(\\\"android.widget.TextView\\\").instance(11)\")  File \"C:\\Users\\yifeiLu\\Documents\\TestingProjectHome\\calenderNotification\\testcase\\firstcases\\testcase6_013.py\", line 53, in getElememtBack    element = driver.find_element_by_android_uiautomator(str2)  File \"C:\\Python27\\lib\\site-packages\\appium\\webdriver\\webdriver.py\", line 327, in find_element_by_android_uiautomator    return self.find_element(by=By.ANDROID_UIAUTOMATOR, value=uia_string)  File \"C:\\Python27\\lib\\site-packages\\appium\\webdriver\\webdriver.py\", line 219, in find_element    'value': value})['value']  File \"C:\\Python27\\lib\\site-packages\\selenium\\webdriver\\remote\\webdriver.py\", line 321, in execute    self.error_handler.check_response(response)  File \"C:\\Python27\\lib\\site-packages\\appium\\webdriver\\errorhandler.py\", line 29, in check_response    raise wdeNoSuchElementException: Message: An element could not be located on the page using the given search parameters."},{"firstjacocotime":5.0049996,"tagname":"6_014","firstexecutionsuccess":true,"firsttestcasepath":"\\calenderNotification\\testcase\\firstcases\\testcase6_014.py","firstconsumedtime":10.584,"firstlocpath":"\\calenderNotification\\testcase\\firstcases\\exeresult\\6_014.txt","firstcoveragepath":"\\calenderNotification\\testcase\\firstcases\\coverage\\coverage6_014.ec","firsterrorlog":null},{"firstjacocotime":5.006,"tagname":"6_015","firstexecutionsuccess":true,"firsttestcasepath":"\\calenderNotification\\testcase\\firstcases\\testcase6_015.py","firstconsumedtime":14.079,"firstlocpath":"\\calenderNotification\\testcase\\firstcases\\exeresult\\6_015.txt","firstcoveragepath":"\\calenderNotification\\testcase\\firstcases\\coverage\\coverage6_015.ec","firsterrorlog":null},{"firstjacocotime":5.0039997,"tagname":"1_008","firstexecutionsuccess":true,"firsttestcasepath":"\\calenderNotification\\testcase\\firstcases\\testcase1_008.py","firstconsumedtime":48.723,"firstlocpath":"\\calenderNotification\\testcase\\firstcases\\exeresult\\1_008.txt","firstcoveragepath":"\\calenderNotification\\testcase\\firstcases\\coverage\\coverage1_008.ec","firsterrorlog":null},{"firstjacocotime":5.003,"tagname":"1_009","firstexecutionsuccess":false,"firsttestcasepath":"\\calenderNotification\\testcase\\firstcases\\testcase1_009.py","firstconsumedtime":34.754,"firstlocpath":"\\calenderNotification\\testcase\\firstcases\\exeresult\\1_009.txt","firstcoveragepath":"\\calenderNotification\\testcase\\firstcases\\coverage\\coverage1_009.ec","firsterrorlog":"FAILstr(e):\t\tMessage: An element could not be located on the page using the given search parameters.repr(e):\tNoSuchElementException()Traceback (most recent call last):  File \"C:\\Users\\yifeiLu\\Documents\\TestingProjectHome\\calenderNotification\\testcase\\firstcases\\testcase1_009.py\", line 225, in <module>    element = getElememtBack(driver, \"new UiSelector().text(\\\"Feb\\\")\", \"new UiSelector().className(\\\"android.widget.Button\\\").instance(1)\")  File \"C:\\Users\\yifeiLu\\Documents\\TestingProjectHome\\calenderNotification\\testcase\\firstcases\\testcase1_009.py\", line 53, in getElememtBack    element = driver.find_element_by_android_uiautomator(str2)  File \"C:\\Python27\\lib\\site-packages\\appium\\webdriver\\webdriver.py\", line 327, in find_element_by_android_uiautomator    return self.find_element(by=By.ANDROID_UIAUTOMATOR, value=uia_string)  File \"C:\\Python27\\lib\\site-packages\\appium\\webdriver\\webdriver.py\", line 219, in find_element    'value': value})['value']  File \"C:\\Python27\\lib\\site-packages\\selenium\\webdriver\\remote\\webdriver.py\", line 321, in execute    self.error_handler.check_response(response)  File \"C:\\Python27\\lib\\site-packages\\appium\\webdriver\\errorhandler.py\", line 29, in check_response    raise wdeNoSuchElementException: Message: An element could not be located on the page using the given search parameters."},{"firstjacocotime":5.003,"tagname":"1_006","firstexecutionsuccess":true,"firsttestcasepath":"\\calenderNotification\\testcase\\firstcases\\testcase1_006.py","firstconsumedtime":19.874,"firstlocpath":"\\calenderNotification\\testcase\\firstcases\\exeresult\\1_006.txt","firstcoveragepath":"\\calenderNotification\\testcase\\firstcases\\coverage\\coverage1_006.ec","firsterrorlog":null},{"firstjacocotime":5.003,"tagname":"1_007","firstexecutionsuccess":false,"firsttestcasepath":"\\calenderNotification\\testcase\\firstcases\\testcase1_007.py","firstconsumedtime":24.106,"firstlocpath":"\\calenderNotification\\testcase\\firstcases\\exeresult\\1_007.txt","firstcoveragepath":"\\calenderNotification\\testcase\\firstcases\\coverage\\coverage1_007.ec","firsterrorlog":"FAILstr(e):\t\tMessage: An element could not be located on the page using the given search parameters.repr(e):\tNoSuchElementException()Traceback (most recent call last):  File \"C:\\Users\\yifeiLu\\Documents\\TestingProjectHome\\calenderNotification\\testcase\\firstcases\\testcase1_007.py\", line 206, in <module>    element = getElememtBack(driver, \"new UiSelector().text(\\\"For a custom period\\\")\", \"new UiSelector().className(\\\"android.widget.TextView\\\").instance(15)\")  File \"C:\\Users\\yifeiLu\\Documents\\TestingProjectHome\\calenderNotification\\testcase\\firstcases\\testcase1_007.py\", line 53, in getElememtBack    element = driver.find_element_by_android_uiautomator(str2)  File \"C:\\Python27\\lib\\site-packages\\appium\\webdriver\\webdriver.py\", line 327, in find_element_by_android_uiautomator    return self.find_element(by=By.ANDROID_UIAUTOMATOR, value=uia_string)  File \"C:\\Python27\\lib\\site-packages\\appium\\webdriver\\webdriver.py\", line 219, in find_element    'value': value})['value']  File \"C:\\Python27\\lib\\site-packages\\selenium\\webdriver\\remote\\webdriver.py\", line 321, in execute    self.error_handler.check_response(response)  File \"C:\\Python27\\lib\\site-packages\\appium\\webdriver\\errorhandler.py\", line 29, in check_response    raise wdeNoSuchElementException: Message: An element could not be located on the page using the given search parameters."},{"firstjacocotime":5.0039997,"tagname":"1_004","firstexecutionsuccess":true,"firsttestcasepath":"\\calenderNotification\\testcase\\firstcases\\testcase1_004.py","firstconsumedtime":66.608,"firstlocpath":"\\calenderNotification\\testcase\\firstcases\\exeresult\\1_004.txt","firstcoveragepath":"\\calenderNotification\\testcase\\firstcases\\coverage\\coverage1_004.ec","firsterrorlog":null},{"firstjacocotime":5.0039997,"tagname":"1_005","firstexecutionsuccess":false,"firsttestcasepath":"\\calenderNotification\\testcase\\firstcases\\testcase1_005.py","firstconsumedtime":20.075,"firstlocpath":"\\calenderNotification\\testcase\\firstcases\\exeresult\\1_005.txt","firstcoveragepath":"\\calenderNotification\\testcase\\firstcases\\coverage\\coverage1_005.ec","firsterrorlog":"FAILstr(e):\t\tMessage: An element could not be located on the page using the given search parameters.repr(e):\tNoSuchElementException()Traceback (most recent call last):  File \"C:\\Users\\yifeiLu\\Documents\\TestingProjectHome\\calenderNotification\\testcase\\firstcases\\testcase1_005.py\", line 204, in <module>    element = getElememtBack(driver, \"new UiSelector().text(\\\"Next\\\")\", \"new UiSelector().className(\\\"android.widget.Button\\\").instance(7)\")  File \"C:\\Users\\yifeiLu\\Documents\\TestingProjectHome\\calenderNotification\\testcase\\firstcases\\testcase1_005.py\", line 53, in getElememtBack    element = driver.find_element_by_android_uiautomator(str2)  File \"C:\\Python27\\lib\\site-packages\\appium\\webdriver\\webdriver.py\", line 327, in find_element_by_android_uiautomator    return self.find_element(by=By.ANDROID_UIAUTOMATOR, value=uia_string)  File \"C:\\Python27\\lib\\site-packages\\appium\\webdriver\\webdriver.py\", line 219, in find_element    'value': value})['value']  File \"C:\\Python27\\lib\\site-packages\\selenium\\webdriver\\remote\\webdriver.py\", line 321, in execute    self.error_handler.check_response(response)  File \"C:\\Python27\\lib\\site-packages\\appium\\webdriver\\errorhandler.py\", line 29, in check_response    raise wdeNoSuchElementException: Message: An element could not be located on the page using the given search parameters."},{"firstjacocotime":5.0039997,"tagname":"1_002","firstexecutionsuccess":true,"firsttestcasepath":"\\calenderNotification\\testcase\\firstcases\\testcase1_002.py","firstconsumedtime":25.896,"firstlocpath":"\\calenderNotification\\testcase\\firstcases\\exeresult\\1_002.txt","firstcoveragepath":"\\calenderNotification\\testcase\\firstcases\\coverage\\coverage1_002.ec","firsterrorlog":null},{"firstjacocotime":5.003,"tagname":"1_003","firstexecutionsuccess":true,"firsttestcasepath":"\\calenderNotification\\testcase\\firstcases\\testcase1_003.py","firstconsumedtime":15.938,"firstlocpath":"\\calenderNotification\\testcase\\firstcases\\exeresult\\1_003.txt","firstcoveragepath":"\\calenderNotification\\testcase\\firstcases\\coverage\\coverage1_003.ec","firsterrorlog":null},{"firstjacocotime":5.003,"tagname":"1_000","firstexecutionsuccess":true,"firsttestcasepath":"\\calenderNotification\\testcase\\firstcases\\testcase1_000.py","firstconsumedtime":32.482,"firstlocpath":"\\calenderNotification\\testcase\\firstcases\\exeresult\\1_000.txt","firstcoveragepath":"\\calenderNotification\\testcase\\firstcases\\coverage\\coverage1_000.ec","firsterrorlog":null},{"firstjacocotime":5.0039997,"tagname":"1_001","firstexecutionsuccess":true,"firsttestcasepath":"\\calenderNotification\\testcase\\firstcases\\testcase1_001.py","firstconsumedtime":59.527,"firstlocpath":"\\calenderNotification\\testcase\\firstcases\\exeresult\\1_001.txt","firstcoveragepath":"\\calenderNotification\\testcase\\firstcases\\coverage\\coverage1_001.ec","firsterrorlog":null}],"interestmap":[]}