{"testcasedatas":[{"firstjacocotime":5.002,"tagname":"9_016","firstexecutionsuccess":true,"firsttestcasepath":"\\testcase\\firstcases\\testcase9_016.py","firstconsumedtime":25.304,"firstlocpath":"\\exeresult\\firstresult\\9_016.txt","firstcoveragepath":"\\coverage\\firstcoverage\\coverage9_016.ec","firsterrorlog":null},{"firstjacocotime":5.003,"tagname":"9_015","firstexecutionsuccess":true,"firsttestcasepath":"\\testcase\\firstcases\\testcase9_015.py","firstconsumedtime":36.062,"firstlocpath":"\\exeresult\\firstresult\\9_015.txt","firstcoveragepath":"\\coverage\\firstcoverage\\coverage9_015.ec","firsterrorlog":null},{"firstjacocotime":5.0039997,"tagname":"9_014","firstexecutionsuccess":false,"firsttestcasepath":"\\testcase\\firstcases\\testcase9_014.py","firstconsumedtime":22.281,"firstlocpath":"\\exeresult\\firstresult\\9_014.txt","firstcoveragepath":"\\coverage\\firstcoverage\\coverage9_014.ec","firsterrorlog":"FAILstr(e):\t\tMessage: An element could not be located on the page using the given search parameters.repr(e):\tNoSuchElementException()Traceback (most recent call last):  File \"C:\\Users\\yifeiLu\\Documents\\TestingProjectHome\\tapandturn\\testcase\\firstcases\\testcase9_014.py\", line 203, in <module>    element = getElememtBack(driver, \"new UiSelector().text(\\\"Turn on boot\\\")\", \"new UiSelector().className(\\\"android.widget.TextView\\\").instance(13)\")  File \"C:\\Users\\yifeiLu\\Documents\\TestingProjectHome\\tapandturn\\testcase\\firstcases\\testcase9_014.py\", line 53, in getElememtBack    element = driver.find_element_by_android_uiautomator(str2)  File \"C:\\Python27\\lib\\site-packages\\appium\\webdriver\\webdriver.py\", line 327, in find_element_by_android_uiautomator    return self.find_element(by=By.ANDROID_UIAUTOMATOR, value=uia_string)  File \"C:\\Python27\\lib\\site-packages\\appium\\webdriver\\webdriver.py\", line 219, in find_element    'value': value})['value']  File \"C:\\Python27\\lib\\site-packages\\selenium\\webdriver\\remote\\webdriver.py\", line 321, in execute    self.error_handler.check_response(response)  File \"C:\\Python27\\lib\\site-packages\\appium\\webdriver\\errorhandler.py\", line 29, in check_response    raise wdeNoSuchElementException: Message: An element could not be located on the page using the given search parameters."},{"firstjacocotime":5.0039997,"tagname":"9_013","firstexecutionsuccess":false,"firsttestcasepath":"\\testcase\\firstcases\\testcase9_013.py","firstconsumedtime":25.43,"firstlocpath":"\\exeresult\\firstresult\\9_013.txt","firstcoveragepath":"\\coverage\\firstcoverage\\coverage9_013.ec","firsterrorlog":"FAILstr(e):\t\tMessage: An element could not be located on the page using the given search parameters.repr(e):\tNoSuchElementException()Traceback (most recent call last):  File \"C:\\Users\\yifeiLu\\Documents\\TestingProjectHome\\tapandturn\\testcase\\firstcases\\testcase9_013.py\", line 208, in <module>    element = getElememtBack(driver, \"new UiSelector().text(\\\"Permission Granted\\\")\", \"new UiSelector().className(\\\"android.widget.Button\\\")\")  File \"C:\\Users\\yifeiLu\\Documents\\TestingProjectHome\\tapandturn\\testcase\\firstcases\\testcase9_013.py\", line 53, in getElememtBack    element = driver.find_element_by_android_uiautomator(str2)  File \"C:\\Python27\\lib\\site-packages\\appium\\webdriver\\webdriver.py\", line 327, in find_element_by_android_uiautomator    return self.find_element(by=By.ANDROID_UIAUTOMATOR, value=uia_string)  File \"C:\\Python27\\lib\\site-packages\\appium\\webdriver\\webdriver.py\", line 219, in find_element    'value': value})['value']  File \"C:\\Python27\\lib\\site-packages\\selenium\\webdriver\\remote\\webdriver.py\", line 321, in execute    self.error_handler.check_response(response)  File \"C:\\Python27\\lib\\site-packages\\appium\\webdriver\\errorhandler.py\", line 29, in check_response    raise wdeNoSuchElementException: Message: An element could not be located on the page using the given search parameters."},{"firstjacocotime":5.003,"tagname":"2_027","firstexecutionsuccess":true,"firsttestcasepath":"\\testcase\\firstcases\\testcase2_027.py","firstconsumedtime":27.951,"firstlocpath":"\\exeresult\\firstresult\\2_027.txt","firstcoveragepath":"\\coverage\\firstcoverage\\coverage2_027.ec","firsterrorlog":null},{"firstjacocotime":5.005,"tagname":"9_012","firstexecutionsuccess":true,"firsttestcasepath":"\\testcase\\firstcases\\testcase9_012.py","firstconsumedtime":17.727,"firstlocpath":"\\exeresult\\firstresult\\9_012.txt","firstcoveragepath":"\\coverage\\firstcoverage\\coverage9_012.ec","firsterrorlog":null},{"firstjacocotime":5.002,"tagname":"2_028","firstexecutionsuccess":false,"firsttestcasepath":"\\testcase\\firstcases\\testcase2_028.py","firstconsumedtime":23.324,"firstlocpath":"\\exeresult\\firstresult\\2_028.txt","firstcoveragepath":"\\coverage\\firstcoverage\\coverage2_028.ec","firsterrorlog":"FAILstr(e):\t\tMessage: An element could not be located on the page using the given search parameters.repr(e):\tNoSuchElementException()Traceback (most recent call last):  File \"C:\\Users\\yifeiLu\\Documents\\TestingProjectHome\\tapandturn\\testcase\\firstcases\\testcase2_028.py\", line 203, in <module>    element = getElememtBack(driver, \"new UiSelector().text(\\\"Permission Granted\\\")\", \"new UiSelector().className(\\\"android.widget.Button\\\")\")  File \"C:\\Users\\yifeiLu\\Documents\\TestingProjectHome\\tapandturn\\testcase\\firstcases\\testcase2_028.py\", line 53, in getElememtBack    element = driver.find_element_by_android_uiautomator(str2)  File \"C:\\Python27\\lib\\site-packages\\appium\\webdriver\\webdriver.py\", line 327, in find_element_by_android_uiautomator    return self.find_element(by=By.ANDROID_UIAUTOMATOR, value=uia_string)  File \"C:\\Python27\\lib\\site-packages\\appium\\webdriver\\webdriver.py\", line 219, in find_element    'value': value})['value']  File \"C:\\Python27\\lib\\site-packages\\selenium\\webdriver\\remote\\webdriver.py\", line 321, in execute    self.error_handler.check_response(response)  File \"C:\\Python27\\lib\\site-packages\\appium\\webdriver\\errorhandler.py\", line 29, in check_response    raise wdeNoSuchElementException: Message: An element could not be located on the page using the given search parameters."},{"firstjacocotime":5.003,"tagname":"9_011","firstexecutionsuccess":true,"firsttestcasepath":"\\testcase\\firstcases\\testcase9_011.py","firstconsumedtime":29.949,"firstlocpath":"\\exeresult\\firstresult\\9_011.txt","firstcoveragepath":"\\coverage\\firstcoverage\\coverage9_011.ec","firsterrorlog":null},{"firstjacocotime":5.004,"tagname":"2_029","firstexecutionsuccess":true,"firsttestcasepath":"\\testcase\\firstcases\\testcase2_029.py","firstconsumedtime":20.546999,"firstlocpath":"\\exeresult\\firstresult\\2_029.txt","firstcoveragepath":"\\coverage\\firstcoverage\\coverage2_029.ec","firsterrorlog":null},{"firstjacocotime":5.003,"tagname":"9_010","firstexecutionsuccess":false,"firsttestcasepath":"\\testcase\\firstcases\\testcase9_010.py","firstconsumedtime":20.027,"firstlocpath":"\\exeresult\\firstresult\\9_010.txt","firstcoveragepath":"\\coverage\\firstcoverage\\coverage9_010.ec","firsterrorlog":"FAILstr(e):\t\tMessage: An element could not be located on the page using the given search parameters.repr(e):\tNoSuchElementException()Traceback (most recent call last):  File \"C:\\Users\\yifeiLu\\Documents\\TestingProjectHome\\tapandturn\\testcase\\firstcases\\testcase9_010.py\", line 204, in <module>    element = getElememtBack(driver, \"new UiSelector().text(\\\"Turn on boot\\\")\", \"new UiSelector().className(\\\"android.widget.TextView\\\").instance(13)\")  File \"C:\\Users\\yifeiLu\\Documents\\TestingProjectHome\\tapandturn\\testcase\\firstcases\\testcase9_010.py\", line 53, in getElememtBack    element = driver.find_element_by_android_uiautomator(str2)  File \"C:\\Python27\\lib\\site-packages\\appium\\webdriver\\webdriver.py\", line 327, in find_element_by_android_uiautomator    return self.find_element(by=By.ANDROID_UIAUTOMATOR, value=uia_string)  File \"C:\\Python27\\lib\\site-packages\\appium\\webdriver\\webdriver.py\", line 219, in find_element    'value': value})['value']  File \"C:\\Python27\\lib\\site-packages\\selenium\\webdriver\\remote\\webdriver.py\", line 321, in execute    self.error_handler.check_response(response)  File \"C:\\Python27\\lib\\site-packages\\appium\\webdriver\\errorhandler.py\", line 29, in check_response    raise wdeNoSuchElementException: Message: An element could not be located on the page using the given search parameters."},{"firstjacocotime":5.003,"tagname":"2_023","firstexecutionsuccess":true,"firsttestcasepath":"\\testcase\\firstcases\\testcase2_023.py","firstconsumedtime":18.148,"firstlocpath":"\\exeresult\\firstresult\\2_023.txt","firstcoveragepath":"\\coverage\\firstcoverage\\coverage2_023.ec","firsterrorlog":null},{"firstjacocotime":5.0039997,"tagname":"2_024","firstexecutionsuccess":true,"firsttestcasepath":"\\testcase\\firstcases\\testcase2_024.py","firstconsumedtime":16.985,"firstlocpath":"\\exeresult\\firstresult\\2_024.txt","firstcoveragepath":"\\coverage\\firstcoverage\\coverage2_024.ec","firsterrorlog":null},{"firstjacocotime":5.0039997,"tagname":"2_025","firstexecutionsuccess":true,"firsttestcasepath":"\\testcase\\firstcases\\testcase2_025.py","firstconsumedtime":11.229,"firstlocpath":"\\exeresult\\firstresult\\2_025.txt","firstcoveragepath":"\\coverage\\firstcoverage\\coverage2_025.ec","firsterrorlog":null},{"firstjacocotime":5.0039997,"tagname":"2_026","firstexecutionsuccess":true,"firsttestcasepath":"\\testcase\\firstcases\\testcase2_026.py","firstconsumedtime":9.563,"firstlocpath":"\\exeresult\\firstresult\\2_026.txt","firstcoveragepath":"\\coverage\\firstcoverage\\coverage2_026.ec","firsterrorlog":null},{"firstjacocotime":5.002,"tagname":"2_020","firstexecutionsuccess":false,"firsttestcasepath":"\\testcase\\firstcases\\testcase2_020.py","firstconsumedtime":22.91,"firstlocpath":"\\exeresult\\firstresult\\2_020.txt","firstcoveragepath":"\\coverage\\firstcoverage\\coverage2_020.ec","firsterrorlog":"FAILstr(e):\t\tMessage: An element could not be located on the page using the given search parameters.repr(e):\tNoSuchElementException()Traceback (most recent call last):  File \"C:\\Users\\yifeiLu\\Documents\\TestingProjectHome\\tapandturn\\testcase\\firstcases\\testcase2_020.py\", line 206, in <module>    element = getElememtBack(driver, \"new UiSelector().text(\\\"60\\\")\", \"new UiSelector().className(\\\"android.widget.TextView\\\").instance(7)\")  File \"C:\\Users\\yifeiLu\\Documents\\TestingProjectHome\\tapandturn\\testcase\\firstcases\\testcase2_020.py\", line 53, in getElememtBack    element = driver.find_element_by_android_uiautomator(str2)  File \"C:\\Python27\\lib\\site-packages\\appium\\webdriver\\webdriver.py\", line 327, in find_element_by_android_uiautomator    return self.find_element(by=By.ANDROID_UIAUTOMATOR, value=uia_string)  File \"C:\\Python27\\lib\\site-packages\\appium\\webdriver\\webdriver.py\", line 219, in find_element    'value': value})['value']  File \"C:\\Python27\\lib\\site-packages\\selenium\\webdriver\\remote\\webdriver.py\", line 321, in execute    self.error_handler.check_response(response)  File \"C:\\Python27\\lib\\site-packages\\appium\\webdriver\\errorhandler.py\", line 29, in check_response    raise wdeNoSuchElementException: Message: An element could not be located on the page using the given search parameters."},{"firstjacocotime":5.004,"tagname":"2_021","firstexecutionsuccess":false,"firsttestcasepath":"\\testcase\\firstcases\\testcase2_021.py","firstconsumedtime":27.578,"firstlocpath":"\\exeresult\\firstresult\\2_021.txt","firstcoveragepath":"\\coverage\\firstcoverage\\coverage2_021.ec","firsterrorlog":"FAILstr(e):\t\tMessage: An element could not be located on the page using the given search parameters.repr(e):\tNoSuchElementException()Traceback (most recent call last):  File \"C:\\Users\\yifeiLu\\Documents\\TestingProjectHome\\tapandturn\\testcase\\firstcases\\testcase2_021.py\", line 207, in <module>    element = getElememt(driver, \"new UiSelector().resourceId(\\\"com.gabm.tapandturn:id\/cpv_hex\\\").className(\\\"android.widget.EditText\\\")\")  File \"C:\\Users\\yifeiLu\\Documents\\TestingProjectHome\\tapandturn\\testcase\\firstcases\\testcase2_021.py\", line 34, in getElememt    element = driver.find_element_by_android_uiautomator(str)  File \"C:\\Python27\\lib\\site-packages\\appium\\webdriver\\webdriver.py\", line 327, in find_element_by_android_uiautomator    return self.find_element(by=By.ANDROID_UIAUTOMATOR, value=uia_string)  File \"C:\\Python27\\lib\\site-packages\\appium\\webdriver\\webdriver.py\", line 219, in find_element    'value': value})['value']  File \"C:\\Python27\\lib\\site-packages\\selenium\\webdriver\\remote\\webdriver.py\", line 321, in execute    self.error_handler.check_response(response)  File \"C:\\Python27\\lib\\site-packages\\appium\\webdriver\\errorhandler.py\", line 29, in check_response    raise wdeNoSuchElementException: Message: An element could not be located on the page using the given search parameters."},{"firstjacocotime":5.004,"tagname":"2_022","firstexecutionsuccess":true,"firsttestcasepath":"\\testcase\\firstcases\\testcase2_022.py","firstconsumedtime":25.919,"firstlocpath":"\\exeresult\\firstresult\\2_022.txt","firstcoveragepath":"\\coverage\\firstcoverage\\coverage2_022.ec","firsterrorlog":null},{"firstjacocotime":5.0049996,"tagname":"9_019","firstexecutionsuccess":true,"firsttestcasepath":"\\testcase\\firstcases\\testcase9_019.py","firstconsumedtime":13.871,"firstlocpath":"\\exeresult\\firstresult\\9_019.txt","firstcoveragepath":"\\coverage\\firstcoverage\\coverage9_019.ec","firsterrorlog":null},{"firstjacocotime":5.004,"tagname":"9_018","firstexecutionsuccess":true,"firsttestcasepath":"\\testcase\\firstcases\\testcase9_018.py","firstconsumedtime":7.017,"firstlocpath":"\\exeresult\\firstresult\\9_018.txt","firstcoveragepath":"\\coverage\\firstcoverage\\coverage9_018.ec","firsterrorlog":null},{"firstjacocotime":5.003,"tagname":"9_017","firstexecutionsuccess":true,"firsttestcasepath":"\\testcase\\firstcases\\testcase9_017.py","firstconsumedtime":10.820001,"firstlocpath":"\\exeresult\\firstresult\\9_017.txt","firstcoveragepath":"\\coverage\\firstcoverage\\coverage9_017.ec","firsterrorlog":null},{"firstjacocotime":5.005,"tagname":"9_027","firstexecutionsuccess":true,"firsttestcasepath":"\\testcase\\firstcases\\testcase9_027.py","firstconsumedtime":16.468,"firstlocpath":"\\exeresult\\firstresult\\9_027.txt","firstcoveragepath":"\\coverage\\firstcoverage\\coverage9_027.ec","firsterrorlog":null},{"firstjacocotime":5.0039997,"tagname":"9_026","firstexecutionsuccess":false,"firsttestcasepath":"\\testcase\\firstcases\\testcase9_026.py","firstconsumedtime":30.111,"firstlocpath":"\\exeresult\\firstresult\\9_026.txt","firstcoveragepath":"\\coverage\\firstcoverage\\coverage9_026.ec","firsterrorlog":"FAILstr(e):\t\tMessage: An element could not be located on the page using the given search parameters.repr(e):\tNoSuchElementException()Traceback (most recent call last):  File \"C:\\Users\\yifeiLu\\Documents\\TestingProjectHome\\tapandturn\\testcase\\firstcases\\testcase9_026.py\", line 210, in <module>    element = getElememtBack(driver, \"new UiSelector().text(\\\"Permission Granted\\\")\", \"new UiSelector().className(\\\"android.widget.Button\\\")\")  File \"C:\\Users\\yifeiLu\\Documents\\TestingProjectHome\\tapandturn\\testcase\\firstcases\\testcase9_026.py\", line 53, in getElememtBack    element = driver.find_element_by_android_uiautomator(str2)  File \"C:\\Python27\\lib\\site-packages\\appium\\webdriver\\webdriver.py\", line 327, in find_element_by_android_uiautomator    return self.find_element(by=By.ANDROID_UIAUTOMATOR, value=uia_string)  File \"C:\\Python27\\lib\\site-packages\\appium\\webdriver\\webdriver.py\", line 219, in find_element    'value': value})['value']  File \"C:\\Python27\\lib\\site-packages\\selenium\\webdriver\\remote\\webdriver.py\", line 321, in execute    self.error_handler.check_response(response)  File \"C:\\Python27\\lib\\site-packages\\appium\\webdriver\\errorhandler.py\", line 29, in check_response    raise wdeNoSuchElementException: Message: An element could not be located on the page using the given search parameters."},{"firstjacocotime":5.003,"tagname":"9_025","firstexecutionsuccess":true,"firsttestcasepath":"\\testcase\\firstcases\\testcase9_025.py","firstconsumedtime":14.212999,"firstlocpath":"\\exeresult\\firstresult\\9_025.txt","firstcoveragepath":"\\coverage\\firstcoverage\\coverage9_025.ec","firsterrorlog":null},{"firstjacocotime":5.005,"tagname":"10_021","firstexecutionsuccess":true,"firsttestcasepath":"\\testcase\\firstcases\\testcase10_021.py","firstconsumedtime":27.805,"firstlocpath":"\\exeresult\\firstresult\\10_021.txt","firstcoveragepath":"\\coverage\\firstcoverage\\coverage10_021.ec","firsterrorlog":null},{"firstjacocotime":5.0039997,"tagname":"9_024","firstexecutionsuccess":false,"firsttestcasepath":"\\testcase\\firstcases\\testcase9_024.py","firstconsumedtime":35.008,"firstlocpath":"\\exeresult\\firstresult\\9_024.txt","firstcoveragepath":"\\coverage\\firstcoverage\\coverage9_024.ec","firsterrorlog":"FAILstr(e):\t\tMessage: An element could not be located on the page using the given search parameters.repr(e):\tNoSuchElementException()Traceback (most recent call last):  File \"C:\\Users\\yifeiLu\\Documents\\TestingProjectHome\\tapandturn\\testcase\\firstcases\\testcase9_024.py\", line 209, in <module>    element = getElememtBack(driver, \"new UiSelector().text(\\\"Permission Granted\\\")\", \"new UiSelector().className(\\\"android.widget.Button\\\")\")  File \"C:\\Users\\yifeiLu\\Documents\\TestingProjectHome\\tapandturn\\testcase\\firstcases\\testcase9_024.py\", line 53, in getElememtBack    element = driver.find_element_by_android_uiautomator(str2)  File \"C:\\Python27\\lib\\site-packages\\appium\\webdriver\\webdriver.py\", line 327, in find_element_by_android_uiautomator    return self.find_element(by=By.ANDROID_UIAUTOMATOR, value=uia_string)  File \"C:\\Python27\\lib\\site-packages\\appium\\webdriver\\webdriver.py\", line 219, in find_element    'value': value})['value']  File \"C:\\Python27\\lib\\site-packages\\selenium\\webdriver\\remote\\webdriver.py\", line 321, in execute    self.error_handler.check_response(response)  File \"C:\\Python27\\lib\\site-packages\\appium\\webdriver\\errorhandler.py\", line 29, in check_response    raise wdeNoSuchElementException: Message: An element could not be located on the page using the given search parameters."},{"firstjacocotime":5.0039997,"tagname":"10_020","firstexecutionsuccess":false,"firsttestcasepath":"\\testcase\\firstcases\\testcase10_020.py","firstconsumedtime":16.733,"firstlocpath":"\\exeresult\\firstresult\\10_020.txt","firstcoveragepath":"\\coverage\\firstcoverage\\coverage10_020.ec","firsterrorlog":"FAILstr(e):\t\tMessage: An element could not be located on the page using the given search parameters.repr(e):\tNoSuchElementException()Traceback (most recent call last):  File \"C:\\Users\\yifeiLu\\Documents\\TestingProjectHome\\tapandturn\\testcase\\firstcases\\testcase10_020.py\", line 204, in <module>    element = getElememtBack(driver, \"new UiSelector().text(\\\"Automatically start on boot\\\")\", \"new UiSelector().className(\\\"android.widget.TextView\\\").instance(12)\")  File \"C:\\Users\\yifeiLu\\Documents\\TestingProjectHome\\tapandturn\\testcase\\firstcases\\testcase10_020.py\", line 53, in getElememtBack    element = driver.find_element_by_android_uiautomator(str2)  File \"C:\\Python27\\lib\\site-packages\\appium\\webdriver\\webdriver.py\", line 327, in find_element_by_android_uiautomator    return self.find_element(by=By.ANDROID_UIAUTOMATOR, value=uia_string)  File \"C:\\Python27\\lib\\site-packages\\appium\\webdriver\\webdriver.py\", line 219, in find_element    'value': value})['value']  File \"C:\\Python27\\lib\\site-packages\\selenium\\webdriver\\remote\\webdriver.py\", line 321, in execute    self.error_handler.check_response(response)  File \"C:\\Python27\\lib\\site-packages\\appium\\webdriver\\errorhandler.py\", line 29, in check_response    raise wdeNoSuchElementException: Message: An element could not be located on the page using the given search parameters."},{"firstjacocotime":5.0039997,"tagname":"2_016","firstexecutionsuccess":true,"firsttestcasepath":"\\testcase\\firstcases\\testcase2_016.py","firstconsumedtime":18.67,"firstlocpath":"\\exeresult\\firstresult\\2_016.txt","firstcoveragepath":"\\coverage\\firstcoverage\\coverage2_016.ec","firsterrorlog":null},{"firstjacocotime":5.0039997,"tagname":"9_023","firstexecutionsuccess":false,"firsttestcasepath":"\\testcase\\firstcases\\testcase9_023.py","firstconsumedtime":15.682,"firstlocpath":"\\exeresult\\firstresult\\9_023.txt","firstcoveragepath":"\\coverage\\firstcoverage\\coverage9_023.ec","firsterrorlog":"FAILstr(e):\t\tMessage: An element could not be located on the page using the given search parameters.repr(e):\tNoSuchElementException()Traceback (most recent call last):  File \"C:\\Users\\yifeiLu\\Documents\\TestingProjectHome\\tapandturn\\testcase\\firstcases\\testcase9_023.py\", line 201, in <module>    element = getElememtBack(driver, \"new UiSelector().text(\\\"Automatically start on boot\\\")\", \"new UiSelector().className(\\\"android.widget.TextView\\\").instance(12)\")  File \"C:\\Users\\yifeiLu\\Documents\\TestingProjectHome\\tapandturn\\testcase\\firstcases\\testcase9_023.py\", line 53, in getElememtBack    element = driver.find_element_by_android_uiautomator(str2)  File \"C:\\Python27\\lib\\site-packages\\appium\\webdriver\\webdriver.py\", line 327, in find_element_by_android_uiautomator    return self.find_element(by=By.ANDROID_UIAUTOMATOR, value=uia_string)  File \"C:\\Python27\\lib\\site-packages\\appium\\webdriver\\webdriver.py\", line 219, in find_element    'value': value})['value']  File \"C:\\Python27\\lib\\site-packages\\selenium\\webdriver\\remote\\webdriver.py\", line 321, in execute    self.error_handler.check_response(response)  File \"C:\\Python27\\lib\\site-packages\\appium\\webdriver\\errorhandler.py\", line 29, in check_response    raise wdeNoSuchElementException: Message: An element could not be located on the page using the given search parameters."},{"firstjacocotime":5.0039997,"tagname":"2_017","firstexecutionsuccess":true,"firsttestcasepath":"\\testcase\\firstcases\\testcase2_017.py","firstconsumedtime":6.795,"firstlocpath":"\\exeresult\\firstresult\\2_017.txt","firstcoveragepath":"\\coverage\\firstcoverage\\coverage2_017.ec","firsterrorlog":null},{"firstjacocotime":5.003,"tagname":"9_022","firstexecutionsuccess":true,"firsttestcasepath":"\\testcase\\firstcases\\testcase9_022.py","firstconsumedtime":32.004,"firstlocpath":"\\exeresult\\firstresult\\9_022.txt","firstcoveragepath":"\\coverage\\firstcoverage\\coverage9_022.ec","firsterrorlog":null},{"firstjacocotime":5.003,"tagname":"2_018","firstexecutionsuccess":true,"firsttestcasepath":"\\testcase\\firstcases\\testcase2_018.py","firstconsumedtime":24.95,"firstlocpath":"\\exeresult\\firstresult\\2_018.txt","firstcoveragepath":"\\coverage\\firstcoverage\\coverage2_018.ec","firsterrorlog":null},{"firstjacocotime":5.0039997,"tagname":"9_021","firstexecutionsuccess":true,"firsttestcasepath":"\\testcase\\firstcases\\testcase9_021.py","firstconsumedtime":35.304,"firstlocpath":"\\exeresult\\firstresult\\9_021.txt","firstcoveragepath":"\\coverage\\firstcoverage\\coverage9_021.ec","firsterrorlog":null},{"firstjacocotime":5.0039997,"tagname":"2_019","firstexecutionsuccess":false,"firsttestcasepath":"\\testcase\\firstcases\\testcase2_019.py","firstconsumedtime":31.678999,"firstlocpath":"\\exeresult\\firstresult\\2_019.txt","firstcoveragepath":"\\coverage\\firstcoverage\\coverage2_019.ec","firsterrorlog":"FAILstr(e):\t\tMessage: An element could not be located on the page using the given search parameters.repr(e):\tNoSuchElementException()Traceback (most recent call last):  File \"C:\\Users\\yifeiLu\\Documents\\TestingProjectHome\\tapandturn\\testcase\\firstcases\\testcase2_019.py\", line 211, in <module>    element = getElememtBack(driver, \"new UiSelector().text(\\\"Automatically start on boot\\\")\", \"new UiSelector().className(\\\"android.widget.TextView\\\").instance(12)\")  File \"C:\\Users\\yifeiLu\\Documents\\TestingProjectHome\\tapandturn\\testcase\\firstcases\\testcase2_019.py\", line 53, in getElememtBack    element = driver.find_element_by_android_uiautomator(str2)  File \"C:\\Python27\\lib\\site-packages\\appium\\webdriver\\webdriver.py\", line 327, in find_element_by_android_uiautomator    return self.find_element(by=By.ANDROID_UIAUTOMATOR, value=uia_string)  File \"C:\\Python27\\lib\\site-packages\\appium\\webdriver\\webdriver.py\", line 219, in find_element    'value': value})['value']  File \"C:\\Python27\\lib\\site-packages\\selenium\\webdriver\\remote\\webdriver.py\", line 321, in execute    self.error_handler.check_response(response)  File \"C:\\Python27\\lib\\site-packages\\appium\\webdriver\\errorhandler.py\", line 29, in check_response    raise wdeNoSuchElementException: Message: An element could not be located on the page using the given search parameters."},{"firstjacocotime":5.006,"tagname":"9_020","firstexecutionsuccess":true,"firsttestcasepath":"\\testcase\\firstcases\\testcase9_020.py","firstconsumedtime":26.256,"firstlocpath":"\\exeresult\\firstresult\\9_020.txt","firstcoveragepath":"\\coverage\\firstcoverage\\coverage9_020.ec","firsterrorlog":null},{"firstjacocotime":5.0039997,"tagname":"2_012","firstexecutionsuccess":true,"firsttestcasepath":"\\testcase\\firstcases\\testcase2_012.py","firstconsumedtime":15.051001,"firstlocpath":"\\exeresult\\firstresult\\2_012.txt","firstcoveragepath":"\\coverage\\firstcoverage\\coverage2_012.ec","firsterrorlog":null},{"firstjacocotime":5.0039997,"tagname":"2_013","firstexecutionsuccess":true,"firsttestcasepath":"\\testcase\\firstcases\\testcase2_013.py","firstconsumedtime":29.0,"firstlocpath":"\\exeresult\\firstresult\\2_013.txt","firstcoveragepath":"\\coverage\\firstcoverage\\coverage2_013.ec","firsterrorlog":null},{"firstjacocotime":5.003,"tagname":"2_014","firstexecutionsuccess":true,"firsttestcasepath":"\\testcase\\firstcases\\testcase2_014.py","firstconsumedtime":26.826,"firstlocpath":"\\exeresult\\firstresult\\2_014.txt","firstcoveragepath":"\\coverage\\firstcoverage\\coverage2_014.ec","firsterrorlog":null},{"firstjacocotime":5.0039997,"tagname":"2_015","firstexecutionsuccess":true,"firsttestcasepath":"\\testcase\\firstcases\\testcase2_015.py","firstconsumedtime":12.905,"firstlocpath":"\\exeresult\\firstresult\\2_015.txt","firstcoveragepath":"\\coverage\\firstcoverage\\coverage2_015.ec","firsterrorlog":null},{"firstjacocotime":5.0039997,"tagname":"2_010","firstexecutionsuccess":true,"firsttestcasepath":"\\testcase\\firstcases\\testcase2_010.py","firstconsumedtime":31.509,"firstlocpath":"\\exeresult\\firstresult\\2_010.txt","firstcoveragepath":"\\coverage\\firstcoverage\\coverage2_010.ec","firsterrorlog":null},{"firstjacocotime":5.003,"tagname":"2_011","firstexecutionsuccess":true,"firsttestcasepath":"\\testcase\\firstcases\\testcase2_011.py","firstconsumedtime":24.716,"firstlocpath":"\\exeresult\\firstresult\\2_011.txt","firstcoveragepath":"\\coverage\\firstcoverage\\coverage2_011.ec","firsterrorlog":null},{"firstjacocotime":5.004,"tagname":"5_000","firstexecutionsuccess":true,"firsttestcasepath":"\\testcase\\firstcases\\testcase5_000.py","firstconsumedtime":26.69,"firstlocpath":"\\exeresult\\firstresult\\5_000.txt","firstcoveragepath":"\\coverage\\firstcoverage\\coverage5_000.ec","firsterrorlog":null},{"firstjacocotime":5.003,"tagname":"5_001","firstexecutionsuccess":true,"firsttestcasepath":"\\testcase\\firstcases\\testcase5_001.py","firstconsumedtime":25.551,"firstlocpath":"\\exeresult\\firstresult\\5_001.txt","firstcoveragepath":"\\coverage\\firstcoverage\\coverage5_001.ec","firsterrorlog":null},{"firstjacocotime":5.0039997,"tagname":"5_008","firstexecutionsuccess":true,"firsttestcasepath":"\\testcase\\firstcases\\testcase5_008.py","firstconsumedtime":15.943,"firstlocpath":"\\exeresult\\firstresult\\5_008.txt","firstcoveragepath":"\\coverage\\firstcoverage\\coverage5_008.ec","firsterrorlog":null},{"firstjacocotime":5.0039997,"tagname":"10_027","firstexecutionsuccess":true,"firsttestcasepath":"\\testcase\\firstcases\\testcase10_027.py","firstconsumedtime":31.779,"firstlocpath":"\\exeresult\\firstresult\\10_027.txt","firstcoveragepath":"\\coverage\\firstcoverage\\coverage10_027.ec","firsterrorlog":null},{"firstjacocotime":5.003,"tagname":"5_009","firstexecutionsuccess":true,"firsttestcasepath":"\\testcase\\firstcases\\testcase5_009.py","firstconsumedtime":6.783,"firstlocpath":"\\exeresult\\firstresult\\5_009.txt","firstcoveragepath":"\\coverage\\firstcoverage\\coverage5_009.ec","firsterrorlog":null},{"firstjacocotime":5.0039997,"tagname":"10_026","firstexecutionsuccess":true,"firsttestcasepath":"\\testcase\\firstcases\\testcase10_026.py","firstconsumedtime":21.75,"firstlocpath":"\\exeresult\\firstresult\\10_026.txt","firstcoveragepath":"\\coverage\\firstcoverage\\coverage10_026.ec","firsterrorlog":null},{"firstjacocotime":5.0059996,"tagname":"5_006","firstexecutionsuccess":true,"firsttestcasepath":"\\testcase\\firstcases\\testcase5_006.py","firstconsumedtime":13.919001,"firstlocpath":"\\exeresult\\firstresult\\5_006.txt","firstcoveragepath":"\\coverage\\firstcoverage\\coverage5_006.ec","firsterrorlog":null},{"firstjacocotime":5.004,"tagname":"10_029","firstexecutionsuccess":false,"firsttestcasepath":"\\testcase\\firstcases\\testcase10_029.py","firstconsumedtime":24.534,"firstlocpath":"\\exeresult\\firstresult\\10_029.txt","firstcoveragepath":"\\coverage\\firstcoverage\\coverage10_029.ec","firsterrorlog":"FAILstr(e):\t\tMessage: An element could not be located on the page using the given search parameters.repr(e):\tNoSuchElementException()Traceback (most recent call last):  File \"C:\\Users\\yifeiLu\\Documents\\TestingProjectHome\\tapandturn\\testcase\\firstcases\\testcase10_029.py\", line 205, in <module>    element = getElememt(driver, \"new UiSelector().resourceId(\\\"com.gabm.tapandturn:id\/cpv_hex\\\").className(\\\"android.widget.EditText\\\")\")  File \"C:\\Users\\yifeiLu\\Documents\\TestingProjectHome\\tapandturn\\testcase\\firstcases\\testcase10_029.py\", line 34, in getElememt    element = driver.find_element_by_android_uiautomator(str)  File \"C:\\Python27\\lib\\site-packages\\appium\\webdriver\\webdriver.py\", line 327, in find_element_by_android_uiautomator    return self.find_element(by=By.ANDROID_UIAUTOMATOR, value=uia_string)  File \"C:\\Python27\\lib\\site-packages\\appium\\webdriver\\webdriver.py\", line 219, in find_element    'value': value})['value']  File \"C:\\Python27\\lib\\site-packages\\selenium\\webdriver\\remote\\webdriver.py\", line 321, in execute    self.error_handler.check_response(response)  File \"C:\\Python27\\lib\\site-packages\\appium\\webdriver\\errorhandler.py\", line 29, in check_response    raise wdeNoSuchElementException: Message: An element could not be located on the page using the given search parameters."},{"firstjacocotime":5.0039997,"tagname":"5_007","firstexecutionsuccess":true,"firsttestcasepath":"\\testcase\\firstcases\\testcase5_007.py","firstconsumedtime":23.889,"firstlocpath":"\\exeresult\\firstresult\\5_007.txt","firstcoveragepath":"\\coverage\\firstcoverage\\coverage5_007.ec","firsterrorlog":null},{"firstjacocotime":5.003,"tagname":"10_028","firstexecutionsuccess":true,"firsttestcasepath":"\\testcase\\firstcases\\testcase10_028.py","firstconsumedtime":30.691,"firstlocpath":"\\exeresult\\firstresult\\10_028.txt","firstcoveragepath":"\\coverage\\firstcoverage\\coverage10_028.ec","firsterrorlog":null},{"firstjacocotime":5.004,"tagname":"5_004","firstexecutionsuccess":true,"firsttestcasepath":"\\testcase\\firstcases\\testcase5_004.py","firstconsumedtime":21.857,"firstlocpath":"\\exeresult\\firstresult\\5_004.txt","firstcoveragepath":"\\coverage\\firstcoverage\\coverage5_004.ec","firsterrorlog":null},{"firstjacocotime":5.0039997,"tagname":"10_023","firstexecutionsuccess":true,"firsttestcasepath":"\\testcase\\firstcases\\testcase10_023.py","firstconsumedtime":7.012,"firstlocpath":"\\exeresult\\firstresult\\10_023.txt","firstcoveragepath":"\\coverage\\firstcoverage\\coverage10_023.ec","firsterrorlog":null},{"firstjacocotime":5.0039997,"tagname":"5_005","firstexecutionsuccess":false,"firsttestcasepath":"\\testcase\\firstcases\\testcase5_005.py","firstconsumedtime":31.835,"firstlocpath":"\\exeresult\\firstresult\\5_005.txt","firstcoveragepath":"\\coverage\\firstcoverage\\coverage5_005.ec","firsterrorlog":"FAILstr(e):\t\tMessage: An element could not be located on the page using the given search parameters.repr(e):\tNoSuchElementException()Traceback (most recent call last):  File \"C:\\Users\\yifeiLu\\Documents\\TestingProjectHome\\tapandturn\\testcase\\firstcases\\testcase5_005.py\", line 208, in <module>    element = getElememt(driver, \"new UiSelector().resourceId(\\\"com.gabm.tapandturn:id\/cpv_hex\\\").className(\\\"android.widget.EditText\\\")\")  File \"C:\\Users\\yifeiLu\\Documents\\TestingProjectHome\\tapandturn\\testcase\\firstcases\\testcase5_005.py\", line 34, in getElememt    element = driver.find_element_by_android_uiautomator(str)  File \"C:\\Python27\\lib\\site-packages\\appium\\webdriver\\webdriver.py\", line 327, in find_element_by_android_uiautomator    return self.find_element(by=By.ANDROID_UIAUTOMATOR, value=uia_string)  File \"C:\\Python27\\lib\\site-packages\\appium\\webdriver\\webdriver.py\", line 219, in find_element    'value': value})['value']  File \"C:\\Python27\\lib\\site-packages\\selenium\\webdriver\\remote\\webdriver.py\", line 321, in execute    self.error_handler.check_response(response)  File \"C:\\Python27\\lib\\site-packages\\appium\\webdriver\\errorhandler.py\", line 29, in check_response    raise wdeNoSuchElementException: Message: An element could not be located on the page using the given search parameters."},{"firstjacocotime":5.004,"tagname":"10_022","firstexecutionsuccess":true,"firsttestcasepath":"\\testcase\\firstcases\\testcase10_022.py","firstconsumedtime":6.8809996,"firstlocpath":"\\exeresult\\firstresult\\10_022.txt","firstcoveragepath":"\\coverage\\firstcoverage\\coverage10_022.ec","firsterrorlog":null},{"firstjacocotime":5.003,"tagname":"5_002","firstexecutionsuccess":true,"firsttestcasepath":"\\testcase\\firstcases\\testcase5_002.py","firstconsumedtime":23.348,"firstlocpath":"\\exeresult\\firstresult\\5_002.txt","firstcoveragepath":"\\coverage\\firstcoverage\\coverage5_002.ec","firsterrorlog":null},{"firstjacocotime":5.005,"tagname":"9_029","firstexecutionsuccess":true,"firsttestcasepath":"\\testcase\\firstcases\\testcase9_029.py","firstconsumedtime":29.741,"firstlocpath":"\\exeresult\\firstresult\\9_029.txt","firstcoveragepath":"\\coverage\\firstcoverage\\coverage9_029.ec","firsterrorlog":null},{"firstjacocotime":5.0039997,"tagname":"10_025","firstexecutionsuccess":false,"firsttestcasepath":"\\testcase\\firstcases\\testcase10_025.py","firstconsumedtime":28.532,"firstlocpath":"\\exeresult\\firstresult\\10_025.txt","firstcoveragepath":"\\coverage\\firstcoverage\\coverage10_025.ec","firsterrorlog":"FAILstr(e):\t\tMessage: An element could not be located on the page using the given search parameters.repr(e):\tNoSuchElementException()Traceback (most recent call last):  File \"C:\\Users\\yifeiLu\\Documents\\TestingProjectHome\\tapandturn\\testcase\\firstcases\\testcase10_025.py\", line 208, in <module>    element = getElememtBack(driver, \"new UiSelector().text(\\\"Permission Granted\\\")\", \"new UiSelector().className(\\\"android.widget.Button\\\")\")  File \"C:\\Users\\yifeiLu\\Documents\\TestingProjectHome\\tapandturn\\testcase\\firstcases\\testcase10_025.py\", line 53, in getElememtBack    element = driver.find_element_by_android_uiautomator(str2)  File \"C:\\Python27\\lib\\site-packages\\appium\\webdriver\\webdriver.py\", line 327, in find_element_by_android_uiautomator    return self.find_element(by=By.ANDROID_UIAUTOMATOR, value=uia_string)  File \"C:\\Python27\\lib\\site-packages\\appium\\webdriver\\webdriver.py\", line 219, in find_element    'value': value})['value']  File \"C:\\Python27\\lib\\site-packages\\selenium\\webdriver\\remote\\webdriver.py\", line 321, in execute    self.error_handler.check_response(response)  File \"C:\\Python27\\lib\\site-packages\\appium\\webdriver\\errorhandler.py\", line 29, in check_response    raise wdeNoSuchElementException: Message: An element could not be located on the page using the given search parameters."},{"firstjacocotime":5.0039997,"tagname":"5_003","firstexecutionsuccess":true,"firsttestcasepath":"\\testcase\\firstcases\\testcase5_003.py","firstconsumedtime":13.168,"firstlocpath":"\\exeresult\\firstresult\\5_003.txt","firstcoveragepath":"\\coverage\\firstcoverage\\coverage5_003.ec","firsterrorlog":null},{"firstjacocotime":5.003,"tagname":"9_028","firstexecutionsuccess":true,"firsttestcasepath":"\\testcase\\firstcases\\testcase9_028.py","firstconsumedtime":6.762,"firstlocpath":"\\exeresult\\firstresult\\9_028.txt","firstcoveragepath":"\\coverage\\firstcoverage\\coverage9_028.ec","firsterrorlog":null},{"firstjacocotime":5.003,"tagname":"10_024","firstexecutionsuccess":true,"firsttestcasepath":"\\testcase\\firstcases\\testcase10_024.py","firstconsumedtime":22.166,"firstlocpath":"\\exeresult\\firstresult\\10_024.txt","firstcoveragepath":"\\coverage\\firstcoverage\\coverage10_024.ec","firsterrorlog":null},{"firstjacocotime":5.0049996,"tagname":"2_009","firstexecutionsuccess":true,"firsttestcasepath":"\\testcase\\firstcases\\testcase2_009.py","firstconsumedtime":32.403,"firstlocpath":"\\exeresult\\firstresult\\2_009.txt","firstcoveragepath":"\\coverage\\firstcoverage\\coverage2_009.ec","firsterrorlog":null},{"firstjacocotime":5.003,"tagname":"10_010","firstexecutionsuccess":true,"firsttestcasepath":"\\testcase\\firstcases\\testcase10_010.py","firstconsumedtime":10.522,"firstlocpath":"\\exeresult\\firstresult\\10_010.txt","firstcoveragepath":"\\coverage\\firstcoverage\\coverage10_010.ec","firsterrorlog":null},{"firstjacocotime":5.0039997,"tagname":"2_005","firstexecutionsuccess":false,"firsttestcasepath":"\\testcase\\firstcases\\testcase2_005.py","firstconsumedtime":29.596,"firstlocpath":"\\exeresult\\firstresult\\2_005.txt","firstcoveragepath":"\\coverage\\firstcoverage\\coverage2_005.ec","firsterrorlog":"FAILstr(e):\t\tMessage: An element could not be located on the page using the given search parameters.repr(e):\tNoSuchElementException()Traceback (most recent call last):  File \"C:\\Users\\yifeiLu\\Documents\\TestingProjectHome\\tapandturn\\testcase\\firstcases\\testcase2_005.py\", line 209, in <module>    element = getElememt(driver, \"new UiSelector().resourceId(\\\"com.gabm.tapandturn:id\/cpv_hex\\\").className(\\\"android.widget.EditText\\\")\")  File \"C:\\Users\\yifeiLu\\Documents\\TestingProjectHome\\tapandturn\\testcase\\firstcases\\testcase2_005.py\", line 34, in getElememt    element = driver.find_element_by_android_uiautomator(str)  File \"C:\\Python27\\lib\\site-packages\\appium\\webdriver\\webdriver.py\", line 327, in find_element_by_android_uiautomator    return self.find_element(by=By.ANDROID_UIAUTOMATOR, value=uia_string)  File \"C:\\Python27\\lib\\site-packages\\appium\\webdriver\\webdriver.py\", line 219, in find_element    'value': value})['value']  File \"C:\\Python27\\lib\\site-packages\\selenium\\webdriver\\remote\\webdriver.py\", line 321, in execute    self.error_handler.check_response(response)  File \"C:\\Python27\\lib\\site-packages\\appium\\webdriver\\errorhandler.py\", line 29, in check_response    raise wdeNoSuchElementException: Message: An element could not be located on the page using the given search parameters."},{"firstjacocotime":5.0039997,"tagname":"2_006","firstexecutionsuccess":true,"firsttestcasepath":"\\testcase\\firstcases\\testcase2_006.py","firstconsumedtime":12.241,"firstlocpath":"\\exeresult\\firstresult\\2_006.txt","firstcoveragepath":"\\coverage\\firstcoverage\\coverage2_006.ec","firsterrorlog":null},{"firstjacocotime":5.0039997,"tagname":"2_007","firstexecutionsuccess":true,"firsttestcasepath":"\\testcase\\firstcases\\testcase2_007.py","firstconsumedtime":6.658,"firstlocpath":"\\exeresult\\firstresult\\2_007.txt","firstcoveragepath":"\\coverage\\firstcoverage\\coverage2_007.ec","firsterrorlog":null},{"firstjacocotime":5.003,"tagname":"2_008","firstexecutionsuccess":true,"firsttestcasepath":"\\testcase\\firstcases\\testcase2_008.py","firstconsumedtime":6.4880004,"firstlocpath":"\\exeresult\\firstresult\\2_008.txt","firstcoveragepath":"\\coverage\\firstcoverage\\coverage2_008.ec","firsterrorlog":null},{"firstjacocotime":5.0039997,"tagname":"2_001","firstexecutionsuccess":true,"firsttestcasepath":"\\testcase\\firstcases\\testcase2_001.py","firstconsumedtime":16.057,"firstlocpath":"\\exeresult\\firstresult\\2_001.txt","firstcoveragepath":"\\coverage\\firstcoverage\\coverage2_001.ec","firsterrorlog":null},{"firstjacocotime":5.003,"tagname":"2_002","firstexecutionsuccess":true,"firsttestcasepath":"\\testcase\\firstcases\\testcase2_002.py","firstconsumedtime":27.393,"firstlocpath":"\\exeresult\\firstresult\\2_002.txt","firstcoveragepath":"\\coverage\\firstcoverage\\coverage2_002.ec","firsterrorlog":null},{"firstjacocotime":5.003,"tagname":"2_003","firstexecutionsuccess":true,"firsttestcasepath":"\\testcase\\firstcases\\testcase2_003.py","firstconsumedtime":24.231,"firstlocpath":"\\exeresult\\firstresult\\2_003.txt","firstcoveragepath":"\\coverage\\firstcoverage\\coverage2_003.ec","firsterrorlog":null},{"firstjacocotime":5.003,"tagname":"2_004","firstexecutionsuccess":false,"firsttestcasepath":"\\testcase\\firstcases\\testcase2_004.py","firstconsumedtime":29.531,"firstlocpath":"\\exeresult\\firstresult\\2_004.txt","firstcoveragepath":"\\coverage\\firstcoverage\\coverage2_004.ec","firsterrorlog":"FAILstr(e):\t\tMessage: An element could not be located on the page using the given search parameters.repr(e):\tNoSuchElementException()Traceback (most recent call last):  File \"C:\\Users\\yifeiLu\\Documents\\TestingProjectHome\\tapandturn\\testcase\\firstcases\\testcase2_004.py\", line 205, in <module>    element = getElememtBack(driver, \"new UiSelector().text(\\\"Select\\\")\", \"new UiSelector().className(\\\"android.widget.Button\\\").instance(1)\")  File \"C:\\Users\\yifeiLu\\Documents\\TestingProjectHome\\tapandturn\\testcase\\firstcases\\testcase2_004.py\", line 53, in getElememtBack    element = driver.find_element_by_android_uiautomator(str2)  File \"C:\\Python27\\lib\\site-packages\\appium\\webdriver\\webdriver.py\", line 327, in find_element_by_android_uiautomator    return self.find_element(by=By.ANDROID_UIAUTOMATOR, value=uia_string)  File \"C:\\Python27\\lib\\site-packages\\appium\\webdriver\\webdriver.py\", line 219, in find_element    'value': value})['value']  File \"C:\\Python27\\lib\\site-packages\\selenium\\webdriver\\remote\\webdriver.py\", line 321, in execute    self.error_handler.check_response(response)  File \"C:\\Python27\\lib\\site-packages\\appium\\webdriver\\errorhandler.py\", line 29, in check_response    raise wdeNoSuchElementException: Message: An element could not be located on the page using the given search parameters."},{"firstjacocotime":5.005,"tagname":"2_000","firstexecutionsuccess":true,"firsttestcasepath":"\\testcase\\firstcases\\testcase2_000.py","firstconsumedtime":33.034,"firstlocpath":"\\exeresult\\firstresult\\2_000.txt","firstcoveragepath":"\\coverage\\firstcoverage\\coverage2_000.ec","firsterrorlog":null},{"firstjacocotime":5.003,"tagname":"5_011","firstexecutionsuccess":true,"firsttestcasepath":"\\testcase\\firstcases\\testcase5_011.py","firstconsumedtime":26.992,"firstlocpath":"\\exeresult\\firstresult\\5_011.txt","firstcoveragepath":"\\coverage\\firstcoverage\\coverage5_011.ec","firsterrorlog":null},{"firstjacocotime":5.004,"tagname":"5_012","firstexecutionsuccess":true,"firsttestcasepath":"\\testcase\\firstcases\\testcase5_012.py","firstconsumedtime":26.45,"firstlocpath":"\\exeresult\\firstresult\\5_012.txt","firstcoveragepath":"\\coverage\\firstcoverage\\coverage5_012.ec","firsterrorlog":null},{"firstjacocotime":5.004,"tagname":"5_010","firstexecutionsuccess":true,"firsttestcasepath":"\\testcase\\firstcases\\testcase5_010.py","firstconsumedtime":27.02,"firstlocpath":"\\exeresult\\firstresult\\5_010.txt","firstcoveragepath":"\\coverage\\firstcoverage\\coverage5_010.ec","firsterrorlog":null},{"firstjacocotime":5.0039997,"tagname":"10_019","firstexecutionsuccess":true,"firsttestcasepath":"\\testcase\\firstcases\\testcase10_019.py","firstconsumedtime":24.255,"firstlocpath":"\\exeresult\\firstresult\\10_019.txt","firstcoveragepath":"\\coverage\\firstcoverage\\coverage10_019.ec","firsterrorlog":null},{"firstjacocotime":5.004,"tagname":"5_019","firstexecutionsuccess":true,"firsttestcasepath":"\\testcase\\firstcases\\testcase5_019.py","firstconsumedtime":33.138,"firstlocpath":"\\exeresult\\firstresult\\5_019.txt","firstcoveragepath":"\\coverage\\firstcoverage\\coverage5_019.ec","firsterrorlog":null},{"firstjacocotime":5.0039997,"tagname":"10_016","firstexecutionsuccess":true,"firsttestcasepath":"\\testcase\\firstcases\\testcase10_016.py","firstconsumedtime":10.171,"firstlocpath":"\\exeresult\\firstresult\\10_016.txt","firstcoveragepath":"\\coverage\\firstcoverage\\coverage10_016.ec","firsterrorlog":null},{"firstjacocotime":5.0039997,"tagname":"10_015","firstexecutionsuccess":true,"firsttestcasepath":"\\testcase\\firstcases\\testcase10_015.py","firstconsumedtime":9.883,"firstlocpath":"\\exeresult\\firstresult\\10_015.txt","firstcoveragepath":"\\coverage\\firstcoverage\\coverage10_015.ec","firsterrorlog":null},{"firstjacocotime":5.003,"tagname":"5_017","firstexecutionsuccess":false,"firsttestcasepath":"\\testcase\\firstcases\\testcase5_017.py","firstconsumedtime":25.985,"firstlocpath":"\\exeresult\\firstresult\\5_017.txt","firstcoveragepath":"\\coverage\\firstcoverage\\coverage5_017.ec","firsterrorlog":"FAILstr(e):\t\tMessage: An element could not be located on the page using the given search parameters.repr(e):\tNoSuchElementException()Traceback (most recent call last):  File \"C:\\Users\\yifeiLu\\Documents\\TestingProjectHome\\tapandturn\\testcase\\firstcases\\testcase5_017.py\", line 207, in <module>    element = getElememtBack(driver, \"new UiSelector().text(\\\"Turn on boot\\\")\", \"new UiSelector().className(\\\"android.widget.TextView\\\").instance(13)\")  File \"C:\\Users\\yifeiLu\\Documents\\TestingProjectHome\\tapandturn\\testcase\\firstcases\\testcase5_017.py\", line 53, in getElememtBack    element = driver.find_element_by_android_uiautomator(str2)  File \"C:\\Python27\\lib\\site-packages\\appium\\webdriver\\webdriver.py\", line 327, in find_element_by_android_uiautomator    return self.find_element(by=By.ANDROID_UIAUTOMATOR, value=uia_string)  File \"C:\\Python27\\lib\\site-packages\\appium\\webdriver\\webdriver.py\", line 219, in find_element    'value': value})['value']  File \"C:\\Python27\\lib\\site-packages\\selenium\\webdriver\\remote\\webdriver.py\", line 321, in execute    self.error_handler.check_response(response)  File \"C:\\Python27\\lib\\site-packages\\appium\\webdriver\\errorhandler.py\", line 29, in check_response    raise wdeNoSuchElementException: Message: An element could not be located on the page using the given search parameters."},{"firstjacocotime":5.0039997,"tagname":"10_018","firstexecutionsuccess":true,"firsttestcasepath":"\\testcase\\firstcases\\testcase10_018.py","firstconsumedtime":29.365,"firstlocpath":"\\exeresult\\firstresult\\10_018.txt","firstcoveragepath":"\\coverage\\firstcoverage\\coverage10_018.ec","firsterrorlog":null},{"firstjacocotime":5.002,"tagname":"5_018","firstexecutionsuccess":true,"firsttestcasepath":"\\testcase\\firstcases\\testcase5_018.py","firstconsumedtime":34.106,"firstlocpath":"\\exeresult\\firstresult\\5_018.txt","firstcoveragepath":"\\coverage\\firstcoverage\\coverage5_018.ec","firsterrorlog":null},{"firstjacocotime":5.0039997,"tagname":"10_017","firstexecutionsuccess":true,"firsttestcasepath":"\\testcase\\firstcases\\testcase10_017.py","firstconsumedtime":15.573,"firstlocpath":"\\exeresult\\firstresult\\10_017.txt","firstcoveragepath":"\\coverage\\firstcoverage\\coverage10_017.ec","firsterrorlog":null},{"firstjacocotime":5.003,"tagname":"5_015","firstexecutionsuccess":false,"firsttestcasepath":"\\testcase\\firstcases\\testcase5_015.py","firstconsumedtime":29.444,"firstlocpath":"\\exeresult\\firstresult\\5_015.txt","firstcoveragepath":"\\coverage\\firstcoverage\\coverage5_015.ec","firsterrorlog":"FAILstr(e):\t\tMessage: An element could not be located on the page using the given search parameters.repr(e):\tNoSuchElementException()Traceback (most recent call last):  File \"C:\\Users\\yifeiLu\\Documents\\TestingProjectHome\\tapandturn\\testcase\\firstcases\\testcase5_015.py\", line 210, in <module>    element = getElememt(driver, \"new UiSelector().resourceId(\\\"com.gabm.tapandturn:id\/cpv_hex\\\").className(\\\"android.widget.EditText\\\")\")  File \"C:\\Users\\yifeiLu\\Documents\\TestingProjectHome\\tapandturn\\testcase\\firstcases\\testcase5_015.py\", line 34, in getElememt    element = driver.find_element_by_android_uiautomator(str)  File \"C:\\Python27\\lib\\site-packages\\appium\\webdriver\\webdriver.py\", line 327, in find_element_by_android_uiautomator    return self.find_element(by=By.ANDROID_UIAUTOMATOR, value=uia_string)  File \"C:\\Python27\\lib\\site-packages\\appium\\webdriver\\webdriver.py\", line 219, in find_element    'value': value})['value']  File \"C:\\Python27\\lib\\site-packages\\selenium\\webdriver\\remote\\webdriver.py\", line 321, in execute    self.error_handler.check_response(response)  File \"C:\\Python27\\lib\\site-packages\\appium\\webdriver\\errorhandler.py\", line 29, in check_response    raise wdeNoSuchElementException: Message: An element could not be located on the page using the given search parameters."},{"firstjacocotime":5.0049996,"tagname":"10_012","firstexecutionsuccess":true,"firsttestcasepath":"\\testcase\\firstcases\\testcase10_012.py","firstconsumedtime":19.745,"firstlocpath":"\\exeresult\\firstresult\\10_012.txt","firstcoveragepath":"\\coverage\\firstcoverage\\coverage10_012.ec","firsterrorlog":null},{"firstjacocotime":5.0039997,"tagname":"5_016","firstexecutionsuccess":false,"firsttestcasepath":"\\testcase\\firstcases\\testcase5_016.py","firstconsumedtime":25.517,"firstlocpath":"\\exeresult\\firstresult\\5_016.txt","firstcoveragepath":"\\coverage\\firstcoverage\\coverage5_016.ec","firsterrorlog":"FAILstr(e):\t\tMessage: An element could not be located on the page using the given search parameters.repr(e):\tNoSuchElementException()Traceback (most recent call last):  File \"C:\\Users\\yifeiLu\\Documents\\TestingProjectHome\\tapandturn\\testcase\\firstcases\\testcase5_016.py\", line 210, in <module>    element = getElememt(driver, \"new UiSelector().resourceId(\\\"com.gabm.tapandturn:id\/seekbar\\\").className(\\\"android.widget.SeekBar\\\")\")  File \"C:\\Users\\yifeiLu\\Documents\\TestingProjectHome\\tapandturn\\testcase\\firstcases\\testcase5_016.py\", line 34, in getElememt    element = driver.find_element_by_android_uiautomator(str)  File \"C:\\Python27\\lib\\site-packages\\appium\\webdriver\\webdriver.py\", line 327, in find_element_by_android_uiautomator    return self.find_element(by=By.ANDROID_UIAUTOMATOR, value=uia_string)  File \"C:\\Python27\\lib\\site-packages\\appium\\webdriver\\webdriver.py\", line 219, in find_element    'value': value})['value']  File \"C:\\Python27\\lib\\site-packages\\selenium\\webdriver\\remote\\webdriver.py\", line 321, in execute    self.error_handler.check_response(response)  File \"C:\\Python27\\lib\\site-packages\\appium\\webdriver\\errorhandler.py\", line 29, in check_response    raise wdeNoSuchElementException: Message: An element could not be located on the page using the given search parameters."},{"firstjacocotime":5.0039997,"tagname":"10_011","firstexecutionsuccess":false,"firsttestcasepath":"\\testcase\\firstcases\\testcase10_011.py","firstconsumedtime":24.584,"firstlocpath":"\\exeresult\\firstresult\\10_011.txt","firstcoveragepath":"\\coverage\\firstcoverage\\coverage10_011.ec","firsterrorlog":"FAILstr(e):\t\tMessage: An element could not be located on the page using the given search parameters.repr(e):\tNoSuchElementException()Traceback (most recent call last):  File \"C:\\Users\\yifeiLu\\Documents\\TestingProjectHome\\tapandturn\\testcase\\firstcases\\testcase10_011.py\", line 207, in <module>    element = getElememtBack(driver, \"new UiSelector().text(\\\"Permission Granted\\\")\", \"new UiSelector().className(\\\"android.widget.Button\\\")\")  File \"C:\\Users\\yifeiLu\\Documents\\TestingProjectHome\\tapandturn\\testcase\\firstcases\\testcase10_011.py\", line 53, in getElememtBack    element = driver.find_element_by_android_uiautomator(str2)  File \"C:\\Python27\\lib\\site-packages\\appium\\webdriver\\webdriver.py\", line 327, in find_element_by_android_uiautomator    return self.find_element(by=By.ANDROID_UIAUTOMATOR, value=uia_string)  File \"C:\\Python27\\lib\\site-packages\\appium\\webdriver\\webdriver.py\", line 219, in find_element    'value': value})['value']  File \"C:\\Python27\\lib\\site-packages\\selenium\\webdriver\\remote\\webdriver.py\", line 321, in execute    self.error_handler.check_response(response)  File \"C:\\Python27\\lib\\site-packages\\appium\\webdriver\\errorhandler.py\", line 29, in check_response    raise wdeNoSuchElementException: Message: An element could not be located on the page using the given search parameters."},{"firstjacocotime":5.003,"tagname":"5_013","firstexecutionsuccess":true,"firsttestcasepath":"\\testcase\\firstcases\\testcase5_013.py","firstconsumedtime":29.157,"firstlocpath":"\\exeresult\\firstresult\\5_013.txt","firstcoveragepath":"\\coverage\\firstcoverage\\coverage5_013.ec","firsterrorlog":null},{"firstjacocotime":5.004,"tagname":"10_014","firstexecutionsuccess":true,"firsttestcasepath":"\\testcase\\firstcases\\testcase10_014.py","firstconsumedtime":31.636,"firstlocpath":"\\exeresult\\firstresult\\10_014.txt","firstcoveragepath":"\\coverage\\firstcoverage\\coverage10_014.ec","firsterrorlog":null},{"firstjacocotime":5.003,"tagname":"5_014","firstexecutionsuccess":true,"firsttestcasepath":"\\testcase\\firstcases\\testcase5_014.py","firstconsumedtime":40.589,"firstlocpath":"\\exeresult\\firstresult\\5_014.txt","firstcoveragepath":"\\coverage\\firstcoverage\\coverage5_014.ec","firsterrorlog":null},{"firstjacocotime":5.002,"tagname":"10_013","firstexecutionsuccess":true,"firsttestcasepath":"\\testcase\\firstcases\\testcase10_013.py","firstconsumedtime":27.056,"firstlocpath":"\\exeresult\\firstresult\\10_013.txt","firstcoveragepath":"\\coverage\\firstcoverage\\coverage10_013.ec","firsterrorlog":null},{"firstjacocotime":5.003,"tagname":"9_005","firstexecutionsuccess":true,"firsttestcasepath":"\\testcase\\firstcases\\testcase9_005.py","firstconsumedtime":27.117,"firstlocpath":"\\exeresult\\firstresult\\9_005.txt","firstcoveragepath":"\\coverage\\firstcoverage\\coverage9_005.ec","firsterrorlog":null},{"firstjacocotime":5.003,"tagname":"9_004","firstexecutionsuccess":true,"firsttestcasepath":"\\testcase\\firstcases\\testcase9_004.py","firstconsumedtime":34.982,"firstlocpath":"\\exeresult\\firstresult\\9_004.txt","firstcoveragepath":"\\coverage\\firstcoverage\\coverage9_004.ec","firsterrorlog":null},{"firstjacocotime":5.0039997,"tagname":"9_003","firstexecutionsuccess":false,"firsttestcasepath":"\\testcase\\firstcases\\testcase9_003.py","firstconsumedtime":20.059,"firstlocpath":"\\exeresult\\firstresult\\9_003.txt","firstcoveragepath":"\\coverage\\firstcoverage\\coverage9_003.ec","firsterrorlog":"FAILstr(e):\t\tMessage: An element could not be located on the page using the given search parameters.repr(e):\tNoSuchElementException()Traceback (most recent call last):  File \"C:\\Users\\yifeiLu\\Documents\\TestingProjectHome\\tapandturn\\testcase\\firstcases\\testcase9_003.py\", line 203, in <module>    element = getElememtBack(driver, \"new UiSelector().text(\\\"Automatically start on boot\\\")\", \"new UiSelector().className(\\\"android.widget.TextView\\\").instance(12)\")  File \"C:\\Users\\yifeiLu\\Documents\\TestingProjectHome\\tapandturn\\testcase\\firstcases\\testcase9_003.py\", line 53, in getElememtBack    element = driver.find_element_by_android_uiautomator(str2)  File \"C:\\Python27\\lib\\site-packages\\appium\\webdriver\\webdriver.py\", line 327, in find_element_by_android_uiautomator    return self.find_element(by=By.ANDROID_UIAUTOMATOR, value=uia_string)  File \"C:\\Python27\\lib\\site-packages\\appium\\webdriver\\webdriver.py\", line 219, in find_element    'value': value})['value']  File \"C:\\Python27\\lib\\site-packages\\selenium\\webdriver\\remote\\webdriver.py\", line 321, in execute    self.error_handler.check_response(response)  File \"C:\\Python27\\lib\\site-packages\\appium\\webdriver\\errorhandler.py\", line 29, in check_response    raise wdeNoSuchElementException: Message: An element could not be located on the page using the given search parameters."},{"firstjacocotime":5.0039997,"tagname":"9_002","firstexecutionsuccess":true,"firsttestcasepath":"\\testcase\\firstcases\\testcase9_002.py","firstconsumedtime":7.787,"firstlocpath":"\\exeresult\\firstresult\\9_002.txt","firstcoveragepath":"\\coverage\\firstcoverage\\coverage9_002.ec","firsterrorlog":null},{"firstjacocotime":5.004,"tagname":"9_001","firstexecutionsuccess":true,"firsttestcasepath":"\\testcase\\firstcases\\testcase9_001.py","firstconsumedtime":17.344,"firstlocpath":"\\exeresult\\firstresult\\9_001.txt","firstcoveragepath":"\\coverage\\firstcoverage\\coverage9_001.ec","firsterrorlog":null},{"firstjacocotime":5.003,"tagname":"9_000","firstexecutionsuccess":false,"firsttestcasepath":"\\testcase\\firstcases\\testcase9_000.py","firstconsumedtime":21.403,"firstlocpath":"\\exeresult\\firstresult\\9_000.txt","firstcoveragepath":"\\coverage\\firstcoverage\\coverage9_000.ec","firsterrorlog":"FAILstr(e):\t\tMessage: An element could not be located on the page using the given search parameters.repr(e):\tNoSuchElementException()Traceback (most recent call last):  File \"C:\\Users\\yifeiLu\\Documents\\TestingProjectHome\\tapandturn\\testcase\\firstcases\\testcase9_000.py\", line 205, in <module>    element = getElememt(driver, \"new UiSelector().resourceId(\\\"com.gabm.tapandturn:id\/cpv_hex\\\").className(\\\"android.widget.EditText\\\")\")  File \"C:\\Users\\yifeiLu\\Documents\\TestingProjectHome\\tapandturn\\testcase\\firstcases\\testcase9_000.py\", line 34, in getElememt    element = driver.find_element_by_android_uiautomator(str)  File \"C:\\Python27\\lib\\site-packages\\appium\\webdriver\\webdriver.py\", line 327, in find_element_by_android_uiautomator    return self.find_element(by=By.ANDROID_UIAUTOMATOR, value=uia_string)  File \"C:\\Python27\\lib\\site-packages\\appium\\webdriver\\webdriver.py\", line 219, in find_element    'value': value})['value']  File \"C:\\Python27\\lib\\site-packages\\selenium\\webdriver\\remote\\webdriver.py\", line 321, in execute    self.error_handler.check_response(response)  File \"C:\\Python27\\lib\\site-packages\\appium\\webdriver\\errorhandler.py\", line 29, in check_response    raise wdeNoSuchElementException: Message: An element could not be located on the page using the given search parameters."},{"firstjacocotime":5.0039997,"tagname":"5_022","firstexecutionsuccess":true,"firsttestcasepath":"\\testcase\\firstcases\\testcase5_022.py","firstconsumedtime":14.559,"firstlocpath":"\\exeresult\\firstresult\\5_022.txt","firstcoveragepath":"\\coverage\\firstcoverage\\coverage5_022.ec","firsterrorlog":null},{"firstjacocotime":5.003,"tagname":"5_023","firstexecutionsuccess":false,"firsttestcasepath":"\\testcase\\firstcases\\testcase5_023.py","firstconsumedtime":15.519,"firstlocpath":"\\exeresult\\firstresult\\5_023.txt","firstcoveragepath":"\\coverage\\firstcoverage\\coverage5_023.ec","firsterrorlog":"FAILstr(e):\t\tMessage: An element could not be located on the page using the given search parameters.repr(e):\tNoSuchElementException()Traceback (most recent call last):  File \"C:\\Users\\yifeiLu\\Documents\\TestingProjectHome\\tapandturn\\testcase\\firstcases\\testcase5_023.py\", line 201, in <module>    element = getElememtBack(driver, \"new UiSelector().text(\\\"Automatically start on boot\\\")\", \"new UiSelector().className(\\\"android.widget.TextView\\\").instance(12)\")  File \"C:\\Users\\yifeiLu\\Documents\\TestingProjectHome\\tapandturn\\testcase\\firstcases\\testcase5_023.py\", line 53, in getElememtBack    element = driver.find_element_by_android_uiautomator(str2)  File \"C:\\Python27\\lib\\site-packages\\appium\\webdriver\\webdriver.py\", line 327, in find_element_by_android_uiautomator    return self.find_element(by=By.ANDROID_UIAUTOMATOR, value=uia_string)  File \"C:\\Python27\\lib\\site-packages\\appium\\webdriver\\webdriver.py\", line 219, in find_element    'value': value})['value']  File \"C:\\Python27\\lib\\site-packages\\selenium\\webdriver\\remote\\webdriver.py\", line 321, in execute    self.error_handler.check_response(response)  File \"C:\\Python27\\lib\\site-packages\\appium\\webdriver\\errorhandler.py\", line 29, in check_response    raise wdeNoSuchElementException: Message: An element could not be located on the page using the given search parameters."},{"firstjacocotime":5.004,"tagname":"5_020","firstexecutionsuccess":true,"firsttestcasepath":"\\testcase\\firstcases\\testcase5_020.py","firstconsumedtime":39.016,"firstlocpath":"\\exeresult\\firstresult\\5_020.txt","firstcoveragepath":"\\coverage\\firstcoverage\\coverage5_020.ec","firsterrorlog":null},{"firstjacocotime":5.003,"tagname":"5_021","firstexecutionsuccess":true,"firsttestcasepath":"\\testcase\\firstcases\\testcase5_021.py","firstconsumedtime":34.532,"firstlocpath":"\\exeresult\\firstresult\\5_021.txt","firstcoveragepath":"\\coverage\\firstcoverage\\coverage5_021.ec","firsterrorlog":null},{"firstjacocotime":5.003,"tagname":"10_009","firstexecutionsuccess":true,"firsttestcasepath":"\\testcase\\firstcases\\testcase10_009.py","firstconsumedtime":32.741,"firstlocpath":"\\exeresult\\firstresult\\10_009.txt","firstcoveragepath":"\\coverage\\firstcoverage\\coverage10_009.ec","firsterrorlog":null},{"firstjacocotime":5.004,"tagname":"10_008","firstexecutionsuccess":true,"firsttestcasepath":"\\testcase\\firstcases\\testcase10_008.py","firstconsumedtime":17.82,"firstlocpath":"\\exeresult\\firstresult\\10_008.txt","firstcoveragepath":"\\coverage\\firstcoverage\\coverage10_008.ec","firsterrorlog":null},{"firstjacocotime":5.0039997,"tagname":"10_005","firstexecutionsuccess":true,"firsttestcasepath":"\\testcase\\firstcases\\testcase10_005.py","firstconsumedtime":12.997,"firstlocpath":"\\exeresult\\firstresult\\10_005.txt","firstcoveragepath":"\\coverage\\firstcoverage\\coverage10_005.ec","firsterrorlog":null},{"firstjacocotime":5.004,"tagname":"10_004","firstexecutionsuccess":true,"firsttestcasepath":"\\testcase\\firstcases\\testcase10_004.py","firstconsumedtime":23.08,"firstlocpath":"\\exeresult\\firstresult\\10_004.txt","firstcoveragepath":"\\coverage\\firstcoverage\\coverage10_004.ec","firsterrorlog":null},{"firstjacocotime":5.0039997,"tagname":"5_028","firstexecutionsuccess":true,"firsttestcasepath":"\\testcase\\firstcases\\testcase5_028.py","firstconsumedtime":18.929,"firstlocpath":"\\exeresult\\firstresult\\5_028.txt","firstcoveragepath":"\\coverage\\firstcoverage\\coverage5_028.ec","firsterrorlog":null},{"firstjacocotime":5.002,"tagname":"10_007","firstexecutionsuccess":false,"firsttestcasepath":"\\testcase\\firstcases\\testcase10_007.py","firstconsumedtime":23.356,"firstlocpath":"\\exeresult\\firstresult\\10_007.txt","firstcoveragepath":"\\coverage\\firstcoverage\\coverage10_007.ec","firsterrorlog":"FAILstr(e):\t\tMessage: An element could not be located on the page using the given search parameters.repr(e):\tNoSuchElementException()Traceback (most recent call last):  File \"C:\\Users\\yifeiLu\\Documents\\TestingProjectHome\\tapandturn\\testcase\\firstcases\\testcase10_007.py\", line 206, in <module>    element = getElememt(driver, \"new UiSelector().resourceId(\\\"com.gabm.tapandturn:id\/seekbar\\\").className(\\\"android.widget.SeekBar\\\")\")  File \"C:\\Users\\yifeiLu\\Documents\\TestingProjectHome\\tapandturn\\testcase\\firstcases\\testcase10_007.py\", line 34, in getElememt    element = driver.find_element_by_android_uiautomator(str)  File \"C:\\Python27\\lib\\site-packages\\appium\\webdriver\\webdriver.py\", line 327, in find_element_by_android_uiautomator    return self.find_element(by=By.ANDROID_UIAUTOMATOR, value=uia_string)  File \"C:\\Python27\\lib\\site-packages\\appium\\webdriver\\webdriver.py\", line 219, in find_element    'value': value})['value']  File \"C:\\Python27\\lib\\site-packages\\selenium\\webdriver\\remote\\webdriver.py\", line 321, in execute    self.error_handler.check_response(response)  File \"C:\\Python27\\lib\\site-packages\\appium\\webdriver\\errorhandler.py\", line 29, in check_response    raise wdeNoSuchElementException: Message: An element could not be located on the page using the given search parameters."},{"firstjacocotime":5.0039997,"tagname":"5_029","firstexecutionsuccess":true,"firsttestcasepath":"\\testcase\\firstcases\\testcase5_029.py","firstconsumedtime":6.418,"firstlocpath":"\\exeresult\\firstresult\\5_029.txt","firstcoveragepath":"\\coverage\\firstcoverage\\coverage5_029.ec","firsterrorlog":null},{"firstjacocotime":5.003,"tagname":"10_006","firstexecutionsuccess":true,"firsttestcasepath":"\\testcase\\firstcases\\testcase10_006.py","firstconsumedtime":27.438,"firstlocpath":"\\exeresult\\firstresult\\10_006.txt","firstcoveragepath":"\\coverage\\firstcoverage\\coverage10_006.ec","firsterrorlog":null},{"firstjacocotime":5.003,"tagname":"5_026","firstexecutionsuccess":true,"firsttestcasepath":"\\testcase\\firstcases\\testcase5_026.py","firstconsumedtime":34.703,"firstlocpath":"\\exeresult\\firstresult\\5_026.txt","firstcoveragepath":"\\coverage\\firstcoverage\\coverage5_026.ec","firsterrorlog":null},{"firstjacocotime":5.0049996,"tagname":"9_009","firstexecutionsuccess":true,"firsttestcasepath":"\\testcase\\firstcases\\testcase9_009.py","firstconsumedtime":6.329,"firstlocpath":"\\exeresult\\firstresult\\9_009.txt","firstcoveragepath":"\\coverage\\firstcoverage\\coverage9_009.ec","firsterrorlog":null},{"firstjacocotime":5.002,"tagname":"10_001","firstexecutionsuccess":false,"firsttestcasepath":"\\testcase\\firstcases\\testcase10_001.py","firstconsumedtime":27.123,"firstlocpath":"\\exeresult\\firstresult\\10_001.txt","firstcoveragepath":"\\coverage\\firstcoverage\\coverage10_001.ec","firsterrorlog":"FAILstr(e):\t\tMessage: An element could not be located on the page using the given search parameters.repr(e):\tNoSuchElementException()Traceback (most recent call last):  File \"C:\\Users\\yifeiLu\\Documents\\TestingProjectHome\\tapandturn\\testcase\\firstcases\\testcase10_001.py\", line 209, in <module>    element = getElememt(driver, \"new UiSelector().resourceId(\\\"com.gabm.tapandturn:id\/cpv_hex\\\").className(\\\"android.widget.EditText\\\")\")  File \"C:\\Users\\yifeiLu\\Documents\\TestingProjectHome\\tapandturn\\testcase\\firstcases\\testcase10_001.py\", line 34, in getElememt    element = driver.find_element_by_android_uiautomator(str)  File \"C:\\Python27\\lib\\site-packages\\appium\\webdriver\\webdriver.py\", line 327, in find_element_by_android_uiautomator    return self.find_element(by=By.ANDROID_UIAUTOMATOR, value=uia_string)  File \"C:\\Python27\\lib\\site-packages\\appium\\webdriver\\webdriver.py\", line 219, in find_element    'value': value})['value']  File \"C:\\Python27\\lib\\site-packages\\selenium\\webdriver\\remote\\webdriver.py\", line 321, in execute    self.error_handler.check_response(response)  File \"C:\\Python27\\lib\\site-packages\\appium\\webdriver\\errorhandler.py\", line 29, in check_response    raise wdeNoSuchElementException: Message: An element could not be located on the page using the given search parameters."},{"firstjacocotime":5.003,"tagname":"5_027","firstexecutionsuccess":true,"firsttestcasepath":"\\testcase\\firstcases\\testcase5_027.py","firstconsumedtime":29.328001,"firstlocpath":"\\exeresult\\firstresult\\5_027.txt","firstcoveragepath":"\\coverage\\firstcoverage\\coverage5_027.ec","firsterrorlog":null},{"firstjacocotime":5.005,"tagname":"9_008","firstexecutionsuccess":true,"firsttestcasepath":"\\testcase\\firstcases\\testcase9_008.py","firstconsumedtime":18.471,"firstlocpath":"\\exeresult\\firstresult\\9_008.txt","firstcoveragepath":"\\coverage\\firstcoverage\\coverage9_008.ec","firsterrorlog":null},{"firstjacocotime":5.004,"tagname":"10_000","firstexecutionsuccess":false,"firsttestcasepath":"\\testcase\\firstcases\\testcase10_000.py","firstconsumedtime":28.888,"firstlocpath":"\\exeresult\\firstresult\\10_000.txt","firstcoveragepath":"\\coverage\\firstcoverage\\coverage10_000.ec","firsterrorlog":"FAILstr(e):\t\tMessage: An element could not be located on the page using the given search parameters.repr(e):\tNoSuchElementException()Traceback (most recent call last):  File \"C:\\Users\\yifeiLu\\Documents\\TestingProjectHome\\tapandturn\\testcase\\firstcases\\testcase10_000.py\", line 209, in <module>    element = getElememt(driver, \"new UiSelector().resourceId(\\\"com.gabm.tapandturn:id\/cpv_hex\\\").className(\\\"android.widget.EditText\\\")\")  File \"C:\\Users\\yifeiLu\\Documents\\TestingProjectHome\\tapandturn\\testcase\\firstcases\\testcase10_000.py\", line 34, in getElememt    element = driver.find_element_by_android_uiautomator(str)  File \"C:\\Python27\\lib\\site-packages\\appium\\webdriver\\webdriver.py\", line 327, in find_element_by_android_uiautomator    return self.find_element(by=By.ANDROID_UIAUTOMATOR, value=uia_string)  File \"C:\\Python27\\lib\\site-packages\\appium\\webdriver\\webdriver.py\", line 219, in find_element    'value': value})['value']  File \"C:\\Python27\\lib\\site-packages\\selenium\\webdriver\\remote\\webdriver.py\", line 321, in execute    self.error_handler.check_response(response)  File \"C:\\Python27\\lib\\site-packages\\appium\\webdriver\\errorhandler.py\", line 29, in check_response    raise wdeNoSuchElementException: Message: An element could not be located on the page using the given search parameters."},{"firstjacocotime":5.005,"tagname":"5_024","firstexecutionsuccess":true,"firsttestcasepath":"\\testcase\\firstcases\\testcase5_024.py","firstconsumedtime":9.95,"firstlocpath":"\\exeresult\\firstresult\\5_024.txt","firstcoveragepath":"\\coverage\\firstcoverage\\coverage5_024.ec","firsterrorlog":null},{"firstjacocotime":5.003,"tagname":"9_007","firstexecutionsuccess":true,"firsttestcasepath":"\\testcase\\firstcases\\testcase9_007.py","firstconsumedtime":33.22,"firstlocpath":"\\exeresult\\firstresult\\9_007.txt","firstcoveragepath":"\\coverage\\firstcoverage\\coverage9_007.ec","firsterrorlog":null},{"firstjacocotime":5.005,"tagname":"10_003","firstexecutionsuccess":true,"firsttestcasepath":"\\testcase\\firstcases\\testcase10_003.py","firstconsumedtime":23.199,"firstlocpath":"\\exeresult\\firstresult\\10_003.txt","firstcoveragepath":"\\coverage\\firstcoverage\\coverage10_003.ec","firsterrorlog":null},{"firstjacocotime":5.003,"tagname":"5_025","firstexecutionsuccess":false,"firsttestcasepath":"\\testcase\\firstcases\\testcase5_025.py","firstconsumedtime":35.088,"firstlocpath":"\\exeresult\\firstresult\\5_025.txt","firstcoveragepath":"\\coverage\\firstcoverage\\coverage5_025.ec","firsterrorlog":"FAILstr(e):\t\tMessage: An element could not be located on the page using the given search parameters.repr(e):\tNoSuchElementException()Traceback (most recent call last):  File \"C:\\Users\\yifeiLu\\Documents\\TestingProjectHome\\tapandturn\\testcase\\firstcases\\testcase5_025.py\", line 211, in <module>    element = getElememtBack(driver, \"new UiSelector().text(\\\"Permission Granted\\\")\", \"new UiSelector().className(\\\"android.widget.Button\\\")\")  File \"C:\\Users\\yifeiLu\\Documents\\TestingProjectHome\\tapandturn\\testcase\\firstcases\\testcase5_025.py\", line 53, in getElememtBack    element = driver.find_element_by_android_uiautomator(str2)  File \"C:\\Python27\\lib\\site-packages\\appium\\webdriver\\webdriver.py\", line 327, in find_element_by_android_uiautomator    return self.find_element(by=By.ANDROID_UIAUTOMATOR, value=uia_string)  File \"C:\\Python27\\lib\\site-packages\\appium\\webdriver\\webdriver.py\", line 219, in find_element    'value': value})['value']  File \"C:\\Python27\\lib\\site-packages\\selenium\\webdriver\\remote\\webdriver.py\", line 321, in execute    self.error_handler.check_response(response)  File \"C:\\Python27\\lib\\site-packages\\appium\\webdriver\\errorhandler.py\", line 29, in check_response    raise wdeNoSuchElementException: Message: An element could not be located on the page using the given search parameters."},{"firstjacocotime":5.003,"tagname":"9_006","firstexecutionsuccess":false,"firsttestcasepath":"\\testcase\\firstcases\\testcase9_006.py","firstconsumedtime":20.223,"firstlocpath":"\\exeresult\\firstresult\\9_006.txt","firstcoveragepath":"\\coverage\\firstcoverage\\coverage9_006.ec","firsterrorlog":"FAILstr(e):\t\tMessage: An element could not be located on the page using the given search parameters.repr(e):\tNoSuchElementException()Traceback (most recent call last):  File \"C:\\Users\\yifeiLu\\Documents\\TestingProjectHome\\tapandturn\\testcase\\firstcases\\testcase9_006.py\", line 205, in <module>    element = getElememtBack(driver, \"new UiSelector().text(\\\"Automatically start on boot\\\")\", \"new UiSelector().className(\\\"android.widget.TextView\\\").instance(12)\")  File \"C:\\Users\\yifeiLu\\Documents\\TestingProjectHome\\tapandturn\\testcase\\firstcases\\testcase9_006.py\", line 53, in getElememtBack    element = driver.find_element_by_android_uiautomator(str2)  File \"C:\\Python27\\lib\\site-packages\\appium\\webdriver\\webdriver.py\", line 327, in find_element_by_android_uiautomator    return self.find_element(by=By.ANDROID_UIAUTOMATOR, value=uia_string)  File \"C:\\Python27\\lib\\site-packages\\appium\\webdriver\\webdriver.py\", line 219, in find_element    'value': value})['value']  File \"C:\\Python27\\lib\\site-packages\\selenium\\webdriver\\remote\\webdriver.py\", line 321, in execute    self.error_handler.check_response(response)  File \"C:\\Python27\\lib\\site-packages\\appium\\webdriver\\errorhandler.py\", line 29, in check_response    raise wdeNoSuchElementException: Message: An element could not be located on the page using the given search parameters."},{"firstjacocotime":5.003,"tagname":"10_002","firstexecutionsuccess":true,"firsttestcasepath":"\\testcase\\firstcases\\testcase10_002.py","firstconsumedtime":23.147,"firstlocpath":"\\exeresult\\firstresult\\10_002.txt","firstcoveragepath":"\\coverage\\firstcoverage\\coverage10_002.ec","firsterrorlog":null},{"firstjacocotime":5.003,"tagname":"8_011","firstexecutionsuccess":true,"firsttestcasepath":"\\testcase\\firstcases\\testcase8_011.py","firstconsumedtime":20.706,"firstlocpath":"\\exeresult\\firstresult\\8_011.txt","firstcoveragepath":"\\coverage\\firstcoverage\\coverage8_011.ec","firsterrorlog":null},{"firstjacocotime":5.002,"tagname":"8_010","firstexecutionsuccess":true,"firsttestcasepath":"\\testcase\\firstcases\\testcase8_010.py","firstconsumedtime":32.1,"firstlocpath":"\\exeresult\\firstresult\\8_010.txt","firstcoveragepath":"\\coverage\\firstcoverage\\coverage8_010.ec","firsterrorlog":null},{"firstjacocotime":5.004,"tagname":"8_013","firstexecutionsuccess":true,"firsttestcasepath":"\\testcase\\firstcases\\testcase8_013.py","firstconsumedtime":28.459,"firstlocpath":"\\exeresult\\firstresult\\8_013.txt","firstcoveragepath":"\\coverage\\firstcoverage\\coverage8_013.ec","firsterrorlog":null},{"firstjacocotime":5.003,"tagname":"8_012","firstexecutionsuccess":true,"firsttestcasepath":"\\testcase\\firstcases\\testcase8_012.py","firstconsumedtime":15.004,"firstlocpath":"\\exeresult\\firstresult\\8_012.txt","firstcoveragepath":"\\coverage\\firstcoverage\\coverage8_012.ec","firsterrorlog":null},{"firstjacocotime":5.003,"tagname":"8_015","firstexecutionsuccess":true,"firsttestcasepath":"\\testcase\\firstcases\\testcase8_015.py","firstconsumedtime":7.0059996,"firstlocpath":"\\exeresult\\firstresult\\8_015.txt","firstcoveragepath":"\\coverage\\firstcoverage\\coverage8_015.ec","firsterrorlog":null},{"firstjacocotime":5.003,"tagname":"8_014","firstexecutionsuccess":false,"firsttestcasepath":"\\testcase\\firstcases\\testcase8_014.py","firstconsumedtime":41.892,"firstlocpath":"\\exeresult\\firstresult\\8_014.txt","firstcoveragepath":"\\coverage\\firstcoverage\\coverage8_014.ec","firsterrorlog":"FAILstr(e):\t\tMessage: An element could not be located on the page using the given search parameters.repr(e):\tNoSuchElementException()Traceback (most recent call last):  File \"C:\\Users\\yifeiLu\\Documents\\TestingProjectHome\\tapandturn\\testcase\\firstcases\\testcase8_014.py\", line 210, in <module>    element = getElememtBack(driver, \"new UiSelector().text(\\\"Permission Granted\\\")\", \"new UiSelector().className(\\\"android.widget.Button\\\")\")  File \"C:\\Users\\yifeiLu\\Documents\\TestingProjectHome\\tapandturn\\testcase\\firstcases\\testcase8_014.py\", line 53, in getElememtBack    element = driver.find_element_by_android_uiautomator(str2)  File \"C:\\Python27\\lib\\site-packages\\appium\\webdriver\\webdriver.py\", line 327, in find_element_by_android_uiautomator    return self.find_element(by=By.ANDROID_UIAUTOMATOR, value=uia_string)  File \"C:\\Python27\\lib\\site-packages\\appium\\webdriver\\webdriver.py\", line 219, in find_element    'value': value})['value']  File \"C:\\Python27\\lib\\site-packages\\selenium\\webdriver\\remote\\webdriver.py\", line 321, in execute    self.error_handler.check_response(response)  File \"C:\\Python27\\lib\\site-packages\\appium\\webdriver\\errorhandler.py\", line 29, in check_response    raise wdeNoSuchElementException: Message: An element could not be located on the page using the given search parameters."},{"firstjacocotime":5.008,"tagname":"8_017","firstexecutionsuccess":true,"firsttestcasepath":"\\testcase\\firstcases\\testcase8_017.py","firstconsumedtime":34.363,"firstlocpath":"\\exeresult\\firstresult\\8_017.txt","firstcoveragepath":"\\coverage\\firstcoverage\\coverage8_017.ec","firsterrorlog":null},{"firstjacocotime":5.0039997,"tagname":"8_016","firstexecutionsuccess":true,"firsttestcasepath":"\\testcase\\firstcases\\testcase8_016.py","firstconsumedtime":24.873,"firstlocpath":"\\exeresult\\firstresult\\8_016.txt","firstcoveragepath":"\\coverage\\firstcoverage\\coverage8_016.ec","firsterrorlog":null},{"firstjacocotime":5.0039997,"tagname":"3_028","firstexecutionsuccess":true,"firsttestcasepath":"\\testcase\\firstcases\\testcase3_028.py","firstconsumedtime":21.459,"firstlocpath":"\\exeresult\\firstresult\\3_028.txt","firstcoveragepath":"\\coverage\\firstcoverage\\coverage3_028.ec","firsterrorlog":null},{"firstjacocotime":5.0039997,"tagname":"8_019","firstexecutionsuccess":true,"firsttestcasepath":"\\testcase\\firstcases\\testcase8_019.py","firstconsumedtime":17.046999,"firstlocpath":"\\exeresult\\firstresult\\8_019.txt","firstcoveragepath":"\\coverage\\firstcoverage\\coverage8_019.ec","firsterrorlog":null},{"firstjacocotime":5.003,"tagname":"3_029","firstexecutionsuccess":true,"firsttestcasepath":"\\testcase\\firstcases\\testcase3_029.py","firstconsumedtime":31.447,"firstlocpath":"\\exeresult\\firstresult\\3_029.txt","firstcoveragepath":"\\coverage\\firstcoverage\\coverage3_029.ec","firsterrorlog":null},{"firstjacocotime":5.002,"tagname":"8_018","firstexecutionsuccess":true,"firsttestcasepath":"\\testcase\\firstcases\\testcase8_018.py","firstconsumedtime":29.091,"firstlocpath":"\\exeresult\\firstresult\\8_018.txt","firstcoveragepath":"\\coverage\\firstcoverage\\coverage8_018.ec","firsterrorlog":null},{"firstjacocotime":5.0049996,"tagname":"3_026","firstexecutionsuccess":true,"firsttestcasepath":"\\testcase\\firstcases\\testcase3_026.py","firstconsumedtime":6.572,"firstlocpath":"\\exeresult\\firstresult\\3_026.txt","firstcoveragepath":"\\coverage\\firstcoverage\\coverage3_026.ec","firsterrorlog":null},{"firstjacocotime":5.003,"tagname":"3_027","firstexecutionsuccess":true,"firsttestcasepath":"\\testcase\\firstcases\\testcase3_027.py","firstconsumedtime":29.958,"firstlocpath":"\\exeresult\\firstresult\\3_027.txt","firstcoveragepath":"\\coverage\\firstcoverage\\coverage3_027.ec","firsterrorlog":null},{"firstjacocotime":5.0039997,"tagname":"3_020","firstexecutionsuccess":true,"firsttestcasepath":"\\testcase\\firstcases\\testcase3_020.py","firstconsumedtime":6.824,"firstlocpath":"\\exeresult\\firstresult\\3_020.txt","firstcoveragepath":"\\coverage\\firstcoverage\\coverage3_020.ec","firsterrorlog":null},{"firstjacocotime":5.003,"tagname":"3_021","firstexecutionsuccess":false,"firsttestcasepath":"\\testcase\\firstcases\\testcase3_021.py","firstconsumedtime":27.576,"firstlocpath":"\\exeresult\\firstresult\\3_021.txt","firstcoveragepath":"\\coverage\\firstcoverage\\coverage3_021.ec","firsterrorlog":"FAILstr(e):\t\tMessage: An element could not be located on the page using the given search parameters.repr(e):\tNoSuchElementException()Traceback (most recent call last):  File \"C:\\Users\\yifeiLu\\Documents\\TestingProjectHome\\tapandturn\\testcase\\firstcases\\testcase3_021.py\", line 210, in <module>    element = getElememtBack(driver, \"new UiSelector().text(\\\"Permission Granted\\\")\", \"new UiSelector().className(\\\"android.widget.Button\\\")\")  File \"C:\\Users\\yifeiLu\\Documents\\TestingProjectHome\\tapandturn\\testcase\\firstcases\\testcase3_021.py\", line 53, in getElememtBack    element = driver.find_element_by_android_uiautomator(str2)  File \"C:\\Python27\\lib\\site-packages\\appium\\webdriver\\webdriver.py\", line 327, in find_element_by_android_uiautomator    return self.find_element(by=By.ANDROID_UIAUTOMATOR, value=uia_string)  File \"C:\\Python27\\lib\\site-packages\\appium\\webdriver\\webdriver.py\", line 219, in find_element    'value': value})['value']  File \"C:\\Python27\\lib\\site-packages\\selenium\\webdriver\\remote\\webdriver.py\", line 321, in execute    self.error_handler.check_response(response)  File \"C:\\Python27\\lib\\site-packages\\appium\\webdriver\\errorhandler.py\", line 29, in check_response    raise wdeNoSuchElementException: Message: An element could not be located on the page using the given search parameters."},{"firstjacocotime":5.004,"tagname":"3_024","firstexecutionsuccess":false,"firsttestcasepath":"\\testcase\\firstcases\\testcase3_024.py","firstconsumedtime":25.904,"firstlocpath":"\\exeresult\\firstresult\\3_024.txt","firstcoveragepath":"\\coverage\\firstcoverage\\coverage3_024.ec","firsterrorlog":"FAILstr(e):\t\tMessage: An element could not be located on the page using the given search parameters.repr(e):\tNoSuchElementException()Traceback (most recent call last):  File \"C:\\Users\\yifeiLu\\Documents\\TestingProjectHome\\tapandturn\\testcase\\firstcases\\testcase3_024.py\", line 206, in <module>    element = getElememtBack(driver, \"new UiSelector().text(\\\"Turn on boot\\\")\", \"new UiSelector().className(\\\"android.widget.TextView\\\").instance(13)\")  File \"C:\\Users\\yifeiLu\\Documents\\TestingProjectHome\\tapandturn\\testcase\\firstcases\\testcase3_024.py\", line 53, in getElememtBack    element = driver.find_element_by_android_uiautomator(str2)  File \"C:\\Python27\\lib\\site-packages\\appium\\webdriver\\webdriver.py\", line 327, in find_element_by_android_uiautomator    return self.find_element(by=By.ANDROID_UIAUTOMATOR, value=uia_string)  File \"C:\\Python27\\lib\\site-packages\\appium\\webdriver\\webdriver.py\", line 219, in find_element    'value': value})['value']  File \"C:\\Python27\\lib\\site-packages\\selenium\\webdriver\\remote\\webdriver.py\", line 321, in execute    self.error_handler.check_response(response)  File \"C:\\Python27\\lib\\site-packages\\appium\\webdriver\\errorhandler.py\", line 29, in check_response    raise wdeNoSuchElementException: Message: An element could not be located on the page using the given search parameters."},{"firstjacocotime":5.003,"tagname":"3_025","firstexecutionsuccess":true,"firsttestcasepath":"\\testcase\\firstcases\\testcase3_025.py","firstconsumedtime":30.978,"firstlocpath":"\\exeresult\\firstresult\\3_025.txt","firstcoveragepath":"\\coverage\\firstcoverage\\coverage3_025.ec","firsterrorlog":null},{"firstjacocotime":5.003,"tagname":"3_022","firstexecutionsuccess":true,"firsttestcasepath":"\\testcase\\firstcases\\testcase3_022.py","firstconsumedtime":22.851,"firstlocpath":"\\exeresult\\firstresult\\3_022.txt","firstcoveragepath":"\\coverage\\firstcoverage\\coverage3_022.ec","firsterrorlog":null},{"firstjacocotime":5.003,"tagname":"3_023","firstexecutionsuccess":true,"firsttestcasepath":"\\testcase\\firstcases\\testcase3_023.py","firstconsumedtime":20.52,"firstlocpath":"\\exeresult\\firstresult\\3_023.txt","firstcoveragepath":"\\coverage\\firstcoverage\\coverage3_023.ec","firsterrorlog":null},{"firstjacocotime":5.005,"tagname":"4_003","firstexecutionsuccess":true,"firsttestcasepath":"\\testcase\\firstcases\\testcase4_003.py","firstconsumedtime":27.115,"firstlocpath":"\\exeresult\\firstresult\\4_003.txt","firstcoveragepath":"\\coverage\\firstcoverage\\coverage4_003.ec","firsterrorlog":null},{"firstjacocotime":5.0039997,"tagname":"4_004","firstexecutionsuccess":false,"firsttestcasepath":"\\testcase\\firstcases\\testcase4_004.py","firstconsumedtime":26.982,"firstlocpath":"\\exeresult\\firstresult\\4_004.txt","firstcoveragepath":"\\coverage\\firstcoverage\\coverage4_004.ec","firsterrorlog":"FAILstr(e):\t\tMessage: An element could not be located on the page using the given search parameters.repr(e):\tNoSuchElementException()Traceback (most recent call last):  File \"C:\\Users\\yifeiLu\\Documents\\TestingProjectHome\\tapandturn\\testcase\\firstcases\\testcase4_004.py\", line 208, in <module>    element = getElememtBack(driver, \"new UiSelector().text(\\\"Automatically start on boot\\\")\", \"new UiSelector().className(\\\"android.widget.TextView\\\").instance(12)\")  File \"C:\\Users\\yifeiLu\\Documents\\TestingProjectHome\\tapandturn\\testcase\\firstcases\\testcase4_004.py\", line 53, in getElememtBack    element = driver.find_element_by_android_uiautomator(str2)  File \"C:\\Python27\\lib\\site-packages\\appium\\webdriver\\webdriver.py\", line 327, in find_element_by_android_uiautomator    return self.find_element(by=By.ANDROID_UIAUTOMATOR, value=uia_string)  File \"C:\\Python27\\lib\\site-packages\\appium\\webdriver\\webdriver.py\", line 219, in find_element    'value': value})['value']  File \"C:\\Python27\\lib\\site-packages\\selenium\\webdriver\\remote\\webdriver.py\", line 321, in execute    self.error_handler.check_response(response)  File \"C:\\Python27\\lib\\site-packages\\appium\\webdriver\\errorhandler.py\", line 29, in check_response    raise wdeNoSuchElementException: Message: An element could not be located on the page using the given search parameters."},{"firstjacocotime":5.0039997,"tagname":"4_005","firstexecutionsuccess":true,"firsttestcasepath":"\\testcase\\firstcases\\testcase4_005.py","firstconsumedtime":24.742,"firstlocpath":"\\exeresult\\firstresult\\4_005.txt","firstcoveragepath":"\\coverage\\firstcoverage\\coverage4_005.ec","firsterrorlog":null},{"firstjacocotime":5.0039997,"tagname":"4_006","firstexecutionsuccess":false,"firsttestcasepath":"\\testcase\\firstcases\\testcase4_006.py","firstconsumedtime":37.247,"firstlocpath":"\\exeresult\\firstresult\\4_006.txt","firstcoveragepath":"\\coverage\\firstcoverage\\coverage4_006.ec","firsterrorlog":"FAILstr(e):\t\tMessage: An element could not be located on the page using the given search parameters.repr(e):\tNoSuchElementException()Traceback (most recent call last):  File \"C:\\Users\\yifeiLu\\Documents\\TestingProjectHome\\tapandturn\\testcase\\firstcases\\testcase4_006.py\", line 212, in <module>    element = getElememt(driver, \"new UiSelector().resourceId(\\\"com.gabm.tapandturn:id\/cpv_hex\\\").className(\\\"android.widget.EditText\\\")\")  File \"C:\\Users\\yifeiLu\\Documents\\TestingProjectHome\\tapandturn\\testcase\\firstcases\\testcase4_006.py\", line 34, in getElememt    element = driver.find_element_by_android_uiautomator(str)  File \"C:\\Python27\\lib\\site-packages\\appium\\webdriver\\webdriver.py\", line 327, in find_element_by_android_uiautomator    return self.find_element(by=By.ANDROID_UIAUTOMATOR, value=uia_string)  File \"C:\\Python27\\lib\\site-packages\\appium\\webdriver\\webdriver.py\", line 219, in find_element    'value': value})['value']  File \"C:\\Python27\\lib\\site-packages\\selenium\\webdriver\\remote\\webdriver.py\", line 321, in execute    self.error_handler.check_response(response)  File \"C:\\Python27\\lib\\site-packages\\appium\\webdriver\\errorhandler.py\", line 29, in check_response    raise wdeNoSuchElementException: Message: An element could not be located on the page using the given search parameters."},{"firstjacocotime":5.0039997,"tagname":"4_007","firstexecutionsuccess":true,"firsttestcasepath":"\\testcase\\firstcases\\testcase4_007.py","firstconsumedtime":38.885,"firstlocpath":"\\exeresult\\firstresult\\4_007.txt","firstcoveragepath":"\\coverage\\firstcoverage\\coverage4_007.ec","firsterrorlog":null},{"firstjacocotime":5.0039997,"tagname":"4_008","firstexecutionsuccess":true,"firsttestcasepath":"\\testcase\\firstcases\\testcase4_008.py","firstconsumedtime":6.45,"firstlocpath":"\\exeresult\\firstresult\\4_008.txt","firstcoveragepath":"\\coverage\\firstcoverage\\coverage4_008.ec","firsterrorlog":null},{"firstjacocotime":5.004,"tagname":"4_009","firstexecutionsuccess":true,"firsttestcasepath":"\\testcase\\firstcases\\testcase4_009.py","firstconsumedtime":18.714,"firstlocpath":"\\exeresult\\firstresult\\4_009.txt","firstcoveragepath":"\\coverage\\firstcoverage\\coverage4_009.ec","firsterrorlog":null},{"firstjacocotime":5.007,"tagname":"8_020","firstexecutionsuccess":true,"firsttestcasepath":"\\testcase\\firstcases\\testcase8_020.py","firstconsumedtime":24.621,"firstlocpath":"\\exeresult\\firstresult\\8_020.txt","firstcoveragepath":"\\coverage\\firstcoverage\\coverage8_020.ec","firsterrorlog":null},{"firstjacocotime":5.003,"tagname":"8_022","firstexecutionsuccess":true,"firsttestcasepath":"\\testcase\\firstcases\\testcase8_022.py","firstconsumedtime":23.242,"firstlocpath":"\\exeresult\\firstresult\\8_022.txt","firstcoveragepath":"\\coverage\\firstcoverage\\coverage8_022.ec","firsterrorlog":null},{"firstjacocotime":5.003,"tagname":"8_021","firstexecutionsuccess":false,"firsttestcasepath":"\\testcase\\firstcases\\testcase8_021.py","firstconsumedtime":26.056,"firstlocpath":"\\exeresult\\firstresult\\8_021.txt","firstcoveragepath":"\\coverage\\firstcoverage\\coverage8_021.ec","firsterrorlog":"FAILstr(e):\t\tMessage: An element could not be located on the page using the given search parameters.repr(e):\tNoSuchElementException()Traceback (most recent call last):  File \"C:\\Users\\yifeiLu\\Documents\\TestingProjectHome\\tapandturn\\testcase\\firstcases\\testcase8_021.py\", line 207, in <module>    element = getElememtBack(driver, \"new UiSelector().text(\\\"Turn on boot\\\")\", \"new UiSelector().className(\\\"android.widget.TextView\\\").instance(13)\")  File \"C:\\Users\\yifeiLu\\Documents\\TestingProjectHome\\tapandturn\\testcase\\firstcases\\testcase8_021.py\", line 53, in getElememtBack    element = driver.find_element_by_android_uiautomator(str2)  File \"C:\\Python27\\lib\\site-packages\\appium\\webdriver\\webdriver.py\", line 327, in find_element_by_android_uiautomator    return self.find_element(by=By.ANDROID_UIAUTOMATOR, value=uia_string)  File \"C:\\Python27\\lib\\site-packages\\appium\\webdriver\\webdriver.py\", line 219, in find_element    'value': value})['value']  File \"C:\\Python27\\lib\\site-packages\\selenium\\webdriver\\remote\\webdriver.py\", line 321, in execute    self.error_handler.check_response(response)  File \"C:\\Python27\\lib\\site-packages\\appium\\webdriver\\errorhandler.py\", line 29, in check_response    raise wdeNoSuchElementException: Message: An element could not be located on the page using the given search parameters."},{"firstjacocotime":5.003,"tagname":"8_024","firstexecutionsuccess":true,"firsttestcasepath":"\\testcase\\firstcases\\testcase8_024.py","firstconsumedtime":6.5230002,"firstlocpath":"\\exeresult\\firstresult\\8_024.txt","firstcoveragepath":"\\coverage\\firstcoverage\\coverage8_024.ec","firsterrorlog":null},{"firstjacocotime":5.0039997,"tagname":"8_023","firstexecutionsuccess":true,"firsttestcasepath":"\\testcase\\firstcases\\testcase8_023.py","firstconsumedtime":27.514,"firstlocpath":"\\exeresult\\firstresult\\8_023.txt","firstcoveragepath":"\\coverage\\firstcoverage\\coverage8_023.ec","firsterrorlog":null},{"firstjacocotime":5.0049996,"tagname":"8_026","firstexecutionsuccess":true,"firsttestcasepath":"\\testcase\\firstcases\\testcase8_026.py","firstconsumedtime":30.239,"firstlocpath":"\\exeresult\\firstresult\\8_026.txt","firstcoveragepath":"\\coverage\\firstcoverage\\coverage8_026.ec","firsterrorlog":null},{"firstjacocotime":5.0039997,"tagname":"4_000","firstexecutionsuccess":false,"firsttestcasepath":"\\testcase\\firstcases\\testcase4_000.py","firstconsumedtime":14.5060005,"firstlocpath":"\\exeresult\\firstresult\\4_000.txt","firstcoveragepath":"\\coverage\\firstcoverage\\coverage4_000.ec","firsterrorlog":"FAILstr(e):\t\tMessage: An unknown server-side error occurred while processing the command. Original error: The swipe did not complete successfullyrepr(e):\tWebDriverException()Traceback (most recent call last):  File \"C:\\Users\\yifeiLu\\Documents\\TestingProjectHome\\tapandturn\\testcase\\firstcases\\testcase4_000.py\", line 204, in <module>    swipe(driver, 0.5, 0.2, 0.5, 0.8)  File \"C:\\Users\\yifeiLu\\Documents\\TestingProjectHome\\tapandturn\\testcase\\firstcases\\testcase4_000.py\", line 65, in swipe    end_y=int(height * endyper), duration=1000)  File \"C:\\Python27\\lib\\site-packages\\appium\\webdriver\\webdriver.py\", line 548, in swipe    action.perform()  File \"C:\\Python27\\lib\\site-packages\\appium\\webdriver\\common\\touch_action.py\", line 96, in perform    self._driver.execute(Command.TOUCH_ACTION, params)  File \"C:\\Python27\\lib\\site-packages\\selenium\\webdriver\\remote\\webdriver.py\", line 321, in execute    self.error_handler.check_response(response)  File \"C:\\Python27\\lib\\site-packages\\appium\\webdriver\\errorhandler.py\", line 29, in check_response    raise wdeWebDriverException: Message: An unknown server-side error occurred while processing the command. Original error: The swipe did not complete successfully"},{"firstjacocotime":5.003,"tagname":"8_025","firstexecutionsuccess":true,"firsttestcasepath":"\\testcase\\firstcases\\testcase8_025.py","firstconsumedtime":22.866,"firstlocpath":"\\exeresult\\firstresult\\8_025.txt","firstcoveragepath":"\\coverage\\firstcoverage\\coverage8_025.ec","firsterrorlog":null},{"firstjacocotime":5.003,"tagname":"4_001","firstexecutionsuccess":true,"firsttestcasepath":"\\testcase\\firstcases\\testcase4_001.py","firstconsumedtime":28.489,"firstlocpath":"\\exeresult\\firstresult\\4_001.txt","firstcoveragepath":"\\coverage\\firstcoverage\\coverage4_001.ec","firsterrorlog":null},{"firstjacocotime":5.003,"tagname":"8_028","firstexecutionsuccess":false,"firsttestcasepath":"\\testcase\\firstcases\\testcase8_028.py","firstconsumedtime":24.22,"firstlocpath":"\\exeresult\\firstresult\\8_028.txt","firstcoveragepath":"\\coverage\\firstcoverage\\coverage8_028.ec","firsterrorlog":"FAILstr(e):\t\tMessage: An element could not be located on the page using the given search parameters.repr(e):\tNoSuchElementException()Traceback (most recent call last):  File \"C:\\Users\\yifeiLu\\Documents\\TestingProjectHome\\tapandturn\\testcase\\firstcases\\testcase8_028.py\", line 209, in <module>    element = getElememtBack(driver, \"new UiSelector().text(\\\"Automatically start on boot\\\")\", \"new UiSelector().className(\\\"android.widget.TextView\\\").instance(12)\")  File \"C:\\Users\\yifeiLu\\Documents\\TestingProjectHome\\tapandturn\\testcase\\firstcases\\testcase8_028.py\", line 53, in getElememtBack    element = driver.find_element_by_android_uiautomator(str2)  File \"C:\\Python27\\lib\\site-packages\\appium\\webdriver\\webdriver.py\", line 327, in find_element_by_android_uiautomator    return self.find_element(by=By.ANDROID_UIAUTOMATOR, value=uia_string)  File \"C:\\Python27\\lib\\site-packages\\appium\\webdriver\\webdriver.py\", line 219, in find_element    'value': value})['value']  File \"C:\\Python27\\lib\\site-packages\\selenium\\webdriver\\remote\\webdriver.py\", line 321, in execute    self.error_handler.check_response(response)  File \"C:\\Python27\\lib\\site-packages\\appium\\webdriver\\errorhandler.py\", line 29, in check_response    raise wdeNoSuchElementException: Message: An element could not be located on the page using the given search parameters."},{"firstjacocotime":5.0039997,"tagname":"4_002","firstexecutionsuccess":true,"firsttestcasepath":"\\testcase\\firstcases\\testcase4_002.py","firstconsumedtime":32.767002,"firstlocpath":"\\exeresult\\firstresult\\4_002.txt","firstcoveragepath":"\\coverage\\firstcoverage\\coverage4_002.ec","firsterrorlog":null},{"firstjacocotime":5.003,"tagname":"8_027","firstexecutionsuccess":false,"firsttestcasepath":"\\testcase\\firstcases\\testcase8_027.py","firstconsumedtime":23.184,"firstlocpath":"\\exeresult\\firstresult\\8_027.txt","firstcoveragepath":"\\coverage\\firstcoverage\\coverage8_027.ec","firsterrorlog":"FAILstr(e):\t\tMessage: An element could not be located on the page using the given search parameters.repr(e):\tNoSuchElementException()Traceback (most recent call last):  File \"C:\\Users\\yifeiLu\\Documents\\TestingProjectHome\\tapandturn\\testcase\\firstcases\\testcase8_027.py\", line 206, in <module>    element = getElememtBack(driver, \"new UiSelector().text(\\\"Turn on boot\\\")\", \"new UiSelector().className(\\\"android.widget.TextView\\\").instance(13)\")  File \"C:\\Users\\yifeiLu\\Documents\\TestingProjectHome\\tapandturn\\testcase\\firstcases\\testcase8_027.py\", line 53, in getElememtBack    element = driver.find_element_by_android_uiautomator(str2)  File \"C:\\Python27\\lib\\site-packages\\appium\\webdriver\\webdriver.py\", line 327, in find_element_by_android_uiautomator    return self.find_element(by=By.ANDROID_UIAUTOMATOR, value=uia_string)  File \"C:\\Python27\\lib\\site-packages\\appium\\webdriver\\webdriver.py\", line 219, in find_element    'value': value})['value']  File \"C:\\Python27\\lib\\site-packages\\selenium\\webdriver\\remote\\webdriver.py\", line 321, in execute    self.error_handler.check_response(response)  File \"C:\\Python27\\lib\\site-packages\\appium\\webdriver\\errorhandler.py\", line 29, in check_response    raise wdeNoSuchElementException: Message: An element could not be located on the page using the given search parameters."},{"firstjacocotime":5.004,"tagname":"3_017","firstexecutionsuccess":true,"firsttestcasepath":"\\testcase\\firstcases\\testcase3_017.py","firstconsumedtime":30.381,"firstlocpath":"\\exeresult\\firstresult\\3_017.txt","firstcoveragepath":"\\coverage\\firstcoverage\\coverage3_017.ec","firsterrorlog":null},{"firstjacocotime":5.004,"tagname":"3_018","firstexecutionsuccess":true,"firsttestcasepath":"\\testcase\\firstcases\\testcase3_018.py","firstconsumedtime":6.202,"firstlocpath":"\\exeresult\\firstresult\\3_018.txt","firstcoveragepath":"\\coverage\\firstcoverage\\coverage3_018.ec","firsterrorlog":null},{"firstjacocotime":5.004,"tagname":"8_029","firstexecutionsuccess":true,"firsttestcasepath":"\\testcase\\firstcases\\testcase8_029.py","firstconsumedtime":23.171,"firstlocpath":"\\exeresult\\firstresult\\8_029.txt","firstcoveragepath":"\\coverage\\firstcoverage\\coverage8_029.ec","firsterrorlog":null},{"firstjacocotime":5.004,"tagname":"3_015","firstexecutionsuccess":true,"firsttestcasepath":"\\testcase\\firstcases\\testcase3_015.py","firstconsumedtime":30.194,"firstlocpath":"\\exeresult\\firstresult\\3_015.txt","firstcoveragepath":"\\coverage\\firstcoverage\\coverage3_015.ec","firsterrorlog":null},{"firstjacocotime":5.003,"tagname":"3_016","firstexecutionsuccess":true,"firsttestcasepath":"\\testcase\\firstcases\\testcase3_016.py","firstconsumedtime":30.589,"firstlocpath":"\\exeresult\\firstresult\\3_016.txt","firstcoveragepath":"\\coverage\\firstcoverage\\coverage3_016.ec","firsterrorlog":null},{"firstjacocotime":5.0039997,"tagname":"3_019","firstexecutionsuccess":true,"firsttestcasepath":"\\testcase\\firstcases\\testcase3_019.py","firstconsumedtime":19.425,"firstlocpath":"\\exeresult\\firstresult\\3_019.txt","firstcoveragepath":"\\coverage\\firstcoverage\\coverage3_019.ec","firsterrorlog":null},{"firstjacocotime":5.0039997,"tagname":"3_010","firstexecutionsuccess":false,"firsttestcasepath":"\\testcase\\firstcases\\testcase3_010.py","firstconsumedtime":20.202,"firstlocpath":"\\exeresult\\firstresult\\3_010.txt","firstcoveragepath":"\\coverage\\firstcoverage\\coverage3_010.ec","firsterrorlog":"FAILstr(e):\t\tMessage: An element could not be located on the page using the given search parameters.repr(e):\tNoSuchElementException()Traceback (most recent call last):  File \"C:\\Users\\yifeiLu\\Documents\\TestingProjectHome\\tapandturn\\testcase\\firstcases\\testcase3_010.py\", line 202, in <module>    element = getElememtBack(driver, \"new UiSelector().text(\\\"Turn on boot\\\")\", \"new UiSelector().className(\\\"android.widget.TextView\\\").instance(13)\")  File \"C:\\Users\\yifeiLu\\Documents\\TestingProjectHome\\tapandturn\\testcase\\firstcases\\testcase3_010.py\", line 53, in getElememtBack    element = driver.find_element_by_android_uiautomator(str2)  File \"C:\\Python27\\lib\\site-packages\\appium\\webdriver\\webdriver.py\", line 327, in find_element_by_android_uiautomator    return self.find_element(by=By.ANDROID_UIAUTOMATOR, value=uia_string)  File \"C:\\Python27\\lib\\site-packages\\appium\\webdriver\\webdriver.py\", line 219, in find_element    'value': value})['value']  File \"C:\\Python27\\lib\\site-packages\\selenium\\webdriver\\remote\\webdriver.py\", line 321, in execute    self.error_handler.check_response(response)  File \"C:\\Python27\\lib\\site-packages\\appium\\webdriver\\errorhandler.py\", line 29, in check_response    raise wdeNoSuchElementException: Message: An element could not be located on the page using the given search parameters."},{"firstjacocotime":5.0039997,"tagname":"3_013","firstexecutionsuccess":true,"firsttestcasepath":"\\testcase\\firstcases\\testcase3_013.py","firstconsumedtime":19.413,"firstlocpath":"\\exeresult\\firstresult\\3_013.txt","firstcoveragepath":"\\coverage\\firstcoverage\\coverage3_013.ec","firsterrorlog":null},{"firstjacocotime":5.0039997,"tagname":"3_014","firstexecutionsuccess":true,"firsttestcasepath":"\\testcase\\firstcases\\testcase3_014.py","firstconsumedtime":22.810999,"firstlocpath":"\\exeresult\\firstresult\\3_014.txt","firstcoveragepath":"\\coverage\\firstcoverage\\coverage3_014.ec","firsterrorlog":null},{"firstjacocotime":5.0039997,"tagname":"3_011","firstexecutionsuccess":true,"firsttestcasepath":"\\testcase\\firstcases\\testcase3_011.py","firstconsumedtime":14.1050005,"firstlocpath":"\\exeresult\\firstresult\\3_011.txt","firstcoveragepath":"\\coverage\\firstcoverage\\coverage3_011.ec","firsterrorlog":null},{"firstjacocotime":5.003,"tagname":"3_012","firstexecutionsuccess":false,"firsttestcasepath":"\\testcase\\firstcases\\testcase3_012.py","firstconsumedtime":40.207,"firstlocpath":"\\exeresult\\firstresult\\3_012.txt","firstcoveragepath":"\\coverage\\firstcoverage\\coverage3_012.ec","firsterrorlog":"FAILstr(e):\t\tMessage: An element could not be located on the page using the given search parameters.repr(e):\tNoSuchElementException()Traceback (most recent call last):  File \"C:\\Users\\yifeiLu\\Documents\\TestingProjectHome\\tapandturn\\testcase\\firstcases\\testcase3_012.py\", line 212, in <module>    element = getElememt(driver, \"new UiSelector().resourceId(\\\"com.gabm.tapandturn:id\/cpv_hex\\\").className(\\\"android.widget.EditText\\\")\")  File \"C:\\Users\\yifeiLu\\Documents\\TestingProjectHome\\tapandturn\\testcase\\firstcases\\testcase3_012.py\", line 34, in getElememt    element = driver.find_element_by_android_uiautomator(str)  File \"C:\\Python27\\lib\\site-packages\\appium\\webdriver\\webdriver.py\", line 327, in find_element_by_android_uiautomator    return self.find_element(by=By.ANDROID_UIAUTOMATOR, value=uia_string)  File \"C:\\Python27\\lib\\site-packages\\appium\\webdriver\\webdriver.py\", line 219, in find_element    'value': value})['value']  File \"C:\\Python27\\lib\\site-packages\\selenium\\webdriver\\remote\\webdriver.py\", line 321, in execute    self.error_handler.check_response(response)  File \"C:\\Python27\\lib\\site-packages\\appium\\webdriver\\errorhandler.py\", line 29, in check_response    raise wdeNoSuchElementException: Message: An element could not be located on the page using the given search parameters."},{"firstjacocotime":5.003,"tagname":"4_014","firstexecutionsuccess":true,"firsttestcasepath":"\\testcase\\firstcases\\testcase4_014.py","firstconsumedtime":12.498,"firstlocpath":"\\exeresult\\firstresult\\4_014.txt","firstcoveragepath":"\\coverage\\firstcoverage\\coverage4_014.ec","firsterrorlog":null},{"firstjacocotime":5.0039997,"tagname":"4_015","firstexecutionsuccess":false,"firsttestcasepath":"\\testcase\\firstcases\\testcase4_015.py","firstconsumedtime":15.578,"firstlocpath":"\\exeresult\\firstresult\\4_015.txt","firstcoveragepath":"\\coverage\\firstcoverage\\coverage4_015.ec","firsterrorlog":"FAILstr(e):\t\tMessage: An element could not be located on the page using the given search parameters.repr(e):\tNoSuchElementException()Traceback (most recent call last):  File \"C:\\Users\\yifeiLu\\Documents\\TestingProjectHome\\tapandturn\\testcase\\firstcases\\testcase4_015.py\", line 201, in <module>    element = getElememtBack(driver, \"new UiSelector().text(\\\"Automatically start on boot\\\")\", \"new UiSelector().className(\\\"android.widget.TextView\\\").instance(12)\")  File \"C:\\Users\\yifeiLu\\Documents\\TestingProjectHome\\tapandturn\\testcase\\firstcases\\testcase4_015.py\", line 53, in getElememtBack    element = driver.find_element_by_android_uiautomator(str2)  File \"C:\\Python27\\lib\\site-packages\\appium\\webdriver\\webdriver.py\", line 327, in find_element_by_android_uiautomator    return self.find_element(by=By.ANDROID_UIAUTOMATOR, value=uia_string)  File \"C:\\Python27\\lib\\site-packages\\appium\\webdriver\\webdriver.py\", line 219, in find_element    'value': value})['value']  File \"C:\\Python27\\lib\\site-packages\\selenium\\webdriver\\remote\\webdriver.py\", line 321, in execute    self.error_handler.check_response(response)  File \"C:\\Python27\\lib\\site-packages\\appium\\webdriver\\errorhandler.py\", line 29, in check_response    raise wdeNoSuchElementException: Message: An element could not be located on the page using the given search parameters."},{"firstjacocotime":5.0039997,"tagname":"4_016","firstexecutionsuccess":true,"firsttestcasepath":"\\testcase\\firstcases\\testcase4_016.py","firstconsumedtime":25.532,"firstlocpath":"\\exeresult\\firstresult\\4_016.txt","firstcoveragepath":"\\coverage\\firstcoverage\\coverage4_016.ec","firsterrorlog":null},{"firstjacocotime":5.004,"tagname":"4_017","firstexecutionsuccess":true,"firsttestcasepath":"\\testcase\\firstcases\\testcase4_017.py","firstconsumedtime":6.95,"firstlocpath":"\\exeresult\\firstresult\\4_017.txt","firstcoveragepath":"\\coverage\\firstcoverage\\coverage4_017.ec","firsterrorlog":null},{"firstjacocotime":5.005,"tagname":"4_018","firstexecutionsuccess":true,"firsttestcasepath":"\\testcase\\firstcases\\testcase4_018.py","firstconsumedtime":18.912,"firstlocpath":"\\exeresult\\firstresult\\4_018.txt","firstcoveragepath":"\\coverage\\firstcoverage\\coverage4_018.ec","firsterrorlog":null},{"firstjacocotime":5.005,"tagname":"4_019","firstexecutionsuccess":true,"firsttestcasepath":"\\testcase\\firstcases\\testcase4_019.py","firstconsumedtime":23.508,"firstlocpath":"\\exeresult\\firstresult\\4_019.txt","firstcoveragepath":"\\coverage\\firstcoverage\\coverage4_019.ec","firsterrorlog":null},{"firstjacocotime":5.0039997,"tagname":"4_010","firstexecutionsuccess":true,"firsttestcasepath":"\\testcase\\firstcases\\testcase4_010.py","firstconsumedtime":7.125,"firstlocpath":"\\exeresult\\firstresult\\4_010.txt","firstcoveragepath":"\\coverage\\firstcoverage\\coverage4_010.ec","firsterrorlog":null},{"firstjacocotime":5.003,"tagname":"4_011","firstexecutionsuccess":true,"firsttestcasepath":"\\testcase\\firstcases\\testcase4_011.py","firstconsumedtime":29.583,"firstlocpath":"\\exeresult\\firstresult\\4_011.txt","firstcoveragepath":"\\coverage\\firstcoverage\\coverage4_011.ec","firsterrorlog":null},{"firstjacocotime":5.003,"tagname":"4_012","firstexecutionsuccess":true,"firsttestcasepath":"\\testcase\\firstcases\\testcase4_012.py","firstconsumedtime":28.669,"firstlocpath":"\\exeresult\\firstresult\\4_012.txt","firstcoveragepath":"\\coverage\\firstcoverage\\coverage4_012.ec","firsterrorlog":null},{"firstjacocotime":5.0039997,"tagname":"4_013","firstexecutionsuccess":true,"firsttestcasepath":"\\testcase\\firstcases\\testcase4_013.py","firstconsumedtime":30.333,"firstlocpath":"\\exeresult\\firstresult\\4_013.txt","firstcoveragepath":"\\coverage\\firstcoverage\\coverage4_013.ec","firsterrorlog":null},{"firstjacocotime":5.0039997,"tagname":"3_006","firstexecutionsuccess":true,"firsttestcasepath":"\\testcase\\firstcases\\testcase3_006.py","firstconsumedtime":23.63,"firstlocpath":"\\exeresult\\firstresult\\3_006.txt","firstcoveragepath":"\\coverage\\firstcoverage\\coverage3_006.ec","firsterrorlog":null},{"firstjacocotime":5.005,"tagname":"3_007","firstexecutionsuccess":true,"firsttestcasepath":"\\testcase\\firstcases\\testcase3_007.py","firstconsumedtime":20.208,"firstlocpath":"\\exeresult\\firstresult\\3_007.txt","firstcoveragepath":"\\coverage\\firstcoverage\\coverage3_007.ec","firsterrorlog":null},{"firstjacocotime":5.003,"tagname":"3_004","firstexecutionsuccess":true,"firsttestcasepath":"\\testcase\\firstcases\\testcase3_004.py","firstconsumedtime":28.431,"firstlocpath":"\\exeresult\\firstresult\\3_004.txt","firstcoveragepath":"\\coverage\\firstcoverage\\coverage3_004.ec","firsterrorlog":null},{"firstjacocotime":5.003,"tagname":"3_005","firstexecutionsuccess":true,"firsttestcasepath":"\\testcase\\firstcases\\testcase3_005.py","firstconsumedtime":28.243,"firstlocpath":"\\exeresult\\firstresult\\3_005.txt","firstcoveragepath":"\\coverage\\firstcoverage\\coverage3_005.ec","firsterrorlog":null},{"firstjacocotime":5.0039997,"tagname":"3_008","firstexecutionsuccess":true,"firsttestcasepath":"\\testcase\\firstcases\\testcase3_008.py","firstconsumedtime":13.09,"firstlocpath":"\\exeresult\\firstresult\\3_008.txt","firstcoveragepath":"\\coverage\\firstcoverage\\coverage3_008.ec","firsterrorlog":null},{"firstjacocotime":5.0039997,"tagname":"3_009","firstexecutionsuccess":true,"firsttestcasepath":"\\testcase\\firstcases\\testcase3_009.py","firstconsumedtime":6.266,"firstlocpath":"\\exeresult\\firstresult\\3_009.txt","firstcoveragepath":"\\coverage\\firstcoverage\\coverage3_009.ec","firsterrorlog":null},{"firstjacocotime":5.003,"tagname":"3_002","firstexecutionsuccess":false,"firsttestcasepath":"\\testcase\\firstcases\\testcase3_002.py","firstconsumedtime":27.369,"firstlocpath":"\\exeresult\\firstresult\\3_002.txt","firstcoveragepath":"\\coverage\\firstcoverage\\coverage3_002.ec","firsterrorlog":"FAILstr(e):\t\tMessage: An element could not be located on the page using the given search parameters.repr(e):\tNoSuchElementException()Traceback (most recent call last):  File \"C:\\Users\\yifeiLu\\Documents\\TestingProjectHome\\tapandturn\\testcase\\firstcases\\testcase3_002.py\", line 206, in <module>    element = getElememtBack(driver, \"new UiSelector().text(\\\"Turn on boot\\\")\", \"new UiSelector().className(\\\"android.widget.TextView\\\").instance(13)\")  File \"C:\\Users\\yifeiLu\\Documents\\TestingProjectHome\\tapandturn\\testcase\\firstcases\\testcase3_002.py\", line 53, in getElememtBack    element = driver.find_element_by_android_uiautomator(str2)  File \"C:\\Python27\\lib\\site-packages\\appium\\webdriver\\webdriver.py\", line 327, in find_element_by_android_uiautomator    return self.find_element(by=By.ANDROID_UIAUTOMATOR, value=uia_string)  File \"C:\\Python27\\lib\\site-packages\\appium\\webdriver\\webdriver.py\", line 219, in find_element    'value': value})['value']  File \"C:\\Python27\\lib\\site-packages\\selenium\\webdriver\\remote\\webdriver.py\", line 321, in execute    self.error_handler.check_response(response)  File \"C:\\Python27\\lib\\site-packages\\appium\\webdriver\\errorhandler.py\", line 29, in check_response    raise wdeNoSuchElementException: Message: An element could not be located on the page using the given search parameters."},{"firstjacocotime":5.003,"tagname":"3_003","firstexecutionsuccess":false,"firsttestcasepath":"\\testcase\\firstcases\\testcase3_003.py","firstconsumedtime":35.768,"firstlocpath":"\\exeresult\\firstresult\\3_003.txt","firstcoveragepath":"\\coverage\\firstcoverage\\coverage3_003.ec","firsterrorlog":"FAILstr(e):\t\tMessage: An element could not be located on the page using the given search parameters.repr(e):\tNoSuchElementException()Traceback (most recent call last):  File \"C:\\Users\\yifeiLu\\Documents\\TestingProjectHome\\tapandturn\\testcase\\firstcases\\testcase3_003.py\", line 212, in <module>    element = getElememtBack(driver, \"new UiSelector().text(\\\"Permission Granted\\\")\", \"new UiSelector().className(\\\"android.widget.Button\\\")\")  File \"C:\\Users\\yifeiLu\\Documents\\TestingProjectHome\\tapandturn\\testcase\\firstcases\\testcase3_003.py\", line 53, in getElememtBack    element = driver.find_element_by_android_uiautomator(str2)  File \"C:\\Python27\\lib\\site-packages\\appium\\webdriver\\webdriver.py\", line 327, in find_element_by_android_uiautomator    return self.find_element(by=By.ANDROID_UIAUTOMATOR, value=uia_string)  File \"C:\\Python27\\lib\\site-packages\\appium\\webdriver\\webdriver.py\", line 219, in find_element    'value': value})['value']  File \"C:\\Python27\\lib\\site-packages\\selenium\\webdriver\\remote\\webdriver.py\", line 321, in execute    self.error_handler.check_response(response)  File \"C:\\Python27\\lib\\site-packages\\appium\\webdriver\\errorhandler.py\", line 29, in check_response    raise wdeNoSuchElementException: Message: An element could not be located on the page using the given search parameters."},{"firstjacocotime":5.0039997,"tagname":"3_000","firstexecutionsuccess":true,"firsttestcasepath":"\\testcase\\firstcases\\testcase3_000.py","firstconsumedtime":22.525,"firstlocpath":"\\exeresult\\firstresult\\3_000.txt","firstcoveragepath":"\\coverage\\firstcoverage\\coverage3_000.ec","firsterrorlog":null},{"firstjacocotime":5.003,"tagname":"3_001","firstexecutionsuccess":true,"firsttestcasepath":"\\testcase\\firstcases\\testcase3_001.py","firstconsumedtime":19.908,"firstlocpath":"\\exeresult\\firstresult\\3_001.txt","firstcoveragepath":"\\coverage\\firstcoverage\\coverage3_001.ec","firsterrorlog":null},{"firstjacocotime":5.003,"tagname":"4_025","firstexecutionsuccess":true,"firsttestcasepath":"\\testcase\\firstcases\\testcase4_025.py","firstconsumedtime":32.882,"firstlocpath":"\\exeresult\\firstresult\\4_025.txt","firstcoveragepath":"\\coverage\\firstcoverage\\coverage4_025.ec","firsterrorlog":null},{"firstjacocotime":5.004,"tagname":"4_026","firstexecutionsuccess":true,"firsttestcasepath":"\\testcase\\firstcases\\testcase4_026.py","firstconsumedtime":16.654,"firstlocpath":"\\exeresult\\firstresult\\4_026.txt","firstcoveragepath":"\\coverage\\firstcoverage\\coverage4_026.ec","firsterrorlog":null},{"firstjacocotime":5.004,"tagname":"4_027","firstexecutionsuccess":true,"firsttestcasepath":"\\testcase\\firstcases\\testcase4_027.py","firstconsumedtime":27.337,"firstlocpath":"\\exeresult\\firstresult\\4_027.txt","firstcoveragepath":"\\coverage\\firstcoverage\\coverage4_027.ec","firsterrorlog":null},{"firstjacocotime":5.003,"tagname":"4_028","firstexecutionsuccess":true,"firsttestcasepath":"\\testcase\\firstcases\\testcase4_028.py","firstconsumedtime":14.335,"firstlocpath":"\\exeresult\\firstresult\\4_028.txt","firstcoveragepath":"\\coverage\\firstcoverage\\coverage4_028.ec","firsterrorlog":null},{"firstjacocotime":5.004,"tagname":"4_029","firstexecutionsuccess":true,"firsttestcasepath":"\\testcase\\firstcases\\testcase4_029.py","firstconsumedtime":11.591,"firstlocpath":"\\exeresult\\firstresult\\4_029.txt","firstcoveragepath":"\\coverage\\firstcoverage\\coverage4_029.ec","firsterrorlog":null},{"firstjacocotime":5.0039997,"tagname":"8_000","firstexecutionsuccess":true,"firsttestcasepath":"\\testcase\\firstcases\\testcase8_000.py","firstconsumedtime":6.498,"firstlocpath":"\\exeresult\\firstresult\\8_000.txt","firstcoveragepath":"\\coverage\\firstcoverage\\coverage8_000.ec","firsterrorlog":null},{"firstjacocotime":5.003,"tagname":"8_002","firstexecutionsuccess":true,"firsttestcasepath":"\\testcase\\firstcases\\testcase8_002.py","firstconsumedtime":16.73,"firstlocpath":"\\exeresult\\firstresult\\8_002.txt","firstcoveragepath":"\\coverage\\firstcoverage\\coverage8_002.ec","firsterrorlog":null},{"firstjacocotime":5.0039997,"tagname":"4_020","firstexecutionsuccess":true,"firsttestcasepath":"\\testcase\\firstcases\\testcase4_020.py","firstconsumedtime":9.963,"firstlocpath":"\\exeresult\\firstresult\\4_020.txt","firstcoveragepath":"\\coverage\\firstcoverage\\coverage4_020.ec","firsterrorlog":null},{"firstjacocotime":5.003,"interestScenes":[{"branchids":"236-390","changebranchids":"236-391","interests":[{"name":"AUTO_RETURN_TO_DEFAULT","value":"1"}]}],"tagname":"8_001","firstexecutionsuccess":true,"firsttestcasepath":"\\testcase\\firstcases\\testcase8_001.py","firstconsumedtime":13.512,"firstlocpath":"\\exeresult\\firstresult\\8_001.txt","firstcoveragepath":"\\coverage\\firstcoverage\\coverage8_001.ec","firsterrorlog":null},{"firstjacocotime":5.003,"tagname":"4_021","firstexecutionsuccess":true,"firsttestcasepath":"\\testcase\\firstcases\\testcase4_021.py","firstconsumedtime":31.358,"firstlocpath":"\\exeresult\\firstresult\\4_021.txt","firstcoveragepath":"\\coverage\\firstcoverage\\coverage4_021.ec","firsterrorlog":null},{"firstjacocotime":5.0039997,"tagname":"8_004","firstexecutionsuccess":true,"firsttestcasepath":"\\testcase\\firstcases\\testcase8_004.py","firstconsumedtime":9.908,"firstlocpath":"\\exeresult\\firstresult\\8_004.txt","firstcoveragepath":"\\coverage\\firstcoverage\\coverage8_004.ec","firsterrorlog":null},{"firstjacocotime":5.0049996,"tagname":"4_022","firstexecutionsuccess":true,"firsttestcasepath":"\\testcase\\firstcases\\testcase4_022.py","firstconsumedtime":13.202,"firstlocpath":"\\exeresult\\firstresult\\4_022.txt","firstcoveragepath":"\\coverage\\firstcoverage\\coverage4_022.ec","firsterrorlog":null},{"firstjacocotime":5.0039997,"tagname":"8_003","firstexecutionsuccess":true,"firsttestcasepath":"\\testcase\\firstcases\\testcase8_003.py","firstconsumedtime":39.289,"firstlocpath":"\\exeresult\\firstresult\\8_003.txt","firstcoveragepath":"\\coverage\\firstcoverage\\coverage8_003.ec","firsterrorlog":null},{"firstjacocotime":5.004,"tagname":"4_023","firstexecutionsuccess":true,"firsttestcasepath":"\\testcase\\firstcases\\testcase4_023.py","firstconsumedtime":38.177,"firstlocpath":"\\exeresult\\firstresult\\4_023.txt","firstcoveragepath":"\\coverage\\firstcoverage\\coverage4_023.ec","firsterrorlog":null},{"firstjacocotime":5.005,"tagname":"8_006","firstexecutionsuccess":true,"firsttestcasepath":"\\testcase\\firstcases\\testcase8_006.py","firstconsumedtime":25.909,"firstlocpath":"\\exeresult\\firstresult\\8_006.txt","firstcoveragepath":"\\coverage\\firstcoverage\\coverage8_006.ec","firsterrorlog":null},{"firstjacocotime":5.006,"tagname":"4_024","firstexecutionsuccess":true,"firsttestcasepath":"\\testcase\\firstcases\\testcase4_024.py","firstconsumedtime":21.023,"firstlocpath":"\\exeresult\\firstresult\\4_024.txt","firstcoveragepath":"\\coverage\\firstcoverage\\coverage4_024.ec","firsterrorlog":null},{"firstjacocotime":5.0039997,"tagname":"8_005","firstexecutionsuccess":false,"firsttestcasepath":"\\testcase\\firstcases\\testcase8_005.py","firstconsumedtime":34.468,"firstlocpath":"\\exeresult\\firstresult\\8_005.txt","firstcoveragepath":"\\coverage\\firstcoverage\\coverage8_005.ec","firsterrorlog":"FAILstr(e):\t\tMessage: An element could not be located on the page using the given search parameters.repr(e):\tNoSuchElementException()Traceback (most recent call last):  File \"C:\\Users\\yifeiLu\\Documents\\TestingProjectHome\\tapandturn\\testcase\\firstcases\\testcase8_005.py\", line 208, in <module>    element = getElememtBack(driver, \"new UiSelector().text(\\\"Turn on boot\\\")\", \"new UiSelector().className(\\\"android.widget.TextView\\\").instance(13)\")  File \"C:\\Users\\yifeiLu\\Documents\\TestingProjectHome\\tapandturn\\testcase\\firstcases\\testcase8_005.py\", line 53, in getElememtBack    element = driver.find_element_by_android_uiautomator(str2)  File \"C:\\Python27\\lib\\site-packages\\appium\\webdriver\\webdriver.py\", line 327, in find_element_by_android_uiautomator    return self.find_element(by=By.ANDROID_UIAUTOMATOR, value=uia_string)  File \"C:\\Python27\\lib\\site-packages\\appium\\webdriver\\webdriver.py\", line 219, in find_element    'value': value})['value']  File \"C:\\Python27\\lib\\site-packages\\selenium\\webdriver\\remote\\webdriver.py\", line 321, in execute    self.error_handler.check_response(response)  File \"C:\\Python27\\lib\\site-packages\\appium\\webdriver\\errorhandler.py\", line 29, in check_response    raise wdeNoSuchElementException: Message: An element could not be located on the page using the given search parameters."},{"firstjacocotime":5.003,"tagname":"8_008","firstexecutionsuccess":true,"firsttestcasepath":"\\testcase\\firstcases\\testcase8_008.py","firstconsumedtime":17.795,"firstlocpath":"\\exeresult\\firstresult\\8_008.txt","firstcoveragepath":"\\coverage\\firstcoverage\\coverage8_008.ec","firsterrorlog":null},{"firstjacocotime":5.0039997,"tagname":"8_007","firstexecutionsuccess":true,"firsttestcasepath":"\\testcase\\firstcases\\testcase8_007.py","firstconsumedtime":30.514,"firstlocpath":"\\exeresult\\firstresult\\8_007.txt","firstcoveragepath":"\\coverage\\firstcoverage\\coverage8_007.ec","firsterrorlog":null},{"firstjacocotime":5.0039997,"tagname":"8_009","firstexecutionsuccess":true,"firsttestcasepath":"\\testcase\\firstcases\\testcase8_009.py","firstconsumedtime":27.777,"firstlocpath":"\\exeresult\\firstresult\\8_009.txt","firstcoveragepath":"\\coverage\\firstcoverage\\coverage8_009.ec","firsterrorlog":null},{"firstjacocotime":5.003,"tagname":"7_008","firstexecutionsuccess":true,"firsttestcasepath":"\\testcase\\firstcases\\testcase7_008.py","firstconsumedtime":29.842,"firstlocpath":"\\exeresult\\firstresult\\7_008.txt","firstcoveragepath":"\\coverage\\firstcoverage\\coverage7_008.ec","firsterrorlog":null},{"firstjacocotime":5.003,"tagname":"7_009","firstexecutionsuccess":true,"firsttestcasepath":"\\testcase\\firstcases\\testcase7_009.py","firstconsumedtime":18.658,"firstlocpath":"\\exeresult\\firstresult\\7_009.txt","firstcoveragepath":"\\coverage\\firstcoverage\\coverage7_009.ec","firsterrorlog":null},{"firstjacocotime":5.007,"tagname":"7_002","firstexecutionsuccess":true,"firsttestcasepath":"\\testcase\\firstcases\\testcase7_002.py","firstconsumedtime":18.795,"firstlocpath":"\\exeresult\\firstresult\\7_002.txt","firstcoveragepath":"\\coverage\\firstcoverage\\coverage7_002.ec","firsterrorlog":null},{"firstjacocotime":5.003,"tagname":"7_003","firstexecutionsuccess":true,"firsttestcasepath":"\\testcase\\firstcases\\testcase7_003.py","firstconsumedtime":48.012,"firstlocpath":"\\exeresult\\firstresult\\7_003.txt","firstcoveragepath":"\\coverage\\firstcoverage\\coverage7_003.ec","firsterrorlog":null},{"firstjacocotime":5.004,"tagname":"7_000","firstexecutionsuccess":true,"firsttestcasepath":"\\testcase\\firstcases\\testcase7_000.py","firstconsumedtime":35.729,"firstlocpath":"\\exeresult\\firstresult\\7_000.txt","firstcoveragepath":"\\coverage\\firstcoverage\\coverage7_000.ec","firsterrorlog":null},{"firstjacocotime":5.0039997,"tagname":"7_001","firstexecutionsuccess":true,"firsttestcasepath":"\\testcase\\firstcases\\testcase7_001.py","firstconsumedtime":13.398,"firstlocpath":"\\exeresult\\firstresult\\7_001.txt","firstcoveragepath":"\\coverage\\firstcoverage\\coverage7_001.ec","firsterrorlog":null},{"firstjacocotime":5.0049996,"tagname":"7_006","firstexecutionsuccess":true,"firsttestcasepath":"\\testcase\\firstcases\\testcase7_006.py","firstconsumedtime":18.377,"firstlocpath":"\\exeresult\\firstresult\\7_006.txt","firstcoveragepath":"\\coverage\\firstcoverage\\coverage7_006.ec","firsterrorlog":null},{"firstjacocotime":5.003,"tagname":"7_007","firstexecutionsuccess":true,"firsttestcasepath":"\\testcase\\firstcases\\testcase7_007.py","firstconsumedtime":30.282,"firstlocpath":"\\exeresult\\firstresult\\7_007.txt","firstcoveragepath":"\\coverage\\firstcoverage\\coverage7_007.ec","firsterrorlog":null},{"firstjacocotime":5.003,"tagname":"7_004","firstexecutionsuccess":false,"firsttestcasepath":"\\testcase\\firstcases\\testcase7_004.py","firstconsumedtime":29.609,"firstlocpath":"\\exeresult\\firstresult\\7_004.txt","firstcoveragepath":"\\coverage\\firstcoverage\\coverage7_004.ec","firsterrorlog":"FAILstr(e):\t\tMessage: An element could not be located on the page using the given search parameters.repr(e):\tNoSuchElementException()Traceback (most recent call last):  File \"C:\\Users\\yifeiLu\\Documents\\TestingProjectHome\\tapandturn\\testcase\\firstcases\\testcase7_004.py\", line 208, in <module>    element = getElememtBack(driver, \"new UiSelector().text(\\\"Automatically start on boot\\\")\", \"new UiSelector().className(\\\"android.widget.TextView\\\").instance(12)\")  File \"C:\\Users\\yifeiLu\\Documents\\TestingProjectHome\\tapandturn\\testcase\\firstcases\\testcase7_004.py\", line 53, in getElememtBack    element = driver.find_element_by_android_uiautomator(str2)  File \"C:\\Python27\\lib\\site-packages\\appium\\webdriver\\webdriver.py\", line 327, in find_element_by_android_uiautomator    return self.find_element(by=By.ANDROID_UIAUTOMATOR, value=uia_string)  File \"C:\\Python27\\lib\\site-packages\\appium\\webdriver\\webdriver.py\", line 219, in find_element    'value': value})['value']  File \"C:\\Python27\\lib\\site-packages\\selenium\\webdriver\\remote\\webdriver.py\", line 321, in execute    self.error_handler.check_response(response)  File \"C:\\Python27\\lib\\site-packages\\appium\\webdriver\\errorhandler.py\", line 29, in check_response    raise wdeNoSuchElementException: Message: An element could not be located on the page using the given search parameters."},{"firstjacocotime":5.0039997,"tagname":"7_005","firstexecutionsuccess":false,"firsttestcasepath":"\\testcase\\firstcases\\testcase7_005.py","firstconsumedtime":43.595,"firstlocpath":"\\exeresult\\firstresult\\7_005.txt","firstcoveragepath":"\\coverage\\firstcoverage\\coverage7_005.ec","firsterrorlog":"FAILstr(e):\t\tMessage: An element could not be located on the page using the given search parameters.repr(e):\tNoSuchElementException()Traceback (most recent call last):  File \"C:\\Users\\yifeiLu\\Documents\\TestingProjectHome\\tapandturn\\testcase\\firstcases\\testcase7_005.py\", line 211, in <module>    element = getElememt(driver, \"new UiSelector().resourceId(\\\"com.gabm.tapandturn:id\/cpv_hex\\\").className(\\\"android.widget.EditText\\\")\")  File \"C:\\Users\\yifeiLu\\Documents\\TestingProjectHome\\tapandturn\\testcase\\firstcases\\testcase7_005.py\", line 34, in getElememt    element = driver.find_element_by_android_uiautomator(str)  File \"C:\\Python27\\lib\\site-packages\\appium\\webdriver\\webdriver.py\", line 327, in find_element_by_android_uiautomator    return self.find_element(by=By.ANDROID_UIAUTOMATOR, value=uia_string)  File \"C:\\Python27\\lib\\site-packages\\appium\\webdriver\\webdriver.py\", line 219, in find_element    'value': value})['value']  File \"C:\\Python27\\lib\\site-packages\\selenium\\webdriver\\remote\\webdriver.py\", line 321, in execute    self.error_handler.check_response(response)  File \"C:\\Python27\\lib\\site-packages\\appium\\webdriver\\errorhandler.py\", line 29, in check_response    raise wdeNoSuchElementException: Message: An element could not be located on the page using the given search parameters."},{"firstjacocotime":5.003,"tagname":"7_020","firstexecutionsuccess":false,"firsttestcasepath":"\\testcase\\firstcases\\testcase7_020.py","firstconsumedtime":33.521,"firstlocpath":"\\exeresult\\firstresult\\7_020.txt","firstcoveragepath":"\\coverage\\firstcoverage\\coverage7_020.ec","firsterrorlog":"FAILstr(e):\t\tMessage: An element could not be located on the page using the given search parameters.repr(e):\tNoSuchElementException()Traceback (most recent call last):  File \"C:\\Users\\yifeiLu\\Documents\\TestingProjectHome\\tapandturn\\testcase\\firstcases\\testcase7_020.py\", line 212, in <module>    element = getElememtBack(driver, \"new UiSelector().text(\\\"Turn on boot\\\")\", \"new UiSelector().className(\\\"android.widget.TextView\\\").instance(13)\")  File \"C:\\Users\\yifeiLu\\Documents\\TestingProjectHome\\tapandturn\\testcase\\firstcases\\testcase7_020.py\", line 53, in getElememtBack    element = driver.find_element_by_android_uiautomator(str2)  File \"C:\\Python27\\lib\\site-packages\\appium\\webdriver\\webdriver.py\", line 327, in find_element_by_android_uiautomator    return self.find_element(by=By.ANDROID_UIAUTOMATOR, value=uia_string)  File \"C:\\Python27\\lib\\site-packages\\appium\\webdriver\\webdriver.py\", line 219, in find_element    'value': value})['value']  File \"C:\\Python27\\lib\\site-packages\\selenium\\webdriver\\remote\\webdriver.py\", line 321, in execute    self.error_handler.check_response(response)  File \"C:\\Python27\\lib\\site-packages\\appium\\webdriver\\errorhandler.py\", line 29, in check_response    raise wdeNoSuchElementException: Message: An element could not be located on the page using the given search parameters."},{"firstjacocotime":5.003,"tagname":"7_021","firstexecutionsuccess":true,"firsttestcasepath":"\\testcase\\firstcases\\testcase7_021.py","firstconsumedtime":26.907,"firstlocpath":"\\exeresult\\firstresult\\7_021.txt","firstcoveragepath":"\\coverage\\firstcoverage\\coverage7_021.ec","firsterrorlog":null},{"firstjacocotime":5.004,"tagname":"7_024","firstexecutionsuccess":true,"firsttestcasepath":"\\testcase\\firstcases\\testcase7_024.py","firstconsumedtime":33.785,"firstlocpath":"\\exeresult\\firstresult\\7_024.txt","firstcoveragepath":"\\coverage\\firstcoverage\\coverage7_024.ec","firsterrorlog":null},{"firstjacocotime":5.0049996,"tagname":"7_025","firstexecutionsuccess":true,"firsttestcasepath":"\\testcase\\firstcases\\testcase7_025.py","firstconsumedtime":13.076,"firstlocpath":"\\exeresult\\firstresult\\7_025.txt","firstcoveragepath":"\\coverage\\firstcoverage\\coverage7_025.ec","firsterrorlog":null},{"firstjacocotime":5.003,"tagname":"7_022","firstexecutionsuccess":true,"firsttestcasepath":"\\testcase\\firstcases\\testcase7_022.py","firstconsumedtime":11.507999,"firstlocpath":"\\exeresult\\firstresult\\7_022.txt","firstcoveragepath":"\\coverage\\firstcoverage\\coverage7_022.ec","firsterrorlog":null},{"firstjacocotime":5.0309997,"tagname":"7_023","firstexecutionsuccess":false,"firsttestcasepath":"\\testcase\\firstcases\\testcase7_023.py","firstconsumedtime":22.584,"firstlocpath":"\\exeresult\\firstresult\\7_023.txt","firstcoveragepath":"\\coverage\\firstcoverage\\coverage7_023.ec","firsterrorlog":"FAILstr(e):\t\tMessage: An element could not be located on the page using the given search parameters.repr(e):\tNoSuchElementException()Traceback (most recent call last):  File \"C:\\Users\\yifeiLu\\Documents\\TestingProjectHome\\tapandturn\\testcase\\firstcases\\testcase7_023.py\", line 203, in <module>    element = getElememtBack(driver, \"new UiSelector().text(\\\"Automatically start on boot\\\")\", \"new UiSelector().className(\\\"android.widget.TextView\\\").instance(12)\")  File \"C:\\Users\\yifeiLu\\Documents\\TestingProjectHome\\tapandturn\\testcase\\firstcases\\testcase7_023.py\", line 53, in getElememtBack    element = driver.find_element_by_android_uiautomator(str2)  File \"C:\\Python27\\lib\\site-packages\\appium\\webdriver\\webdriver.py\", line 327, in find_element_by_android_uiautomator    return self.find_element(by=By.ANDROID_UIAUTOMATOR, value=uia_string)  File \"C:\\Python27\\lib\\site-packages\\appium\\webdriver\\webdriver.py\", line 219, in find_element    'value': value})['value']  File \"C:\\Python27\\lib\\site-packages\\selenium\\webdriver\\remote\\webdriver.py\", line 321, in execute    self.error_handler.check_response(response)  File \"C:\\Python27\\lib\\site-packages\\appium\\webdriver\\errorhandler.py\", line 29, in check_response    raise wdeNoSuchElementException: Message: An element could not be located on the page using the given search parameters."},{"firstjacocotime":5.006,"tagname":"7_028","firstexecutionsuccess":true,"firsttestcasepath":"\\testcase\\firstcases\\testcase7_028.py","firstconsumedtime":9.8,"firstlocpath":"\\exeresult\\firstresult\\7_028.txt","firstcoveragepath":"\\coverage\\firstcoverage\\coverage7_028.ec","firsterrorlog":null},{"firstjacocotime":5.0039997,"tagname":"7_029","firstexecutionsuccess":true,"firsttestcasepath":"\\testcase\\firstcases\\testcase7_029.py","firstconsumedtime":32.444,"firstlocpath":"\\exeresult\\firstresult\\7_029.txt","firstcoveragepath":"\\coverage\\firstcoverage\\coverage7_029.ec","firsterrorlog":null},{"firstjacocotime":5.003,"tagname":"7_026","firstexecutionsuccess":true,"firsttestcasepath":"\\testcase\\firstcases\\testcase7_026.py","firstconsumedtime":45.398,"firstlocpath":"\\exeresult\\firstresult\\7_026.txt","firstcoveragepath":"\\coverage\\firstcoverage\\coverage7_026.ec","firsterrorlog":null},{"firstjacocotime":5.0039997,"tagname":"7_027","firstexecutionsuccess":false,"firsttestcasepath":"\\testcase\\firstcases\\testcase7_027.py","firstconsumedtime":21.656,"firstlocpath":"\\exeresult\\firstresult\\7_027.txt","firstcoveragepath":"\\coverage\\firstcoverage\\coverage7_027.ec","firsterrorlog":"FAILstr(e):\t\tMessage: An element could not be located on the page using the given search parameters.repr(e):\tNoSuchElementException()Traceback (most recent call last):  File \"C:\\Users\\yifeiLu\\Documents\\TestingProjectHome\\tapandturn\\testcase\\firstcases\\testcase7_027.py\", line 206, in <module>    element = getElememtBack(driver, \"new UiSelector().text(\\\"Turn on boot\\\")\", \"new UiSelector().className(\\\"android.widget.TextView\\\").instance(13)\")  File \"C:\\Users\\yifeiLu\\Documents\\TestingProjectHome\\tapandturn\\testcase\\firstcases\\testcase7_027.py\", line 53, in getElememtBack    element = driver.find_element_by_android_uiautomator(str2)  File \"C:\\Python27\\lib\\site-packages\\appium\\webdriver\\webdriver.py\", line 327, in find_element_by_android_uiautomator    return self.find_element(by=By.ANDROID_UIAUTOMATOR, value=uia_string)  File \"C:\\Python27\\lib\\site-packages\\appium\\webdriver\\webdriver.py\", line 219, in find_element    'value': value})['value']  File \"C:\\Python27\\lib\\site-packages\\selenium\\webdriver\\remote\\webdriver.py\", line 321, in execute    self.error_handler.check_response(response)  File \"C:\\Python27\\lib\\site-packages\\appium\\webdriver\\errorhandler.py\", line 29, in check_response    raise wdeNoSuchElementException: Message: An element could not be located on the page using the given search parameters."},{"firstjacocotime":5.003,"tagname":"7_019","firstexecutionsuccess":true,"firsttestcasepath":"\\testcase\\firstcases\\testcase7_019.py","firstconsumedtime":29.484,"firstlocpath":"\\exeresult\\firstresult\\7_019.txt","firstcoveragepath":"\\coverage\\firstcoverage\\coverage7_019.ec","firsterrorlog":null},{"firstjacocotime":5.003,"tagname":"7_010","firstexecutionsuccess":true,"firsttestcasepath":"\\testcase\\firstcases\\testcase7_010.py","firstconsumedtime":28.418,"firstlocpath":"\\exeresult\\firstresult\\7_010.txt","firstcoveragepath":"\\coverage\\firstcoverage\\coverage7_010.ec","firsterrorlog":null},{"firstjacocotime":5.003,"tagname":"7_013","firstexecutionsuccess":true,"firsttestcasepath":"\\testcase\\firstcases\\testcase7_013.py","firstconsumedtime":30.382,"firstlocpath":"\\exeresult\\firstresult\\7_013.txt","firstcoveragepath":"\\coverage\\firstcoverage\\coverage7_013.ec","firsterrorlog":null},{"firstjacocotime":5.003,"tagname":"7_014","firstexecutionsuccess":false,"firsttestcasepath":"\\testcase\\firstcases\\testcase7_014.py","firstconsumedtime":26.476,"firstlocpath":"\\exeresult\\firstresult\\7_014.txt","firstcoveragepath":"\\coverage\\firstcoverage\\coverage7_014.ec","firsterrorlog":"FAILstr(e):\t\tMessage: An element could not be located on the page using the given search parameters.repr(e):\tNoSuchElementException()Traceback (most recent call last):  File \"C:\\Users\\yifeiLu\\Documents\\TestingProjectHome\\tapandturn\\testcase\\firstcases\\testcase7_014.py\", line 208, in <module>    element = getElememt(driver, \"new UiSelector().resourceId(\\\"com.gabm.tapandturn:id\/cpv_hex\\\").className(\\\"android.widget.EditText\\\")\")  File \"C:\\Users\\yifeiLu\\Documents\\TestingProjectHome\\tapandturn\\testcase\\firstcases\\testcase7_014.py\", line 34, in getElememt    element = driver.find_element_by_android_uiautomator(str)  File \"C:\\Python27\\lib\\site-packages\\appium\\webdriver\\webdriver.py\", line 327, in find_element_by_android_uiautomator    return self.find_element(by=By.ANDROID_UIAUTOMATOR, value=uia_string)  File \"C:\\Python27\\lib\\site-packages\\appium\\webdriver\\webdriver.py\", line 219, in find_element    'value': value})['value']  File \"C:\\Python27\\lib\\site-packages\\selenium\\webdriver\\remote\\webdriver.py\", line 321, in execute    self.error_handler.check_response(response)  File \"C:\\Python27\\lib\\site-packages\\appium\\webdriver\\errorhandler.py\", line 29, in check_response    raise wdeNoSuchElementException: Message: An element could not be located on the page using the given search parameters."},{"firstjacocotime":5.003,"tagname":"7_011","firstexecutionsuccess":true,"firsttestcasepath":"\\testcase\\firstcases\\testcase7_011.py","firstconsumedtime":24.177,"firstlocpath":"\\exeresult\\firstresult\\7_011.txt","firstcoveragepath":"\\coverage\\firstcoverage\\coverage7_011.ec","firsterrorlog":null},{"firstjacocotime":5.003,"tagname":"7_012","firstexecutionsuccess":false,"firsttestcasepath":"\\testcase\\firstcases\\testcase7_012.py","firstconsumedtime":32.411,"firstlocpath":"\\exeresult\\firstresult\\7_012.txt","firstcoveragepath":"\\coverage\\firstcoverage\\coverage7_012.ec","firsterrorlog":"FAILstr(e):\t\tMessage: An element could not be located on the page using the given search parameters.repr(e):\tNoSuchElementException()Traceback (most recent call last):  File \"C:\\Users\\yifeiLu\\Documents\\TestingProjectHome\\tapandturn\\testcase\\firstcases\\testcase7_012.py\", line 208, in <module>    element = getElememtBack(driver, \"new UiSelector().text(\\\"Turn on boot\\\")\", \"new UiSelector().className(\\\"android.widget.TextView\\\").instance(13)\")  File \"C:\\Users\\yifeiLu\\Documents\\TestingProjectHome\\tapandturn\\testcase\\firstcases\\testcase7_012.py\", line 53, in getElememtBack    element = driver.find_element_by_android_uiautomator(str2)  File \"C:\\Python27\\lib\\site-packages\\appium\\webdriver\\webdriver.py\", line 327, in find_element_by_android_uiautomator    return self.find_element(by=By.ANDROID_UIAUTOMATOR, value=uia_string)  File \"C:\\Python27\\lib\\site-packages\\appium\\webdriver\\webdriver.py\", line 219, in find_element    'value': value})['value']  File \"C:\\Python27\\lib\\site-packages\\selenium\\webdriver\\remote\\webdriver.py\", line 321, in execute    self.error_handler.check_response(response)  File \"C:\\Python27\\lib\\site-packages\\appium\\webdriver\\errorhandler.py\", line 29, in check_response    raise wdeNoSuchElementException: Message: An element could not be located on the page using the given search parameters."},{"firstjacocotime":5.003,"tagname":"7_017","firstexecutionsuccess":true,"firsttestcasepath":"\\testcase\\firstcases\\testcase7_017.py","firstconsumedtime":12.497,"firstlocpath":"\\exeresult\\firstresult\\7_017.txt","firstcoveragepath":"\\coverage\\firstcoverage\\coverage7_017.ec","firsterrorlog":null},{"firstjacocotime":5.004,"tagname":"7_018","firstexecutionsuccess":true,"firsttestcasepath":"\\testcase\\firstcases\\testcase7_018.py","firstconsumedtime":27.896,"firstlocpath":"\\exeresult\\firstresult\\7_018.txt","firstcoveragepath":"\\coverage\\firstcoverage\\coverage7_018.ec","firsterrorlog":null},{"firstjacocotime":5.002,"tagname":"7_015","firstexecutionsuccess":true,"firsttestcasepath":"\\testcase\\firstcases\\testcase7_015.py","firstconsumedtime":31.331,"firstlocpath":"\\exeresult\\firstresult\\7_015.txt","firstcoveragepath":"\\coverage\\firstcoverage\\coverage7_015.ec","firsterrorlog":null},{"firstjacocotime":5.004,"tagname":"7_016","firstexecutionsuccess":true,"firsttestcasepath":"\\testcase\\firstcases\\testcase7_016.py","firstconsumedtime":21.408,"firstlocpath":"\\exeresult\\firstresult\\7_016.txt","firstcoveragepath":"\\coverage\\firstcoverage\\coverage7_016.ec","firsterrorlog":null},{"firstjacocotime":5.004,"tagname":"6_000","firstexecutionsuccess":true,"firsttestcasepath":"\\testcase\\firstcases\\testcase6_000.py","firstconsumedtime":16.2,"firstlocpath":"\\exeresult\\firstresult\\6_000.txt","firstcoveragepath":"\\coverage\\firstcoverage\\coverage6_000.ec","firsterrorlog":null},{"firstjacocotime":5.003,"tagname":"6_005","firstexecutionsuccess":true,"firsttestcasepath":"\\testcase\\firstcases\\testcase6_005.py","firstconsumedtime":23.103,"firstlocpath":"\\exeresult\\firstresult\\6_005.txt","firstcoveragepath":"\\coverage\\firstcoverage\\coverage6_005.ec","firsterrorlog":null},{"firstjacocotime":5.002,"tagname":"6_006","firstexecutionsuccess":false,"firsttestcasepath":"\\testcase\\firstcases\\testcase6_006.py","firstconsumedtime":36.479,"firstlocpath":"\\exeresult\\firstresult\\6_006.txt","firstcoveragepath":"\\coverage\\firstcoverage\\coverage6_006.ec","firsterrorlog":"FAILstr(e):\t\tMessage: An element could not be located on the page using the given search parameters.repr(e):\tNoSuchElementException()Traceback (most recent call last):  File \"C:\\Users\\yifeiLu\\Documents\\TestingProjectHome\\tapandturn\\testcase\\firstcases\\testcase6_006.py\", line 210, in <module>    element = getElememtBack(driver, \"new UiSelector().text(\\\"Automatically start on boot\\\")\", \"new UiSelector().className(\\\"android.widget.TextView\\\").instance(12)\")  File \"C:\\Users\\yifeiLu\\Documents\\TestingProjectHome\\tapandturn\\testcase\\firstcases\\testcase6_006.py\", line 53, in getElememtBack    element = driver.find_element_by_android_uiautomator(str2)  File \"C:\\Python27\\lib\\site-packages\\appium\\webdriver\\webdriver.py\", line 327, in find_element_by_android_uiautomator    return self.find_element(by=By.ANDROID_UIAUTOMATOR, value=uia_string)  File \"C:\\Python27\\lib\\site-packages\\appium\\webdriver\\webdriver.py\", line 219, in find_element    'value': value})['value']  File \"C:\\Python27\\lib\\site-packages\\selenium\\webdriver\\remote\\webdriver.py\", line 321, in execute    self.error_handler.check_response(response)  File \"C:\\Python27\\lib\\site-packages\\appium\\webdriver\\errorhandler.py\", line 29, in check_response    raise wdeNoSuchElementException: Message: An element could not be located on the page using the given search parameters."},{"firstjacocotime":5.005,"tagname":"6_007","firstexecutionsuccess":false,"firsttestcasepath":"\\testcase\\firstcases\\testcase6_007.py","firstconsumedtime":19.106,"firstlocpath":"\\exeresult\\firstresult\\6_007.txt","firstcoveragepath":"\\coverage\\firstcoverage\\coverage6_007.ec","firsterrorlog":"FAILstr(e):\t\tMessage: An element could not be located on the page using the given search parameters.repr(e):\tNoSuchElementException()Traceback (most recent call last):  File \"C:\\Users\\yifeiLu\\Documents\\TestingProjectHome\\tapandturn\\testcase\\firstcases\\testcase6_007.py\", line 203, in <module>    element = getElememtBack(driver, \"new UiSelector().text(\\\"Permission Granted\\\")\", \"new UiSelector().className(\\\"android.widget.Button\\\")\")  File \"C:\\Users\\yifeiLu\\Documents\\TestingProjectHome\\tapandturn\\testcase\\firstcases\\testcase6_007.py\", line 53, in getElememtBack    element = driver.find_element_by_android_uiautomator(str2)  File \"C:\\Python27\\lib\\site-packages\\appium\\webdriver\\webdriver.py\", line 327, in find_element_by_android_uiautomator    return self.find_element(by=By.ANDROID_UIAUTOMATOR, value=uia_string)  File \"C:\\Python27\\lib\\site-packages\\appium\\webdriver\\webdriver.py\", line 219, in find_element    'value': value})['value']  File \"C:\\Python27\\lib\\site-packages\\selenium\\webdriver\\remote\\webdriver.py\", line 321, in execute    self.error_handler.check_response(response)  File \"C:\\Python27\\lib\\site-packages\\appium\\webdriver\\errorhandler.py\", line 29, in check_response    raise wdeNoSuchElementException: Message: An element could not be located on the page using the given search parameters."},{"firstjacocotime":5.003,"tagname":"6_008","firstexecutionsuccess":true,"firsttestcasepath":"\\testcase\\firstcases\\testcase6_008.py","firstconsumedtime":36.82,"firstlocpath":"\\exeresult\\firstresult\\6_008.txt","firstcoveragepath":"\\coverage\\firstcoverage\\coverage6_008.ec","firsterrorlog":null},{"firstjacocotime":5.003,"tagname":"6_001","firstexecutionsuccess":false,"firsttestcasepath":"\\testcase\\firstcases\\testcase6_001.py","firstconsumedtime":22.14,"firstlocpath":"\\exeresult\\firstresult\\6_001.txt","firstcoveragepath":"\\coverage\\firstcoverage\\coverage6_001.ec","firsterrorlog":"FAILstr(e):\t\tMessage: An element could not be located on the page using the given search parameters.repr(e):\tNoSuchElementException()Traceback (most recent call last):  File \"C:\\Users\\yifeiLu\\Documents\\TestingProjectHome\\tapandturn\\testcase\\firstcases\\testcase6_001.py\", line 205, in <module>    element = getElememt(driver, \"new UiSelector().resourceId(\\\"com.gabm.tapandturn:id\/cpv_hex\\\").className(\\\"android.widget.EditText\\\")\")  File \"C:\\Users\\yifeiLu\\Documents\\TestingProjectHome\\tapandturn\\testcase\\firstcases\\testcase6_001.py\", line 34, in getElememt    element = driver.find_element_by_android_uiautomator(str)  File \"C:\\Python27\\lib\\site-packages\\appium\\webdriver\\webdriver.py\", line 327, in find_element_by_android_uiautomator    return self.find_element(by=By.ANDROID_UIAUTOMATOR, value=uia_string)  File \"C:\\Python27\\lib\\site-packages\\appium\\webdriver\\webdriver.py\", line 219, in find_element    'value': value})['value']  File \"C:\\Python27\\lib\\site-packages\\selenium\\webdriver\\remote\\webdriver.py\", line 321, in execute    self.error_handler.check_response(response)  File \"C:\\Python27\\lib\\site-packages\\appium\\webdriver\\errorhandler.py\", line 29, in check_response    raise wdeNoSuchElementException: Message: An element could not be located on the page using the given search parameters."},{"firstjacocotime":5.0039997,"tagname":"6_002","firstexecutionsuccess":false,"firsttestcasepath":"\\testcase\\firstcases\\testcase6_002.py","firstconsumedtime":43.374,"firstlocpath":"\\exeresult\\firstresult\\6_002.txt","firstcoveragepath":"\\coverage\\firstcoverage\\coverage6_002.ec","firsterrorlog":"FAILstr(e):\t\tMessage: An element could not be located on the page using the given search parameters.repr(e):\tNoSuchElementException()Traceback (most recent call last):  File \"C:\\Users\\yifeiLu\\Documents\\TestingProjectHome\\tapandturn\\testcase\\firstcases\\testcase6_002.py\", line 209, in <module>    element = getElememtBack(driver, \"new UiSelector().text(\\\"Automatically start on boot\\\")\", \"new UiSelector().className(\\\"android.widget.TextView\\\").instance(12)\")  File \"C:\\Users\\yifeiLu\\Documents\\TestingProjectHome\\tapandturn\\testcase\\firstcases\\testcase6_002.py\", line 53, in getElememtBack    element = driver.find_element_by_android_uiautomator(str2)  File \"C:\\Python27\\lib\\site-packages\\appium\\webdriver\\webdriver.py\", line 327, in find_element_by_android_uiautomator    return self.find_element(by=By.ANDROID_UIAUTOMATOR, value=uia_string)  File \"C:\\Python27\\lib\\site-packages\\appium\\webdriver\\webdriver.py\", line 219, in find_element    'value': value})['value']  File \"C:\\Python27\\lib\\site-packages\\selenium\\webdriver\\remote\\webdriver.py\", line 321, in execute    self.error_handler.check_response(response)  File \"C:\\Python27\\lib\\site-packages\\appium\\webdriver\\errorhandler.py\", line 29, in check_response    raise wdeNoSuchElementException: Message: An element could not be located on the page using the given search parameters."},{"firstjacocotime":5.0039997,"tagname":"6_003","firstexecutionsuccess":false,"firsttestcasepath":"\\testcase\\firstcases\\testcase6_003.py","firstconsumedtime":28.879,"firstlocpath":"\\exeresult\\firstresult\\6_003.txt","firstcoveragepath":"\\coverage\\firstcoverage\\coverage6_003.ec","firsterrorlog":"FAILstr(e):\t\tMessage: An element could not be located on the page using the given search parameters.repr(e):\tNoSuchElementException()Traceback (most recent call last):  File \"C:\\Users\\yifeiLu\\Documents\\TestingProjectHome\\tapandturn\\testcase\\firstcases\\testcase6_003.py\", line 207, in <module>    element = getElememtBack(driver, \"new UiSelector().text(\\\"Icon Timeout\\\")\", \"new UiSelector().className(\\\"android.widget.TextView\\\").instance(9)\")  File \"C:\\Users\\yifeiLu\\Documents\\TestingProjectHome\\tapandturn\\testcase\\firstcases\\testcase6_003.py\", line 53, in getElememtBack    element = driver.find_element_by_android_uiautomator(str2)  File \"C:\\Python27\\lib\\site-packages\\appium\\webdriver\\webdriver.py\", line 327, in find_element_by_android_uiautomator    return self.find_element(by=By.ANDROID_UIAUTOMATOR, value=uia_string)  File \"C:\\Python27\\lib\\site-packages\\appium\\webdriver\\webdriver.py\", line 219, in find_element    'value': value})['value']  File \"C:\\Python27\\lib\\site-packages\\selenium\\webdriver\\remote\\webdriver.py\", line 321, in execute    self.error_handler.check_response(response)  File \"C:\\Python27\\lib\\site-packages\\appium\\webdriver\\errorhandler.py\", line 29, in check_response    raise wdeNoSuchElementException: Message: An element could not be located on the page using the given search parameters."},{"firstjacocotime":5.005,"tagname":"6_004","firstexecutionsuccess":true,"firsttestcasepath":"\\testcase\\firstcases\\testcase6_004.py","firstconsumedtime":9.669,"firstlocpath":"\\exeresult\\firstresult\\6_004.txt","firstcoveragepath":"\\coverage\\firstcoverage\\coverage6_004.ec","firsterrorlog":null},{"firstjacocotime":5.004,"tagname":"1_019","firstexecutionsuccess":true,"firsttestcasepath":"\\testcase\\firstcases\\testcase1_019.py","firstconsumedtime":6.593,"firstlocpath":"\\exeresult\\firstresult\\1_019.txt","firstcoveragepath":"\\coverage\\firstcoverage\\coverage1_019.ec","firsterrorlog":null},{"firstjacocotime":5.003,"tagname":"6_009","firstexecutionsuccess":true,"firsttestcasepath":"\\testcase\\firstcases\\testcase6_009.py","firstconsumedtime":27.046,"firstlocpath":"\\exeresult\\firstresult\\6_009.txt","firstcoveragepath":"\\coverage\\firstcoverage\\coverage6_009.ec","firsterrorlog":null},{"firstjacocotime":5.003,"tagname":"1_017","firstexecutionsuccess":true,"firsttestcasepath":"\\testcase\\firstcases\\testcase1_017.py","firstconsumedtime":16.489,"firstlocpath":"\\exeresult\\firstresult\\1_017.txt","firstcoveragepath":"\\coverage\\firstcoverage\\coverage1_017.ec","firsterrorlog":null},{"firstjacocotime":5.006,"tagname":"1_018","firstexecutionsuccess":true,"firsttestcasepath":"\\testcase\\firstcases\\testcase1_018.py","firstconsumedtime":23.26,"firstlocpath":"\\exeresult\\firstresult\\1_018.txt","firstcoveragepath":"\\coverage\\firstcoverage\\coverage1_018.ec","firsterrorlog":null},{"firstjacocotime":5.003,"tagname":"1_015","firstexecutionsuccess":true,"firsttestcasepath":"\\testcase\\firstcases\\testcase1_015.py","firstconsumedtime":32.024,"firstlocpath":"\\exeresult\\firstresult\\1_015.txt","firstcoveragepath":"\\coverage\\firstcoverage\\coverage1_015.ec","firsterrorlog":null},{"firstjacocotime":5.003,"tagname":"1_016","firstexecutionsuccess":true,"firsttestcasepath":"\\testcase\\firstcases\\testcase1_016.py","firstconsumedtime":33.008,"firstlocpath":"\\exeresult\\firstresult\\1_016.txt","firstcoveragepath":"\\coverage\\firstcoverage\\coverage1_016.ec","firsterrorlog":null},{"firstjacocotime":5.0039997,"tagname":"1_013","firstexecutionsuccess":false,"firsttestcasepath":"\\testcase\\firstcases\\testcase1_013.py","firstconsumedtime":21.034,"firstlocpath":"\\exeresult\\firstresult\\1_013.txt","firstcoveragepath":"\\coverage\\firstcoverage\\coverage1_013.ec","firsterrorlog":"FAILstr(e):\t\tMessage: An element could not be located on the page using the given search parameters.repr(e):\tNoSuchElementException()Traceback (most recent call last):  File \"C:\\Users\\yifeiLu\\Documents\\TestingProjectHome\\tapandturn\\testcase\\firstcases\\testcase1_013.py\", line 203, in <module>    element = getElememtBack(driver, \"new UiSelector().text(\\\"Permission Granted\\\")\", \"new UiSelector().className(\\\"android.widget.Button\\\")\")  File \"C:\\Users\\yifeiLu\\Documents\\TestingProjectHome\\tapandturn\\testcase\\firstcases\\testcase1_013.py\", line 53, in getElememtBack    element = driver.find_element_by_android_uiautomator(str2)  File \"C:\\Python27\\lib\\site-packages\\appium\\webdriver\\webdriver.py\", line 327, in find_element_by_android_uiautomator    return self.find_element(by=By.ANDROID_UIAUTOMATOR, value=uia_string)  File \"C:\\Python27\\lib\\site-packages\\appium\\webdriver\\webdriver.py\", line 219, in find_element    'value': value})['value']  File \"C:\\Python27\\lib\\site-packages\\selenium\\webdriver\\remote\\webdriver.py\", line 321, in execute    self.error_handler.check_response(response)  File \"C:\\Python27\\lib\\site-packages\\appium\\webdriver\\errorhandler.py\", line 29, in check_response    raise wdeNoSuchElementException: Message: An element could not be located on the page using the given search parameters."},{"firstjacocotime":5.0039997,"tagname":"1_014","firstexecutionsuccess":true,"firsttestcasepath":"\\testcase\\firstcases\\testcase1_014.py","firstconsumedtime":39.086,"firstlocpath":"\\exeresult\\firstresult\\1_014.txt","firstcoveragepath":"\\coverage\\firstcoverage\\coverage1_014.ec","firsterrorlog":null},{"firstjacocotime":5.0039997,"tagname":"1_011","firstexecutionsuccess":true,"firsttestcasepath":"\\testcase\\firstcases\\testcase1_011.py","firstconsumedtime":16.092,"firstlocpath":"\\exeresult\\firstresult\\1_011.txt","firstcoveragepath":"\\coverage\\firstcoverage\\coverage1_011.ec","firsterrorlog":null},{"firstjacocotime":5.0039997,"tagname":"1_012","firstexecutionsuccess":true,"firsttestcasepath":"\\testcase\\firstcases\\testcase1_012.py","firstconsumedtime":6.743,"firstlocpath":"\\exeresult\\firstresult\\1_012.txt","firstcoveragepath":"\\coverage\\firstcoverage\\coverage1_012.ec","firsterrorlog":null},{"firstjacocotime":5.004,"tagname":"1_010","firstexecutionsuccess":true,"firsttestcasepath":"\\testcase\\firstcases\\testcase1_010.py","firstconsumedtime":36.02,"firstlocpath":"\\exeresult\\firstresult\\1_010.txt","firstcoveragepath":"\\coverage\\firstcoverage\\coverage1_010.ec","firsterrorlog":null},{"firstjacocotime":5.0039997,"tagname":"1_028","firstexecutionsuccess":true,"firsttestcasepath":"\\testcase\\firstcases\\testcase1_028.py","firstconsumedtime":6.734,"firstlocpath":"\\exeresult\\firstresult\\1_028.txt","firstcoveragepath":"\\coverage\\firstcoverage\\coverage1_028.ec","firsterrorlog":null},{"firstjacocotime":5.0039997,"tagname":"1_029","firstexecutionsuccess":false,"firsttestcasepath":"\\testcase\\firstcases\\testcase1_029.py","firstconsumedtime":21.0,"firstlocpath":"\\exeresult\\firstresult\\1_029.txt","firstcoveragepath":"\\coverage\\firstcoverage\\coverage1_029.ec","firsterrorlog":"FAILstr(e):\t\tMessage: An element could not be located on the page using the given search parameters.repr(e):\tNoSuchElementException()Traceback (most recent call last):  File \"C:\\Users\\yifeiLu\\Documents\\TestingProjectHome\\tapandturn\\testcase\\firstcases\\testcase1_029.py\", line 205, in <module>    element = getElememtBack(driver, \"new UiSelector().text(\\\"Automatically start on boot\\\")\", \"new UiSelector().className(\\\"android.widget.TextView\\\").instance(12)\")  File \"C:\\Users\\yifeiLu\\Documents\\TestingProjectHome\\tapandturn\\testcase\\firstcases\\testcase1_029.py\", line 53, in getElememtBack    element = driver.find_element_by_android_uiautomator(str2)  File \"C:\\Python27\\lib\\site-packages\\appium\\webdriver\\webdriver.py\", line 327, in find_element_by_android_uiautomator    return self.find_element(by=By.ANDROID_UIAUTOMATOR, value=uia_string)  File \"C:\\Python27\\lib\\site-packages\\appium\\webdriver\\webdriver.py\", line 219, in find_element    'value': value})['value']  File \"C:\\Python27\\lib\\site-packages\\selenium\\webdriver\\remote\\webdriver.py\", line 321, in execute    self.error_handler.check_response(response)  File \"C:\\Python27\\lib\\site-packages\\appium\\webdriver\\errorhandler.py\", line 29, in check_response    raise wdeNoSuchElementException: Message: An element could not be located on the page using the given search parameters."},{"firstjacocotime":5.003,"tagname":"1_026","firstexecutionsuccess":true,"firsttestcasepath":"\\testcase\\firstcases\\testcase1_026.py","firstconsumedtime":21.102,"firstlocpath":"\\exeresult\\firstresult\\1_026.txt","firstcoveragepath":"\\coverage\\firstcoverage\\coverage1_026.ec","firsterrorlog":null},{"firstjacocotime":5.0049996,"tagname":"1_027","firstexecutionsuccess":true,"firsttestcasepath":"\\testcase\\firstcases\\testcase1_027.py","firstconsumedtime":6.878,"firstlocpath":"\\exeresult\\firstresult\\1_027.txt","firstcoveragepath":"\\coverage\\firstcoverage\\coverage1_027.ec","firsterrorlog":null},{"firstjacocotime":5.003,"tagname":"1_024","firstexecutionsuccess":false,"firsttestcasepath":"\\testcase\\firstcases\\testcase1_024.py","firstconsumedtime":33.64,"firstlocpath":"\\exeresult\\firstresult\\1_024.txt","firstcoveragepath":"\\coverage\\firstcoverage\\coverage1_024.ec","firsterrorlog":"FAILstr(e):\t\tMessage: An element could not be located on the page using the given search parameters.repr(e):\tNoSuchElementException()Traceback (most recent call last):  File \"C:\\Users\\yifeiLu\\Documents\\TestingProjectHome\\tapandturn\\testcase\\firstcases\\testcase1_024.py\", line 209, in <module>    element = getElememt(driver, \"new UiSelector().resourceId(\\\"com.gabm.tapandturn:id\/cpv_hex\\\").className(\\\"android.widget.EditText\\\")\")  File \"C:\\Users\\yifeiLu\\Documents\\TestingProjectHome\\tapandturn\\testcase\\firstcases\\testcase1_024.py\", line 34, in getElememt    element = driver.find_element_by_android_uiautomator(str)  File \"C:\\Python27\\lib\\site-packages\\appium\\webdriver\\webdriver.py\", line 327, in find_element_by_android_uiautomator    return self.find_element(by=By.ANDROID_UIAUTOMATOR, value=uia_string)  File \"C:\\Python27\\lib\\site-packages\\appium\\webdriver\\webdriver.py\", line 219, in find_element    'value': value})['value']  File \"C:\\Python27\\lib\\site-packages\\selenium\\webdriver\\remote\\webdriver.py\", line 321, in execute    self.error_handler.check_response(response)  File \"C:\\Python27\\lib\\site-packages\\appium\\webdriver\\errorhandler.py\", line 29, in check_response    raise wdeNoSuchElementException: Message: An element could not be located on the page using the given search parameters."},{"firstjacocotime":5.003,"tagname":"1_025","firstexecutionsuccess":true,"firsttestcasepath":"\\testcase\\firstcases\\testcase1_025.py","firstconsumedtime":16.148,"firstlocpath":"\\exeresult\\firstresult\\1_025.txt","firstcoveragepath":"\\coverage\\firstcoverage\\coverage1_025.ec","firsterrorlog":null},{"firstjacocotime":5.003,"tagname":"1_022","firstexecutionsuccess":true,"firsttestcasepath":"\\testcase\\firstcases\\testcase1_022.py","firstconsumedtime":13.887,"firstlocpath":"\\exeresult\\firstresult\\1_022.txt","firstcoveragepath":"\\coverage\\firstcoverage\\coverage1_022.ec","firsterrorlog":null},{"firstjacocotime":5.0039997,"tagname":"1_023","firstexecutionsuccess":false,"firsttestcasepath":"\\testcase\\firstcases\\testcase1_023.py","firstconsumedtime":30.069,"firstlocpath":"\\exeresult\\firstresult\\1_023.txt","firstcoveragepath":"\\coverage\\firstcoverage\\coverage1_023.ec","firsterrorlog":"FAILstr(e):\t\tMessage: An element could not be located on the page using the given search parameters.repr(e):\tNoSuchElementException()Traceback (most recent call last):  File \"C:\\Users\\yifeiLu\\Documents\\TestingProjectHome\\tapandturn\\testcase\\firstcases\\testcase1_023.py\", line 211, in <module>    element = getElememt(driver, \"new UiSelector().resourceId(\\\"com.gabm.tapandturn:id\/seekbar\\\").className(\\\"android.widget.SeekBar\\\")\")  File \"C:\\Users\\yifeiLu\\Documents\\TestingProjectHome\\tapandturn\\testcase\\firstcases\\testcase1_023.py\", line 34, in getElememt    element = driver.find_element_by_android_uiautomator(str)  File \"C:\\Python27\\lib\\site-packages\\appium\\webdriver\\webdriver.py\", line 327, in find_element_by_android_uiautomator    return self.find_element(by=By.ANDROID_UIAUTOMATOR, value=uia_string)  File \"C:\\Python27\\lib\\site-packages\\appium\\webdriver\\webdriver.py\", line 219, in find_element    'value': value})['value']  File \"C:\\Python27\\lib\\site-packages\\selenium\\webdriver\\remote\\webdriver.py\", line 321, in execute    self.error_handler.check_response(response)  File \"C:\\Python27\\lib\\site-packages\\appium\\webdriver\\errorhandler.py\", line 29, in check_response    raise wdeNoSuchElementException: Message: An element could not be located on the page using the given search parameters."},{"firstjacocotime":5.003,"tagname":"1_020","firstexecutionsuccess":true,"firsttestcasepath":"\\testcase\\firstcases\\testcase1_020.py","firstconsumedtime":26.407,"firstlocpath":"\\exeresult\\firstresult\\1_020.txt","firstcoveragepath":"\\coverage\\firstcoverage\\coverage1_020.ec","firsterrorlog":null},{"firstjacocotime":5.0039997,"tagname":"1_021","firstexecutionsuccess":true,"firsttestcasepath":"\\testcase\\firstcases\\testcase1_021.py","firstconsumedtime":36.911,"firstlocpath":"\\exeresult\\firstresult\\1_021.txt","firstcoveragepath":"\\coverage\\firstcoverage\\coverage1_021.ec","firsterrorlog":null},{"firstjacocotime":5.003,"tagname":"6_020","firstexecutionsuccess":true,"firsttestcasepath":"\\testcase\\firstcases\\testcase6_020.py","firstconsumedtime":30.288,"firstlocpath":"\\exeresult\\firstresult\\6_020.txt","firstcoveragepath":"\\coverage\\firstcoverage\\coverage6_020.ec","firsterrorlog":null},{"firstjacocotime":5.003,"tagname":"6_021","firstexecutionsuccess":true,"firsttestcasepath":"\\testcase\\firstcases\\testcase6_021.py","firstconsumedtime":23.772,"firstlocpath":"\\exeresult\\firstresult\\6_021.txt","firstcoveragepath":"\\coverage\\firstcoverage\\coverage6_021.ec","firsterrorlog":null},{"firstjacocotime":5.004,"tagname":"6_022","firstexecutionsuccess":true,"firsttestcasepath":"\\testcase\\firstcases\\testcase6_022.py","firstconsumedtime":29.916,"firstlocpath":"\\exeresult\\firstresult\\6_022.txt","firstcoveragepath":"\\coverage\\firstcoverage\\coverage6_022.ec","firsterrorlog":null},{"firstjacocotime":5.003,"tagname":"6_027","firstexecutionsuccess":false,"firsttestcasepath":"\\testcase\\firstcases\\testcase6_027.py","firstconsumedtime":34.496,"firstlocpath":"\\exeresult\\firstresult\\6_027.txt","firstcoveragepath":"\\coverage\\firstcoverage\\coverage6_027.ec","firsterrorlog":"FAILstr(e):\t\tMessage: UiSelector[CLASS=android.widget.SeekBar, RESOURCE_ID=com.gabm.tapandturn:id\/seekbar]repr(e):\tNoSuchElementException()Traceback (most recent call last):  File \"C:\\Users\\yifeiLu\\Documents\\TestingProjectHome\\tapandturn\\testcase\\firstcases\\testcase6_027.py\", line 213, in <module>    TouchAction(driver).tap(element).perform()  File \"C:\\Python27\\lib\\site-packages\\appium\\webdriver\\common\\touch_action.py\", line 96, in perform    self._driver.execute(Command.TOUCH_ACTION, params)  File \"C:\\Python27\\lib\\site-packages\\selenium\\webdriver\\remote\\webdriver.py\", line 321, in execute    self.error_handler.check_response(response)  File \"C:\\Python27\\lib\\site-packages\\appium\\webdriver\\errorhandler.py\", line 29, in check_response    raise wdeNoSuchElementException: Message: UiSelector[CLASS=android.widget.SeekBar, RESOURCE_ID=com.gabm.tapandturn:id\/seekbar]"},{"firstjacocotime":5.004,"tagname":"6_028","firstexecutionsuccess":true,"firsttestcasepath":"\\testcase\\firstcases\\testcase6_028.py","firstconsumedtime":33.022,"firstlocpath":"\\exeresult\\firstresult\\6_028.txt","firstcoveragepath":"\\coverage\\firstcoverage\\coverage6_028.ec","firsterrorlog":null},{"firstjacocotime":5.003,"tagname":"6_029","firstexecutionsuccess":true,"firsttestcasepath":"\\testcase\\firstcases\\testcase6_029.py","firstconsumedtime":30.333,"firstlocpath":"\\exeresult\\firstresult\\6_029.txt","firstcoveragepath":"\\coverage\\firstcoverage\\coverage6_029.ec","firsterrorlog":null},{"firstjacocotime":5.0049996,"interestScenes":[{"branchids":"236-390","changebranchids":"236-391","interests":[{"name":"AUTO_RETURN_TO_DEFAULT","value":"1"}]}],"tagname":"6_023","firstexecutionsuccess":true,"firsttestcasepath":"\\testcase\\firstcases\\testcase6_023.py","firstconsumedtime":9.871,"firstlocpath":"\\exeresult\\firstresult\\6_023.txt","firstcoveragepath":"\\coverage\\firstcoverage\\coverage6_023.ec","firsterrorlog":null},{"firstjacocotime":5.003,"tagname":"6_024","firstexecutionsuccess":false,"firsttestcasepath":"\\testcase\\firstcases\\testcase6_024.py","firstconsumedtime":35.523,"firstlocpath":"\\exeresult\\firstresult\\6_024.txt","firstcoveragepath":"\\coverage\\firstcoverage\\coverage6_024.ec","firsterrorlog":"FAILstr(e):\t\tMessage: An element could not be located on the page using the given search parameters.repr(e):\tNoSuchElementException()Traceback (most recent call last):  File \"C:\\Users\\yifeiLu\\Documents\\TestingProjectHome\\tapandturn\\testcase\\firstcases\\testcase6_024.py\", line 209, in <module>    element = getElememt(driver, \"new UiSelector().resourceId(\\\"com.gabm.tapandturn:id\/cpv_hex\\\").className(\\\"android.widget.EditText\\\")\")  File \"C:\\Users\\yifeiLu\\Documents\\TestingProjectHome\\tapandturn\\testcase\\firstcases\\testcase6_024.py\", line 34, in getElememt    element = driver.find_element_by_android_uiautomator(str)  File \"C:\\Python27\\lib\\site-packages\\appium\\webdriver\\webdriver.py\", line 327, in find_element_by_android_uiautomator    return self.find_element(by=By.ANDROID_UIAUTOMATOR, value=uia_string)  File \"C:\\Python27\\lib\\site-packages\\appium\\webdriver\\webdriver.py\", line 219, in find_element    'value': value})['value']  File \"C:\\Python27\\lib\\site-packages\\selenium\\webdriver\\remote\\webdriver.py\", line 321, in execute    self.error_handler.check_response(response)  File \"C:\\Python27\\lib\\site-packages\\appium\\webdriver\\errorhandler.py\", line 29, in check_response    raise wdeNoSuchElementException: Message: An element could not be located on the page using the given search parameters."},{"firstjacocotime":5.003,"tagname":"6_025","firstexecutionsuccess":true,"firsttestcasepath":"\\testcase\\firstcases\\testcase6_025.py","firstconsumedtime":15.734,"firstlocpath":"\\exeresult\\firstresult\\6_025.txt","firstcoveragepath":"\\coverage\\firstcoverage\\coverage6_025.ec","firsterrorlog":null},{"firstjacocotime":5.003,"tagname":"6_026","firstexecutionsuccess":true,"firsttestcasepath":"\\testcase\\firstcases\\testcase6_026.py","firstconsumedtime":26.253,"firstlocpath":"\\exeresult\\firstresult\\6_026.txt","firstcoveragepath":"\\coverage\\firstcoverage\\coverage6_026.ec","firsterrorlog":null},{"firstjacocotime":5.0039997,"tagname":"6_010","firstexecutionsuccess":false,"firsttestcasepath":"\\testcase\\firstcases\\testcase6_010.py","firstconsumedtime":29.052,"firstlocpath":"\\exeresult\\firstresult\\6_010.txt","firstcoveragepath":"\\coverage\\firstcoverage\\coverage6_010.ec","firsterrorlog":"FAILstr(e):\t\tMessage: An element could not be located on the page using the given search parameters.repr(e):\tNoSuchElementException()Traceback (most recent call last):  File \"C:\\Users\\yifeiLu\\Documents\\TestingProjectHome\\tapandturn\\testcase\\firstcases\\testcase6_010.py\", line 208, in <module>    element = getElememt(driver, \"new UiSelector().resourceId(\\\"com.gabm.tapandturn:id\/cpv_hex\\\").className(\\\"android.widget.EditText\\\")\")  File \"C:\\Users\\yifeiLu\\Documents\\TestingProjectHome\\tapandturn\\testcase\\firstcases\\testcase6_010.py\", line 34, in getElememt    element = driver.find_element_by_android_uiautomator(str)  File \"C:\\Python27\\lib\\site-packages\\appium\\webdriver\\webdriver.py\", line 327, in find_element_by_android_uiautomator    return self.find_element(by=By.ANDROID_UIAUTOMATOR, value=uia_string)  File \"C:\\Python27\\lib\\site-packages\\appium\\webdriver\\webdriver.py\", line 219, in find_element    'value': value})['value']  File \"C:\\Python27\\lib\\site-packages\\selenium\\webdriver\\remote\\webdriver.py\", line 321, in execute    self.error_handler.check_response(response)  File \"C:\\Python27\\lib\\site-packages\\appium\\webdriver\\errorhandler.py\", line 29, in check_response    raise wdeNoSuchElementException: Message: An element could not be located on the page using the given search parameters."},{"firstjacocotime":5.003,"tagname":"6_011","firstexecutionsuccess":true,"firsttestcasepath":"\\testcase\\firstcases\\testcase6_011.py","firstconsumedtime":24.221,"firstlocpath":"\\exeresult\\firstresult\\6_011.txt","firstcoveragepath":"\\coverage\\firstcoverage\\coverage6_011.ec","firsterrorlog":null},{"firstjacocotime":5.003,"tagname":"6_016","firstexecutionsuccess":true,"firsttestcasepath":"\\testcase\\firstcases\\testcase6_016.py","firstconsumedtime":29.825,"firstlocpath":"\\exeresult\\firstresult\\6_016.txt","firstcoveragepath":"\\coverage\\firstcoverage\\coverage6_016.ec","firsterrorlog":null},{"firstjacocotime":5.0039997,"tagname":"6_017","firstexecutionsuccess":true,"firsttestcasepath":"\\testcase\\firstcases\\testcase6_017.py","firstconsumedtime":20.186,"firstlocpath":"\\exeresult\\firstresult\\6_017.txt","firstcoveragepath":"\\coverage\\firstcoverage\\coverage6_017.ec","firsterrorlog":null},{"firstjacocotime":5.0039997,"tagname":"6_018","firstexecutionsuccess":true,"firsttestcasepath":"\\testcase\\firstcases\\testcase6_018.py","firstconsumedtime":15.037,"firstlocpath":"\\exeresult\\firstresult\\6_018.txt","firstcoveragepath":"\\coverage\\firstcoverage\\coverage6_018.ec","firsterrorlog":null},{"firstjacocotime":5.003,"tagname":"6_019","firstexecutionsuccess":true,"firsttestcasepath":"\\testcase\\firstcases\\testcase6_019.py","firstconsumedtime":35.286,"firstlocpath":"\\exeresult\\firstresult\\6_019.txt","firstcoveragepath":"\\coverage\\firstcoverage\\coverage6_019.ec","firsterrorlog":null},{"firstjacocotime":5.0039997,"tagname":"6_012","firstexecutionsuccess":false,"firsttestcasepath":"\\testcase\\firstcases\\testcase6_012.py","firstconsumedtime":21.097,"firstlocpath":"\\exeresult\\firstresult\\6_012.txt","firstcoveragepath":"\\coverage\\firstcoverage\\coverage6_012.ec","firsterrorlog":"FAILstr(e):\t\tMessage: An element could not be located on the page using the given search parameters.repr(e):\tNoSuchElementException()Traceback (most recent call last):  File \"C:\\Users\\yifeiLu\\Documents\\TestingProjectHome\\tapandturn\\testcase\\firstcases\\testcase6_012.py\", line 205, in <module>    element = getElememtBack(driver, \"new UiSelector().text(\\\"Turn on boot\\\")\", \"new UiSelector().className(\\\"android.widget.TextView\\\").instance(13)\")  File \"C:\\Users\\yifeiLu\\Documents\\TestingProjectHome\\tapandturn\\testcase\\firstcases\\testcase6_012.py\", line 53, in getElememtBack    element = driver.find_element_by_android_uiautomator(str2)  File \"C:\\Python27\\lib\\site-packages\\appium\\webdriver\\webdriver.py\", line 327, in find_element_by_android_uiautomator    return self.find_element(by=By.ANDROID_UIAUTOMATOR, value=uia_string)  File \"C:\\Python27\\lib\\site-packages\\appium\\webdriver\\webdriver.py\", line 219, in find_element    'value': value})['value']  File \"C:\\Python27\\lib\\site-packages\\selenium\\webdriver\\remote\\webdriver.py\", line 321, in execute    self.error_handler.check_response(response)  File \"C:\\Python27\\lib\\site-packages\\appium\\webdriver\\errorhandler.py\", line 29, in check_response    raise wdeNoSuchElementException: Message: An element could not be located on the page using the given search parameters."},{"firstjacocotime":5.0049996,"tagname":"6_013","firstexecutionsuccess":true,"firsttestcasepath":"\\testcase\\firstcases\\testcase6_013.py","firstconsumedtime":34.12,"firstlocpath":"\\exeresult\\firstresult\\6_013.txt","firstcoveragepath":"\\coverage\\firstcoverage\\coverage6_013.ec","firsterrorlog":null},{"firstjacocotime":5.003,"tagname":"6_014","firstexecutionsuccess":false,"firsttestcasepath":"\\testcase\\firstcases\\testcase6_014.py","firstconsumedtime":24.62,"firstlocpath":"\\exeresult\\firstresult\\6_014.txt","firstcoveragepath":"\\coverage\\firstcoverage\\coverage6_014.ec","firsterrorlog":"FAILstr(e):\t\tMessage: An element could not be located on the page using the given search parameters.repr(e):\tNoSuchElementException()Traceback (most recent call last):  File \"C:\\Users\\yifeiLu\\Documents\\TestingProjectHome\\tapandturn\\testcase\\firstcases\\testcase6_014.py\", line 203, in <module>    element = getElememtBack(driver, \"new UiSelector().text(\\\"Turn on boot\\\")\", \"new UiSelector().className(\\\"android.widget.TextView\\\").instance(13)\")  File \"C:\\Users\\yifeiLu\\Documents\\TestingProjectHome\\tapandturn\\testcase\\firstcases\\testcase6_014.py\", line 53, in getElememtBack    element = driver.find_element_by_android_uiautomator(str2)  File \"C:\\Python27\\lib\\site-packages\\appium\\webdriver\\webdriver.py\", line 327, in find_element_by_android_uiautomator    return self.find_element(by=By.ANDROID_UIAUTOMATOR, value=uia_string)  File \"C:\\Python27\\lib\\site-packages\\appium\\webdriver\\webdriver.py\", line 219, in find_element    'value': value})['value']  File \"C:\\Python27\\lib\\site-packages\\selenium\\webdriver\\remote\\webdriver.py\", line 321, in execute    self.error_handler.check_response(response)  File \"C:\\Python27\\lib\\site-packages\\appium\\webdriver\\errorhandler.py\", line 29, in check_response    raise wdeNoSuchElementException: Message: An element could not be located on the page using the given search parameters."},{"firstjacocotime":5.003,"tagname":"6_015","firstexecutionsuccess":true,"firsttestcasepath":"\\testcase\\firstcases\\testcase6_015.py","firstconsumedtime":8.509,"firstlocpath":"\\exeresult\\firstresult\\6_015.txt","firstcoveragepath":"\\coverage\\firstcoverage\\coverage6_015.ec","firsterrorlog":null},{"firstjacocotime":5.0039997,"tagname":"1_008","firstexecutionsuccess":true,"firsttestcasepath":"\\testcase\\firstcases\\testcase1_008.py","firstconsumedtime":41.459,"firstlocpath":"\\exeresult\\firstresult\\1_008.txt","firstcoveragepath":"\\coverage\\firstcoverage\\coverage1_008.ec","firsterrorlog":null},{"firstjacocotime":5.003,"tagname":"1_009","firstexecutionsuccess":true,"firsttestcasepath":"\\testcase\\firstcases\\testcase1_009.py","firstconsumedtime":16.039,"firstlocpath":"\\exeresult\\firstresult\\1_009.txt","firstcoveragepath":"\\coverage\\firstcoverage\\coverage1_009.ec","firsterrorlog":null},{"firstjacocotime":5.003,"tagname":"1_006","firstexecutionsuccess":false,"firsttestcasepath":"\\testcase\\firstcases\\testcase1_006.py","firstconsumedtime":31.696,"firstlocpath":"\\exeresult\\firstresult\\1_006.txt","firstcoveragepath":"\\coverage\\firstcoverage\\coverage1_006.ec","firsterrorlog":"FAILstr(e):\t\tMessage: An element could not be located on the page using the given search parameters.repr(e):\tNoSuchElementException()Traceback (most recent call last):  File \"C:\\Users\\yifeiLu\\Documents\\TestingProjectHome\\tapandturn\\testcase\\firstcases\\testcase1_006.py\", line 208, in <module>    element = getElememt(driver, \"new UiSelector().resourceId(\\\"com.gabm.tapandturn:id\/cpv_hex\\\").className(\\\"android.widget.EditText\\\")\")  File \"C:\\Users\\yifeiLu\\Documents\\TestingProjectHome\\tapandturn\\testcase\\firstcases\\testcase1_006.py\", line 34, in getElememt    element = driver.find_element_by_android_uiautomator(str)  File \"C:\\Python27\\lib\\site-packages\\appium\\webdriver\\webdriver.py\", line 327, in find_element_by_android_uiautomator    return self.find_element(by=By.ANDROID_UIAUTOMATOR, value=uia_string)  File \"C:\\Python27\\lib\\site-packages\\appium\\webdriver\\webdriver.py\", line 219, in find_element    'value': value})['value']  File \"C:\\Python27\\lib\\site-packages\\selenium\\webdriver\\remote\\webdriver.py\", line 321, in execute    self.error_handler.check_response(response)  File \"C:\\Python27\\lib\\site-packages\\appium\\webdriver\\errorhandler.py\", line 29, in check_response    raise wdeNoSuchElementException: Message: An element could not be located on the page using the given search parameters."},{"firstjacocotime":5.0039997,"tagname":"1_007","firstexecutionsuccess":false,"firsttestcasepath":"\\testcase\\firstcases\\testcase1_007.py","firstconsumedtime":22.282,"firstlocpath":"\\exeresult\\firstresult\\1_007.txt","firstcoveragepath":"\\coverage\\firstcoverage\\coverage1_007.ec","firsterrorlog":"FAILstr(e):\t\tMessage: An element could not be located on the page using the given search parameters.repr(e):\tNoSuchElementException()Traceback (most recent call last):  File \"C:\\Users\\yifeiLu\\Documents\\TestingProjectHome\\tapandturn\\testcase\\firstcases\\testcase1_007.py\", line 201, in <module>    element = getElememtBack(driver, \"new UiSelector().text(\\\"Turn on boot\\\")\", \"new UiSelector().className(\\\"android.widget.TextView\\\").instance(13)\")  File \"C:\\Users\\yifeiLu\\Documents\\TestingProjectHome\\tapandturn\\testcase\\firstcases\\testcase1_007.py\", line 53, in getElememtBack    element = driver.find_element_by_android_uiautomator(str2)  File \"C:\\Python27\\lib\\site-packages\\appium\\webdriver\\webdriver.py\", line 327, in find_element_by_android_uiautomator    return self.find_element(by=By.ANDROID_UIAUTOMATOR, value=uia_string)  File \"C:\\Python27\\lib\\site-packages\\appium\\webdriver\\webdriver.py\", line 219, in find_element    'value': value})['value']  File \"C:\\Python27\\lib\\site-packages\\selenium\\webdriver\\remote\\webdriver.py\", line 321, in execute    self.error_handler.check_response(response)  File \"C:\\Python27\\lib\\site-packages\\appium\\webdriver\\errorhandler.py\", line 29, in check_response    raise wdeNoSuchElementException: Message: An element could not be located on the page using the given search parameters."},{"firstjacocotime":5.002,"tagname":"1_004","firstexecutionsuccess":false,"firsttestcasepath":"\\testcase\\firstcases\\testcase1_004.py","firstconsumedtime":36.463,"firstlocpath":"\\exeresult\\firstresult\\1_004.txt","firstcoveragepath":"\\coverage\\firstcoverage\\coverage1_004.ec","firsterrorlog":"FAILstr(e):\t\tMessage: An element could not be located on the page using the given search parameters.repr(e):\tNoSuchElementException()Traceback (most recent call last):  File \"C:\\Users\\yifeiLu\\Documents\\TestingProjectHome\\tapandturn\\testcase\\firstcases\\testcase1_004.py\", line 214, in <module>    element = getElememt(driver, \"new UiSelector().resourceId(\\\"com.gabm.tapandturn:id\/cpv_hex\\\").className(\\\"android.widget.EditText\\\")\")  File \"C:\\Users\\yifeiLu\\Documents\\TestingProjectHome\\tapandturn\\testcase\\firstcases\\testcase1_004.py\", line 34, in getElememt    element = driver.find_element_by_android_uiautomator(str)  File \"C:\\Python27\\lib\\site-packages\\appium\\webdriver\\webdriver.py\", line 327, in find_element_by_android_uiautomator    return self.find_element(by=By.ANDROID_UIAUTOMATOR, value=uia_string)  File \"C:\\Python27\\lib\\site-packages\\appium\\webdriver\\webdriver.py\", line 219, in find_element    'value': value})['value']  File \"C:\\Python27\\lib\\site-packages\\selenium\\webdriver\\remote\\webdriver.py\", line 321, in execute    self.error_handler.check_response(response)  File \"C:\\Python27\\lib\\site-packages\\appium\\webdriver\\errorhandler.py\", line 29, in check_response    raise wdeNoSuchElementException: Message: An element could not be located on the page using the given search parameters."},{"firstjacocotime":5.0039997,"tagname":"1_005","firstexecutionsuccess":true,"firsttestcasepath":"\\testcase\\firstcases\\testcase1_005.py","firstconsumedtime":30.698,"firstlocpath":"\\exeresult\\firstresult\\1_005.txt","firstcoveragepath":"\\coverage\\firstcoverage\\coverage1_005.ec","firsterrorlog":null},{"firstjacocotime":5.004,"tagname":"1_002","firstexecutionsuccess":true,"firsttestcasepath":"\\testcase\\firstcases\\testcase1_002.py","firstconsumedtime":17.328,"firstlocpath":"\\exeresult\\firstresult\\1_002.txt","firstcoveragepath":"\\coverage\\firstcoverage\\coverage1_002.ec","firsterrorlog":null},{"firstjacocotime":5.0049996,"tagname":"1_003","firstexecutionsuccess":true,"firsttestcasepath":"\\testcase\\firstcases\\testcase1_003.py","firstconsumedtime":6.545,"firstlocpath":"\\exeresult\\firstresult\\1_003.txt","firstcoveragepath":"\\coverage\\firstcoverage\\coverage1_003.ec","firsterrorlog":null},{"firstjacocotime":5.004,"tagname":"1_000","firstexecutionsuccess":true,"firsttestcasepath":"\\testcase\\firstcases\\testcase1_000.py","firstconsumedtime":8.056,"firstlocpath":"\\exeresult\\firstresult\\1_000.txt","firstcoveragepath":"\\coverage\\firstcoverage\\coverage1_000.ec","firsterrorlog":null},{"firstjacocotime":5.003,"tagname":"1_001","firstexecutionsuccess":true,"firsttestcasepath":"\\testcase\\firstcases\\testcase1_001.py","firstconsumedtime":6.9610004,"firstlocpath":"\\exeresult\\firstresult\\1_001.txt","firstcoveragepath":"\\coverage\\firstcoverage\\coverage1_001.ec","firsterrorlog":null}],"interestmap":[{"generaltype":"preference","isadapted":false,"preferencesteps":["Automatically return to default orientation"],"innertype":"switch","name":"AUTO_RETURN_TO_DEFAULT","index":7,"type":"boolean"}]}