{"testcasedatas":[{"firstjacocotime":33.812,"tagname":"2_027","firstexecutionsuccess":false,"firsttestcasepath":"\\testcase\\firstcases\\testcase2_027.py","firstconsumedtime":23.188,"firstlocpath":"\\exeresult\\firstresult\\2_027.txt","firstcoveragepath":"\\coverage\\firstcoverage\\coverage2_027.ec","firsterrorlog":"FAILstr(e):\t\tMessage: An element could not be located on the page using the given search parameters.repr(e):\tNoSuchElementException()Traceback (most recent call last):  File \"\\testcase\\firstcases\\testcase2_027.py\", line 52, in <module>    element = getElememt(driver, \"new UiSelector().className(\\\"android.widget.TextView\\\").instance(2)\")  File \"\\testcase\\firstcases\\testcase2_027.py\", line 28, in getElememt    element = driver.find_element_by_android_uiautomator(str)  File \"C:\\Python27\\lib\\site-packages\\appium\\webdriver\\webdriver.py\", line 156, in find_element_by_android_uiautomator    return self.find_element(by=By.ANDROID_UIAUTOMATOR, value=uia_string)  File \"C:\\Python27\\lib\\site-packages\\selenium\\webdriver\\remote\\webdriver.py\", line 957, in find_element    'value': value})['value']  File \"C:\\Python27\\lib\\site-packages\\selenium\\webdriver\\remote\\webdriver.py\", line 314, in execute    self.error_handler.check_response(response)  File \"C:\\Python27\\lib\\site-packages\\appium\\webdriver\\errorhandler.py\", line 29, in check_response    raise wdeNoSuchElementException: Message: An element could not be located on the page using the given search parameters."},{"firstjacocotime":43.533,"tagname":"2_028","firstexecutionsuccess":false,"firsttestcasepath":"\\testcase\\firstcases\\testcase2_028.py","firstconsumedtime":12.94,"firstlocpath":"\\exeresult\\firstresult\\2_028.txt","firstcoveragepath":"\\coverage\\firstcoverage\\coverage2_028.ec","firsterrorlog":"FAILstr(e):\t\tMessage: An element could not be located on the page using the given search parameters.repr(e):\tNoSuchElementException()Traceback (most recent call last):  File \"\\testcase\\firstcases\\testcase2_028.py\", line 48, in <module>    element = getElememt(driver, \"new UiSelector().className(\\\"android.widget.TextView\\\").instance(5)\")  File \"\\testcase\\firstcases\\testcase2_028.py\", line 28, in getElememt    element = driver.find_element_by_android_uiautomator(str)  File \"C:\\Python27\\lib\\site-packages\\appium\\webdriver\\webdriver.py\", line 156, in find_element_by_android_uiautomator    return self.find_element(by=By.ANDROID_UIAUTOMATOR, value=uia_string)  File \"C:\\Python27\\lib\\site-packages\\selenium\\webdriver\\remote\\webdriver.py\", line 957, in find_element    'value': value})['value']  File \"C:\\Python27\\lib\\site-packages\\selenium\\webdriver\\remote\\webdriver.py\", line 314, in execute    self.error_handler.check_response(response)  File \"C:\\Python27\\lib\\site-packages\\appium\\webdriver\\errorhandler.py\", line 29, in check_response    raise wdeNoSuchElementException: Message: An element could not be located on the page using the given search parameters."},{"firstjacocotime":58.157,"interestScenes":[{"branchids":"631-1107","changebranchids":"631-1108","interests":[{"name":"theme","value":"Paper"}]}],"tagname":"2_029","firstexecutionsuccess":false,"firsttestcasepath":"\\testcase\\firstcases\\testcase2_029.py","firstconsumedtime":58.871,"firstlocpath":"\\exeresult\\firstresult\\2_029.txt","firstcoveragepath":"\\coverage\\firstcoverage\\coverage2_029.ec","firsterrorlog":"FAILstr(e):\t\tMessage: An element could not be located on the page using the given search parameters.repr(e):\tNoSuchElementException()Traceback (most recent call last):  File \"\\testcase\\firstcases\\testcase2_029.py\", line 78, in <module>    element = getElememt(driver, \"new UiSelector().resourceId(\\\"com.android.systemui:id\/app_description\\\").className(\\\"android.widget.TextView\\\")\")  File \"\\testcase\\firstcases\\testcase2_029.py\", line 28, in getElememt    element = driver.find_element_by_android_uiautomator(str)  File \"C:\\Python27\\lib\\site-packages\\appium\\webdriver\\webdriver.py\", line 156, in find_element_by_android_uiautomator    return self.find_element(by=By.ANDROID_UIAUTOMATOR, value=uia_string)  File \"C:\\Python27\\lib\\site-packages\\selenium\\webdriver\\remote\\webdriver.py\", line 957, in find_element    'value': value})['value']  File \"C:\\Python27\\lib\\site-packages\\selenium\\webdriver\\remote\\webdriver.py\", line 314, in execute    self.error_handler.check_response(response)  File \"C:\\Python27\\lib\\site-packages\\appium\\webdriver\\errorhandler.py\", line 29, in check_response    raise wdeNoSuchElementException: Message: An element could not be located on the page using the given search parameters."},{"firstjacocotime":32.192,"tagname":"2_023","firstexecutionsuccess":false,"firsttestcasepath":"\\testcase\\firstcases\\testcase2_023.py","firstconsumedtime":25.058,"firstlocpath":"\\exeresult\\firstresult\\2_023.txt","firstcoveragepath":"\\coverage\\firstcoverage\\coverage2_023.ec","firsterrorlog":"FAILstr(e):\t\tMessage: An element could not be located on the page using the given search parameters.repr(e):\tNoSuchElementException()Traceback (most recent call last):  File \"\\testcase\\firstcases\\testcase2_023.py\", line 54, in <module>    element = getElememt(driver, \"new UiSelector().className(\\\"android.widget.TextView\\\").instance(2)\")  File \"\\testcase\\firstcases\\testcase2_023.py\", line 28, in getElememt    element = driver.find_element_by_android_uiautomator(str)  File \"C:\\Python27\\lib\\site-packages\\appium\\webdriver\\webdriver.py\", line 156, in find_element_by_android_uiautomator    return self.find_element(by=By.ANDROID_UIAUTOMATOR, value=uia_string)  File \"C:\\Python27\\lib\\site-packages\\selenium\\webdriver\\remote\\webdriver.py\", line 957, in find_element    'value': value})['value']  File \"C:\\Python27\\lib\\site-packages\\selenium\\webdriver\\remote\\webdriver.py\", line 314, in execute    self.error_handler.check_response(response)  File \"C:\\Python27\\lib\\site-packages\\appium\\webdriver\\errorhandler.py\", line 29, in check_response    raise wdeNoSuchElementException: Message: An element could not be located on the page using the given search parameters."},{"firstjacocotime":20.763,"tagname":"2_024","firstexecutionsuccess":true,"firsttestcasepath":"\\testcase\\firstcases\\testcase2_024.py","firstconsumedtime":35.843,"firstlocpath":"\\exeresult\\firstresult\\2_024.txt","firstcoveragepath":"\\coverage\\firstcoverage\\coverage2_024.ec","firsterrorlog":null},{"firstjacocotime":42.256,"interestScenes":[{"branchids":"631-1107","changebranchids":"631-1108","interests":[{"name":"theme","value":"Paper"}]}],"tagname":"2_025","firstexecutionsuccess":true,"firsttestcasepath":"\\testcase\\firstcases\\testcase2_025.py","firstconsumedtime":9.384,"firstlocpath":"\\exeresult\\firstresult\\2_025.txt","firstcoveragepath":"\\coverage\\firstcoverage\\coverage2_025.ec","firsterrorlog":null},{"firstjacocotime":49.903,"tagname":"2_026","firstexecutionsuccess":false,"firsttestcasepath":"\\testcase\\firstcases\\testcase2_026.py","firstconsumedtime":12.649,"firstlocpath":"\\exeresult\\firstresult\\2_026.txt","firstcoveragepath":"\\coverage\\firstcoverage\\coverage2_026.ec","firsterrorlog":"FAILstr(e):\t\tMessage: An element could not be located on the page using the given search parameters.repr(e):\tNoSuchElementException()Traceback (most recent call last):  File \"\\testcase\\firstcases\\testcase2_026.py\", line 48, in <module>    element = getElememt(driver, \"new UiSelector().className(\\\"android.widget.TextView\\\").instance(5)\")  File \"\\testcase\\firstcases\\testcase2_026.py\", line 28, in getElememt    element = driver.find_element_by_android_uiautomator(str)  File \"C:\\Python27\\lib\\site-packages\\appium\\webdriver\\webdriver.py\", line 156, in find_element_by_android_uiautomator    return self.find_element(by=By.ANDROID_UIAUTOMATOR, value=uia_string)  File \"C:\\Python27\\lib\\site-packages\\selenium\\webdriver\\remote\\webdriver.py\", line 957, in find_element    'value': value})['value']  File \"C:\\Python27\\lib\\site-packages\\selenium\\webdriver\\remote\\webdriver.py\", line 314, in execute    self.error_handler.check_response(response)  File \"C:\\Python27\\lib\\site-packages\\appium\\webdriver\\errorhandler.py\", line 29, in check_response    raise wdeNoSuchElementException: Message: An element could not be located on the page using the given search parameters."},{"firstjacocotime":20.527,"interestScenes":[{"branchids":"631-1107","changebranchids":"631-1108","interests":[{"name":"theme","value":"Paper"}]}],"tagname":"2_020","firstexecutionsuccess":false,"firsttestcasepath":"\\testcase\\firstcases\\testcase2_020.py","firstconsumedtime":36.626,"firstlocpath":"\\exeresult\\firstresult\\2_020.txt","firstcoveragepath":"\\coverage\\firstcoverage\\coverage2_020.ec","firsterrorlog":"FAILstr(e):\t\tMessage: An element could not be located on the page using the given search parameters.repr(e):\tNoSuchElementException()Traceback (most recent call last):  File \"\\testcase\\firstcases\\testcase2_020.py\", line 63, in <module>    element = getElememt(driver, \"new UiSelector().resourceId(\\\"com.android.systemui:id\/app_description\\\").className(\\\"android.widget.TextView\\\")\")  File \"\\testcase\\firstcases\\testcase2_020.py\", line 28, in getElememt    element = driver.find_element_by_android_uiautomator(str)  File \"C:\\Python27\\lib\\site-packages\\appium\\webdriver\\webdriver.py\", line 156, in find_element_by_android_uiautomator    return self.find_element(by=By.ANDROID_UIAUTOMATOR, value=uia_string)  File \"C:\\Python27\\lib\\site-packages\\selenium\\webdriver\\remote\\webdriver.py\", line 957, in find_element    'value': value})['value']  File \"C:\\Python27\\lib\\site-packages\\selenium\\webdriver\\remote\\webdriver.py\", line 314, in execute    self.error_handler.check_response(response)  File \"C:\\Python27\\lib\\site-packages\\appium\\webdriver\\errorhandler.py\", line 29, in check_response    raise wdeNoSuchElementException: Message: An element could not be located on the page using the given search parameters."},{"firstjacocotime":44.048,"tagname":"2_021","firstexecutionsuccess":false,"firsttestcasepath":"\\testcase\\firstcases\\testcase2_021.py","firstconsumedtime":12.948,"firstlocpath":"\\exeresult\\firstresult\\2_021.txt","firstcoveragepath":"\\coverage\\firstcoverage\\coverage2_021.ec","firsterrorlog":"FAILstr(e):\t\tMessage: An element could not be located on the page using the given search parameters.repr(e):\tNoSuchElementException()Traceback (most recent call last):  File \"\\testcase\\firstcases\\testcase2_021.py\", line 48, in <module>    element = getElememt(driver, \"new UiSelector().className(\\\"android.widget.ImageButton\\\").instance(4)\")  File \"\\testcase\\firstcases\\testcase2_021.py\", line 28, in getElememt    element = driver.find_element_by_android_uiautomator(str)  File \"C:\\Python27\\lib\\site-packages\\appium\\webdriver\\webdriver.py\", line 156, in find_element_by_android_uiautomator    return self.find_element(by=By.ANDROID_UIAUTOMATOR, value=uia_string)  File \"C:\\Python27\\lib\\site-packages\\selenium\\webdriver\\remote\\webdriver.py\", line 957, in find_element    'value': value})['value']  File \"C:\\Python27\\lib\\site-packages\\selenium\\webdriver\\remote\\webdriver.py\", line 314, in execute    self.error_handler.check_response(response)  File \"C:\\Python27\\lib\\site-packages\\appium\\webdriver\\errorhandler.py\", line 29, in check_response    raise wdeNoSuchElementException: Message: An element could not be located on the page using the given search parameters."},{"firstjacocotime":47.47,"interestScenes":[{"branchids":"631-1107","changebranchids":"631-1108","interests":[{"name":"theme","value":"Paper"}]}],"tagname":"2_022","firstexecutionsuccess":true,"firsttestcasepath":"\\testcase\\firstcases\\testcase2_022.py","firstconsumedtime":69.486,"firstlocpath":"\\exeresult\\firstresult\\2_022.txt","firstcoveragepath":"\\coverage\\firstcoverage\\coverage2_022.ec","firsterrorlog":null},{"firstjacocotime":50.197998,"tagname":"2_016","firstexecutionsuccess":true,"firsttestcasepath":"\\testcase\\firstcases\\testcase2_016.py","firstconsumedtime":66.71,"firstlocpath":"\\exeresult\\firstresult\\2_016.txt","firstcoveragepath":"\\coverage\\firstcoverage\\coverage2_016.ec","firsterrorlog":null},{"firstjacocotime":30.972,"tagname":"2_017","firstexecutionsuccess":true,"firsttestcasepath":"\\testcase\\firstcases\\testcase2_017.py","firstconsumedtime":25.829,"firstlocpath":"\\exeresult\\firstresult\\2_017.txt","firstcoveragepath":"\\coverage\\firstcoverage\\coverage2_017.ec","firsterrorlog":null},{"firstjacocotime":26.051,"interestScenes":[{"branchids":"631-1107","changebranchids":"631-1108","interests":[{"name":"theme","value":"Paper"}]}],"tagname":"2_018","firstexecutionsuccess":false,"firsttestcasepath":"\\testcase\\firstcases\\testcase2_018.py","firstconsumedtime":30.883,"firstlocpath":"\\exeresult\\firstresult\\2_018.txt","firstcoveragepath":"\\coverage\\firstcoverage\\coverage2_018.ec","firsterrorlog":"FAILstr(e):\t\tMessage: An element could not be located on the page using the given search parameters.repr(e):\tNoSuchElementException()Traceback (most recent call last):  File \"\\testcase\\firstcases\\testcase2_018.py\", line 69, in <module>    element = getElememt(driver, \"new UiSelector().className(\\\"android.widget.Button\\\").instance(1)\")  File \"\\testcase\\firstcases\\testcase2_018.py\", line 28, in getElememt    element = driver.find_element_by_android_uiautomator(str)  File \"C:\\Python27\\lib\\site-packages\\appium\\webdriver\\webdriver.py\", line 156, in find_element_by_android_uiautomator    return self.find_element(by=By.ANDROID_UIAUTOMATOR, value=uia_string)  File \"C:\\Python27\\lib\\site-packages\\selenium\\webdriver\\remote\\webdriver.py\", line 957, in find_element    'value': value})['value']  File \"C:\\Python27\\lib\\site-packages\\selenium\\webdriver\\remote\\webdriver.py\", line 314, in execute    self.error_handler.check_response(response)  File \"C:\\Python27\\lib\\site-packages\\appium\\webdriver\\errorhandler.py\", line 29, in check_response    raise wdeNoSuchElementException: Message: An element could not be located on the page using the given search parameters."},{"firstjacocotime":50.556,"interestScenes":[{"branchids":"631-1107","changebranchids":"631-1108","interests":[{"name":"theme","value":"Paper"}]}],"tagname":"2_019","firstexecutionsuccess":true,"firsttestcasepath":"\\testcase\\firstcases\\testcase2_019.py","firstconsumedtime":66.441,"firstlocpath":"\\exeresult\\firstresult\\2_019.txt","firstcoveragepath":"\\coverage\\firstcoverage\\coverage2_019.ec","firsterrorlog":null},{"firstjacocotime":40.914,"tagname":"2_012","firstexecutionsuccess":false,"firsttestcasepath":"\\testcase\\firstcases\\testcase2_012.py","firstconsumedtime":15.719,"firstlocpath":"\\exeresult\\firstresult\\2_012.txt","firstcoveragepath":"\\coverage\\firstcoverage\\coverage2_012.ec","firsterrorlog":"FAILstr(e):\t\tMessage: An element could not be located on the page using the given search parameters.repr(e):\tNoSuchElementException()Traceback (most recent call last):  File \"\\testcase\\firstcases\\testcase2_012.py\", line 52, in <module>    element = getElememt(driver, \"new UiSelector().className(\\\"android.widget.TextView\\\").instance(15)\")  File \"\\testcase\\firstcases\\testcase2_012.py\", line 28, in getElememt    element = driver.find_element_by_android_uiautomator(str)  File \"C:\\Python27\\lib\\site-packages\\appium\\webdriver\\webdriver.py\", line 156, in find_element_by_android_uiautomator    return self.find_element(by=By.ANDROID_UIAUTOMATOR, value=uia_string)  File \"C:\\Python27\\lib\\site-packages\\selenium\\webdriver\\remote\\webdriver.py\", line 957, in find_element    'value': value})['value']  File \"C:\\Python27\\lib\\site-packages\\selenium\\webdriver\\remote\\webdriver.py\", line 314, in execute    self.error_handler.check_response(response)  File \"C:\\Python27\\lib\\site-packages\\appium\\webdriver\\errorhandler.py\", line 29, in check_response    raise wdeNoSuchElementException: Message: An element could not be located on the page using the given search parameters."},{"firstjacocotime":43.834,"tagname":"2_013","firstexecutionsuccess":true,"firsttestcasepath":"\\testcase\\firstcases\\testcase2_013.py","firstconsumedtime":7.4379997,"firstlocpath":"\\exeresult\\firstresult\\2_013.txt","firstcoveragepath":"\\coverage\\firstcoverage\\coverage2_013.ec","firsterrorlog":null},{"firstjacocotime":3.171,"tagname":"2_014","firstexecutionsuccess":true,"firsttestcasepath":"\\testcase\\firstcases\\testcase2_014.py","firstconsumedtime":59.217,"firstlocpath":"\\exeresult\\firstresult\\2_014.txt","firstcoveragepath":"\\coverage\\firstcoverage\\coverage2_014.ec","firsterrorlog":null},{"firstjacocotime":50.064,"tagname":"2_015","firstexecutionsuccess":true,"firsttestcasepath":"\\testcase\\firstcases\\testcase2_015.py","firstconsumedtime":7.2229996,"firstlocpath":"\\exeresult\\firstresult\\2_015.txt","firstcoveragepath":"\\coverage\\firstcoverage\\coverage2_015.ec","firsterrorlog":null},{"firstjacocotime":11.644,"tagname":"2_010","firstexecutionsuccess":true,"firsttestcasepath":"\\testcase\\firstcases\\testcase2_010.py","firstconsumedtime":45.342,"firstlocpath":"\\exeresult\\firstresult\\2_010.txt","firstcoveragepath":"\\coverage\\firstcoverage\\coverage2_010.ec","firsterrorlog":null},{"firstjacocotime":34.494,"tagname":"2_011","firstexecutionsuccess":false,"firsttestcasepath":"\\testcase\\firstcases\\testcase2_011.py","firstconsumedtime":22.785,"firstlocpath":"\\exeresult\\firstresult\\2_011.txt","firstcoveragepath":"\\coverage\\firstcoverage\\coverage2_011.ec","firsterrorlog":"FAILstr(e):\t\tMessage: An element could not be located on the page using the given search parameters.repr(e):\tNoSuchElementException()Traceback (most recent call last):  File \"\\testcase\\firstcases\\testcase2_011.py\", line 52, in <module>    element = getElememt(driver, \"new UiSelector().className(\\\"android.widget.TextView\\\").instance(3)\")  File \"\\testcase\\firstcases\\testcase2_011.py\", line 28, in getElememt    element = driver.find_element_by_android_uiautomator(str)  File \"C:\\Python27\\lib\\site-packages\\appium\\webdriver\\webdriver.py\", line 156, in find_element_by_android_uiautomator    return self.find_element(by=By.ANDROID_UIAUTOMATOR, value=uia_string)  File \"C:\\Python27\\lib\\site-packages\\selenium\\webdriver\\remote\\webdriver.py\", line 957, in find_element    'value': value})['value']  File \"C:\\Python27\\lib\\site-packages\\selenium\\webdriver\\remote\\webdriver.py\", line 314, in execute    self.error_handler.check_response(response)  File \"C:\\Python27\\lib\\site-packages\\appium\\webdriver\\errorhandler.py\", line 29, in check_response    raise wdeNoSuchElementException: Message: An element could not be located on the page using the given search parameters."},{"firstjacocotime":41.102,"tagname":"2_009","firstexecutionsuccess":false,"firsttestcasepath":"\\testcase\\firstcases\\testcase2_009.py","firstconsumedtime":15.778,"firstlocpath":"\\exeresult\\firstresult\\2_009.txt","firstcoveragepath":"\\coverage\\firstcoverage\\coverage2_009.ec","firsterrorlog":"FAILstr(e):\t\tMessage: An element could not be located on the page using the given search parameters.repr(e):\tNoSuchElementException()Traceback (most recent call last):  File \"\\testcase\\firstcases\\testcase2_009.py\", line 51, in <module>    element = getElememt(driver, \"new UiSelector().className(\\\"android.widget.TextView\\\").instance(5)\")  File \"\\testcase\\firstcases\\testcase2_009.py\", line 28, in getElememt    element = driver.find_element_by_android_uiautomator(str)  File \"C:\\Python27\\lib\\site-packages\\appium\\webdriver\\webdriver.py\", line 156, in find_element_by_android_uiautomator    return self.find_element(by=By.ANDROID_UIAUTOMATOR, value=uia_string)  File \"C:\\Python27\\lib\\site-packages\\selenium\\webdriver\\remote\\webdriver.py\", line 957, in find_element    'value': value})['value']  File \"C:\\Python27\\lib\\site-packages\\selenium\\webdriver\\remote\\webdriver.py\", line 314, in execute    self.error_handler.check_response(response)  File \"C:\\Python27\\lib\\site-packages\\appium\\webdriver\\errorhandler.py\", line 29, in check_response    raise wdeNoSuchElementException: Message: An element could not be located on the page using the given search parameters."},{"firstjacocotime":36.339,"tagname":"2_005","firstexecutionsuccess":false,"firsttestcasepath":"\\testcase\\firstcases\\testcase2_005.py","firstconsumedtime":20.747,"firstlocpath":"\\exeresult\\firstresult\\2_005.txt","firstcoveragepath":"\\coverage\\firstcoverage\\coverage2_005.ec","firsterrorlog":"FAILstr(e):\t\tMessage: An element could not be located on the page using the given search parameters.repr(e):\tNoSuchElementException()Traceback (most recent call last):  File \"\\testcase\\firstcases\\testcase2_005.py\", line 57, in <module>    element = getElememt(driver, \"new UiSelector().className(\\\"android.widget.TextView\\\").instance(15)\")  File \"\\testcase\\firstcases\\testcase2_005.py\", line 28, in getElememt    element = driver.find_element_by_android_uiautomator(str)  File \"C:\\Python27\\lib\\site-packages\\appium\\webdriver\\webdriver.py\", line 156, in find_element_by_android_uiautomator    return self.find_element(by=By.ANDROID_UIAUTOMATOR, value=uia_string)  File \"C:\\Python27\\lib\\site-packages\\selenium\\webdriver\\remote\\webdriver.py\", line 957, in find_element    'value': value})['value']  File \"C:\\Python27\\lib\\site-packages\\selenium\\webdriver\\remote\\webdriver.py\", line 314, in execute    self.error_handler.check_response(response)  File \"C:\\Python27\\lib\\site-packages\\appium\\webdriver\\errorhandler.py\", line 29, in check_response    raise wdeNoSuchElementException: Message: An element could not be located on the page using the given search parameters."},{"firstjacocotime":59.996,"interestScenes":[{"branchids":"631-1107","changebranchids":"631-1108","interests":[{"name":"theme","value":"Paper"}]}],"tagname":"2_006","firstexecutionsuccess":true,"firsttestcasepath":"\\testcase\\firstcases\\testcase2_006.py","firstconsumedtime":56.873,"firstlocpath":"\\exeresult\\firstresult\\2_006.txt","firstcoveragepath":"\\coverage\\firstcoverage\\coverage2_006.ec","firsterrorlog":null},{"firstjacocotime":50.673,"interestScenes":[{"branchids":"631-1107","changebranchids":"631-1108","interests":[{"name":"theme","value":"Paper"}]}],"tagname":"2_007","firstexecutionsuccess":true,"firsttestcasepath":"\\testcase\\firstcases\\testcase2_007.py","firstconsumedtime":66.569,"firstlocpath":"\\exeresult\\firstresult\\2_007.txt","firstcoveragepath":"\\coverage\\firstcoverage\\coverage2_007.ec","firsterrorlog":null},{"firstjacocotime":40.190998,"interestScenes":[{"branchids":"631-1107","changebranchids":"631-1108","interests":[{"name":"theme","value":"Paper"}]},{"preinterests":[{"name":"theme","value":"Default"}],"branchids":"1686-2838","changebranchids":"1686-2839","interests":[{"name":"theme","value":"Custom Theme"}]},{"preinterests":[{"name":"theme","value":"Default"}],"branchids":"1689-2846","changebranchids":"1689-2845","interests":[{"name":"show_time","value":"0"}]},{"preinterests":[{"name":"show_time","value":"1"},{"name":"theme","value":"Default"}],"branchids":"843-1428","changebranchids":"843-1429","interests":[{"name":"im_popup","value":"0"}]},{"preinterests":[{"name":"show_time","value":"1"},{"name":"im_single_number","value":"1"},{"name":"theme","value":"Default"},{"name":"im_popup","value":"1"}],"branchids":"843-1429","changebranchids":"843-1428","interests":[{"name":"im_numpad","value":"1"}]},{"preinterests":[{"name":"show_time","value":"1"},{"name":"im_numpad","value":"0"},{"name":"im_single_number","value":"1"},{"name":"theme","value":"Default"},{"name":"im_popup","value":"1"}],"branchids":"1698-2858","changebranchids":"1698-2859","interests":[{"name":"show_time","value":"0"}]},{"preinterests":[{"name":"show_time","value":"1"},{"name":"im_numpad","value":"0"},{"name":"im_single_number","value":"1"},{"name":"theme","value":"Default"},{"name":"im_popup","value":"1"}],"branchids":"1653-2771","changebranchids":"1653-2772","interests":[{"name":"fill_in_notes_enabled","value":"1"}]},{"preinterests":[{"name":"show_time","value":"1"},{"name":"im_numpad","value":"0"},{"name":"im_single_number","value":"1"},{"name":"fill_in_notes_enabled","value":"0"},{"name":"theme","value":"Default"},{"name":"im_popup","value":"1"}],"branchids":"1680-2828","changebranchids":"1680-2829","interests":[{"name":"fill_in_notes_enabled","value":"1"}]},{"preinterests":[{"name":"show_time","value":"1"},{"name":"im_numpad","value":"0"},{"name":"im_single_number","value":"1"},{"name":"fill_in_notes_enabled","value":"0"},{"name":"theme","value":"Default"},{"name":"im_popup","value":"1"}],"branchids":"1355-2289","changebranchids":"1355-2290","interests":[{"name":"highlight_similar_cells","value":"1"}]},{"preinterests":[{"name":"highlight_similar_cells","value":"0"},{"name":"show_time","value":"1"},{"name":"im_numpad","value":"0"},{"name":"im_single_number","value":"1"},{"name":"fill_in_notes_enabled","value":"0"},{"name":"theme","value":"Default"},{"name":"im_popup","value":"1"}],"branchids":"1370-2320","changebranchids":"1370-2319","interests":[{"name":"highlight_touched_cell","value":"0"}]},{"preinterests":[{"name":"highlight_similar_cells","value":"0"},{"name":"show_time","value":"1"},{"name":"im_numpad","value":"0"},{"name":"highlight_touched_cell","value":"1"},{"name":"im_single_number","value":"1"},{"name":"fill_in_notes_enabled","value":"0"},{"name":"theme","value":"Default"},{"name":"im_popup","value":"1"}],"branchids":"1377-2334","changebranchids":"1377-2333","interests":[{"name":"highlight_wrong_values","value":"0"}]}],"tagname":"2_008","firstexecutionsuccess":false,"firsttestcasepath":"\\testcase\\firstcases\\testcase2_008.py","firstconsumedtime":17.123,"firstlocpath":"\\exeresult\\firstresult\\2_008.txt","firstcoveragepath":"\\coverage\\firstcoverage\\coverage2_008.ec","firsterrorlog":"FAILstr(e):\t\tMessage: An element could not be located on the page using the given search parameters.repr(e):\tNoSuchElementException()Traceback (most recent call last):  File \"\\testcase\\firstcases\\testcase2_008.py\", line 52, in <module>    element = getElememt(driver, \"new UiSelector().resourceId(\\\"org.moire.opensudoku:id\/note\\\").className(\\\"android.widget.EditText\\\")\")  File \"\\testcase\\firstcases\\testcase2_008.py\", line 28, in getElememt    element = driver.find_element_by_android_uiautomator(str)  File \"C:\\Python27\\lib\\site-packages\\appium\\webdriver\\webdriver.py\", line 156, in find_element_by_android_uiautomator    return self.find_element(by=By.ANDROID_UIAUTOMATOR, value=uia_string)  File \"C:\\Python27\\lib\\site-packages\\selenium\\webdriver\\remote\\webdriver.py\", line 957, in find_element    'value': value})['value']  File \"C:\\Python27\\lib\\site-packages\\selenium\\webdriver\\remote\\webdriver.py\", line 314, in execute    self.error_handler.check_response(response)  File \"C:\\Python27\\lib\\site-packages\\appium\\webdriver\\errorhandler.py\", line 29, in check_response    raise wdeNoSuchElementException: Message: An element could not be located on the page using the given search parameters."},{"firstjacocotime":32.761,"tagname":"2_001","firstexecutionsuccess":false,"firsttestcasepath":"\\testcase\\firstcases\\testcase2_001.py","firstconsumedtime":19.074,"firstlocpath":"\\exeresult\\firstresult\\2_001.txt","firstcoveragepath":"\\coverage\\firstcoverage\\coverage2_001.ec","firsterrorlog":"FAILstr(e):\t\tMessage: An element could not be located on the page using the given search parameters.repr(e):\tNoSuchElementException()Traceback (most recent call last):  File \"\\testcase\\firstcases\\testcase2_001.py\", line 52, in <module>    element = getElememt(driver, \"new UiSelector().className(\\\"android.widget.TextView\\\").instance(5)\")  File \"\\testcase\\firstcases\\testcase2_001.py\", line 28, in getElememt    element = driver.find_element_by_android_uiautomator(str)  File \"C:\\Python27\\lib\\site-packages\\appium\\webdriver\\webdriver.py\", line 156, in find_element_by_android_uiautomator    return self.find_element(by=By.ANDROID_UIAUTOMATOR, value=uia_string)  File \"C:\\Python27\\lib\\site-packages\\selenium\\webdriver\\remote\\webdriver.py\", line 957, in find_element    'value': value})['value']  File \"C:\\Python27\\lib\\site-packages\\selenium\\webdriver\\remote\\webdriver.py\", line 314, in execute    self.error_handler.check_response(response)  File \"C:\\Python27\\lib\\site-packages\\appium\\webdriver\\errorhandler.py\", line 29, in check_response    raise wdeNoSuchElementException: Message: An element could not be located on the page using the given search parameters."},{"firstjacocotime":55.602,"interestScenes":[{"branchids":"631-1107","changebranchids":"631-1108","interests":[{"name":"theme","value":"Paper"}]}],"tagname":"2_002","firstexecutionsuccess":true,"firsttestcasepath":"\\testcase\\firstcases\\testcase2_002.py","firstconsumedtime":66.985,"firstlocpath":"\\exeresult\\firstresult\\2_002.txt","firstcoveragepath":"\\coverage\\firstcoverage\\coverage2_002.ec","firsterrorlog":null},{"firstjacocotime":42.626,"tagname":"2_003","firstexecutionsuccess":false,"firsttestcasepath":"\\testcase\\firstcases\\testcase2_003.py","firstconsumedtime":14.686999,"firstlocpath":"\\exeresult\\firstresult\\2_003.txt","firstcoveragepath":"\\coverage\\firstcoverage\\coverage2_003.ec","firsterrorlog":"FAILstr(e):\t\tMessage: An element could not be located on the page using the given search parameters.repr(e):\tNoSuchElementException()Traceback (most recent call last):  File \"\\testcase\\firstcases\\testcase2_003.py\", line 51, in <module>    element = getElememt(driver, \"new UiSelector().className(\\\"android.widget.ImageView\\\").instance(4)\")  File \"\\testcase\\firstcases\\testcase2_003.py\", line 28, in getElememt    element = driver.find_element_by_android_uiautomator(str)  File \"C:\\Python27\\lib\\site-packages\\appium\\webdriver\\webdriver.py\", line 156, in find_element_by_android_uiautomator    return self.find_element(by=By.ANDROID_UIAUTOMATOR, value=uia_string)  File \"C:\\Python27\\lib\\site-packages\\selenium\\webdriver\\remote\\webdriver.py\", line 957, in find_element    'value': value})['value']  File \"C:\\Python27\\lib\\site-packages\\selenium\\webdriver\\remote\\webdriver.py\", line 314, in execute    self.error_handler.check_response(response)  File \"C:\\Python27\\lib\\site-packages\\appium\\webdriver\\errorhandler.py\", line 29, in check_response    raise wdeNoSuchElementException: Message: An element could not be located on the page using the given search parameters."},{"firstjacocotime":34.711,"interestScenes":[{"branchids":"631-1107","changebranchids":"631-1108","interests":[{"name":"theme","value":"Paper"}]}],"tagname":"2_004","firstexecutionsuccess":false,"firsttestcasepath":"\\testcase\\firstcases\\testcase2_004.py","firstconsumedtime":22.206,"firstlocpath":"\\exeresult\\firstresult\\2_004.txt","firstcoveragepath":"\\coverage\\firstcoverage\\coverage2_004.ec","firsterrorlog":"FAILstr(e):\t\tMessage: An element could not be located on the page using the given search parameters.repr(e):\tNoSuchElementException()Traceback (most recent call last):  File \"\\testcase\\firstcases\\testcase2_004.py\", line 56, in <module>    TouchAction(driver).tap(element).perform()  File \"C:\\Python27\\lib\\site-packages\\appium\\webdriver\\common\\touch_action.py\", line 94, in perform    self._driver.execute(Command.TOUCH_ACTION, params)  File \"C:\\Python27\\lib\\site-packages\\selenium\\webdriver\\remote\\webdriver.py\", line 314, in execute    self.error_handler.check_response(response)  File \"C:\\Python27\\lib\\site-packages\\appium\\webdriver\\errorhandler.py\", line 29, in check_response    raise wdeNoSuchElementException: Message: An element could not be located on the page using the given search parameters."},{"firstjacocotime":7.257,"tagname":"2_000","firstexecutionsuccess":true,"firsttestcasepath":"\\testcase\\firstcases\\testcase2_000.py","firstconsumedtime":49.805,"firstlocpath":"\\exeresult\\firstresult\\2_000.txt","firstcoveragepath":"\\coverage\\firstcoverage\\coverage2_000.ec","firsterrorlog":null},{"firstjacocotime":44.756,"tagname":"3_028","firstexecutionsuccess":false,"firsttestcasepath":"\\testcase\\firstcases\\testcase3_028.py","firstconsumedtime":12.601,"firstlocpath":"\\exeresult\\firstresult\\3_028.txt","firstcoveragepath":"\\coverage\\firstcoverage\\coverage3_028.ec","firsterrorlog":"FAILstr(e):\t\tMessage: An element could not be located on the page using the given search parameters.repr(e):\tNoSuchElementException()Traceback (most recent call last):  File \"\\testcase\\firstcases\\testcase3_028.py\", line 48, in <module>    element = getElememt(driver, \"new UiSelector().className(\\\"android.widget.TextView\\\").instance(5)\")  File \"\\testcase\\firstcases\\testcase3_028.py\", line 28, in getElememt    element = driver.find_element_by_android_uiautomator(str)  File \"C:\\Python27\\lib\\site-packages\\appium\\webdriver\\webdriver.py\", line 156, in find_element_by_android_uiautomator    return self.find_element(by=By.ANDROID_UIAUTOMATOR, value=uia_string)  File \"C:\\Python27\\lib\\site-packages\\selenium\\webdriver\\remote\\webdriver.py\", line 957, in find_element    'value': value})['value']  File \"C:\\Python27\\lib\\site-packages\\selenium\\webdriver\\remote\\webdriver.py\", line 314, in execute    self.error_handler.check_response(response)  File \"C:\\Python27\\lib\\site-packages\\appium\\webdriver\\errorhandler.py\", line 29, in check_response    raise wdeNoSuchElementException: Message: An element could not be located on the page using the given search parameters."},{"firstjacocotime":38.178,"interestScenes":[{"branchids":"631-1107","changebranchids":"631-1108","interests":[{"name":"theme","value":"Paper"}]}],"tagname":"3_029","firstexecutionsuccess":false,"firsttestcasepath":"\\testcase\\firstcases\\testcase3_029.py","firstconsumedtime":18.76,"firstlocpath":"\\exeresult\\firstresult\\3_029.txt","firstcoveragepath":"\\coverage\\firstcoverage\\coverage3_029.ec","firsterrorlog":"FAILstr(e):\t\tMessage: An element could not be located on the page using the given search parameters.repr(e):\tNoSuchElementException()Traceback (most recent call last):  File \"\\testcase\\firstcases\\testcase3_029.py\", line 52, in <module>    element = getElememt(driver, \"new UiSelector().className(\\\"android.widget.Button\\\").instance(2)\")  File \"\\testcase\\firstcases\\testcase3_029.py\", line 28, in getElememt    element = driver.find_element_by_android_uiautomator(str)  File \"C:\\Python27\\lib\\site-packages\\appium\\webdriver\\webdriver.py\", line 156, in find_element_by_android_uiautomator    return self.find_element(by=By.ANDROID_UIAUTOMATOR, value=uia_string)  File \"C:\\Python27\\lib\\site-packages\\selenium\\webdriver\\remote\\webdriver.py\", line 957, in find_element    'value': value})['value']  File \"C:\\Python27\\lib\\site-packages\\selenium\\webdriver\\remote\\webdriver.py\", line 314, in execute    self.error_handler.check_response(response)  File \"C:\\Python27\\lib\\site-packages\\appium\\webdriver\\errorhandler.py\", line 29, in check_response    raise wdeNoSuchElementException: Message: An element could not be located on the page using the given search parameters."},{"firstjacocotime":41.637,"tagname":"3_026","firstexecutionsuccess":false,"firsttestcasepath":"\\testcase\\firstcases\\testcase3_026.py","firstconsumedtime":15.275001,"firstlocpath":"\\exeresult\\firstresult\\3_026.txt","firstcoveragepath":"\\coverage\\firstcoverage\\coverage3_026.ec","firsterrorlog":"FAILstr(e):\t\tMessage: An element could not be located on the page using the given search parameters.repr(e):\tNoSuchElementException()Traceback (most recent call last):  File \"\\testcase\\firstcases\\testcase3_026.py\", line 50, in <module>    element = getElememt(driver, \"new UiSelector().resourceId(\\\"org.moire.opensudoku:id\/directory\\\").className(\\\"android.widget.EditText\\\")\")  File \"\\testcase\\firstcases\\testcase3_026.py\", line 28, in getElememt    element = driver.find_element_by_android_uiautomator(str)  File \"C:\\Python27\\lib\\site-packages\\appium\\webdriver\\webdriver.py\", line 156, in find_element_by_android_uiautomator    return self.find_element(by=By.ANDROID_UIAUTOMATOR, value=uia_string)  File \"C:\\Python27\\lib\\site-packages\\selenium\\webdriver\\remote\\webdriver.py\", line 957, in find_element    'value': value})['value']  File \"C:\\Python27\\lib\\site-packages\\selenium\\webdriver\\remote\\webdriver.py\", line 314, in execute    self.error_handler.check_response(response)  File \"C:\\Python27\\lib\\site-packages\\appium\\webdriver\\errorhandler.py\", line 29, in check_response    raise wdeNoSuchElementException: Message: An element could not be located on the page using the given search parameters."},{"firstjacocotime":6.889,"interestScenes":[{"branchids":"631-1107","changebranchids":"631-1108","interests":[{"name":"theme","value":"Paper"}]}],"tagname":"3_027","firstexecutionsuccess":true,"firsttestcasepath":"\\testcase\\firstcases\\testcase3_027.py","firstconsumedtime":49.98,"firstlocpath":"\\exeresult\\firstresult\\3_027.txt","firstcoveragepath":"\\coverage\\firstcoverage\\coverage3_027.ec","firsterrorlog":null},{"firstjacocotime":40.432,"interestScenes":[{"branchids":"631-1107","changebranchids":"631-1108","interests":[{"name":"theme","value":"Paper"}]}],"tagname":"1_019","firstexecutionsuccess":false,"firsttestcasepath":"\\testcase\\firstcases\\testcase1_019.py","firstconsumedtime":14.983,"firstlocpath":"\\exeresult\\firstresult\\1_019.txt","firstcoveragepath":"\\coverage\\firstcoverage\\coverage1_019.ec","firsterrorlog":"FAILstr(e):\t\tMessage: An element could not be located on the page using the given search parameters.repr(e):\tNoSuchElementException()Traceback (most recent call last):  File \"\\testcase\\firstcases\\testcase1_019.py\", line 50, in <module>    element = getElememt(driver, \"new UiSelector().className(\\\"android.widget.TextView\\\").instance(5)\")  File \"\\testcase\\firstcases\\testcase1_019.py\", line 28, in getElememt    element = driver.find_element_by_android_uiautomator(str)  File \"C:\\Python27\\lib\\site-packages\\appium\\webdriver\\webdriver.py\", line 156, in find_element_by_android_uiautomator    return self.find_element(by=By.ANDROID_UIAUTOMATOR, value=uia_string)  File \"C:\\Python27\\lib\\site-packages\\selenium\\webdriver\\remote\\webdriver.py\", line 957, in find_element    'value': value})['value']  File \"C:\\Python27\\lib\\site-packages\\selenium\\webdriver\\remote\\webdriver.py\", line 314, in execute    self.error_handler.check_response(response)  File \"C:\\Python27\\lib\\site-packages\\appium\\webdriver\\errorhandler.py\", line 29, in check_response    raise wdeNoSuchElementException: Message: An element could not be located on the page using the given search parameters."},{"firstjacocotime":57.776,"tagname":"1_017","firstexecutionsuccess":true,"firsttestcasepath":"\\testcase\\firstcases\\testcase1_017.py","firstconsumedtime":59.412,"firstlocpath":"\\exeresult\\firstresult\\1_017.txt","firstcoveragepath":"\\coverage\\firstcoverage\\coverage1_017.ec","firsterrorlog":null},{"firstjacocotime":28.166,"interestScenes":[{"branchids":"631-1107","changebranchids":"631-1108","interests":[{"name":"theme","value":"Paper"}]},{"preinterests":[{"name":"theme","value":"Default"}],"branchids":"1686-2838","changebranchids":"1686-2839","interests":[{"name":"theme","value":"Custom Theme"}]},{"preinterests":[{"name":"theme","value":"Default"}],"branchids":"1689-2846","changebranchids":"1689-2845","interests":[{"name":"show_time","value":"0"}]},{"preinterests":[{"name":"show_time","value":"1"},{"name":"theme","value":"Default"}],"branchids":"843-1428","changebranchids":"843-1429","interests":[{"name":"im_popup","value":"0"}]},{"preinterests":[{"name":"show_time","value":"1"},{"name":"im_numpad","value":"1"},{"name":"im_single_number","value":"1"},{"name":"theme","value":"Default"},{"name":"im_popup","value":"1"}],"branchids":"1698-2858","changebranchids":"1698-2859","interests":[{"name":"show_time","value":"0"}]},{"preinterests":[{"name":"show_time","value":"1"},{"name":"im_numpad","value":"1"},{"name":"im_single_number","value":"1"},{"name":"theme","value":"Default"},{"name":"im_popup","value":"1"}],"branchids":"1355-2289","changebranchids":"1355-2290","interests":[{"name":"highlight_similar_cells","value":"1"}]},{"preinterests":[{"name":"highlight_similar_cells","value":"0"},{"name":"show_time","value":"1"},{"name":"im_numpad","value":"1"},{"name":"im_single_number","value":"1"},{"name":"theme","value":"Default"},{"name":"im_popup","value":"1"}],"branchids":"1370-2320","changebranchids":"1370-2319","interests":[{"name":"highlight_touched_cell","value":"0"}]},{"preinterests":[{"name":"highlight_similar_cells","value":"0"},{"name":"show_time","value":"1"},{"name":"im_numpad","value":"1"},{"name":"highlight_touched_cell","value":"1"},{"name":"im_single_number","value":"1"},{"name":"theme","value":"Default"},{"name":"im_popup","value":"1"}],"branchids":"1377-2334","changebranchids":"1377-2333","interests":[{"name":"highlight_wrong_values","value":"0"}]}],"tagname":"1_018","firstexecutionsuccess":false,"firsttestcasepath":"\\testcase\\firstcases\\testcase1_018.py","firstconsumedtime":29.239,"firstlocpath":"\\exeresult\\firstresult\\1_018.txt","firstcoveragepath":"\\coverage\\firstcoverage\\coverage1_018.ec","firsterrorlog":"FAILstr(e):\t\tMessage: An element could not be located on the page using the given search parameters.repr(e):\tNoSuchElementException()Traceback (most recent call last):  File \"\\testcase\\firstcases\\testcase1_018.py\", line 69, in <module>    element = getElememt(driver, \"new UiSelector().className(\\\"android.widget.Button\\\").instance(3)\")  File \"\\testcase\\firstcases\\testcase1_018.py\", line 28, in getElememt    element = driver.find_element_by_android_uiautomator(str)  File \"C:\\Python27\\lib\\site-packages\\appium\\webdriver\\webdriver.py\", line 156, in find_element_by_android_uiautomator    return self.find_element(by=By.ANDROID_UIAUTOMATOR, value=uia_string)  File \"C:\\Python27\\lib\\site-packages\\selenium\\webdriver\\remote\\webdriver.py\", line 957, in find_element    'value': value})['value']  File \"C:\\Python27\\lib\\site-packages\\selenium\\webdriver\\remote\\webdriver.py\", line 314, in execute    self.error_handler.check_response(response)  File \"C:\\Python27\\lib\\site-packages\\appium\\webdriver\\errorhandler.py\", line 29, in check_response    raise wdeNoSuchElementException: Message: An element could not be located on the page using the given search parameters."},{"firstjacocotime":46.094,"tagname":"1_015","firstexecutionsuccess":false,"firsttestcasepath":"\\testcase\\firstcases\\testcase1_015.py","firstconsumedtime":12.585,"firstlocpath":"\\exeresult\\firstresult\\1_015.txt","firstcoveragepath":"\\coverage\\firstcoverage\\coverage1_015.ec","firsterrorlog":"FAILstr(e):\t\tMessage: An element could not be located on the page using the given search parameters.repr(e):\tNoSuchElementException()Traceback (most recent call last):  File \"\\testcase\\firstcases\\testcase1_015.py\", line 48, in <module>    element = getElememt(driver, \"new UiSelector().className(\\\"android.widget.ImageView\\\").instance(4)\")  File \"\\testcase\\firstcases\\testcase1_015.py\", line 28, in getElememt    element = driver.find_element_by_android_uiautomator(str)  File \"C:\\Python27\\lib\\site-packages\\appium\\webdriver\\webdriver.py\", line 156, in find_element_by_android_uiautomator    return self.find_element(by=By.ANDROID_UIAUTOMATOR, value=uia_string)  File \"C:\\Python27\\lib\\site-packages\\selenium\\webdriver\\remote\\webdriver.py\", line 957, in find_element    'value': value})['value']  File \"C:\\Python27\\lib\\site-packages\\selenium\\webdriver\\remote\\webdriver.py\", line 314, in execute    self.error_handler.check_response(response)  File \"C:\\Python27\\lib\\site-packages\\appium\\webdriver\\errorhandler.py\", line 29, in check_response    raise wdeNoSuchElementException: Message: An element could not be located on the page using the given search parameters."},{"firstjacocotime":5.573,"tagname":"3_020","firstexecutionsuccess":true,"firsttestcasepath":"\\testcase\\firstcases\\testcase3_020.py","firstconsumedtime":57.091,"firstlocpath":"\\exeresult\\firstresult\\3_020.txt","firstcoveragepath":"\\coverage\\firstcoverage\\coverage3_020.ec","firsterrorlog":null},{"firstjacocotime":35.307,"tagname":"1_016","firstexecutionsuccess":false,"firsttestcasepath":"\\testcase\\firstcases\\testcase1_016.py","firstconsumedtime":21.944,"firstlocpath":"\\exeresult\\firstresult\\1_016.txt","firstcoveragepath":"\\coverage\\firstcoverage\\coverage1_016.ec","firsterrorlog":"FAILstr(e):\t\tMessage: An element could not be located on the page using the given search parameters.repr(e):\tNoSuchElementException()Traceback (most recent call last):  File \"\\testcase\\firstcases\\testcase1_016.py\", line 57, in <module>    element = getElememt(driver, \"new UiSelector().className(\\\"android.widget.TextView\\\").instance(15)\")  File \"\\testcase\\firstcases\\testcase1_016.py\", line 28, in getElememt    element = driver.find_element_by_android_uiautomator(str)  File \"C:\\Python27\\lib\\site-packages\\appium\\webdriver\\webdriver.py\", line 156, in find_element_by_android_uiautomator    return self.find_element(by=By.ANDROID_UIAUTOMATOR, value=uia_string)  File \"C:\\Python27\\lib\\site-packages\\selenium\\webdriver\\remote\\webdriver.py\", line 957, in find_element    'value': value})['value']  File \"C:\\Python27\\lib\\site-packages\\selenium\\webdriver\\remote\\webdriver.py\", line 314, in execute    self.error_handler.check_response(response)  File \"C:\\Python27\\lib\\site-packages\\appium\\webdriver\\errorhandler.py\", line 29, in check_response    raise wdeNoSuchElementException: Message: An element could not be located on the page using the given search parameters."},{"firstjacocotime":27.275,"tagname":"3_021","firstexecutionsuccess":true,"firsttestcasepath":"\\testcase\\firstcases\\testcase3_021.py","firstconsumedtime":58.661,"firstlocpath":"\\exeresult\\firstresult\\3_021.txt","firstcoveragepath":"\\coverage\\firstcoverage\\coverage3_021.ec","firsterrorlog":null},{"firstjacocotime":33.715,"tagname":"1_013","firstexecutionsuccess":false,"firsttestcasepath":"\\testcase\\firstcases\\testcase1_013.py","firstconsumedtime":23.559,"firstlocpath":"\\exeresult\\firstresult\\1_013.txt","firstcoveragepath":"\\coverage\\firstcoverage\\coverage1_013.ec","firsterrorlog":"FAILstr(e):\t\tMessage: An element could not be located on the page using the given search parameters.repr(e):\tNoSuchElementException()Traceback (most recent call last):  File \"\\testcase\\firstcases\\testcase1_013.py\", line 52, in <module>    element = getElememt(driver, \"new UiSelector().className(\\\"android.widget.TextView\\\").instance(4)\")  File \"\\testcase\\firstcases\\testcase1_013.py\", line 28, in getElememt    element = driver.find_element_by_android_uiautomator(str)  File \"C:\\Python27\\lib\\site-packages\\appium\\webdriver\\webdriver.py\", line 156, in find_element_by_android_uiautomator    return self.find_element(by=By.ANDROID_UIAUTOMATOR, value=uia_string)  File \"C:\\Python27\\lib\\site-packages\\selenium\\webdriver\\remote\\webdriver.py\", line 957, in find_element    'value': value})['value']  File \"C:\\Python27\\lib\\site-packages\\selenium\\webdriver\\remote\\webdriver.py\", line 314, in execute    self.error_handler.check_response(response)  File \"C:\\Python27\\lib\\site-packages\\appium\\webdriver\\errorhandler.py\", line 29, in check_response    raise wdeNoSuchElementException: Message: An element could not be located on the page using the given search parameters."},{"firstjacocotime":60.031,"tagname":"1_014","firstexecutionsuccess":true,"firsttestcasepath":"\\testcase\\firstcases\\testcase1_014.py","firstconsumedtime":56.665,"firstlocpath":"\\exeresult\\firstresult\\1_014.txt","firstcoveragepath":"\\coverage\\firstcoverage\\coverage1_014.ec","firsterrorlog":null},{"firstjacocotime":38.482,"interestScenes":[{"branchids":"631-1107","changebranchids":"631-1108","interests":[{"name":"theme","value":"Paper"}]}],"tagname":"1_011","firstexecutionsuccess":false,"firsttestcasepath":"\\testcase\\firstcases\\testcase1_011.py","firstconsumedtime":18.699,"firstlocpath":"\\exeresult\\firstresult\\1_011.txt","firstcoveragepath":"\\coverage\\firstcoverage\\coverage1_011.ec","firsterrorlog":"FAILstr(e):\t\tMessage: An element could not be located on the page using the given search parameters.repr(e):\tNoSuchElementException()Traceback (most recent call last):  File \"\\testcase\\firstcases\\testcase1_011.py\", line 52, in <module>    element = getElememt(driver, \"new UiSelector().className(\\\"android.widget.Button\\\")\")  File \"\\testcase\\firstcases\\testcase1_011.py\", line 28, in getElememt    element = driver.find_element_by_android_uiautomator(str)  File \"C:\\Python27\\lib\\site-packages\\appium\\webdriver\\webdriver.py\", line 156, in find_element_by_android_uiautomator    return self.find_element(by=By.ANDROID_UIAUTOMATOR, value=uia_string)  File \"C:\\Python27\\lib\\site-packages\\selenium\\webdriver\\remote\\webdriver.py\", line 957, in find_element    'value': value})['value']  File \"C:\\Python27\\lib\\site-packages\\selenium\\webdriver\\remote\\webdriver.py\", line 314, in execute    self.error_handler.check_response(response)  File \"C:\\Python27\\lib\\site-packages\\appium\\webdriver\\errorhandler.py\", line 29, in check_response    raise wdeNoSuchElementException: Message: An element could not be located on the page using the given search parameters."},{"firstjacocotime":52.949,"tagname":"3_024","firstexecutionsuccess":true,"firsttestcasepath":"\\testcase\\firstcases\\testcase3_024.py","firstconsumedtime":64.299,"firstlocpath":"\\exeresult\\firstresult\\3_024.txt","firstcoveragepath":"\\coverage\\firstcoverage\\coverage3_024.ec","firsterrorlog":null},{"firstjacocotime":14.1,"tagname":"1_012","firstexecutionsuccess":true,"firsttestcasepath":"\\testcase\\firstcases\\testcase1_012.py","firstconsumedtime":43.057,"firstlocpath":"\\exeresult\\firstresult\\1_012.txt","firstcoveragepath":"\\coverage\\firstcoverage\\coverage1_012.ec","firsterrorlog":null},{"firstjacocotime":4.108,"interestScenes":[{"branchids":"631-1107","changebranchids":"631-1108","interests":[{"name":"theme","value":"Paper"}]}],"tagname":"3_025","firstexecutionsuccess":true,"firsttestcasepath":"\\testcase\\firstcases\\testcase3_025.py","firstconsumedtime":52.805,"firstlocpath":"\\exeresult\\firstresult\\3_025.txt","firstcoveragepath":"\\coverage\\firstcoverage\\coverage3_025.ec","firsterrorlog":null},{"firstjacocotime":41.213,"tagname":"3_022","firstexecutionsuccess":false,"firsttestcasepath":"\\testcase\\firstcases\\testcase3_022.py","firstconsumedtime":15.313001,"firstlocpath":"\\exeresult\\firstresult\\3_022.txt","firstcoveragepath":"\\coverage\\firstcoverage\\coverage3_022.ec","firsterrorlog":"FAILstr(e):\t\tMessage: An element could not be located on the page using the given search parameters.repr(e):\tNoSuchElementException()Traceback (most recent call last):  File \"\\testcase\\firstcases\\testcase3_022.py\", line 50, in <module>    element = getElememt(driver, \"new UiSelector().resourceId(\\\"org.moire.opensudoku:id\/directory\\\").className(\\\"android.widget.EditText\\\")\")  File \"\\testcase\\firstcases\\testcase3_022.py\", line 28, in getElememt    element = driver.find_element_by_android_uiautomator(str)  File \"C:\\Python27\\lib\\site-packages\\appium\\webdriver\\webdriver.py\", line 156, in find_element_by_android_uiautomator    return self.find_element(by=By.ANDROID_UIAUTOMATOR, value=uia_string)  File \"C:\\Python27\\lib\\site-packages\\selenium\\webdriver\\remote\\webdriver.py\", line 957, in find_element    'value': value})['value']  File \"C:\\Python27\\lib\\site-packages\\selenium\\webdriver\\remote\\webdriver.py\", line 314, in execute    self.error_handler.check_response(response)  File \"C:\\Python27\\lib\\site-packages\\appium\\webdriver\\errorhandler.py\", line 29, in check_response    raise wdeNoSuchElementException: Message: An element could not be located on the page using the given search parameters."},{"firstjacocotime":47.456,"interestScenes":[{"branchids":"631-1107","changebranchids":"631-1108","interests":[{"name":"theme","value":"Paper"}]}],"tagname":"1_010","firstexecutionsuccess":true,"firsttestcasepath":"\\testcase\\firstcases\\testcase1_010.py","firstconsumedtime":69.524,"firstlocpath":"\\exeresult\\firstresult\\1_010.txt","firstcoveragepath":"\\coverage\\firstcoverage\\coverage1_010.ec","firsterrorlog":null},{"firstjacocotime":13.959,"tagname":"3_023","firstexecutionsuccess":true,"firsttestcasepath":"\\testcase\\firstcases\\testcase3_023.py","firstconsumedtime":42.987,"firstlocpath":"\\exeresult\\firstresult\\3_023.txt","firstcoveragepath":"\\coverage\\firstcoverage\\coverage3_023.ec","firsterrorlog":null},{"firstjacocotime":53.044,"tagname":"4_003","firstexecutionsuccess":true,"firsttestcasepath":"\\testcase\\firstcases\\testcase4_003.py","firstconsumedtime":63.534,"firstlocpath":"\\exeresult\\firstresult\\4_003.txt","firstcoveragepath":"\\coverage\\firstcoverage\\coverage4_003.ec","firsterrorlog":null},{"firstjacocotime":40.644,"tagname":"4_004","firstexecutionsuccess":false,"firsttestcasepath":"\\testcase\\firstcases\\testcase4_004.py","firstconsumedtime":16.53,"firstlocpath":"\\exeresult\\firstresult\\4_004.txt","firstcoveragepath":"\\coverage\\firstcoverage\\coverage4_004.ec","firsterrorlog":"FAILstr(e):\t\tMessage: An element could not be located on the page using the given search parameters.repr(e):\tNoSuchElementException()Traceback (most recent call last):  File \"\\testcase\\firstcases\\testcase4_004.py\", line 53, in <module>    element = getElememt(driver, \"new UiSelector().className(\\\"android.widget.TextView\\\").instance(5)\")  File \"\\testcase\\firstcases\\testcase4_004.py\", line 28, in getElememt    element = driver.find_element_by_android_uiautomator(str)  File \"C:\\Python27\\lib\\site-packages\\appium\\webdriver\\webdriver.py\", line 156, in find_element_by_android_uiautomator    return self.find_element(by=By.ANDROID_UIAUTOMATOR, value=uia_string)  File \"C:\\Python27\\lib\\site-packages\\selenium\\webdriver\\remote\\webdriver.py\", line 957, in find_element    'value': value})['value']  File \"C:\\Python27\\lib\\site-packages\\selenium\\webdriver\\remote\\webdriver.py\", line 314, in execute    self.error_handler.check_response(response)  File \"C:\\Python27\\lib\\site-packages\\appium\\webdriver\\errorhandler.py\", line 29, in check_response    raise wdeNoSuchElementException: Message: An element could not be located on the page using the given search parameters."},{"firstjacocotime":19.611,"interestScenes":[{"branchids":"631-1107","changebranchids":"631-1108","interests":[{"name":"theme","value":"Paper"}]}],"tagname":"4_005","firstexecutionsuccess":true,"firsttestcasepath":"\\testcase\\firstcases\\testcase4_005.py","firstconsumedtime":37.294,"firstlocpath":"\\exeresult\\firstresult\\4_005.txt","firstcoveragepath":"\\coverage\\firstcoverage\\coverage4_005.ec","firsterrorlog":null},{"firstjacocotime":40.992,"tagname":"4_006","firstexecutionsuccess":false,"firsttestcasepath":"\\testcase\\firstcases\\testcase4_006.py","firstconsumedtime":15.599,"firstlocpath":"\\exeresult\\firstresult\\4_006.txt","firstcoveragepath":"\\coverage\\firstcoverage\\coverage4_006.ec","firsterrorlog":"FAILstr(e):\t\tMessage: An element could not be located on the page using the given search parameters.repr(e):\tNoSuchElementException()Traceback (most recent call last):  File \"\\testcase\\firstcases\\testcase4_006.py\", line 50, in <module>    element = getElememt(driver, \"new UiSelector().className(\\\"android.widget.Button\\\").instance(1)\")  File \"\\testcase\\firstcases\\testcase4_006.py\", line 28, in getElememt    element = driver.find_element_by_android_uiautomator(str)  File \"C:\\Python27\\lib\\site-packages\\appium\\webdriver\\webdriver.py\", line 156, in find_element_by_android_uiautomator    return self.find_element(by=By.ANDROID_UIAUTOMATOR, value=uia_string)  File \"C:\\Python27\\lib\\site-packages\\selenium\\webdriver\\remote\\webdriver.py\", line 957, in find_element    'value': value})['value']  File \"C:\\Python27\\lib\\site-packages\\selenium\\webdriver\\remote\\webdriver.py\", line 314, in execute    self.error_handler.check_response(response)  File \"C:\\Python27\\lib\\site-packages\\appium\\webdriver\\errorhandler.py\", line 29, in check_response    raise wdeNoSuchElementException: Message: An element could not be located on the page using the given search parameters."},{"firstjacocotime":3.676,"tagname":"4_007","firstexecutionsuccess":true,"firsttestcasepath":"\\testcase\\firstcases\\testcase4_007.py","firstconsumedtime":52.985,"firstlocpath":"\\exeresult\\firstresult\\4_007.txt","firstcoveragepath":"\\coverage\\firstcoverage\\coverage4_007.ec","firsterrorlog":null},{"firstjacocotime":44.37,"tagname":"4_008","firstexecutionsuccess":false,"firsttestcasepath":"\\testcase\\firstcases\\testcase4_008.py","firstconsumedtime":12.901999,"firstlocpath":"\\exeresult\\firstresult\\4_008.txt","firstcoveragepath":"\\coverage\\firstcoverage\\coverage4_008.ec","firsterrorlog":"FAILstr(e):\t\tMessage: An element could not be located on the page using the given search parameters.repr(e):\tNoSuchElementException()Traceback (most recent call last):  File \"\\testcase\\firstcases\\testcase4_008.py\", line 48, in <module>    element = getElememt(driver, \"new UiSelector().className(\\\"android.widget.TextView\\\").instance(5)\")  File \"\\testcase\\firstcases\\testcase4_008.py\", line 28, in getElememt    element = driver.find_element_by_android_uiautomator(str)  File \"C:\\Python27\\lib\\site-packages\\appium\\webdriver\\webdriver.py\", line 156, in find_element_by_android_uiautomator    return self.find_element(by=By.ANDROID_UIAUTOMATOR, value=uia_string)  File \"C:\\Python27\\lib\\site-packages\\selenium\\webdriver\\remote\\webdriver.py\", line 957, in find_element    'value': value})['value']  File \"C:\\Python27\\lib\\site-packages\\selenium\\webdriver\\remote\\webdriver.py\", line 314, in execute    self.error_handler.check_response(response)  File \"C:\\Python27\\lib\\site-packages\\appium\\webdriver\\errorhandler.py\", line 29, in check_response    raise wdeNoSuchElementException: Message: An element could not be located on the page using the given search parameters."},{"firstjacocotime":28.05,"interestScenes":[{"branchids":"631-1107","changebranchids":"631-1108","interests":[{"name":"theme","value":"Paper"}]},{"preinterests":[{"name":"theme","value":"Default"}],"branchids":"1686-2838","changebranchids":"1686-2839","interests":[{"name":"theme","value":"Custom Theme"}]},{"preinterests":[{"name":"theme","value":"Default"}],"branchids":"1689-2846","changebranchids":"1689-2845","interests":[{"name":"show_time","value":"0"}]},{"preinterests":[{"name":"show_time","value":"1"},{"name":"theme","value":"Default"}],"branchids":"843-1428","changebranchids":"843-1429","interests":[{"name":"im_popup","value":"0"}]},{"preinterests":[{"name":"show_time","value":"1"},{"name":"im_single_number","value":"1"},{"name":"theme","value":"Default"},{"name":"im_popup","value":"1"}],"branchids":"843-1429","changebranchids":"843-1428","interests":[{"name":"im_numpad","value":"1"}]},{"preinterests":[{"name":"show_time","value":"1"},{"name":"im_numpad","value":"0"},{"name":"im_single_number","value":"1"},{"name":"theme","value":"Default"},{"name":"im_popup","value":"1"}],"branchids":"1698-2858","changebranchids":"1698-2859","interests":[{"name":"show_time","value":"0"}]},{"preinterests":[{"name":"show_time","value":"1"},{"name":"im_numpad","value":"0"},{"name":"im_single_number","value":"1"},{"name":"theme","value":"Default"},{"name":"im_popup","value":"1"}],"branchids":"1653-2771","changebranchids":"1653-2772","interests":[{"name":"fill_in_notes_enabled","value":"1"}]},{"preinterests":[{"name":"show_time","value":"1"},{"name":"im_numpad","value":"0"},{"name":"im_single_number","value":"1"},{"name":"fill_in_notes_enabled","value":"0"},{"name":"theme","value":"Default"},{"name":"im_popup","value":"1"}],"branchids":"1680-2828","changebranchids":"1680-2829","interests":[{"name":"fill_in_notes_enabled","value":"1"}]},{"preinterests":[{"name":"show_time","value":"1"},{"name":"im_numpad","value":"0"},{"name":"im_single_number","value":"1"},{"name":"fill_in_notes_enabled","value":"0"},{"name":"theme","value":"Default"},{"name":"im_popup","value":"1"}],"branchids":"1355-2289","changebranchids":"1355-2290","interests":[{"name":"highlight_similar_cells","value":"1"}]},{"preinterests":[{"name":"highlight_similar_cells","value":"0"},{"name":"show_time","value":"1"},{"name":"im_numpad","value":"0"},{"name":"im_single_number","value":"1"},{"name":"fill_in_notes_enabled","value":"0"},{"name":"theme","value":"Default"},{"name":"im_popup","value":"1"}],"branchids":"1370-2320","changebranchids":"1370-2319","interests":[{"name":"highlight_touched_cell","value":"0"}]},{"preinterests":[{"name":"highlight_similar_cells","value":"0"},{"name":"show_time","value":"1"},{"name":"im_numpad","value":"0"},{"name":"highlight_touched_cell","value":"1"},{"name":"im_single_number","value":"1"},{"name":"fill_in_notes_enabled","value":"0"},{"name":"theme","value":"Default"},{"name":"im_popup","value":"1"}],"branchids":"1377-2333","changebranchids":"1377-2334","interests":[{"name":"highlight_wrong_values","value":"1"}]}],"tagname":"4_009","firstexecutionsuccess":true,"firsttestcasepath":"\\testcase\\firstcases\\testcase4_009.py","firstconsumedtime":28.579,"firstlocpath":"\\exeresult\\firstresult\\4_009.txt","firstcoveragepath":"\\coverage\\firstcoverage\\coverage4_009.ec","firsterrorlog":null},{"firstjacocotime":48.192,"tagname":"4_000","firstexecutionsuccess":true,"firsttestcasepath":"\\testcase\\firstcases\\testcase4_000.py","firstconsumedtime":6.634,"firstlocpath":"\\exeresult\\firstresult\\4_000.txt","firstcoveragepath":"\\coverage\\firstcoverage\\coverage4_000.ec","firsterrorlog":null},{"firstjacocotime":29.373,"interestScenes":[{"branchids":"631-1107","changebranchids":"631-1108","interests":[{"name":"theme","value":"Paper"}]},{"preinterests":[{"name":"theme","value":"Default"}],"branchids":"724-1269","changebranchids":"724-1268","interests":[{"name":"show_hints","value":"0"}]},{"preinterests":[{"name":"show_hints","value":"1"},{"name":"theme","value":"Default"}],"branchids":"1686-2838","changebranchids":"1686-2839","interests":[{"name":"theme","value":"Custom Theme"}]},{"preinterests":[{"name":"show_hints","value":"1"},{"name":"theme","value":"Default"}],"branchids":"1689-2846","changebranchids":"1689-2845","interests":[{"name":"show_time","value":"0"}]},{"preinterests":[{"name":"show_hints","value":"1"},{"name":"show_time","value":"1"},{"name":"theme","value":"Default"}],"branchids":"843-1428","changebranchids":"843-1429","interests":[{"name":"im_popup","value":"0"}]},{"preinterests":[{"name":"show_hints","value":"1"},{"name":"show_time","value":"1"},{"name":"im_single_number","value":"1"},{"name":"theme","value":"Default"},{"name":"im_popup","value":"1"}],"branchids":"843-1429","changebranchids":"843-1428","interests":[{"name":"im_numpad","value":"1"}]},{"preinterests":[{"name":"show_hints","value":"1"},{"name":"show_time","value":"1"},{"name":"im_numpad","value":"0"},{"name":"im_single_number","value":"1"},{"name":"theme","value":"Default"},{"name":"im_popup","value":"1"}],"branchids":"1698-2858","changebranchids":"1698-2859","interests":[{"name":"show_time","value":"0"}]},{"preinterests":[{"name":"show_hints","value":"1"},{"name":"show_time","value":"1"},{"name":"im_numpad","value":"0"},{"name":"im_single_number","value":"1"},{"name":"theme","value":"Default"},{"name":"im_popup","value":"1"}],"branchids":"1653-2771","changebranchids":"1653-2772","interests":[{"name":"fill_in_notes_enabled","value":"1"}]},{"preinterests":[{"name":"show_hints","value":"1"},{"name":"show_time","value":"1"},{"name":"im_numpad","value":"0"},{"name":"im_single_number","value":"1"},{"name":"fill_in_notes_enabled","value":"0"},{"name":"theme","value":"Default"},{"name":"im_popup","value":"1"}],"branchids":"1680-2828","changebranchids":"1680-2829","interests":[{"name":"fill_in_notes_enabled","value":"1"}]},{"preinterests":[{"name":"show_hints","value":"1"},{"name":"show_time","value":"1"},{"name":"im_numpad","value":"0"},{"name":"im_single_number","value":"1"},{"name":"fill_in_notes_enabled","value":"0"},{"name":"theme","value":"Default"},{"name":"im_popup","value":"1"}],"branchids":"1355-2289","changebranchids":"1355-2290","interests":[{"name":"highlight_similar_cells","value":"1"}]},{"preinterests":[{"name":"show_hints","value":"1"},{"name":"highlight_similar_cells","value":"0"},{"name":"show_time","value":"1"},{"name":"im_numpad","value":"0"},{"name":"im_single_number","value":"1"},{"name":"fill_in_notes_enabled","value":"0"},{"name":"theme","value":"Default"},{"name":"im_popup","value":"1"}],"branchids":"1370-2320","changebranchids":"1370-2319","interests":[{"name":"highlight_touched_cell","value":"0"}]},{"preinterests":[{"name":"show_hints","value":"1"},{"name":"highlight_similar_cells","value":"0"},{"name":"show_time","value":"1"},{"name":"im_numpad","value":"0"},{"name":"highlight_touched_cell","value":"1"},{"name":"im_single_number","value":"1"},{"name":"fill_in_notes_enabled","value":"0"},{"name":"theme","value":"Default"},{"name":"im_popup","value":"1"}],"branchids":"1377-2333","changebranchids":"1377-2334","interests":[{"name":"highlight_wrong_values","value":"1"}]},{"preinterests":[{"name":"show_hints","value":"1"},{"name":"highlight_similar_cells","value":"0"},{"name":"show_time","value":"1"},{"name":"im_numpad","value":"0"},{"name":"highlight_touched_cell","value":"1"},{"name":"im_single_number","value":"1"},{"name":"highlight_wrong_values","value":"0"},{"name":"fill_in_notes_enabled","value":"0"},{"name":"theme","value":"Default"},{"name":"im_popup","value":"1"}],"branchids":"1355-2290","changebranchids":"1355-2289","interests":[{"name":"highlight_similar_cells","value":"0"}]},{"preinterests":[{"name":"show_hints","value":"1"},{"name":"highlight_similar_cells","value":"1"},{"name":"show_time","value":"1"},{"name":"im_numpad","value":"0"},{"name":"highlight_touched_cell","value":"1"},{"name":"im_single_number","value":"1"},{"name":"highlight_wrong_values","value":"0"},{"name":"fill_in_notes_enabled","value":"0"},{"name":"theme","value":"Default"},{"name":"im_popup","value":"1"}],"branchids":"1377-2334","changebranchids":"1377-2333","interests":[{"name":"highlight_wrong_values","value":"0"}]}],"tagname":"4_001","firstexecutionsuccess":false,"firsttestcasepath":"\\testcase\\firstcases\\testcase4_001.py","firstconsumedtime":21.651001,"firstlocpath":"\\exeresult\\firstresult\\4_001.txt","firstcoveragepath":"\\coverage\\firstcoverage\\coverage4_001.ec","firsterrorlog":"FAILstr(e):\t\tMessage: An element could not be located on the page using the given search parameters.repr(e):\tNoSuchElementException()Traceback (most recent call last):  File \"\\testcase\\firstcases\\testcase4_001.py\", line 55, in <module>    element = getElememt(driver, \"new UiSelector().className(\\\"android.widget.TextView\\\").instance(3)\")  File \"\\testcase\\firstcases\\testcase4_001.py\", line 28, in getElememt    element = driver.find_element_by_android_uiautomator(str)  File \"C:\\Python27\\lib\\site-packages\\appium\\webdriver\\webdriver.py\", line 156, in find_element_by_android_uiautomator    return self.find_element(by=By.ANDROID_UIAUTOMATOR, value=uia_string)  File \"C:\\Python27\\lib\\site-packages\\selenium\\webdriver\\remote\\webdriver.py\", line 957, in find_element    'value': value})['value']  File \"C:\\Python27\\lib\\site-packages\\selenium\\webdriver\\remote\\webdriver.py\", line 314, in execute    self.error_handler.check_response(response)  File \"C:\\Python27\\lib\\site-packages\\appium\\webdriver\\errorhandler.py\", line 29, in check_response    raise wdeNoSuchElementException: Message: An element could not be located on the page using the given search parameters."},{"firstjacocotime":35.085,"interestScenes":[{"branchids":"631-1107","changebranchids":"631-1108","interests":[{"name":"theme","value":"Paper"}]}],"tagname":"4_002","firstexecutionsuccess":false,"firsttestcasepath":"\\testcase\\firstcases\\testcase4_002.py","firstconsumedtime":27.213,"firstlocpath":"\\exeresult\\firstresult\\4_002.txt","firstcoveragepath":"\\coverage\\firstcoverage\\coverage4_002.ec","firsterrorlog":"FAILstr(e):\t\tMessage: An element could not be located on the page using the given search parameters.repr(e):\tNoSuchElementException()Traceback (most recent call last):  File \"\\testcase\\firstcases\\testcase4_002.py\", line 58, in <module>    element = getElememt(driver, \"new UiSelector().className(\\\"android.widget.Button\\\")\")  File \"\\testcase\\firstcases\\testcase4_002.py\", line 28, in getElememt    element = driver.find_element_by_android_uiautomator(str)  File \"C:\\Python27\\lib\\site-packages\\appium\\webdriver\\webdriver.py\", line 156, in find_element_by_android_uiautomator    return self.find_element(by=By.ANDROID_UIAUTOMATOR, value=uia_string)  File \"C:\\Python27\\lib\\site-packages\\selenium\\webdriver\\remote\\webdriver.py\", line 957, in find_element    'value': value})['value']  File \"C:\\Python27\\lib\\site-packages\\selenium\\webdriver\\remote\\webdriver.py\", line 314, in execute    self.error_handler.check_response(response)  File \"C:\\Python27\\lib\\site-packages\\appium\\webdriver\\errorhandler.py\", line 29, in check_response    raise wdeNoSuchElementException: Message: An element could not be located on the page using the given search parameters."},{"firstjacocotime":49.437,"tagname":"3_017","firstexecutionsuccess":true,"firsttestcasepath":"\\testcase\\firstcases\\testcase3_017.py","firstconsumedtime":7.0959997,"firstlocpath":"\\exeresult\\firstresult\\3_017.txt","firstcoveragepath":"\\coverage\\firstcoverage\\coverage3_017.ec","firsterrorlog":null},{"firstjacocotime":52.731,"tagname":"3_018","firstexecutionsuccess":true,"firsttestcasepath":"\\testcase\\firstcases\\testcase3_018.py","firstconsumedtime":64.191,"firstlocpath":"\\exeresult\\firstresult\\3_018.txt","firstcoveragepath":"\\coverage\\firstcoverage\\coverage3_018.ec","firsterrorlog":null},{"firstjacocotime":33.729,"tagname":"3_015","firstexecutionsuccess":false,"firsttestcasepath":"\\testcase\\firstcases\\testcase3_015.py","firstconsumedtime":23.431,"firstlocpath":"\\exeresult\\firstresult\\3_015.txt","firstcoveragepath":"\\coverage\\firstcoverage\\coverage3_015.ec","firsterrorlog":"FAILstr(e):\t\tMessage: An element could not be located on the page using the given search parameters.repr(e):\tNoSuchElementException()Traceback (most recent call last):  File \"\\testcase\\firstcases\\testcase3_015.py\", line 59, in <module>    element = getElememt(driver, \"new UiSelector().className(\\\"android.widget.Button\\\")\")  File \"\\testcase\\firstcases\\testcase3_015.py\", line 28, in getElememt    element = driver.find_element_by_android_uiautomator(str)  File \"C:\\Python27\\lib\\site-packages\\appium\\webdriver\\webdriver.py\", line 156, in find_element_by_android_uiautomator    return self.find_element(by=By.ANDROID_UIAUTOMATOR, value=uia_string)  File \"C:\\Python27\\lib\\site-packages\\selenium\\webdriver\\remote\\webdriver.py\", line 957, in find_element    'value': value})['value']  File \"C:\\Python27\\lib\\site-packages\\selenium\\webdriver\\remote\\webdriver.py\", line 314, in execute    self.error_handler.check_response(response)  File \"C:\\Python27\\lib\\site-packages\\appium\\webdriver\\errorhandler.py\", line 29, in check_response    raise wdeNoSuchElementException: Message: An element could not be located on the page using the given search parameters."},{"firstjacocotime":49.338,"interestScenes":[{"branchids":"631-1107","changebranchids":"631-1108","interests":[{"name":"theme","value":"Paper"}]}],"tagname":"3_016","firstexecutionsuccess":true,"firsttestcasepath":"\\testcase\\firstcases\\testcase3_016.py","firstconsumedtime":66.778,"firstlocpath":"\\exeresult\\firstresult\\3_016.txt","firstcoveragepath":"\\coverage\\firstcoverage\\coverage3_016.ec","firsterrorlog":null},{"firstjacocotime":41.403,"interestScenes":[{"branchids":"631-1107","changebranchids":"631-1108","interests":[{"name":"theme","value":"Paper"}]}],"tagname":"1_028","firstexecutionsuccess":true,"firsttestcasepath":"\\testcase\\firstcases\\testcase1_028.py","firstconsumedtime":15.588,"firstlocpath":"\\exeresult\\firstresult\\1_028.txt","firstcoveragepath":"\\coverage\\firstcoverage\\coverage1_028.ec","firsterrorlog":null},{"firstjacocotime":44.572998,"tagname":"3_019","firstexecutionsuccess":false,"firsttestcasepath":"\\testcase\\firstcases\\testcase3_019.py","firstconsumedtime":12.726,"firstlocpath":"\\exeresult\\firstresult\\3_019.txt","firstcoveragepath":"\\coverage\\firstcoverage\\coverage3_019.ec","firsterrorlog":"FAILstr(e):\t\tMessage: An element could not be located on the page using the given search parameters.repr(e):\tNoSuchElementException()Traceback (most recent call last):  File \"\\testcase\\firstcases\\testcase3_019.py\", line 48, in <module>    element = getElememt(driver, \"new UiSelector().className(\\\"android.widget.TextView\\\").instance(5)\")  File \"\\testcase\\firstcases\\testcase3_019.py\", line 28, in getElememt    element = driver.find_element_by_android_uiautomator(str)  File \"C:\\Python27\\lib\\site-packages\\appium\\webdriver\\webdriver.py\", line 156, in find_element_by_android_uiautomator    return self.find_element(by=By.ANDROID_UIAUTOMATOR, value=uia_string)  File \"C:\\Python27\\lib\\site-packages\\selenium\\webdriver\\remote\\webdriver.py\", line 957, in find_element    'value': value})['value']  File \"C:\\Python27\\lib\\site-packages\\selenium\\webdriver\\remote\\webdriver.py\", line 314, in execute    self.error_handler.check_response(response)  File \"C:\\Python27\\lib\\site-packages\\appium\\webdriver\\errorhandler.py\", line 29, in check_response    raise wdeNoSuchElementException: Message: An element could not be located on the page using the given search parameters."},{"firstjacocotime":34.068,"tagname":"1_029","firstexecutionsuccess":false,"firsttestcasepath":"\\testcase\\firstcases\\testcase1_029.py","firstconsumedtime":23.346,"firstlocpath":"\\exeresult\\firstresult\\1_029.txt","firstcoveragepath":"\\coverage\\firstcoverage\\coverage1_029.ec","firsterrorlog":"FAILstr(e):\t\tMessage: An element could not be located on the page using the given search parameters.repr(e):\tNoSuchElementException()Traceback (most recent call last):  File \"\\testcase\\firstcases\\testcase1_029.py\", line 54, in <module>    element = getElememt(driver, \"new UiSelector().className(\\\"android.widget.Button\\\").instance(6)\")  File \"\\testcase\\firstcases\\testcase1_029.py\", line 28, in getElememt    element = driver.find_element_by_android_uiautomator(str)  File \"C:\\Python27\\lib\\site-packages\\appium\\webdriver\\webdriver.py\", line 156, in find_element_by_android_uiautomator    return self.find_element(by=By.ANDROID_UIAUTOMATOR, value=uia_string)  File \"C:\\Python27\\lib\\site-packages\\selenium\\webdriver\\remote\\webdriver.py\", line 957, in find_element    'value': value})['value']  File \"C:\\Python27\\lib\\site-packages\\selenium\\webdriver\\remote\\webdriver.py\", line 314, in execute    self.error_handler.check_response(response)  File \"C:\\Python27\\lib\\site-packages\\appium\\webdriver\\errorhandler.py\", line 29, in check_response    raise wdeNoSuchElementException: Message: An element could not be located on the page using the given search parameters."},{"firstjacocotime":36.374,"interestScenes":[{"branchids":"631-1107","changebranchids":"631-1108","interests":[{"name":"theme","value":"Paper"}]}],"tagname":"1_026","firstexecutionsuccess":false,"firsttestcasepath":"\\testcase\\firstcases\\testcase1_026.py","firstconsumedtime":20.573,"firstlocpath":"\\exeresult\\firstresult\\1_026.txt","firstcoveragepath":"\\coverage\\firstcoverage\\coverage1_026.ec","firsterrorlog":"FAILstr(e):\t\tMessage: An element could not be located on the page using the given search parameters.repr(e):\tNoSuchElementException()Traceback (most recent call last):  File \"\\testcase\\firstcases\\testcase1_026.py\", line 54, in <module>    element = getElememt(driver, \"new UiSelector().className(\\\"android.widget.TextView\\\").instance(5)\")  File \"\\testcase\\firstcases\\testcase1_026.py\", line 28, in getElememt    element = driver.find_element_by_android_uiautomator(str)  File \"C:\\Python27\\lib\\site-packages\\appium\\webdriver\\webdriver.py\", line 156, in find_element_by_android_uiautomator    return self.find_element(by=By.ANDROID_UIAUTOMATOR, value=uia_string)  File \"C:\\Python27\\lib\\site-packages\\selenium\\webdriver\\remote\\webdriver.py\", line 957, in find_element    'value': value})['value']  File \"C:\\Python27\\lib\\site-packages\\selenium\\webdriver\\remote\\webdriver.py\", line 314, in execute    self.error_handler.check_response(response)  File \"C:\\Python27\\lib\\site-packages\\appium\\webdriver\\errorhandler.py\", line 29, in check_response    raise wdeNoSuchElementException: Message: An element could not be located on the page using the given search parameters."},{"firstjacocotime":49.952,"tagname":"1_027","firstexecutionsuccess":true,"firsttestcasepath":"\\testcase\\firstcases\\testcase1_027.py","firstconsumedtime":7.1559997,"firstlocpath":"\\exeresult\\firstresult\\1_027.txt","firstcoveragepath":"\\coverage\\firstcoverage\\coverage1_027.ec","firsterrorlog":null},{"firstjacocotime":37.623,"interestScenes":[{"branchids":"631-1107","changebranchids":"631-1108","interests":[{"name":"theme","value":"Paper"}]}],"tagname":"3_010","firstexecutionsuccess":true,"firsttestcasepath":"\\testcase\\firstcases\\testcase3_010.py","firstconsumedtime":68.666,"firstlocpath":"\\exeresult\\firstresult\\3_010.txt","firstcoveragepath":"\\coverage\\firstcoverage\\coverage3_010.ec","firsterrorlog":null},{"firstjacocotime":37.501,"interestScenes":[{"branchids":"631-1107","changebranchids":"631-1108","interests":[{"name":"theme","value":"Paper"}]}],"tagname":"1_024","firstexecutionsuccess":true,"firsttestcasepath":"\\testcase\\firstcases\\testcase1_024.py","firstconsumedtime":66.029,"firstlocpath":"\\exeresult\\firstresult\\1_024.txt","firstcoveragepath":"\\coverage\\firstcoverage\\coverage1_024.ec","firsterrorlog":null},{"firstjacocotime":4.966,"tagname":"1_025","firstexecutionsuccess":true,"firsttestcasepath":"\\testcase\\firstcases\\testcase1_025.py","firstconsumedtime":7.149,"firstlocpath":"\\exeresult\\firstresult\\1_025.txt","firstcoveragepath":"\\coverage\\firstcoverage\\coverage1_025.ec","firsterrorlog":null},{"firstjacocotime":30.055,"tagname":"1_022","firstexecutionsuccess":false,"firsttestcasepath":"\\testcase\\firstcases\\testcase1_022.py","firstconsumedtime":27.035,"firstlocpath":"\\exeresult\\firstresult\\1_022.txt","firstcoveragepath":"\\coverage\\firstcoverage\\coverage1_022.ec","firsterrorlog":"FAILstr(e):\t\tMessage: An element could not be located on the page using the given search parameters.repr(e):\tNoSuchElementException()Traceback (most recent call last):  File \"\\testcase\\firstcases\\testcase1_022.py\", line 62, in <module>    element = getElememt(driver, \"new UiSelector().className(\\\"android.widget.CheckedTextView\\\")\")  File \"\\testcase\\firstcases\\testcase1_022.py\", line 28, in getElememt    element = driver.find_element_by_android_uiautomator(str)  File \"C:\\Python27\\lib\\site-packages\\appium\\webdriver\\webdriver.py\", line 156, in find_element_by_android_uiautomator    return self.find_element(by=By.ANDROID_UIAUTOMATOR, value=uia_string)  File \"C:\\Python27\\lib\\site-packages\\selenium\\webdriver\\remote\\webdriver.py\", line 957, in find_element    'value': value})['value']  File \"C:\\Python27\\lib\\site-packages\\selenium\\webdriver\\remote\\webdriver.py\", line 314, in execute    self.error_handler.check_response(response)  File \"C:\\Python27\\lib\\site-packages\\appium\\webdriver\\errorhandler.py\", line 29, in check_response    raise wdeNoSuchElementException: Message: An element could not be located on the page using the given search parameters."},{"firstjacocotime":40.512,"interestScenes":[{"branchids":"631-1107","changebranchids":"631-1108","interests":[{"name":"theme","value":"Paper"}]},{"preinterests":[{"name":"theme","value":"Default"}],"branchids":"1686-2838","changebranchids":"1686-2839","interests":[{"name":"theme","value":"Custom Theme"}]},{"preinterests":[{"name":"theme","value":"Default"}],"branchids":"1689-2846","changebranchids":"1689-2845","interests":[{"name":"show_time","value":"0"}]},{"preinterests":[{"name":"show_time","value":"1"},{"name":"theme","value":"Default"}],"branchids":"843-1428","changebranchids":"843-1429","interests":[{"name":"im_popup","value":"0"}]},{"preinterests":[{"name":"show_time","value":"1"},{"name":"im_single_number","value":"1"},{"name":"theme","value":"Default"},{"name":"im_popup","value":"1"}],"branchids":"843-1429","changebranchids":"843-1428","interests":[{"name":"im_numpad","value":"1"}]},{"preinterests":[{"name":"show_time","value":"1"},{"name":"im_numpad","value":"0"},{"name":"im_single_number","value":"1"},{"name":"theme","value":"Default"},{"name":"im_popup","value":"1"}],"branchids":"1698-2858","changebranchids":"1698-2859","interests":[{"name":"show_time","value":"0"}]},{"preinterests":[{"name":"show_time","value":"1"},{"name":"im_numpad","value":"0"},{"name":"im_single_number","value":"1"},{"name":"theme","value":"Default"},{"name":"im_popup","value":"1"}],"branchids":"1653-2771","changebranchids":"1653-2772","interests":[{"name":"fill_in_notes_enabled","value":"1"}]},{"preinterests":[{"name":"show_time","value":"1"},{"name":"im_numpad","value":"0"},{"name":"im_single_number","value":"1"},{"name":"fill_in_notes_enabled","value":"0"},{"name":"theme","value":"Default"},{"name":"im_popup","value":"1"}],"branchids":"1680-2828","changebranchids":"1680-2829","interests":[{"name":"fill_in_notes_enabled","value":"1"}]},{"preinterests":[{"name":"show_time","value":"1"},{"name":"im_numpad","value":"0"},{"name":"im_single_number","value":"1"},{"name":"fill_in_notes_enabled","value":"0"},{"name":"theme","value":"Default"},{"name":"im_popup","value":"1"}],"branchids":"1355-2289","changebranchids":"1355-2290","interests":[{"name":"highlight_similar_cells","value":"1"}]},{"preinterests":[{"name":"highlight_similar_cells","value":"0"},{"name":"show_time","value":"1"},{"name":"im_numpad","value":"0"},{"name":"im_single_number","value":"1"},{"name":"fill_in_notes_enabled","value":"0"},{"name":"theme","value":"Default"},{"name":"im_popup","value":"1"}],"branchids":"1370-2320","changebranchids":"1370-2319","interests":[{"name":"highlight_touched_cell","value":"0"}]},{"preinterests":[{"name":"highlight_similar_cells","value":"0"},{"name":"show_time","value":"1"},{"name":"im_numpad","value":"0"},{"name":"highlight_touched_cell","value":"1"},{"name":"im_single_number","value":"1"},{"name":"fill_in_notes_enabled","value":"0"},{"name":"theme","value":"Default"},{"name":"im_popup","value":"1"}],"branchids":"1377-2334","changebranchids":"1377-2333","interests":[{"name":"highlight_wrong_values","value":"0"}]}],"tagname":"3_013","firstexecutionsuccess":false,"firsttestcasepath":"\\testcase\\firstcases\\testcase3_013.py","firstconsumedtime":16.719,"firstlocpath":"\\exeresult\\firstresult\\3_013.txt","firstcoveragepath":"\\coverage\\firstcoverage\\coverage3_013.ec","firsterrorlog":"FAILstr(e):\t\tMessage: An element could not be located on the page using the given search parameters.repr(e):\tNoSuchElementException()Traceback (most recent call last):  File \"\\testcase\\firstcases\\testcase3_013.py\", line 52, in <module>    element = getElememt(driver, \"new UiSelector().className(\\\"android.widget.Button\\\").instance(1)\")  File \"\\testcase\\firstcases\\testcase3_013.py\", line 28, in getElememt    element = driver.find_element_by_android_uiautomator(str)  File \"C:\\Python27\\lib\\site-packages\\appium\\webdriver\\webdriver.py\", line 156, in find_element_by_android_uiautomator    return self.find_element(by=By.ANDROID_UIAUTOMATOR, value=uia_string)  File \"C:\\Python27\\lib\\site-packages\\selenium\\webdriver\\remote\\webdriver.py\", line 957, in find_element    'value': value})['value']  File \"C:\\Python27\\lib\\site-packages\\selenium\\webdriver\\remote\\webdriver.py\", line 314, in execute    self.error_handler.check_response(response)  File \"C:\\Python27\\lib\\site-packages\\appium\\webdriver\\errorhandler.py\", line 29, in check_response    raise wdeNoSuchElementException: Message: An element could not be located on the page using the given search parameters."},{"firstjacocotime":37.07,"interestScenes":[{"branchids":"631-1107","changebranchids":"631-1108","interests":[{"name":"theme","value":"Paper"}]},{"preinterests":[{"name":"theme","value":"Default"}],"branchids":"1686-2838","changebranchids":"1686-2839","interests":[{"name":"theme","value":"Custom Theme"}]},{"preinterests":[{"name":"theme","value":"Default"}],"branchids":"1689-2846","changebranchids":"1689-2845","interests":[{"name":"show_time","value":"0"}]},{"preinterests":[{"name":"show_time","value":"1"},{"name":"theme","value":"Default"}],"branchids":"843-1428","changebranchids":"843-1429","interests":[{"name":"im_popup","value":"0"}]},{"preinterests":[{"name":"show_time","value":"1"},{"name":"im_single_number","value":"1"},{"name":"theme","value":"Default"},{"name":"im_popup","value":"1"}],"branchids":"843-1429","changebranchids":"843-1428","interests":[{"name":"im_numpad","value":"1"}]},{"preinterests":[{"name":"show_time","value":"1"},{"name":"im_numpad","value":"0"},{"name":"im_single_number","value":"1"},{"name":"theme","value":"Default"},{"name":"im_popup","value":"1"}],"branchids":"1698-2858","changebranchids":"1698-2859","interests":[{"name":"show_time","value":"0"}]},{"preinterests":[{"name":"show_time","value":"1"},{"name":"im_numpad","value":"0"},{"name":"im_single_number","value":"1"},{"name":"theme","value":"Default"},{"name":"im_popup","value":"1"}],"branchids":"1653-2771","changebranchids":"1653-2772","interests":[{"name":"fill_in_notes_enabled","value":"1"}]},{"preinterests":[{"name":"show_time","value":"1"},{"name":"im_numpad","value":"0"},{"name":"im_single_number","value":"1"},{"name":"fill_in_notes_enabled","value":"0"},{"name":"theme","value":"Default"},{"name":"im_popup","value":"1"}],"branchids":"1680-2828","changebranchids":"1680-2829","interests":[{"name":"fill_in_notes_enabled","value":"1"}]},{"preinterests":[{"name":"show_time","value":"1"},{"name":"im_numpad","value":"0"},{"name":"im_single_number","value":"1"},{"name":"fill_in_notes_enabled","value":"0"},{"name":"theme","value":"Default"},{"name":"im_popup","value":"1"}],"branchids":"1355-2289","changebranchids":"1355-2290","interests":[{"name":"highlight_similar_cells","value":"1"}]},{"preinterests":[{"name":"highlight_similar_cells","value":"0"},{"name":"show_time","value":"1"},{"name":"im_numpad","value":"0"},{"name":"im_single_number","value":"1"},{"name":"fill_in_notes_enabled","value":"0"},{"name":"theme","value":"Default"},{"name":"im_popup","value":"1"}],"branchids":"1370-2320","changebranchids":"1370-2319","interests":[{"name":"highlight_touched_cell","value":"0"}]},{"preinterests":[{"name":"highlight_similar_cells","value":"0"},{"name":"show_time","value":"1"},{"name":"im_numpad","value":"0"},{"name":"highlight_touched_cell","value":"1"},{"name":"im_single_number","value":"1"},{"name":"fill_in_notes_enabled","value":"0"},{"name":"theme","value":"Default"},{"name":"im_popup","value":"1"}],"branchids":"1377-2334","changebranchids":"1377-2333","interests":[{"name":"highlight_wrong_values","value":"0"}]}],"tagname":"1_023","firstexecutionsuccess":false,"firsttestcasepath":"\\testcase\\firstcases\\testcase1_023.py","firstconsumedtime":20.019,"firstlocpath":"\\exeresult\\firstresult\\1_023.txt","firstcoveragepath":"\\coverage\\firstcoverage\\coverage1_023.ec","firsterrorlog":"FAILstr(e):\t\tMessage: An element could not be located on the page using the given search parameters.repr(e):\tNoSuchElementException()Traceback (most recent call last):  File \"\\testcase\\firstcases\\testcase1_023.py\", line 54, in <module>    element = getElememt(driver, \"new UiSelector().className(\\\"android.widget.TextView\\\").instance(4)\")  File \"\\testcase\\firstcases\\testcase1_023.py\", line 28, in getElememt    element = driver.find_element_by_android_uiautomator(str)  File \"C:\\Python27\\lib\\site-packages\\appium\\webdriver\\webdriver.py\", line 156, in find_element_by_android_uiautomator    return self.find_element(by=By.ANDROID_UIAUTOMATOR, value=uia_string)  File \"C:\\Python27\\lib\\site-packages\\selenium\\webdriver\\remote\\webdriver.py\", line 957, in find_element    'value': value})['value']  File \"C:\\Python27\\lib\\site-packages\\selenium\\webdriver\\remote\\webdriver.py\", line 314, in execute    self.error_handler.check_response(response)  File \"C:\\Python27\\lib\\site-packages\\appium\\webdriver\\errorhandler.py\", line 29, in check_response    raise wdeNoSuchElementException: Message: An element could not be located on the page using the given search parameters."},{"firstjacocotime":0.5840001,"tagname":"3_014","firstexecutionsuccess":true,"firsttestcasepath":"\\testcase\\firstcases\\testcase3_014.py","firstconsumedtime":56.007,"firstlocpath":"\\exeresult\\firstresult\\3_014.txt","firstcoveragepath":"\\coverage\\firstcoverage\\coverage3_014.ec","firsterrorlog":null},{"firstjacocotime":11.004,"tagname":"1_020","firstexecutionsuccess":true,"firsttestcasepath":"\\testcase\\firstcases\\testcase1_020.py","firstconsumedtime":46.121,"firstlocpath":"\\exeresult\\firstresult\\1_020.txt","firstcoveragepath":"\\coverage\\firstcoverage\\coverage1_020.ec","firsterrorlog":null},{"firstjacocotime":38.619,"tagname":"3_011","firstexecutionsuccess":false,"firsttestcasepath":"\\testcase\\firstcases\\testcase3_011.py","firstconsumedtime":17.873001,"firstlocpath":"\\exeresult\\firstresult\\3_011.txt","firstcoveragepath":"\\coverage\\firstcoverage\\coverage3_011.ec","firsterrorlog":"FAILstr(e):\t\tMessage: An element could not be located on the page using the given search parameters.repr(e):\tNoSuchElementException()Traceback (most recent call last):  File \"\\testcase\\firstcases\\testcase3_011.py\", line 53, in <module>    element = getElememt(driver, \"new UiSelector().className(\\\"android.widget.TextView\\\").instance(3)\")  File \"\\testcase\\firstcases\\testcase3_011.py\", line 28, in getElememt    element = driver.find_element_by_android_uiautomator(str)  File \"C:\\Python27\\lib\\site-packages\\appium\\webdriver\\webdriver.py\", line 156, in find_element_by_android_uiautomator    return self.find_element(by=By.ANDROID_UIAUTOMATOR, value=uia_string)  File \"C:\\Python27\\lib\\site-packages\\selenium\\webdriver\\remote\\webdriver.py\", line 957, in find_element    'value': value})['value']  File \"C:\\Python27\\lib\\site-packages\\selenium\\webdriver\\remote\\webdriver.py\", line 314, in execute    self.error_handler.check_response(response)  File \"C:\\Python27\\lib\\site-packages\\appium\\webdriver\\errorhandler.py\", line 29, in check_response    raise wdeNoSuchElementException: Message: An element could not be located on the page using the given search parameters."},{"firstjacocotime":32.253,"tagname":"1_021","firstexecutionsuccess":false,"firsttestcasepath":"\\testcase\\firstcases\\testcase1_021.py","firstconsumedtime":25.083,"firstlocpath":"\\exeresult\\firstresult\\1_021.txt","firstcoveragepath":"\\coverage\\firstcoverage\\coverage1_021.ec","firsterrorlog":"FAILstr(e):\t\tMessage: An element could not be located on the page using the given search parameters.repr(e):\tNoSuchElementException()Traceback (most recent call last):  File \"\\testcase\\firstcases\\testcase1_021.py\", line 58, in <module>    element = getElememt(driver, \"new UiSelector().className(\\\"android.widget.Button\\\").instance(10)\")  File \"\\testcase\\firstcases\\testcase1_021.py\", line 28, in getElememt    element = driver.find_element_by_android_uiautomator(str)  File \"C:\\Python27\\lib\\site-packages\\appium\\webdriver\\webdriver.py\", line 156, in find_element_by_android_uiautomator    return self.find_element(by=By.ANDROID_UIAUTOMATOR, value=uia_string)  File \"C:\\Python27\\lib\\site-packages\\selenium\\webdriver\\remote\\webdriver.py\", line 957, in find_element    'value': value})['value']  File \"C:\\Python27\\lib\\site-packages\\selenium\\webdriver\\remote\\webdriver.py\", line 314, in execute    self.error_handler.check_response(response)  File \"C:\\Python27\\lib\\site-packages\\appium\\webdriver\\errorhandler.py\", line 29, in check_response    raise wdeNoSuchElementException: Message: An element could not be located on the page using the given search parameters."},{"firstjacocotime":12.125,"interestScenes":[{"branchids":"631-1107","changebranchids":"631-1108","interests":[{"name":"theme","value":"Paper"}]}],"tagname":"3_012","firstexecutionsuccess":true,"firsttestcasepath":"\\testcase\\firstcases\\testcase3_012.py","firstconsumedtime":44.049,"firstlocpath":"\\exeresult\\firstresult\\3_012.txt","firstcoveragepath":"\\coverage\\firstcoverage\\coverage3_012.ec","firsterrorlog":null},{"firstjacocotime":41.128,"tagname":"4_014","firstexecutionsuccess":false,"firsttestcasepath":"\\testcase\\firstcases\\testcase4_014.py","firstconsumedtime":16.148,"firstlocpath":"\\exeresult\\firstresult\\4_014.txt","firstcoveragepath":"\\coverage\\firstcoverage\\coverage4_014.ec","firsterrorlog":"FAILstr(e):\t\tMessage: An element could not be located on the page using the given search parameters.repr(e):\tNoSuchElementException()Traceback (most recent call last):  File \"\\testcase\\firstcases\\testcase4_014.py\", line 50, in <module>    element = getElememt(driver, \"new UiSelector().className(\\\"android.widget.ImageView\\\").instance(4)\")  File \"\\testcase\\firstcases\\testcase4_014.py\", line 28, in getElememt    element = driver.find_element_by_android_uiautomator(str)  File \"C:\\Python27\\lib\\site-packages\\appium\\webdriver\\webdriver.py\", line 156, in find_element_by_android_uiautomator    return self.find_element(by=By.ANDROID_UIAUTOMATOR, value=uia_string)  File \"C:\\Python27\\lib\\site-packages\\selenium\\webdriver\\remote\\webdriver.py\", line 957, in find_element    'value': value})['value']  File \"C:\\Python27\\lib\\site-packages\\selenium\\webdriver\\remote\\webdriver.py\", line 314, in execute    self.error_handler.check_response(response)  File \"C:\\Python27\\lib\\site-packages\\appium\\webdriver\\errorhandler.py\", line 29, in check_response    raise wdeNoSuchElementException: Message: An element could not be located on the page using the given search parameters."},{"firstjacocotime":15.559,"tagname":"4_015","firstexecutionsuccess":true,"firsttestcasepath":"\\testcase\\firstcases\\testcase4_015.py","firstconsumedtime":41.31,"firstlocpath":"\\exeresult\\firstresult\\4_015.txt","firstcoveragepath":"\\coverage\\firstcoverage\\coverage4_015.ec","firsterrorlog":null},{"firstjacocotime":60.384,"interestScenes":[{"branchids":"631-1107","changebranchids":"631-1108","interests":[{"name":"theme","value":"Paper"}]}],"tagname":"4_016","firstexecutionsuccess":false,"firsttestcasepath":"\\testcase\\firstcases\\testcase4_016.py","firstconsumedtime":21.051,"firstlocpath":"\\exeresult\\firstresult\\4_016.txt","firstcoveragepath":"\\coverage\\firstcoverage\\coverage4_016.ec","firsterrorlog":"FAILstr(e):\t\tMessage: An element could not be located on the page using the given search parameters.repr(e):\tNoSuchElementException()Traceback (most recent call last):  File \"\\testcase\\firstcases\\testcase4_016.py\", line 54, in <module>    element = getElememt(driver, \"new UiSelector().className(\\\"android.widget.Button\\\").instance(8)\")  File \"\\testcase\\firstcases\\testcase4_016.py\", line 28, in getElememt    element = driver.find_element_by_android_uiautomator(str)  File \"C:\\Python27\\lib\\site-packages\\appium\\webdriver\\webdriver.py\", line 156, in find_element_by_android_uiautomator    return self.find_element(by=By.ANDROID_UIAUTOMATOR, value=uia_string)  File \"C:\\Python27\\lib\\site-packages\\selenium\\webdriver\\remote\\webdriver.py\", line 957, in find_element    'value': value})['value']  File \"C:\\Python27\\lib\\site-packages\\selenium\\webdriver\\remote\\webdriver.py\", line 314, in execute    self.error_handler.check_response(response)  File \"C:\\Python27\\lib\\site-packages\\appium\\webdriver\\errorhandler.py\", line 29, in check_response    raise wdeNoSuchElementException: Message: An element could not be located on the page using the given search parameters."},{"firstjacocotime":54.221,"tagname":"4_017","firstexecutionsuccess":true,"firsttestcasepath":"\\testcase\\firstcases\\testcase4_017.py","firstconsumedtime":65.786,"firstlocpath":"\\exeresult\\firstresult\\4_017.txt","firstcoveragepath":"\\coverage\\firstcoverage\\coverage4_017.ec","firsterrorlog":null},{"firstjacocotime":44.546,"tagname":"4_018","firstexecutionsuccess":false,"firsttestcasepath":"\\testcase\\firstcases\\testcase4_018.py","firstconsumedtime":12.737,"firstlocpath":"\\exeresult\\firstresult\\4_018.txt","firstcoveragepath":"\\coverage\\firstcoverage\\coverage4_018.ec","firsterrorlog":"FAILstr(e):\t\tMessage: An element could not be located on the page using the given search parameters.repr(e):\tNoSuchElementException()Traceback (most recent call last):  File \"\\testcase\\firstcases\\testcase4_018.py\", line 48, in <module>    element = getElememt(driver, \"new UiSelector().className(\\\"android.widget.ImageButton\\\").instance(4)\")  File \"\\testcase\\firstcases\\testcase4_018.py\", line 28, in getElememt    element = driver.find_element_by_android_uiautomator(str)  File \"C:\\Python27\\lib\\site-packages\\appium\\webdriver\\webdriver.py\", line 156, in find_element_by_android_uiautomator    return self.find_element(by=By.ANDROID_UIAUTOMATOR, value=uia_string)  File \"C:\\Python27\\lib\\site-packages\\selenium\\webdriver\\remote\\webdriver.py\", line 957, in find_element    'value': value})['value']  File \"C:\\Python27\\lib\\site-packages\\selenium\\webdriver\\remote\\webdriver.py\", line 314, in execute    self.error_handler.check_response(response)  File \"C:\\Python27\\lib\\site-packages\\appium\\webdriver\\errorhandler.py\", line 29, in check_response    raise wdeNoSuchElementException: Message: An element could not be located on the page using the given search parameters."},{"firstjacocotime":53.811,"interestScenes":[{"branchids":"631-1107","changebranchids":"631-1108","interests":[{"name":"theme","value":"Paper"}]}],"tagname":"4_019","firstexecutionsuccess":true,"firsttestcasepath":"\\testcase\\firstcases\\testcase4_019.py","firstconsumedtime":63.035,"firstlocpath":"\\exeresult\\firstresult\\4_019.txt","firstcoveragepath":"\\coverage\\firstcoverage\\coverage4_019.ec","firsterrorlog":null},{"firstjacocotime":50.035,"tagname":"4_010","firstexecutionsuccess":true,"firsttestcasepath":"\\testcase\\firstcases\\testcase4_010.py","firstconsumedtime":7.259,"firstlocpath":"\\exeresult\\firstresult\\4_010.txt","firstcoveragepath":"\\coverage\\firstcoverage\\coverage4_010.ec","firsterrorlog":null},{"firstjacocotime":15.4,"tagname":"4_011","firstexecutionsuccess":false,"firsttestcasepath":"\\testcase\\firstcases\\testcase4_011.py","firstconsumedtime":16.027,"firstlocpath":"\\exeresult\\firstresult\\4_011.txt","firstcoveragepath":"\\coverage\\firstcoverage\\coverage4_011.ec","firsterrorlog":"FAILstr(e):\t\tMessage: An element could not be located on the page using the given search parameters.repr(e):\tNoSuchElementException()Traceback (most recent call last):  File \"\\testcase\\firstcases\\testcase4_011.py\", line 51, in <module>    element = getElememt(driver, \"new UiSelector().className(\\\"android.widget.Button\\\").instance(1)\")  File \"\\testcase\\firstcases\\testcase4_011.py\", line 28, in getElememt    element = driver.find_element_by_android_uiautomator(str)  File \"C:\\Python27\\lib\\site-packages\\appium\\webdriver\\webdriver.py\", line 156, in find_element_by_android_uiautomator    return self.find_element(by=By.ANDROID_UIAUTOMATOR, value=uia_string)  File \"C:\\Python27\\lib\\site-packages\\selenium\\webdriver\\remote\\webdriver.py\", line 957, in find_element    'value': value})['value']  File \"C:\\Python27\\lib\\site-packages\\selenium\\webdriver\\remote\\webdriver.py\", line 314, in execute    self.error_handler.check_response(response)  File \"C:\\Python27\\lib\\site-packages\\appium\\webdriver\\errorhandler.py\", line 29, in check_response    raise wdeNoSuchElementException: Message: An element could not be located on the page using the given search parameters."},{"firstjacocotime":43.589,"tagname":"4_012","firstexecutionsuccess":false,"firsttestcasepath":"\\testcase\\firstcases\\testcase4_012.py","firstconsumedtime":13.156,"firstlocpath":"\\exeresult\\firstresult\\4_012.txt","firstcoveragepath":"\\coverage\\firstcoverage\\coverage4_012.ec","firsterrorlog":"FAILstr(e):\t\tMessage: An element could not be located on the page using the given search parameters.repr(e):\tNoSuchElementException()Traceback (most recent call last):  File \"\\testcase\\firstcases\\testcase4_012.py\", line 48, in <module>    element = getElememt(driver, \"new UiSelector().className(\\\"android.widget.TextView\\\").instance(5)\")  File \"\\testcase\\firstcases\\testcase4_012.py\", line 28, in getElememt    element = driver.find_element_by_android_uiautomator(str)  File \"C:\\Python27\\lib\\site-packages\\appium\\webdriver\\webdriver.py\", line 156, in find_element_by_android_uiautomator    return self.find_element(by=By.ANDROID_UIAUTOMATOR, value=uia_string)  File \"C:\\Python27\\lib\\site-packages\\selenium\\webdriver\\remote\\webdriver.py\", line 957, in find_element    'value': value})['value']  File \"C:\\Python27\\lib\\site-packages\\selenium\\webdriver\\remote\\webdriver.py\", line 314, in execute    self.error_handler.check_response(response)  File \"C:\\Python27\\lib\\site-packages\\appium\\webdriver\\errorhandler.py\", line 29, in check_response    raise wdeNoSuchElementException: Message: An element could not be located on the page using the given search parameters."},{"firstjacocotime":5.953,"interestScenes":[{"branchids":"631-1107","changebranchids":"631-1108","interests":[{"name":"theme","value":"Paper"}]}],"tagname":"4_013","firstexecutionsuccess":true,"firsttestcasepath":"\\testcase\\firstcases\\testcase4_013.py","firstconsumedtime":50.889,"firstlocpath":"\\exeresult\\firstresult\\4_013.txt","firstcoveragepath":"\\coverage\\firstcoverage\\coverage4_013.ec","firsterrorlog":null},{"firstjacocotime":44.201,"tagname":"3_006","firstexecutionsuccess":false,"firsttestcasepath":"\\testcase\\firstcases\\testcase3_006.py","firstconsumedtime":12.756,"firstlocpath":"\\exeresult\\firstresult\\3_006.txt","firstcoveragepath":"\\coverage\\firstcoverage\\coverage3_006.ec","firsterrorlog":"FAILstr(e):\t\tMessage: An element could not be located on the page using the given search parameters.repr(e):\tNoSuchElementException()Traceback (most recent call last):  File \"\\testcase\\firstcases\\testcase3_006.py\", line 48, in <module>    element = getElememt(driver, \"new UiSelector().className(\\\"android.widget.TextView\\\").instance(5)\")  File \"\\testcase\\firstcases\\testcase3_006.py\", line 28, in getElememt    element = driver.find_element_by_android_uiautomator(str)  File \"C:\\Python27\\lib\\site-packages\\appium\\webdriver\\webdriver.py\", line 156, in find_element_by_android_uiautomator    return self.find_element(by=By.ANDROID_UIAUTOMATOR, value=uia_string)  File \"C:\\Python27\\lib\\site-packages\\selenium\\webdriver\\remote\\webdriver.py\", line 957, in find_element    'value': value})['value']  File \"C:\\Python27\\lib\\site-packages\\selenium\\webdriver\\remote\\webdriver.py\", line 314, in execute    self.error_handler.check_response(response)  File \"C:\\Python27\\lib\\site-packages\\appium\\webdriver\\errorhandler.py\", line 29, in check_response    raise wdeNoSuchElementException: Message: An element could not be located on the page using the given search parameters."},{"firstjacocotime":0.71200013,"interestScenes":[{"branchids":"631-1107","changebranchids":"631-1108","interests":[{"name":"theme","value":"Paper"}]}],"tagname":"3_007","firstexecutionsuccess":true,"firsttestcasepath":"\\testcase\\firstcases\\testcase3_007.py","firstconsumedtime":56.254,"firstlocpath":"\\exeresult\\firstresult\\3_007.txt","firstcoveragepath":"\\coverage\\firstcoverage\\coverage3_007.ec","firsterrorlog":null},{"firstjacocotime":29.314,"tagname":"3_004","firstexecutionsuccess":false,"firsttestcasepath":"\\testcase\\firstcases\\testcase3_004.py","firstconsumedtime":27.274,"firstlocpath":"\\exeresult\\firstresult\\3_004.txt","firstcoveragepath":"\\coverage\\firstcoverage\\coverage3_004.ec","firsterrorlog":"FAILstr(e):\t\tMessage: An element could not be located on the page using the given search parameters.repr(e):\tNoSuchElementException()Traceback (most recent call last):  File \"\\testcase\\firstcases\\testcase3_004.py\", line 62, in <module>    element = getElememt(driver, \"new UiSelector().className(\\\"android.widget.TextView\\\").instance(3)\")  File \"\\testcase\\firstcases\\testcase3_004.py\", line 28, in getElememt    element = driver.find_element_by_android_uiautomator(str)  File \"C:\\Python27\\lib\\site-packages\\appium\\webdriver\\webdriver.py\", line 156, in find_element_by_android_uiautomator    return self.find_element(by=By.ANDROID_UIAUTOMATOR, value=uia_string)  File \"C:\\Python27\\lib\\site-packages\\selenium\\webdriver\\remote\\webdriver.py\", line 957, in find_element    'value': value})['value']  File \"C:\\Python27\\lib\\site-packages\\selenium\\webdriver\\remote\\webdriver.py\", line 314, in execute    self.error_handler.check_response(response)  File \"C:\\Python27\\lib\\site-packages\\appium\\webdriver\\errorhandler.py\", line 29, in check_response    raise wdeNoSuchElementException: Message: An element could not be located on the page using the given search parameters."},{"firstjacocotime":40.05,"tagname":"3_005","firstexecutionsuccess":true,"firsttestcasepath":"\\testcase\\firstcases\\testcase3_005.py","firstconsumedtime":16.794,"firstlocpath":"\\exeresult\\firstresult\\3_005.txt","firstcoveragepath":"\\coverage\\firstcoverage\\coverage3_005.ec","firsterrorlog":null},{"firstjacocotime":41.241,"tagname":"3_008","firstexecutionsuccess":false,"firsttestcasepath":"\\testcase\\firstcases\\testcase3_008.py","firstconsumedtime":16.094,"firstlocpath":"\\exeresult\\firstresult\\3_008.txt","firstcoveragepath":"\\coverage\\firstcoverage\\coverage3_008.ec","firsterrorlog":"FAILstr(e):\t\tMessage: An element could not be located on the page using the given search parameters.repr(e):\tNoSuchElementException()Traceback (most recent call last):  File \"\\testcase\\firstcases\\testcase3_008.py\", line 50, in <module>    element = getElememt(driver, \"new UiSelector().className(\\\"android.widget.TextView\\\").instance(5)\")  File \"\\testcase\\firstcases\\testcase3_008.py\", line 28, in getElememt    element = driver.find_element_by_android_uiautomator(str)  File \"C:\\Python27\\lib\\site-packages\\appium\\webdriver\\webdriver.py\", line 156, in find_element_by_android_uiautomator    return self.find_element(by=By.ANDROID_UIAUTOMATOR, value=uia_string)  File \"C:\\Python27\\lib\\site-packages\\selenium\\webdriver\\remote\\webdriver.py\", line 957, in find_element    'value': value})['value']  File \"C:\\Python27\\lib\\site-packages\\selenium\\webdriver\\remote\\webdriver.py\", line 314, in execute    self.error_handler.check_response(response)  File \"C:\\Python27\\lib\\site-packages\\appium\\webdriver\\errorhandler.py\", line 29, in check_response    raise wdeNoSuchElementException: Message: An element could not be located on the page using the given search parameters."},{"firstjacocotime":27.42,"tagname":"3_009","firstexecutionsuccess":false,"firsttestcasepath":"\\testcase\\firstcases\\testcase3_009.py","firstconsumedtime":23.834,"firstlocpath":"\\exeresult\\firstresult\\3_009.txt","firstcoveragepath":"\\coverage\\firstcoverage\\coverage3_009.ec","firsterrorlog":"FAILstr(e):\t\tMessage: An element could not be located on the page using the given search parameters.repr(e):\tNoSuchElementException()Traceback (most recent call last):  File \"\\testcase\\firstcases\\testcase3_009.py\", line 52, in <module>    element = getElememt(driver, \"new UiSelector().className(\\\"android.widget.ImageButton\\\").instance(6)\")  File \"\\testcase\\firstcases\\testcase3_009.py\", line 28, in getElememt    element = driver.find_element_by_android_uiautomator(str)  File \"C:\\Python27\\lib\\site-packages\\appium\\webdriver\\webdriver.py\", line 156, in find_element_by_android_uiautomator    return self.find_element(by=By.ANDROID_UIAUTOMATOR, value=uia_string)  File \"C:\\Python27\\lib\\site-packages\\selenium\\webdriver\\remote\\webdriver.py\", line 957, in find_element    'value': value})['value']  File \"C:\\Python27\\lib\\site-packages\\selenium\\webdriver\\remote\\webdriver.py\", line 314, in execute    self.error_handler.check_response(response)  File \"C:\\Python27\\lib\\site-packages\\appium\\webdriver\\errorhandler.py\", line 29, in check_response    raise wdeNoSuchElementException: Message: An element could not be located on the page using the given search parameters."},{"firstjacocotime":26.354,"interestScenes":[{"branchids":"631-1107","changebranchids":"631-1108","interests":[{"name":"theme","value":"Paper"}]}],"tagname":"3_002","firstexecutionsuccess":false,"firsttestcasepath":"\\testcase\\firstcases\\testcase3_002.py","firstconsumedtime":30.443,"firstlocpath":"\\exeresult\\firstresult\\3_002.txt","firstcoveragepath":"\\coverage\\firstcoverage\\coverage3_002.ec","firsterrorlog":"FAILstr(e):\t\tMessage: An element could not be located on the page using the given search parameters.repr(e):\tNoSuchElementException()Traceback (most recent call last):  File \"\\testcase\\firstcases\\testcase3_002.py\", line 62, in <module>    element = getElememt(driver, \"new UiSelector().className(\\\"android.widget.TextView\\\").instance(5)\")  File \"\\testcase\\firstcases\\testcase3_002.py\", line 28, in getElememt    element = driver.find_element_by_android_uiautomator(str)  File \"C:\\Python27\\lib\\site-packages\\appium\\webdriver\\webdriver.py\", line 156, in find_element_by_android_uiautomator    return self.find_element(by=By.ANDROID_UIAUTOMATOR, value=uia_string)  File \"C:\\Python27\\lib\\site-packages\\selenium\\webdriver\\remote\\webdriver.py\", line 957, in find_element    'value': value})['value']  File \"C:\\Python27\\lib\\site-packages\\selenium\\webdriver\\remote\\webdriver.py\", line 314, in execute    self.error_handler.check_response(response)  File \"C:\\Python27\\lib\\site-packages\\appium\\webdriver\\errorhandler.py\", line 29, in check_response    raise wdeNoSuchElementException: Message: An element could not be located on the page using the given search parameters."},{"firstjacocotime":33.813,"tagname":"3_003","firstexecutionsuccess":false,"firsttestcasepath":"\\testcase\\firstcases\\testcase3_003.py","firstconsumedtime":23.068,"firstlocpath":"\\exeresult\\firstresult\\3_003.txt","firstcoveragepath":"\\coverage\\firstcoverage\\coverage3_003.ec","firsterrorlog":"FAILstr(e):\t\tMessage: An element could not be located on the page using the given search parameters.repr(e):\tNoSuchElementException()Traceback (most recent call last):  File \"\\testcase\\firstcases\\testcase3_003.py\", line 57, in <module>    element = getElememt(driver, \"new UiSelector().className(\\\"android.widget.TextView\\\").instance(2)\")  File \"\\testcase\\firstcases\\testcase3_003.py\", line 28, in getElememt    element = driver.find_element_by_android_uiautomator(str)  File \"C:\\Python27\\lib\\site-packages\\appium\\webdriver\\webdriver.py\", line 156, in find_element_by_android_uiautomator    return self.find_element(by=By.ANDROID_UIAUTOMATOR, value=uia_string)  File \"C:\\Python27\\lib\\site-packages\\selenium\\webdriver\\remote\\webdriver.py\", line 957, in find_element    'value': value})['value']  File \"C:\\Python27\\lib\\site-packages\\selenium\\webdriver\\remote\\webdriver.py\", line 314, in execute    self.error_handler.check_response(response)  File \"C:\\Python27\\lib\\site-packages\\appium\\webdriver\\errorhandler.py\", line 29, in check_response    raise wdeNoSuchElementException: Message: An element could not be located on the page using the given search parameters."},{"firstjacocotime":49.783,"tagname":"3_000","firstexecutionsuccess":true,"firsttestcasepath":"\\testcase\\firstcases\\testcase3_000.py","firstconsumedtime":7.144,"firstlocpath":"\\exeresult\\firstresult\\3_000.txt","firstcoveragepath":"\\coverage\\firstcoverage\\coverage3_000.ec","firsterrorlog":null},{"firstjacocotime":44.272,"tagname":"3_001","firstexecutionsuccess":true,"firsttestcasepath":"\\testcase\\firstcases\\testcase3_001.py","firstconsumedtime":12.646,"firstlocpath":"\\exeresult\\firstresult\\3_001.txt","firstcoveragepath":"\\coverage\\firstcoverage\\coverage3_001.ec","firsterrorlog":null},{"firstjacocotime":44.623,"tagname":"4_025","firstexecutionsuccess":false,"firsttestcasepath":"\\testcase\\firstcases\\testcase4_025.py","firstconsumedtime":12.629,"firstlocpath":"\\exeresult\\firstresult\\4_025.txt","firstcoveragepath":"\\coverage\\firstcoverage\\coverage4_025.ec","firsterrorlog":"FAILstr(e):\t\tMessage: An element could not be located on the page using the given search parameters.repr(e):\tNoSuchElementException()Traceback (most recent call last):  File \"\\testcase\\firstcases\\testcase4_025.py\", line 48, in <module>    element = getElememt(driver, \"new UiSelector().className(\\\"android.widget.TextView\\\").instance(5)\")  File \"\\testcase\\firstcases\\testcase4_025.py\", line 28, in getElememt    element = driver.find_element_by_android_uiautomator(str)  File \"C:\\Python27\\lib\\site-packages\\appium\\webdriver\\webdriver.py\", line 156, in find_element_by_android_uiautomator    return self.find_element(by=By.ANDROID_UIAUTOMATOR, value=uia_string)  File \"C:\\Python27\\lib\\site-packages\\selenium\\webdriver\\remote\\webdriver.py\", line 957, in find_element    'value': value})['value']  File \"C:\\Python27\\lib\\site-packages\\selenium\\webdriver\\remote\\webdriver.py\", line 314, in execute    self.error_handler.check_response(response)  File \"C:\\Python27\\lib\\site-packages\\appium\\webdriver\\errorhandler.py\", line 29, in check_response    raise wdeNoSuchElementException: Message: An element could not be located on the page using the given search parameters."},{"firstjacocotime":55.148,"interestScenes":[{"branchids":"631-1107","changebranchids":"631-1108","interests":[{"name":"theme","value":"Paper"}]}],"tagname":"4_026","firstexecutionsuccess":true,"firsttestcasepath":"\\testcase\\firstcases\\testcase4_026.py","firstconsumedtime":61.616,"firstlocpath":"\\exeresult\\firstresult\\4_026.txt","firstcoveragepath":"\\coverage\\firstcoverage\\coverage4_026.ec","firsterrorlog":null},{"firstjacocotime":50.271,"tagname":"4_027","firstexecutionsuccess":true,"firsttestcasepath":"\\testcase\\firstcases\\testcase4_027.py","firstconsumedtime":7.107,"firstlocpath":"\\exeresult\\firstresult\\4_027.txt","firstcoveragepath":"\\coverage\\firstcoverage\\coverage4_027.ec","firsterrorlog":null},{"firstjacocotime":50.88,"interestScenes":[{"branchids":"631-1107","changebranchids":"631-1108","interests":[{"name":"theme","value":"Paper"}]}],"tagname":"4_028","firstexecutionsuccess":true,"firsttestcasepath":"\\testcase\\firstcases\\testcase4_028.py","firstconsumedtime":66.093,"firstlocpath":"\\exeresult\\firstresult\\4_028.txt","firstcoveragepath":"\\coverage\\firstcoverage\\coverage4_028.ec","firsterrorlog":null},{"firstjacocotime":51.197998,"interestScenes":[{"branchids":"631-1107","changebranchids":"631-1108","interests":[{"name":"theme","value":"Paper"}]}],"tagname":"4_029","firstexecutionsuccess":false,"firsttestcasepath":"\\testcase\\firstcases\\testcase4_029.py","firstconsumedtime":66.112,"firstlocpath":"\\exeresult\\firstresult\\4_029.txt","firstcoveragepath":"\\coverage\\firstcoverage\\coverage4_029.ec","firsterrorlog":"FAILstr(e):\t\tMessage: An element could not be located on the page using the given search parameters.repr(e):\tNoSuchElementException()Traceback (most recent call last):  File \"\\testcase\\firstcases\\testcase4_029.py\", line 82, in <module>    element = getElememt(driver, \"new UiSelector().className(\\\"android.widget.Button\\\").instance(9)\")  File \"\\testcase\\firstcases\\testcase4_029.py\", line 28, in getElememt    element = driver.find_element_by_android_uiautomator(str)  File \"C:\\Python27\\lib\\site-packages\\appium\\webdriver\\webdriver.py\", line 156, in find_element_by_android_uiautomator    return self.find_element(by=By.ANDROID_UIAUTOMATOR, value=uia_string)  File \"C:\\Python27\\lib\\site-packages\\selenium\\webdriver\\remote\\webdriver.py\", line 957, in find_element    'value': value})['value']  File \"C:\\Python27\\lib\\site-packages\\selenium\\webdriver\\remote\\webdriver.py\", line 314, in execute    self.error_handler.check_response(response)  File \"C:\\Python27\\lib\\site-packages\\appium\\webdriver\\errorhandler.py\", line 29, in check_response    raise wdeNoSuchElementException: Message: An element could not be located on the page using the given search parameters."},{"firstjacocotime":31.299,"tagname":"4_020","firstexecutionsuccess":false,"firsttestcasepath":"\\testcase\\firstcases\\testcase4_020.py","firstconsumedtime":25.94,"firstlocpath":"\\exeresult\\firstresult\\4_020.txt","firstcoveragepath":"\\coverage\\firstcoverage\\coverage4_020.ec","firsterrorlog":"FAILstr(e):\t\tMessage: An element could not be located on the page using the given search parameters.repr(e):\tNoSuchElementException()Traceback (most recent call last):  File \"\\testcase\\firstcases\\testcase4_020.py\", line 56, in <module>    element = getElememt(driver, \"new UiSelector().resourceId(\\\"org.moire.opensudoku:id\/directory\\\").className(\\\"android.widget.EditText\\\")\")  File \"\\testcase\\firstcases\\testcase4_020.py\", line 28, in getElememt    element = driver.find_element_by_android_uiautomator(str)  File \"C:\\Python27\\lib\\site-packages\\appium\\webdriver\\webdriver.py\", line 156, in find_element_by_android_uiautomator    return self.find_element(by=By.ANDROID_UIAUTOMATOR, value=uia_string)  File \"C:\\Python27\\lib\\site-packages\\selenium\\webdriver\\remote\\webdriver.py\", line 957, in find_element    'value': value})['value']  File \"C:\\Python27\\lib\\site-packages\\selenium\\webdriver\\remote\\webdriver.py\", line 314, in execute    self.error_handler.check_response(response)  File \"C:\\Python27\\lib\\site-packages\\appium\\webdriver\\errorhandler.py\", line 29, in check_response    raise wdeNoSuchElementException: Message: An element could not be located on the page using the given search parameters."},{"firstjacocotime":37.172,"interestScenes":[{"branchids":"631-1107","changebranchids":"631-1108","interests":[{"name":"theme","value":"Paper"}]}],"tagname":"4_021","firstexecutionsuccess":false,"firsttestcasepath":"\\testcase\\firstcases\\testcase4_021.py","firstconsumedtime":19.326,"firstlocpath":"\\exeresult\\firstresult\\4_021.txt","firstcoveragepath":"\\coverage\\firstcoverage\\coverage4_021.ec","firsterrorlog":"FAILstr(e):\t\tMessage: An element could not be located on the page using the given search parameters.repr(e):\tNoSuchElementException()Traceback (most recent call last):  File \"\\testcase\\firstcases\\testcase4_021.py\", line 55, in <module>    element = getElememt(driver, \"new UiSelector().className(\\\"android.widget.TextView\\\").instance(5)\")  File \"\\testcase\\firstcases\\testcase4_021.py\", line 28, in getElememt    element = driver.find_element_by_android_uiautomator(str)  File \"C:\\Python27\\lib\\site-packages\\appium\\webdriver\\webdriver.py\", line 156, in find_element_by_android_uiautomator    return self.find_element(by=By.ANDROID_UIAUTOMATOR, value=uia_string)  File \"C:\\Python27\\lib\\site-packages\\selenium\\webdriver\\remote\\webdriver.py\", line 957, in find_element    'value': value})['value']  File \"C:\\Python27\\lib\\site-packages\\selenium\\webdriver\\remote\\webdriver.py\", line 314, in execute    self.error_handler.check_response(response)  File \"C:\\Python27\\lib\\site-packages\\appium\\webdriver\\errorhandler.py\", line 29, in check_response    raise wdeNoSuchElementException: Message: An element could not be located on the page using the given search parameters."},{"firstjacocotime":55.157,"interestScenes":[{"branchids":"631-1107","changebranchids":"631-1108","interests":[{"name":"theme","value":"Paper"}]}],"tagname":"4_022","firstexecutionsuccess":true,"firsttestcasepath":"\\testcase\\firstcases\\testcase4_022.py","firstconsumedtime":61.584,"firstlocpath":"\\exeresult\\firstresult\\4_022.txt","firstcoveragepath":"\\coverage\\firstcoverage\\coverage4_022.ec","firsterrorlog":null},{"firstjacocotime":47.07,"interestScenes":[{"branchids":"631-1107","changebranchids":"631-1108","interests":[{"name":"theme","value":"Paper"}]}],"tagname":"4_023","firstexecutionsuccess":false,"firsttestcasepath":"\\testcase\\firstcases\\testcase4_023.py","firstconsumedtime":70.233,"firstlocpath":"\\exeresult\\firstresult\\4_023.txt","firstcoveragepath":"\\coverage\\firstcoverage\\coverage4_023.ec","firsterrorlog":"FAILstr(e):\t\tMessage: An element could not be located on the page using the given search parameters.repr(e):\tNoSuchElementException()Traceback (most recent call last):  File \"\\testcase\\firstcases\\testcase4_023.py\", line 79, in <module>    element = getElememt(driver, \"new UiSelector().className(\\\"android.widget.Button\\\").instance(5)\")  File \"\\testcase\\firstcases\\testcase4_023.py\", line 28, in getElememt    element = driver.find_element_by_android_uiautomator(str)  File \"C:\\Python27\\lib\\site-packages\\appium\\webdriver\\webdriver.py\", line 156, in find_element_by_android_uiautomator    return self.find_element(by=By.ANDROID_UIAUTOMATOR, value=uia_string)  File \"C:\\Python27\\lib\\site-packages\\selenium\\webdriver\\remote\\webdriver.py\", line 957, in find_element    'value': value})['value']  File \"C:\\Python27\\lib\\site-packages\\selenium\\webdriver\\remote\\webdriver.py\", line 314, in execute    self.error_handler.check_response(response)  File \"C:\\Python27\\lib\\site-packages\\appium\\webdriver\\errorhandler.py\", line 29, in check_response    raise wdeNoSuchElementException: Message: An element could not be located on the page using the given search parameters."},{"firstjacocotime":16.364,"interestScenes":[{"branchids":"631-1107","changebranchids":"631-1108","interests":[{"name":"theme","value":"Paper"}]}],"tagname":"4_024","firstexecutionsuccess":true,"firsttestcasepath":"\\testcase\\firstcases\\testcase4_024.py","firstconsumedtime":40.175,"firstlocpath":"\\exeresult\\firstresult\\4_024.txt","firstcoveragepath":"\\coverage\\firstcoverage\\coverage4_024.ec","firsterrorlog":null},{"firstjacocotime":47.187,"tagname":"1_008","firstexecutionsuccess":true,"firsttestcasepath":"\\testcase\\firstcases\\testcase1_008.py","firstconsumedtime":10.234,"firstlocpath":"\\exeresult\\firstresult\\1_008.txt","firstcoveragepath":"\\coverage\\firstcoverage\\coverage1_008.ec","firsterrorlog":null},{"firstjacocotime":49.746,"tagname":"1_009","firstexecutionsuccess":true,"firsttestcasepath":"\\testcase\\firstcases\\testcase1_009.py","firstconsumedtime":7.22,"firstlocpath":"\\exeresult\\firstresult\\1_009.txt","firstcoveragepath":"\\coverage\\firstcoverage\\coverage1_009.ec","firsterrorlog":null},{"firstjacocotime":50.313,"interestScenes":[{"branchids":"631-1107","changebranchids":"631-1108","interests":[{"name":"theme","value":"Paper"}]}],"tagname":"1_006","firstexecutionsuccess":true,"firsttestcasepath":"\\testcase\\firstcases\\testcase1_006.py","firstconsumedtime":66.937,"firstlocpath":"\\exeresult\\firstresult\\1_006.txt","firstcoveragepath":"\\coverage\\firstcoverage\\coverage1_006.ec","firsterrorlog":null},{"firstjacocotime":54.548,"interestScenes":[{"branchids":"631-1107","changebranchids":"631-1108","interests":[{"name":"theme","value":"Paper"}]}],"tagname":"1_007","firstexecutionsuccess":true,"firsttestcasepath":"\\testcase\\firstcases\\testcase1_007.py","firstconsumedtime":62.819,"firstlocpath":"\\exeresult\\firstresult\\1_007.txt","firstcoveragepath":"\\coverage\\firstcoverage\\coverage1_007.ec","firsterrorlog":null},{"firstjacocotime":42.831,"tagname":"1_004","firstexecutionsuccess":false,"firsttestcasepath":"\\testcase\\firstcases\\testcase1_004.py","firstconsumedtime":14.566,"firstlocpath":"\\exeresult\\firstresult\\1_004.txt","firstcoveragepath":"\\coverage\\firstcoverage\\coverage1_004.ec","firsterrorlog":"FAILstr(e):\t\tMessage: An element could not be located on the page using the given search parameters.repr(e):\tNoSuchElementException()Traceback (most recent call last):  File \"\\testcase\\firstcases\\testcase1_004.py\", line 50, in <module>    element = getElememt(driver, \"new UiSelector().className(\\\"android.widget.Button\\\").instance(1)\")  File \"\\testcase\\firstcases\\testcase1_004.py\", line 28, in getElememt    element = driver.find_element_by_android_uiautomator(str)  File \"C:\\Python27\\lib\\site-packages\\appium\\webdriver\\webdriver.py\", line 156, in find_element_by_android_uiautomator    return self.find_element(by=By.ANDROID_UIAUTOMATOR, value=uia_string)  File \"C:\\Python27\\lib\\site-packages\\selenium\\webdriver\\remote\\webdriver.py\", line 957, in find_element    'value': value})['value']  File \"C:\\Python27\\lib\\site-packages\\selenium\\webdriver\\remote\\webdriver.py\", line 314, in execute    self.error_handler.check_response(response)  File \"C:\\Python27\\lib\\site-packages\\appium\\webdriver\\errorhandler.py\", line 29, in check_response    raise wdeNoSuchElementException: Message: An element could not be located on the page using the given search parameters."},{"firstjacocotime":7.242,"tagname":"1_005","firstexecutionsuccess":true,"firsttestcasepath":"\\testcase\\firstcases\\testcase1_005.py","firstconsumedtime":49.835,"firstlocpath":"\\exeresult\\firstresult\\1_005.txt","firstcoveragepath":"\\coverage\\firstcoverage\\coverage1_005.ec","firsterrorlog":null},{"firstjacocotime":38.987,"interestScenes":[{"branchids":"631-1107","changebranchids":"631-1108","interests":[{"name":"theme","value":"Paper"}]}],"tagname":"1_002","firstexecutionsuccess":false,"firsttestcasepath":"\\testcase\\firstcases\\testcase1_002.py","firstconsumedtime":18.208,"firstlocpath":"\\exeresult\\firstresult\\1_002.txt","firstcoveragepath":"\\coverage\\firstcoverage\\coverage1_002.ec","firsterrorlog":"FAILstr(e):\t\tMessage: An element could not be located on the page using the given search parameters.repr(e):\tNoSuchElementException()Traceback (most recent call last):  File \"\\testcase\\firstcases\\testcase1_002.py\", line 53, in <module>    element = getElememt(driver, \"new UiSelector().resourceId(\\\"org.moire.opensudoku:id\/directory\\\").className(\\\"android.widget.EditText\\\")\")  File \"\\testcase\\firstcases\\testcase1_002.py\", line 28, in getElememt    element = driver.find_element_by_android_uiautomator(str)  File \"C:\\Python27\\lib\\site-packages\\appium\\webdriver\\webdriver.py\", line 156, in find_element_by_android_uiautomator    return self.find_element(by=By.ANDROID_UIAUTOMATOR, value=uia_string)  File \"C:\\Python27\\lib\\site-packages\\selenium\\webdriver\\remote\\webdriver.py\", line 957, in find_element    'value': value})['value']  File \"C:\\Python27\\lib\\site-packages\\selenium\\webdriver\\remote\\webdriver.py\", line 314, in execute    self.error_handler.check_response(response)  File \"C:\\Python27\\lib\\site-packages\\appium\\webdriver\\errorhandler.py\", line 29, in check_response    raise wdeNoSuchElementException: Message: An element could not be located on the page using the given search parameters."},{"firstjacocotime":22.228,"interestScenes":[{"branchids":"631-1107","changebranchids":"631-1108","interests":[{"name":"theme","value":"Paper"}]}],"tagname":"1_003","firstexecutionsuccess":true,"firsttestcasepath":"\\testcase\\firstcases\\testcase1_003.py","firstconsumedtime":34.944,"firstlocpath":"\\exeresult\\firstresult\\1_003.txt","firstcoveragepath":"\\coverage\\firstcoverage\\coverage1_003.ec","firsterrorlog":null},{"firstjacocotime":56.652,"interestScenes":[{"branchids":"631-1107","changebranchids":"631-1108","interests":[{"name":"theme","value":"Paper"}]},{"preinterests":[{"name":"theme","value":"Default"}],"branchids":"1686-2838","changebranchids":"1686-2839","interests":[{"name":"theme","value":"Custom Theme"}]},{"preinterests":[{"name":"theme","value":"Default"}],"branchids":"1689-2846","changebranchids":"1689-2845","interests":[{"name":"show_time","value":"0"}]},{"preinterests":[{"name":"show_time","value":"1"},{"name":"theme","value":"Default"}],"branchids":"843-1428","changebranchids":"843-1429","interests":[{"name":"im_popup","value":"0"}]},{"preinterests":[{"name":"show_time","value":"1"},{"name":"im_numpad","value":"1"},{"name":"im_single_number","value":"1"},{"name":"theme","value":"Default"},{"name":"im_popup","value":"1"}],"branchids":"1698-2858","changebranchids":"1698-2859","interests":[{"name":"show_time","value":"0"}]},{"preinterests":[{"name":"show_time","value":"1"},{"name":"im_numpad","value":"1"},{"name":"im_single_number","value":"1"},{"name":"theme","value":"Default"},{"name":"im_popup","value":"1"}],"branchids":"1653-2771","changebranchids":"1653-2772","interests":[{"name":"fill_in_notes_enabled","value":"1"}]},{"preinterests":[{"name":"show_time","value":"1"},{"name":"im_numpad","value":"1"},{"name":"im_single_number","value":"1"},{"name":"fill_in_notes_enabled","value":"0"},{"name":"theme","value":"Default"},{"name":"im_popup","value":"1"}],"branchids":"1680-2828","changebranchids":"1680-2829","interests":[{"name":"fill_in_notes_enabled","value":"1"}]},{"preinterests":[{"name":"show_time","value":"1"},{"name":"im_numpad","value":"1"},{"name":"im_single_number","value":"1"},{"name":"fill_in_notes_enabled","value":"0"},{"name":"theme","value":"Default"},{"name":"im_popup","value":"1"}],"branchids":"1355-2290","changebranchids":"1355-2289","interests":[{"name":"highlight_similar_cells","value":"0"}]},{"preinterests":[{"name":"highlight_similar_cells","value":"1"},{"name":"show_time","value":"1"},{"name":"im_numpad","value":"1"},{"name":"im_single_number","value":"1"},{"name":"fill_in_notes_enabled","value":"0"},{"name":"theme","value":"Default"},{"name":"im_popup","value":"1"}],"branchids":"1370-2320","changebranchids":"1370-2319","interests":[{"name":"highlight_touched_cell","value":"0"}]},{"preinterests":[{"name":"highlight_similar_cells","value":"1"},{"name":"show_time","value":"1"},{"name":"im_numpad","value":"1"},{"name":"highlight_touched_cell","value":"1"},{"name":"im_single_number","value":"1"},{"name":"fill_in_notes_enabled","value":"0"},{"name":"theme","value":"Default"},{"name":"im_popup","value":"1"}],"branchids":"1377-2334","changebranchids":"1377-2333","interests":[{"name":"highlight_wrong_values","value":"0"}]}],"tagname":"1_000","firstexecutionsuccess":false,"firsttestcasepath":"\\testcase\\firstcases\\testcase1_000.py","firstconsumedtime":19.707,"firstlocpath":"\\exeresult\\firstresult\\1_000.txt","firstcoveragepath":"\\coverage\\firstcoverage\\coverage1_000.ec","firsterrorlog":"FAILstr(e):\t\tMessage: An element could not be located on the page using the given search parameters.repr(e):\tNoSuchElementException()Traceback (most recent call last):  File \"\\testcase\\firstcases\\testcase1_000.py\", line 54, in <module>    element = getElememt(driver, \"new UiSelector().className(\\\"android.widget.TextView\\\").instance(1)\")  File \"\\testcase\\firstcases\\testcase1_000.py\", line 28, in getElememt    element = driver.find_element_by_android_uiautomator(str)  File \"C:\\Python27\\lib\\site-packages\\appium\\webdriver\\webdriver.py\", line 156, in find_element_by_android_uiautomator    return self.find_element(by=By.ANDROID_UIAUTOMATOR, value=uia_string)  File \"C:\\Python27\\lib\\site-packages\\selenium\\webdriver\\remote\\webdriver.py\", line 957, in find_element    'value': value})['value']  File \"C:\\Python27\\lib\\site-packages\\selenium\\webdriver\\remote\\webdriver.py\", line 314, in execute    self.error_handler.check_response(response)  File \"C:\\Python27\\lib\\site-packages\\appium\\webdriver\\errorhandler.py\", line 29, in check_response    raise wdeNoSuchElementException: Message: An element could not be located on the page using the given search parameters."},{"firstjacocotime":39.959,"interestScenes":[{"branchids":"631-1107","changebranchids":"631-1108","interests":[{"name":"theme","value":"Paper"}]},{"preinterests":[{"name":"theme","value":"Default"}],"branchids":"1686-2838","changebranchids":"1686-2839","interests":[{"name":"theme","value":"Custom Theme"}]},{"preinterests":[{"name":"theme","value":"Default"}],"branchids":"1689-2846","changebranchids":"1689-2845","interests":[{"name":"show_time","value":"0"}]},{"preinterests":[{"name":"show_time","value":"1"},{"name":"theme","value":"Default"}],"branchids":"843-1428","changebranchids":"843-1429","interests":[{"name":"im_popup","value":"0"}]},{"preinterests":[{"name":"show_time","value":"1"},{"name":"im_numpad","value":"1"},{"name":"im_single_number","value":"1"},{"name":"theme","value":"Default"},{"name":"im_popup","value":"1"}],"branchids":"1698-2858","changebranchids":"1698-2859","interests":[{"name":"show_time","value":"0"}]},{"preinterests":[{"name":"show_time","value":"1"},{"name":"im_numpad","value":"1"},{"name":"im_single_number","value":"1"},{"name":"theme","value":"Default"},{"name":"im_popup","value":"1"}],"branchids":"1653-2771","changebranchids":"1653-2772","interests":[{"name":"fill_in_notes_enabled","value":"1"}]},{"preinterests":[{"name":"show_time","value":"1"},{"name":"im_numpad","value":"1"},{"name":"im_single_number","value":"1"},{"name":"fill_in_notes_enabled","value":"0"},{"name":"theme","value":"Default"},{"name":"im_popup","value":"1"}],"branchids":"1680-2828","changebranchids":"1680-2829","interests":[{"name":"fill_in_notes_enabled","value":"1"}]},{"preinterests":[{"name":"show_time","value":"1"},{"name":"im_numpad","value":"1"},{"name":"im_single_number","value":"1"},{"name":"fill_in_notes_enabled","value":"0"},{"name":"theme","value":"Default"},{"name":"im_popup","value":"1"}],"branchids":"1355-2290","changebranchids":"1355-2289","interests":[{"name":"highlight_similar_cells","value":"0"}]},{"preinterests":[{"name":"highlight_similar_cells","value":"1"},{"name":"show_time","value":"1"},{"name":"im_numpad","value":"1"},{"name":"im_single_number","value":"1"},{"name":"fill_in_notes_enabled","value":"0"},{"name":"theme","value":"Default"},{"name":"im_popup","value":"1"}],"branchids":"1370-2320","changebranchids":"1370-2319","interests":[{"name":"highlight_touched_cell","value":"0"}]},{"preinterests":[{"name":"highlight_similar_cells","value":"1"},{"name":"show_time","value":"1"},{"name":"im_numpad","value":"1"},{"name":"highlight_touched_cell","value":"1"},{"name":"im_single_number","value":"1"},{"name":"fill_in_notes_enabled","value":"0"},{"name":"theme","value":"Default"},{"name":"im_popup","value":"1"}],"branchids":"1377-2334","changebranchids":"1377-2333","interests":[{"name":"highlight_wrong_values","value":"0"}]}],"tagname":"1_001","firstexecutionsuccess":false,"firsttestcasepath":"\\testcase\\firstcases\\testcase1_001.py","firstconsumedtime":17.313,"firstlocpath":"\\exeresult\\firstresult\\1_001.txt","firstcoveragepath":"\\coverage\\firstcoverage\\coverage1_001.ec","firsterrorlog":"FAILstr(e):\t\tMessage: An element could not be located on the page using the given search parameters.repr(e):\tNoSuchElementException()Traceback (most recent call last):  File \"\\testcase\\firstcases\\testcase1_001.py\", line 52, in <module>    element = getElememt(driver, \"new UiSelector().className(\\\"android.widget.Button\\\").instance(1)\")  File \"\\testcase\\firstcases\\testcase1_001.py\", line 28, in getElememt    element = driver.find_element_by_android_uiautomator(str)  File \"C:\\Python27\\lib\\site-packages\\appium\\webdriver\\webdriver.py\", line 156, in find_element_by_android_uiautomator    return self.find_element(by=By.ANDROID_UIAUTOMATOR, value=uia_string)  File \"C:\\Python27\\lib\\site-packages\\selenium\\webdriver\\remote\\webdriver.py\", line 957, in find_element    'value': value})['value']  File \"C:\\Python27\\lib\\site-packages\\selenium\\webdriver\\remote\\webdriver.py\", line 314, in execute    self.error_handler.check_response(response)  File \"C:\\Python27\\lib\\site-packages\\appium\\webdriver\\errorhandler.py\", line 29, in check_response    raise wdeNoSuchElementException: Message: An element could not be located on the page using the given search parameters."}],"interestmap":[{"generaltype":"preference","isadapted":false,"preferencesteps":["First launch hints"],"innertype":"checkbox","catalog":"Game","name":"show_hints","index":12,"activityname":"org.moire.opensudoku.gui.GameSettingsActivity","type":"boolean"},{"generaltype":"preference","isadapted":false,"preferencesteps":["Highlight similar cells"],"innertype":"checkbox","catalog":"Game Helpers","name":"highlight_similar_cells","index":2,"activityname":"org.moire.opensudoku.gui.GameSettingsActivity","type":"boolean"},{"generaltype":"preference","isadapted":false,"preferencesteps":["Show time"],"innertype":"checkbox","catalog":"Game","name":"show_time","index":11,"activityname":"org.moire.opensudoku.gui.GameSettingsActivity","type":"boolean"},{"generaltype":"preference","isadapted":false,"preferencesteps":["Numpad"],"innertype":"checkbox","catalog":"Input Modes","name":"im_numpad","index":8,"activityname":"org.moire.opensudoku.gui.GameSettingsActivity","type":"boolean"},{"generaltype":"preference","isadapted":false,"preferencesteps":["More settings","Highlight cell on touch"],"innertype":"checkbox","name":"highlight_touched_cell","index":27,"activityname":"org.moire.opensudoku.gui.GameSettingsActivity","type":"boolean"},{"generaltype":"preference","isadapted":false,"preferencesteps":["Single number"],"innertype":"checkbox","catalog":"Input Modes","name":"im_single_number","index":7,"activityname":"org.moire.opensudoku.gui.GameSettingsActivity","type":"boolean"},{"generaltype":"preference","isadapted":false,"preferencesteps":["Highlight wrong values"],"innertype":"checkbox","catalog":"Game Helpers","name":"highlight_wrong_values","index":0,"activityname":"org.moire.opensudoku.gui.GameSettingsActivity","type":"boolean"},{"generaltype":"preference","isadapted":false,"preferencesteps":["Fill in notes"],"innertype":"checkbox","catalog":"Game Helpers","name":"fill_in_notes_enabled","index":5,"activityname":"org.moire.opensudoku.gui.GameSettingsActivity","type":"boolean"},{"generaltype":"preference","isadapted":false,"preferencesteps":["Theme"],"innertype":"list","catalog":"Game","name":"theme","index":13,"activityname":"org.moire.opensudoku.gui.GameSettingsActivity","type":"string"},{"generaltype":"preference","isadapted":false,"preferencesteps":["Popup"],"innertype":"checkbox","catalog":"Input Modes","name":"im_popup","index":6,"activityname":"org.moire.opensudoku.gui.GameSettingsActivity","type":"boolean"}]}